[2024-06-18T20:12:22.892+0545] {local_task_job_runner.py:120} INFO - ::group::Pre task execution logs
[2024-06-18T20:12:22.923+0545] {taskinstance.py:2076} INFO - Dependencies all met for dep_context=non-requeueable deps ti=<TaskInstance: Backup_Database.backup_task scheduled__2024-06-18T14:10:00+00:00 [queued]>
[2024-06-18T20:12:22.932+0545] {taskinstance.py:2076} INFO - Dependencies all met for dep_context=requeueable deps ti=<TaskInstance: Backup_Database.backup_task scheduled__2024-06-18T14:10:00+00:00 [queued]>
[2024-06-18T20:12:22.933+0545] {taskinstance.py:2306} INFO - Starting attempt 1 of 2
[2024-06-18T20:12:22.993+0545] {taskinstance.py:2330} INFO - Executing <Task(BashOperator): backup_task> on 2024-06-18 14:10:00+00:00
[2024-06-18T20:12:22.996+0545] {standard_task_runner.py:63} INFO - Started process 5055 to run task
[2024-06-18T20:12:22.998+0545] {standard_task_runner.py:90} INFO - Running: ['airflow', 'tasks', 'run', 'Backup_Database', 'backup_task', 'scheduled__2024-06-18T14:10:00+00:00', '--job-id', '151', '--raw', '--subdir', 'DAGS_FOLDER/basic_dag.py', '--cfg-path', '/tmp/tmpolc8n_ht']
[2024-06-18T20:12:23.000+0545] {standard_task_runner.py:91} INFO - Job 151: Subtask backup_task
[2024-06-18T20:12:23.171+0545] {task_command.py:426} INFO - Running <TaskInstance: Backup_Database.backup_task scheduled__2024-06-18T14:10:00+00:00 [running]> on host manisha-Inspiron-3580
[2024-06-18T20:12:23.428+0545] {taskinstance.py:2648} INFO - Exporting env vars: AIRFLOW_CTX_DAG_OWNER='manisha' AIRFLOW_CTX_DAG_ID='Backup_Database' AIRFLOW_CTX_TASK_ID='backup_task' AIRFLOW_CTX_EXECUTION_DATE='2024-06-18T14:10:00+00:00' AIRFLOW_CTX_TRY_NUMBER='1' AIRFLOW_CTX_DAG_RUN_ID='scheduled__2024-06-18T14:10:00+00:00'
[2024-06-18T20:12:23.428+0545] {taskinstance.py:430} INFO - ::endgroup::
[2024-06-18T20:12:23.479+0545] {subprocess.py:63} INFO - Tmp dir root location: /tmp
[2024-06-18T20:12:23.481+0545] {subprocess.py:75} INFO - Running command: ['/usr/bin/bash', '-c', '/home/manisha/airflow/bashScripts/backup.sh ']
[2024-06-18T20:12:23.493+0545] {subprocess.py:86} INFO - Output:
[2024-06-18T20:12:23.628+0545] {subprocess.py:93} INFO - mysql: [Warning] Using a password on the command line interface can be insecure.
[2024-06-18T20:12:25.873+0545] {subprocess.py:93} INFO - mysqldump: [Warning] Using a password on the command line interface can be insecure.
[2024-06-18T20:12:25.898+0545] {subprocess.py:93} INFO - mysqldump: Error: 'Access denied; you need (at least one of) the PROCESS privilege(s) for this operation' when trying to dump tablespaces
[2024-06-18T20:12:26.302+0545] {subprocess.py:93} INFO - Backup completed in 1 seconds
[2024-06-18T20:12:26.303+0545] {subprocess.py:93} INFO - Backup is Successfully done in location: /home/manisha/airflow/backup|Required Space: 0GB, Available Space: 428.24GB
[2024-06-18T20:12:26.303+0545] {subprocess.py:97} INFO - Command exited with return code 0
[2024-06-18T20:12:26.304+0545] {taskinstance.py:441} INFO - ::group::Post task execution logs
[2024-06-18T20:12:26.467+0545] {taskinstance.py:1206} INFO - Marking task as SUCCESS. dag_id=Backup_Database, task_id=backup_task, run_id=scheduled__2024-06-18T14:10:00+00:00, execution_date=20240618T141000, start_date=20240618T142722, end_date=20240618T142726
[2024-06-18T20:12:26.664+0545] {local_task_job_runner.py:240} INFO - Task exited with return code 0
[2024-06-18T20:12:26.725+0545] {taskinstance.py:3503} INFO - 1 downstream tasks scheduled from follow-on schedule check
[2024-06-18T20:12:26.899+0545] {local_task_job_runner.py:222} INFO - ::endgroup::
