[2024-06-19T08:25:58.274+0545] {processor.py:161} INFO - Started process (PID=3602) to work on /home/manisha/airflow/dags/basic_dag.py
[2024-06-19T08:25:58.275+0545] {processor.py:830} INFO - Processing file /home/manisha/airflow/dags/basic_dag.py for tasks to queue
[2024-06-19T08:25:58.277+0545] {logging_mixin.py:188} INFO - [2024-06-19T08:25:58.277+0545] {dagbag.py:545} INFO - Filling up the DagBag from /home/manisha/airflow/dags/basic_dag.py
[2024-06-19T08:25:58.294+0545] {processor.py:840} INFO - DAG(s) 'Backup_Database' retrieved from /home/manisha/airflow/dags/basic_dag.py
[2024-06-19T08:25:58.315+0545] {logging_mixin.py:188} INFO - [2024-06-19T08:25:58.314+0545] {dag.py:3096} INFO - Sync 1 DAGs
[2024-06-19T08:25:58.337+0545] {logging_mixin.py:188} INFO - [2024-06-19T08:25:58.336+0545] {dag.py:3954} INFO - Setting next_dagrun for Backup_Database to 2024-06-19 02:40:00+00:00, run_after=2024-06-19 02:50:00+00:00
[2024-06-19T08:25:58.417+0545] {processor.py:183} INFO - Processing /home/manisha/airflow/dags/basic_dag.py took 0.152 seconds
[2024-06-19T08:26:28.717+0545] {processor.py:161} INFO - Started process (PID=4181) to work on /home/manisha/airflow/dags/basic_dag.py
[2024-06-19T08:26:28.820+0545] {processor.py:830} INFO - Processing file /home/manisha/airflow/dags/basic_dag.py for tasks to queue
[2024-06-19T08:26:28.824+0545] {logging_mixin.py:188} INFO - [2024-06-19T08:26:28.823+0545] {dagbag.py:545} INFO - Filling up the DagBag from /home/manisha/airflow/dags/basic_dag.py
[2024-06-19T08:26:28.857+0545] {processor.py:840} INFO - DAG(s) 'Backup_Database' retrieved from /home/manisha/airflow/dags/basic_dag.py
[2024-06-19T08:26:28.954+0545] {logging_mixin.py:188} INFO - [2024-06-19T08:26:28.954+0545] {dag.py:3096} INFO - Sync 1 DAGs
[2024-06-19T08:26:28.977+0545] {logging_mixin.py:188} INFO - [2024-06-19T08:26:28.976+0545] {dag.py:3954} INFO - Setting next_dagrun for Backup_Database to 2024-06-19 02:40:00+00:00, run_after=2024-06-19 02:50:00+00:00
[2024-06-19T08:26:29.082+0545] {processor.py:183} INFO - Processing /home/manisha/airflow/dags/basic_dag.py took 0.375 seconds
[2024-06-19T08:26:59.347+0545] {processor.py:161} INFO - Started process (PID=4322) to work on /home/manisha/airflow/dags/basic_dag.py
[2024-06-19T08:26:59.347+0545] {processor.py:830} INFO - Processing file /home/manisha/airflow/dags/basic_dag.py for tasks to queue
[2024-06-19T08:26:59.349+0545] {logging_mixin.py:188} INFO - [2024-06-19T08:26:59.349+0545] {dagbag.py:545} INFO - Filling up the DagBag from /home/manisha/airflow/dags/basic_dag.py
[2024-06-19T08:26:59.366+0545] {processor.py:840} INFO - DAG(s) 'Backup_Database' retrieved from /home/manisha/airflow/dags/basic_dag.py
[2024-06-19T08:26:59.397+0545] {logging_mixin.py:188} INFO - [2024-06-19T08:26:59.397+0545] {dag.py:3096} INFO - Sync 1 DAGs
[2024-06-19T08:26:59.418+0545] {logging_mixin.py:188} INFO - [2024-06-19T08:26:59.418+0545] {dag.py:3954} INFO - Setting next_dagrun for Backup_Database to 2024-06-19 02:40:00+00:00, run_after=2024-06-19 02:50:00+00:00
[2024-06-19T08:26:59.804+0545] {processor.py:183} INFO - Processing /home/manisha/airflow/dags/basic_dag.py took 0.464 seconds
[2024-06-19T08:27:30.060+0545] {processor.py:161} INFO - Started process (PID=5261) to work on /home/manisha/airflow/dags/basic_dag.py
[2024-06-19T08:27:30.141+0545] {processor.py:830} INFO - Processing file /home/manisha/airflow/dags/basic_dag.py for tasks to queue
[2024-06-19T08:27:30.147+0545] {logging_mixin.py:188} INFO - [2024-06-19T08:27:30.146+0545] {dagbag.py:545} INFO - Filling up the DagBag from /home/manisha/airflow/dags/basic_dag.py
[2024-06-19T08:27:30.184+0545] {processor.py:840} INFO - DAG(s) 'Backup_Database' retrieved from /home/manisha/airflow/dags/basic_dag.py
[2024-06-19T08:27:30.213+0545] {logging_mixin.py:188} INFO - [2024-06-19T08:27:30.213+0545] {dag.py:3096} INFO - Sync 1 DAGs
[2024-06-19T08:27:30.237+0545] {logging_mixin.py:188} INFO - [2024-06-19T08:27:30.237+0545] {dag.py:3954} INFO - Setting next_dagrun for Backup_Database to 2024-06-19 02:40:00+00:00, run_after=2024-06-19 02:50:00+00:00
[2024-06-19T08:27:30.711+0545] {processor.py:183} INFO - Processing /home/manisha/airflow/dags/basic_dag.py took 0.656 seconds
[2024-06-19T08:28:00.850+0545] {processor.py:161} INFO - Started process (PID=6224) to work on /home/manisha/airflow/dags/basic_dag.py
[2024-06-19T08:28:00.851+0545] {processor.py:830} INFO - Processing file /home/manisha/airflow/dags/basic_dag.py for tasks to queue
[2024-06-19T08:28:00.854+0545] {logging_mixin.py:188} INFO - [2024-06-19T08:28:00.853+0545] {dagbag.py:545} INFO - Filling up the DagBag from /home/manisha/airflow/dags/basic_dag.py
[2024-06-19T08:28:00.872+0545] {processor.py:840} INFO - DAG(s) 'Backup_Database' retrieved from /home/manisha/airflow/dags/basic_dag.py
[2024-06-19T08:28:00.975+0545] {logging_mixin.py:188} INFO - [2024-06-19T08:28:00.975+0545] {dag.py:3096} INFO - Sync 1 DAGs
[2024-06-19T08:28:00.984+0545] {logging_mixin.py:188} INFO - [2024-06-19T08:28:00.984+0545] {dag.py:3118} INFO - Creating ORM DAG for Backup_Database
[2024-06-19T08:28:00.994+0545] {logging_mixin.py:188} INFO - [2024-06-19T08:28:00.994+0545] {dag.py:3954} INFO - Setting next_dagrun for Backup_Database to 2024-06-19 02:30:00+00:00, run_after=2024-06-19 02:40:00+00:00
[2024-06-19T08:28:01.095+0545] {processor.py:183} INFO - Processing /home/manisha/airflow/dags/basic_dag.py took 0.263 seconds
[2024-06-19T08:28:31.229+0545] {processor.py:161} INFO - Started process (PID=6557) to work on /home/manisha/airflow/dags/basic_dag.py
[2024-06-19T08:28:31.236+0545] {processor.py:830} INFO - Processing file /home/manisha/airflow/dags/basic_dag.py for tasks to queue
[2024-06-19T08:28:31.238+0545] {logging_mixin.py:188} INFO - [2024-06-19T08:28:31.238+0545] {dagbag.py:545} INFO - Filling up the DagBag from /home/manisha/airflow/dags/basic_dag.py
[2024-06-19T08:28:31.259+0545] {processor.py:840} INFO - DAG(s) 'Backup_Database' retrieved from /home/manisha/airflow/dags/basic_dag.py
[2024-06-19T08:28:31.298+0545] {logging_mixin.py:188} INFO - [2024-06-19T08:28:31.298+0545] {dag.py:3096} INFO - Sync 1 DAGs
[2024-06-19T08:28:31.330+0545] {logging_mixin.py:188} INFO - [2024-06-19T08:28:31.330+0545] {dag.py:3954} INFO - Setting next_dagrun for Backup_Database to 2024-06-19 02:30:00+00:00, run_after=2024-06-19 02:40:00+00:00
[2024-06-19T08:28:31.447+0545] {processor.py:183} INFO - Processing /home/manisha/airflow/dags/basic_dag.py took 0.236 seconds
[2024-06-19T08:29:01.601+0545] {processor.py:161} INFO - Started process (PID=7593) to work on /home/manisha/airflow/dags/basic_dag.py
[2024-06-19T08:29:01.603+0545] {processor.py:830} INFO - Processing file /home/manisha/airflow/dags/basic_dag.py for tasks to queue
[2024-06-19T08:29:01.605+0545] {logging_mixin.py:188} INFO - [2024-06-19T08:29:01.604+0545] {dagbag.py:545} INFO - Filling up the DagBag from /home/manisha/airflow/dags/basic_dag.py
[2024-06-19T08:29:01.626+0545] {processor.py:840} INFO - DAG(s) 'Backup_Database' retrieved from /home/manisha/airflow/dags/basic_dag.py
[2024-06-19T08:29:01.668+0545] {logging_mixin.py:188} INFO - [2024-06-19T08:29:01.668+0545] {dag.py:3096} INFO - Sync 1 DAGs
[2024-06-19T08:29:01.706+0545] {logging_mixin.py:188} INFO - [2024-06-19T08:29:01.706+0545] {dag.py:3954} INFO - Setting next_dagrun for Backup_Database to 2024-06-19 02:40:00+00:00, run_after=2024-06-19 02:50:00+00:00
[2024-06-19T08:29:01.795+0545] {processor.py:183} INFO - Processing /home/manisha/airflow/dags/basic_dag.py took 0.202 seconds
[2024-06-19T08:29:32.061+0545] {processor.py:161} INFO - Started process (PID=8553) to work on /home/manisha/airflow/dags/basic_dag.py
[2024-06-19T08:29:32.100+0545] {processor.py:830} INFO - Processing file /home/manisha/airflow/dags/basic_dag.py for tasks to queue
[2024-06-19T08:29:32.106+0545] {logging_mixin.py:188} INFO - [2024-06-19T08:29:32.105+0545] {dagbag.py:545} INFO - Filling up the DagBag from /home/manisha/airflow/dags/basic_dag.py
[2024-06-19T08:29:32.143+0545] {processor.py:840} INFO - DAG(s) 'Backup_Database' retrieved from /home/manisha/airflow/dags/basic_dag.py
[2024-06-19T08:29:32.182+0545] {logging_mixin.py:188} INFO - [2024-06-19T08:29:32.182+0545] {dag.py:3096} INFO - Sync 1 DAGs
[2024-06-19T08:29:32.218+0545] {logging_mixin.py:188} INFO - [2024-06-19T08:29:32.217+0545] {dag.py:3954} INFO - Setting next_dagrun for Backup_Database to 2024-06-19 02:40:00+00:00, run_after=2024-06-19 02:50:00+00:00
[2024-06-19T08:29:32.322+0545] {processor.py:183} INFO - Processing /home/manisha/airflow/dags/basic_dag.py took 0.270 seconds
[2024-06-19T08:30:02.549+0545] {processor.py:161} INFO - Started process (PID=9598) to work on /home/manisha/airflow/dags/basic_dag.py
[2024-06-19T08:30:02.572+0545] {processor.py:830} INFO - Processing file /home/manisha/airflow/dags/basic_dag.py for tasks to queue
[2024-06-19T08:30:02.574+0545] {logging_mixin.py:188} INFO - [2024-06-19T08:30:02.574+0545] {dagbag.py:545} INFO - Filling up the DagBag from /home/manisha/airflow/dags/basic_dag.py
[2024-06-19T08:30:02.587+0545] {processor.py:840} INFO - DAG(s) 'Backup_Database' retrieved from /home/manisha/airflow/dags/basic_dag.py
[2024-06-19T08:30:02.621+0545] {logging_mixin.py:188} INFO - [2024-06-19T08:30:02.621+0545] {dag.py:3096} INFO - Sync 1 DAGs
[2024-06-19T08:30:02.643+0545] {logging_mixin.py:188} INFO - [2024-06-19T08:30:02.643+0545] {dag.py:3954} INFO - Setting next_dagrun for Backup_Database to 2024-06-19 02:40:00+00:00, run_after=2024-06-19 02:50:00+00:00
[2024-06-19T08:30:02.738+0545] {processor.py:183} INFO - Processing /home/manisha/airflow/dags/basic_dag.py took 0.194 seconds
[2024-06-19T08:30:32.942+0545] {processor.py:161} INFO - Started process (PID=9604) to work on /home/manisha/airflow/dags/basic_dag.py
[2024-06-19T08:30:32.955+0545] {processor.py:830} INFO - Processing file /home/manisha/airflow/dags/basic_dag.py for tasks to queue
[2024-06-19T08:30:32.957+0545] {logging_mixin.py:188} INFO - [2024-06-19T08:30:32.957+0545] {dagbag.py:545} INFO - Filling up the DagBag from /home/manisha/airflow/dags/basic_dag.py
[2024-06-19T08:30:32.979+0545] {processor.py:840} INFO - DAG(s) 'Backup_Database' retrieved from /home/manisha/airflow/dags/basic_dag.py
[2024-06-19T08:30:33.011+0545] {logging_mixin.py:188} INFO - [2024-06-19T08:30:33.010+0545] {dag.py:3096} INFO - Sync 1 DAGs
[2024-06-19T08:30:33.033+0545] {logging_mixin.py:188} INFO - [2024-06-19T08:30:33.033+0545] {dag.py:3954} INFO - Setting next_dagrun for Backup_Database to 2024-06-19 02:40:00+00:00, run_after=2024-06-19 02:50:00+00:00
[2024-06-19T08:30:33.112+0545] {processor.py:183} INFO - Processing /home/manisha/airflow/dags/basic_dag.py took 0.176 seconds
[2024-06-19T08:31:03.243+0545] {processor.py:161} INFO - Started process (PID=9774) to work on /home/manisha/airflow/dags/basic_dag.py
[2024-06-19T08:31:03.266+0545] {processor.py:830} INFO - Processing file /home/manisha/airflow/dags/basic_dag.py for tasks to queue
[2024-06-19T08:31:03.269+0545] {logging_mixin.py:188} INFO - [2024-06-19T08:31:03.268+0545] {dagbag.py:545} INFO - Filling up the DagBag from /home/manisha/airflow/dags/basic_dag.py
[2024-06-19T08:31:03.295+0545] {processor.py:840} INFO - DAG(s) 'Backup_Database' retrieved from /home/manisha/airflow/dags/basic_dag.py
[2024-06-19T08:31:03.323+0545] {logging_mixin.py:188} INFO - [2024-06-19T08:31:03.323+0545] {dag.py:3096} INFO - Sync 1 DAGs
[2024-06-19T08:31:03.344+0545] {logging_mixin.py:188} INFO - [2024-06-19T08:31:03.344+0545] {dag.py:3954} INFO - Setting next_dagrun for Backup_Database to 2024-06-19 02:40:00+00:00, run_after=2024-06-19 02:50:00+00:00
[2024-06-19T08:31:03.425+0545] {processor.py:183} INFO - Processing /home/manisha/airflow/dags/basic_dag.py took 0.200 seconds
[2024-06-19T08:31:33.623+0545] {processor.py:161} INFO - Started process (PID=9940) to work on /home/manisha/airflow/dags/basic_dag.py
[2024-06-19T08:31:33.653+0545] {processor.py:830} INFO - Processing file /home/manisha/airflow/dags/basic_dag.py for tasks to queue
[2024-06-19T08:31:33.656+0545] {logging_mixin.py:188} INFO - [2024-06-19T08:31:33.656+0545] {dagbag.py:545} INFO - Filling up the DagBag from /home/manisha/airflow/dags/basic_dag.py
[2024-06-19T08:31:33.678+0545] {processor.py:840} INFO - DAG(s) 'Backup_Database' retrieved from /home/manisha/airflow/dags/basic_dag.py
[2024-06-19T08:31:33.708+0545] {logging_mixin.py:188} INFO - [2024-06-19T08:31:33.708+0545] {dag.py:3096} INFO - Sync 1 DAGs
[2024-06-19T08:31:33.733+0545] {logging_mixin.py:188} INFO - [2024-06-19T08:31:33.732+0545] {dag.py:3954} INFO - Setting next_dagrun for Backup_Database to 2024-06-19 02:40:00+00:00, run_after=2024-06-19 02:50:00+00:00
[2024-06-19T08:31:33.903+0545] {processor.py:183} INFO - Processing /home/manisha/airflow/dags/basic_dag.py took 0.300 seconds
[2024-06-19T08:32:03.957+0545] {processor.py:161} INFO - Started process (PID=10106) to work on /home/manisha/airflow/dags/basic_dag.py
[2024-06-19T08:32:03.988+0545] {processor.py:830} INFO - Processing file /home/manisha/airflow/dags/basic_dag.py for tasks to queue
[2024-06-19T08:32:03.994+0545] {logging_mixin.py:188} INFO - [2024-06-19T08:32:03.992+0545] {dagbag.py:545} INFO - Filling up the DagBag from /home/manisha/airflow/dags/basic_dag.py
[2024-06-19T08:32:04.029+0545] {processor.py:840} INFO - DAG(s) 'Backup_Database' retrieved from /home/manisha/airflow/dags/basic_dag.py
[2024-06-19T08:32:04.059+0545] {logging_mixin.py:188} INFO - [2024-06-19T08:32:04.059+0545] {dag.py:3096} INFO - Sync 1 DAGs
[2024-06-19T08:32:04.158+0545] {logging_mixin.py:188} INFO - [2024-06-19T08:32:04.157+0545] {dag.py:3954} INFO - Setting next_dagrun for Backup_Database to 2024-06-19 02:40:00+00:00, run_after=2024-06-19 02:50:00+00:00
[2024-06-19T08:32:04.261+0545] {processor.py:183} INFO - Processing /home/manisha/airflow/dags/basic_dag.py took 0.311 seconds
[2024-06-19T08:32:34.594+0545] {processor.py:161} INFO - Started process (PID=10112) to work on /home/manisha/airflow/dags/basic_dag.py
[2024-06-19T08:32:34.633+0545] {processor.py:830} INFO - Processing file /home/manisha/airflow/dags/basic_dag.py for tasks to queue
[2024-06-19T08:32:34.639+0545] {logging_mixin.py:188} INFO - [2024-06-19T08:32:34.638+0545] {dagbag.py:545} INFO - Filling up the DagBag from /home/manisha/airflow/dags/basic_dag.py
[2024-06-19T08:32:34.674+0545] {processor.py:840} INFO - DAG(s) 'Backup_Database' retrieved from /home/manisha/airflow/dags/basic_dag.py
[2024-06-19T08:32:34.704+0545] {logging_mixin.py:188} INFO - [2024-06-19T08:32:34.704+0545] {dag.py:3096} INFO - Sync 1 DAGs
[2024-06-19T08:32:34.811+0545] {logging_mixin.py:188} INFO - [2024-06-19T08:32:34.811+0545] {dag.py:3954} INFO - Setting next_dagrun for Backup_Database to 2024-06-19 02:40:00+00:00, run_after=2024-06-19 02:50:00+00:00
[2024-06-19T08:32:34.918+0545] {processor.py:183} INFO - Processing /home/manisha/airflow/dags/basic_dag.py took 0.333 seconds
[2024-06-19T08:33:05.203+0545] {processor.py:161} INFO - Started process (PID=10286) to work on /home/manisha/airflow/dags/basic_dag.py
[2024-06-19T08:33:05.205+0545] {processor.py:830} INFO - Processing file /home/manisha/airflow/dags/basic_dag.py for tasks to queue
[2024-06-19T08:33:05.208+0545] {logging_mixin.py:188} INFO - [2024-06-19T08:33:05.207+0545] {dagbag.py:545} INFO - Filling up the DagBag from /home/manisha/airflow/dags/basic_dag.py
[2024-06-19T08:33:05.227+0545] {processor.py:840} INFO - DAG(s) 'Backup_Database' retrieved from /home/manisha/airflow/dags/basic_dag.py
[2024-06-19T08:33:05.351+0545] {logging_mixin.py:188} INFO - [2024-06-19T08:33:05.350+0545] {dag.py:3096} INFO - Sync 1 DAGs
[2024-06-19T08:33:05.382+0545] {logging_mixin.py:188} INFO - [2024-06-19T08:33:05.381+0545] {dag.py:3954} INFO - Setting next_dagrun for Backup_Database to 2024-06-19 02:40:00+00:00, run_after=2024-06-19 02:50:00+00:00
[2024-06-19T08:33:05.466+0545] {processor.py:183} INFO - Processing /home/manisha/airflow/dags/basic_dag.py took 0.282 seconds
[2024-06-19T08:33:35.745+0545] {processor.py:161} INFO - Started process (PID=10294) to work on /home/manisha/airflow/dags/basic_dag.py
[2024-06-19T08:33:35.755+0545] {processor.py:830} INFO - Processing file /home/manisha/airflow/dags/basic_dag.py for tasks to queue
[2024-06-19T08:33:35.758+0545] {logging_mixin.py:188} INFO - [2024-06-19T08:33:35.757+0545] {dagbag.py:545} INFO - Filling up the DagBag from /home/manisha/airflow/dags/basic_dag.py
[2024-06-19T08:33:35.860+0545] {processor.py:840} INFO - DAG(s) 'Backup_Database' retrieved from /home/manisha/airflow/dags/basic_dag.py
[2024-06-19T08:33:35.893+0545] {logging_mixin.py:188} INFO - [2024-06-19T08:33:35.892+0545] {dag.py:3096} INFO - Sync 1 DAGs
[2024-06-19T08:33:35.920+0545] {logging_mixin.py:188} INFO - [2024-06-19T08:33:35.920+0545] {dag.py:3954} INFO - Setting next_dagrun for Backup_Database to 2024-06-19 02:40:00+00:00, run_after=2024-06-19 02:50:00+00:00
[2024-06-19T08:33:35.985+0545] {processor.py:183} INFO - Processing /home/manisha/airflow/dags/basic_dag.py took 0.260 seconds
[2024-06-19T08:34:06.396+0545] {processor.py:161} INFO - Started process (PID=10468) to work on /home/manisha/airflow/dags/basic_dag.py
[2024-06-19T08:34:06.422+0545] {processor.py:830} INFO - Processing file /home/manisha/airflow/dags/basic_dag.py for tasks to queue
[2024-06-19T08:34:06.429+0545] {logging_mixin.py:188} INFO - [2024-06-19T08:34:06.427+0545] {dagbag.py:545} INFO - Filling up the DagBag from /home/manisha/airflow/dags/basic_dag.py
[2024-06-19T08:34:06.463+0545] {processor.py:840} INFO - DAG(s) 'Backup_Database' retrieved from /home/manisha/airflow/dags/basic_dag.py
[2024-06-19T08:34:06.514+0545] {logging_mixin.py:188} INFO - [2024-06-19T08:34:06.513+0545] {dag.py:3096} INFO - Sync 1 DAGs
[2024-06-19T08:34:06.567+0545] {logging_mixin.py:188} INFO - [2024-06-19T08:34:06.566+0545] {dag.py:3954} INFO - Setting next_dagrun for Backup_Database to 2024-06-19 02:40:00+00:00, run_after=2024-06-19 02:50:00+00:00
[2024-06-19T08:34:06.648+0545] {processor.py:183} INFO - Processing /home/manisha/airflow/dags/basic_dag.py took 0.268 seconds
[2024-06-19T08:34:36.895+0545] {processor.py:161} INFO - Started process (PID=11092) to work on /home/manisha/airflow/dags/basic_dag.py
[2024-06-19T08:34:36.967+0545] {processor.py:830} INFO - Processing file /home/manisha/airflow/dags/basic_dag.py for tasks to queue
[2024-06-19T08:34:36.971+0545] {logging_mixin.py:188} INFO - [2024-06-19T08:34:36.970+0545] {dagbag.py:545} INFO - Filling up the DagBag from /home/manisha/airflow/dags/basic_dag.py
[2024-06-19T08:34:37.006+0545] {processor.py:840} INFO - DAG(s) 'Backup_Database' retrieved from /home/manisha/airflow/dags/basic_dag.py
[2024-06-19T08:34:37.040+0545] {logging_mixin.py:188} INFO - [2024-06-19T08:34:37.039+0545] {dag.py:3096} INFO - Sync 1 DAGs
[2024-06-19T08:34:37.069+0545] {logging_mixin.py:188} INFO - [2024-06-19T08:34:37.068+0545] {dag.py:3954} INFO - Setting next_dagrun for Backup_Database to 2024-06-19 02:40:00+00:00, run_after=2024-06-19 02:50:00+00:00
[2024-06-19T08:34:37.151+0545] {processor.py:183} INFO - Processing /home/manisha/airflow/dags/basic_dag.py took 0.279 seconds
[2024-06-19T08:34:53.130+0545] {processor.py:161} INFO - Started process (PID=11592) to work on /home/manisha/airflow/dags/basic_dag.py
[2024-06-19T08:34:53.131+0545] {processor.py:830} INFO - Processing file /home/manisha/airflow/dags/basic_dag.py for tasks to queue
[2024-06-19T08:34:53.134+0545] {logging_mixin.py:188} INFO - [2024-06-19T08:34:53.133+0545] {dagbag.py:545} INFO - Filling up the DagBag from /home/manisha/airflow/dags/basic_dag.py
[2024-06-19T08:34:53.150+0545] {processor.py:840} INFO - DAG(s) 'Backup_Database' retrieved from /home/manisha/airflow/dags/basic_dag.py
[2024-06-19T08:34:53.182+0545] {logging_mixin.py:188} INFO - [2024-06-19T08:34:53.182+0545] {dag.py:3096} INFO - Sync 1 DAGs
[2024-06-19T08:34:53.202+0545] {logging_mixin.py:188} INFO - [2024-06-19T08:34:53.202+0545] {dag.py:3954} INFO - Setting next_dagrun for Backup_Database to 2024-06-19 02:40:00+00:00, run_after=2024-06-19 02:50:00+00:00
[2024-06-19T08:34:53.294+0545] {processor.py:183} INFO - Processing /home/manisha/airflow/dags/basic_dag.py took 0.176 seconds
[2024-06-19T08:35:23.364+0545] {processor.py:161} INFO - Started process (PID=12163) to work on /home/manisha/airflow/dags/basic_dag.py
[2024-06-19T08:35:23.368+0545] {processor.py:830} INFO - Processing file /home/manisha/airflow/dags/basic_dag.py for tasks to queue
[2024-06-19T08:35:23.371+0545] {logging_mixin.py:188} INFO - [2024-06-19T08:35:23.371+0545] {dagbag.py:545} INFO - Filling up the DagBag from /home/manisha/airflow/dags/basic_dag.py
[2024-06-19T08:35:23.391+0545] {processor.py:840} INFO - DAG(s) 'Backup_Database' retrieved from /home/manisha/airflow/dags/basic_dag.py
[2024-06-19T08:35:23.423+0545] {logging_mixin.py:188} INFO - [2024-06-19T08:35:23.423+0545] {dag.py:3096} INFO - Sync 1 DAGs
[2024-06-19T08:35:23.447+0545] {logging_mixin.py:188} INFO - [2024-06-19T08:35:23.446+0545] {dag.py:3954} INFO - Setting next_dagrun for Backup_Database to 2024-06-19 02:50:00+00:00, run_after=2024-06-19 03:00:00+00:00
[2024-06-19T08:35:23.524+0545] {processor.py:183} INFO - Processing /home/manisha/airflow/dags/basic_dag.py took 0.171 seconds
[2024-06-19T08:35:53.797+0545] {processor.py:161} INFO - Started process (PID=12320) to work on /home/manisha/airflow/dags/basic_dag.py
[2024-06-19T08:35:53.799+0545] {processor.py:830} INFO - Processing file /home/manisha/airflow/dags/basic_dag.py for tasks to queue
[2024-06-19T08:35:53.804+0545] {logging_mixin.py:188} INFO - [2024-06-19T08:35:53.803+0545] {dagbag.py:545} INFO - Filling up the DagBag from /home/manisha/airflow/dags/basic_dag.py
[2024-06-19T08:35:53.846+0545] {processor.py:840} INFO - DAG(s) 'Backup_Database' retrieved from /home/manisha/airflow/dags/basic_dag.py
[2024-06-19T08:35:53.915+0545] {logging_mixin.py:188} INFO - [2024-06-19T08:35:53.914+0545] {dag.py:3096} INFO - Sync 1 DAGs
[2024-06-19T08:35:53.963+0545] {logging_mixin.py:188} INFO - [2024-06-19T08:35:53.963+0545] {dag.py:3954} INFO - Setting next_dagrun for Backup_Database to 2024-06-19 02:50:00+00:00, run_after=2024-06-19 03:00:00+00:00
[2024-06-19T08:35:54.104+0545] {processor.py:183} INFO - Processing /home/manisha/airflow/dags/basic_dag.py took 0.318 seconds
[2024-06-19T08:36:24.374+0545] {processor.py:161} INFO - Started process (PID=12841) to work on /home/manisha/airflow/dags/basic_dag.py
[2024-06-19T08:36:24.403+0545] {processor.py:830} INFO - Processing file /home/manisha/airflow/dags/basic_dag.py for tasks to queue
[2024-06-19T08:36:24.406+0545] {logging_mixin.py:188} INFO - [2024-06-19T08:36:24.406+0545] {dagbag.py:545} INFO - Filling up the DagBag from /home/manisha/airflow/dags/basic_dag.py
[2024-06-19T08:36:24.444+0545] {processor.py:840} INFO - DAG(s) 'Backup_Database' retrieved from /home/manisha/airflow/dags/basic_dag.py
[2024-06-19T08:36:24.538+0545] {logging_mixin.py:188} INFO - [2024-06-19T08:36:24.538+0545] {dag.py:3096} INFO - Sync 1 DAGs
[2024-06-19T08:36:24.546+0545] {logging_mixin.py:188} INFO - [2024-06-19T08:36:24.546+0545] {dag.py:3118} INFO - Creating ORM DAG for Backup_Database
[2024-06-19T08:36:24.555+0545] {logging_mixin.py:188} INFO - [2024-06-19T08:36:24.555+0545] {dag.py:3954} INFO - Setting next_dagrun for Backup_Database to 2024-06-19 02:40:00+00:00, run_after=2024-06-19 02:50:00+00:00
[2024-06-19T08:36:24.670+0545] {processor.py:183} INFO - Processing /home/manisha/airflow/dags/basic_dag.py took 0.303 seconds
[2024-06-19T08:36:54.968+0545] {processor.py:161} INFO - Started process (PID=13445) to work on /home/manisha/airflow/dags/basic_dag.py
[2024-06-19T08:36:54.971+0545] {processor.py:830} INFO - Processing file /home/manisha/airflow/dags/basic_dag.py for tasks to queue
[2024-06-19T08:36:54.977+0545] {logging_mixin.py:188} INFO - [2024-06-19T08:36:54.976+0545] {dagbag.py:545} INFO - Filling up the DagBag from /home/manisha/airflow/dags/basic_dag.py
[2024-06-19T08:36:55.012+0545] {processor.py:840} INFO - DAG(s) 'Backup_Database' retrieved from /home/manisha/airflow/dags/basic_dag.py
[2024-06-19T08:36:55.056+0545] {logging_mixin.py:188} INFO - [2024-06-19T08:36:55.055+0545] {dag.py:3096} INFO - Sync 1 DAGs
[2024-06-19T08:36:55.099+0545] {logging_mixin.py:188} INFO - [2024-06-19T08:36:55.099+0545] {dag.py:3954} INFO - Setting next_dagrun for Backup_Database to 2024-06-19 02:50:00+00:00, run_after=2024-06-19 03:00:00+00:00
[2024-06-19T08:36:55.221+0545] {processor.py:183} INFO - Processing /home/manisha/airflow/dags/basic_dag.py took 0.271 seconds
[2024-06-19T08:37:25.529+0545] {processor.py:161} INFO - Started process (PID=13459) to work on /home/manisha/airflow/dags/basic_dag.py
[2024-06-19T08:37:25.539+0545] {processor.py:830} INFO - Processing file /home/manisha/airflow/dags/basic_dag.py for tasks to queue
[2024-06-19T08:37:25.541+0545] {logging_mixin.py:188} INFO - [2024-06-19T08:37:25.540+0545] {dagbag.py:545} INFO - Filling up the DagBag from /home/manisha/airflow/dags/basic_dag.py
[2024-06-19T08:37:25.562+0545] {processor.py:840} INFO - DAG(s) 'Backup_Database' retrieved from /home/manisha/airflow/dags/basic_dag.py
[2024-06-19T08:37:25.596+0545] {logging_mixin.py:188} INFO - [2024-06-19T08:37:25.596+0545] {dag.py:3096} INFO - Sync 1 DAGs
[2024-06-19T08:37:25.625+0545] {logging_mixin.py:188} INFO - [2024-06-19T08:37:25.625+0545] {dag.py:3954} INFO - Setting next_dagrun for Backup_Database to 2024-06-19 02:50:00+00:00, run_after=2024-06-19 03:00:00+00:00
[2024-06-19T08:37:25.718+0545] {processor.py:183} INFO - Processing /home/manisha/airflow/dags/basic_dag.py took 0.206 seconds
[2024-06-19T08:37:56.000+0545] {processor.py:161} INFO - Started process (PID=14320) to work on /home/manisha/airflow/dags/basic_dag.py
[2024-06-19T08:37:56.014+0545] {processor.py:830} INFO - Processing file /home/manisha/airflow/dags/basic_dag.py for tasks to queue
[2024-06-19T08:37:56.016+0545] {logging_mixin.py:188} INFO - [2024-06-19T08:37:56.015+0545] {dagbag.py:545} INFO - Filling up the DagBag from /home/manisha/airflow/dags/basic_dag.py
[2024-06-19T08:37:56.036+0545] {processor.py:840} INFO - DAG(s) 'Backup_Database' retrieved from /home/manisha/airflow/dags/basic_dag.py
[2024-06-19T08:37:56.067+0545] {logging_mixin.py:188} INFO - [2024-06-19T08:37:56.067+0545] {dag.py:3096} INFO - Sync 1 DAGs
[2024-06-19T08:37:56.100+0545] {logging_mixin.py:188} INFO - [2024-06-19T08:37:56.099+0545] {dag.py:3954} INFO - Setting next_dagrun for Backup_Database to 2024-06-19 02:50:00+00:00, run_after=2024-06-19 03:00:00+00:00
[2024-06-19T08:37:56.198+0545] {processor.py:183} INFO - Processing /home/manisha/airflow/dags/basic_dag.py took 0.216 seconds
[2024-06-19T08:38:26.457+0545] {processor.py:161} INFO - Started process (PID=14330) to work on /home/manisha/airflow/dags/basic_dag.py
[2024-06-19T08:38:26.547+0545] {processor.py:830} INFO - Processing file /home/manisha/airflow/dags/basic_dag.py for tasks to queue
[2024-06-19T08:38:26.552+0545] {logging_mixin.py:188} INFO - [2024-06-19T08:38:26.551+0545] {dagbag.py:545} INFO - Filling up the DagBag from /home/manisha/airflow/dags/basic_dag.py
[2024-06-19T08:38:26.583+0545] {processor.py:840} INFO - DAG(s) 'Backup_Database' retrieved from /home/manisha/airflow/dags/basic_dag.py
[2024-06-19T08:38:26.628+0545] {logging_mixin.py:188} INFO - [2024-06-19T08:38:26.627+0545] {dag.py:3096} INFO - Sync 1 DAGs
[2024-06-19T08:38:26.661+0545] {logging_mixin.py:188} INFO - [2024-06-19T08:38:26.660+0545] {dag.py:3954} INFO - Setting next_dagrun for Backup_Database to 2024-06-19 02:50:00+00:00, run_after=2024-06-19 03:00:00+00:00
[2024-06-19T08:38:26.725+0545] {processor.py:183} INFO - Processing /home/manisha/airflow/dags/basic_dag.py took 0.277 seconds
[2024-06-19T08:38:56.975+0545] {processor.py:161} INFO - Started process (PID=14348) to work on /home/manisha/airflow/dags/basic_dag.py
[2024-06-19T08:38:57.035+0545] {processor.py:830} INFO - Processing file /home/manisha/airflow/dags/basic_dag.py for tasks to queue
[2024-06-19T08:38:57.040+0545] {logging_mixin.py:188} INFO - [2024-06-19T08:38:57.039+0545] {dagbag.py:545} INFO - Filling up the DagBag from /home/manisha/airflow/dags/basic_dag.py
[2024-06-19T08:38:57.079+0545] {processor.py:840} INFO - DAG(s) 'Backup_Database' retrieved from /home/manisha/airflow/dags/basic_dag.py
[2024-06-19T08:38:57.109+0545] {logging_mixin.py:188} INFO - [2024-06-19T08:38:57.108+0545] {dag.py:3096} INFO - Sync 1 DAGs
[2024-06-19T08:38:57.128+0545] {logging_mixin.py:188} INFO - [2024-06-19T08:38:57.128+0545] {dag.py:3954} INFO - Setting next_dagrun for Backup_Database to 2024-06-19 02:50:00+00:00, run_after=2024-06-19 03:00:00+00:00
[2024-06-19T08:38:57.195+0545] {processor.py:183} INFO - Processing /home/manisha/airflow/dags/basic_dag.py took 0.227 seconds
[2024-06-19T08:39:27.262+0545] {processor.py:161} INFO - Started process (PID=14370) to work on /home/manisha/airflow/dags/basic_dag.py
[2024-06-19T08:39:27.345+0545] {processor.py:830} INFO - Processing file /home/manisha/airflow/dags/basic_dag.py for tasks to queue
[2024-06-19T08:39:27.347+0545] {logging_mixin.py:188} INFO - [2024-06-19T08:39:27.346+0545] {dagbag.py:545} INFO - Filling up the DagBag from /home/manisha/airflow/dags/basic_dag.py
[2024-06-19T08:39:27.361+0545] {processor.py:840} INFO - DAG(s) 'Backup_Database' retrieved from /home/manisha/airflow/dags/basic_dag.py
[2024-06-19T08:39:27.540+0545] {logging_mixin.py:188} INFO - [2024-06-19T08:39:27.540+0545] {dag.py:3096} INFO - Sync 1 DAGs
[2024-06-19T08:39:27.551+0545] {logging_mixin.py:188} INFO - [2024-06-19T08:39:27.551+0545] {dag.py:3118} INFO - Creating ORM DAG for Backup_Database
[2024-06-19T08:39:27.563+0545] {logging_mixin.py:188} INFO - [2024-06-19T08:39:27.563+0545] {dag.py:3954} INFO - Setting next_dagrun for Backup_Database to 2024-06-19 02:40:00+00:00, run_after=2024-06-19 02:50:00+00:00
[2024-06-19T08:39:27.683+0545] {processor.py:183} INFO - Processing /home/manisha/airflow/dags/basic_dag.py took 0.439 seconds
[2024-06-19T08:39:57.941+0545] {processor.py:161} INFO - Started process (PID=15087) to work on /home/manisha/airflow/dags/basic_dag.py
[2024-06-19T08:39:57.942+0545] {processor.py:830} INFO - Processing file /home/manisha/airflow/dags/basic_dag.py for tasks to queue
[2024-06-19T08:39:57.944+0545] {logging_mixin.py:188} INFO - [2024-06-19T08:39:57.943+0545] {dagbag.py:545} INFO - Filling up the DagBag from /home/manisha/airflow/dags/basic_dag.py
[2024-06-19T08:39:57.972+0545] {processor.py:840} INFO - DAG(s) 'Backup_Database' retrieved from /home/manisha/airflow/dags/basic_dag.py
[2024-06-19T08:39:58.014+0545] {logging_mixin.py:188} INFO - [2024-06-19T08:39:58.013+0545] {dag.py:3096} INFO - Sync 1 DAGs
[2024-06-19T08:39:58.053+0545] {logging_mixin.py:188} INFO - [2024-06-19T08:39:58.052+0545] {dag.py:3954} INFO - Setting next_dagrun for Backup_Database to 2024-06-19 02:50:00+00:00, run_after=2024-06-19 03:00:00+00:00
[2024-06-19T08:39:58.186+0545] {processor.py:183} INFO - Processing /home/manisha/airflow/dags/basic_dag.py took 0.258 seconds
[2024-06-19T08:40:28.452+0545] {processor.py:161} INFO - Started process (PID=15218) to work on /home/manisha/airflow/dags/basic_dag.py
[2024-06-19T08:40:28.479+0545] {processor.py:830} INFO - Processing file /home/manisha/airflow/dags/basic_dag.py for tasks to queue
[2024-06-19T08:40:28.481+0545] {logging_mixin.py:188} INFO - [2024-06-19T08:40:28.481+0545] {dagbag.py:545} INFO - Filling up the DagBag from /home/manisha/airflow/dags/basic_dag.py
[2024-06-19T08:40:28.501+0545] {processor.py:840} INFO - DAG(s) 'Backup_Database' retrieved from /home/manisha/airflow/dags/basic_dag.py
[2024-06-19T08:40:28.547+0545] {logging_mixin.py:188} INFO - [2024-06-19T08:40:28.547+0545] {dag.py:3096} INFO - Sync 1 DAGs
[2024-06-19T08:40:28.582+0545] {logging_mixin.py:188} INFO - [2024-06-19T08:40:28.581+0545] {dag.py:3954} INFO - Setting next_dagrun for Backup_Database to 2024-06-19 02:50:00+00:00, run_after=2024-06-19 03:00:00+00:00
[2024-06-19T08:40:28.846+0545] {processor.py:183} INFO - Processing /home/manisha/airflow/dags/basic_dag.py took 0.401 seconds
[2024-06-19T08:40:59.135+0545] {processor.py:161} INFO - Started process (PID=15629) to work on /home/manisha/airflow/dags/basic_dag.py
[2024-06-19T08:40:59.149+0545] {processor.py:830} INFO - Processing file /home/manisha/airflow/dags/basic_dag.py for tasks to queue
[2024-06-19T08:40:59.153+0545] {logging_mixin.py:188} INFO - [2024-06-19T08:40:59.152+0545] {dagbag.py:545} INFO - Filling up the DagBag from /home/manisha/airflow/dags/basic_dag.py
[2024-06-19T08:40:59.185+0545] {processor.py:840} INFO - DAG(s) 'Backup_Database' retrieved from /home/manisha/airflow/dags/basic_dag.py
[2024-06-19T08:40:59.233+0545] {logging_mixin.py:188} INFO - [2024-06-19T08:40:59.233+0545] {dag.py:3096} INFO - Sync 1 DAGs
[2024-06-19T08:40:59.424+0545] {logging_mixin.py:188} INFO - [2024-06-19T08:40:59.424+0545] {dag.py:3954} INFO - Setting next_dagrun for Backup_Database to 2024-06-19 02:50:00+00:00, run_after=2024-06-19 03:00:00+00:00
[2024-06-19T08:40:59.513+0545] {processor.py:183} INFO - Processing /home/manisha/airflow/dags/basic_dag.py took 0.389 seconds
[2024-06-19T08:41:29.807+0545] {processor.py:161} INFO - Started process (PID=15638) to work on /home/manisha/airflow/dags/basic_dag.py
[2024-06-19T08:41:29.890+0545] {processor.py:830} INFO - Processing file /home/manisha/airflow/dags/basic_dag.py for tasks to queue
[2024-06-19T08:41:29.893+0545] {logging_mixin.py:188} INFO - [2024-06-19T08:41:29.892+0545] {dagbag.py:545} INFO - Filling up the DagBag from /home/manisha/airflow/dags/basic_dag.py
[2024-06-19T08:41:29.916+0545] {processor.py:840} INFO - DAG(s) 'Backup_Database' retrieved from /home/manisha/airflow/dags/basic_dag.py
[2024-06-19T08:41:29.957+0545] {logging_mixin.py:188} INFO - [2024-06-19T08:41:29.957+0545] {dag.py:3096} INFO - Sync 1 DAGs
[2024-06-19T08:41:30.142+0545] {logging_mixin.py:188} INFO - [2024-06-19T08:41:30.142+0545] {dag.py:3954} INFO - Setting next_dagrun for Backup_Database to 2024-06-19 02:50:00+00:00, run_after=2024-06-19 03:00:00+00:00
[2024-06-19T08:41:30.285+0545] {processor.py:183} INFO - Processing /home/manisha/airflow/dags/basic_dag.py took 0.484 seconds
[2024-06-19T08:42:00.556+0545] {processor.py:161} INFO - Started process (PID=15655) to work on /home/manisha/airflow/dags/basic_dag.py
[2024-06-19T08:42:00.624+0545] {processor.py:830} INFO - Processing file /home/manisha/airflow/dags/basic_dag.py for tasks to queue
[2024-06-19T08:42:00.628+0545] {logging_mixin.py:188} INFO - [2024-06-19T08:42:00.627+0545] {dagbag.py:545} INFO - Filling up the DagBag from /home/manisha/airflow/dags/basic_dag.py
[2024-06-19T08:42:00.666+0545] {processor.py:840} INFO - DAG(s) 'Backup_Database' retrieved from /home/manisha/airflow/dags/basic_dag.py
[2024-06-19T08:42:00.870+0545] {logging_mixin.py:188} INFO - [2024-06-19T08:42:00.869+0545] {dag.py:3096} INFO - Sync 1 DAGs
[2024-06-19T08:42:00.884+0545] {logging_mixin.py:188} INFO - [2024-06-19T08:42:00.883+0545] {dag.py:3118} INFO - Creating ORM DAG for Backup_Database
[2024-06-19T08:42:00.902+0545] {logging_mixin.py:188} INFO - [2024-06-19T08:42:00.902+0545] {dag.py:3954} INFO - Setting next_dagrun for Backup_Database to 2024-06-19 02:40:00+00:00, run_after=2024-06-19 02:50:00+00:00
[2024-06-19T08:42:01.139+0545] {processor.py:183} INFO - Processing /home/manisha/airflow/dags/basic_dag.py took 0.590 seconds
[2024-06-19T08:42:31.534+0545] {processor.py:161} INFO - Started process (PID=16241) to work on /home/manisha/airflow/dags/basic_dag.py
[2024-06-19T08:42:31.594+0545] {processor.py:830} INFO - Processing file /home/manisha/airflow/dags/basic_dag.py for tasks to queue
[2024-06-19T08:42:31.596+0545] {logging_mixin.py:188} INFO - [2024-06-19T08:42:31.596+0545] {dagbag.py:545} INFO - Filling up the DagBag from /home/manisha/airflow/dags/basic_dag.py
[2024-06-19T08:42:31.769+0545] {processor.py:840} INFO - DAG(s) 'Backup_Database' retrieved from /home/manisha/airflow/dags/basic_dag.py
[2024-06-19T08:42:31.811+0545] {logging_mixin.py:188} INFO - [2024-06-19T08:42:31.810+0545] {dag.py:3096} INFO - Sync 1 DAGs
[2024-06-19T08:42:31.847+0545] {logging_mixin.py:188} INFO - [2024-06-19T08:42:31.846+0545] {dag.py:3954} INFO - Setting next_dagrun for Backup_Database to 2024-06-19 02:50:00+00:00, run_after=2024-06-19 03:00:00+00:00
[2024-06-19T08:42:31.992+0545] {processor.py:183} INFO - Processing /home/manisha/airflow/dags/basic_dag.py took 0.471 seconds
[2024-06-19T08:43:02.382+0545] {processor.py:161} INFO - Started process (PID=16247) to work on /home/manisha/airflow/dags/basic_dag.py
[2024-06-19T08:43:02.408+0545] {processor.py:830} INFO - Processing file /home/manisha/airflow/dags/basic_dag.py for tasks to queue
[2024-06-19T08:43:02.410+0545] {logging_mixin.py:188} INFO - [2024-06-19T08:43:02.410+0545] {dagbag.py:545} INFO - Filling up the DagBag from /home/manisha/airflow/dags/basic_dag.py
[2024-06-19T08:43:02.433+0545] {processor.py:840} INFO - DAG(s) 'Backup_Database' retrieved from /home/manisha/airflow/dags/basic_dag.py
[2024-06-19T08:43:02.462+0545] {logging_mixin.py:188} INFO - [2024-06-19T08:43:02.461+0545] {dag.py:3096} INFO - Sync 1 DAGs
[2024-06-19T08:43:02.482+0545] {logging_mixin.py:188} INFO - [2024-06-19T08:43:02.482+0545] {dag.py:3954} INFO - Setting next_dagrun for Backup_Database to 2024-06-19 02:50:00+00:00, run_after=2024-06-19 03:00:00+00:00
[2024-06-19T08:43:02.585+0545] {processor.py:183} INFO - Processing /home/manisha/airflow/dags/basic_dag.py took 0.223 seconds
[2024-06-19T08:43:32.855+0545] {processor.py:161} INFO - Started process (PID=16640) to work on /home/manisha/airflow/dags/basic_dag.py
[2024-06-19T08:43:32.880+0545] {processor.py:830} INFO - Processing file /home/manisha/airflow/dags/basic_dag.py for tasks to queue
[2024-06-19T08:43:32.883+0545] {logging_mixin.py:188} INFO - [2024-06-19T08:43:32.882+0545] {dagbag.py:545} INFO - Filling up the DagBag from /home/manisha/airflow/dags/basic_dag.py
[2024-06-19T08:43:32.909+0545] {processor.py:840} INFO - DAG(s) 'Backup_Database' retrieved from /home/manisha/airflow/dags/basic_dag.py
[2024-06-19T08:43:32.937+0545] {logging_mixin.py:188} INFO - [2024-06-19T08:43:32.936+0545] {dag.py:3096} INFO - Sync 1 DAGs
[2024-06-19T08:43:32.960+0545] {logging_mixin.py:188} INFO - [2024-06-19T08:43:32.959+0545] {dag.py:3954} INFO - Setting next_dagrun for Backup_Database to 2024-06-19 02:50:00+00:00, run_after=2024-06-19 03:00:00+00:00
[2024-06-19T08:43:33.057+0545] {processor.py:183} INFO - Processing /home/manisha/airflow/dags/basic_dag.py took 0.221 seconds
[2024-06-19T08:44:03.252+0545] {processor.py:161} INFO - Started process (PID=16647) to work on /home/manisha/airflow/dags/basic_dag.py
[2024-06-19T08:44:03.260+0545] {processor.py:830} INFO - Processing file /home/manisha/airflow/dags/basic_dag.py for tasks to queue
[2024-06-19T08:44:03.262+0545] {logging_mixin.py:188} INFO - [2024-06-19T08:44:03.262+0545] {dagbag.py:545} INFO - Filling up the DagBag from /home/manisha/airflow/dags/basic_dag.py
[2024-06-19T08:44:03.284+0545] {processor.py:840} INFO - DAG(s) 'Backup_Database' retrieved from /home/manisha/airflow/dags/basic_dag.py
[2024-06-19T08:44:03.329+0545] {logging_mixin.py:188} INFO - [2024-06-19T08:44:03.328+0545] {dag.py:3096} INFO - Sync 1 DAGs
[2024-06-19T08:44:03.366+0545] {logging_mixin.py:188} INFO - [2024-06-19T08:44:03.366+0545] {dag.py:3954} INFO - Setting next_dagrun for Backup_Database to 2024-06-19 02:50:00+00:00, run_after=2024-06-19 03:00:00+00:00
[2024-06-19T08:44:03.437+0545] {processor.py:183} INFO - Processing /home/manisha/airflow/dags/basic_dag.py took 0.193 seconds
[2024-06-19T08:44:33.511+0545] {processor.py:161} INFO - Started process (PID=16652) to work on /home/manisha/airflow/dags/basic_dag.py
[2024-06-19T08:44:33.523+0545] {processor.py:830} INFO - Processing file /home/manisha/airflow/dags/basic_dag.py for tasks to queue
[2024-06-19T08:44:33.525+0545] {logging_mixin.py:188} INFO - [2024-06-19T08:44:33.524+0545] {dagbag.py:545} INFO - Filling up the DagBag from /home/manisha/airflow/dags/basic_dag.py
[2024-06-19T08:44:33.539+0545] {processor.py:840} INFO - DAG(s) 'Backup_Database' retrieved from /home/manisha/airflow/dags/basic_dag.py
[2024-06-19T08:44:33.568+0545] {logging_mixin.py:188} INFO - [2024-06-19T08:44:33.568+0545] {dag.py:3096} INFO - Sync 1 DAGs
[2024-06-19T08:44:33.590+0545] {logging_mixin.py:188} INFO - [2024-06-19T08:44:33.589+0545] {dag.py:3954} INFO - Setting next_dagrun for Backup_Database to 2024-06-19 02:50:00+00:00, run_after=2024-06-19 03:00:00+00:00
[2024-06-19T08:44:33.672+0545] {processor.py:183} INFO - Processing /home/manisha/airflow/dags/basic_dag.py took 0.177 seconds
[2024-06-19T08:45:03.955+0545] {processor.py:161} INFO - Started process (PID=16960) to work on /home/manisha/airflow/dags/basic_dag.py
[2024-06-19T08:45:03.985+0545] {processor.py:830} INFO - Processing file /home/manisha/airflow/dags/basic_dag.py for tasks to queue
[2024-06-19T08:45:03.990+0545] {logging_mixin.py:188} INFO - [2024-06-19T08:45:03.989+0545] {dagbag.py:545} INFO - Filling up the DagBag from /home/manisha/airflow/dags/basic_dag.py
[2024-06-19T08:45:04.028+0545] {processor.py:840} INFO - DAG(s) 'Backup_Database' retrieved from /home/manisha/airflow/dags/basic_dag.py
[2024-06-19T08:45:04.062+0545] {logging_mixin.py:188} INFO - [2024-06-19T08:45:04.061+0545] {dag.py:3096} INFO - Sync 1 DAGs
[2024-06-19T08:45:04.085+0545] {logging_mixin.py:188} INFO - [2024-06-19T08:45:04.085+0545] {dag.py:3954} INFO - Setting next_dagrun for Backup_Database to 2024-06-19 03:00:00+00:00, run_after=2024-06-19 03:10:00+00:00
[2024-06-19T08:45:04.264+0545] {processor.py:183} INFO - Processing /home/manisha/airflow/dags/basic_dag.py took 0.315 seconds
[2024-06-19T08:45:34.525+0545] {processor.py:161} INFO - Started process (PID=17223) to work on /home/manisha/airflow/dags/basic_dag.py
[2024-06-19T08:45:34.532+0545] {processor.py:830} INFO - Processing file /home/manisha/airflow/dags/basic_dag.py for tasks to queue
[2024-06-19T08:45:34.535+0545] {logging_mixin.py:188} INFO - [2024-06-19T08:45:34.535+0545] {dagbag.py:545} INFO - Filling up the DagBag from /home/manisha/airflow/dags/basic_dag.py
[2024-06-19T08:45:34.555+0545] {processor.py:840} INFO - DAG(s) 'Backup_Database' retrieved from /home/manisha/airflow/dags/basic_dag.py
[2024-06-19T08:45:34.651+0545] {logging_mixin.py:188} INFO - [2024-06-19T08:45:34.651+0545] {dag.py:3096} INFO - Sync 1 DAGs
[2024-06-19T08:45:34.659+0545] {logging_mixin.py:188} INFO - [2024-06-19T08:45:34.659+0545] {dag.py:3118} INFO - Creating ORM DAG for Backup_Database
[2024-06-19T08:45:34.669+0545] {logging_mixin.py:188} INFO - [2024-06-19T08:45:34.668+0545] {dag.py:3954} INFO - Setting next_dagrun for Backup_Database to 2024-06-19 02:50:00+00:00, run_after=2024-06-19 03:00:00+00:00
[2024-06-19T08:45:34.781+0545] {processor.py:183} INFO - Processing /home/manisha/airflow/dags/basic_dag.py took 0.273 seconds
[2024-06-19T08:46:05.329+0545] {processor.py:161} INFO - Started process (PID=17748) to work on /home/manisha/airflow/dags/basic_dag.py
[2024-06-19T08:46:05.331+0545] {processor.py:830} INFO - Processing file /home/manisha/airflow/dags/basic_dag.py for tasks to queue
[2024-06-19T08:46:05.335+0545] {logging_mixin.py:188} INFO - [2024-06-19T08:46:05.334+0545] {dagbag.py:545} INFO - Filling up the DagBag from /home/manisha/airflow/dags/basic_dag.py
[2024-06-19T08:46:05.356+0545] {processor.py:840} INFO - DAG(s) 'Backup_Database' retrieved from /home/manisha/airflow/dags/basic_dag.py
[2024-06-19T08:46:05.399+0545] {logging_mixin.py:188} INFO - [2024-06-19T08:46:05.398+0545] {dag.py:3096} INFO - Sync 1 DAGs
[2024-06-19T08:46:05.436+0545] {logging_mixin.py:188} INFO - [2024-06-19T08:46:05.436+0545] {dag.py:3954} INFO - Setting next_dagrun for Backup_Database to 2024-06-19 03:00:00+00:00, run_after=2024-06-19 03:10:00+00:00
[2024-06-19T08:46:05.527+0545] {processor.py:183} INFO - Processing /home/manisha/airflow/dags/basic_dag.py took 0.209 seconds
[2024-06-19T08:46:35.632+0545] {processor.py:161} INFO - Started process (PID=17838) to work on /home/manisha/airflow/dags/basic_dag.py
[2024-06-19T08:46:35.675+0545] {processor.py:830} INFO - Processing file /home/manisha/airflow/dags/basic_dag.py for tasks to queue
[2024-06-19T08:46:35.682+0545] {logging_mixin.py:188} INFO - [2024-06-19T08:46:35.681+0545] {dagbag.py:545} INFO - Filling up the DagBag from /home/manisha/airflow/dags/basic_dag.py
[2024-06-19T08:46:35.753+0545] {processor.py:840} INFO - DAG(s) 'Backup_Database' retrieved from /home/manisha/airflow/dags/basic_dag.py
[2024-06-19T08:46:35.817+0545] {logging_mixin.py:188} INFO - [2024-06-19T08:46:35.816+0545] {dag.py:3096} INFO - Sync 1 DAGs
[2024-06-19T08:46:35.868+0545] {logging_mixin.py:188} INFO - [2024-06-19T08:46:35.868+0545] {dag.py:3954} INFO - Setting next_dagrun for Backup_Database to 2024-06-19 03:00:00+00:00, run_after=2024-06-19 03:10:00+00:00
[2024-06-19T08:46:36.020+0545] {processor.py:183} INFO - Processing /home/manisha/airflow/dags/basic_dag.py took 0.420 seconds
[2024-06-19T08:47:06.311+0545] {processor.py:161} INFO - Started process (PID=18179) to work on /home/manisha/airflow/dags/basic_dag.py
[2024-06-19T08:47:06.312+0545] {processor.py:830} INFO - Processing file /home/manisha/airflow/dags/basic_dag.py for tasks to queue
[2024-06-19T08:47:06.314+0545] {logging_mixin.py:188} INFO - [2024-06-19T08:47:06.314+0545] {dagbag.py:545} INFO - Filling up the DagBag from /home/manisha/airflow/dags/basic_dag.py
[2024-06-19T08:47:06.330+0545] {processor.py:840} INFO - DAG(s) 'Backup_Database' retrieved from /home/manisha/airflow/dags/basic_dag.py
[2024-06-19T08:47:06.360+0545] {logging_mixin.py:188} INFO - [2024-06-19T08:47:06.359+0545] {dag.py:3096} INFO - Sync 1 DAGs
[2024-06-19T08:47:06.381+0545] {logging_mixin.py:188} INFO - [2024-06-19T08:47:06.380+0545] {dag.py:3954} INFO - Setting next_dagrun for Backup_Database to 2024-06-19 03:00:00+00:00, run_after=2024-06-19 03:10:00+00:00
[2024-06-19T08:47:06.434+0545] {processor.py:183} INFO - Processing /home/manisha/airflow/dags/basic_dag.py took 0.139 seconds
[2024-06-19T08:47:36.570+0545] {processor.py:161} INFO - Started process (PID=18323) to work on /home/manisha/airflow/dags/basic_dag.py
[2024-06-19T08:47:36.600+0545] {processor.py:830} INFO - Processing file /home/manisha/airflow/dags/basic_dag.py for tasks to queue
[2024-06-19T08:47:36.603+0545] {logging_mixin.py:188} INFO - [2024-06-19T08:47:36.603+0545] {dagbag.py:545} INFO - Filling up the DagBag from /home/manisha/airflow/dags/basic_dag.py
[2024-06-19T08:47:36.635+0545] {processor.py:840} INFO - DAG(s) 'Backup_Database' retrieved from /home/manisha/airflow/dags/basic_dag.py
[2024-06-19T08:47:36.664+0545] {logging_mixin.py:188} INFO - [2024-06-19T08:47:36.664+0545] {dag.py:3096} INFO - Sync 1 DAGs
[2024-06-19T08:47:36.684+0545] {logging_mixin.py:188} INFO - [2024-06-19T08:47:36.684+0545] {dag.py:3954} INFO - Setting next_dagrun for Backup_Database to 2024-06-19 03:00:00+00:00, run_after=2024-06-19 03:10:00+00:00
[2024-06-19T08:47:36.743+0545] {processor.py:183} INFO - Processing /home/manisha/airflow/dags/basic_dag.py took 0.191 seconds
[2024-06-19T08:48:06.940+0545] {processor.py:161} INFO - Started process (PID=18333) to work on /home/manisha/airflow/dags/basic_dag.py
[2024-06-19T08:48:06.942+0545] {processor.py:830} INFO - Processing file /home/manisha/airflow/dags/basic_dag.py for tasks to queue
[2024-06-19T08:48:06.944+0545] {logging_mixin.py:188} INFO - [2024-06-19T08:48:06.944+0545] {dagbag.py:545} INFO - Filling up the DagBag from /home/manisha/airflow/dags/basic_dag.py
[2024-06-19T08:48:06.961+0545] {processor.py:840} INFO - DAG(s) 'Backup_Database' retrieved from /home/manisha/airflow/dags/basic_dag.py
[2024-06-19T08:48:06.999+0545] {logging_mixin.py:188} INFO - [2024-06-19T08:48:06.999+0545] {dag.py:3096} INFO - Sync 1 DAGs
[2024-06-19T08:48:07.023+0545] {logging_mixin.py:188} INFO - [2024-06-19T08:48:07.022+0545] {dag.py:3954} INFO - Setting next_dagrun for Backup_Database to 2024-06-19 03:00:00+00:00, run_after=2024-06-19 03:10:00+00:00
[2024-06-19T08:48:07.099+0545] {processor.py:183} INFO - Processing /home/manisha/airflow/dags/basic_dag.py took 0.168 seconds
[2024-06-19T08:48:37.248+0545] {processor.py:161} INFO - Started process (PID=18348) to work on /home/manisha/airflow/dags/basic_dag.py
[2024-06-19T08:48:37.355+0545] {processor.py:830} INFO - Processing file /home/manisha/airflow/dags/basic_dag.py for tasks to queue
[2024-06-19T08:48:37.357+0545] {logging_mixin.py:188} INFO - [2024-06-19T08:48:37.357+0545] {dagbag.py:545} INFO - Filling up the DagBag from /home/manisha/airflow/dags/basic_dag.py
[2024-06-19T08:48:37.373+0545] {processor.py:840} INFO - DAG(s) 'Backup_Database' retrieved from /home/manisha/airflow/dags/basic_dag.py
[2024-06-19T08:48:37.406+0545] {logging_mixin.py:188} INFO - [2024-06-19T08:48:37.405+0545] {dag.py:3096} INFO - Sync 1 DAGs
[2024-06-19T08:48:37.429+0545] {logging_mixin.py:188} INFO - [2024-06-19T08:48:37.429+0545] {dag.py:3954} INFO - Setting next_dagrun for Backup_Database to 2024-06-19 03:00:00+00:00, run_after=2024-06-19 03:10:00+00:00
[2024-06-19T08:48:37.533+0545] {processor.py:183} INFO - Processing /home/manisha/airflow/dags/basic_dag.py took 0.297 seconds
[2024-06-19T08:49:07.591+0545] {processor.py:161} INFO - Started process (PID=18776) to work on /home/manisha/airflow/dags/basic_dag.py
[2024-06-19T08:49:07.592+0545] {processor.py:830} INFO - Processing file /home/manisha/airflow/dags/basic_dag.py for tasks to queue
[2024-06-19T08:49:07.598+0545] {logging_mixin.py:188} INFO - [2024-06-19T08:49:07.596+0545] {dagbag.py:545} INFO - Filling up the DagBag from /home/manisha/airflow/dags/basic_dag.py
[2024-06-19T08:49:07.630+0545] {processor.py:840} INFO - DAG(s) 'Backup_Database' retrieved from /home/manisha/airflow/dags/basic_dag.py
[2024-06-19T08:49:07.831+0545] {logging_mixin.py:188} INFO - [2024-06-19T08:49:07.831+0545] {dag.py:3096} INFO - Sync 1 DAGs
[2024-06-19T08:49:07.854+0545] {logging_mixin.py:188} INFO - [2024-06-19T08:49:07.854+0545] {dag.py:3118} INFO - Creating ORM DAG for Backup_Database
[2024-06-19T08:49:07.875+0545] {logging_mixin.py:188} INFO - [2024-06-19T08:49:07.875+0545] {dag.py:3954} INFO - Setting next_dagrun for Backup_Database to 2024-06-19 02:50:00+00:00, run_after=2024-06-19 03:00:00+00:00
[2024-06-19T08:49:07.970+0545] {processor.py:183} INFO - Processing /home/manisha/airflow/dags/basic_dag.py took 0.389 seconds
[2024-06-19T08:49:38.175+0545] {processor.py:161} INFO - Started process (PID=19375) to work on /home/manisha/airflow/dags/basic_dag.py
[2024-06-19T08:49:38.191+0545] {processor.py:830} INFO - Processing file /home/manisha/airflow/dags/basic_dag.py for tasks to queue
[2024-06-19T08:49:38.194+0545] {logging_mixin.py:188} INFO - [2024-06-19T08:49:38.194+0545] {dagbag.py:545} INFO - Filling up the DagBag from /home/manisha/airflow/dags/basic_dag.py
[2024-06-19T08:49:38.216+0545] {processor.py:840} INFO - DAG(s) 'Backup_Database' retrieved from /home/manisha/airflow/dags/basic_dag.py
[2024-06-19T08:49:38.261+0545] {logging_mixin.py:188} INFO - [2024-06-19T08:49:38.261+0545] {dag.py:3096} INFO - Sync 1 DAGs
[2024-06-19T08:49:38.311+0545] {logging_mixin.py:188} INFO - [2024-06-19T08:49:38.310+0545] {dag.py:3954} INFO - Setting next_dagrun for Backup_Database to 2024-06-19 03:00:00+00:00, run_after=2024-06-19 03:10:00+00:00
[2024-06-19T08:49:38.404+0545] {processor.py:183} INFO - Processing /home/manisha/airflow/dags/basic_dag.py took 0.250 seconds
[2024-06-19T08:50:08.543+0545] {processor.py:161} INFO - Started process (PID=19519) to work on /home/manisha/airflow/dags/basic_dag.py
[2024-06-19T08:50:08.544+0545] {processor.py:830} INFO - Processing file /home/manisha/airflow/dags/basic_dag.py for tasks to queue
[2024-06-19T08:50:08.546+0545] {logging_mixin.py:188} INFO - [2024-06-19T08:50:08.545+0545] {dagbag.py:545} INFO - Filling up the DagBag from /home/manisha/airflow/dags/basic_dag.py
[2024-06-19T08:50:08.568+0545] {processor.py:840} INFO - DAG(s) 'Backup_Database' retrieved from /home/manisha/airflow/dags/basic_dag.py
[2024-06-19T08:50:08.606+0545] {logging_mixin.py:188} INFO - [2024-06-19T08:50:08.606+0545] {dag.py:3096} INFO - Sync 1 DAGs
[2024-06-19T08:50:08.637+0545] {logging_mixin.py:188} INFO - [2024-06-19T08:50:08.637+0545] {dag.py:3954} INFO - Setting next_dagrun for Backup_Database to 2024-06-19 03:00:00+00:00, run_after=2024-06-19 03:10:00+00:00
[2024-06-19T08:50:08.701+0545] {processor.py:183} INFO - Processing /home/manisha/airflow/dags/basic_dag.py took 0.168 seconds
[2024-06-19T08:50:38.934+0545] {processor.py:161} INFO - Started process (PID=20060) to work on /home/manisha/airflow/dags/basic_dag.py
[2024-06-19T08:50:38.986+0545] {processor.py:830} INFO - Processing file /home/manisha/airflow/dags/basic_dag.py for tasks to queue
[2024-06-19T08:50:38.988+0545] {logging_mixin.py:188} INFO - [2024-06-19T08:50:38.988+0545] {dagbag.py:545} INFO - Filling up the DagBag from /home/manisha/airflow/dags/basic_dag.py
[2024-06-19T08:50:39.007+0545] {processor.py:840} INFO - DAG(s) 'Backup_Database' retrieved from /home/manisha/airflow/dags/basic_dag.py
[2024-06-19T08:50:39.039+0545] {logging_mixin.py:188} INFO - [2024-06-19T08:50:39.039+0545] {dag.py:3096} INFO - Sync 1 DAGs
[2024-06-19T08:50:39.061+0545] {logging_mixin.py:188} INFO - [2024-06-19T08:50:39.061+0545] {dag.py:3954} INFO - Setting next_dagrun for Backup_Database to 2024-06-19 03:00:00+00:00, run_after=2024-06-19 03:10:00+00:00
[2024-06-19T08:50:39.156+0545] {processor.py:183} INFO - Processing /home/manisha/airflow/dags/basic_dag.py took 0.239 seconds
[2024-06-19T08:51:09.415+0545] {processor.py:161} INFO - Started process (PID=20075) to work on /home/manisha/airflow/dags/basic_dag.py
[2024-06-19T08:51:09.482+0545] {processor.py:830} INFO - Processing file /home/manisha/airflow/dags/basic_dag.py for tasks to queue
[2024-06-19T08:51:09.486+0545] {logging_mixin.py:188} INFO - [2024-06-19T08:51:09.485+0545] {dagbag.py:545} INFO - Filling up the DagBag from /home/manisha/airflow/dags/basic_dag.py
[2024-06-19T08:51:09.522+0545] {processor.py:840} INFO - DAG(s) 'Backup_Database' retrieved from /home/manisha/airflow/dags/basic_dag.py
[2024-06-19T08:51:09.552+0545] {logging_mixin.py:188} INFO - [2024-06-19T08:51:09.552+0545] {dag.py:3096} INFO - Sync 1 DAGs
[2024-06-19T08:51:09.574+0545] {logging_mixin.py:188} INFO - [2024-06-19T08:51:09.573+0545] {dag.py:3954} INFO - Setting next_dagrun for Backup_Database to 2024-06-19 03:00:00+00:00, run_after=2024-06-19 03:10:00+00:00
[2024-06-19T08:51:09.644+0545] {processor.py:183} INFO - Processing /home/manisha/airflow/dags/basic_dag.py took 0.247 seconds
[2024-06-19T08:51:39.922+0545] {processor.py:161} INFO - Started process (PID=20094) to work on /home/manisha/airflow/dags/basic_dag.py
[2024-06-19T08:51:39.980+0545] {processor.py:830} INFO - Processing file /home/manisha/airflow/dags/basic_dag.py for tasks to queue
[2024-06-19T08:51:39.985+0545] {logging_mixin.py:188} INFO - [2024-06-19T08:51:39.984+0545] {dagbag.py:545} INFO - Filling up the DagBag from /home/manisha/airflow/dags/basic_dag.py
[2024-06-19T08:51:40.022+0545] {processor.py:840} INFO - DAG(s) 'Backup_Database' retrieved from /home/manisha/airflow/dags/basic_dag.py
[2024-06-19T08:51:40.053+0545] {logging_mixin.py:188} INFO - [2024-06-19T08:51:40.053+0545] {dag.py:3096} INFO - Sync 1 DAGs
[2024-06-19T08:51:40.076+0545] {logging_mixin.py:188} INFO - [2024-06-19T08:51:40.075+0545] {dag.py:3954} INFO - Setting next_dagrun for Backup_Database to 2024-06-19 03:00:00+00:00, run_after=2024-06-19 03:10:00+00:00
[2024-06-19T08:51:40.153+0545] {processor.py:183} INFO - Processing /home/manisha/airflow/dags/basic_dag.py took 0.248 seconds
[2024-06-19T08:52:10.417+0545] {processor.py:161} INFO - Started process (PID=20105) to work on /home/manisha/airflow/dags/basic_dag.py
[2024-06-19T08:52:10.423+0545] {processor.py:830} INFO - Processing file /home/manisha/airflow/dags/basic_dag.py for tasks to queue
[2024-06-19T08:52:10.426+0545] {logging_mixin.py:188} INFO - [2024-06-19T08:52:10.425+0545] {dagbag.py:545} INFO - Filling up the DagBag from /home/manisha/airflow/dags/basic_dag.py
[2024-06-19T08:52:10.449+0545] {processor.py:840} INFO - DAG(s) 'Backup_Database' retrieved from /home/manisha/airflow/dags/basic_dag.py
[2024-06-19T08:52:10.481+0545] {logging_mixin.py:188} INFO - [2024-06-19T08:52:10.481+0545] {dag.py:3096} INFO - Sync 1 DAGs
[2024-06-19T08:52:10.506+0545] {logging_mixin.py:188} INFO - [2024-06-19T08:52:10.505+0545] {dag.py:3954} INFO - Setting next_dagrun for Backup_Database to 2024-06-19 03:00:00+00:00, run_after=2024-06-19 03:10:00+00:00
[2024-06-19T08:52:10.594+0545] {processor.py:183} INFO - Processing /home/manisha/airflow/dags/basic_dag.py took 0.192 seconds
[2024-06-19T08:52:40.630+0545] {processor.py:161} INFO - Started process (PID=20122) to work on /home/manisha/airflow/dags/basic_dag.py
[2024-06-19T08:52:40.677+0545] {processor.py:830} INFO - Processing file /home/manisha/airflow/dags/basic_dag.py for tasks to queue
[2024-06-19T08:52:40.680+0545] {logging_mixin.py:188} INFO - [2024-06-19T08:52:40.679+0545] {dagbag.py:545} INFO - Filling up the DagBag from /home/manisha/airflow/dags/basic_dag.py
[2024-06-19T08:52:40.710+0545] {processor.py:840} INFO - DAG(s) 'Backup_Database' retrieved from /home/manisha/airflow/dags/basic_dag.py
[2024-06-19T08:52:40.763+0545] {logging_mixin.py:188} INFO - [2024-06-19T08:52:40.763+0545] {dag.py:3096} INFO - Sync 1 DAGs
[2024-06-19T08:52:40.810+0545] {logging_mixin.py:188} INFO - [2024-06-19T08:52:40.810+0545] {dag.py:3954} INFO - Setting next_dagrun for Backup_Database to 2024-06-19 03:00:00+00:00, run_after=2024-06-19 03:10:00+00:00
[2024-06-19T08:52:40.889+0545] {processor.py:183} INFO - Processing /home/manisha/airflow/dags/basic_dag.py took 0.271 seconds
[2024-06-19T08:53:11.090+0545] {processor.py:161} INFO - Started process (PID=20141) to work on /home/manisha/airflow/dags/basic_dag.py
[2024-06-19T08:53:11.103+0545] {processor.py:830} INFO - Processing file /home/manisha/airflow/dags/basic_dag.py for tasks to queue
[2024-06-19T08:53:11.106+0545] {logging_mixin.py:188} INFO - [2024-06-19T08:53:11.105+0545] {dagbag.py:545} INFO - Filling up the DagBag from /home/manisha/airflow/dags/basic_dag.py
[2024-06-19T08:53:11.126+0545] {processor.py:840} INFO - DAG(s) 'Backup_Database' retrieved from /home/manisha/airflow/dags/basic_dag.py
[2024-06-19T08:53:11.154+0545] {logging_mixin.py:188} INFO - [2024-06-19T08:53:11.154+0545] {dag.py:3096} INFO - Sync 1 DAGs
[2024-06-19T08:53:11.175+0545] {logging_mixin.py:188} INFO - [2024-06-19T08:53:11.174+0545] {dag.py:3954} INFO - Setting next_dagrun for Backup_Database to 2024-06-19 03:00:00+00:00, run_after=2024-06-19 03:10:00+00:00
[2024-06-19T08:53:11.245+0545] {processor.py:183} INFO - Processing /home/manisha/airflow/dags/basic_dag.py took 0.172 seconds
[2024-06-19T08:53:41.373+0545] {processor.py:161} INFO - Started process (PID=20186) to work on /home/manisha/airflow/dags/basic_dag.py
[2024-06-19T08:53:41.374+0545] {processor.py:830} INFO - Processing file /home/manisha/airflow/dags/basic_dag.py for tasks to queue
[2024-06-19T08:53:41.376+0545] {logging_mixin.py:188} INFO - [2024-06-19T08:53:41.376+0545] {dagbag.py:545} INFO - Filling up the DagBag from /home/manisha/airflow/dags/basic_dag.py
[2024-06-19T08:53:41.391+0545] {processor.py:840} INFO - DAG(s) 'Backup_Database' retrieved from /home/manisha/airflow/dags/basic_dag.py
[2024-06-19T08:53:41.419+0545] {logging_mixin.py:188} INFO - [2024-06-19T08:53:41.419+0545] {dag.py:3096} INFO - Sync 1 DAGs
[2024-06-19T08:53:41.440+0545] {logging_mixin.py:188} INFO - [2024-06-19T08:53:41.440+0545] {dag.py:3954} INFO - Setting next_dagrun for Backup_Database to 2024-06-19 03:00:00+00:00, run_after=2024-06-19 03:10:00+00:00
[2024-06-19T08:53:41.503+0545] {processor.py:183} INFO - Processing /home/manisha/airflow/dags/basic_dag.py took 0.136 seconds
[2024-06-19T08:54:11.755+0545] {processor.py:161} INFO - Started process (PID=20203) to work on /home/manisha/airflow/dags/basic_dag.py
[2024-06-19T08:54:11.807+0545] {processor.py:830} INFO - Processing file /home/manisha/airflow/dags/basic_dag.py for tasks to queue
[2024-06-19T08:54:11.812+0545] {logging_mixin.py:188} INFO - [2024-06-19T08:54:11.811+0545] {dagbag.py:545} INFO - Filling up the DagBag from /home/manisha/airflow/dags/basic_dag.py
[2024-06-19T08:54:11.845+0545] {processor.py:840} INFO - DAG(s) 'Backup_Database' retrieved from /home/manisha/airflow/dags/basic_dag.py
[2024-06-19T08:54:11.875+0545] {logging_mixin.py:188} INFO - [2024-06-19T08:54:11.874+0545] {dag.py:3096} INFO - Sync 1 DAGs
[2024-06-19T08:54:11.917+0545] {logging_mixin.py:188} INFO - [2024-06-19T08:54:11.916+0545] {dag.py:3954} INFO - Setting next_dagrun for Backup_Database to 2024-06-19 03:00:00+00:00, run_after=2024-06-19 03:10:00+00:00
[2024-06-19T08:54:11.992+0545] {processor.py:183} INFO - Processing /home/manisha/airflow/dags/basic_dag.py took 0.249 seconds
[2024-06-19T08:54:42.247+0545] {processor.py:161} INFO - Started process (PID=20289) to work on /home/manisha/airflow/dags/basic_dag.py
[2024-06-19T08:54:42.248+0545] {processor.py:830} INFO - Processing file /home/manisha/airflow/dags/basic_dag.py for tasks to queue
[2024-06-19T08:54:42.250+0545] {logging_mixin.py:188} INFO - [2024-06-19T08:54:42.250+0545] {dagbag.py:545} INFO - Filling up the DagBag from /home/manisha/airflow/dags/basic_dag.py
[2024-06-19T08:54:42.267+0545] {processor.py:840} INFO - DAG(s) 'Backup_Database' retrieved from /home/manisha/airflow/dags/basic_dag.py
[2024-06-19T08:54:42.296+0545] {logging_mixin.py:188} INFO - [2024-06-19T08:54:42.296+0545] {dag.py:3096} INFO - Sync 1 DAGs
[2024-06-19T08:54:42.318+0545] {logging_mixin.py:188} INFO - [2024-06-19T08:54:42.318+0545] {dag.py:3954} INFO - Setting next_dagrun for Backup_Database to 2024-06-19 03:00:00+00:00, run_after=2024-06-19 03:10:00+00:00
[2024-06-19T08:54:42.402+0545] {processor.py:183} INFO - Processing /home/manisha/airflow/dags/basic_dag.py took 0.165 seconds
[2024-06-19T08:55:12.505+0545] {processor.py:161} INFO - Started process (PID=20765) to work on /home/manisha/airflow/dags/basic_dag.py
[2024-06-19T08:55:12.520+0545] {processor.py:830} INFO - Processing file /home/manisha/airflow/dags/basic_dag.py for tasks to queue
[2024-06-19T08:55:12.524+0545] {logging_mixin.py:188} INFO - [2024-06-19T08:55:12.523+0545] {dagbag.py:545} INFO - Filling up the DagBag from /home/manisha/airflow/dags/basic_dag.py
[2024-06-19T08:55:12.549+0545] {processor.py:840} INFO - DAG(s) 'Backup_Database' retrieved from /home/manisha/airflow/dags/basic_dag.py
[2024-06-19T08:55:12.578+0545] {logging_mixin.py:188} INFO - [2024-06-19T08:55:12.578+0545] {dag.py:3096} INFO - Sync 1 DAGs
[2024-06-19T08:55:12.601+0545] {logging_mixin.py:188} INFO - [2024-06-19T08:55:12.600+0545] {dag.py:3954} INFO - Setting next_dagrun for Backup_Database to 2024-06-19 03:10:00+00:00, run_after=2024-06-19 03:20:00+00:00
[2024-06-19T08:55:12.706+0545] {processor.py:183} INFO - Processing /home/manisha/airflow/dags/basic_dag.py took 0.218 seconds
[2024-06-19T08:55:42.975+0545] {processor.py:161} INFO - Started process (PID=20850) to work on /home/manisha/airflow/dags/basic_dag.py
[2024-06-19T08:55:42.977+0545] {processor.py:830} INFO - Processing file /home/manisha/airflow/dags/basic_dag.py for tasks to queue
[2024-06-19T08:55:42.981+0545] {logging_mixin.py:188} INFO - [2024-06-19T08:55:42.980+0545] {dagbag.py:545} INFO - Filling up the DagBag from /home/manisha/airflow/dags/basic_dag.py
[2024-06-19T08:55:43.001+0545] {processor.py:840} INFO - DAG(s) 'Backup_Database' retrieved from /home/manisha/airflow/dags/basic_dag.py
[2024-06-19T08:55:43.028+0545] {logging_mixin.py:188} INFO - [2024-06-19T08:55:43.028+0545] {dag.py:3096} INFO - Sync 1 DAGs
[2024-06-19T08:55:43.049+0545] {logging_mixin.py:188} INFO - [2024-06-19T08:55:43.049+0545] {dag.py:3954} INFO - Setting next_dagrun for Backup_Database to 2024-06-19 03:10:00+00:00, run_after=2024-06-19 03:20:00+00:00
[2024-06-19T08:55:43.146+0545] {processor.py:183} INFO - Processing /home/manisha/airflow/dags/basic_dag.py took 0.190 seconds
[2024-06-19T08:56:13.218+0545] {processor.py:161} INFO - Started process (PID=20989) to work on /home/manisha/airflow/dags/basic_dag.py
[2024-06-19T08:56:13.236+0545] {processor.py:830} INFO - Processing file /home/manisha/airflow/dags/basic_dag.py for tasks to queue
[2024-06-19T08:56:13.239+0545] {logging_mixin.py:188} INFO - [2024-06-19T08:56:13.239+0545] {dagbag.py:545} INFO - Filling up the DagBag from /home/manisha/airflow/dags/basic_dag.py
[2024-06-19T08:56:13.271+0545] {processor.py:840} INFO - DAG(s) 'Backup_Database' retrieved from /home/manisha/airflow/dags/basic_dag.py
[2024-06-19T08:56:13.302+0545] {logging_mixin.py:188} INFO - [2024-06-19T08:56:13.302+0545] {dag.py:3096} INFO - Sync 1 DAGs
[2024-06-19T08:56:13.324+0545] {logging_mixin.py:188} INFO - [2024-06-19T08:56:13.324+0545] {dag.py:3954} INFO - Setting next_dagrun for Backup_Database to 2024-06-19 03:10:00+00:00, run_after=2024-06-19 03:20:00+00:00
[2024-06-19T08:56:13.411+0545] {processor.py:183} INFO - Processing /home/manisha/airflow/dags/basic_dag.py took 0.201 seconds
[2024-06-19T08:56:43.646+0545] {processor.py:161} INFO - Started process (PID=21191) to work on /home/manisha/airflow/dags/basic_dag.py
[2024-06-19T08:56:43.659+0545] {processor.py:830} INFO - Processing file /home/manisha/airflow/dags/basic_dag.py for tasks to queue
[2024-06-19T08:56:43.662+0545] {logging_mixin.py:188} INFO - [2024-06-19T08:56:43.662+0545] {dagbag.py:545} INFO - Filling up the DagBag from /home/manisha/airflow/dags/basic_dag.py
[2024-06-19T08:56:43.685+0545] {processor.py:840} INFO - DAG(s) 'Backup_Database' retrieved from /home/manisha/airflow/dags/basic_dag.py
[2024-06-19T08:56:43.712+0545] {logging_mixin.py:188} INFO - [2024-06-19T08:56:43.712+0545] {dag.py:3096} INFO - Sync 1 DAGs
[2024-06-19T08:56:43.731+0545] {logging_mixin.py:188} INFO - [2024-06-19T08:56:43.731+0545] {dag.py:3954} INFO - Setting next_dagrun for Backup_Database to 2024-06-19 03:10:00+00:00, run_after=2024-06-19 03:20:00+00:00
[2024-06-19T08:56:43.797+0545] {processor.py:183} INFO - Processing /home/manisha/airflow/dags/basic_dag.py took 0.169 seconds
[2024-06-19T08:57:13.959+0545] {processor.py:161} INFO - Started process (PID=21204) to work on /home/manisha/airflow/dags/basic_dag.py
[2024-06-19T08:57:14.031+0545] {processor.py:830} INFO - Processing file /home/manisha/airflow/dags/basic_dag.py for tasks to queue
[2024-06-19T08:57:14.039+0545] {logging_mixin.py:188} INFO - [2024-06-19T08:57:14.037+0545] {dagbag.py:545} INFO - Filling up the DagBag from /home/manisha/airflow/dags/basic_dag.py
[2024-06-19T08:57:14.076+0545] {processor.py:840} INFO - DAG(s) 'Backup_Database' retrieved from /home/manisha/airflow/dags/basic_dag.py
[2024-06-19T08:57:14.106+0545] {logging_mixin.py:188} INFO - [2024-06-19T08:57:14.106+0545] {dag.py:3096} INFO - Sync 1 DAGs
[2024-06-19T08:57:14.131+0545] {logging_mixin.py:188} INFO - [2024-06-19T08:57:14.131+0545] {dag.py:3954} INFO - Setting next_dagrun for Backup_Database to 2024-06-19 03:10:00+00:00, run_after=2024-06-19 03:20:00+00:00
[2024-06-19T08:57:14.227+0545] {processor.py:183} INFO - Processing /home/manisha/airflow/dags/basic_dag.py took 0.275 seconds
[2024-06-19T08:57:44.311+0545] {processor.py:161} INFO - Started process (PID=21223) to work on /home/manisha/airflow/dags/basic_dag.py
[2024-06-19T08:57:44.312+0545] {processor.py:830} INFO - Processing file /home/manisha/airflow/dags/basic_dag.py for tasks to queue
[2024-06-19T08:57:44.313+0545] {logging_mixin.py:188} INFO - [2024-06-19T08:57:44.313+0545] {dagbag.py:545} INFO - Filling up the DagBag from /home/manisha/airflow/dags/basic_dag.py
[2024-06-19T08:57:44.332+0545] {processor.py:840} INFO - DAG(s) 'Backup_Database' retrieved from /home/manisha/airflow/dags/basic_dag.py
[2024-06-19T08:57:44.361+0545] {logging_mixin.py:188} INFO - [2024-06-19T08:57:44.360+0545] {dag.py:3096} INFO - Sync 1 DAGs
[2024-06-19T08:57:44.386+0545] {logging_mixin.py:188} INFO - [2024-06-19T08:57:44.385+0545] {dag.py:3954} INFO - Setting next_dagrun for Backup_Database to 2024-06-19 03:10:00+00:00, run_after=2024-06-19 03:20:00+00:00
[2024-06-19T08:57:44.479+0545] {processor.py:183} INFO - Processing /home/manisha/airflow/dags/basic_dag.py took 0.176 seconds
[2024-06-19T08:58:14.788+0545] {processor.py:161} INFO - Started process (PID=21228) to work on /home/manisha/airflow/dags/basic_dag.py
[2024-06-19T08:58:14.810+0545] {processor.py:830} INFO - Processing file /home/manisha/airflow/dags/basic_dag.py for tasks to queue
[2024-06-19T08:58:14.814+0545] {logging_mixin.py:188} INFO - [2024-06-19T08:58:14.813+0545] {dagbag.py:545} INFO - Filling up the DagBag from /home/manisha/airflow/dags/basic_dag.py
[2024-06-19T08:58:14.851+0545] {processor.py:840} INFO - DAG(s) 'Backup_Database' retrieved from /home/manisha/airflow/dags/basic_dag.py
[2024-06-19T08:58:14.881+0545] {logging_mixin.py:188} INFO - [2024-06-19T08:58:14.880+0545] {dag.py:3096} INFO - Sync 1 DAGs
[2024-06-19T08:58:14.908+0545] {logging_mixin.py:188} INFO - [2024-06-19T08:58:14.908+0545] {dag.py:3954} INFO - Setting next_dagrun for Backup_Database to 2024-06-19 03:10:00+00:00, run_after=2024-06-19 03:20:00+00:00
[2024-06-19T08:58:14.987+0545] {processor.py:183} INFO - Processing /home/manisha/airflow/dags/basic_dag.py took 0.205 seconds
[2024-06-19T08:58:45.060+0545] {processor.py:161} INFO - Started process (PID=21249) to work on /home/manisha/airflow/dags/basic_dag.py
[2024-06-19T08:58:45.061+0545] {processor.py:830} INFO - Processing file /home/manisha/airflow/dags/basic_dag.py for tasks to queue
[2024-06-19T08:58:45.062+0545] {logging_mixin.py:188} INFO - [2024-06-19T08:58:45.062+0545] {dagbag.py:545} INFO - Filling up the DagBag from /home/manisha/airflow/dags/basic_dag.py
[2024-06-19T08:58:45.080+0545] {processor.py:840} INFO - DAG(s) 'Backup_Database' retrieved from /home/manisha/airflow/dags/basic_dag.py
[2024-06-19T08:58:45.110+0545] {logging_mixin.py:188} INFO - [2024-06-19T08:58:45.109+0545] {dag.py:3096} INFO - Sync 1 DAGs
[2024-06-19T08:58:45.130+0545] {logging_mixin.py:188} INFO - [2024-06-19T08:58:45.130+0545] {dag.py:3954} INFO - Setting next_dagrun for Backup_Database to 2024-06-19 03:10:00+00:00, run_after=2024-06-19 03:20:00+00:00
[2024-06-19T08:58:45.201+0545] {processor.py:183} INFO - Processing /home/manisha/airflow/dags/basic_dag.py took 0.149 seconds
[2024-06-19T08:59:15.319+0545] {processor.py:161} INFO - Started process (PID=21260) to work on /home/manisha/airflow/dags/basic_dag.py
[2024-06-19T08:59:15.344+0545] {processor.py:830} INFO - Processing file /home/manisha/airflow/dags/basic_dag.py for tasks to queue
[2024-06-19T08:59:15.347+0545] {logging_mixin.py:188} INFO - [2024-06-19T08:59:15.346+0545] {dagbag.py:545} INFO - Filling up the DagBag from /home/manisha/airflow/dags/basic_dag.py
[2024-06-19T08:59:15.373+0545] {processor.py:840} INFO - DAG(s) 'Backup_Database' retrieved from /home/manisha/airflow/dags/basic_dag.py
[2024-06-19T08:59:15.403+0545] {logging_mixin.py:188} INFO - [2024-06-19T08:59:15.403+0545] {dag.py:3096} INFO - Sync 1 DAGs
[2024-06-19T08:59:15.428+0545] {logging_mixin.py:188} INFO - [2024-06-19T08:59:15.428+0545] {dag.py:3954} INFO - Setting next_dagrun for Backup_Database to 2024-06-19 03:10:00+00:00, run_after=2024-06-19 03:20:00+00:00
[2024-06-19T08:59:15.523+0545] {processor.py:183} INFO - Processing /home/manisha/airflow/dags/basic_dag.py took 0.224 seconds
[2024-06-19T08:59:45.679+0545] {processor.py:161} INFO - Started process (PID=21276) to work on /home/manisha/airflow/dags/basic_dag.py
[2024-06-19T08:59:45.679+0545] {processor.py:830} INFO - Processing file /home/manisha/airflow/dags/basic_dag.py for tasks to queue
[2024-06-19T08:59:45.681+0545] {logging_mixin.py:188} INFO - [2024-06-19T08:59:45.681+0545] {dagbag.py:545} INFO - Filling up the DagBag from /home/manisha/airflow/dags/basic_dag.py
[2024-06-19T08:59:45.698+0545] {processor.py:840} INFO - DAG(s) 'Backup_Database' retrieved from /home/manisha/airflow/dags/basic_dag.py
[2024-06-19T08:59:45.726+0545] {logging_mixin.py:188} INFO - [2024-06-19T08:59:45.726+0545] {dag.py:3096} INFO - Sync 1 DAGs
[2024-06-19T08:59:45.747+0545] {logging_mixin.py:188} INFO - [2024-06-19T08:59:45.747+0545] {dag.py:3954} INFO - Setting next_dagrun for Backup_Database to 2024-06-19 03:10:00+00:00, run_after=2024-06-19 03:20:00+00:00
[2024-06-19T08:59:45.856+0545] {processor.py:183} INFO - Processing /home/manisha/airflow/dags/basic_dag.py took 0.184 seconds
[2024-06-19T09:00:16.039+0545] {processor.py:161} INFO - Started process (PID=21418) to work on /home/manisha/airflow/dags/basic_dag.py
[2024-06-19T09:00:16.082+0545] {processor.py:830} INFO - Processing file /home/manisha/airflow/dags/basic_dag.py for tasks to queue
[2024-06-19T09:00:16.087+0545] {logging_mixin.py:188} INFO - [2024-06-19T09:00:16.086+0545] {dagbag.py:545} INFO - Filling up the DagBag from /home/manisha/airflow/dags/basic_dag.py
[2024-06-19T09:00:16.124+0545] {processor.py:840} INFO - DAG(s) 'Backup_Database' retrieved from /home/manisha/airflow/dags/basic_dag.py
[2024-06-19T09:00:16.153+0545] {logging_mixin.py:188} INFO - [2024-06-19T09:00:16.153+0545] {dag.py:3096} INFO - Sync 1 DAGs
[2024-06-19T09:00:16.174+0545] {logging_mixin.py:188} INFO - [2024-06-19T09:00:16.174+0545] {dag.py:3954} INFO - Setting next_dagrun for Backup_Database to 2024-06-19 03:10:00+00:00, run_after=2024-06-19 03:20:00+00:00
[2024-06-19T09:00:16.237+0545] {processor.py:183} INFO - Processing /home/manisha/airflow/dags/basic_dag.py took 0.204 seconds
[2024-06-19T09:00:46.382+0545] {processor.py:161} INFO - Started process (PID=21429) to work on /home/manisha/airflow/dags/basic_dag.py
[2024-06-19T09:00:46.383+0545] {processor.py:830} INFO - Processing file /home/manisha/airflow/dags/basic_dag.py for tasks to queue
[2024-06-19T09:00:46.386+0545] {logging_mixin.py:188} INFO - [2024-06-19T09:00:46.386+0545] {dagbag.py:545} INFO - Filling up the DagBag from /home/manisha/airflow/dags/basic_dag.py
[2024-06-19T09:00:46.402+0545] {processor.py:840} INFO - DAG(s) 'Backup_Database' retrieved from /home/manisha/airflow/dags/basic_dag.py
[2024-06-19T09:00:46.430+0545] {logging_mixin.py:188} INFO - [2024-06-19T09:00:46.430+0545] {dag.py:3096} INFO - Sync 1 DAGs
[2024-06-19T09:00:46.450+0545] {logging_mixin.py:188} INFO - [2024-06-19T09:00:46.450+0545] {dag.py:3954} INFO - Setting next_dagrun for Backup_Database to 2024-06-19 03:10:00+00:00, run_after=2024-06-19 03:20:00+00:00
[2024-06-19T09:00:46.538+0545] {processor.py:183} INFO - Processing /home/manisha/airflow/dags/basic_dag.py took 0.173 seconds
[2024-06-19T09:01:16.743+0545] {processor.py:161} INFO - Started process (PID=21440) to work on /home/manisha/airflow/dags/basic_dag.py
[2024-06-19T09:01:16.754+0545] {processor.py:830} INFO - Processing file /home/manisha/airflow/dags/basic_dag.py for tasks to queue
[2024-06-19T09:01:16.756+0545] {logging_mixin.py:188} INFO - [2024-06-19T09:01:16.755+0545] {dagbag.py:545} INFO - Filling up the DagBag from /home/manisha/airflow/dags/basic_dag.py
[2024-06-19T09:01:16.771+0545] {processor.py:840} INFO - DAG(s) 'Backup_Database' retrieved from /home/manisha/airflow/dags/basic_dag.py
[2024-06-19T09:01:16.800+0545] {logging_mixin.py:188} INFO - [2024-06-19T09:01:16.800+0545] {dag.py:3096} INFO - Sync 1 DAGs
[2024-06-19T09:01:16.821+0545] {logging_mixin.py:188} INFO - [2024-06-19T09:01:16.821+0545] {dag.py:3954} INFO - Setting next_dagrun for Backup_Database to 2024-06-19 03:10:00+00:00, run_after=2024-06-19 03:20:00+00:00
[2024-06-19T09:01:16.887+0545] {processor.py:183} INFO - Processing /home/manisha/airflow/dags/basic_dag.py took 0.153 seconds
[2024-06-19T09:01:48.839+0545] {processor.py:161} INFO - Started process (PID=21846) to work on /home/manisha/airflow/dags/basic_dag.py
[2024-06-19T09:01:48.852+0545] {processor.py:830} INFO - Processing file /home/manisha/airflow/dags/basic_dag.py for tasks to queue
[2024-06-19T09:01:48.853+0545] {logging_mixin.py:188} INFO - [2024-06-19T09:01:48.853+0545] {dagbag.py:545} INFO - Filling up the DagBag from /home/manisha/airflow/dags/basic_dag.py
[2024-06-19T09:01:48.868+0545] {processor.py:840} INFO - DAG(s) 'Backup_Database' retrieved from /home/manisha/airflow/dags/basic_dag.py
[2024-06-19T09:01:48.892+0545] {logging_mixin.py:188} INFO - [2024-06-19T09:01:48.891+0545] {dag.py:3096} INFO - Sync 1 DAGs
[2024-06-19T09:01:48.920+0545] {logging_mixin.py:188} INFO - [2024-06-19T09:01:48.919+0545] {dag.py:3954} INFO - Setting next_dagrun for Backup_Database to 2024-06-19 03:10:00+00:00, run_after=2024-06-19 03:20:00+00:00
[2024-06-19T09:01:48.983+0545] {processor.py:183} INFO - Processing /home/manisha/airflow/dags/basic_dag.py took 0.151 seconds
[2024-06-19T09:02:19.108+0545] {processor.py:161} INFO - Started process (PID=22553) to work on /home/manisha/airflow/dags/basic_dag.py
[2024-06-19T09:02:19.129+0545] {processor.py:830} INFO - Processing file /home/manisha/airflow/dags/basic_dag.py for tasks to queue
[2024-06-19T09:02:19.132+0545] {logging_mixin.py:188} INFO - [2024-06-19T09:02:19.131+0545] {dagbag.py:545} INFO - Filling up the DagBag from /home/manisha/airflow/dags/basic_dag.py
[2024-06-19T09:02:19.157+0545] {processor.py:840} INFO - DAG(s) 'Backup_Database' retrieved from /home/manisha/airflow/dags/basic_dag.py
[2024-06-19T09:02:19.317+0545] {logging_mixin.py:188} INFO - [2024-06-19T09:02:19.317+0545] {dag.py:3096} INFO - Sync 1 DAGs
[2024-06-19T09:02:19.330+0545] {logging_mixin.py:188} INFO - [2024-06-19T09:02:19.330+0545] {dag.py:3118} INFO - Creating ORM DAG for Backup_Database
[2024-06-19T09:02:19.342+0545] {logging_mixin.py:188} INFO - [2024-06-19T09:02:19.342+0545] {dag.py:3954} INFO - Setting next_dagrun for Backup_Database to 2024-06-19 03:00:00+00:00, run_after=2024-06-19 03:10:00+00:00
[2024-06-19T09:02:19.466+0545] {processor.py:183} INFO - Processing /home/manisha/airflow/dags/basic_dag.py took 0.367 seconds
[2024-06-19T09:02:49.727+0545] {processor.py:161} INFO - Started process (PID=22622) to work on /home/manisha/airflow/dags/basic_dag.py
[2024-06-19T09:02:49.812+0545] {processor.py:830} INFO - Processing file /home/manisha/airflow/dags/basic_dag.py for tasks to queue
[2024-06-19T09:02:49.814+0545] {logging_mixin.py:188} INFO - [2024-06-19T09:02:49.814+0545] {dagbag.py:545} INFO - Filling up the DagBag from /home/manisha/airflow/dags/basic_dag.py
[2024-06-19T09:02:49.827+0545] {processor.py:840} INFO - DAG(s) 'Backup_Database' retrieved from /home/manisha/airflow/dags/basic_dag.py
[2024-06-19T09:02:49.854+0545] {logging_mixin.py:188} INFO - [2024-06-19T09:02:49.854+0545] {dag.py:3096} INFO - Sync 1 DAGs
[2024-06-19T09:02:49.875+0545] {logging_mixin.py:188} INFO - [2024-06-19T09:02:49.874+0545] {dag.py:3954} INFO - Setting next_dagrun for Backup_Database to 2024-06-19 03:00:00+00:00, run_after=2024-06-19 03:10:00+00:00
[2024-06-19T09:02:50.303+0545] {processor.py:183} INFO - Processing /home/manisha/airflow/dags/basic_dag.py took 0.583 seconds
[2024-06-19T09:03:20.604+0545] {processor.py:161} INFO - Started process (PID=22794) to work on /home/manisha/airflow/dags/basic_dag.py
[2024-06-19T09:03:20.632+0545] {processor.py:830} INFO - Processing file /home/manisha/airflow/dags/basic_dag.py for tasks to queue
[2024-06-19T09:03:20.636+0545] {logging_mixin.py:188} INFO - [2024-06-19T09:03:20.635+0545] {dagbag.py:545} INFO - Filling up the DagBag from /home/manisha/airflow/dags/basic_dag.py
[2024-06-19T09:03:20.670+0545] {processor.py:840} INFO - DAG(s) 'Backup_Database' retrieved from /home/manisha/airflow/dags/basic_dag.py
[2024-06-19T09:03:20.699+0545] {logging_mixin.py:188} INFO - [2024-06-19T09:03:20.699+0545] {dag.py:3096} INFO - Sync 1 DAGs
[2024-06-19T09:03:20.719+0545] {logging_mixin.py:188} INFO - [2024-06-19T09:03:20.719+0545] {dag.py:3954} INFO - Setting next_dagrun for Backup_Database to 2024-06-19 03:00:00+00:00, run_after=2024-06-19 03:10:00+00:00
[2024-06-19T09:03:20.777+0545] {processor.py:183} INFO - Processing /home/manisha/airflow/dags/basic_dag.py took 0.180 seconds
[2024-06-19T09:03:50.902+0545] {processor.py:161} INFO - Started process (PID=22858) to work on /home/manisha/airflow/dags/basic_dag.py
[2024-06-19T09:03:50.939+0545] {processor.py:830} INFO - Processing file /home/manisha/airflow/dags/basic_dag.py for tasks to queue
[2024-06-19T09:03:50.943+0545] {logging_mixin.py:188} INFO - [2024-06-19T09:03:50.942+0545] {dagbag.py:545} INFO - Filling up the DagBag from /home/manisha/airflow/dags/basic_dag.py
[2024-06-19T09:03:50.975+0545] {processor.py:840} INFO - DAG(s) 'Backup_Database' retrieved from /home/manisha/airflow/dags/basic_dag.py
[2024-06-19T09:03:51.009+0545] {logging_mixin.py:188} INFO - [2024-06-19T09:03:51.009+0545] {dag.py:3096} INFO - Sync 1 DAGs
[2024-06-19T09:03:51.037+0545] {logging_mixin.py:188} INFO - [2024-06-19T09:03:51.037+0545] {dag.py:3954} INFO - Setting next_dagrun for Backup_Database to 2024-06-19 03:00:00+00:00, run_after=2024-06-19 03:10:00+00:00
[2024-06-19T09:03:51.118+0545] {processor.py:183} INFO - Processing /home/manisha/airflow/dags/basic_dag.py took 0.233 seconds
[2024-06-19T09:04:21.305+0545] {processor.py:161} INFO - Started process (PID=22967) to work on /home/manisha/airflow/dags/basic_dag.py
[2024-06-19T09:04:21.319+0545] {processor.py:830} INFO - Processing file /home/manisha/airflow/dags/basic_dag.py for tasks to queue
[2024-06-19T09:04:21.321+0545] {logging_mixin.py:188} INFO - [2024-06-19T09:04:21.320+0545] {dagbag.py:545} INFO - Filling up the DagBag from /home/manisha/airflow/dags/basic_dag.py
[2024-06-19T09:04:21.340+0545] {processor.py:840} INFO - DAG(s) 'Backup_Database' retrieved from /home/manisha/airflow/dags/basic_dag.py
[2024-06-19T09:04:21.377+0545] {logging_mixin.py:188} INFO - [2024-06-19T09:04:21.377+0545] {dag.py:3096} INFO - Sync 1 DAGs
[2024-06-19T09:04:21.405+0545] {logging_mixin.py:188} INFO - [2024-06-19T09:04:21.405+0545] {dag.py:3954} INFO - Setting next_dagrun for Backup_Database to 2024-06-19 03:00:00+00:00, run_after=2024-06-19 03:10:00+00:00
[2024-06-19T09:04:21.502+0545] {processor.py:183} INFO - Processing /home/manisha/airflow/dags/basic_dag.py took 0.210 seconds
[2024-06-19T09:04:51.620+0545] {processor.py:161} INFO - Started process (PID=23131) to work on /home/manisha/airflow/dags/basic_dag.py
[2024-06-19T09:04:51.626+0545] {processor.py:830} INFO - Processing file /home/manisha/airflow/dags/basic_dag.py for tasks to queue
[2024-06-19T09:04:51.627+0545] {logging_mixin.py:188} INFO - [2024-06-19T09:04:51.627+0545] {dagbag.py:545} INFO - Filling up the DagBag from /home/manisha/airflow/dags/basic_dag.py
[2024-06-19T09:04:51.641+0545] {processor.py:840} INFO - DAG(s) 'Backup_Database' retrieved from /home/manisha/airflow/dags/basic_dag.py
[2024-06-19T09:04:51.670+0545] {logging_mixin.py:188} INFO - [2024-06-19T09:04:51.670+0545] {dag.py:3096} INFO - Sync 1 DAGs
[2024-06-19T09:04:51.693+0545] {logging_mixin.py:188} INFO - [2024-06-19T09:04:51.693+0545] {dag.py:3954} INFO - Setting next_dagrun for Backup_Database to 2024-06-19 03:00:00+00:00, run_after=2024-06-19 03:10:00+00:00
[2024-06-19T09:04:51.773+0545] {processor.py:183} INFO - Processing /home/manisha/airflow/dags/basic_dag.py took 0.160 seconds
[2024-06-19T09:05:22.054+0545] {processor.py:161} INFO - Started process (PID=23139) to work on /home/manisha/airflow/dags/basic_dag.py
[2024-06-19T09:05:22.091+0545] {processor.py:830} INFO - Processing file /home/manisha/airflow/dags/basic_dag.py for tasks to queue
[2024-06-19T09:05:22.097+0545] {logging_mixin.py:188} INFO - [2024-06-19T09:05:22.095+0545] {dagbag.py:545} INFO - Filling up the DagBag from /home/manisha/airflow/dags/basic_dag.py
[2024-06-19T09:05:22.133+0545] {processor.py:840} INFO - DAG(s) 'Backup_Database' retrieved from /home/manisha/airflow/dags/basic_dag.py
[2024-06-19T09:05:22.163+0545] {logging_mixin.py:188} INFO - [2024-06-19T09:05:22.163+0545] {dag.py:3096} INFO - Sync 1 DAGs
[2024-06-19T09:05:22.185+0545] {logging_mixin.py:188} INFO - [2024-06-19T09:05:22.185+0545] {dag.py:3954} INFO - Setting next_dagrun for Backup_Database to 2024-06-19 03:10:00+00:00, run_after=2024-06-19 03:20:00+00:00
[2024-06-19T09:05:22.292+0545] {processor.py:183} INFO - Processing /home/manisha/airflow/dags/basic_dag.py took 0.250 seconds
[2024-06-19T09:05:52.546+0545] {processor.py:161} INFO - Started process (PID=23310) to work on /home/manisha/airflow/dags/basic_dag.py
[2024-06-19T09:05:52.612+0545] {processor.py:830} INFO - Processing file /home/manisha/airflow/dags/basic_dag.py for tasks to queue
[2024-06-19T09:05:52.617+0545] {logging_mixin.py:188} INFO - [2024-06-19T09:05:52.616+0545] {dagbag.py:545} INFO - Filling up the DagBag from /home/manisha/airflow/dags/basic_dag.py
[2024-06-19T09:05:52.653+0545] {processor.py:840} INFO - DAG(s) 'Backup_Database' retrieved from /home/manisha/airflow/dags/basic_dag.py
[2024-06-19T09:05:52.690+0545] {logging_mixin.py:188} INFO - [2024-06-19T09:05:52.690+0545] {dag.py:3096} INFO - Sync 1 DAGs
[2024-06-19T09:05:52.709+0545] {logging_mixin.py:188} INFO - [2024-06-19T09:05:52.709+0545] {dag.py:3954} INFO - Setting next_dagrun for Backup_Database to 2024-06-19 03:10:00+00:00, run_after=2024-06-19 03:20:00+00:00
[2024-06-19T09:05:52.787+0545] {processor.py:183} INFO - Processing /home/manisha/airflow/dags/basic_dag.py took 0.246 seconds
[2024-06-19T09:06:23.066+0545] {processor.py:161} INFO - Started process (PID=23316) to work on /home/manisha/airflow/dags/basic_dag.py
[2024-06-19T09:06:23.081+0545] {processor.py:830} INFO - Processing file /home/manisha/airflow/dags/basic_dag.py for tasks to queue
[2024-06-19T09:06:23.084+0545] {logging_mixin.py:188} INFO - [2024-06-19T09:06:23.083+0545] {dagbag.py:545} INFO - Filling up the DagBag from /home/manisha/airflow/dags/basic_dag.py
[2024-06-19T09:06:23.102+0545] {processor.py:840} INFO - DAG(s) 'Backup_Database' retrieved from /home/manisha/airflow/dags/basic_dag.py
[2024-06-19T09:06:23.130+0545] {logging_mixin.py:188} INFO - [2024-06-19T09:06:23.130+0545] {dag.py:3096} INFO - Sync 1 DAGs
[2024-06-19T09:06:23.149+0545] {logging_mixin.py:188} INFO - [2024-06-19T09:06:23.149+0545] {dag.py:3954} INFO - Setting next_dagrun for Backup_Database to 2024-06-19 03:10:00+00:00, run_after=2024-06-19 03:20:00+00:00
[2024-06-19T09:06:23.256+0545] {processor.py:183} INFO - Processing /home/manisha/airflow/dags/basic_dag.py took 0.208 seconds
[2024-06-19T09:06:53.406+0545] {processor.py:161} INFO - Started process (PID=23482) to work on /home/manisha/airflow/dags/basic_dag.py
[2024-06-19T09:06:53.423+0545] {processor.py:830} INFO - Processing file /home/manisha/airflow/dags/basic_dag.py for tasks to queue
[2024-06-19T09:06:53.426+0545] {logging_mixin.py:188} INFO - [2024-06-19T09:06:53.425+0545] {dagbag.py:545} INFO - Filling up the DagBag from /home/manisha/airflow/dags/basic_dag.py
[2024-06-19T09:06:53.451+0545] {processor.py:840} INFO - DAG(s) 'Backup_Database' retrieved from /home/manisha/airflow/dags/basic_dag.py
[2024-06-19T09:06:53.479+0545] {logging_mixin.py:188} INFO - [2024-06-19T09:06:53.479+0545] {dag.py:3096} INFO - Sync 1 DAGs
[2024-06-19T09:06:53.500+0545] {logging_mixin.py:188} INFO - [2024-06-19T09:06:53.500+0545] {dag.py:3954} INFO - Setting next_dagrun for Backup_Database to 2024-06-19 03:10:00+00:00, run_after=2024-06-19 03:20:00+00:00
[2024-06-19T09:06:53.625+0545] {processor.py:183} INFO - Processing /home/manisha/airflow/dags/basic_dag.py took 0.237 seconds
[2024-06-19T09:07:23.814+0545] {processor.py:161} INFO - Started process (PID=23652) to work on /home/manisha/airflow/dags/basic_dag.py
[2024-06-19T09:07:23.849+0545] {processor.py:830} INFO - Processing file /home/manisha/airflow/dags/basic_dag.py for tasks to queue
[2024-06-19T09:07:23.852+0545] {logging_mixin.py:188} INFO - [2024-06-19T09:07:23.852+0545] {dagbag.py:545} INFO - Filling up the DagBag from /home/manisha/airflow/dags/basic_dag.py
[2024-06-19T09:07:23.886+0545] {processor.py:840} INFO - DAG(s) 'Backup_Database' retrieved from /home/manisha/airflow/dags/basic_dag.py
[2024-06-19T09:07:23.915+0545] {logging_mixin.py:188} INFO - [2024-06-19T09:07:23.915+0545] {dag.py:3096} INFO - Sync 1 DAGs
[2024-06-19T09:07:23.936+0545] {logging_mixin.py:188} INFO - [2024-06-19T09:07:23.936+0545] {dag.py:3954} INFO - Setting next_dagrun for Backup_Database to 2024-06-19 03:10:00+00:00, run_after=2024-06-19 03:20:00+00:00
[2024-06-19T09:07:24.085+0545] {processor.py:183} INFO - Processing /home/manisha/airflow/dags/basic_dag.py took 0.289 seconds
[2024-06-19T09:07:54.149+0545] {processor.py:161} INFO - Started process (PID=23834) to work on /home/manisha/airflow/dags/basic_dag.py
[2024-06-19T09:07:54.216+0545] {processor.py:830} INFO - Processing file /home/manisha/airflow/dags/basic_dag.py for tasks to queue
[2024-06-19T09:07:54.221+0545] {logging_mixin.py:188} INFO - [2024-06-19T09:07:54.220+0545] {dagbag.py:545} INFO - Filling up the DagBag from /home/manisha/airflow/dags/basic_dag.py
[2024-06-19T09:07:54.253+0545] {processor.py:840} INFO - DAG(s) 'Backup_Database' retrieved from /home/manisha/airflow/dags/basic_dag.py
[2024-06-19T09:07:54.283+0545] {logging_mixin.py:188} INFO - [2024-06-19T09:07:54.282+0545] {dag.py:3096} INFO - Sync 1 DAGs
[2024-06-19T09:07:54.400+0545] {logging_mixin.py:188} INFO - [2024-06-19T09:07:54.400+0545] {dag.py:3954} INFO - Setting next_dagrun for Backup_Database to 2024-06-19 03:10:00+00:00, run_after=2024-06-19 03:20:00+00:00
[2024-06-19T09:07:54.471+0545] {processor.py:183} INFO - Processing /home/manisha/airflow/dags/basic_dag.py took 0.333 seconds
[2024-06-19T09:08:24.590+0545] {processor.py:161} INFO - Started process (PID=23855) to work on /home/manisha/airflow/dags/basic_dag.py
[2024-06-19T09:08:24.592+0545] {processor.py:830} INFO - Processing file /home/manisha/airflow/dags/basic_dag.py for tasks to queue
[2024-06-19T09:08:24.595+0545] {logging_mixin.py:188} INFO - [2024-06-19T09:08:24.595+0545] {dagbag.py:545} INFO - Filling up the DagBag from /home/manisha/airflow/dags/basic_dag.py
[2024-06-19T09:08:24.611+0545] {processor.py:840} INFO - DAG(s) 'Backup_Database' retrieved from /home/manisha/airflow/dags/basic_dag.py
[2024-06-19T09:08:24.643+0545] {logging_mixin.py:188} INFO - [2024-06-19T09:08:24.642+0545] {dag.py:3096} INFO - Sync 1 DAGs
[2024-06-19T09:08:24.742+0545] {logging_mixin.py:188} INFO - [2024-06-19T09:08:24.741+0545] {dag.py:3954} INFO - Setting next_dagrun for Backup_Database to 2024-06-19 03:10:00+00:00, run_after=2024-06-19 03:20:00+00:00
[2024-06-19T09:08:24.853+0545] {processor.py:183} INFO - Processing /home/manisha/airflow/dags/basic_dag.py took 0.280 seconds
[2024-06-19T09:08:54.990+0545] {processor.py:161} INFO - Started process (PID=24049) to work on /home/manisha/airflow/dags/basic_dag.py
[2024-06-19T09:08:55.023+0545] {processor.py:830} INFO - Processing file /home/manisha/airflow/dags/basic_dag.py for tasks to queue
[2024-06-19T09:08:55.025+0545] {logging_mixin.py:188} INFO - [2024-06-19T09:08:55.024+0545] {dagbag.py:545} INFO - Filling up the DagBag from /home/manisha/airflow/dags/basic_dag.py
[2024-06-19T09:08:55.052+0545] {processor.py:840} INFO - DAG(s) 'Backup_Database' retrieved from /home/manisha/airflow/dags/basic_dag.py
[2024-06-19T09:08:55.253+0545] {logging_mixin.py:188} INFO - [2024-06-19T09:08:55.252+0545] {dag.py:3096} INFO - Sync 1 DAGs
[2024-06-19T09:08:55.290+0545] {logging_mixin.py:188} INFO - [2024-06-19T09:08:55.290+0545] {dag.py:3954} INFO - Setting next_dagrun for Backup_Database to 2024-06-19 03:10:00+00:00, run_after=2024-06-19 03:20:00+00:00
[2024-06-19T09:08:55.369+0545] {processor.py:183} INFO - Processing /home/manisha/airflow/dags/basic_dag.py took 0.390 seconds
[2024-06-19T09:09:11.237+0545] {processor.py:161} INFO - Started process (PID=24060) to work on /home/manisha/airflow/dags/basic_dag.py
[2024-06-19T09:09:11.238+0545] {processor.py:830} INFO - Processing file /home/manisha/airflow/dags/basic_dag.py for tasks to queue
[2024-06-19T09:09:11.239+0545] {logging_mixin.py:188} INFO - [2024-06-19T09:09:11.239+0545] {dagbag.py:545} INFO - Filling up the DagBag from /home/manisha/airflow/dags/basic_dag.py
[2024-06-19T09:09:11.255+0545] {processor.py:840} INFO - DAG(s) 'Backup_Database' retrieved from /home/manisha/airflow/dags/basic_dag.py
[2024-06-19T09:09:11.376+0545] {logging_mixin.py:188} INFO - [2024-06-19T09:09:11.376+0545] {dag.py:3096} INFO - Sync 1 DAGs
[2024-06-19T09:09:11.402+0545] {logging_mixin.py:188} INFO - [2024-06-19T09:09:11.402+0545] {dag.py:3954} INFO - Setting next_dagrun for Backup_Database to 2024-06-19 03:10:00+00:00, run_after=2024-06-19 03:20:00+00:00
[2024-06-19T09:09:11.491+0545] {processor.py:183} INFO - Processing /home/manisha/airflow/dags/basic_dag.py took 0.261 seconds
