[2024-06-19T08:35:01.111+0545] {local_task_job_runner.py:120} INFO - ::group::Pre task execution logs
[2024-06-19T08:35:01.136+0545] {taskinstance.py:2076} INFO - Dependencies all met for dep_context=non-requeueable deps ti=<TaskInstance: Backup_Database.backup_task scheduled__2024-06-19T02:40:00+00:00 [queued]>
[2024-06-19T08:35:01.142+0545] {taskinstance.py:2076} INFO - Dependencies all met for dep_context=requeueable deps ti=<TaskInstance: Backup_Database.backup_task scheduled__2024-06-19T02:40:00+00:00 [queued]>
[2024-06-19T08:35:01.142+0545] {taskinstance.py:2306} INFO - Starting attempt 1 of 2
[2024-06-19T08:35:01.221+0545] {taskinstance.py:2330} INFO - Executing <Task(BashOperator): backup_task> on 2024-06-19 02:40:00+00:00
[2024-06-19T08:35:01.228+0545] {standard_task_runner.py:63} INFO - Started process 11733 to run task
[2024-06-19T08:35:01.236+0545] {standard_task_runner.py:90} INFO - Running: ['airflow', 'tasks', 'run', 'Backup_Database', 'backup_task', 'scheduled__2024-06-19T02:40:00+00:00', '--job-id', '182', '--raw', '--subdir', 'DAGS_FOLDER/basic_dag.py', '--cfg-path', '/tmp/tmp05bwiv1u']
[2024-06-19T08:35:01.241+0545] {standard_task_runner.py:91} INFO - Job 182: Subtask backup_task
[2024-06-19T08:35:01.419+0545] {task_command.py:426} INFO - Running <TaskInstance: Backup_Database.backup_task scheduled__2024-06-19T02:40:00+00:00 [running]> on host manisha-Inspiron-3580
[2024-06-19T08:35:01.760+0545] {taskinstance.py:2648} INFO - Exporting env vars: AIRFLOW_CTX_DAG_OWNER='manisha' AIRFLOW_CTX_DAG_ID='Backup_Database' AIRFLOW_CTX_TASK_ID='backup_task' AIRFLOW_CTX_EXECUTION_DATE='2024-06-19T02:40:00+00:00' AIRFLOW_CTX_TRY_NUMBER='1' AIRFLOW_CTX_DAG_RUN_ID='scheduled__2024-06-19T02:40:00+00:00'
[2024-06-19T08:35:01.761+0545] {taskinstance.py:430} INFO - ::endgroup::
[2024-06-19T08:35:01.780+0545] {subprocess.py:63} INFO - Tmp dir root location: /tmp
[2024-06-19T08:35:01.780+0545] {subprocess.py:75} INFO - Running command: ['/usr/bin/bash', '-c', '/home/manisha/airflow/bashScripts/backup.sh ']
[2024-06-19T08:35:01.786+0545] {subprocess.py:86} INFO - Output:
[2024-06-19T08:35:01.790+0545] {subprocess.py:93} INFO - mysql: [Warning] Using a password on the command line interface can be insecure.
[2024-06-19T08:35:01.803+0545] {subprocess.py:93} INFO - mysqldump: [Warning] Using a password on the command line interface can be insecure.
[2024-06-19T08:35:01.808+0545] {subprocess.py:93} INFO - mysqldump: Error: 'Access denied; you need (at least one of) the PROCESS privilege(s) for this operation' when trying to dump tablespaces
[2024-06-19T08:35:01.976+0545] {subprocess.py:93} INFO - Backup completed in 0 seconds
[2024-06-19T08:35:01.976+0545] {subprocess.py:93} INFO - Backup is Successfully done in location: /home/manisha/airflow/backup|Required Space: 0GB, Available Space: 428.22GB
[2024-06-19T08:35:01.976+0545] {subprocess.py:97} INFO - Command exited with return code 0
[2024-06-19T08:35:01.977+0545] {taskinstance.py:441} INFO - ::group::Post task execution logs
[2024-06-19T08:35:02.131+0545] {taskinstance.py:1206} INFO - Marking task as SUCCESS. dag_id=Backup_Database, task_id=backup_task, run_id=scheduled__2024-06-19T02:40:00+00:00, execution_date=20240619T024000, start_date=20240619T025001, end_date=20240619T025002
[2024-06-19T08:35:02.292+0545] {local_task_job_runner.py:240} INFO - Task exited with return code 0
[2024-06-19T08:35:02.360+0545] {taskinstance.py:3503} INFO - 1 downstream tasks scheduled from follow-on schedule check
[2024-06-19T08:35:02.456+0545] {local_task_job_runner.py:222} INFO - ::endgroup::
[2024-06-19T08:36:28.287+0545] {local_task_job_runner.py:120} INFO - ::group::Pre task execution logs
[2024-06-19T08:36:28.335+0545] {taskinstance.py:2076} INFO - Dependencies all met for dep_context=non-requeueable deps ti=<TaskInstance: Backup_Database.backup_task scheduled__2024-06-19T02:40:00+00:00 [queued]>
[2024-06-19T08:36:28.342+0545] {taskinstance.py:2076} INFO - Dependencies all met for dep_context=requeueable deps ti=<TaskInstance: Backup_Database.backup_task scheduled__2024-06-19T02:40:00+00:00 [queued]>
[2024-06-19T08:36:28.342+0545] {taskinstance.py:2306} INFO - Starting attempt 1 of 2
[2024-06-19T08:36:28.407+0545] {taskinstance.py:2330} INFO - Executing <Task(BashOperator): backup_task> on 2024-06-19 02:40:00+00:00
[2024-06-19T08:36:28.411+0545] {standard_task_runner.py:63} INFO - Started process 12848 to run task
[2024-06-19T08:36:28.416+0545] {standard_task_runner.py:90} INFO - Running: ['airflow', 'tasks', 'run', 'Backup_Database', 'backup_task', 'scheduled__2024-06-19T02:40:00+00:00', '--job-id', '187', '--raw', '--subdir', 'DAGS_FOLDER/basic_dag.py', '--cfg-path', '/tmp/tmpb2wf2sq4']
[2024-06-19T08:36:28.419+0545] {standard_task_runner.py:91} INFO - Job 187: Subtask backup_task
[2024-06-19T08:36:28.577+0545] {task_command.py:426} INFO - Running <TaskInstance: Backup_Database.backup_task scheduled__2024-06-19T02:40:00+00:00 [running]> on host manisha-Inspiron-3580
[2024-06-19T08:36:28.785+0545] {taskinstance.py:2648} INFO - Exporting env vars: AIRFLOW_CTX_DAG_OWNER='manisha' AIRFLOW_CTX_DAG_ID='Backup_Database' AIRFLOW_CTX_TASK_ID='backup_task' AIRFLOW_CTX_EXECUTION_DATE='2024-06-19T02:40:00+00:00' AIRFLOW_CTX_TRY_NUMBER='1' AIRFLOW_CTX_DAG_RUN_ID='scheduled__2024-06-19T02:40:00+00:00'
[2024-06-19T08:36:28.786+0545] {taskinstance.py:430} INFO - ::endgroup::
[2024-06-19T08:36:28.803+0545] {subprocess.py:63} INFO - Tmp dir root location: /tmp
[2024-06-19T08:36:28.804+0545] {subprocess.py:75} INFO - Running command: ['/usr/bin/bash', '-c', '/home/manisha/airflow/bashScripts/backup.sh ']
[2024-06-19T08:36:28.809+0545] {subprocess.py:86} INFO - Output:
[2024-06-19T08:36:28.814+0545] {subprocess.py:93} INFO - mysql: [Warning] Using a password on the command line interface can be insecure.
[2024-06-19T08:36:28.827+0545] {subprocess.py:93} INFO - mysqldump: [Warning] Using a password on the command line interface can be insecure.
[2024-06-19T08:36:28.832+0545] {subprocess.py:93} INFO - mysqldump: Error: 'Access denied; you need (at least one of) the PROCESS privilege(s) for this operation' when trying to dump tablespaces
[2024-06-19T08:36:28.984+0545] {subprocess.py:93} INFO - Backup completed in 0 seconds
[2024-06-19T08:36:28.984+0545] {subprocess.py:93} INFO - Backup is Successfully done in location: /home/manisha/airflow/backup|Required Space: 0GB, Available Space: 428.21GB
[2024-06-19T08:36:28.984+0545] {subprocess.py:97} INFO - Command exited with return code 0
[2024-06-19T08:36:28.985+0545] {taskinstance.py:441} INFO - ::group::Post task execution logs
[2024-06-19T08:36:29.158+0545] {taskinstance.py:1206} INFO - Marking task as SUCCESS. dag_id=Backup_Database, task_id=backup_task, run_id=scheduled__2024-06-19T02:40:00+00:00, execution_date=20240619T024000, start_date=20240619T025128, end_date=20240619T025129
[2024-06-19T08:36:29.271+0545] {local_task_job_runner.py:240} INFO - Task exited with return code 0
[2024-06-19T08:36:29.350+0545] {taskinstance.py:3503} INFO - 1 downstream tasks scheduled from follow-on schedule check
[2024-06-19T08:36:29.408+0545] {local_task_job_runner.py:222} INFO - ::endgroup::
[2024-06-19T08:39:31.422+0545] {local_task_job_runner.py:120} INFO - ::group::Pre task execution logs
[2024-06-19T08:39:31.464+0545] {taskinstance.py:2076} INFO - Dependencies all met for dep_context=non-requeueable deps ti=<TaskInstance: Backup_Database.backup_task scheduled__2024-06-19T02:40:00+00:00 [queued]>
[2024-06-19T08:39:31.471+0545] {taskinstance.py:2076} INFO - Dependencies all met for dep_context=requeueable deps ti=<TaskInstance: Backup_Database.backup_task scheduled__2024-06-19T02:40:00+00:00 [queued]>
[2024-06-19T08:39:31.472+0545] {taskinstance.py:2306} INFO - Starting attempt 1 of 2
[2024-06-19T08:39:31.534+0545] {taskinstance.py:2330} INFO - Executing <Task(BashOperator): backup_task> on 2024-06-19 02:40:00+00:00
[2024-06-19T08:39:31.537+0545] {standard_task_runner.py:63} INFO - Started process 14376 to run task
[2024-06-19T08:39:31.541+0545] {standard_task_runner.py:90} INFO - Running: ['airflow', 'tasks', 'run', 'Backup_Database', 'backup_task', 'scheduled__2024-06-19T02:40:00+00:00', '--job-id', '195', '--raw', '--subdir', 'DAGS_FOLDER/basic_dag.py', '--cfg-path', '/tmp/tmp4lcbd265']
[2024-06-19T08:39:31.544+0545] {standard_task_runner.py:91} INFO - Job 195: Subtask backup_task
[2024-06-19T08:39:31.868+0545] {task_command.py:426} INFO - Running <TaskInstance: Backup_Database.backup_task scheduled__2024-06-19T02:40:00+00:00 [running]> on host manisha-Inspiron-3580
[2024-06-19T08:39:32.121+0545] {taskinstance.py:2648} INFO - Exporting env vars: AIRFLOW_CTX_DAG_OWNER='manisha' AIRFLOW_CTX_DAG_ID='Backup_Database' AIRFLOW_CTX_TASK_ID='backup_task' AIRFLOW_CTX_EXECUTION_DATE='2024-06-19T02:40:00+00:00' AIRFLOW_CTX_TRY_NUMBER='1' AIRFLOW_CTX_DAG_RUN_ID='scheduled__2024-06-19T02:40:00+00:00'
[2024-06-19T08:39:32.123+0545] {taskinstance.py:430} INFO - ::endgroup::
[2024-06-19T08:39:32.145+0545] {subprocess.py:63} INFO - Tmp dir root location: /tmp
[2024-06-19T08:39:32.145+0545] {subprocess.py:75} INFO - Running command: ['/usr/bin/bash', '-c', '/home/manisha/airflow/bashScripts/backup.sh ']
[2024-06-19T08:39:32.153+0545] {subprocess.py:86} INFO - Output:
[2024-06-19T08:39:32.162+0545] {subprocess.py:93} INFO - mysql: [Warning] Using a password on the command line interface can be insecure.
[2024-06-19T08:39:32.181+0545] {subprocess.py:93} INFO - mysqldump: [Warning] Using a password on the command line interface can be insecure.
[2024-06-19T08:39:32.187+0545] {subprocess.py:93} INFO - mysqldump: Error: 'Access denied; you need (at least one of) the PROCESS privilege(s) for this operation' when trying to dump tablespaces
[2024-06-19T08:39:32.402+0545] {subprocess.py:93} INFO - Backup completed in 0 seconds
[2024-06-19T08:39:32.403+0545] {subprocess.py:93} INFO - Backup is Successfully done in location: /home/manisha/airflow/backup|Required Space: 0GB, Available Space: 428.21GB
[2024-06-19T08:39:32.404+0545] {subprocess.py:97} INFO - Command exited with return code 0
[2024-06-19T08:39:32.405+0545] {taskinstance.py:441} INFO - ::group::Post task execution logs
[2024-06-19T08:39:32.574+0545] {taskinstance.py:1206} INFO - Marking task as SUCCESS. dag_id=Backup_Database, task_id=backup_task, run_id=scheduled__2024-06-19T02:40:00+00:00, execution_date=20240619T024000, start_date=20240619T025431, end_date=20240619T025432
[2024-06-19T08:39:32.682+0545] {local_task_job_runner.py:240} INFO - Task exited with return code 0
[2024-06-19T08:39:32.749+0545] {taskinstance.py:3503} INFO - 1 downstream tasks scheduled from follow-on schedule check
[2024-06-19T08:39:32.821+0545] {local_task_job_runner.py:222} INFO - ::endgroup::
[2024-06-19T08:42:04.822+0545] {local_task_job_runner.py:120} INFO - ::group::Pre task execution logs
[2024-06-19T08:42:04.905+0545] {taskinstance.py:2076} INFO - Dependencies all met for dep_context=non-requeueable deps ti=<TaskInstance: Backup_Database.backup_task scheduled__2024-06-19T02:40:00+00:00 [queued]>
[2024-06-19T08:42:04.913+0545] {taskinstance.py:2076} INFO - Dependencies all met for dep_context=requeueable deps ti=<TaskInstance: Backup_Database.backup_task scheduled__2024-06-19T02:40:00+00:00 [queued]>
[2024-06-19T08:42:04.913+0545] {taskinstance.py:2306} INFO - Starting attempt 1 of 2
[2024-06-19T08:42:05.019+0545] {taskinstance.py:2330} INFO - Executing <Task(BashOperator): backup_task> on 2024-06-19 02:40:00+00:00
[2024-06-19T08:42:05.024+0545] {standard_task_runner.py:63} INFO - Started process 15665 to run task
[2024-06-19T08:42:05.028+0545] {standard_task_runner.py:90} INFO - Running: ['airflow', 'tasks', 'run', 'Backup_Database', 'backup_task', 'scheduled__2024-06-19T02:40:00+00:00', '--job-id', '203', '--raw', '--subdir', 'DAGS_FOLDER/basic_dag.py', '--cfg-path', '/tmp/tmp6d5xiasn']
[2024-06-19T08:42:05.030+0545] {standard_task_runner.py:91} INFO - Job 203: Subtask backup_task
[2024-06-19T08:42:05.180+0545] {task_command.py:426} INFO - Running <TaskInstance: Backup_Database.backup_task scheduled__2024-06-19T02:40:00+00:00 [running]> on host manisha-Inspiron-3580
[2024-06-19T08:42:05.494+0545] {taskinstance.py:2648} INFO - Exporting env vars: AIRFLOW_CTX_DAG_OWNER='manisha' AIRFLOW_CTX_DAG_ID='Backup_Database' AIRFLOW_CTX_TASK_ID='backup_task' AIRFLOW_CTX_EXECUTION_DATE='2024-06-19T02:40:00+00:00' AIRFLOW_CTX_TRY_NUMBER='1' AIRFLOW_CTX_DAG_RUN_ID='scheduled__2024-06-19T02:40:00+00:00'
[2024-06-19T08:42:05.495+0545] {taskinstance.py:430} INFO - ::endgroup::
[2024-06-19T08:42:05.514+0545] {subprocess.py:63} INFO - Tmp dir root location: /tmp
[2024-06-19T08:42:05.515+0545] {subprocess.py:75} INFO - Running command: ['/usr/bin/bash', '-c', '/home/manisha/airflow/bashScripts/backup.sh ']
[2024-06-19T08:42:05.523+0545] {subprocess.py:86} INFO - Output:
[2024-06-19T08:42:05.528+0545] {subprocess.py:93} INFO - mysql: [Warning] Using a password on the command line interface can be insecure.
[2024-06-19T08:42:05.542+0545] {subprocess.py:93} INFO - mysqldump: [Warning] Using a password on the command line interface can be insecure.
[2024-06-19T08:42:05.546+0545] {subprocess.py:93} INFO - mysqldump: Error: 'Access denied; you need (at least one of) the PROCESS privilege(s) for this operation' when trying to dump tablespaces
[2024-06-19T08:42:05.732+0545] {subprocess.py:93} INFO - Backup completed in 0 seconds
[2024-06-19T08:42:05.733+0545] {subprocess.py:93} INFO - Backup is Successfully done in location: /home/manisha/airflow/backup|Required Space: 0GB, Available Space: 428.21GB
[2024-06-19T08:42:05.733+0545] {subprocess.py:97} INFO - Command exited with return code 0
[2024-06-19T08:42:05.734+0545] {taskinstance.py:441} INFO - ::group::Post task execution logs
[2024-06-19T08:42:05.897+0545] {taskinstance.py:1206} INFO - Marking task as SUCCESS. dag_id=Backup_Database, task_id=backup_task, run_id=scheduled__2024-06-19T02:40:00+00:00, execution_date=20240619T024000, start_date=20240619T025704, end_date=20240619T025705
[2024-06-19T08:42:06.044+0545] {local_task_job_runner.py:240} INFO - Task exited with return code 0
[2024-06-19T08:42:06.093+0545] {taskinstance.py:3503} INFO - 1 downstream tasks scheduled from follow-on schedule check
[2024-06-19T08:42:06.151+0545] {local_task_job_runner.py:222} INFO - ::endgroup::
