[2024-06-19T08:26:01.671+0545] {local_task_job_runner.py:120} INFO - ::group::Pre task execution logs
[2024-06-19T08:26:01.701+0545] {taskinstance.py:2076} INFO - Dependencies all met for dep_context=non-requeueable deps ti=<TaskInstance: Backup_Database.parse_task scheduled__2024-06-19T02:30:00+00:00 [queued]>
[2024-06-19T08:26:01.708+0545] {taskinstance.py:2076} INFO - Dependencies all met for dep_context=requeueable deps ti=<TaskInstance: Backup_Database.parse_task scheduled__2024-06-19T02:30:00+00:00 [queued]>
[2024-06-19T08:26:01.709+0545] {taskinstance.py:2306} INFO - Starting attempt 1 of 2
[2024-06-19T08:26:01.833+0545] {taskinstance.py:2330} INFO - Executing <Task(PythonOperator): parse_task> on 2024-06-19 02:30:00+00:00
[2024-06-19T08:26:01.841+0545] {standard_task_runner.py:63} INFO - Started process 3689 to run task
[2024-06-19T08:26:01.849+0545] {standard_task_runner.py:90} INFO - Running: ['airflow', 'tasks', 'run', 'Backup_Database', 'parse_task', 'scheduled__2024-06-19T02:30:00+00:00', '--job-id', '170', '--raw', '--subdir', 'DAGS_FOLDER/basic_dag.py', '--cfg-path', '/tmp/tmpr46i22mf']
[2024-06-19T08:26:01.853+0545] {standard_task_runner.py:91} INFO - Job 170: Subtask parse_task
[2024-06-19T08:26:02.092+0545] {task_command.py:426} INFO - Running <TaskInstance: Backup_Database.parse_task scheduled__2024-06-19T02:30:00+00:00 [running]> on host manisha-Inspiron-3580
[2024-06-19T08:26:02.377+0545] {taskinstance.py:2648} INFO - Exporting env vars: AIRFLOW_CTX_DAG_OWNER='manisha' AIRFLOW_CTX_DAG_ID='Backup_Database' AIRFLOW_CTX_TASK_ID='parse_task' AIRFLOW_CTX_EXECUTION_DATE='2024-06-19T02:30:00+00:00' AIRFLOW_CTX_TRY_NUMBER='1' AIRFLOW_CTX_DAG_RUN_ID='scheduled__2024-06-19T02:30:00+00:00'
[2024-06-19T08:26:02.378+0545] {taskinstance.py:430} INFO - ::endgroup::
[2024-06-19T08:26:02.473+0545] {python.py:237} INFO - Done. Returned value was: None
[2024-06-19T08:26:02.474+0545] {taskinstance.py:441} INFO - ::group::Post task execution logs
[2024-06-19T08:26:02.506+0545] {taskinstance.py:1206} INFO - Marking task as SUCCESS. dag_id=Backup_Database, task_id=parse_task, run_id=scheduled__2024-06-19T02:30:00+00:00, execution_date=20240619T023000, start_date=20240619T024101, end_date=20240619T024102
[2024-06-19T08:26:02.623+0545] {local_task_job_runner.py:240} INFO - Task exited with return code 0
[2024-06-19T08:26:02.675+0545] {taskinstance.py:3503} INFO - 1 downstream tasks scheduled from follow-on schedule check
[2024-06-19T08:26:02.799+0545] {local_task_job_runner.py:222} INFO - ::endgroup::
[2024-06-19T08:28:35.537+0545] {local_task_job_runner.py:120} INFO - ::group::Pre task execution logs
[2024-06-19T08:28:35.582+0545] {taskinstance.py:2076} INFO - Dependencies all met for dep_context=non-requeueable deps ti=<TaskInstance: Backup_Database.parse_task scheduled__2024-06-19T02:30:00+00:00 [queued]>
[2024-06-19T08:28:35.592+0545] {taskinstance.py:2076} INFO - Dependencies all met for dep_context=requeueable deps ti=<TaskInstance: Backup_Database.parse_task scheduled__2024-06-19T02:30:00+00:00 [queued]>
[2024-06-19T08:28:35.593+0545] {taskinstance.py:2306} INFO - Starting attempt 1 of 2
[2024-06-19T08:28:35.660+0545] {taskinstance.py:2330} INFO - Executing <Task(PythonOperator): parse_task> on 2024-06-19 02:30:00+00:00
[2024-06-19T08:28:35.669+0545] {standard_task_runner.py:63} INFO - Started process 6650 to run task
[2024-06-19T08:28:35.679+0545] {standard_task_runner.py:90} INFO - Running: ['airflow', 'tasks', 'run', 'Backup_Database', 'parse_task', 'scheduled__2024-06-19T02:30:00+00:00', '--job-id', '174', '--raw', '--subdir', 'DAGS_FOLDER/basic_dag.py', '--cfg-path', '/tmp/tmp3v7p31do']
[2024-06-19T08:28:35.684+0545] {standard_task_runner.py:91} INFO - Job 174: Subtask parse_task
[2024-06-19T08:28:35.834+0545] {task_command.py:426} INFO - Running <TaskInstance: Backup_Database.parse_task scheduled__2024-06-19T02:30:00+00:00 [running]> on host manisha-Inspiron-3580
[2024-06-19T08:28:36.079+0545] {taskinstance.py:2648} INFO - Exporting env vars: AIRFLOW_CTX_DAG_OWNER='manisha' AIRFLOW_CTX_DAG_ID='Backup_Database' AIRFLOW_CTX_TASK_ID='parse_task' AIRFLOW_CTX_EXECUTION_DATE='2024-06-19T02:30:00+00:00' AIRFLOW_CTX_TRY_NUMBER='1' AIRFLOW_CTX_DAG_RUN_ID='scheduled__2024-06-19T02:30:00+00:00'
[2024-06-19T08:28:36.081+0545] {taskinstance.py:430} INFO - ::endgroup::
[2024-06-19T08:28:36.224+0545] {python.py:237} INFO - Done. Returned value was: None
[2024-06-19T08:28:36.224+0545] {taskinstance.py:441} INFO - ::group::Post task execution logs
[2024-06-19T08:28:36.242+0545] {taskinstance.py:1206} INFO - Marking task as SUCCESS. dag_id=Backup_Database, task_id=parse_task, run_id=scheduled__2024-06-19T02:30:00+00:00, execution_date=20240619T023000, start_date=20240619T024335, end_date=20240619T024336
[2024-06-19T08:28:36.332+0545] {local_task_job_runner.py:240} INFO - Task exited with return code 0
[2024-06-19T08:28:36.387+0545] {taskinstance.py:3503} INFO - 1 downstream tasks scheduled from follow-on schedule check
[2024-06-19T08:28:36.437+0545] {local_task_job_runner.py:222} INFO - ::endgroup::
