[2024-06-18T17:59:04.615+0545] {local_task_job_runner.py:120} INFO - ::group::Pre task execution logs
[2024-06-18T17:59:04.657+0545] {taskinstance.py:2076} INFO - Dependencies all met for dep_context=non-requeueable deps ti=<TaskInstance: Backup_Database.backup_task manual__2024-06-18T12:14:02.125451+00:00 [queued]>
[2024-06-18T17:59:04.667+0545] {taskinstance.py:2076} INFO - Dependencies all met for dep_context=requeueable deps ti=<TaskInstance: Backup_Database.backup_task manual__2024-06-18T12:14:02.125451+00:00 [queued]>
[2024-06-18T17:59:04.668+0545] {taskinstance.py:2306} INFO - Starting attempt 1 of 2
[2024-06-18T17:59:04.750+0545] {taskinstance.py:2330} INFO - Executing <Task(BashOperator): backup_task> on 2024-06-18 12:14:02.125451+00:00
[2024-06-18T17:59:04.761+0545] {standard_task_runner.py:63} INFO - Started process 28226 to run task
[2024-06-18T17:59:04.771+0545] {standard_task_runner.py:90} INFO - Running: ['airflow', 'tasks', 'run', 'Backup_Database', 'backup_task', 'manual__2024-06-18T12:14:02.125451+00:00', '--job-id', '147', '--raw', '--subdir', 'DAGS_FOLDER/basic_dag.py', '--cfg-path', '/tmp/tmpx4k6jz08']
[2024-06-18T17:59:04.777+0545] {standard_task_runner.py:91} INFO - Job 147: Subtask backup_task
[2024-06-18T17:59:04.995+0545] {task_command.py:426} INFO - Running <TaskInstance: Backup_Database.backup_task manual__2024-06-18T12:14:02.125451+00:00 [running]> on host manisha-Inspiron-3580
[2024-06-18T17:59:05.268+0545] {taskinstance.py:2648} INFO - Exporting env vars: AIRFLOW_CTX_DAG_OWNER='manisha' AIRFLOW_CTX_DAG_ID='Backup_Database' AIRFLOW_CTX_TASK_ID='backup_task' AIRFLOW_CTX_EXECUTION_DATE='2024-06-18T12:14:02.125451+00:00' AIRFLOW_CTX_TRY_NUMBER='1' AIRFLOW_CTX_DAG_RUN_ID='manual__2024-06-18T12:14:02.125451+00:00'
[2024-06-18T17:59:05.268+0545] {taskinstance.py:430} INFO - ::endgroup::
[2024-06-18T17:59:05.289+0545] {subprocess.py:63} INFO - Tmp dir root location: /tmp
[2024-06-18T17:59:05.290+0545] {subprocess.py:75} INFO - Running command: ['/usr/bin/bash', '-c', '/home/manisha/airflow/bashScripts/backup.sh ']
[2024-06-18T17:59:05.297+0545] {subprocess.py:86} INFO - Output:
[2024-06-18T17:59:58.700+0545] {subprocess.py:93} INFO - Enter password: ERROR 1045 (28000): Access denied for user 'manisha'@'localhost' (using password: NO)
[2024-06-18T17:59:58.707+0545] {subprocess.py:93} INFO - (standard_in) 1: syntax error
[2024-06-18T17:59:58.731+0545] {subprocess.py:93} INFO - /home/manisha/airflow/bashScripts/backup.sh: line 36: /airflow_db_2024-06-1817:59:58.sql: Permission denied
[2024-06-18T17:59:58.739+0545] {subprocess.py:93} INFO - Backup completed in 0 seconds
[2024-06-18T17:59:58.740+0545] {subprocess.py:93} INFO - Backup Success in location: /home/manisha/airflow/backup|Required Space: GB, Available Space: 428.23GB
[2024-06-18T17:59:58.743+0545] {subprocess.py:93} INFO - /home/manisha/airflow/bashScripts/backup.sh: line 69: /airflow_db2024-06-1817:59:58.sql: Permission denied
[2024-06-18T17:59:58.744+0545] {subprocess.py:97} INFO - Command exited with return code 1
[2024-06-18T17:59:58.745+0545] {taskinstance.py:441} INFO - ::group::Post task execution logs
[2024-06-18T17:59:58.766+0545] {taskinstance.py:2905} ERROR - Task failed with exception
Traceback (most recent call last):
  File "/home/manisha/airflow_env/lib/python3.10/site-packages/airflow/models/taskinstance.py", line 465, in _execute_task
    result = _execute_callable(context=context, **execute_callable_kwargs)
  File "/home/manisha/airflow_env/lib/python3.10/site-packages/airflow/models/taskinstance.py", line 432, in _execute_callable
    return execute_callable(context=context, **execute_callable_kwargs)
  File "/home/manisha/airflow_env/lib/python3.10/site-packages/airflow/models/baseoperator.py", line 401, in wrapper
    return func(self, *args, **kwargs)
  File "/home/manisha/airflow_env/lib/python3.10/site-packages/airflow/operators/bash.py", line 243, in execute
    raise AirflowException(
airflow.exceptions.AirflowException: Bash command failed. The command returned a non-zero exit code 1.
[2024-06-18T17:59:58.771+0545] {taskinstance.py:1206} INFO - Marking task as UP_FOR_RETRY. dag_id=Backup_Database, task_id=backup_task, run_id=manual__2024-06-18T12:14:02.125451+00:00, execution_date=20240618T121402, start_date=20240618T121404, end_date=20240618T121458
[2024-06-18T17:59:58.859+0545] {standard_task_runner.py:110} ERROR - Failed to execute job 147 for task backup_task (Bash command failed. The command returned a non-zero exit code 1.; 28226)
[2024-06-18T17:59:58.908+0545] {local_task_job_runner.py:240} INFO - Task exited with return code 1
[2024-06-18T17:59:58.976+0545] {taskinstance.py:3503} INFO - 0 downstream tasks scheduled from follow-on schedule check
[2024-06-18T17:59:58.977+0545] {local_task_job_runner.py:222} INFO - ::endgroup::
