[2024-06-18T10:56:34.060+0545] {processor.py:161} INFO - Started process (PID=4018) to work on /home/manisha/airflow_env/lib/python3.10/site-packages/airflow/example_dags/subdags/subdag.py
[2024-06-18T10:56:34.060+0545] {processor.py:830} INFO - Processing file /home/manisha/airflow_env/lib/python3.10/site-packages/airflow/example_dags/subdags/subdag.py for tasks to queue
[2024-06-18T10:56:34.061+0545] {logging_mixin.py:188} INFO - [2024-06-18T10:56:34.061+0545] {dagbag.py:545} INFO - Filling up the DagBag from /home/manisha/airflow_env/lib/python3.10/site-packages/airflow/example_dags/subdags/subdag.py
[2024-06-18T10:56:34.062+0545] {processor.py:842} WARNING - No viable dags retrieved from /home/manisha/airflow_env/lib/python3.10/site-packages/airflow/example_dags/subdags/subdag.py
[2024-06-18T10:56:34.069+0545] {processor.py:183} INFO - Processing /home/manisha/airflow_env/lib/python3.10/site-packages/airflow/example_dags/subdags/subdag.py took 0.013 seconds
[2024-06-18T10:57:59.503+0545] {processor.py:161} INFO - Started process (PID=4107) to work on /home/manisha/airflow_env/lib/python3.10/site-packages/airflow/example_dags/subdags/subdag.py
[2024-06-18T10:57:59.536+0545] {processor.py:830} INFO - Processing file /home/manisha/airflow_env/lib/python3.10/site-packages/airflow/example_dags/subdags/subdag.py for tasks to queue
[2024-06-18T10:57:59.541+0545] {logging_mixin.py:188} INFO - [2024-06-18T10:57:59.540+0545] {dagbag.py:545} INFO - Filling up the DagBag from /home/manisha/airflow_env/lib/python3.10/site-packages/airflow/example_dags/subdags/subdag.py
[2024-06-18T10:57:59.547+0545] {processor.py:842} WARNING - No viable dags retrieved from /home/manisha/airflow_env/lib/python3.10/site-packages/airflow/example_dags/subdags/subdag.py
[2024-06-18T10:57:59.568+0545] {processor.py:183} INFO - Processing /home/manisha/airflow_env/lib/python3.10/site-packages/airflow/example_dags/subdags/subdag.py took 0.082 seconds
[2024-06-18T10:58:39.246+0545] {processor.py:161} INFO - Started process (PID=4168) to work on /home/manisha/airflow_env/lib/python3.10/site-packages/airflow/example_dags/subdags/subdag.py
[2024-06-18T10:58:39.247+0545] {processor.py:830} INFO - Processing file /home/manisha/airflow_env/lib/python3.10/site-packages/airflow/example_dags/subdags/subdag.py for tasks to queue
[2024-06-18T10:58:39.249+0545] {logging_mixin.py:188} INFO - [2024-06-18T10:58:39.248+0545] {dagbag.py:545} INFO - Filling up the DagBag from /home/manisha/airflow_env/lib/python3.10/site-packages/airflow/example_dags/subdags/subdag.py
[2024-06-18T10:58:39.251+0545] {processor.py:842} WARNING - No viable dags retrieved from /home/manisha/airflow_env/lib/python3.10/site-packages/airflow/example_dags/subdags/subdag.py
[2024-06-18T10:58:39.260+0545] {processor.py:183} INFO - Processing /home/manisha/airflow_env/lib/python3.10/site-packages/airflow/example_dags/subdags/subdag.py took 0.020 seconds
[2024-06-18T10:59:10.642+0545] {processor.py:161} INFO - Started process (PID=4193) to work on /home/manisha/airflow_env/lib/python3.10/site-packages/airflow/example_dags/subdags/subdag.py
[2024-06-18T10:59:10.656+0545] {processor.py:830} INFO - Processing file /home/manisha/airflow_env/lib/python3.10/site-packages/airflow/example_dags/subdags/subdag.py for tasks to queue
[2024-06-18T10:59:10.658+0545] {logging_mixin.py:188} INFO - [2024-06-18T10:59:10.658+0545] {dagbag.py:545} INFO - Filling up the DagBag from /home/manisha/airflow_env/lib/python3.10/site-packages/airflow/example_dags/subdags/subdag.py
[2024-06-18T10:59:10.662+0545] {processor.py:842} WARNING - No viable dags retrieved from /home/manisha/airflow_env/lib/python3.10/site-packages/airflow/example_dags/subdags/subdag.py
[2024-06-18T10:59:10.677+0545] {processor.py:183} INFO - Processing /home/manisha/airflow_env/lib/python3.10/site-packages/airflow/example_dags/subdags/subdag.py took 0.041 seconds
[2024-06-18T10:59:42.961+0545] {processor.py:161} INFO - Started process (PID=4221) to work on /home/manisha/airflow_env/lib/python3.10/site-packages/airflow/example_dags/subdags/subdag.py
[2024-06-18T10:59:42.998+0545] {processor.py:830} INFO - Processing file /home/manisha/airflow_env/lib/python3.10/site-packages/airflow/example_dags/subdags/subdag.py for tasks to queue
[2024-06-18T10:59:43.004+0545] {logging_mixin.py:188} INFO - [2024-06-18T10:59:43.003+0545] {dagbag.py:545} INFO - Filling up the DagBag from /home/manisha/airflow_env/lib/python3.10/site-packages/airflow/example_dags/subdags/subdag.py
[2024-06-18T10:59:43.011+0545] {processor.py:842} WARNING - No viable dags retrieved from /home/manisha/airflow_env/lib/python3.10/site-packages/airflow/example_dags/subdags/subdag.py
[2024-06-18T10:59:43.035+0545] {processor.py:183} INFO - Processing /home/manisha/airflow_env/lib/python3.10/site-packages/airflow/example_dags/subdags/subdag.py took 0.081 seconds
[2024-06-18T11:00:15.366+0545] {processor.py:161} INFO - Started process (PID=4248) to work on /home/manisha/airflow_env/lib/python3.10/site-packages/airflow/example_dags/subdags/subdag.py
[2024-06-18T11:00:15.407+0545] {processor.py:830} INFO - Processing file /home/manisha/airflow_env/lib/python3.10/site-packages/airflow/example_dags/subdags/subdag.py for tasks to queue
[2024-06-18T11:00:15.413+0545] {logging_mixin.py:188} INFO - [2024-06-18T11:00:15.412+0545] {dagbag.py:545} INFO - Filling up the DagBag from /home/manisha/airflow_env/lib/python3.10/site-packages/airflow/example_dags/subdags/subdag.py
[2024-06-18T11:00:15.419+0545] {processor.py:842} WARNING - No viable dags retrieved from /home/manisha/airflow_env/lib/python3.10/site-packages/airflow/example_dags/subdags/subdag.py
[2024-06-18T11:00:15.440+0545] {processor.py:183} INFO - Processing /home/manisha/airflow_env/lib/python3.10/site-packages/airflow/example_dags/subdags/subdag.py took 0.092 seconds
[2024-06-18T11:00:46.714+0545] {processor.py:161} INFO - Started process (PID=4365) to work on /home/manisha/airflow_env/lib/python3.10/site-packages/airflow/example_dags/subdags/subdag.py
[2024-06-18T11:00:46.749+0545] {processor.py:830} INFO - Processing file /home/manisha/airflow_env/lib/python3.10/site-packages/airflow/example_dags/subdags/subdag.py for tasks to queue
[2024-06-18T11:00:46.754+0545] {logging_mixin.py:188} INFO - [2024-06-18T11:00:46.752+0545] {dagbag.py:545} INFO - Filling up the DagBag from /home/manisha/airflow_env/lib/python3.10/site-packages/airflow/example_dags/subdags/subdag.py
[2024-06-18T11:00:46.761+0545] {processor.py:842} WARNING - No viable dags retrieved from /home/manisha/airflow_env/lib/python3.10/site-packages/airflow/example_dags/subdags/subdag.py
[2024-06-18T11:00:46.788+0545] {processor.py:183} INFO - Processing /home/manisha/airflow_env/lib/python3.10/site-packages/airflow/example_dags/subdags/subdag.py took 0.080 seconds
[2024-06-18T11:01:46.859+0545] {processor.py:161} INFO - Started process (PID=4416) to work on /home/manisha/airflow_env/lib/python3.10/site-packages/airflow/example_dags/subdags/subdag.py
[2024-06-18T11:01:46.900+0545] {processor.py:830} INFO - Processing file /home/manisha/airflow_env/lib/python3.10/site-packages/airflow/example_dags/subdags/subdag.py for tasks to queue
[2024-06-18T11:01:46.906+0545] {logging_mixin.py:188} INFO - [2024-06-18T11:01:46.905+0545] {dagbag.py:545} INFO - Filling up the DagBag from /home/manisha/airflow_env/lib/python3.10/site-packages/airflow/example_dags/subdags/subdag.py
[2024-06-18T11:01:46.913+0545] {processor.py:842} WARNING - No viable dags retrieved from /home/manisha/airflow_env/lib/python3.10/site-packages/airflow/example_dags/subdags/subdag.py
[2024-06-18T11:01:46.937+0545] {processor.py:183} INFO - Processing /home/manisha/airflow_env/lib/python3.10/site-packages/airflow/example_dags/subdags/subdag.py took 0.085 seconds
[2024-06-18T11:02:18.121+0545] {processor.py:161} INFO - Started process (PID=4442) to work on /home/manisha/airflow_env/lib/python3.10/site-packages/airflow/example_dags/subdags/subdag.py
[2024-06-18T11:02:18.147+0545] {processor.py:830} INFO - Processing file /home/manisha/airflow_env/lib/python3.10/site-packages/airflow/example_dags/subdags/subdag.py for tasks to queue
[2024-06-18T11:02:18.151+0545] {logging_mixin.py:188} INFO - [2024-06-18T11:02:18.150+0545] {dagbag.py:545} INFO - Filling up the DagBag from /home/manisha/airflow_env/lib/python3.10/site-packages/airflow/example_dags/subdags/subdag.py
[2024-06-18T11:02:18.154+0545] {processor.py:842} WARNING - No viable dags retrieved from /home/manisha/airflow_env/lib/python3.10/site-packages/airflow/example_dags/subdags/subdag.py
[2024-06-18T11:02:18.171+0545] {processor.py:183} INFO - Processing /home/manisha/airflow_env/lib/python3.10/site-packages/airflow/example_dags/subdags/subdag.py took 0.069 seconds
[2024-06-18T11:03:15.203+0545] {processor.py:161} INFO - Started process (PID=4495) to work on /home/manisha/airflow_env/lib/python3.10/site-packages/airflow/example_dags/subdags/subdag.py
[2024-06-18T11:03:15.242+0545] {processor.py:830} INFO - Processing file /home/manisha/airflow_env/lib/python3.10/site-packages/airflow/example_dags/subdags/subdag.py for tasks to queue
[2024-06-18T11:03:15.247+0545] {logging_mixin.py:188} INFO - [2024-06-18T11:03:15.246+0545] {dagbag.py:545} INFO - Filling up the DagBag from /home/manisha/airflow_env/lib/python3.10/site-packages/airflow/example_dags/subdags/subdag.py
[2024-06-18T11:03:15.254+0545] {processor.py:842} WARNING - No viable dags retrieved from /home/manisha/airflow_env/lib/python3.10/site-packages/airflow/example_dags/subdags/subdag.py
[2024-06-18T11:03:15.278+0545] {processor.py:183} INFO - Processing /home/manisha/airflow_env/lib/python3.10/site-packages/airflow/example_dags/subdags/subdag.py took 0.081 seconds
[2024-06-18T11:04:16.456+0545] {processor.py:161} INFO - Started process (PID=4548) to work on /home/manisha/airflow_env/lib/python3.10/site-packages/airflow/example_dags/subdags/subdag.py
[2024-06-18T11:04:16.489+0545] {processor.py:830} INFO - Processing file /home/manisha/airflow_env/lib/python3.10/site-packages/airflow/example_dags/subdags/subdag.py for tasks to queue
[2024-06-18T11:04:16.492+0545] {logging_mixin.py:188} INFO - [2024-06-18T11:04:16.491+0545] {dagbag.py:545} INFO - Filling up the DagBag from /home/manisha/airflow_env/lib/python3.10/site-packages/airflow/example_dags/subdags/subdag.py
[2024-06-18T11:04:16.496+0545] {processor.py:842} WARNING - No viable dags retrieved from /home/manisha/airflow_env/lib/python3.10/site-packages/airflow/example_dags/subdags/subdag.py
[2024-06-18T11:04:16.520+0545] {processor.py:183} INFO - Processing /home/manisha/airflow_env/lib/python3.10/site-packages/airflow/example_dags/subdags/subdag.py took 0.071 seconds
[2024-06-18T11:04:56.158+0545] {processor.py:161} INFO - Started process (PID=4582) to work on /home/manisha/airflow_env/lib/python3.10/site-packages/airflow/example_dags/subdags/subdag.py
[2024-06-18T11:04:56.254+0545] {processor.py:830} INFO - Processing file /home/manisha/airflow_env/lib/python3.10/site-packages/airflow/example_dags/subdags/subdag.py for tasks to queue
[2024-06-18T11:04:56.255+0545] {logging_mixin.py:188} INFO - [2024-06-18T11:04:56.255+0545] {dagbag.py:545} INFO - Filling up the DagBag from /home/manisha/airflow_env/lib/python3.10/site-packages/airflow/example_dags/subdags/subdag.py
[2024-06-18T11:04:56.257+0545] {processor.py:842} WARNING - No viable dags retrieved from /home/manisha/airflow_env/lib/python3.10/site-packages/airflow/example_dags/subdags/subdag.py
[2024-06-18T11:04:56.266+0545] {processor.py:183} INFO - Processing /home/manisha/airflow_env/lib/python3.10/site-packages/airflow/example_dags/subdags/subdag.py took 0.114 seconds
[2024-06-18T11:05:53.019+0545] {processor.py:161} INFO - Started process (PID=4758) to work on /home/manisha/airflow_env/lib/python3.10/site-packages/airflow/example_dags/subdags/subdag.py
[2024-06-18T11:05:53.064+0545] {processor.py:830} INFO - Processing file /home/manisha/airflow_env/lib/python3.10/site-packages/airflow/example_dags/subdags/subdag.py for tasks to queue
[2024-06-18T11:05:53.067+0545] {logging_mixin.py:188} INFO - [2024-06-18T11:05:53.066+0545] {dagbag.py:545} INFO - Filling up the DagBag from /home/manisha/airflow_env/lib/python3.10/site-packages/airflow/example_dags/subdags/subdag.py
[2024-06-18T11:05:53.070+0545] {processor.py:842} WARNING - No viable dags retrieved from /home/manisha/airflow_env/lib/python3.10/site-packages/airflow/example_dags/subdags/subdag.py
[2024-06-18T11:05:53.082+0545] {processor.py:183} INFO - Processing /home/manisha/airflow_env/lib/python3.10/site-packages/airflow/example_dags/subdags/subdag.py took 0.069 seconds
[2024-06-18T11:06:30.387+0545] {processor.py:161} INFO - Started process (PID=4794) to work on /home/manisha/airflow_env/lib/python3.10/site-packages/airflow/example_dags/subdags/subdag.py
[2024-06-18T11:06:30.470+0545] {processor.py:830} INFO - Processing file /home/manisha/airflow_env/lib/python3.10/site-packages/airflow/example_dags/subdags/subdag.py for tasks to queue
[2024-06-18T11:06:30.475+0545] {logging_mixin.py:188} INFO - [2024-06-18T11:06:30.474+0545] {dagbag.py:545} INFO - Filling up the DagBag from /home/manisha/airflow_env/lib/python3.10/site-packages/airflow/example_dags/subdags/subdag.py
[2024-06-18T11:06:30.482+0545] {processor.py:842} WARNING - No viable dags retrieved from /home/manisha/airflow_env/lib/python3.10/site-packages/airflow/example_dags/subdags/subdag.py
[2024-06-18T11:06:30.507+0545] {processor.py:183} INFO - Processing /home/manisha/airflow_env/lib/python3.10/site-packages/airflow/example_dags/subdags/subdag.py took 0.126 seconds
[2024-06-18T11:07:01.346+0545] {processor.py:161} INFO - Started process (PID=4915) to work on /home/manisha/airflow_env/lib/python3.10/site-packages/airflow/example_dags/subdags/subdag.py
[2024-06-18T11:07:01.347+0545] {processor.py:830} INFO - Processing file /home/manisha/airflow_env/lib/python3.10/site-packages/airflow/example_dags/subdags/subdag.py for tasks to queue
[2024-06-18T11:07:01.349+0545] {logging_mixin.py:188} INFO - [2024-06-18T11:07:01.349+0545] {dagbag.py:545} INFO - Filling up the DagBag from /home/manisha/airflow_env/lib/python3.10/site-packages/airflow/example_dags/subdags/subdag.py
[2024-06-18T11:07:01.351+0545] {processor.py:842} WARNING - No viable dags retrieved from /home/manisha/airflow_env/lib/python3.10/site-packages/airflow/example_dags/subdags/subdag.py
[2024-06-18T11:07:01.363+0545] {processor.py:183} INFO - Processing /home/manisha/airflow_env/lib/python3.10/site-packages/airflow/example_dags/subdags/subdag.py took 0.023 seconds
[2024-06-18T11:07:57.156+0545] {processor.py:161} INFO - Started process (PID=4967) to work on /home/manisha/airflow_env/lib/python3.10/site-packages/airflow/example_dags/subdags/subdag.py
[2024-06-18T11:07:57.193+0545] {processor.py:830} INFO - Processing file /home/manisha/airflow_env/lib/python3.10/site-packages/airflow/example_dags/subdags/subdag.py for tasks to queue
[2024-06-18T11:07:57.198+0545] {logging_mixin.py:188} INFO - [2024-06-18T11:07:57.197+0545] {dagbag.py:545} INFO - Filling up the DagBag from /home/manisha/airflow_env/lib/python3.10/site-packages/airflow/example_dags/subdags/subdag.py
[2024-06-18T11:07:57.205+0545] {processor.py:842} WARNING - No viable dags retrieved from /home/manisha/airflow_env/lib/python3.10/site-packages/airflow/example_dags/subdags/subdag.py
[2024-06-18T11:07:57.231+0545] {processor.py:183} INFO - Processing /home/manisha/airflow_env/lib/python3.10/site-packages/airflow/example_dags/subdags/subdag.py took 0.081 seconds
[2024-06-18T11:08:57.013+0545] {processor.py:161} INFO - Started process (PID=5610) to work on /home/manisha/airflow_env/lib/python3.10/site-packages/airflow/example_dags/subdags/subdag.py
[2024-06-18T11:08:57.098+0545] {processor.py:830} INFO - Processing file /home/manisha/airflow_env/lib/python3.10/site-packages/airflow/example_dags/subdags/subdag.py for tasks to queue
[2024-06-18T11:08:57.100+0545] {logging_mixin.py:188} INFO - [2024-06-18T11:08:57.100+0545] {dagbag.py:545} INFO - Filling up the DagBag from /home/manisha/airflow_env/lib/python3.10/site-packages/airflow/example_dags/subdags/subdag.py
[2024-06-18T11:08:57.104+0545] {processor.py:842} WARNING - No viable dags retrieved from /home/manisha/airflow_env/lib/python3.10/site-packages/airflow/example_dags/subdags/subdag.py
[2024-06-18T11:08:57.117+0545] {processor.py:183} INFO - Processing /home/manisha/airflow_env/lib/python3.10/site-packages/airflow/example_dags/subdags/subdag.py took 0.111 seconds
[2024-06-18T11:09:56.881+0545] {processor.py:161} INFO - Started process (PID=5669) to work on /home/manisha/airflow_env/lib/python3.10/site-packages/airflow/example_dags/subdags/subdag.py
[2024-06-18T11:09:56.913+0545] {processor.py:830} INFO - Processing file /home/manisha/airflow_env/lib/python3.10/site-packages/airflow/example_dags/subdags/subdag.py for tasks to queue
[2024-06-18T11:09:56.919+0545] {logging_mixin.py:188} INFO - [2024-06-18T11:09:56.918+0545] {dagbag.py:545} INFO - Filling up the DagBag from /home/manisha/airflow_env/lib/python3.10/site-packages/airflow/example_dags/subdags/subdag.py
[2024-06-18T11:09:56.926+0545] {processor.py:842} WARNING - No viable dags retrieved from /home/manisha/airflow_env/lib/python3.10/site-packages/airflow/example_dags/subdags/subdag.py
[2024-06-18T11:09:56.950+0545] {processor.py:183} INFO - Processing /home/manisha/airflow_env/lib/python3.10/site-packages/airflow/example_dags/subdags/subdag.py took 0.076 seconds
[2024-06-18T11:43:58.948+0545] {processor.py:161} INFO - Started process (PID=8287) to work on /home/manisha/airflow_env/lib/python3.10/site-packages/airflow/example_dags/subdags/subdag.py
[2024-06-18T11:43:58.965+0545] {processor.py:830} INFO - Processing file /home/manisha/airflow_env/lib/python3.10/site-packages/airflow/example_dags/subdags/subdag.py for tasks to queue
[2024-06-18T11:43:58.966+0545] {logging_mixin.py:188} INFO - [2024-06-18T11:43:58.966+0545] {dagbag.py:545} INFO - Filling up the DagBag from /home/manisha/airflow_env/lib/python3.10/site-packages/airflow/example_dags/subdags/subdag.py
[2024-06-18T11:43:58.968+0545] {processor.py:842} WARNING - No viable dags retrieved from /home/manisha/airflow_env/lib/python3.10/site-packages/airflow/example_dags/subdags/subdag.py
[2024-06-18T11:43:58.984+0545] {processor.py:183} INFO - Processing /home/manisha/airflow_env/lib/python3.10/site-packages/airflow/example_dags/subdags/subdag.py took 0.042 seconds
[2024-06-18T11:44:29.289+0545] {processor.py:161} INFO - Started process (PID=8351) to work on /home/manisha/airflow_env/lib/python3.10/site-packages/airflow/example_dags/subdags/subdag.py
[2024-06-18T11:44:29.299+0545] {processor.py:830} INFO - Processing file /home/manisha/airflow_env/lib/python3.10/site-packages/airflow/example_dags/subdags/subdag.py for tasks to queue
[2024-06-18T11:44:29.301+0545] {logging_mixin.py:188} INFO - [2024-06-18T11:44:29.300+0545] {dagbag.py:545} INFO - Filling up the DagBag from /home/manisha/airflow_env/lib/python3.10/site-packages/airflow/example_dags/subdags/subdag.py
[2024-06-18T11:44:29.302+0545] {processor.py:842} WARNING - No viable dags retrieved from /home/manisha/airflow_env/lib/python3.10/site-packages/airflow/example_dags/subdags/subdag.py
[2024-06-18T11:44:29.322+0545] {processor.py:183} INFO - Processing /home/manisha/airflow_env/lib/python3.10/site-packages/airflow/example_dags/subdags/subdag.py took 0.040 seconds
[2024-06-18T11:45:00.237+0545] {processor.py:161} INFO - Started process (PID=8402) to work on /home/manisha/airflow_env/lib/python3.10/site-packages/airflow/example_dags/subdags/subdag.py
[2024-06-18T11:45:00.294+0545] {processor.py:830} INFO - Processing file /home/manisha/airflow_env/lib/python3.10/site-packages/airflow/example_dags/subdags/subdag.py for tasks to queue
[2024-06-18T11:45:00.300+0545] {logging_mixin.py:188} INFO - [2024-06-18T11:45:00.299+0545] {dagbag.py:545} INFO - Filling up the DagBag from /home/manisha/airflow_env/lib/python3.10/site-packages/airflow/example_dags/subdags/subdag.py
[2024-06-18T11:45:00.305+0545] {processor.py:842} WARNING - No viable dags retrieved from /home/manisha/airflow_env/lib/python3.10/site-packages/airflow/example_dags/subdags/subdag.py
[2024-06-18T11:45:00.351+0545] {processor.py:183} INFO - Processing /home/manisha/airflow_env/lib/python3.10/site-packages/airflow/example_dags/subdags/subdag.py took 0.122 seconds
[2024-06-18T11:45:30.647+0545] {processor.py:161} INFO - Started process (PID=8456) to work on /home/manisha/airflow_env/lib/python3.10/site-packages/airflow/example_dags/subdags/subdag.py
[2024-06-18T11:45:30.648+0545] {processor.py:830} INFO - Processing file /home/manisha/airflow_env/lib/python3.10/site-packages/airflow/example_dags/subdags/subdag.py for tasks to queue
[2024-06-18T11:45:30.649+0545] {logging_mixin.py:188} INFO - [2024-06-18T11:45:30.649+0545] {dagbag.py:545} INFO - Filling up the DagBag from /home/manisha/airflow_env/lib/python3.10/site-packages/airflow/example_dags/subdags/subdag.py
[2024-06-18T11:45:30.652+0545] {processor.py:842} WARNING - No viable dags retrieved from /home/manisha/airflow_env/lib/python3.10/site-packages/airflow/example_dags/subdags/subdag.py
[2024-06-18T11:45:30.671+0545] {processor.py:183} INFO - Processing /home/manisha/airflow_env/lib/python3.10/site-packages/airflow/example_dags/subdags/subdag.py took 0.035 seconds
[2024-06-18T11:46:01.446+0545] {processor.py:161} INFO - Started process (PID=8509) to work on /home/manisha/airflow_env/lib/python3.10/site-packages/airflow/example_dags/subdags/subdag.py
[2024-06-18T11:46:01.464+0545] {processor.py:830} INFO - Processing file /home/manisha/airflow_env/lib/python3.10/site-packages/airflow/example_dags/subdags/subdag.py for tasks to queue
[2024-06-18T11:46:01.466+0545] {logging_mixin.py:188} INFO - [2024-06-18T11:46:01.465+0545] {dagbag.py:545} INFO - Filling up the DagBag from /home/manisha/airflow_env/lib/python3.10/site-packages/airflow/example_dags/subdags/subdag.py
[2024-06-18T11:46:01.468+0545] {processor.py:842} WARNING - No viable dags retrieved from /home/manisha/airflow_env/lib/python3.10/site-packages/airflow/example_dags/subdags/subdag.py
[2024-06-18T11:46:01.489+0545] {processor.py:183} INFO - Processing /home/manisha/airflow_env/lib/python3.10/site-packages/airflow/example_dags/subdags/subdag.py took 0.050 seconds
[2024-06-18T11:46:32.278+0545] {processor.py:161} INFO - Started process (PID=8560) to work on /home/manisha/airflow_env/lib/python3.10/site-packages/airflow/example_dags/subdags/subdag.py
[2024-06-18T11:46:32.278+0545] {processor.py:830} INFO - Processing file /home/manisha/airflow_env/lib/python3.10/site-packages/airflow/example_dags/subdags/subdag.py for tasks to queue
[2024-06-18T11:46:32.281+0545] {logging_mixin.py:188} INFO - [2024-06-18T11:46:32.280+0545] {dagbag.py:545} INFO - Filling up the DagBag from /home/manisha/airflow_env/lib/python3.10/site-packages/airflow/example_dags/subdags/subdag.py
[2024-06-18T11:46:32.282+0545] {processor.py:842} WARNING - No viable dags retrieved from /home/manisha/airflow_env/lib/python3.10/site-packages/airflow/example_dags/subdags/subdag.py
[2024-06-18T11:46:32.302+0545] {processor.py:183} INFO - Processing /home/manisha/airflow_env/lib/python3.10/site-packages/airflow/example_dags/subdags/subdag.py took 0.031 seconds
[2024-06-18T11:47:02.758+0545] {processor.py:161} INFO - Started process (PID=8611) to work on /home/manisha/airflow_env/lib/python3.10/site-packages/airflow/example_dags/subdags/subdag.py
[2024-06-18T11:47:02.774+0545] {processor.py:830} INFO - Processing file /home/manisha/airflow_env/lib/python3.10/site-packages/airflow/example_dags/subdags/subdag.py for tasks to queue
[2024-06-18T11:47:02.777+0545] {logging_mixin.py:188} INFO - [2024-06-18T11:47:02.776+0545] {dagbag.py:545} INFO - Filling up the DagBag from /home/manisha/airflow_env/lib/python3.10/site-packages/airflow/example_dags/subdags/subdag.py
[2024-06-18T11:47:02.779+0545] {processor.py:842} WARNING - No viable dags retrieved from /home/manisha/airflow_env/lib/python3.10/site-packages/airflow/example_dags/subdags/subdag.py
[2024-06-18T11:47:02.799+0545] {processor.py:183} INFO - Processing /home/manisha/airflow_env/lib/python3.10/site-packages/airflow/example_dags/subdags/subdag.py took 0.048 seconds
[2024-06-18T11:47:33.224+0545] {processor.py:161} INFO - Started process (PID=8662) to work on /home/manisha/airflow_env/lib/python3.10/site-packages/airflow/example_dags/subdags/subdag.py
[2024-06-18T11:47:33.225+0545] {processor.py:830} INFO - Processing file /home/manisha/airflow_env/lib/python3.10/site-packages/airflow/example_dags/subdags/subdag.py for tasks to queue
[2024-06-18T11:47:33.227+0545] {logging_mixin.py:188} INFO - [2024-06-18T11:47:33.226+0545] {dagbag.py:545} INFO - Filling up the DagBag from /home/manisha/airflow_env/lib/python3.10/site-packages/airflow/example_dags/subdags/subdag.py
[2024-06-18T11:47:33.229+0545] {processor.py:842} WARNING - No viable dags retrieved from /home/manisha/airflow_env/lib/python3.10/site-packages/airflow/example_dags/subdags/subdag.py
[2024-06-18T11:47:33.248+0545] {processor.py:183} INFO - Processing /home/manisha/airflow_env/lib/python3.10/site-packages/airflow/example_dags/subdags/subdag.py took 0.032 seconds
[2024-06-18T11:48:29.454+0545] {processor.py:161} INFO - Started process (PID=8737) to work on /home/manisha/airflow_env/lib/python3.10/site-packages/airflow/example_dags/subdags/subdag.py
[2024-06-18T11:48:29.461+0545] {processor.py:830} INFO - Processing file /home/manisha/airflow_env/lib/python3.10/site-packages/airflow/example_dags/subdags/subdag.py for tasks to queue
[2024-06-18T11:48:29.462+0545] {logging_mixin.py:188} INFO - [2024-06-18T11:48:29.462+0545] {dagbag.py:545} INFO - Filling up the DagBag from /home/manisha/airflow_env/lib/python3.10/site-packages/airflow/example_dags/subdags/subdag.py
[2024-06-18T11:48:29.464+0545] {processor.py:842} WARNING - No viable dags retrieved from /home/manisha/airflow_env/lib/python3.10/site-packages/airflow/example_dags/subdags/subdag.py
[2024-06-18T11:48:29.481+0545] {processor.py:183} INFO - Processing /home/manisha/airflow_env/lib/python3.10/site-packages/airflow/example_dags/subdags/subdag.py took 0.038 seconds
[2024-06-18T11:48:59.885+0545] {processor.py:161} INFO - Started process (PID=8852) to work on /home/manisha/airflow_env/lib/python3.10/site-packages/airflow/example_dags/subdags/subdag.py
[2024-06-18T11:48:59.893+0545] {processor.py:830} INFO - Processing file /home/manisha/airflow_env/lib/python3.10/site-packages/airflow/example_dags/subdags/subdag.py for tasks to queue
[2024-06-18T11:48:59.895+0545] {logging_mixin.py:188} INFO - [2024-06-18T11:48:59.894+0545] {dagbag.py:545} INFO - Filling up the DagBag from /home/manisha/airflow_env/lib/python3.10/site-packages/airflow/example_dags/subdags/subdag.py
[2024-06-18T11:48:59.897+0545] {processor.py:842} WARNING - No viable dags retrieved from /home/manisha/airflow_env/lib/python3.10/site-packages/airflow/example_dags/subdags/subdag.py
[2024-06-18T11:48:59.929+0545] {processor.py:183} INFO - Processing /home/manisha/airflow_env/lib/python3.10/site-packages/airflow/example_dags/subdags/subdag.py took 0.056 seconds
[2024-06-18T11:49:30.174+0545] {processor.py:161} INFO - Started process (PID=8923) to work on /home/manisha/airflow_env/lib/python3.10/site-packages/airflow/example_dags/subdags/subdag.py
[2024-06-18T11:49:30.204+0545] {processor.py:830} INFO - Processing file /home/manisha/airflow_env/lib/python3.10/site-packages/airflow/example_dags/subdags/subdag.py for tasks to queue
[2024-06-18T11:49:30.209+0545] {logging_mixin.py:188} INFO - [2024-06-18T11:49:30.208+0545] {dagbag.py:545} INFO - Filling up the DagBag from /home/manisha/airflow_env/lib/python3.10/site-packages/airflow/example_dags/subdags/subdag.py
[2024-06-18T11:49:30.215+0545] {processor.py:842} WARNING - No viable dags retrieved from /home/manisha/airflow_env/lib/python3.10/site-packages/airflow/example_dags/subdags/subdag.py
[2024-06-18T11:49:30.273+0545] {processor.py:183} INFO - Processing /home/manisha/airflow_env/lib/python3.10/site-packages/airflow/example_dags/subdags/subdag.py took 0.112 seconds
[2024-06-18T11:50:00.514+0545] {processor.py:161} INFO - Started process (PID=8978) to work on /home/manisha/airflow_env/lib/python3.10/site-packages/airflow/example_dags/subdags/subdag.py
[2024-06-18T11:50:00.515+0545] {processor.py:830} INFO - Processing file /home/manisha/airflow_env/lib/python3.10/site-packages/airflow/example_dags/subdags/subdag.py for tasks to queue
[2024-06-18T11:50:00.516+0545] {logging_mixin.py:188} INFO - [2024-06-18T11:50:00.516+0545] {dagbag.py:545} INFO - Filling up the DagBag from /home/manisha/airflow_env/lib/python3.10/site-packages/airflow/example_dags/subdags/subdag.py
[2024-06-18T11:50:00.518+0545] {processor.py:842} WARNING - No viable dags retrieved from /home/manisha/airflow_env/lib/python3.10/site-packages/airflow/example_dags/subdags/subdag.py
[2024-06-18T11:50:00.538+0545] {processor.py:183} INFO - Processing /home/manisha/airflow_env/lib/python3.10/site-packages/airflow/example_dags/subdags/subdag.py took 0.034 seconds
[2024-06-18T11:50:31.046+0545] {processor.py:161} INFO - Started process (PID=9038) to work on /home/manisha/airflow_env/lib/python3.10/site-packages/airflow/example_dags/subdags/subdag.py
[2024-06-18T11:50:31.102+0545] {processor.py:830} INFO - Processing file /home/manisha/airflow_env/lib/python3.10/site-packages/airflow/example_dags/subdags/subdag.py for tasks to queue
[2024-06-18T11:50:31.108+0545] {logging_mixin.py:188} INFO - [2024-06-18T11:50:31.107+0545] {dagbag.py:545} INFO - Filling up the DagBag from /home/manisha/airflow_env/lib/python3.10/site-packages/airflow/example_dags/subdags/subdag.py
[2024-06-18T11:50:31.113+0545] {processor.py:842} WARNING - No viable dags retrieved from /home/manisha/airflow_env/lib/python3.10/site-packages/airflow/example_dags/subdags/subdag.py
[2024-06-18T11:50:31.150+0545] {processor.py:183} INFO - Processing /home/manisha/airflow_env/lib/python3.10/site-packages/airflow/example_dags/subdags/subdag.py took 0.112 seconds
[2024-06-18T11:50:55.465+0545] {processor.py:161} INFO - Started process (PID=9251) to work on /home/manisha/airflow_env/lib/python3.10/site-packages/airflow/example_dags/subdags/subdag.py
[2024-06-18T11:50:55.466+0545] {processor.py:830} INFO - Processing file /home/manisha/airflow_env/lib/python3.10/site-packages/airflow/example_dags/subdags/subdag.py for tasks to queue
[2024-06-18T11:50:55.467+0545] {logging_mixin.py:188} INFO - [2024-06-18T11:50:55.467+0545] {dagbag.py:545} INFO - Filling up the DagBag from /home/manisha/airflow_env/lib/python3.10/site-packages/airflow/example_dags/subdags/subdag.py
[2024-06-18T11:50:55.469+0545] {processor.py:842} WARNING - No viable dags retrieved from /home/manisha/airflow_env/lib/python3.10/site-packages/airflow/example_dags/subdags/subdag.py
[2024-06-18T11:50:55.488+0545] {processor.py:183} INFO - Processing /home/manisha/airflow_env/lib/python3.10/site-packages/airflow/example_dags/subdags/subdag.py took 0.030 seconds
[2024-06-18T11:51:26.115+0545] {processor.py:161} INFO - Started process (PID=9531) to work on /home/manisha/airflow_env/lib/python3.10/site-packages/airflow/example_dags/subdags/subdag.py
[2024-06-18T11:51:26.131+0545] {processor.py:830} INFO - Processing file /home/manisha/airflow_env/lib/python3.10/site-packages/airflow/example_dags/subdags/subdag.py for tasks to queue
[2024-06-18T11:51:26.132+0545] {logging_mixin.py:188} INFO - [2024-06-18T11:51:26.132+0545] {dagbag.py:545} INFO - Filling up the DagBag from /home/manisha/airflow_env/lib/python3.10/site-packages/airflow/example_dags/subdags/subdag.py
[2024-06-18T11:51:26.135+0545] {processor.py:842} WARNING - No viable dags retrieved from /home/manisha/airflow_env/lib/python3.10/site-packages/airflow/example_dags/subdags/subdag.py
[2024-06-18T11:51:26.165+0545] {processor.py:183} INFO - Processing /home/manisha/airflow_env/lib/python3.10/site-packages/airflow/example_dags/subdags/subdag.py took 0.064 seconds
[2024-06-18T11:51:56.620+0545] {processor.py:161} INFO - Started process (PID=9788) to work on /home/manisha/airflow_env/lib/python3.10/site-packages/airflow/example_dags/subdags/subdag.py
[2024-06-18T11:51:56.620+0545] {processor.py:830} INFO - Processing file /home/manisha/airflow_env/lib/python3.10/site-packages/airflow/example_dags/subdags/subdag.py for tasks to queue
[2024-06-18T11:51:56.622+0545] {logging_mixin.py:188} INFO - [2024-06-18T11:51:56.622+0545] {dagbag.py:545} INFO - Filling up the DagBag from /home/manisha/airflow_env/lib/python3.10/site-packages/airflow/example_dags/subdags/subdag.py
[2024-06-18T11:51:56.624+0545] {processor.py:842} WARNING - No viable dags retrieved from /home/manisha/airflow_env/lib/python3.10/site-packages/airflow/example_dags/subdags/subdag.py
[2024-06-18T11:51:56.646+0545] {processor.py:183} INFO - Processing /home/manisha/airflow_env/lib/python3.10/site-packages/airflow/example_dags/subdags/subdag.py took 0.038 seconds
