[2024-06-19T08:45:00.919+0545] {local_task_job_runner.py:120} INFO - ::group::Pre task execution logs
[2024-06-19T08:45:00.947+0545] {taskinstance.py:2076} INFO - Dependencies all met for dep_context=non-requeueable deps ti=<TaskInstance: Backup_Database.backup_task scheduled__2024-06-19T02:50:00+00:00 [queued]>
[2024-06-19T08:45:00.961+0545] {taskinstance.py:2076} INFO - Dependencies all met for dep_context=requeueable deps ti=<TaskInstance: Backup_Database.backup_task scheduled__2024-06-19T02:50:00+00:00 [queued]>
[2024-06-19T08:45:00.961+0545] {taskinstance.py:2306} INFO - Starting attempt 1 of 2
[2024-06-19T08:45:01.076+0545] {taskinstance.py:2330} INFO - Executing <Task(BashOperator): backup_task> on 2024-06-19 02:50:00+00:00
[2024-06-19T08:45:01.083+0545] {standard_task_runner.py:63} INFO - Started process 16796 to run task
[2024-06-19T08:45:01.092+0545] {standard_task_runner.py:90} INFO - Running: ['airflow', 'tasks', 'run', 'Backup_Database', 'backup_task', 'scheduled__2024-06-19T02:50:00+00:00', '--job-id', '211', '--raw', '--subdir', 'DAGS_FOLDER/basic_dag.py', '--cfg-path', '/tmp/tmphl5_l_ar']
[2024-06-19T08:45:01.098+0545] {standard_task_runner.py:91} INFO - Job 211: Subtask backup_task
[2024-06-19T08:45:01.242+0545] {task_command.py:426} INFO - Running <TaskInstance: Backup_Database.backup_task scheduled__2024-06-19T02:50:00+00:00 [running]> on host manisha-Inspiron-3580
[2024-06-19T08:45:01.627+0545] {taskinstance.py:2648} INFO - Exporting env vars: AIRFLOW_CTX_DAG_OWNER='manisha' AIRFLOW_CTX_DAG_ID='Backup_Database' AIRFLOW_CTX_TASK_ID='backup_task' AIRFLOW_CTX_EXECUTION_DATE='2024-06-19T02:50:00+00:00' AIRFLOW_CTX_TRY_NUMBER='1' AIRFLOW_CTX_DAG_RUN_ID='scheduled__2024-06-19T02:50:00+00:00'
[2024-06-19T08:45:01.628+0545] {taskinstance.py:430} INFO - ::endgroup::
[2024-06-19T08:45:01.645+0545] {subprocess.py:63} INFO - Tmp dir root location: /tmp
[2024-06-19T08:45:01.645+0545] {subprocess.py:75} INFO - Running command: ['/usr/bin/bash', '-c', '/home/manisha/airflow/bashScripts/backup.sh ']
[2024-06-19T08:45:01.651+0545] {subprocess.py:86} INFO - Output:
[2024-06-19T08:45:01.655+0545] {subprocess.py:93} INFO - mysql: [Warning] Using a password on the command line interface can be insecure.
[2024-06-19T08:45:01.668+0545] {subprocess.py:93} INFO - mysqldump: [Warning] Using a password on the command line interface can be insecure.
[2024-06-19T08:45:01.673+0545] {subprocess.py:93} INFO - mysqldump: Error: 'Access denied; you need (at least one of) the PROCESS privilege(s) for this operation' when trying to dump tablespaces
[2024-06-19T08:45:01.841+0545] {subprocess.py:93} INFO - Backup completed in 0 seconds
[2024-06-19T08:45:01.841+0545] {subprocess.py:93} INFO - Backup is Successfully done in location: /home/manisha/airflow/backup|Required Space: 0GB, Available Space: 428.21GB
[2024-06-19T08:45:01.841+0545] {subprocess.py:97} INFO - Command exited with return code 0
[2024-06-19T08:45:01.842+0545] {taskinstance.py:441} INFO - ::group::Post task execution logs
[2024-06-19T08:45:01.936+0545] {taskinstance.py:1206} INFO - Marking task as SUCCESS. dag_id=Backup_Database, task_id=backup_task, run_id=scheduled__2024-06-19T02:50:00+00:00, execution_date=20240619T025000, start_date=20240619T030000, end_date=20240619T030001
[2024-06-19T08:45:02.028+0545] {local_task_job_runner.py:240} INFO - Task exited with return code 0
[2024-06-19T08:45:02.076+0545] {taskinstance.py:3503} INFO - 1 downstream tasks scheduled from follow-on schedule check
[2024-06-19T08:45:02.119+0545] {local_task_job_runner.py:222} INFO - ::endgroup::
[2024-06-19T08:45:49.333+0545] {local_task_job_runner.py:120} INFO - ::group::Pre task execution logs
[2024-06-19T08:45:49.388+0545] {taskinstance.py:2076} INFO - Dependencies all met for dep_context=non-requeueable deps ti=<TaskInstance: Backup_Database.backup_task scheduled__2024-06-19T02:50:00+00:00 [queued]>
[2024-06-19T08:45:49.395+0545] {taskinstance.py:2076} INFO - Dependencies all met for dep_context=requeueable deps ti=<TaskInstance: Backup_Database.backup_task scheduled__2024-06-19T02:50:00+00:00 [queued]>
[2024-06-19T08:45:49.396+0545] {taskinstance.py:2306} INFO - Starting attempt 1 of 2
[2024-06-19T08:45:49.478+0545] {taskinstance.py:2330} INFO - Executing <Task(BashOperator): backup_task> on 2024-06-19 02:50:00+00:00
[2024-06-19T08:45:49.482+0545] {standard_task_runner.py:63} INFO - Started process 17239 to run task
[2024-06-19T08:45:49.485+0545] {standard_task_runner.py:90} INFO - Running: ['airflow', 'tasks', 'run', 'Backup_Database', 'backup_task', 'scheduled__2024-06-19T02:50:00+00:00', '--job-id', '214', '--raw', '--subdir', 'DAGS_FOLDER/basic_dag.py', '--cfg-path', '/tmp/tmplajbajgn']
[2024-06-19T08:45:49.489+0545] {standard_task_runner.py:91} INFO - Job 214: Subtask backup_task
[2024-06-19T08:45:49.621+0545] {task_command.py:426} INFO - Running <TaskInstance: Backup_Database.backup_task scheduled__2024-06-19T02:50:00+00:00 [running]> on host manisha-Inspiron-3580
[2024-06-19T08:45:49.840+0545] {taskinstance.py:2648} INFO - Exporting env vars: AIRFLOW_CTX_DAG_OWNER='manisha' AIRFLOW_CTX_DAG_ID='Backup_Database' AIRFLOW_CTX_TASK_ID='backup_task' AIRFLOW_CTX_EXECUTION_DATE='2024-06-19T02:50:00+00:00' AIRFLOW_CTX_TRY_NUMBER='1' AIRFLOW_CTX_DAG_RUN_ID='scheduled__2024-06-19T02:50:00+00:00'
[2024-06-19T08:45:49.840+0545] {taskinstance.py:430} INFO - ::endgroup::
[2024-06-19T08:45:49.859+0545] {subprocess.py:63} INFO - Tmp dir root location: /tmp
[2024-06-19T08:45:49.860+0545] {subprocess.py:75} INFO - Running command: ['/usr/bin/bash', '-c', '/home/manisha/airflow/bashScripts/backup.sh ']
[2024-06-19T08:45:49.866+0545] {subprocess.py:86} INFO - Output:
[2024-06-19T08:45:49.870+0545] {subprocess.py:93} INFO - mysql: [Warning] Using a password on the command line interface can be insecure.
[2024-06-19T08:45:49.885+0545] {subprocess.py:93} INFO - mysqldump: [Warning] Using a password on the command line interface can be insecure.
[2024-06-19T08:45:49.890+0545] {subprocess.py:93} INFO - mysqldump: Error: 'Access denied; you need (at least one of) the PROCESS privilege(s) for this operation' when trying to dump tablespaces
[2024-06-19T08:45:50.055+0545] {subprocess.py:93} INFO - Backup completed in 1 seconds
[2024-06-19T08:45:50.055+0545] {subprocess.py:93} INFO - Backup is Successfully done in location: /home/manisha/airflow/backup|Required Space: 0GB, Available Space: 428.21GB
[2024-06-19T08:45:50.056+0545] {subprocess.py:97} INFO - Command exited with return code 0
[2024-06-19T08:45:50.056+0545] {taskinstance.py:441} INFO - ::group::Post task execution logs
[2024-06-19T08:45:50.161+0545] {taskinstance.py:1206} INFO - Marking task as SUCCESS. dag_id=Backup_Database, task_id=backup_task, run_id=scheduled__2024-06-19T02:50:00+00:00, execution_date=20240619T025000, start_date=20240619T030049, end_date=20240619T030050
[2024-06-19T08:45:50.260+0545] {local_task_job_runner.py:240} INFO - Task exited with return code 0
[2024-06-19T08:45:50.277+0545] {local_task_job_runner.py:222} INFO - ::endgroup::
[2024-06-19T08:49:11.041+0545] {local_task_job_runner.py:120} INFO - ::group::Pre task execution logs
[2024-06-19T08:49:11.131+0545] {taskinstance.py:2076} INFO - Dependencies all met for dep_context=non-requeueable deps ti=<TaskInstance: Backup_Database.backup_task scheduled__2024-06-19T02:50:00+00:00 [queued]>
[2024-06-19T08:49:11.139+0545] {taskinstance.py:2076} INFO - Dependencies all met for dep_context=requeueable deps ti=<TaskInstance: Backup_Database.backup_task scheduled__2024-06-19T02:50:00+00:00 [queued]>
[2024-06-19T08:49:11.139+0545] {taskinstance.py:2306} INFO - Starting attempt 1 of 2
[2024-06-19T08:49:11.239+0545] {taskinstance.py:2330} INFO - Executing <Task(BashOperator): backup_task> on 2024-06-19 02:50:00+00:00
[2024-06-19T08:49:11.245+0545] {standard_task_runner.py:63} INFO - Started process 18782 to run task
[2024-06-19T08:49:11.254+0545] {standard_task_runner.py:90} INFO - Running: ['airflow', 'tasks', 'run', 'Backup_Database', 'backup_task', 'scheduled__2024-06-19T02:50:00+00:00', '--job-id', '225', '--raw', '--subdir', 'DAGS_FOLDER/basic_dag.py', '--cfg-path', '/tmp/tmptzmlnw13']
[2024-06-19T08:49:11.259+0545] {standard_task_runner.py:91} INFO - Job 225: Subtask backup_task
[2024-06-19T08:49:11.465+0545] {task_command.py:426} INFO - Running <TaskInstance: Backup_Database.backup_task scheduled__2024-06-19T02:50:00+00:00 [running]> on host manisha-Inspiron-3580
[2024-06-19T08:49:11.701+0545] {taskinstance.py:2648} INFO - Exporting env vars: AIRFLOW_CTX_DAG_OWNER='manisha' AIRFLOW_CTX_DAG_ID='Backup_Database' AIRFLOW_CTX_TASK_ID='backup_task' AIRFLOW_CTX_EXECUTION_DATE='2024-06-19T02:50:00+00:00' AIRFLOW_CTX_TRY_NUMBER='1' AIRFLOW_CTX_DAG_RUN_ID='scheduled__2024-06-19T02:50:00+00:00'
[2024-06-19T08:49:11.702+0545] {taskinstance.py:430} INFO - ::endgroup::
[2024-06-19T08:49:11.720+0545] {subprocess.py:63} INFO - Tmp dir root location: /tmp
[2024-06-19T08:49:11.720+0545] {subprocess.py:75} INFO - Running command: ['/usr/bin/bash', '-c', '/home/manisha/airflow/bashScripts/backup.sh ']
[2024-06-19T08:49:11.726+0545] {subprocess.py:86} INFO - Output:
[2024-06-19T08:49:11.730+0545] {subprocess.py:93} INFO - mysql: [Warning] Using a password on the command line interface can be insecure.
[2024-06-19T08:49:11.743+0545] {subprocess.py:93} INFO - mysqldump: [Warning] Using a password on the command line interface can be insecure.
[2024-06-19T08:49:11.748+0545] {subprocess.py:93} INFO - mysqldump: Error: 'Access denied; you need (at least one of) the PROCESS privilege(s) for this operation' when trying to dump tablespaces
[2024-06-19T08:49:11.904+0545] {subprocess.py:93} INFO - Backup completed in 0 seconds
[2024-06-19T08:49:11.904+0545] {subprocess.py:93} INFO - Backup is Successfully done in location: /home/manisha/airflow/backup|Required Space: 0GB, Available Space: 428.21GB
[2024-06-19T08:49:11.904+0545] {subprocess.py:97} INFO - Command exited with return code 0
[2024-06-19T08:49:11.905+0545] {taskinstance.py:441} INFO - ::group::Post task execution logs
[2024-06-19T08:49:12.007+0545] {taskinstance.py:1206} INFO - Marking task as SUCCESS. dag_id=Backup_Database, task_id=backup_task, run_id=scheduled__2024-06-19T02:50:00+00:00, execution_date=20240619T025000, start_date=20240619T030411, end_date=20240619T030412
[2024-06-19T08:49:12.149+0545] {local_task_job_runner.py:240} INFO - Task exited with return code 0
[2024-06-19T08:49:12.204+0545] {taskinstance.py:3503} INFO - 1 downstream tasks scheduled from follow-on schedule check
[2024-06-19T08:49:12.251+0545] {local_task_job_runner.py:222} INFO - ::endgroup::
