[2024-06-18T14:28:53.895+0545] {local_task_job_runner.py:120} INFO - ::group::Pre task execution logs
[2024-06-18T14:28:53.921+0545] {taskinstance.py:2076} INFO - Dependencies all met for dep_context=non-requeueable deps ti=<TaskInstance: Backup_Database.backup_task manual__2024-06-18T08:43:51.095121+00:00 [queued]>
[2024-06-18T14:28:53.928+0545] {taskinstance.py:2076} INFO - Dependencies all met for dep_context=requeueable deps ti=<TaskInstance: Backup_Database.backup_task manual__2024-06-18T08:43:51.095121+00:00 [queued]>
[2024-06-18T14:28:53.928+0545] {taskinstance.py:2306} INFO - Starting attempt 1 of 2
[2024-06-18T14:28:54.135+0545] {taskinstance.py:2330} INFO - Executing <Task(BashOperator): backup_task> on 2024-06-18 08:43:51.095121+00:00
[2024-06-18T14:28:54.138+0545] {standard_task_runner.py:63} INFO - Started process 18371 to run task
[2024-06-18T14:28:54.141+0545] {standard_task_runner.py:90} INFO - Running: ['airflow', 'tasks', 'run', 'Backup_Database', 'backup_task', 'manual__2024-06-18T08:43:51.095121+00:00', '--job-id', '52', '--raw', '--subdir', 'DAGS_FOLDER/basic_dag.py', '--cfg-path', '/tmp/tmp1v4d_frg']
[2024-06-18T14:28:54.142+0545] {standard_task_runner.py:91} INFO - Job 52: Subtask backup_task
[2024-06-18T14:28:54.379+0545] {task_command.py:426} INFO - Running <TaskInstance: Backup_Database.backup_task manual__2024-06-18T08:43:51.095121+00:00 [running]> on host manisha-Inspiron-3580
[2024-06-18T14:28:54.562+0545] {abstractoperator.py:725} ERROR - Exception rendering Jinja template for task 'backup_task', field 'bash_command'. Template: '/home/manisha/airflow/bashScripts/backup.sh'
Traceback (most recent call last):
  File "/home/manisha/airflow_env/lib/python3.10/site-packages/airflow/models/abstractoperator.py", line 717, in _do_render_template_fields
    rendered_content = self.render_template(
  File "/home/manisha/airflow_env/lib/python3.10/site-packages/airflow/template/templater.py", line 166, in render_template
    template = jinja_env.get_template(value)
  File "/home/manisha/airflow_env/lib/python3.10/site-packages/jinja2/environment.py", line 1013, in get_template
    return self._load_template(name, globals)
  File "/home/manisha/airflow_env/lib/python3.10/site-packages/jinja2/environment.py", line 972, in _load_template
    template = self.loader.load(self, name, self.make_globals(globals))
  File "/home/manisha/airflow_env/lib/python3.10/site-packages/jinja2/loaders.py", line 126, in load
    source, filename, uptodate = self.get_source(environment, name)
  File "/home/manisha/airflow_env/lib/python3.10/site-packages/jinja2/loaders.py", line 207, in get_source
    raise TemplateNotFound(template)
jinja2.exceptions.TemplateNotFound: /home/manisha/airflow/bashScripts/backup.sh
[2024-06-18T14:28:54.563+0545] {taskinstance.py:2905} ERROR - Task failed with exception
Traceback (most recent call last):
  File "/home/manisha/airflow_env/lib/python3.10/site-packages/airflow/models/taskinstance.py", line 2479, in _run_raw_task
    self._execute_task_with_callbacks(context, test_mode, session=session)
  File "/home/manisha/airflow_env/lib/python3.10/site-packages/airflow/models/taskinstance.py", line 2633, in _execute_task_with_callbacks
    task_orig = self.render_templates(context=context, jinja_env=jinja_env)
  File "/home/manisha/airflow_env/lib/python3.10/site-packages/airflow/models/taskinstance.py", line 3094, in render_templates
    original_task.render_template_fields(context, jinja_env)
  File "/home/manisha/airflow_env/lib/python3.10/site-packages/airflow/models/baseoperator.py", line 1337, in render_template_fields
    self._do_render_template_fields(self, self.template_fields, context, jinja_env, set())
  File "/home/manisha/airflow_env/lib/python3.10/site-packages/airflow/models/abstractoperator.py", line 717, in _do_render_template_fields
    rendered_content = self.render_template(
  File "/home/manisha/airflow_env/lib/python3.10/site-packages/airflow/template/templater.py", line 166, in render_template
    template = jinja_env.get_template(value)
  File "/home/manisha/airflow_env/lib/python3.10/site-packages/jinja2/environment.py", line 1013, in get_template
    return self._load_template(name, globals)
  File "/home/manisha/airflow_env/lib/python3.10/site-packages/jinja2/environment.py", line 972, in _load_template
    template = self.loader.load(self, name, self.make_globals(globals))
  File "/home/manisha/airflow_env/lib/python3.10/site-packages/jinja2/loaders.py", line 126, in load
    source, filename, uptodate = self.get_source(environment, name)
  File "/home/manisha/airflow_env/lib/python3.10/site-packages/jinja2/loaders.py", line 207, in get_source
    raise TemplateNotFound(template)
jinja2.exceptions.TemplateNotFound: /home/manisha/airflow/bashScripts/backup.sh
[2024-06-18T14:28:54.574+0545] {taskinstance.py:1206} INFO - Marking task as UP_FOR_RETRY. dag_id=Backup_Database, task_id=backup_task, run_id=manual__2024-06-18T08:43:51.095121+00:00, execution_date=20240618T084351, start_date=20240618T084353, end_date=20240618T084354
[2024-06-18T14:28:54.714+0545] {standard_task_runner.py:110} ERROR - Failed to execute job 52 for task backup_task (/home/manisha/airflow/bashScripts/backup.sh; 18371)
[2024-06-18T14:28:54.756+0545] {local_task_job_runner.py:240} INFO - Task exited with return code 1
[2024-06-18T14:28:54.776+0545] {local_task_job_runner.py:222} INFO - ::endgroup::
