[2024-06-18T10:57:13.852+0545] {processor.py:161} INFO - Started process (PID=4042) to work on /home/manisha/airflow_env/lib/python3.10/site-packages/airflow/example_dags/plugins/decreasing_priority_weight_strategy.py
[2024-06-18T10:57:13.853+0545] {processor.py:830} INFO - Processing file /home/manisha/airflow_env/lib/python3.10/site-packages/airflow/example_dags/plugins/decreasing_priority_weight_strategy.py for tasks to queue
[2024-06-18T10:57:13.855+0545] {logging_mixin.py:188} INFO - [2024-06-18T10:57:13.854+0545] {dagbag.py:545} INFO - Filling up the DagBag from /home/manisha/airflow_env/lib/python3.10/site-packages/airflow/example_dags/plugins/decreasing_priority_weight_strategy.py
[2024-06-18T10:57:13.857+0545] {processor.py:842} WARNING - No viable dags retrieved from /home/manisha/airflow_env/lib/python3.10/site-packages/airflow/example_dags/plugins/decreasing_priority_weight_strategy.py
[2024-06-18T10:57:13.868+0545] {processor.py:183} INFO - Processing /home/manisha/airflow_env/lib/python3.10/site-packages/airflow/example_dags/plugins/decreasing_priority_weight_strategy.py took 0.022 seconds
[2024-06-18T10:58:30.232+0545] {processor.py:161} INFO - Started process (PID=4158) to work on /home/manisha/airflow_env/lib/python3.10/site-packages/airflow/example_dags/plugins/decreasing_priority_weight_strategy.py
[2024-06-18T10:58:30.233+0545] {processor.py:830} INFO - Processing file /home/manisha/airflow_env/lib/python3.10/site-packages/airflow/example_dags/plugins/decreasing_priority_weight_strategy.py for tasks to queue
[2024-06-18T10:58:30.235+0545] {logging_mixin.py:188} INFO - [2024-06-18T10:58:30.235+0545] {dagbag.py:545} INFO - Filling up the DagBag from /home/manisha/airflow_env/lib/python3.10/site-packages/airflow/example_dags/plugins/decreasing_priority_weight_strategy.py
[2024-06-18T10:58:30.237+0545] {processor.py:842} WARNING - No viable dags retrieved from /home/manisha/airflow_env/lib/python3.10/site-packages/airflow/example_dags/plugins/decreasing_priority_weight_strategy.py
[2024-06-18T10:58:30.246+0545] {processor.py:183} INFO - Processing /home/manisha/airflow_env/lib/python3.10/site-packages/airflow/example_dags/plugins/decreasing_priority_weight_strategy.py took 0.021 seconds
[2024-06-18T10:59:32.168+0545] {processor.py:161} INFO - Started process (PID=4211) to work on /home/manisha/airflow_env/lib/python3.10/site-packages/airflow/example_dags/plugins/decreasing_priority_weight_strategy.py
[2024-06-18T10:59:32.205+0545] {processor.py:830} INFO - Processing file /home/manisha/airflow_env/lib/python3.10/site-packages/airflow/example_dags/plugins/decreasing_priority_weight_strategy.py for tasks to queue
[2024-06-18T10:59:32.207+0545] {logging_mixin.py:188} INFO - [2024-06-18T10:59:32.206+0545] {dagbag.py:545} INFO - Filling up the DagBag from /home/manisha/airflow_env/lib/python3.10/site-packages/airflow/example_dags/plugins/decreasing_priority_weight_strategy.py
[2024-06-18T10:59:32.209+0545] {processor.py:842} WARNING - No viable dags retrieved from /home/manisha/airflow_env/lib/python3.10/site-packages/airflow/example_dags/plugins/decreasing_priority_weight_strategy.py
[2024-06-18T10:59:32.218+0545] {processor.py:183} INFO - Processing /home/manisha/airflow_env/lib/python3.10/site-packages/airflow/example_dags/plugins/decreasing_priority_weight_strategy.py took 0.056 seconds
[2024-06-18T11:00:35.268+0545] {processor.py:161} INFO - Started process (PID=4353) to work on /home/manisha/airflow_env/lib/python3.10/site-packages/airflow/example_dags/plugins/decreasing_priority_weight_strategy.py
[2024-06-18T11:00:35.269+0545] {processor.py:830} INFO - Processing file /home/manisha/airflow_env/lib/python3.10/site-packages/airflow/example_dags/plugins/decreasing_priority_weight_strategy.py for tasks to queue
[2024-06-18T11:00:35.270+0545] {logging_mixin.py:188} INFO - [2024-06-18T11:00:35.270+0545] {dagbag.py:545} INFO - Filling up the DagBag from /home/manisha/airflow_env/lib/python3.10/site-packages/airflow/example_dags/plugins/decreasing_priority_weight_strategy.py
[2024-06-18T11:00:35.273+0545] {processor.py:842} WARNING - No viable dags retrieved from /home/manisha/airflow_env/lib/python3.10/site-packages/airflow/example_dags/plugins/decreasing_priority_weight_strategy.py
[2024-06-18T11:00:35.283+0545] {processor.py:183} INFO - Processing /home/manisha/airflow_env/lib/python3.10/site-packages/airflow/example_dags/plugins/decreasing_priority_weight_strategy.py took 0.021 seconds
[2024-06-18T11:01:36.126+0545] {processor.py:161} INFO - Started process (PID=4406) to work on /home/manisha/airflow_env/lib/python3.10/site-packages/airflow/example_dags/plugins/decreasing_priority_weight_strategy.py
[2024-06-18T11:01:36.158+0545] {processor.py:830} INFO - Processing file /home/manisha/airflow_env/lib/python3.10/site-packages/airflow/example_dags/plugins/decreasing_priority_weight_strategy.py for tasks to queue
[2024-06-18T11:01:36.163+0545] {logging_mixin.py:188} INFO - [2024-06-18T11:01:36.162+0545] {dagbag.py:545} INFO - Filling up the DagBag from /home/manisha/airflow_env/lib/python3.10/site-packages/airflow/example_dags/plugins/decreasing_priority_weight_strategy.py
[2024-06-18T11:01:36.170+0545] {processor.py:842} WARNING - No viable dags retrieved from /home/manisha/airflow_env/lib/python3.10/site-packages/airflow/example_dags/plugins/decreasing_priority_weight_strategy.py
[2024-06-18T11:01:36.194+0545] {processor.py:183} INFO - Processing /home/manisha/airflow_env/lib/python3.10/site-packages/airflow/example_dags/plugins/decreasing_priority_weight_strategy.py took 0.074 seconds
[2024-06-18T11:02:35.560+0545] {processor.py:161} INFO - Started process (PID=4458) to work on /home/manisha/airflow_env/lib/python3.10/site-packages/airflow/example_dags/plugins/decreasing_priority_weight_strategy.py
[2024-06-18T11:02:35.594+0545] {processor.py:830} INFO - Processing file /home/manisha/airflow_env/lib/python3.10/site-packages/airflow/example_dags/plugins/decreasing_priority_weight_strategy.py for tasks to queue
[2024-06-18T11:02:35.600+0545] {logging_mixin.py:188} INFO - [2024-06-18T11:02:35.599+0545] {dagbag.py:545} INFO - Filling up the DagBag from /home/manisha/airflow_env/lib/python3.10/site-packages/airflow/example_dags/plugins/decreasing_priority_weight_strategy.py
[2024-06-18T11:02:35.607+0545] {processor.py:842} WARNING - No viable dags retrieved from /home/manisha/airflow_env/lib/python3.10/site-packages/airflow/example_dags/plugins/decreasing_priority_weight_strategy.py
[2024-06-18T11:02:35.631+0545] {processor.py:183} INFO - Processing /home/manisha/airflow_env/lib/python3.10/site-packages/airflow/example_dags/plugins/decreasing_priority_weight_strategy.py took 0.078 seconds
[2024-06-18T11:03:35.542+0545] {processor.py:161} INFO - Started process (PID=4511) to work on /home/manisha/airflow_env/lib/python3.10/site-packages/airflow/example_dags/plugins/decreasing_priority_weight_strategy.py
[2024-06-18T11:03:35.575+0545] {processor.py:830} INFO - Processing file /home/manisha/airflow_env/lib/python3.10/site-packages/airflow/example_dags/plugins/decreasing_priority_weight_strategy.py for tasks to queue
[2024-06-18T11:03:35.579+0545] {logging_mixin.py:188} INFO - [2024-06-18T11:03:35.578+0545] {dagbag.py:545} INFO - Filling up the DagBag from /home/manisha/airflow_env/lib/python3.10/site-packages/airflow/example_dags/plugins/decreasing_priority_weight_strategy.py
[2024-06-18T11:03:35.584+0545] {processor.py:842} WARNING - No viable dags retrieved from /home/manisha/airflow_env/lib/python3.10/site-packages/airflow/example_dags/plugins/decreasing_priority_weight_strategy.py
[2024-06-18T11:03:35.606+0545] {processor.py:183} INFO - Processing /home/manisha/airflow_env/lib/python3.10/site-packages/airflow/example_dags/plugins/decreasing_priority_weight_strategy.py took 0.073 seconds
[2024-06-18T11:04:35.867+0545] {processor.py:161} INFO - Started process (PID=4567) to work on /home/manisha/airflow_env/lib/python3.10/site-packages/airflow/example_dags/plugins/decreasing_priority_weight_strategy.py
[2024-06-18T11:04:35.904+0545] {processor.py:830} INFO - Processing file /home/manisha/airflow_env/lib/python3.10/site-packages/airflow/example_dags/plugins/decreasing_priority_weight_strategy.py for tasks to queue
[2024-06-18T11:04:35.910+0545] {logging_mixin.py:188} INFO - [2024-06-18T11:04:35.908+0545] {dagbag.py:545} INFO - Filling up the DagBag from /home/manisha/airflow_env/lib/python3.10/site-packages/airflow/example_dags/plugins/decreasing_priority_weight_strategy.py
[2024-06-18T11:04:35.917+0545] {processor.py:842} WARNING - No viable dags retrieved from /home/manisha/airflow_env/lib/python3.10/site-packages/airflow/example_dags/plugins/decreasing_priority_weight_strategy.py
[2024-06-18T11:04:35.942+0545] {processor.py:183} INFO - Processing /home/manisha/airflow_env/lib/python3.10/site-packages/airflow/example_dags/plugins/decreasing_priority_weight_strategy.py took 0.082 seconds
[2024-06-18T11:06:18.959+0545] {processor.py:161} INFO - Started process (PID=4783) to work on /home/manisha/airflow_env/lib/python3.10/site-packages/airflow/example_dags/plugins/decreasing_priority_weight_strategy.py
[2024-06-18T11:06:18.960+0545] {processor.py:830} INFO - Processing file /home/manisha/airflow_env/lib/python3.10/site-packages/airflow/example_dags/plugins/decreasing_priority_weight_strategy.py for tasks to queue
[2024-06-18T11:06:18.961+0545] {logging_mixin.py:188} INFO - [2024-06-18T11:06:18.961+0545] {dagbag.py:545} INFO - Filling up the DagBag from /home/manisha/airflow_env/lib/python3.10/site-packages/airflow/example_dags/plugins/decreasing_priority_weight_strategy.py
[2024-06-18T11:06:18.963+0545] {processor.py:842} WARNING - No viable dags retrieved from /home/manisha/airflow_env/lib/python3.10/site-packages/airflow/example_dags/plugins/decreasing_priority_weight_strategy.py
[2024-06-18T11:06:18.973+0545] {processor.py:183} INFO - Processing /home/manisha/airflow_env/lib/python3.10/site-packages/airflow/example_dags/plugins/decreasing_priority_weight_strategy.py took 0.021 seconds
[2024-06-18T11:07:18.876+0545] {processor.py:161} INFO - Started process (PID=4931) to work on /home/manisha/airflow_env/lib/python3.10/site-packages/airflow/example_dags/plugins/decreasing_priority_weight_strategy.py
[2024-06-18T11:07:18.878+0545] {processor.py:830} INFO - Processing file /home/manisha/airflow_env/lib/python3.10/site-packages/airflow/example_dags/plugins/decreasing_priority_weight_strategy.py for tasks to queue
[2024-06-18T11:07:18.880+0545] {logging_mixin.py:188} INFO - [2024-06-18T11:07:18.879+0545] {dagbag.py:545} INFO - Filling up the DagBag from /home/manisha/airflow_env/lib/python3.10/site-packages/airflow/example_dags/plugins/decreasing_priority_weight_strategy.py
[2024-06-18T11:07:18.882+0545] {processor.py:842} WARNING - No viable dags retrieved from /home/manisha/airflow_env/lib/python3.10/site-packages/airflow/example_dags/plugins/decreasing_priority_weight_strategy.py
[2024-06-18T11:07:18.891+0545] {processor.py:183} INFO - Processing /home/manisha/airflow_env/lib/python3.10/site-packages/airflow/example_dags/plugins/decreasing_priority_weight_strategy.py took 0.021 seconds
[2024-06-18T11:08:15.640+0545] {processor.py:161} INFO - Started process (PID=5056) to work on /home/manisha/airflow_env/lib/python3.10/site-packages/airflow/example_dags/plugins/decreasing_priority_weight_strategy.py
[2024-06-18T11:08:15.721+0545] {processor.py:830} INFO - Processing file /home/manisha/airflow_env/lib/python3.10/site-packages/airflow/example_dags/plugins/decreasing_priority_weight_strategy.py for tasks to queue
[2024-06-18T11:08:15.728+0545] {logging_mixin.py:188} INFO - [2024-06-18T11:08:15.726+0545] {dagbag.py:545} INFO - Filling up the DagBag from /home/manisha/airflow_env/lib/python3.10/site-packages/airflow/example_dags/plugins/decreasing_priority_weight_strategy.py
[2024-06-18T11:08:15.735+0545] {processor.py:842} WARNING - No viable dags retrieved from /home/manisha/airflow_env/lib/python3.10/site-packages/airflow/example_dags/plugins/decreasing_priority_weight_strategy.py
[2024-06-18T11:08:15.762+0545] {processor.py:183} INFO - Processing /home/manisha/airflow_env/lib/python3.10/site-packages/airflow/example_dags/plugins/decreasing_priority_weight_strategy.py took 0.129 seconds
[2024-06-18T11:09:17.757+0545] {processor.py:161} INFO - Started process (PID=5629) to work on /home/manisha/airflow_env/lib/python3.10/site-packages/airflow/example_dags/plugins/decreasing_priority_weight_strategy.py
[2024-06-18T11:09:17.795+0545] {processor.py:830} INFO - Processing file /home/manisha/airflow_env/lib/python3.10/site-packages/airflow/example_dags/plugins/decreasing_priority_weight_strategy.py for tasks to queue
[2024-06-18T11:09:17.800+0545] {logging_mixin.py:188} INFO - [2024-06-18T11:09:17.799+0545] {dagbag.py:545} INFO - Filling up the DagBag from /home/manisha/airflow_env/lib/python3.10/site-packages/airflow/example_dags/plugins/decreasing_priority_weight_strategy.py
[2024-06-18T11:09:17.806+0545] {processor.py:842} WARNING - No viable dags retrieved from /home/manisha/airflow_env/lib/python3.10/site-packages/airflow/example_dags/plugins/decreasing_priority_weight_strategy.py
[2024-06-18T11:09:17.827+0545] {processor.py:183} INFO - Processing /home/manisha/airflow_env/lib/python3.10/site-packages/airflow/example_dags/plugins/decreasing_priority_weight_strategy.py took 0.080 seconds
[2024-06-18T11:44:01.137+0545] {processor.py:161} INFO - Started process (PID=8319) to work on /home/manisha/airflow_env/lib/python3.10/site-packages/airflow/example_dags/plugins/decreasing_priority_weight_strategy.py
[2024-06-18T11:44:01.153+0545] {processor.py:830} INFO - Processing file /home/manisha/airflow_env/lib/python3.10/site-packages/airflow/example_dags/plugins/decreasing_priority_weight_strategy.py for tasks to queue
[2024-06-18T11:44:01.158+0545] {logging_mixin.py:188} INFO - [2024-06-18T11:44:01.157+0545] {dagbag.py:545} INFO - Filling up the DagBag from /home/manisha/airflow_env/lib/python3.10/site-packages/airflow/example_dags/plugins/decreasing_priority_weight_strategy.py
[2024-06-18T11:44:01.163+0545] {processor.py:842} WARNING - No viable dags retrieved from /home/manisha/airflow_env/lib/python3.10/site-packages/airflow/example_dags/plugins/decreasing_priority_weight_strategy.py
[2024-06-18T11:44:01.191+0545] {processor.py:183} INFO - Processing /home/manisha/airflow_env/lib/python3.10/site-packages/airflow/example_dags/plugins/decreasing_priority_weight_strategy.py took 0.060 seconds
[2024-06-18T11:44:34.627+0545] {processor.py:161} INFO - Started process (PID=8375) to work on /home/manisha/airflow_env/lib/python3.10/site-packages/airflow/example_dags/plugins/decreasing_priority_weight_strategy.py
[2024-06-18T11:44:34.647+0545] {processor.py:830} INFO - Processing file /home/manisha/airflow_env/lib/python3.10/site-packages/airflow/example_dags/plugins/decreasing_priority_weight_strategy.py for tasks to queue
[2024-06-18T11:44:34.649+0545] {logging_mixin.py:188} INFO - [2024-06-18T11:44:34.649+0545] {dagbag.py:545} INFO - Filling up the DagBag from /home/manisha/airflow_env/lib/python3.10/site-packages/airflow/example_dags/plugins/decreasing_priority_weight_strategy.py
[2024-06-18T11:44:34.650+0545] {processor.py:842} WARNING - No viable dags retrieved from /home/manisha/airflow_env/lib/python3.10/site-packages/airflow/example_dags/plugins/decreasing_priority_weight_strategy.py
[2024-06-18T11:44:34.668+0545] {processor.py:183} INFO - Processing /home/manisha/airflow_env/lib/python3.10/site-packages/airflow/example_dags/plugins/decreasing_priority_weight_strategy.py took 0.046 seconds
[2024-06-18T11:45:05.152+0545] {processor.py:161} INFO - Started process (PID=8429) to work on /home/manisha/airflow_env/lib/python3.10/site-packages/airflow/example_dags/plugins/decreasing_priority_weight_strategy.py
[2024-06-18T11:45:05.179+0545] {processor.py:830} INFO - Processing file /home/manisha/airflow_env/lib/python3.10/site-packages/airflow/example_dags/plugins/decreasing_priority_weight_strategy.py for tasks to queue
[2024-06-18T11:45:05.180+0545] {logging_mixin.py:188} INFO - [2024-06-18T11:45:05.180+0545] {dagbag.py:545} INFO - Filling up the DagBag from /home/manisha/airflow_env/lib/python3.10/site-packages/airflow/example_dags/plugins/decreasing_priority_weight_strategy.py
[2024-06-18T11:45:05.182+0545] {processor.py:842} WARNING - No viable dags retrieved from /home/manisha/airflow_env/lib/python3.10/site-packages/airflow/example_dags/plugins/decreasing_priority_weight_strategy.py
[2024-06-18T11:45:05.205+0545] {processor.py:183} INFO - Processing /home/manisha/airflow_env/lib/python3.10/site-packages/airflow/example_dags/plugins/decreasing_priority_weight_strategy.py took 0.058 seconds
[2024-06-18T11:45:35.986+0545] {processor.py:161} INFO - Started process (PID=8480) to work on /home/manisha/airflow_env/lib/python3.10/site-packages/airflow/example_dags/plugins/decreasing_priority_weight_strategy.py
[2024-06-18T11:45:35.986+0545] {processor.py:830} INFO - Processing file /home/manisha/airflow_env/lib/python3.10/site-packages/airflow/example_dags/plugins/decreasing_priority_weight_strategy.py for tasks to queue
[2024-06-18T11:45:35.988+0545] {logging_mixin.py:188} INFO - [2024-06-18T11:45:35.987+0545] {dagbag.py:545} INFO - Filling up the DagBag from /home/manisha/airflow_env/lib/python3.10/site-packages/airflow/example_dags/plugins/decreasing_priority_weight_strategy.py
[2024-06-18T11:45:35.989+0545] {processor.py:842} WARNING - No viable dags retrieved from /home/manisha/airflow_env/lib/python3.10/site-packages/airflow/example_dags/plugins/decreasing_priority_weight_strategy.py
[2024-06-18T11:45:36.005+0545] {processor.py:183} INFO - Processing /home/manisha/airflow_env/lib/python3.10/site-packages/airflow/example_dags/plugins/decreasing_priority_weight_strategy.py took 0.025 seconds
[2024-06-18T11:46:06.315+0545] {processor.py:161} INFO - Started process (PID=8533) to work on /home/manisha/airflow_env/lib/python3.10/site-packages/airflow/example_dags/plugins/decreasing_priority_weight_strategy.py
[2024-06-18T11:46:06.328+0545] {processor.py:830} INFO - Processing file /home/manisha/airflow_env/lib/python3.10/site-packages/airflow/example_dags/plugins/decreasing_priority_weight_strategy.py for tasks to queue
[2024-06-18T11:46:06.332+0545] {logging_mixin.py:188} INFO - [2024-06-18T11:46:06.331+0545] {dagbag.py:545} INFO - Filling up the DagBag from /home/manisha/airflow_env/lib/python3.10/site-packages/airflow/example_dags/plugins/decreasing_priority_weight_strategy.py
[2024-06-18T11:46:06.338+0545] {processor.py:842} WARNING - No viable dags retrieved from /home/manisha/airflow_env/lib/python3.10/site-packages/airflow/example_dags/plugins/decreasing_priority_weight_strategy.py
[2024-06-18T11:46:06.369+0545] {processor.py:183} INFO - Processing /home/manisha/airflow_env/lib/python3.10/site-packages/airflow/example_dags/plugins/decreasing_priority_weight_strategy.py took 0.058 seconds
[2024-06-18T11:46:37.120+0545] {processor.py:161} INFO - Started process (PID=8584) to work on /home/manisha/airflow_env/lib/python3.10/site-packages/airflow/example_dags/plugins/decreasing_priority_weight_strategy.py
[2024-06-18T11:46:37.120+0545] {processor.py:830} INFO - Processing file /home/manisha/airflow_env/lib/python3.10/site-packages/airflow/example_dags/plugins/decreasing_priority_weight_strategy.py for tasks to queue
[2024-06-18T11:46:37.122+0545] {logging_mixin.py:188} INFO - [2024-06-18T11:46:37.122+0545] {dagbag.py:545} INFO - Filling up the DagBag from /home/manisha/airflow_env/lib/python3.10/site-packages/airflow/example_dags/plugins/decreasing_priority_weight_strategy.py
[2024-06-18T11:46:37.124+0545] {processor.py:842} WARNING - No viable dags retrieved from /home/manisha/airflow_env/lib/python3.10/site-packages/airflow/example_dags/plugins/decreasing_priority_weight_strategy.py
[2024-06-18T11:46:37.140+0545] {processor.py:183} INFO - Processing /home/manisha/airflow_env/lib/python3.10/site-packages/airflow/example_dags/plugins/decreasing_priority_weight_strategy.py took 0.025 seconds
[2024-06-18T11:47:07.688+0545] {processor.py:161} INFO - Started process (PID=8635) to work on /home/manisha/airflow_env/lib/python3.10/site-packages/airflow/example_dags/plugins/decreasing_priority_weight_strategy.py
[2024-06-18T11:47:07.709+0545] {processor.py:830} INFO - Processing file /home/manisha/airflow_env/lib/python3.10/site-packages/airflow/example_dags/plugins/decreasing_priority_weight_strategy.py for tasks to queue
[2024-06-18T11:47:07.710+0545] {logging_mixin.py:188} INFO - [2024-06-18T11:47:07.710+0545] {dagbag.py:545} INFO - Filling up the DagBag from /home/manisha/airflow_env/lib/python3.10/site-packages/airflow/example_dags/plugins/decreasing_priority_weight_strategy.py
[2024-06-18T11:47:07.712+0545] {processor.py:842} WARNING - No viable dags retrieved from /home/manisha/airflow_env/lib/python3.10/site-packages/airflow/example_dags/plugins/decreasing_priority_weight_strategy.py
[2024-06-18T11:47:07.727+0545] {processor.py:183} INFO - Processing /home/manisha/airflow_env/lib/python3.10/site-packages/airflow/example_dags/plugins/decreasing_priority_weight_strategy.py took 0.044 seconds
[2024-06-18T11:47:37.960+0545] {processor.py:161} INFO - Started process (PID=8687) to work on /home/manisha/airflow_env/lib/python3.10/site-packages/airflow/example_dags/plugins/decreasing_priority_weight_strategy.py
[2024-06-18T11:47:37.961+0545] {processor.py:830} INFO - Processing file /home/manisha/airflow_env/lib/python3.10/site-packages/airflow/example_dags/plugins/decreasing_priority_weight_strategy.py for tasks to queue
[2024-06-18T11:47:37.962+0545] {logging_mixin.py:188} INFO - [2024-06-18T11:47:37.962+0545] {dagbag.py:545} INFO - Filling up the DagBag from /home/manisha/airflow_env/lib/python3.10/site-packages/airflow/example_dags/plugins/decreasing_priority_weight_strategy.py
[2024-06-18T11:47:37.964+0545] {processor.py:842} WARNING - No viable dags retrieved from /home/manisha/airflow_env/lib/python3.10/site-packages/airflow/example_dags/plugins/decreasing_priority_weight_strategy.py
[2024-06-18T11:47:37.982+0545] {processor.py:183} INFO - Processing /home/manisha/airflow_env/lib/python3.10/site-packages/airflow/example_dags/plugins/decreasing_priority_weight_strategy.py took 0.027 seconds
[2024-06-18T11:48:31.455+0545] {processor.py:161} INFO - Started process (PID=8768) to work on /home/manisha/airflow_env/lib/python3.10/site-packages/airflow/example_dags/plugins/decreasing_priority_weight_strategy.py
[2024-06-18T11:48:31.473+0545] {processor.py:830} INFO - Processing file /home/manisha/airflow_env/lib/python3.10/site-packages/airflow/example_dags/plugins/decreasing_priority_weight_strategy.py for tasks to queue
[2024-06-18T11:48:31.475+0545] {logging_mixin.py:188} INFO - [2024-06-18T11:48:31.474+0545] {dagbag.py:545} INFO - Filling up the DagBag from /home/manisha/airflow_env/lib/python3.10/site-packages/airflow/example_dags/plugins/decreasing_priority_weight_strategy.py
[2024-06-18T11:48:31.477+0545] {processor.py:842} WARNING - No viable dags retrieved from /home/manisha/airflow_env/lib/python3.10/site-packages/airflow/example_dags/plugins/decreasing_priority_weight_strategy.py
[2024-06-18T11:48:31.496+0545] {processor.py:183} INFO - Processing /home/manisha/airflow_env/lib/python3.10/site-packages/airflow/example_dags/plugins/decreasing_priority_weight_strategy.py took 0.047 seconds
[2024-06-18T11:49:05.594+0545] {processor.py:161} INFO - Started process (PID=8879) to work on /home/manisha/airflow_env/lib/python3.10/site-packages/airflow/example_dags/plugins/decreasing_priority_weight_strategy.py
[2024-06-18T11:49:05.605+0545] {processor.py:830} INFO - Processing file /home/manisha/airflow_env/lib/python3.10/site-packages/airflow/example_dags/plugins/decreasing_priority_weight_strategy.py for tasks to queue
[2024-06-18T11:49:05.606+0545] {logging_mixin.py:188} INFO - [2024-06-18T11:49:05.606+0545] {dagbag.py:545} INFO - Filling up the DagBag from /home/manisha/airflow_env/lib/python3.10/site-packages/airflow/example_dags/plugins/decreasing_priority_weight_strategy.py
[2024-06-18T11:49:05.608+0545] {processor.py:842} WARNING - No viable dags retrieved from /home/manisha/airflow_env/lib/python3.10/site-packages/airflow/example_dags/plugins/decreasing_priority_weight_strategy.py
[2024-06-18T11:49:05.626+0545] {processor.py:183} INFO - Processing /home/manisha/airflow_env/lib/python3.10/site-packages/airflow/example_dags/plugins/decreasing_priority_weight_strategy.py took 0.042 seconds
[2024-06-18T11:49:36.410+0545] {processor.py:161} INFO - Started process (PID=8947) to work on /home/manisha/airflow_env/lib/python3.10/site-packages/airflow/example_dags/plugins/decreasing_priority_weight_strategy.py
[2024-06-18T11:49:36.411+0545] {processor.py:830} INFO - Processing file /home/manisha/airflow_env/lib/python3.10/site-packages/airflow/example_dags/plugins/decreasing_priority_weight_strategy.py for tasks to queue
[2024-06-18T11:49:36.413+0545] {logging_mixin.py:188} INFO - [2024-06-18T11:49:36.413+0545] {dagbag.py:545} INFO - Filling up the DagBag from /home/manisha/airflow_env/lib/python3.10/site-packages/airflow/example_dags/plugins/decreasing_priority_weight_strategy.py
[2024-06-18T11:49:36.415+0545] {processor.py:842} WARNING - No viable dags retrieved from /home/manisha/airflow_env/lib/python3.10/site-packages/airflow/example_dags/plugins/decreasing_priority_weight_strategy.py
[2024-06-18T11:49:36.435+0545] {processor.py:183} INFO - Processing /home/manisha/airflow_env/lib/python3.10/site-packages/airflow/example_dags/plugins/decreasing_priority_weight_strategy.py took 0.032 seconds
[2024-06-18T11:50:06.647+0545] {processor.py:161} INFO - Started process (PID=9002) to work on /home/manisha/airflow_env/lib/python3.10/site-packages/airflow/example_dags/plugins/decreasing_priority_weight_strategy.py
[2024-06-18T11:50:06.648+0545] {processor.py:830} INFO - Processing file /home/manisha/airflow_env/lib/python3.10/site-packages/airflow/example_dags/plugins/decreasing_priority_weight_strategy.py for tasks to queue
[2024-06-18T11:50:06.649+0545] {logging_mixin.py:188} INFO - [2024-06-18T11:50:06.649+0545] {dagbag.py:545} INFO - Filling up the DagBag from /home/manisha/airflow_env/lib/python3.10/site-packages/airflow/example_dags/plugins/decreasing_priority_weight_strategy.py
[2024-06-18T11:50:06.651+0545] {processor.py:842} WARNING - No viable dags retrieved from /home/manisha/airflow_env/lib/python3.10/site-packages/airflow/example_dags/plugins/decreasing_priority_weight_strategy.py
[2024-06-18T11:50:06.666+0545] {processor.py:183} INFO - Processing /home/manisha/airflow_env/lib/python3.10/site-packages/airflow/example_dags/plugins/decreasing_priority_weight_strategy.py took 0.024 seconds
[2024-06-18T11:50:37.183+0545] {processor.py:161} INFO - Started process (PID=9060) to work on /home/manisha/airflow_env/lib/python3.10/site-packages/airflow/example_dags/plugins/decreasing_priority_weight_strategy.py
[2024-06-18T11:50:37.231+0545] {processor.py:830} INFO - Processing file /home/manisha/airflow_env/lib/python3.10/site-packages/airflow/example_dags/plugins/decreasing_priority_weight_strategy.py for tasks to queue
[2024-06-18T11:50:37.234+0545] {logging_mixin.py:188} INFO - [2024-06-18T11:50:37.233+0545] {dagbag.py:545} INFO - Filling up the DagBag from /home/manisha/airflow_env/lib/python3.10/site-packages/airflow/example_dags/plugins/decreasing_priority_weight_strategy.py
[2024-06-18T11:50:37.239+0545] {processor.py:842} WARNING - No viable dags retrieved from /home/manisha/airflow_env/lib/python3.10/site-packages/airflow/example_dags/plugins/decreasing_priority_weight_strategy.py
[2024-06-18T11:50:37.285+0545] {processor.py:183} INFO - Processing /home/manisha/airflow_env/lib/python3.10/site-packages/airflow/example_dags/plugins/decreasing_priority_weight_strategy.py took 0.113 seconds
[2024-06-18T11:50:59.148+0545] {processor.py:161} INFO - Started process (PID=9376) to work on /home/manisha/airflow_env/lib/python3.10/site-packages/airflow/example_dags/plugins/decreasing_priority_weight_strategy.py
[2024-06-18T11:50:59.149+0545] {processor.py:830} INFO - Processing file /home/manisha/airflow_env/lib/python3.10/site-packages/airflow/example_dags/plugins/decreasing_priority_weight_strategy.py for tasks to queue
[2024-06-18T11:50:59.150+0545] {logging_mixin.py:188} INFO - [2024-06-18T11:50:59.150+0545] {dagbag.py:545} INFO - Filling up the DagBag from /home/manisha/airflow_env/lib/python3.10/site-packages/airflow/example_dags/plugins/decreasing_priority_weight_strategy.py
[2024-06-18T11:50:59.152+0545] {processor.py:842} WARNING - No viable dags retrieved from /home/manisha/airflow_env/lib/python3.10/site-packages/airflow/example_dags/plugins/decreasing_priority_weight_strategy.py
[2024-06-18T11:50:59.181+0545] {processor.py:183} INFO - Processing /home/manisha/airflow_env/lib/python3.10/site-packages/airflow/example_dags/plugins/decreasing_priority_weight_strategy.py took 0.042 seconds
[2024-06-18T11:51:33.048+0545] {processor.py:161} INFO - Started process (PID=9649) to work on /home/manisha/airflow_env/lib/python3.10/site-packages/airflow/example_dags/plugins/decreasing_priority_weight_strategy.py
[2024-06-18T11:51:33.092+0545] {processor.py:830} INFO - Processing file /home/manisha/airflow_env/lib/python3.10/site-packages/airflow/example_dags/plugins/decreasing_priority_weight_strategy.py for tasks to queue
[2024-06-18T11:51:33.097+0545] {logging_mixin.py:188} INFO - [2024-06-18T11:51:33.096+0545] {dagbag.py:545} INFO - Filling up the DagBag from /home/manisha/airflow_env/lib/python3.10/site-packages/airflow/example_dags/plugins/decreasing_priority_weight_strategy.py
[2024-06-18T11:51:33.103+0545] {processor.py:842} WARNING - No viable dags retrieved from /home/manisha/airflow_env/lib/python3.10/site-packages/airflow/example_dags/plugins/decreasing_priority_weight_strategy.py
[2024-06-18T11:51:33.129+0545] {processor.py:183} INFO - Processing /home/manisha/airflow_env/lib/python3.10/site-packages/airflow/example_dags/plugins/decreasing_priority_weight_strategy.py took 0.088 seconds
