[2024-06-18T10:57:12.703+0545] {processor.py:161} INFO - Started process (PID=4041) to work on /home/manisha/airflow_env/lib/python3.10/site-packages/airflow/example_dags/plugins/event_listener.py
[2024-06-18T10:57:12.704+0545] {processor.py:830} INFO - Processing file /home/manisha/airflow_env/lib/python3.10/site-packages/airflow/example_dags/plugins/event_listener.py for tasks to queue
[2024-06-18T10:57:12.706+0545] {logging_mixin.py:188} INFO - [2024-06-18T10:57:12.705+0545] {dagbag.py:545} INFO - Filling up the DagBag from /home/manisha/airflow_env/lib/python3.10/site-packages/airflow/example_dags/plugins/event_listener.py
[2024-06-18T10:57:12.708+0545] {processor.py:842} WARNING - No viable dags retrieved from /home/manisha/airflow_env/lib/python3.10/site-packages/airflow/example_dags/plugins/event_listener.py
[2024-06-18T10:57:12.719+0545] {processor.py:183} INFO - Processing /home/manisha/airflow_env/lib/python3.10/site-packages/airflow/example_dags/plugins/event_listener.py took 0.021 seconds
[2024-06-18T10:58:29.059+0545] {processor.py:161} INFO - Started process (PID=4157) to work on /home/manisha/airflow_env/lib/python3.10/site-packages/airflow/example_dags/plugins/event_listener.py
[2024-06-18T10:58:29.061+0545] {processor.py:830} INFO - Processing file /home/manisha/airflow_env/lib/python3.10/site-packages/airflow/example_dags/plugins/event_listener.py for tasks to queue
[2024-06-18T10:58:29.062+0545] {logging_mixin.py:188} INFO - [2024-06-18T10:58:29.062+0545] {dagbag.py:545} INFO - Filling up the DagBag from /home/manisha/airflow_env/lib/python3.10/site-packages/airflow/example_dags/plugins/event_listener.py
[2024-06-18T10:58:29.064+0545] {processor.py:842} WARNING - No viable dags retrieved from /home/manisha/airflow_env/lib/python3.10/site-packages/airflow/example_dags/plugins/event_listener.py
[2024-06-18T10:58:29.075+0545] {processor.py:183} INFO - Processing /home/manisha/airflow_env/lib/python3.10/site-packages/airflow/example_dags/plugins/event_listener.py took 0.022 seconds
[2024-06-18T10:59:31.844+0545] {processor.py:161} INFO - Started process (PID=4210) to work on /home/manisha/airflow_env/lib/python3.10/site-packages/airflow/example_dags/plugins/event_listener.py
[2024-06-18T10:59:31.849+0545] {processor.py:830} INFO - Processing file /home/manisha/airflow_env/lib/python3.10/site-packages/airflow/example_dags/plugins/event_listener.py for tasks to queue
[2024-06-18T10:59:31.852+0545] {logging_mixin.py:188} INFO - [2024-06-18T10:59:31.851+0545] {dagbag.py:545} INFO - Filling up the DagBag from /home/manisha/airflow_env/lib/python3.10/site-packages/airflow/example_dags/plugins/event_listener.py
[2024-06-18T10:59:31.854+0545] {processor.py:842} WARNING - No viable dags retrieved from /home/manisha/airflow_env/lib/python3.10/site-packages/airflow/example_dags/plugins/event_listener.py
[2024-06-18T10:59:31.867+0545] {processor.py:183} INFO - Processing /home/manisha/airflow_env/lib/python3.10/site-packages/airflow/example_dags/plugins/event_listener.py took 0.029 seconds
[2024-06-18T11:00:34.204+0545] {processor.py:161} INFO - Started process (PID=4352) to work on /home/manisha/airflow_env/lib/python3.10/site-packages/airflow/example_dags/plugins/event_listener.py
[2024-06-18T11:00:34.234+0545] {processor.py:830} INFO - Processing file /home/manisha/airflow_env/lib/python3.10/site-packages/airflow/example_dags/plugins/event_listener.py for tasks to queue
[2024-06-18T11:00:34.239+0545] {logging_mixin.py:188} INFO - [2024-06-18T11:00:34.238+0545] {dagbag.py:545} INFO - Filling up the DagBag from /home/manisha/airflow_env/lib/python3.10/site-packages/airflow/example_dags/plugins/event_listener.py
[2024-06-18T11:00:34.246+0545] {processor.py:842} WARNING - No viable dags retrieved from /home/manisha/airflow_env/lib/python3.10/site-packages/airflow/example_dags/plugins/event_listener.py
[2024-06-18T11:00:34.267+0545] {processor.py:183} INFO - Processing /home/manisha/airflow_env/lib/python3.10/site-packages/airflow/example_dags/plugins/event_listener.py took 0.081 seconds
[2024-06-18T11:01:35.413+0545] {processor.py:161} INFO - Started process (PID=4405) to work on /home/manisha/airflow_env/lib/python3.10/site-packages/airflow/example_dags/plugins/event_listener.py
[2024-06-18T11:01:35.447+0545] {processor.py:830} INFO - Processing file /home/manisha/airflow_env/lib/python3.10/site-packages/airflow/example_dags/plugins/event_listener.py for tasks to queue
[2024-06-18T11:01:35.452+0545] {logging_mixin.py:188} INFO - [2024-06-18T11:01:35.451+0545] {dagbag.py:545} INFO - Filling up the DagBag from /home/manisha/airflow_env/lib/python3.10/site-packages/airflow/example_dags/plugins/event_listener.py
[2024-06-18T11:01:35.460+0545] {processor.py:842} WARNING - No viable dags retrieved from /home/manisha/airflow_env/lib/python3.10/site-packages/airflow/example_dags/plugins/event_listener.py
[2024-06-18T11:01:35.484+0545] {processor.py:183} INFO - Processing /home/manisha/airflow_env/lib/python3.10/site-packages/airflow/example_dags/plugins/event_listener.py took 0.077 seconds
[2024-06-18T11:02:35.140+0545] {processor.py:161} INFO - Started process (PID=4457) to work on /home/manisha/airflow_env/lib/python3.10/site-packages/airflow/example_dags/plugins/event_listener.py
[2024-06-18T11:02:35.172+0545] {processor.py:830} INFO - Processing file /home/manisha/airflow_env/lib/python3.10/site-packages/airflow/example_dags/plugins/event_listener.py for tasks to queue
[2024-06-18T11:02:35.177+0545] {logging_mixin.py:188} INFO - [2024-06-18T11:02:35.176+0545] {dagbag.py:545} INFO - Filling up the DagBag from /home/manisha/airflow_env/lib/python3.10/site-packages/airflow/example_dags/plugins/event_listener.py
[2024-06-18T11:02:35.184+0545] {processor.py:842} WARNING - No viable dags retrieved from /home/manisha/airflow_env/lib/python3.10/site-packages/airflow/example_dags/plugins/event_listener.py
[2024-06-18T11:02:35.209+0545] {processor.py:183} INFO - Processing /home/manisha/airflow_env/lib/python3.10/site-packages/airflow/example_dags/plugins/event_listener.py took 0.075 seconds
[2024-06-18T11:03:34.318+0545] {processor.py:161} INFO - Started process (PID=4510) to work on /home/manisha/airflow_env/lib/python3.10/site-packages/airflow/example_dags/plugins/event_listener.py
[2024-06-18T11:03:34.354+0545] {processor.py:830} INFO - Processing file /home/manisha/airflow_env/lib/python3.10/site-packages/airflow/example_dags/plugins/event_listener.py for tasks to queue
[2024-06-18T11:03:34.357+0545] {logging_mixin.py:188} INFO - [2024-06-18T11:03:34.356+0545] {dagbag.py:545} INFO - Filling up the DagBag from /home/manisha/airflow_env/lib/python3.10/site-packages/airflow/example_dags/plugins/event_listener.py
[2024-06-18T11:03:34.361+0545] {processor.py:842} WARNING - No viable dags retrieved from /home/manisha/airflow_env/lib/python3.10/site-packages/airflow/example_dags/plugins/event_listener.py
[2024-06-18T11:03:34.378+0545] {processor.py:183} INFO - Processing /home/manisha/airflow_env/lib/python3.10/site-packages/airflow/example_dags/plugins/event_listener.py took 0.078 seconds
[2024-06-18T11:04:34.699+0545] {processor.py:161} INFO - Started process (PID=4566) to work on /home/manisha/airflow_env/lib/python3.10/site-packages/airflow/example_dags/plugins/event_listener.py
[2024-06-18T11:04:34.738+0545] {processor.py:830} INFO - Processing file /home/manisha/airflow_env/lib/python3.10/site-packages/airflow/example_dags/plugins/event_listener.py for tasks to queue
[2024-06-18T11:04:34.742+0545] {logging_mixin.py:188} INFO - [2024-06-18T11:04:34.742+0545] {dagbag.py:545} INFO - Filling up the DagBag from /home/manisha/airflow_env/lib/python3.10/site-packages/airflow/example_dags/plugins/event_listener.py
[2024-06-18T11:04:34.745+0545] {processor.py:842} WARNING - No viable dags retrieved from /home/manisha/airflow_env/lib/python3.10/site-packages/airflow/example_dags/plugins/event_listener.py
[2024-06-18T11:04:34.754+0545] {processor.py:183} INFO - Processing /home/manisha/airflow_env/lib/python3.10/site-packages/airflow/example_dags/plugins/event_listener.py took 0.061 seconds
[2024-06-18T11:06:18.121+0545] {processor.py:161} INFO - Started process (PID=4782) to work on /home/manisha/airflow_env/lib/python3.10/site-packages/airflow/example_dags/plugins/event_listener.py
[2024-06-18T11:06:18.155+0545] {processor.py:830} INFO - Processing file /home/manisha/airflow_env/lib/python3.10/site-packages/airflow/example_dags/plugins/event_listener.py for tasks to queue
[2024-06-18T11:06:18.160+0545] {logging_mixin.py:188} INFO - [2024-06-18T11:06:18.158+0545] {dagbag.py:545} INFO - Filling up the DagBag from /home/manisha/airflow_env/lib/python3.10/site-packages/airflow/example_dags/plugins/event_listener.py
[2024-06-18T11:06:18.167+0545] {processor.py:842} WARNING - No viable dags retrieved from /home/manisha/airflow_env/lib/python3.10/site-packages/airflow/example_dags/plugins/event_listener.py
[2024-06-18T11:06:18.190+0545] {processor.py:183} INFO - Processing /home/manisha/airflow_env/lib/python3.10/site-packages/airflow/example_dags/plugins/event_listener.py took 0.075 seconds
[2024-06-18T11:07:17.715+0545] {processor.py:161} INFO - Started process (PID=4930) to work on /home/manisha/airflow_env/lib/python3.10/site-packages/airflow/example_dags/plugins/event_listener.py
[2024-06-18T11:07:17.716+0545] {processor.py:830} INFO - Processing file /home/manisha/airflow_env/lib/python3.10/site-packages/airflow/example_dags/plugins/event_listener.py for tasks to queue
[2024-06-18T11:07:17.717+0545] {logging_mixin.py:188} INFO - [2024-06-18T11:07:17.717+0545] {dagbag.py:545} INFO - Filling up the DagBag from /home/manisha/airflow_env/lib/python3.10/site-packages/airflow/example_dags/plugins/event_listener.py
[2024-06-18T11:07:17.719+0545] {processor.py:842} WARNING - No viable dags retrieved from /home/manisha/airflow_env/lib/python3.10/site-packages/airflow/example_dags/plugins/event_listener.py
[2024-06-18T11:07:17.728+0545] {processor.py:183} INFO - Processing /home/manisha/airflow_env/lib/python3.10/site-packages/airflow/example_dags/plugins/event_listener.py took 0.019 seconds
[2024-06-18T11:08:14.484+0545] {processor.py:161} INFO - Started process (PID=5032) to work on /home/manisha/airflow_env/lib/python3.10/site-packages/airflow/example_dags/plugins/event_listener.py
[2024-06-18T11:08:14.499+0545] {processor.py:830} INFO - Processing file /home/manisha/airflow_env/lib/python3.10/site-packages/airflow/example_dags/plugins/event_listener.py for tasks to queue
[2024-06-18T11:08:14.504+0545] {logging_mixin.py:188} INFO - [2024-06-18T11:08:14.503+0545] {dagbag.py:545} INFO - Filling up the DagBag from /home/manisha/airflow_env/lib/python3.10/site-packages/airflow/example_dags/plugins/event_listener.py
[2024-06-18T11:08:14.510+0545] {processor.py:842} WARNING - No viable dags retrieved from /home/manisha/airflow_env/lib/python3.10/site-packages/airflow/example_dags/plugins/event_listener.py
[2024-06-18T11:08:14.532+0545] {processor.py:183} INFO - Processing /home/manisha/airflow_env/lib/python3.10/site-packages/airflow/example_dags/plugins/event_listener.py took 0.054 seconds
[2024-06-18T11:09:16.608+0545] {processor.py:161} INFO - Started process (PID=5627) to work on /home/manisha/airflow_env/lib/python3.10/site-packages/airflow/example_dags/plugins/event_listener.py
[2024-06-18T11:09:16.639+0545] {processor.py:830} INFO - Processing file /home/manisha/airflow_env/lib/python3.10/site-packages/airflow/example_dags/plugins/event_listener.py for tasks to queue
[2024-06-18T11:09:16.642+0545] {logging_mixin.py:188} INFO - [2024-06-18T11:09:16.641+0545] {dagbag.py:545} INFO - Filling up the DagBag from /home/manisha/airflow_env/lib/python3.10/site-packages/airflow/example_dags/plugins/event_listener.py
[2024-06-18T11:09:16.646+0545] {processor.py:842} WARNING - No viable dags retrieved from /home/manisha/airflow_env/lib/python3.10/site-packages/airflow/example_dags/plugins/event_listener.py
[2024-06-18T11:09:16.663+0545] {processor.py:183} INFO - Processing /home/manisha/airflow_env/lib/python3.10/site-packages/airflow/example_dags/plugins/event_listener.py took 0.067 seconds
[2024-06-18T11:44:01.030+0545] {processor.py:161} INFO - Started process (PID=8318) to work on /home/manisha/airflow_env/lib/python3.10/site-packages/airflow/example_dags/plugins/event_listener.py
[2024-06-18T11:44:01.074+0545] {processor.py:830} INFO - Processing file /home/manisha/airflow_env/lib/python3.10/site-packages/airflow/example_dags/plugins/event_listener.py for tasks to queue
[2024-06-18T11:44:01.080+0545] {logging_mixin.py:188} INFO - [2024-06-18T11:44:01.079+0545] {dagbag.py:545} INFO - Filling up the DagBag from /home/manisha/airflow_env/lib/python3.10/site-packages/airflow/example_dags/plugins/event_listener.py
[2024-06-18T11:44:01.086+0545] {processor.py:842} WARNING - No viable dags retrieved from /home/manisha/airflow_env/lib/python3.10/site-packages/airflow/example_dags/plugins/event_listener.py
[2024-06-18T11:44:01.119+0545] {processor.py:183} INFO - Processing /home/manisha/airflow_env/lib/python3.10/site-packages/airflow/example_dags/plugins/event_listener.py took 0.095 seconds
[2024-06-18T11:44:34.620+0545] {processor.py:161} INFO - Started process (PID=8374) to work on /home/manisha/airflow_env/lib/python3.10/site-packages/airflow/example_dags/plugins/event_listener.py
[2024-06-18T11:44:34.625+0545] {processor.py:830} INFO - Processing file /home/manisha/airflow_env/lib/python3.10/site-packages/airflow/example_dags/plugins/event_listener.py for tasks to queue
[2024-06-18T11:44:34.627+0545] {logging_mixin.py:188} INFO - [2024-06-18T11:44:34.626+0545] {dagbag.py:545} INFO - Filling up the DagBag from /home/manisha/airflow_env/lib/python3.10/site-packages/airflow/example_dags/plugins/event_listener.py
[2024-06-18T11:44:34.628+0545] {processor.py:842} WARNING - No viable dags retrieved from /home/manisha/airflow_env/lib/python3.10/site-packages/airflow/example_dags/plugins/event_listener.py
[2024-06-18T11:44:34.645+0545] {processor.py:183} INFO - Processing /home/manisha/airflow_env/lib/python3.10/site-packages/airflow/example_dags/plugins/event_listener.py took 0.032 seconds
[2024-06-18T11:45:05.110+0545] {processor.py:161} INFO - Started process (PID=8428) to work on /home/manisha/airflow_env/lib/python3.10/site-packages/airflow/example_dags/plugins/event_listener.py
[2024-06-18T11:45:05.116+0545] {processor.py:830} INFO - Processing file /home/manisha/airflow_env/lib/python3.10/site-packages/airflow/example_dags/plugins/event_listener.py for tasks to queue
[2024-06-18T11:45:05.118+0545] {logging_mixin.py:188} INFO - [2024-06-18T11:45:05.117+0545] {dagbag.py:545} INFO - Filling up the DagBag from /home/manisha/airflow_env/lib/python3.10/site-packages/airflow/example_dags/plugins/event_listener.py
[2024-06-18T11:45:05.119+0545] {processor.py:842} WARNING - No viable dags retrieved from /home/manisha/airflow_env/lib/python3.10/site-packages/airflow/example_dags/plugins/event_listener.py
[2024-06-18T11:45:05.137+0545] {processor.py:183} INFO - Processing /home/manisha/airflow_env/lib/python3.10/site-packages/airflow/example_dags/plugins/event_listener.py took 0.034 seconds
[2024-06-18T11:45:35.949+0545] {processor.py:161} INFO - Started process (PID=8479) to work on /home/manisha/airflow_env/lib/python3.10/site-packages/airflow/example_dags/plugins/event_listener.py
[2024-06-18T11:45:35.949+0545] {processor.py:830} INFO - Processing file /home/manisha/airflow_env/lib/python3.10/site-packages/airflow/example_dags/plugins/event_listener.py for tasks to queue
[2024-06-18T11:45:35.951+0545] {logging_mixin.py:188} INFO - [2024-06-18T11:45:35.950+0545] {dagbag.py:545} INFO - Filling up the DagBag from /home/manisha/airflow_env/lib/python3.10/site-packages/airflow/example_dags/plugins/event_listener.py
[2024-06-18T11:45:35.953+0545] {processor.py:842} WARNING - No viable dags retrieved from /home/manisha/airflow_env/lib/python3.10/site-packages/airflow/example_dags/plugins/event_listener.py
[2024-06-18T11:45:35.969+0545] {processor.py:183} INFO - Processing /home/manisha/airflow_env/lib/python3.10/site-packages/airflow/example_dags/plugins/event_listener.py took 0.026 seconds
[2024-06-18T11:46:06.243+0545] {processor.py:161} INFO - Started process (PID=8532) to work on /home/manisha/airflow_env/lib/python3.10/site-packages/airflow/example_dags/plugins/event_listener.py
[2024-06-18T11:46:06.279+0545] {processor.py:830} INFO - Processing file /home/manisha/airflow_env/lib/python3.10/site-packages/airflow/example_dags/plugins/event_listener.py for tasks to queue
[2024-06-18T11:46:06.281+0545] {logging_mixin.py:188} INFO - [2024-06-18T11:46:06.280+0545] {dagbag.py:545} INFO - Filling up the DagBag from /home/manisha/airflow_env/lib/python3.10/site-packages/airflow/example_dags/plugins/event_listener.py
[2024-06-18T11:46:06.282+0545] {processor.py:842} WARNING - No viable dags retrieved from /home/manisha/airflow_env/lib/python3.10/site-packages/airflow/example_dags/plugins/event_listener.py
[2024-06-18T11:46:06.300+0545] {processor.py:183} INFO - Processing /home/manisha/airflow_env/lib/python3.10/site-packages/airflow/example_dags/plugins/event_listener.py took 0.061 seconds
[2024-06-18T11:46:37.082+0545] {processor.py:161} INFO - Started process (PID=8583) to work on /home/manisha/airflow_env/lib/python3.10/site-packages/airflow/example_dags/plugins/event_listener.py
[2024-06-18T11:46:37.082+0545] {processor.py:830} INFO - Processing file /home/manisha/airflow_env/lib/python3.10/site-packages/airflow/example_dags/plugins/event_listener.py for tasks to queue
[2024-06-18T11:46:37.084+0545] {logging_mixin.py:188} INFO - [2024-06-18T11:46:37.083+0545] {dagbag.py:545} INFO - Filling up the DagBag from /home/manisha/airflow_env/lib/python3.10/site-packages/airflow/example_dags/plugins/event_listener.py
[2024-06-18T11:46:37.085+0545] {processor.py:842} WARNING - No viable dags retrieved from /home/manisha/airflow_env/lib/python3.10/site-packages/airflow/example_dags/plugins/event_listener.py
[2024-06-18T11:46:37.103+0545] {processor.py:183} INFO - Processing /home/manisha/airflow_env/lib/python3.10/site-packages/airflow/example_dags/plugins/event_listener.py took 0.026 seconds
[2024-06-18T11:47:07.646+0545] {processor.py:161} INFO - Started process (PID=8634) to work on /home/manisha/airflow_env/lib/python3.10/site-packages/airflow/example_dags/plugins/event_listener.py
[2024-06-18T11:47:07.652+0545] {processor.py:830} INFO - Processing file /home/manisha/airflow_env/lib/python3.10/site-packages/airflow/example_dags/plugins/event_listener.py for tasks to queue
[2024-06-18T11:47:07.654+0545] {logging_mixin.py:188} INFO - [2024-06-18T11:47:07.653+0545] {dagbag.py:545} INFO - Filling up the DagBag from /home/manisha/airflow_env/lib/python3.10/site-packages/airflow/example_dags/plugins/event_listener.py
[2024-06-18T11:47:07.655+0545] {processor.py:842} WARNING - No viable dags retrieved from /home/manisha/airflow_env/lib/python3.10/site-packages/airflow/example_dags/plugins/event_listener.py
[2024-06-18T11:47:07.672+0545] {processor.py:183} INFO - Processing /home/manisha/airflow_env/lib/python3.10/site-packages/airflow/example_dags/plugins/event_listener.py took 0.031 seconds
[2024-06-18T11:47:37.921+0545] {processor.py:161} INFO - Started process (PID=8685) to work on /home/manisha/airflow_env/lib/python3.10/site-packages/airflow/example_dags/plugins/event_listener.py
[2024-06-18T11:47:37.922+0545] {processor.py:830} INFO - Processing file /home/manisha/airflow_env/lib/python3.10/site-packages/airflow/example_dags/plugins/event_listener.py for tasks to queue
[2024-06-18T11:47:37.923+0545] {logging_mixin.py:188} INFO - [2024-06-18T11:47:37.923+0545] {dagbag.py:545} INFO - Filling up the DagBag from /home/manisha/airflow_env/lib/python3.10/site-packages/airflow/example_dags/plugins/event_listener.py
[2024-06-18T11:47:37.925+0545] {processor.py:842} WARNING - No viable dags retrieved from /home/manisha/airflow_env/lib/python3.10/site-packages/airflow/example_dags/plugins/event_listener.py
[2024-06-18T11:47:37.942+0545] {processor.py:183} INFO - Processing /home/manisha/airflow_env/lib/python3.10/site-packages/airflow/example_dags/plugins/event_listener.py took 0.026 seconds
[2024-06-18T11:48:31.396+0545] {processor.py:161} INFO - Started process (PID=8767) to work on /home/manisha/airflow_env/lib/python3.10/site-packages/airflow/example_dags/plugins/event_listener.py
[2024-06-18T11:48:31.417+0545] {processor.py:830} INFO - Processing file /home/manisha/airflow_env/lib/python3.10/site-packages/airflow/example_dags/plugins/event_listener.py for tasks to queue
[2024-06-18T11:48:31.418+0545] {logging_mixin.py:188} INFO - [2024-06-18T11:48:31.418+0545] {dagbag.py:545} INFO - Filling up the DagBag from /home/manisha/airflow_env/lib/python3.10/site-packages/airflow/example_dags/plugins/event_listener.py
[2024-06-18T11:48:31.420+0545] {processor.py:842} WARNING - No viable dags retrieved from /home/manisha/airflow_env/lib/python3.10/site-packages/airflow/example_dags/plugins/event_listener.py
[2024-06-18T11:48:31.437+0545] {processor.py:183} INFO - Processing /home/manisha/airflow_env/lib/python3.10/site-packages/airflow/example_dags/plugins/event_listener.py took 0.050 seconds
[2024-06-18T11:49:05.541+0545] {processor.py:161} INFO - Started process (PID=8878) to work on /home/manisha/airflow_env/lib/python3.10/site-packages/airflow/example_dags/plugins/event_listener.py
[2024-06-18T11:49:05.542+0545] {processor.py:830} INFO - Processing file /home/manisha/airflow_env/lib/python3.10/site-packages/airflow/example_dags/plugins/event_listener.py for tasks to queue
[2024-06-18T11:49:05.544+0545] {logging_mixin.py:188} INFO - [2024-06-18T11:49:05.544+0545] {dagbag.py:545} INFO - Filling up the DagBag from /home/manisha/airflow_env/lib/python3.10/site-packages/airflow/example_dags/plugins/event_listener.py
[2024-06-18T11:49:05.546+0545] {processor.py:842} WARNING - No viable dags retrieved from /home/manisha/airflow_env/lib/python3.10/site-packages/airflow/example_dags/plugins/event_listener.py
[2024-06-18T11:49:05.568+0545] {processor.py:183} INFO - Processing /home/manisha/airflow_env/lib/python3.10/site-packages/airflow/example_dags/plugins/event_listener.py took 0.034 seconds
[2024-06-18T11:49:36.350+0545] {processor.py:161} INFO - Started process (PID=8946) to work on /home/manisha/airflow_env/lib/python3.10/site-packages/airflow/example_dags/plugins/event_listener.py
[2024-06-18T11:49:36.366+0545] {processor.py:830} INFO - Processing file /home/manisha/airflow_env/lib/python3.10/site-packages/airflow/example_dags/plugins/event_listener.py for tasks to queue
[2024-06-18T11:49:36.367+0545] {logging_mixin.py:188} INFO - [2024-06-18T11:49:36.367+0545] {dagbag.py:545} INFO - Filling up the DagBag from /home/manisha/airflow_env/lib/python3.10/site-packages/airflow/example_dags/plugins/event_listener.py
[2024-06-18T11:49:36.369+0545] {processor.py:842} WARNING - No viable dags retrieved from /home/manisha/airflow_env/lib/python3.10/site-packages/airflow/example_dags/plugins/event_listener.py
[2024-06-18T11:49:36.390+0545] {processor.py:183} INFO - Processing /home/manisha/airflow_env/lib/python3.10/site-packages/airflow/example_dags/plugins/event_listener.py took 0.046 seconds
[2024-06-18T11:50:06.610+0545] {processor.py:161} INFO - Started process (PID=9001) to work on /home/manisha/airflow_env/lib/python3.10/site-packages/airflow/example_dags/plugins/event_listener.py
[2024-06-18T11:50:06.611+0545] {processor.py:830} INFO - Processing file /home/manisha/airflow_env/lib/python3.10/site-packages/airflow/example_dags/plugins/event_listener.py for tasks to queue
[2024-06-18T11:50:06.612+0545] {logging_mixin.py:188} INFO - [2024-06-18T11:50:06.612+0545] {dagbag.py:545} INFO - Filling up the DagBag from /home/manisha/airflow_env/lib/python3.10/site-packages/airflow/example_dags/plugins/event_listener.py
[2024-06-18T11:50:06.614+0545] {processor.py:842} WARNING - No viable dags retrieved from /home/manisha/airflow_env/lib/python3.10/site-packages/airflow/example_dags/plugins/event_listener.py
[2024-06-18T11:50:06.630+0545] {processor.py:183} INFO - Processing /home/manisha/airflow_env/lib/python3.10/site-packages/airflow/example_dags/plugins/event_listener.py took 0.027 seconds
[2024-06-18T11:50:37.136+0545] {processor.py:161} INFO - Started process (PID=9059) to work on /home/manisha/airflow_env/lib/python3.10/site-packages/airflow/example_dags/plugins/event_listener.py
[2024-06-18T11:50:37.219+0545] {processor.py:830} INFO - Processing file /home/manisha/airflow_env/lib/python3.10/site-packages/airflow/example_dags/plugins/event_listener.py for tasks to queue
[2024-06-18T11:50:37.221+0545] {logging_mixin.py:188} INFO - [2024-06-18T11:50:37.220+0545] {dagbag.py:545} INFO - Filling up the DagBag from /home/manisha/airflow_env/lib/python3.10/site-packages/airflow/example_dags/plugins/event_listener.py
[2024-06-18T11:50:37.224+0545] {processor.py:842} WARNING - No viable dags retrieved from /home/manisha/airflow_env/lib/python3.10/site-packages/airflow/example_dags/plugins/event_listener.py
[2024-06-18T11:50:37.271+0545] {processor.py:183} INFO - Processing /home/manisha/airflow_env/lib/python3.10/site-packages/airflow/example_dags/plugins/event_listener.py took 0.145 seconds
[2024-06-18T11:50:59.083+0545] {processor.py:161} INFO - Started process (PID=9371) to work on /home/manisha/airflow_env/lib/python3.10/site-packages/airflow/example_dags/plugins/event_listener.py
[2024-06-18T11:50:59.084+0545] {processor.py:830} INFO - Processing file /home/manisha/airflow_env/lib/python3.10/site-packages/airflow/example_dags/plugins/event_listener.py for tasks to queue
[2024-06-18T11:50:59.086+0545] {logging_mixin.py:188} INFO - [2024-06-18T11:50:59.085+0545] {dagbag.py:545} INFO - Filling up the DagBag from /home/manisha/airflow_env/lib/python3.10/site-packages/airflow/example_dags/plugins/event_listener.py
[2024-06-18T11:50:59.088+0545] {processor.py:842} WARNING - No viable dags retrieved from /home/manisha/airflow_env/lib/python3.10/site-packages/airflow/example_dags/plugins/event_listener.py
[2024-06-18T11:50:59.115+0545] {processor.py:183} INFO - Processing /home/manisha/airflow_env/lib/python3.10/site-packages/airflow/example_dags/plugins/event_listener.py took 0.042 seconds
[2024-06-18T11:51:32.932+0545] {processor.py:161} INFO - Started process (PID=9644) to work on /home/manisha/airflow_env/lib/python3.10/site-packages/airflow/example_dags/plugins/event_listener.py
[2024-06-18T11:51:32.971+0545] {processor.py:830} INFO - Processing file /home/manisha/airflow_env/lib/python3.10/site-packages/airflow/example_dags/plugins/event_listener.py for tasks to queue
[2024-06-18T11:51:32.975+0545] {logging_mixin.py:188} INFO - [2024-06-18T11:51:32.974+0545] {dagbag.py:545} INFO - Filling up the DagBag from /home/manisha/airflow_env/lib/python3.10/site-packages/airflow/example_dags/plugins/event_listener.py
[2024-06-18T11:51:32.981+0545] {processor.py:842} WARNING - No viable dags retrieved from /home/manisha/airflow_env/lib/python3.10/site-packages/airflow/example_dags/plugins/event_listener.py
[2024-06-18T11:51:33.023+0545] {processor.py:183} INFO - Processing /home/manisha/airflow_env/lib/python3.10/site-packages/airflow/example_dags/plugins/event_listener.py took 0.097 seconds
