[2024-06-18T10:57:15.968+0545] {processor.py:161} INFO - Started process (PID=4044) to work on /home/manisha/airflow_env/lib/python3.10/site-packages/airflow/example_dags/plugins/listener_plugin.py
[2024-06-18T10:57:15.968+0545] {processor.py:830} INFO - Processing file /home/manisha/airflow_env/lib/python3.10/site-packages/airflow/example_dags/plugins/listener_plugin.py for tasks to queue
[2024-06-18T10:57:15.970+0545] {logging_mixin.py:188} INFO - [2024-06-18T10:57:15.970+0545] {dagbag.py:545} INFO - Filling up the DagBag from /home/manisha/airflow_env/lib/python3.10/site-packages/airflow/example_dags/plugins/listener_plugin.py
[2024-06-18T10:57:15.973+0545] {processor.py:842} WARNING - No viable dags retrieved from /home/manisha/airflow_env/lib/python3.10/site-packages/airflow/example_dags/plugins/listener_plugin.py
[2024-06-18T10:57:15.984+0545] {processor.py:183} INFO - Processing /home/manisha/airflow_env/lib/python3.10/site-packages/airflow/example_dags/plugins/listener_plugin.py took 0.022 seconds
[2024-06-18T10:58:32.554+0545] {processor.py:161} INFO - Started process (PID=4160) to work on /home/manisha/airflow_env/lib/python3.10/site-packages/airflow/example_dags/plugins/listener_plugin.py
[2024-06-18T10:58:32.556+0545] {processor.py:830} INFO - Processing file /home/manisha/airflow_env/lib/python3.10/site-packages/airflow/example_dags/plugins/listener_plugin.py for tasks to queue
[2024-06-18T10:58:32.557+0545] {logging_mixin.py:188} INFO - [2024-06-18T10:58:32.557+0545] {dagbag.py:545} INFO - Filling up the DagBag from /home/manisha/airflow_env/lib/python3.10/site-packages/airflow/example_dags/plugins/listener_plugin.py
[2024-06-18T10:58:32.560+0545] {processor.py:842} WARNING - No viable dags retrieved from /home/manisha/airflow_env/lib/python3.10/site-packages/airflow/example_dags/plugins/listener_plugin.py
[2024-06-18T10:58:32.570+0545] {processor.py:183} INFO - Processing /home/manisha/airflow_env/lib/python3.10/site-packages/airflow/example_dags/plugins/listener_plugin.py took 0.022 seconds
[2024-06-18T10:59:34.566+0545] {processor.py:161} INFO - Started process (PID=4213) to work on /home/manisha/airflow_env/lib/python3.10/site-packages/airflow/example_dags/plugins/listener_plugin.py
[2024-06-18T10:59:34.603+0545] {processor.py:830} INFO - Processing file /home/manisha/airflow_env/lib/python3.10/site-packages/airflow/example_dags/plugins/listener_plugin.py for tasks to queue
[2024-06-18T10:59:34.608+0545] {logging_mixin.py:188} INFO - [2024-06-18T10:59:34.607+0545] {dagbag.py:545} INFO - Filling up the DagBag from /home/manisha/airflow_env/lib/python3.10/site-packages/airflow/example_dags/plugins/listener_plugin.py
[2024-06-18T10:59:34.617+0545] {processor.py:842} WARNING - No viable dags retrieved from /home/manisha/airflow_env/lib/python3.10/site-packages/airflow/example_dags/plugins/listener_plugin.py
[2024-06-18T10:59:34.640+0545] {processor.py:183} INFO - Processing /home/manisha/airflow_env/lib/python3.10/site-packages/airflow/example_dags/plugins/listener_plugin.py took 0.081 seconds
[2024-06-18T11:00:36.917+0545] {processor.py:161} INFO - Started process (PID=4355) to work on /home/manisha/airflow_env/lib/python3.10/site-packages/airflow/example_dags/plugins/listener_plugin.py
[2024-06-18T11:00:36.919+0545] {processor.py:830} INFO - Processing file /home/manisha/airflow_env/lib/python3.10/site-packages/airflow/example_dags/plugins/listener_plugin.py for tasks to queue
[2024-06-18T11:00:36.921+0545] {logging_mixin.py:188} INFO - [2024-06-18T11:00:36.920+0545] {dagbag.py:545} INFO - Filling up the DagBag from /home/manisha/airflow_env/lib/python3.10/site-packages/airflow/example_dags/plugins/listener_plugin.py
[2024-06-18T11:00:36.924+0545] {processor.py:842} WARNING - No viable dags retrieved from /home/manisha/airflow_env/lib/python3.10/site-packages/airflow/example_dags/plugins/listener_plugin.py
[2024-06-18T11:00:36.933+0545] {processor.py:183} INFO - Processing /home/manisha/airflow_env/lib/python3.10/site-packages/airflow/example_dags/plugins/listener_plugin.py took 0.022 seconds
[2024-06-18T11:01:38.507+0545] {processor.py:161} INFO - Started process (PID=4408) to work on /home/manisha/airflow_env/lib/python3.10/site-packages/airflow/example_dags/plugins/listener_plugin.py
[2024-06-18T11:01:38.540+0545] {processor.py:830} INFO - Processing file /home/manisha/airflow_env/lib/python3.10/site-packages/airflow/example_dags/plugins/listener_plugin.py for tasks to queue
[2024-06-18T11:01:38.545+0545] {logging_mixin.py:188} INFO - [2024-06-18T11:01:38.544+0545] {dagbag.py:545} INFO - Filling up the DagBag from /home/manisha/airflow_env/lib/python3.10/site-packages/airflow/example_dags/plugins/listener_plugin.py
[2024-06-18T11:01:38.554+0545] {processor.py:842} WARNING - No viable dags retrieved from /home/manisha/airflow_env/lib/python3.10/site-packages/airflow/example_dags/plugins/listener_plugin.py
[2024-06-18T11:01:38.578+0545] {processor.py:183} INFO - Processing /home/manisha/airflow_env/lib/python3.10/site-packages/airflow/example_dags/plugins/listener_plugin.py took 0.078 seconds
[2024-06-18T11:02:37.237+0545] {processor.py:161} INFO - Started process (PID=4460) to work on /home/manisha/airflow_env/lib/python3.10/site-packages/airflow/example_dags/plugins/listener_plugin.py
[2024-06-18T11:02:37.272+0545] {processor.py:830} INFO - Processing file /home/manisha/airflow_env/lib/python3.10/site-packages/airflow/example_dags/plugins/listener_plugin.py for tasks to queue
[2024-06-18T11:02:37.277+0545] {logging_mixin.py:188} INFO - [2024-06-18T11:02:37.276+0545] {dagbag.py:545} INFO - Filling up the DagBag from /home/manisha/airflow_env/lib/python3.10/site-packages/airflow/example_dags/plugins/listener_plugin.py
[2024-06-18T11:02:37.286+0545] {processor.py:842} WARNING - No viable dags retrieved from /home/manisha/airflow_env/lib/python3.10/site-packages/airflow/example_dags/plugins/listener_plugin.py
[2024-06-18T11:02:37.310+0545] {processor.py:183} INFO - Processing /home/manisha/airflow_env/lib/python3.10/site-packages/airflow/example_dags/plugins/listener_plugin.py took 0.080 seconds
[2024-06-18T11:03:36.870+0545] {processor.py:161} INFO - Started process (PID=4513) to work on /home/manisha/airflow_env/lib/python3.10/site-packages/airflow/example_dags/plugins/listener_plugin.py
[2024-06-18T11:03:36.910+0545] {processor.py:830} INFO - Processing file /home/manisha/airflow_env/lib/python3.10/site-packages/airflow/example_dags/plugins/listener_plugin.py for tasks to queue
[2024-06-18T11:03:36.915+0545] {logging_mixin.py:188} INFO - [2024-06-18T11:03:36.914+0545] {dagbag.py:545} INFO - Filling up the DagBag from /home/manisha/airflow_env/lib/python3.10/site-packages/airflow/example_dags/plugins/listener_plugin.py
[2024-06-18T11:03:36.925+0545] {processor.py:842} WARNING - No viable dags retrieved from /home/manisha/airflow_env/lib/python3.10/site-packages/airflow/example_dags/plugins/listener_plugin.py
[2024-06-18T11:03:36.950+0545] {processor.py:183} INFO - Processing /home/manisha/airflow_env/lib/python3.10/site-packages/airflow/example_dags/plugins/listener_plugin.py took 0.086 seconds
[2024-06-18T11:04:38.157+0545] {processor.py:161} INFO - Started process (PID=4569) to work on /home/manisha/airflow_env/lib/python3.10/site-packages/airflow/example_dags/plugins/listener_plugin.py
[2024-06-18T11:04:38.194+0545] {processor.py:830} INFO - Processing file /home/manisha/airflow_env/lib/python3.10/site-packages/airflow/example_dags/plugins/listener_plugin.py for tasks to queue
[2024-06-18T11:04:38.199+0545] {logging_mixin.py:188} INFO - [2024-06-18T11:04:38.198+0545] {dagbag.py:545} INFO - Filling up the DagBag from /home/manisha/airflow_env/lib/python3.10/site-packages/airflow/example_dags/plugins/listener_plugin.py
[2024-06-18T11:04:38.208+0545] {processor.py:842} WARNING - No viable dags retrieved from /home/manisha/airflow_env/lib/python3.10/site-packages/airflow/example_dags/plugins/listener_plugin.py
[2024-06-18T11:04:38.232+0545] {processor.py:183} INFO - Processing /home/manisha/airflow_env/lib/python3.10/site-packages/airflow/example_dags/plugins/listener_plugin.py took 0.081 seconds
[2024-06-18T11:06:21.354+0545] {processor.py:161} INFO - Started process (PID=4785) to work on /home/manisha/airflow_env/lib/python3.10/site-packages/airflow/example_dags/plugins/listener_plugin.py
[2024-06-18T11:06:21.422+0545] {processor.py:830} INFO - Processing file /home/manisha/airflow_env/lib/python3.10/site-packages/airflow/example_dags/plugins/listener_plugin.py for tasks to queue
[2024-06-18T11:06:21.427+0545] {logging_mixin.py:188} INFO - [2024-06-18T11:06:21.426+0545] {dagbag.py:545} INFO - Filling up the DagBag from /home/manisha/airflow_env/lib/python3.10/site-packages/airflow/example_dags/plugins/listener_plugin.py
[2024-06-18T11:06:21.436+0545] {processor.py:842} WARNING - No viable dags retrieved from /home/manisha/airflow_env/lib/python3.10/site-packages/airflow/example_dags/plugins/listener_plugin.py
[2024-06-18T11:06:21.461+0545] {processor.py:183} INFO - Processing /home/manisha/airflow_env/lib/python3.10/site-packages/airflow/example_dags/plugins/listener_plugin.py took 0.126 seconds
[2024-06-18T11:07:20.429+0545] {processor.py:161} INFO - Started process (PID=4933) to work on /home/manisha/airflow_env/lib/python3.10/site-packages/airflow/example_dags/plugins/listener_plugin.py
[2024-06-18T11:07:20.431+0545] {processor.py:830} INFO - Processing file /home/manisha/airflow_env/lib/python3.10/site-packages/airflow/example_dags/plugins/listener_plugin.py for tasks to queue
[2024-06-18T11:07:20.433+0545] {logging_mixin.py:188} INFO - [2024-06-18T11:07:20.432+0545] {dagbag.py:545} INFO - Filling up the DagBag from /home/manisha/airflow_env/lib/python3.10/site-packages/airflow/example_dags/plugins/listener_plugin.py
[2024-06-18T11:07:20.436+0545] {processor.py:842} WARNING - No viable dags retrieved from /home/manisha/airflow_env/lib/python3.10/site-packages/airflow/example_dags/plugins/listener_plugin.py
[2024-06-18T11:07:20.447+0545] {processor.py:183} INFO - Processing /home/manisha/airflow_env/lib/python3.10/site-packages/airflow/example_dags/plugins/listener_plugin.py took 0.025 seconds
[2024-06-18T11:08:18.201+0545] {processor.py:161} INFO - Started process (PID=5100) to work on /home/manisha/airflow_env/lib/python3.10/site-packages/airflow/example_dags/plugins/listener_plugin.py
[2024-06-18T11:08:18.221+0545] {processor.py:830} INFO - Processing file /home/manisha/airflow_env/lib/python3.10/site-packages/airflow/example_dags/plugins/listener_plugin.py for tasks to queue
[2024-06-18T11:08:18.226+0545] {logging_mixin.py:188} INFO - [2024-06-18T11:08:18.225+0545] {dagbag.py:545} INFO - Filling up the DagBag from /home/manisha/airflow_env/lib/python3.10/site-packages/airflow/example_dags/plugins/listener_plugin.py
[2024-06-18T11:08:18.233+0545] {processor.py:842} WARNING - No viable dags retrieved from /home/manisha/airflow_env/lib/python3.10/site-packages/airflow/example_dags/plugins/listener_plugin.py
[2024-06-18T11:08:18.251+0545] {processor.py:183} INFO - Processing /home/manisha/airflow_env/lib/python3.10/site-packages/airflow/example_dags/plugins/listener_plugin.py took 0.068 seconds
[2024-06-18T11:09:19.346+0545] {processor.py:161} INFO - Started process (PID=5633) to work on /home/manisha/airflow_env/lib/python3.10/site-packages/airflow/example_dags/plugins/listener_plugin.py
[2024-06-18T11:09:19.384+0545] {processor.py:830} INFO - Processing file /home/manisha/airflow_env/lib/python3.10/site-packages/airflow/example_dags/plugins/listener_plugin.py for tasks to queue
[2024-06-18T11:09:19.389+0545] {logging_mixin.py:188} INFO - [2024-06-18T11:09:19.388+0545] {dagbag.py:545} INFO - Filling up the DagBag from /home/manisha/airflow_env/lib/python3.10/site-packages/airflow/example_dags/plugins/listener_plugin.py
[2024-06-18T11:09:19.398+0545] {processor.py:842} WARNING - No viable dags retrieved from /home/manisha/airflow_env/lib/python3.10/site-packages/airflow/example_dags/plugins/listener_plugin.py
[2024-06-18T11:09:19.419+0545] {processor.py:183} INFO - Processing /home/manisha/airflow_env/lib/python3.10/site-packages/airflow/example_dags/plugins/listener_plugin.py took 0.090 seconds
[2024-06-18T11:44:01.237+0545] {processor.py:161} INFO - Started process (PID=8321) to work on /home/manisha/airflow_env/lib/python3.10/site-packages/airflow/example_dags/plugins/listener_plugin.py
[2024-06-18T11:44:01.254+0545] {processor.py:830} INFO - Processing file /home/manisha/airflow_env/lib/python3.10/site-packages/airflow/example_dags/plugins/listener_plugin.py for tasks to queue
[2024-06-18T11:44:01.256+0545] {logging_mixin.py:188} INFO - [2024-06-18T11:44:01.256+0545] {dagbag.py:545} INFO - Filling up the DagBag from /home/manisha/airflow_env/lib/python3.10/site-packages/airflow/example_dags/plugins/listener_plugin.py
[2024-06-18T11:44:01.258+0545] {processor.py:842} WARNING - No viable dags retrieved from /home/manisha/airflow_env/lib/python3.10/site-packages/airflow/example_dags/plugins/listener_plugin.py
[2024-06-18T11:44:01.274+0545] {processor.py:183} INFO - Processing /home/manisha/airflow_env/lib/python3.10/site-packages/airflow/example_dags/plugins/listener_plugin.py took 0.043 seconds
[2024-06-18T11:44:34.685+0545] {processor.py:161} INFO - Started process (PID=8377) to work on /home/manisha/airflow_env/lib/python3.10/site-packages/airflow/example_dags/plugins/listener_plugin.py
[2024-06-18T11:44:34.692+0545] {processor.py:830} INFO - Processing file /home/manisha/airflow_env/lib/python3.10/site-packages/airflow/example_dags/plugins/listener_plugin.py for tasks to queue
[2024-06-18T11:44:34.694+0545] {logging_mixin.py:188} INFO - [2024-06-18T11:44:34.693+0545] {dagbag.py:545} INFO - Filling up the DagBag from /home/manisha/airflow_env/lib/python3.10/site-packages/airflow/example_dags/plugins/listener_plugin.py
[2024-06-18T11:44:34.696+0545] {processor.py:842} WARNING - No viable dags retrieved from /home/manisha/airflow_env/lib/python3.10/site-packages/airflow/example_dags/plugins/listener_plugin.py
[2024-06-18T11:44:34.711+0545] {processor.py:183} INFO - Processing /home/manisha/airflow_env/lib/python3.10/site-packages/airflow/example_dags/plugins/listener_plugin.py took 0.031 seconds
[2024-06-18T11:45:05.232+0545] {processor.py:161} INFO - Started process (PID=8431) to work on /home/manisha/airflow_env/lib/python3.10/site-packages/airflow/example_dags/plugins/listener_plugin.py
[2024-06-18T11:45:05.243+0545] {processor.py:830} INFO - Processing file /home/manisha/airflow_env/lib/python3.10/site-packages/airflow/example_dags/plugins/listener_plugin.py for tasks to queue
[2024-06-18T11:45:05.245+0545] {logging_mixin.py:188} INFO - [2024-06-18T11:45:05.245+0545] {dagbag.py:545} INFO - Filling up the DagBag from /home/manisha/airflow_env/lib/python3.10/site-packages/airflow/example_dags/plugins/listener_plugin.py
[2024-06-18T11:45:05.247+0545] {processor.py:842} WARNING - No viable dags retrieved from /home/manisha/airflow_env/lib/python3.10/site-packages/airflow/example_dags/plugins/listener_plugin.py
[2024-06-18T11:45:05.265+0545] {processor.py:183} INFO - Processing /home/manisha/airflow_env/lib/python3.10/site-packages/airflow/example_dags/plugins/listener_plugin.py took 0.040 seconds
[2024-06-18T11:45:36.059+0545] {processor.py:161} INFO - Started process (PID=8482) to work on /home/manisha/airflow_env/lib/python3.10/site-packages/airflow/example_dags/plugins/listener_plugin.py
[2024-06-18T11:45:36.059+0545] {processor.py:830} INFO - Processing file /home/manisha/airflow_env/lib/python3.10/site-packages/airflow/example_dags/plugins/listener_plugin.py for tasks to queue
[2024-06-18T11:45:36.061+0545] {logging_mixin.py:188} INFO - [2024-06-18T11:45:36.060+0545] {dagbag.py:545} INFO - Filling up the DagBag from /home/manisha/airflow_env/lib/python3.10/site-packages/airflow/example_dags/plugins/listener_plugin.py
[2024-06-18T11:45:36.063+0545] {processor.py:842} WARNING - No viable dags retrieved from /home/manisha/airflow_env/lib/python3.10/site-packages/airflow/example_dags/plugins/listener_plugin.py
[2024-06-18T11:45:36.079+0545] {processor.py:183} INFO - Processing /home/manisha/airflow_env/lib/python3.10/site-packages/airflow/example_dags/plugins/listener_plugin.py took 0.026 seconds
[2024-06-18T11:46:06.504+0545] {processor.py:161} INFO - Started process (PID=8535) to work on /home/manisha/airflow_env/lib/python3.10/site-packages/airflow/example_dags/plugins/listener_plugin.py
[2024-06-18T11:46:06.513+0545] {processor.py:830} INFO - Processing file /home/manisha/airflow_env/lib/python3.10/site-packages/airflow/example_dags/plugins/listener_plugin.py for tasks to queue
[2024-06-18T11:46:06.518+0545] {logging_mixin.py:188} INFO - [2024-06-18T11:46:06.517+0545] {dagbag.py:545} INFO - Filling up the DagBag from /home/manisha/airflow_env/lib/python3.10/site-packages/airflow/example_dags/plugins/listener_plugin.py
[2024-06-18T11:46:06.524+0545] {processor.py:842} WARNING - No viable dags retrieved from /home/manisha/airflow_env/lib/python3.10/site-packages/airflow/example_dags/plugins/listener_plugin.py
[2024-06-18T11:46:06.548+0545] {processor.py:183} INFO - Processing /home/manisha/airflow_env/lib/python3.10/site-packages/airflow/example_dags/plugins/listener_plugin.py took 0.049 seconds
[2024-06-18T11:46:37.195+0545] {processor.py:161} INFO - Started process (PID=8586) to work on /home/manisha/airflow_env/lib/python3.10/site-packages/airflow/example_dags/plugins/listener_plugin.py
[2024-06-18T11:46:37.195+0545] {processor.py:830} INFO - Processing file /home/manisha/airflow_env/lib/python3.10/site-packages/airflow/example_dags/plugins/listener_plugin.py for tasks to queue
[2024-06-18T11:46:37.197+0545] {logging_mixin.py:188} INFO - [2024-06-18T11:46:37.196+0545] {dagbag.py:545} INFO - Filling up the DagBag from /home/manisha/airflow_env/lib/python3.10/site-packages/airflow/example_dags/plugins/listener_plugin.py
[2024-06-18T11:46:37.199+0545] {processor.py:842} WARNING - No viable dags retrieved from /home/manisha/airflow_env/lib/python3.10/site-packages/airflow/example_dags/plugins/listener_plugin.py
[2024-06-18T11:46:37.215+0545] {processor.py:183} INFO - Processing /home/manisha/airflow_env/lib/python3.10/site-packages/airflow/example_dags/plugins/listener_plugin.py took 0.026 seconds
[2024-06-18T11:47:07.804+0545] {processor.py:161} INFO - Started process (PID=8637) to work on /home/manisha/airflow_env/lib/python3.10/site-packages/airflow/example_dags/plugins/listener_plugin.py
[2024-06-18T11:47:07.834+0545] {processor.py:830} INFO - Processing file /home/manisha/airflow_env/lib/python3.10/site-packages/airflow/example_dags/plugins/listener_plugin.py for tasks to queue
[2024-06-18T11:47:07.835+0545] {logging_mixin.py:188} INFO - [2024-06-18T11:47:07.835+0545] {dagbag.py:545} INFO - Filling up the DagBag from /home/manisha/airflow_env/lib/python3.10/site-packages/airflow/example_dags/plugins/listener_plugin.py
[2024-06-18T11:47:07.837+0545] {processor.py:842} WARNING - No viable dags retrieved from /home/manisha/airflow_env/lib/python3.10/site-packages/airflow/example_dags/plugins/listener_plugin.py
[2024-06-18T11:47:07.854+0545] {processor.py:183} INFO - Processing /home/manisha/airflow_env/lib/python3.10/site-packages/airflow/example_dags/plugins/listener_plugin.py took 0.056 seconds
[2024-06-18T11:47:38.035+0545] {processor.py:161} INFO - Started process (PID=8689) to work on /home/manisha/airflow_env/lib/python3.10/site-packages/airflow/example_dags/plugins/listener_plugin.py
[2024-06-18T11:47:38.035+0545] {processor.py:830} INFO - Processing file /home/manisha/airflow_env/lib/python3.10/site-packages/airflow/example_dags/plugins/listener_plugin.py for tasks to queue
[2024-06-18T11:47:38.037+0545] {logging_mixin.py:188} INFO - [2024-06-18T11:47:38.036+0545] {dagbag.py:545} INFO - Filling up the DagBag from /home/manisha/airflow_env/lib/python3.10/site-packages/airflow/example_dags/plugins/listener_plugin.py
[2024-06-18T11:47:38.039+0545] {processor.py:842} WARNING - No viable dags retrieved from /home/manisha/airflow_env/lib/python3.10/site-packages/airflow/example_dags/plugins/listener_plugin.py
[2024-06-18T11:47:38.054+0545] {processor.py:183} INFO - Processing /home/manisha/airflow_env/lib/python3.10/site-packages/airflow/example_dags/plugins/listener_plugin.py took 0.024 seconds
[2024-06-18T11:48:31.515+0545] {processor.py:161} INFO - Started process (PID=8770) to work on /home/manisha/airflow_env/lib/python3.10/site-packages/airflow/example_dags/plugins/listener_plugin.py
[2024-06-18T11:48:31.528+0545] {processor.py:830} INFO - Processing file /home/manisha/airflow_env/lib/python3.10/site-packages/airflow/example_dags/plugins/listener_plugin.py for tasks to queue
[2024-06-18T11:48:31.530+0545] {logging_mixin.py:188} INFO - [2024-06-18T11:48:31.529+0545] {dagbag.py:545} INFO - Filling up the DagBag from /home/manisha/airflow_env/lib/python3.10/site-packages/airflow/example_dags/plugins/listener_plugin.py
[2024-06-18T11:48:31.532+0545] {processor.py:842} WARNING - No viable dags retrieved from /home/manisha/airflow_env/lib/python3.10/site-packages/airflow/example_dags/plugins/listener_plugin.py
[2024-06-18T11:48:31.550+0545] {processor.py:183} INFO - Processing /home/manisha/airflow_env/lib/python3.10/site-packages/airflow/example_dags/plugins/listener_plugin.py took 0.041 seconds
[2024-06-18T11:49:05.726+0545] {processor.py:161} INFO - Started process (PID=8881) to work on /home/manisha/airflow_env/lib/python3.10/site-packages/airflow/example_dags/plugins/listener_plugin.py
[2024-06-18T11:49:05.731+0545] {processor.py:830} INFO - Processing file /home/manisha/airflow_env/lib/python3.10/site-packages/airflow/example_dags/plugins/listener_plugin.py for tasks to queue
[2024-06-18T11:49:05.733+0545] {logging_mixin.py:188} INFO - [2024-06-18T11:49:05.732+0545] {dagbag.py:545} INFO - Filling up the DagBag from /home/manisha/airflow_env/lib/python3.10/site-packages/airflow/example_dags/plugins/listener_plugin.py
[2024-06-18T11:49:05.735+0545] {processor.py:842} WARNING - No viable dags retrieved from /home/manisha/airflow_env/lib/python3.10/site-packages/airflow/example_dags/plugins/listener_plugin.py
[2024-06-18T11:49:05.751+0545] {processor.py:183} INFO - Processing /home/manisha/airflow_env/lib/python3.10/site-packages/airflow/example_dags/plugins/listener_plugin.py took 0.031 seconds
[2024-06-18T11:49:36.506+0545] {processor.py:161} INFO - Started process (PID=8949) to work on /home/manisha/airflow_env/lib/python3.10/site-packages/airflow/example_dags/plugins/listener_plugin.py
[2024-06-18T11:49:36.511+0545] {processor.py:830} INFO - Processing file /home/manisha/airflow_env/lib/python3.10/site-packages/airflow/example_dags/plugins/listener_plugin.py for tasks to queue
[2024-06-18T11:49:36.512+0545] {logging_mixin.py:188} INFO - [2024-06-18T11:49:36.512+0545] {dagbag.py:545} INFO - Filling up the DagBag from /home/manisha/airflow_env/lib/python3.10/site-packages/airflow/example_dags/plugins/listener_plugin.py
[2024-06-18T11:49:36.514+0545] {processor.py:842} WARNING - No viable dags retrieved from /home/manisha/airflow_env/lib/python3.10/site-packages/airflow/example_dags/plugins/listener_plugin.py
[2024-06-18T11:49:36.531+0545] {processor.py:183} INFO - Processing /home/manisha/airflow_env/lib/python3.10/site-packages/airflow/example_dags/plugins/listener_plugin.py took 0.030 seconds
[2024-06-18T11:50:06.730+0545] {processor.py:161} INFO - Started process (PID=9004) to work on /home/manisha/airflow_env/lib/python3.10/site-packages/airflow/example_dags/plugins/listener_plugin.py
[2024-06-18T11:50:06.731+0545] {processor.py:830} INFO - Processing file /home/manisha/airflow_env/lib/python3.10/site-packages/airflow/example_dags/plugins/listener_plugin.py for tasks to queue
[2024-06-18T11:50:06.732+0545] {logging_mixin.py:188} INFO - [2024-06-18T11:50:06.732+0545] {dagbag.py:545} INFO - Filling up the DagBag from /home/manisha/airflow_env/lib/python3.10/site-packages/airflow/example_dags/plugins/listener_plugin.py
[2024-06-18T11:50:06.735+0545] {processor.py:842} WARNING - No viable dags retrieved from /home/manisha/airflow_env/lib/python3.10/site-packages/airflow/example_dags/plugins/listener_plugin.py
[2024-06-18T11:50:06.753+0545] {processor.py:183} INFO - Processing /home/manisha/airflow_env/lib/python3.10/site-packages/airflow/example_dags/plugins/listener_plugin.py took 0.029 seconds
[2024-06-18T11:50:37.306+0545] {processor.py:161} INFO - Started process (PID=9062) to work on /home/manisha/airflow_env/lib/python3.10/site-packages/airflow/example_dags/plugins/listener_plugin.py
[2024-06-18T11:50:37.313+0545] {processor.py:830} INFO - Processing file /home/manisha/airflow_env/lib/python3.10/site-packages/airflow/example_dags/plugins/listener_plugin.py for tasks to queue
[2024-06-18T11:50:37.314+0545] {logging_mixin.py:188} INFO - [2024-06-18T11:50:37.314+0545] {dagbag.py:545} INFO - Filling up the DagBag from /home/manisha/airflow_env/lib/python3.10/site-packages/airflow/example_dags/plugins/listener_plugin.py
[2024-06-18T11:50:37.316+0545] {processor.py:842} WARNING - No viable dags retrieved from /home/manisha/airflow_env/lib/python3.10/site-packages/airflow/example_dags/plugins/listener_plugin.py
[2024-06-18T11:50:37.333+0545] {processor.py:183} INFO - Processing /home/manisha/airflow_env/lib/python3.10/site-packages/airflow/example_dags/plugins/listener_plugin.py took 0.033 seconds
[2024-06-18T11:50:59.269+0545] {processor.py:161} INFO - Started process (PID=9388) to work on /home/manisha/airflow_env/lib/python3.10/site-packages/airflow/example_dags/plugins/listener_plugin.py
[2024-06-18T11:50:59.270+0545] {processor.py:830} INFO - Processing file /home/manisha/airflow_env/lib/python3.10/site-packages/airflow/example_dags/plugins/listener_plugin.py for tasks to queue
[2024-06-18T11:50:59.271+0545] {logging_mixin.py:188} INFO - [2024-06-18T11:50:59.271+0545] {dagbag.py:545} INFO - Filling up the DagBag from /home/manisha/airflow_env/lib/python3.10/site-packages/airflow/example_dags/plugins/listener_plugin.py
[2024-06-18T11:50:59.273+0545] {processor.py:842} WARNING - No viable dags retrieved from /home/manisha/airflow_env/lib/python3.10/site-packages/airflow/example_dags/plugins/listener_plugin.py
[2024-06-18T11:50:59.307+0545] {processor.py:183} INFO - Processing /home/manisha/airflow_env/lib/python3.10/site-packages/airflow/example_dags/plugins/listener_plugin.py took 0.044 seconds
[2024-06-18T11:51:33.161+0545] {processor.py:161} INFO - Started process (PID=9661) to work on /home/manisha/airflow_env/lib/python3.10/site-packages/airflow/example_dags/plugins/listener_plugin.py
[2024-06-18T11:51:33.183+0545] {processor.py:830} INFO - Processing file /home/manisha/airflow_env/lib/python3.10/site-packages/airflow/example_dags/plugins/listener_plugin.py for tasks to queue
[2024-06-18T11:51:33.185+0545] {logging_mixin.py:188} INFO - [2024-06-18T11:51:33.185+0545] {dagbag.py:545} INFO - Filling up the DagBag from /home/manisha/airflow_env/lib/python3.10/site-packages/airflow/example_dags/plugins/listener_plugin.py
[2024-06-18T11:51:33.188+0545] {processor.py:842} WARNING - No viable dags retrieved from /home/manisha/airflow_env/lib/python3.10/site-packages/airflow/example_dags/plugins/listener_plugin.py
[2024-06-18T11:51:33.210+0545] {processor.py:183} INFO - Processing /home/manisha/airflow_env/lib/python3.10/site-packages/airflow/example_dags/plugins/listener_plugin.py took 0.058 seconds
