[2024-06-18T14:26:04.575+0545] {local_task_job_runner.py:120} INFO - ::group::Pre task execution logs
[2024-06-18T14:26:04.607+0545] {taskinstance.py:2076} INFO - Dependencies all met for dep_context=non-requeueable deps ti=<TaskInstance: Backup_Database.backup_task scheduled__2024-06-18T08:30:00+00:00 [queued]>
[2024-06-18T14:26:04.614+0545] {taskinstance.py:2076} INFO - Dependencies all met for dep_context=requeueable deps ti=<TaskInstance: Backup_Database.backup_task scheduled__2024-06-18T08:30:00+00:00 [queued]>
[2024-06-18T14:26:04.615+0545] {taskinstance.py:2306} INFO - Starting attempt 2 of 2
[2024-06-18T14:26:04.712+0545] {taskinstance.py:2330} INFO - Executing <Task(BashOperator): backup_task> on 2024-06-18 08:30:00+00:00
[2024-06-18T14:26:04.719+0545] {standard_task_runner.py:63} INFO - Started process 18005 to run task
[2024-06-18T14:26:04.724+0545] {standard_task_runner.py:90} INFO - Running: ['airflow', 'tasks', 'run', 'Backup_Database', 'backup_task', 'scheduled__2024-06-18T08:30:00+00:00', '--job-id', '48', '--raw', '--subdir', 'DAGS_FOLDER/basic_dag.py', '--cfg-path', '/tmp/tmpla8capor']
[2024-06-18T14:26:04.726+0545] {standard_task_runner.py:91} INFO - Job 48: Subtask backup_task
[2024-06-18T14:26:04.988+0545] {task_command.py:426} INFO - Running <TaskInstance: Backup_Database.backup_task scheduled__2024-06-18T08:30:00+00:00 [running]> on host manisha-Inspiron-3580
[2024-06-18T14:26:05.444+0545] {taskinstance.py:2648} INFO - Exporting env vars: AIRFLOW_CTX_DAG_OWNER='manisha' AIRFLOW_CTX_DAG_ID='Backup_Database' AIRFLOW_CTX_TASK_ID='backup_task' AIRFLOW_CTX_EXECUTION_DATE='2024-06-18T08:30:00+00:00' AIRFLOW_CTX_TRY_NUMBER='2' AIRFLOW_CTX_DAG_RUN_ID='scheduled__2024-06-18T08:30:00+00:00'
[2024-06-18T14:26:05.444+0545] {taskinstance.py:430} INFO - ::endgroup::
[2024-06-18T14:26:05.456+0545] {subprocess.py:63} INFO - Tmp dir root location: /tmp
[2024-06-18T14:26:05.456+0545] {subprocess.py:75} INFO - Running command: ['/usr/bin/bash', '-c', '/root/backup.sh ']
[2024-06-18T14:26:05.462+0545] {subprocess.py:86} INFO - Output:
[2024-06-18T14:26:05.462+0545] {subprocess.py:93} INFO - /usr/bin/bash: line 1: /root/backup.sh: Permission denied
[2024-06-18T14:26:05.463+0545] {subprocess.py:97} INFO - Command exited with return code 126
[2024-06-18T14:26:05.463+0545] {taskinstance.py:441} INFO - ::group::Post task execution logs
[2024-06-18T14:26:05.474+0545] {taskinstance.py:2905} ERROR - Task failed with exception
Traceback (most recent call last):
  File "/home/manisha/airflow_env/lib/python3.10/site-packages/airflow/models/taskinstance.py", line 465, in _execute_task
    result = _execute_callable(context=context, **execute_callable_kwargs)
  File "/home/manisha/airflow_env/lib/python3.10/site-packages/airflow/models/taskinstance.py", line 432, in _execute_callable
    return execute_callable(context=context, **execute_callable_kwargs)
  File "/home/manisha/airflow_env/lib/python3.10/site-packages/airflow/models/baseoperator.py", line 401, in wrapper
    return func(self, *args, **kwargs)
  File "/home/manisha/airflow_env/lib/python3.10/site-packages/airflow/operators/bash.py", line 243, in execute
    raise AirflowException(
airflow.exceptions.AirflowException: Bash command failed. The command returned a non-zero exit code 126.
[2024-06-18T14:26:05.478+0545] {taskinstance.py:1206} INFO - Marking task as FAILED. dag_id=Backup_Database, task_id=backup_task, run_id=scheduled__2024-06-18T08:30:00+00:00, execution_date=20240618T083000, start_date=20240618T084104, end_date=20240618T084105
[2024-06-18T14:26:05.625+0545] {standard_task_runner.py:110} ERROR - Failed to execute job 48 for task backup_task (Bash command failed. The command returned a non-zero exit code 126.; 18005)
[2024-06-18T14:26:05.660+0545] {local_task_job_runner.py:240} INFO - Task exited with return code 1
[2024-06-18T14:26:05.706+0545] {taskinstance.py:3503} INFO - 0 downstream tasks scheduled from follow-on schedule check
[2024-06-18T14:26:06.070+0545] {local_task_job_runner.py:222} INFO - ::endgroup::
[2024-06-18T14:29:51.981+0545] {local_task_job_runner.py:120} INFO - ::group::Pre task execution logs
[2024-06-18T14:29:52.034+0545] {taskinstance.py:2076} INFO - Dependencies all met for dep_context=non-requeueable deps ti=<TaskInstance: Backup_Database.backup_task scheduled__2024-06-18T08:30:00+00:00 [queued]>
[2024-06-18T14:29:52.043+0545] {taskinstance.py:2076} INFO - Dependencies all met for dep_context=requeueable deps ti=<TaskInstance: Backup_Database.backup_task scheduled__2024-06-18T08:30:00+00:00 [queued]>
[2024-06-18T14:29:52.044+0545] {taskinstance.py:2306} INFO - Starting attempt 2 of 2
[2024-06-18T14:29:52.219+0545] {taskinstance.py:2330} INFO - Executing <Task(BashOperator): backup_task> on 2024-06-18 08:30:00+00:00
[2024-06-18T14:29:52.227+0545] {standard_task_runner.py:63} INFO - Started process 18528 to run task
[2024-06-18T14:29:52.236+0545] {standard_task_runner.py:90} INFO - Running: ['airflow', 'tasks', 'run', 'Backup_Database', 'backup_task', 'scheduled__2024-06-18T08:30:00+00:00', '--job-id', '53', '--raw', '--subdir', 'DAGS_FOLDER/basic_dag.py', '--cfg-path', '/tmp/tmp60ntl0pd']
[2024-06-18T14:29:52.239+0545] {standard_task_runner.py:91} INFO - Job 53: Subtask backup_task
[2024-06-18T14:29:52.418+0545] {task_command.py:426} INFO - Running <TaskInstance: Backup_Database.backup_task scheduled__2024-06-18T08:30:00+00:00 [running]> on host manisha-Inspiron-3580
[2024-06-18T14:29:52.623+0545] {abstractoperator.py:725} ERROR - Exception rendering Jinja template for task 'backup_task', field 'bash_command'. Template: '/home/manisha/airflow/bashScripts/backup.sh'
Traceback (most recent call last):
  File "/home/manisha/airflow_env/lib/python3.10/site-packages/airflow/models/abstractoperator.py", line 717, in _do_render_template_fields
    rendered_content = self.render_template(
  File "/home/manisha/airflow_env/lib/python3.10/site-packages/airflow/template/templater.py", line 166, in render_template
    template = jinja_env.get_template(value)
  File "/home/manisha/airflow_env/lib/python3.10/site-packages/jinja2/environment.py", line 1013, in get_template
    return self._load_template(name, globals)
  File "/home/manisha/airflow_env/lib/python3.10/site-packages/jinja2/environment.py", line 972, in _load_template
    template = self.loader.load(self, name, self.make_globals(globals))
  File "/home/manisha/airflow_env/lib/python3.10/site-packages/jinja2/loaders.py", line 126, in load
    source, filename, uptodate = self.get_source(environment, name)
  File "/home/manisha/airflow_env/lib/python3.10/site-packages/jinja2/loaders.py", line 207, in get_source
    raise TemplateNotFound(template)
jinja2.exceptions.TemplateNotFound: /home/manisha/airflow/bashScripts/backup.sh
[2024-06-18T14:29:52.624+0545] {taskinstance.py:2905} ERROR - Task failed with exception
Traceback (most recent call last):
  File "/home/manisha/airflow_env/lib/python3.10/site-packages/airflow/models/taskinstance.py", line 2479, in _run_raw_task
    self._execute_task_with_callbacks(context, test_mode, session=session)
  File "/home/manisha/airflow_env/lib/python3.10/site-packages/airflow/models/taskinstance.py", line 2633, in _execute_task_with_callbacks
    task_orig = self.render_templates(context=context, jinja_env=jinja_env)
  File "/home/manisha/airflow_env/lib/python3.10/site-packages/airflow/models/taskinstance.py", line 3094, in render_templates
    original_task.render_template_fields(context, jinja_env)
  File "/home/manisha/airflow_env/lib/python3.10/site-packages/airflow/models/baseoperator.py", line 1337, in render_template_fields
    self._do_render_template_fields(self, self.template_fields, context, jinja_env, set())
  File "/home/manisha/airflow_env/lib/python3.10/site-packages/airflow/models/abstractoperator.py", line 717, in _do_render_template_fields
    rendered_content = self.render_template(
  File "/home/manisha/airflow_env/lib/python3.10/site-packages/airflow/template/templater.py", line 166, in render_template
    template = jinja_env.get_template(value)
  File "/home/manisha/airflow_env/lib/python3.10/site-packages/jinja2/environment.py", line 1013, in get_template
    return self._load_template(name, globals)
  File "/home/manisha/airflow_env/lib/python3.10/site-packages/jinja2/environment.py", line 972, in _load_template
    template = self.loader.load(self, name, self.make_globals(globals))
  File "/home/manisha/airflow_env/lib/python3.10/site-packages/jinja2/loaders.py", line 126, in load
    source, filename, uptodate = self.get_source(environment, name)
  File "/home/manisha/airflow_env/lib/python3.10/site-packages/jinja2/loaders.py", line 207, in get_source
    raise TemplateNotFound(template)
jinja2.exceptions.TemplateNotFound: /home/manisha/airflow/bashScripts/backup.sh
[2024-06-18T14:29:52.639+0545] {taskinstance.py:1206} INFO - Marking task as FAILED. dag_id=Backup_Database, task_id=backup_task, run_id=scheduled__2024-06-18T08:30:00+00:00, execution_date=20240618T083000, start_date=20240618T084452, end_date=20240618T084452
[2024-06-18T14:29:52.810+0545] {standard_task_runner.py:110} ERROR - Failed to execute job 53 for task backup_task (/home/manisha/airflow/bashScripts/backup.sh; 18528)
[2024-06-18T14:29:52.850+0545] {local_task_job_runner.py:240} INFO - Task exited with return code 1
[2024-06-18T14:29:52.874+0545] {local_task_job_runner.py:222} INFO - ::endgroup::
[2024-06-18T14:33:46.465+0545] {local_task_job_runner.py:120} INFO - ::group::Pre task execution logs
[2024-06-18T14:33:46.528+0545] {taskinstance.py:2076} INFO - Dependencies all met for dep_context=non-requeueable deps ti=<TaskInstance: Backup_Database.backup_task scheduled__2024-06-18T08:30:00+00:00 [queued]>
[2024-06-18T14:33:46.544+0545] {taskinstance.py:2076} INFO - Dependencies all met for dep_context=requeueable deps ti=<TaskInstance: Backup_Database.backup_task scheduled__2024-06-18T08:30:00+00:00 [queued]>
[2024-06-18T14:33:46.544+0545] {taskinstance.py:2306} INFO - Starting attempt 2 of 2
[2024-06-18T14:33:46.740+0545] {taskinstance.py:2330} INFO - Executing <Task(BashOperator): backup_task> on 2024-06-18 08:30:00+00:00
[2024-06-18T14:33:46.744+0545] {standard_task_runner.py:63} INFO - Started process 18650 to run task
[2024-06-18T14:33:46.749+0545] {standard_task_runner.py:90} INFO - Running: ['airflow', 'tasks', 'run', 'Backup_Database', 'backup_task', 'scheduled__2024-06-18T08:30:00+00:00', '--job-id', '60', '--raw', '--subdir', 'DAGS_FOLDER/basic_dag.py', '--cfg-path', '/tmp/tmpdhccklip']
[2024-06-18T14:33:46.753+0545] {standard_task_runner.py:91} INFO - Job 60: Subtask backup_task
[2024-06-18T14:33:47.028+0545] {task_command.py:426} INFO - Running <TaskInstance: Backup_Database.backup_task scheduled__2024-06-18T08:30:00+00:00 [running]> on host manisha-Inspiron-3580
[2024-06-18T14:33:47.435+0545] {taskinstance.py:2648} INFO - Exporting env vars: AIRFLOW_CTX_DAG_OWNER='manisha' AIRFLOW_CTX_DAG_ID='Backup_Database' AIRFLOW_CTX_TASK_ID='backup_task' AIRFLOW_CTX_EXECUTION_DATE='2024-06-18T08:30:00+00:00' AIRFLOW_CTX_TRY_NUMBER='2' AIRFLOW_CTX_DAG_RUN_ID='scheduled__2024-06-18T08:30:00+00:00'
[2024-06-18T14:33:47.437+0545] {taskinstance.py:430} INFO - ::endgroup::
[2024-06-18T14:33:47.480+0545] {subprocess.py:63} INFO - Tmp dir root location: /tmp
[2024-06-18T14:33:47.482+0545] {subprocess.py:75} INFO - Running command: ['/usr/bin/bash', '-c', '/home/manisha/airflow/bashScripts/backup.sh ']
[2024-06-18T14:33:47.509+0545] {subprocess.py:86} INFO - Output:
[2024-06-18T14:33:47.518+0545] {subprocess.py:93} INFO - mysqldump: [Warning] Using a password on the command line interface can be insecure.
[2024-06-18T14:33:47.527+0545] {subprocess.py:93} INFO - mysqldump: Error: 'Access denied; you need (at least one of) the PROCESS privilege(s) for this operation' when trying to dump tablespaces
[2024-06-18T14:33:47.861+0545] {subprocess.py:97} INFO - Command exited with return code 0
[2024-06-18T14:33:47.862+0545] {taskinstance.py:441} INFO - ::group::Post task execution logs
[2024-06-18T14:33:48.174+0545] {taskinstance.py:1206} INFO - Marking task as SUCCESS. dag_id=Backup_Database, task_id=backup_task, run_id=scheduled__2024-06-18T08:30:00+00:00, execution_date=20240618T083000, start_date=20240618T084846, end_date=20240618T084848
[2024-06-18T14:33:48.368+0545] {local_task_job_runner.py:240} INFO - Task exited with return code 0
[2024-06-18T14:33:48.431+0545] {taskinstance.py:3503} INFO - 1 downstream tasks scheduled from follow-on schedule check
[2024-06-18T14:33:48.591+0545] {local_task_job_runner.py:222} INFO - ::endgroup::
