[2024-06-19T08:25:59.078+0545] {local_task_job_runner.py:120} INFO - ::group::Pre task execution logs
[2024-06-19T08:25:59.105+0545] {taskinstance.py:2076} INFO - Dependencies all met for dep_context=non-requeueable deps ti=<TaskInstance: Backup_Database.backup_task scheduled__2024-06-19T02:30:00+00:00 [queued]>
[2024-06-19T08:25:59.113+0545] {taskinstance.py:2076} INFO - Dependencies all met for dep_context=requeueable deps ti=<TaskInstance: Backup_Database.backup_task scheduled__2024-06-19T02:30:00+00:00 [queued]>
[2024-06-19T08:25:59.113+0545] {taskinstance.py:2306} INFO - Starting attempt 1 of 2
[2024-06-19T08:25:59.185+0545] {taskinstance.py:2330} INFO - Executing <Task(BashOperator): backup_task> on 2024-06-19 02:30:00+00:00
[2024-06-19T08:25:59.187+0545] {standard_task_runner.py:63} INFO - Started process 3657 to run task
[2024-06-19T08:25:59.190+0545] {standard_task_runner.py:90} INFO - Running: ['airflow', 'tasks', 'run', 'Backup_Database', 'backup_task', 'scheduled__2024-06-19T02:30:00+00:00', '--job-id', '169', '--raw', '--subdir', 'DAGS_FOLDER/basic_dag.py', '--cfg-path', '/tmp/tmp7d8ls0bx']
[2024-06-19T08:25:59.191+0545] {standard_task_runner.py:91} INFO - Job 169: Subtask backup_task
[2024-06-19T08:25:59.293+0545] {task_command.py:426} INFO - Running <TaskInstance: Backup_Database.backup_task scheduled__2024-06-19T02:30:00+00:00 [running]> on host manisha-Inspiron-3580
[2024-06-19T08:25:59.558+0545] {taskinstance.py:2648} INFO - Exporting env vars: AIRFLOW_CTX_DAG_OWNER='manisha' AIRFLOW_CTX_DAG_ID='Backup_Database' AIRFLOW_CTX_TASK_ID='backup_task' AIRFLOW_CTX_EXECUTION_DATE='2024-06-19T02:30:00+00:00' AIRFLOW_CTX_TRY_NUMBER='1' AIRFLOW_CTX_DAG_RUN_ID='scheduled__2024-06-19T02:30:00+00:00'
[2024-06-19T08:25:59.559+0545] {taskinstance.py:430} INFO - ::endgroup::
[2024-06-19T08:25:59.599+0545] {subprocess.py:63} INFO - Tmp dir root location: /tmp
[2024-06-19T08:25:59.599+0545] {subprocess.py:75} INFO - Running command: ['/usr/bin/bash', '-c', '/home/manisha/airflow/bashScripts/backup.sh ']
[2024-06-19T08:25:59.605+0545] {subprocess.py:86} INFO - Output:
[2024-06-19T08:25:59.787+0545] {subprocess.py:93} INFO - mysql: [Warning] Using a password on the command line interface can be insecure.
[2024-06-19T08:26:00.149+0545] {subprocess.py:93} INFO - mysqldump: [Warning] Using a password on the command line interface can be insecure.
[2024-06-19T08:26:00.169+0545] {subprocess.py:93} INFO - mysqldump: Error: 'Access denied; you need (at least one of) the PROCESS privilege(s) for this operation' when trying to dump tablespaces
[2024-06-19T08:26:00.556+0545] {subprocess.py:93} INFO - Backup completed in 1 seconds
[2024-06-19T08:26:00.556+0545] {subprocess.py:93} INFO - Backup is Successfully done in location: /home/manisha/airflow/backup|Required Space: 0GB, Available Space: 428.22GB
[2024-06-19T08:26:00.556+0545] {subprocess.py:97} INFO - Command exited with return code 0
[2024-06-19T08:26:00.557+0545] {taskinstance.py:441} INFO - ::group::Post task execution logs
[2024-06-19T08:26:00.641+0545] {taskinstance.py:1206} INFO - Marking task as SUCCESS. dag_id=Backup_Database, task_id=backup_task, run_id=scheduled__2024-06-19T02:30:00+00:00, execution_date=20240619T023000, start_date=20240619T024059, end_date=20240619T024100
[2024-06-19T08:26:00.726+0545] {local_task_job_runner.py:240} INFO - Task exited with return code 0
[2024-06-19T08:26:00.763+0545] {taskinstance.py:3503} INFO - 1 downstream tasks scheduled from follow-on schedule check
[2024-06-19T08:26:00.821+0545] {local_task_job_runner.py:222} INFO - ::endgroup::
[2024-06-19T08:28:32.889+0545] {local_task_job_runner.py:120} INFO - ::group::Pre task execution logs
[2024-06-19T08:28:32.953+0545] {taskinstance.py:2076} INFO - Dependencies all met for dep_context=non-requeueable deps ti=<TaskInstance: Backup_Database.backup_task scheduled__2024-06-19T02:30:00+00:00 [queued]>
[2024-06-19T08:28:32.959+0545] {taskinstance.py:2076} INFO - Dependencies all met for dep_context=requeueable deps ti=<TaskInstance: Backup_Database.backup_task scheduled__2024-06-19T02:30:00+00:00 [queued]>
[2024-06-19T08:28:32.959+0545] {taskinstance.py:2306} INFO - Starting attempt 1 of 2
[2024-06-19T08:28:33.039+0545] {taskinstance.py:2330} INFO - Executing <Task(BashOperator): backup_task> on 2024-06-19 02:30:00+00:00
[2024-06-19T08:28:33.046+0545] {standard_task_runner.py:63} INFO - Started process 6563 to run task
[2024-06-19T08:28:33.054+0545] {standard_task_runner.py:90} INFO - Running: ['airflow', 'tasks', 'run', 'Backup_Database', 'backup_task', 'scheduled__2024-06-19T02:30:00+00:00', '--job-id', '173', '--raw', '--subdir', 'DAGS_FOLDER/basic_dag.py', '--cfg-path', '/tmp/tmpbbfsh_w9']
[2024-06-19T08:28:33.059+0545] {standard_task_runner.py:91} INFO - Job 173: Subtask backup_task
[2024-06-19T08:28:33.200+0545] {task_command.py:426} INFO - Running <TaskInstance: Backup_Database.backup_task scheduled__2024-06-19T02:30:00+00:00 [running]> on host manisha-Inspiron-3580
[2024-06-19T08:28:33.385+0545] {taskinstance.py:2648} INFO - Exporting env vars: AIRFLOW_CTX_DAG_OWNER='manisha' AIRFLOW_CTX_DAG_ID='Backup_Database' AIRFLOW_CTX_TASK_ID='backup_task' AIRFLOW_CTX_EXECUTION_DATE='2024-06-19T02:30:00+00:00' AIRFLOW_CTX_TRY_NUMBER='1' AIRFLOW_CTX_DAG_RUN_ID='scheduled__2024-06-19T02:30:00+00:00'
[2024-06-19T08:28:33.386+0545] {taskinstance.py:430} INFO - ::endgroup::
[2024-06-19T08:28:33.406+0545] {subprocess.py:63} INFO - Tmp dir root location: /tmp
[2024-06-19T08:28:33.407+0545] {subprocess.py:75} INFO - Running command: ['/usr/bin/bash', '-c', '/home/manisha/airflow/bashScripts/backup.sh ']
[2024-06-19T08:28:33.412+0545] {subprocess.py:86} INFO - Output:
[2024-06-19T08:28:33.416+0545] {subprocess.py:93} INFO - mysql: [Warning] Using a password on the command line interface can be insecure.
[2024-06-19T08:28:33.430+0545] {subprocess.py:93} INFO - mysqldump: [Warning] Using a password on the command line interface can be insecure.
[2024-06-19T08:28:33.435+0545] {subprocess.py:93} INFO - mysqldump: Error: 'Access denied; you need (at least one of) the PROCESS privilege(s) for this operation' when trying to dump tablespaces
[2024-06-19T08:28:33.588+0545] {subprocess.py:93} INFO - Backup completed in 0 seconds
[2024-06-19T08:28:33.588+0545] {subprocess.py:93} INFO - Backup is Successfully done in location: /home/manisha/airflow/backup|Required Space: 0GB, Available Space: 428.22GB
[2024-06-19T08:28:33.589+0545] {subprocess.py:97} INFO - Command exited with return code 0
[2024-06-19T08:28:33.589+0545] {taskinstance.py:441} INFO - ::group::Post task execution logs
[2024-06-19T08:28:33.680+0545] {taskinstance.py:1206} INFO - Marking task as SUCCESS. dag_id=Backup_Database, task_id=backup_task, run_id=scheduled__2024-06-19T02:30:00+00:00, execution_date=20240619T023000, start_date=20240619T024332, end_date=20240619T024333
[2024-06-19T08:28:33.788+0545] {local_task_job_runner.py:240} INFO - Task exited with return code 0
[2024-06-19T08:28:33.858+0545] {taskinstance.py:3503} INFO - 1 downstream tasks scheduled from follow-on schedule check
[2024-06-19T08:28:33.906+0545] {local_task_job_runner.py:222} INFO - ::endgroup::
