[2024-06-19T08:35:03.730+0545] {local_task_job_runner.py:120} INFO - ::group::Pre task execution logs
[2024-06-19T08:35:03.758+0545] {taskinstance.py:2076} INFO - Dependencies all met for dep_context=non-requeueable deps ti=<TaskInstance: Backup_Database.parse_task scheduled__2024-06-19T02:40:00+00:00 [queued]>
[2024-06-19T08:35:03.765+0545] {taskinstance.py:2076} INFO - Dependencies all met for dep_context=requeueable deps ti=<TaskInstance: Backup_Database.parse_task scheduled__2024-06-19T02:40:00+00:00 [queued]>
[2024-06-19T08:35:03.765+0545] {taskinstance.py:2306} INFO - Starting attempt 1 of 2
[2024-06-19T08:35:03.847+0545] {taskinstance.py:2330} INFO - Executing <Task(PythonOperator): parse_task> on 2024-06-19 02:40:00+00:00
[2024-06-19T08:35:03.854+0545] {standard_task_runner.py:63} INFO - Started process 11899 to run task
[2024-06-19T08:35:03.862+0545] {standard_task_runner.py:90} INFO - Running: ['airflow', 'tasks', 'run', 'Backup_Database', 'parse_task', 'scheduled__2024-06-19T02:40:00+00:00', '--job-id', '183', '--raw', '--subdir', 'DAGS_FOLDER/basic_dag.py', '--cfg-path', '/tmp/tmp64m9p9g7']
[2024-06-19T08:35:03.866+0545] {standard_task_runner.py:91} INFO - Job 183: Subtask parse_task
[2024-06-19T08:35:04.031+0545] {task_command.py:426} INFO - Running <TaskInstance: Backup_Database.parse_task scheduled__2024-06-19T02:40:00+00:00 [running]> on host manisha-Inspiron-3580
[2024-06-19T08:35:04.243+0545] {taskinstance.py:2648} INFO - Exporting env vars: AIRFLOW_CTX_DAG_OWNER='manisha' AIRFLOW_CTX_DAG_ID='Backup_Database' AIRFLOW_CTX_TASK_ID='parse_task' AIRFLOW_CTX_EXECUTION_DATE='2024-06-19T02:40:00+00:00' AIRFLOW_CTX_TRY_NUMBER='1' AIRFLOW_CTX_DAG_RUN_ID='scheduled__2024-06-19T02:40:00+00:00'
[2024-06-19T08:35:04.244+0545] {taskinstance.py:430} INFO - ::endgroup::
[2024-06-19T08:35:04.363+0545] {python.py:237} INFO - Done. Returned value was: None
[2024-06-19T08:35:04.365+0545] {taskinstance.py:441} INFO - ::group::Post task execution logs
[2024-06-19T08:35:04.406+0545] {taskinstance.py:1206} INFO - Marking task as SUCCESS. dag_id=Backup_Database, task_id=parse_task, run_id=scheduled__2024-06-19T02:40:00+00:00, execution_date=20240619T024000, start_date=20240619T025003, end_date=20240619T025004
[2024-06-19T08:35:04.516+0545] {local_task_job_runner.py:240} INFO - Task exited with return code 0
[2024-06-19T08:35:04.574+0545] {taskinstance.py:3503} INFO - 1 downstream tasks scheduled from follow-on schedule check
[2024-06-19T08:35:04.623+0545] {local_task_job_runner.py:222} INFO - ::endgroup::
[2024-06-19T08:36:30.789+0545] {local_task_job_runner.py:120} INFO - ::group::Pre task execution logs
[2024-06-19T08:36:30.829+0545] {taskinstance.py:2076} INFO - Dependencies all met for dep_context=non-requeueable deps ti=<TaskInstance: Backup_Database.parse_task scheduled__2024-06-19T02:40:00+00:00 [queued]>
[2024-06-19T08:36:30.837+0545] {taskinstance.py:2076} INFO - Dependencies all met for dep_context=requeueable deps ti=<TaskInstance: Backup_Database.parse_task scheduled__2024-06-19T02:40:00+00:00 [queued]>
[2024-06-19T08:36:30.837+0545] {taskinstance.py:2306} INFO - Starting attempt 1 of 2
[2024-06-19T08:36:30.897+0545] {taskinstance.py:2330} INFO - Executing <Task(PythonOperator): parse_task> on 2024-06-19 02:40:00+00:00
[2024-06-19T08:36:30.900+0545] {standard_task_runner.py:63} INFO - Started process 13007 to run task
[2024-06-19T08:36:30.905+0545] {standard_task_runner.py:90} INFO - Running: ['airflow', 'tasks', 'run', 'Backup_Database', 'parse_task', 'scheduled__2024-06-19T02:40:00+00:00', '--job-id', '188', '--raw', '--subdir', 'DAGS_FOLDER/basic_dag.py', '--cfg-path', '/tmp/tmpf_zfn4h2']
[2024-06-19T08:36:30.907+0545] {standard_task_runner.py:91} INFO - Job 188: Subtask parse_task
[2024-06-19T08:36:31.137+0545] {task_command.py:426} INFO - Running <TaskInstance: Backup_Database.parse_task scheduled__2024-06-19T02:40:00+00:00 [running]> on host manisha-Inspiron-3580
[2024-06-19T08:36:31.374+0545] {taskinstance.py:2648} INFO - Exporting env vars: AIRFLOW_CTX_DAG_OWNER='manisha' AIRFLOW_CTX_DAG_ID='Backup_Database' AIRFLOW_CTX_TASK_ID='parse_task' AIRFLOW_CTX_EXECUTION_DATE='2024-06-19T02:40:00+00:00' AIRFLOW_CTX_TRY_NUMBER='1' AIRFLOW_CTX_DAG_RUN_ID='scheduled__2024-06-19T02:40:00+00:00'
[2024-06-19T08:36:31.375+0545] {taskinstance.py:430} INFO - ::endgroup::
[2024-06-19T08:36:31.505+0545] {python.py:237} INFO - Done. Returned value was: None
[2024-06-19T08:36:31.506+0545] {taskinstance.py:441} INFO - ::group::Post task execution logs
[2024-06-19T08:36:31.540+0545] {taskinstance.py:1206} INFO - Marking task as SUCCESS. dag_id=Backup_Database, task_id=parse_task, run_id=scheduled__2024-06-19T02:40:00+00:00, execution_date=20240619T024000, start_date=20240619T025130, end_date=20240619T025131
[2024-06-19T08:36:31.640+0545] {local_task_job_runner.py:240} INFO - Task exited with return code 0
[2024-06-19T08:36:31.699+0545] {taskinstance.py:3503} INFO - 1 downstream tasks scheduled from follow-on schedule check
[2024-06-19T08:36:31.788+0545] {local_task_job_runner.py:222} INFO - ::endgroup::
[2024-06-19T08:39:34.399+0545] {local_task_job_runner.py:120} INFO - ::group::Pre task execution logs
[2024-06-19T08:39:34.455+0545] {taskinstance.py:2076} INFO - Dependencies all met for dep_context=non-requeueable deps ti=<TaskInstance: Backup_Database.parse_task scheduled__2024-06-19T02:40:00+00:00 [queued]>
[2024-06-19T08:39:34.482+0545] {taskinstance.py:2076} INFO - Dependencies all met for dep_context=requeueable deps ti=<TaskInstance: Backup_Database.parse_task scheduled__2024-06-19T02:40:00+00:00 [queued]>
[2024-06-19T08:39:34.483+0545] {taskinstance.py:2306} INFO - Starting attempt 1 of 2
[2024-06-19T08:39:34.584+0545] {taskinstance.py:2330} INFO - Executing <Task(PythonOperator): parse_task> on 2024-06-19 02:40:00+00:00
[2024-06-19T08:39:34.592+0545] {standard_task_runner.py:63} INFO - Started process 14537 to run task
[2024-06-19T08:39:34.599+0545] {standard_task_runner.py:90} INFO - Running: ['airflow', 'tasks', 'run', 'Backup_Database', 'parse_task', 'scheduled__2024-06-19T02:40:00+00:00', '--job-id', '196', '--raw', '--subdir', 'DAGS_FOLDER/basic_dag.py', '--cfg-path', '/tmp/tmp6uuq4msy']
[2024-06-19T08:39:34.604+0545] {standard_task_runner.py:91} INFO - Job 196: Subtask parse_task
[2024-06-19T08:39:34.846+0545] {task_command.py:426} INFO - Running <TaskInstance: Backup_Database.parse_task scheduled__2024-06-19T02:40:00+00:00 [running]> on host manisha-Inspiron-3580
[2024-06-19T08:39:35.117+0545] {taskinstance.py:2648} INFO - Exporting env vars: AIRFLOW_CTX_DAG_OWNER='manisha' AIRFLOW_CTX_DAG_ID='Backup_Database' AIRFLOW_CTX_TASK_ID='parse_task' AIRFLOW_CTX_EXECUTION_DATE='2024-06-19T02:40:00+00:00' AIRFLOW_CTX_TRY_NUMBER='1' AIRFLOW_CTX_DAG_RUN_ID='scheduled__2024-06-19T02:40:00+00:00'
[2024-06-19T08:39:35.118+0545] {taskinstance.py:430} INFO - ::endgroup::
[2024-06-19T08:39:35.226+0545] {python.py:237} INFO - Done. Returned value was: None
[2024-06-19T08:39:35.226+0545] {taskinstance.py:441} INFO - ::group::Post task execution logs
[2024-06-19T08:39:35.251+0545] {taskinstance.py:1206} INFO - Marking task as SUCCESS. dag_id=Backup_Database, task_id=parse_task, run_id=scheduled__2024-06-19T02:40:00+00:00, execution_date=20240619T024000, start_date=20240619T025434, end_date=20240619T025435
[2024-06-19T08:39:35.379+0545] {local_task_job_runner.py:240} INFO - Task exited with return code 0
[2024-06-19T08:39:35.420+0545] {taskinstance.py:3503} INFO - 1 downstream tasks scheduled from follow-on schedule check
[2024-06-19T08:39:35.465+0545] {local_task_job_runner.py:222} INFO - ::endgroup::
[2024-06-19T08:42:07.812+0545] {local_task_job_runner.py:120} INFO - ::group::Pre task execution logs
[2024-06-19T08:42:07.876+0545] {taskinstance.py:2076} INFO - Dependencies all met for dep_context=non-requeueable deps ti=<TaskInstance: Backup_Database.parse_task scheduled__2024-06-19T02:40:00+00:00 [queued]>
[2024-06-19T08:42:07.893+0545] {taskinstance.py:2076} INFO - Dependencies all met for dep_context=requeueable deps ti=<TaskInstance: Backup_Database.parse_task scheduled__2024-06-19T02:40:00+00:00 [queued]>
[2024-06-19T08:42:07.893+0545] {taskinstance.py:2306} INFO - Starting attempt 1 of 2
[2024-06-19T08:42:07.991+0545] {taskinstance.py:2330} INFO - Executing <Task(PythonOperator): parse_task> on 2024-06-19 02:40:00+00:00
[2024-06-19T08:42:07.994+0545] {standard_task_runner.py:63} INFO - Started process 15820 to run task
[2024-06-19T08:42:08.001+0545] {standard_task_runner.py:90} INFO - Running: ['airflow', 'tasks', 'run', 'Backup_Database', 'parse_task', 'scheduled__2024-06-19T02:40:00+00:00', '--job-id', '204', '--raw', '--subdir', 'DAGS_FOLDER/basic_dag.py', '--cfg-path', '/tmp/tmp326cttol']
[2024-06-19T08:42:08.004+0545] {standard_task_runner.py:91} INFO - Job 204: Subtask parse_task
[2024-06-19T08:42:08.177+0545] {task_command.py:426} INFO - Running <TaskInstance: Backup_Database.parse_task scheduled__2024-06-19T02:40:00+00:00 [running]> on host manisha-Inspiron-3580
[2024-06-19T08:42:08.545+0545] {taskinstance.py:2648} INFO - Exporting env vars: AIRFLOW_CTX_DAG_OWNER='manisha' AIRFLOW_CTX_DAG_ID='Backup_Database' AIRFLOW_CTX_TASK_ID='parse_task' AIRFLOW_CTX_EXECUTION_DATE='2024-06-19T02:40:00+00:00' AIRFLOW_CTX_TRY_NUMBER='1' AIRFLOW_CTX_DAG_RUN_ID='scheduled__2024-06-19T02:40:00+00:00'
[2024-06-19T08:42:08.547+0545] {taskinstance.py:430} INFO - ::endgroup::
[2024-06-19T08:42:08.676+0545] {python.py:237} INFO - Done. Returned value was: None
[2024-06-19T08:42:08.676+0545] {taskinstance.py:441} INFO - ::group::Post task execution logs
[2024-06-19T08:42:08.698+0545] {taskinstance.py:1206} INFO - Marking task as SUCCESS. dag_id=Backup_Database, task_id=parse_task, run_id=scheduled__2024-06-19T02:40:00+00:00, execution_date=20240619T024000, start_date=20240619T025707, end_date=20240619T025708
[2024-06-19T08:42:08.814+0545] {local_task_job_runner.py:240} INFO - Task exited with return code 0
[2024-06-19T08:42:08.874+0545] {taskinstance.py:3503} INFO - 1 downstream tasks scheduled from follow-on schedule check
[2024-06-19T08:42:08.951+0545] {local_task_job_runner.py:222} INFO - ::endgroup::
