[2024-06-18T10:57:19.700+0545] {processor.py:161} INFO - Started process (PID=4047) to work on /home/manisha/airflow_env/lib/python3.10/site-packages/airflow/example_dags/example_external_task_marker_dag.py
[2024-06-18T10:57:19.700+0545] {processor.py:830} INFO - Processing file /home/manisha/airflow_env/lib/python3.10/site-packages/airflow/example_dags/example_external_task_marker_dag.py for tasks to queue
[2024-06-18T10:57:19.704+0545] {logging_mixin.py:188} INFO - [2024-06-18T10:57:19.704+0545] {dagbag.py:545} INFO - Filling up the DagBag from /home/manisha/airflow_env/lib/python3.10/site-packages/airflow/example_dags/example_external_task_marker_dag.py
[2024-06-18T10:57:19.710+0545] {processor.py:840} INFO - DAG(s) 'example_external_task_marker_parent', 'example_external_task_marker_child' retrieved from /home/manisha/airflow_env/lib/python3.10/site-packages/airflow/example_dags/example_external_task_marker_dag.py
[2024-06-18T10:57:19.889+0545] {logging_mixin.py:188} INFO - [2024-06-18T10:57:19.887+0545] {override.py:1829} INFO - Created Permission View: can edit on DAG:example_external_task_marker_parent
[2024-06-18T10:57:19.979+0545] {logging_mixin.py:188} INFO - [2024-06-18T10:57:19.977+0545] {override.py:1829} INFO - Created Permission View: can read on DAG:example_external_task_marker_parent
[2024-06-18T10:57:20.047+0545] {logging_mixin.py:188} INFO - [2024-06-18T10:57:20.045+0545] {override.py:1829} INFO - Created Permission View: can delete on DAG:example_external_task_marker_parent
[2024-06-18T10:57:20.193+0545] {logging_mixin.py:188} INFO - [2024-06-18T10:57:20.192+0545] {override.py:1829} INFO - Created Permission View: can edit on DAG:example_external_task_marker_child
[2024-06-18T10:57:20.261+0545] {logging_mixin.py:188} INFO - [2024-06-18T10:57:20.259+0545] {override.py:1829} INFO - Created Permission View: can read on DAG:example_external_task_marker_child
[2024-06-18T10:57:20.319+0545] {logging_mixin.py:188} INFO - [2024-06-18T10:57:20.317+0545] {override.py:1829} INFO - Created Permission View: can delete on DAG:example_external_task_marker_child
[2024-06-18T10:57:20.321+0545] {logging_mixin.py:188} INFO - [2024-06-18T10:57:20.320+0545] {dag.py:3096} INFO - Sync 2 DAGs
[2024-06-18T10:57:20.357+0545] {logging_mixin.py:188} INFO - [2024-06-18T10:57:20.357+0545] {dag.py:3118} INFO - Creating ORM DAG for example_external_task_marker_child
[2024-06-18T10:57:20.358+0545] {logging_mixin.py:188} INFO - [2024-06-18T10:57:20.358+0545] {dag.py:3118} INFO - Creating ORM DAG for example_external_task_marker_parent
[2024-06-18T10:57:20.359+0545] {logging_mixin.py:188} INFO - [2024-06-18T10:57:20.359+0545] {dag.py:3954} INFO - Setting next_dagrun for example_external_task_marker_child to None, run_after=None
[2024-06-18T10:57:20.360+0545] {logging_mixin.py:188} INFO - [2024-06-18T10:57:20.360+0545] {dag.py:3954} INFO - Setting next_dagrun for example_external_task_marker_parent to None, run_after=None
[2024-06-18T10:57:20.462+0545] {processor.py:183} INFO - Processing /home/manisha/airflow_env/lib/python3.10/site-packages/airflow/example_dags/example_external_task_marker_dag.py took 0.768 seconds
[2024-06-18T10:58:34.451+0545] {processor.py:161} INFO - Started process (PID=4163) to work on /home/manisha/airflow_env/lib/python3.10/site-packages/airflow/example_dags/example_external_task_marker_dag.py
[2024-06-18T10:58:34.480+0545] {processor.py:830} INFO - Processing file /home/manisha/airflow_env/lib/python3.10/site-packages/airflow/example_dags/example_external_task_marker_dag.py for tasks to queue
[2024-06-18T10:58:34.483+0545] {logging_mixin.py:188} INFO - [2024-06-18T10:58:34.483+0545] {dagbag.py:545} INFO - Filling up the DagBag from /home/manisha/airflow_env/lib/python3.10/site-packages/airflow/example_dags/example_external_task_marker_dag.py
[2024-06-18T10:58:34.500+0545] {processor.py:840} INFO - DAG(s) 'example_external_task_marker_parent', 'example_external_task_marker_child' retrieved from /home/manisha/airflow_env/lib/python3.10/site-packages/airflow/example_dags/example_external_task_marker_dag.py
[2024-06-18T10:58:34.529+0545] {logging_mixin.py:188} INFO - [2024-06-18T10:58:34.529+0545] {dag.py:3096} INFO - Sync 2 DAGs
[2024-06-18T10:58:34.540+0545] {logging_mixin.py:188} INFO - [2024-06-18T10:58:34.540+0545] {dag.py:3954} INFO - Setting next_dagrun for example_external_task_marker_child to None, run_after=None
[2024-06-18T10:58:34.543+0545] {logging_mixin.py:188} INFO - [2024-06-18T10:58:34.542+0545] {dag.py:3954} INFO - Setting next_dagrun for example_external_task_marker_parent to None, run_after=None
[2024-06-18T10:58:34.661+0545] {processor.py:183} INFO - Processing /home/manisha/airflow_env/lib/python3.10/site-packages/airflow/example_dags/example_external_task_marker_dag.py took 0.216 seconds
[2024-06-18T10:59:37.416+0545] {processor.py:161} INFO - Started process (PID=4216) to work on /home/manisha/airflow_env/lib/python3.10/site-packages/airflow/example_dags/example_external_task_marker_dag.py
[2024-06-18T10:59:37.449+0545] {processor.py:830} INFO - Processing file /home/manisha/airflow_env/lib/python3.10/site-packages/airflow/example_dags/example_external_task_marker_dag.py for tasks to queue
[2024-06-18T10:59:37.454+0545] {logging_mixin.py:188} INFO - [2024-06-18T10:59:37.453+0545] {dagbag.py:545} INFO - Filling up the DagBag from /home/manisha/airflow_env/lib/python3.10/site-packages/airflow/example_dags/example_external_task_marker_dag.py
[2024-06-18T10:59:37.476+0545] {processor.py:840} INFO - DAG(s) 'example_external_task_marker_child', 'example_external_task_marker_parent' retrieved from /home/manisha/airflow_env/lib/python3.10/site-packages/airflow/example_dags/example_external_task_marker_dag.py
[2024-06-18T10:59:37.503+0545] {logging_mixin.py:188} INFO - [2024-06-18T10:59:37.503+0545] {dag.py:3096} INFO - Sync 2 DAGs
[2024-06-18T10:59:37.515+0545] {logging_mixin.py:188} INFO - [2024-06-18T10:59:37.514+0545] {dag.py:3954} INFO - Setting next_dagrun for example_external_task_marker_child to None, run_after=None
[2024-06-18T10:59:37.518+0545] {logging_mixin.py:188} INFO - [2024-06-18T10:59:37.518+0545] {dag.py:3954} INFO - Setting next_dagrun for example_external_task_marker_parent to None, run_after=None
[2024-06-18T10:59:37.769+0545] {processor.py:183} INFO - Processing /home/manisha/airflow_env/lib/python3.10/site-packages/airflow/example_dags/example_external_task_marker_dag.py took 0.359 seconds
[2024-06-18T11:00:40.682+0545] {processor.py:161} INFO - Started process (PID=4358) to work on /home/manisha/airflow_env/lib/python3.10/site-packages/airflow/example_dags/example_external_task_marker_dag.py
[2024-06-18T11:00:40.717+0545] {processor.py:830} INFO - Processing file /home/manisha/airflow_env/lib/python3.10/site-packages/airflow/example_dags/example_external_task_marker_dag.py for tasks to queue
[2024-06-18T11:00:40.723+0545] {logging_mixin.py:188} INFO - [2024-06-18T11:00:40.722+0545] {dagbag.py:545} INFO - Filling up the DagBag from /home/manisha/airflow_env/lib/python3.10/site-packages/airflow/example_dags/example_external_task_marker_dag.py
[2024-06-18T11:00:40.746+0545] {processor.py:840} INFO - DAG(s) 'example_external_task_marker_parent', 'example_external_task_marker_child' retrieved from /home/manisha/airflow_env/lib/python3.10/site-packages/airflow/example_dags/example_external_task_marker_dag.py
[2024-06-18T11:00:40.771+0545] {logging_mixin.py:188} INFO - [2024-06-18T11:00:40.770+0545] {dag.py:3096} INFO - Sync 2 DAGs
[2024-06-18T11:00:40.781+0545] {logging_mixin.py:188} INFO - [2024-06-18T11:00:40.781+0545] {dag.py:3954} INFO - Setting next_dagrun for example_external_task_marker_child to None, run_after=None
[2024-06-18T11:00:40.784+0545] {logging_mixin.py:188} INFO - [2024-06-18T11:00:40.784+0545] {dag.py:3954} INFO - Setting next_dagrun for example_external_task_marker_parent to None, run_after=None
[2024-06-18T11:00:40.884+0545] {processor.py:183} INFO - Processing /home/manisha/airflow_env/lib/python3.10/site-packages/airflow/example_dags/example_external_task_marker_dag.py took 0.209 seconds
[2024-06-18T11:01:41.390+0545] {processor.py:161} INFO - Started process (PID=4411) to work on /home/manisha/airflow_env/lib/python3.10/site-packages/airflow/example_dags/example_external_task_marker_dag.py
[2024-06-18T11:01:41.429+0545] {processor.py:830} INFO - Processing file /home/manisha/airflow_env/lib/python3.10/site-packages/airflow/example_dags/example_external_task_marker_dag.py for tasks to queue
[2024-06-18T11:01:41.434+0545] {logging_mixin.py:188} INFO - [2024-06-18T11:01:41.432+0545] {dagbag.py:545} INFO - Filling up the DagBag from /home/manisha/airflow_env/lib/python3.10/site-packages/airflow/example_dags/example_external_task_marker_dag.py
[2024-06-18T11:01:41.453+0545] {processor.py:840} INFO - DAG(s) 'example_external_task_marker_child', 'example_external_task_marker_parent' retrieved from /home/manisha/airflow_env/lib/python3.10/site-packages/airflow/example_dags/example_external_task_marker_dag.py
[2024-06-18T11:01:41.478+0545] {logging_mixin.py:188} INFO - [2024-06-18T11:01:41.478+0545] {dag.py:3096} INFO - Sync 2 DAGs
[2024-06-18T11:01:41.491+0545] {logging_mixin.py:188} INFO - [2024-06-18T11:01:41.490+0545] {dag.py:3954} INFO - Setting next_dagrun for example_external_task_marker_child to None, run_after=None
[2024-06-18T11:01:41.494+0545] {logging_mixin.py:188} INFO - [2024-06-18T11:01:41.494+0545] {dag.py:3954} INFO - Setting next_dagrun for example_external_task_marker_parent to None, run_after=None
[2024-06-18T11:01:41.598+0545] {processor.py:183} INFO - Processing /home/manisha/airflow_env/lib/python3.10/site-packages/airflow/example_dags/example_external_task_marker_dag.py took 0.228 seconds
[2024-06-18T11:02:40.376+0545] {processor.py:161} INFO - Started process (PID=4463) to work on /home/manisha/airflow_env/lib/python3.10/site-packages/airflow/example_dags/example_external_task_marker_dag.py
[2024-06-18T11:02:40.377+0545] {processor.py:830} INFO - Processing file /home/manisha/airflow_env/lib/python3.10/site-packages/airflow/example_dags/example_external_task_marker_dag.py for tasks to queue
[2024-06-18T11:02:40.379+0545] {logging_mixin.py:188} INFO - [2024-06-18T11:02:40.379+0545] {dagbag.py:545} INFO - Filling up the DagBag from /home/manisha/airflow_env/lib/python3.10/site-packages/airflow/example_dags/example_external_task_marker_dag.py
[2024-06-18T11:02:40.386+0545] {processor.py:840} INFO - DAG(s) 'example_external_task_marker_parent', 'example_external_task_marker_child' retrieved from /home/manisha/airflow_env/lib/python3.10/site-packages/airflow/example_dags/example_external_task_marker_dag.py
[2024-06-18T11:02:40.405+0545] {logging_mixin.py:188} INFO - [2024-06-18T11:02:40.405+0545] {dag.py:3096} INFO - Sync 2 DAGs
[2024-06-18T11:02:40.417+0545] {logging_mixin.py:188} INFO - [2024-06-18T11:02:40.416+0545] {dag.py:3954} INFO - Setting next_dagrun for example_external_task_marker_child to None, run_after=None
[2024-06-18T11:02:40.420+0545] {logging_mixin.py:188} INFO - [2024-06-18T11:02:40.420+0545] {dag.py:3954} INFO - Setting next_dagrun for example_external_task_marker_parent to None, run_after=None
[2024-06-18T11:02:40.547+0545] {processor.py:183} INFO - Processing /home/manisha/airflow_env/lib/python3.10/site-packages/airflow/example_dags/example_external_task_marker_dag.py took 0.177 seconds
[2024-06-18T11:03:39.553+0545] {processor.py:161} INFO - Started process (PID=4516) to work on /home/manisha/airflow_env/lib/python3.10/site-packages/airflow/example_dags/example_external_task_marker_dag.py
[2024-06-18T11:03:39.556+0545] {processor.py:830} INFO - Processing file /home/manisha/airflow_env/lib/python3.10/site-packages/airflow/example_dags/example_external_task_marker_dag.py for tasks to queue
[2024-06-18T11:03:39.559+0545] {logging_mixin.py:188} INFO - [2024-06-18T11:03:39.558+0545] {dagbag.py:545} INFO - Filling up the DagBag from /home/manisha/airflow_env/lib/python3.10/site-packages/airflow/example_dags/example_external_task_marker_dag.py
[2024-06-18T11:03:39.569+0545] {processor.py:840} INFO - DAG(s) 'example_external_task_marker_child', 'example_external_task_marker_parent' retrieved from /home/manisha/airflow_env/lib/python3.10/site-packages/airflow/example_dags/example_external_task_marker_dag.py
[2024-06-18T11:03:39.588+0545] {logging_mixin.py:188} INFO - [2024-06-18T11:03:39.587+0545] {dag.py:3096} INFO - Sync 2 DAGs
[2024-06-18T11:03:39.600+0545] {logging_mixin.py:188} INFO - [2024-06-18T11:03:39.600+0545] {dag.py:3954} INFO - Setting next_dagrun for example_external_task_marker_child to None, run_after=None
[2024-06-18T11:03:39.604+0545] {logging_mixin.py:188} INFO - [2024-06-18T11:03:39.603+0545] {dag.py:3954} INFO - Setting next_dagrun for example_external_task_marker_parent to None, run_after=None
[2024-06-18T11:03:39.719+0545] {processor.py:183} INFO - Processing /home/manisha/airflow_env/lib/python3.10/site-packages/airflow/example_dags/example_external_task_marker_dag.py took 0.184 seconds
[2024-06-18T11:04:40.972+0545] {processor.py:161} INFO - Started process (PID=4574) to work on /home/manisha/airflow_env/lib/python3.10/site-packages/airflow/example_dags/example_external_task_marker_dag.py
[2024-06-18T11:04:40.974+0545] {processor.py:830} INFO - Processing file /home/manisha/airflow_env/lib/python3.10/site-packages/airflow/example_dags/example_external_task_marker_dag.py for tasks to queue
[2024-06-18T11:04:40.975+0545] {logging_mixin.py:188} INFO - [2024-06-18T11:04:40.975+0545] {dagbag.py:545} INFO - Filling up the DagBag from /home/manisha/airflow_env/lib/python3.10/site-packages/airflow/example_dags/example_external_task_marker_dag.py
[2024-06-18T11:04:40.981+0545] {processor.py:840} INFO - DAG(s) 'example_external_task_marker_parent', 'example_external_task_marker_child' retrieved from /home/manisha/airflow_env/lib/python3.10/site-packages/airflow/example_dags/example_external_task_marker_dag.py
[2024-06-18T11:04:40.997+0545] {logging_mixin.py:188} INFO - [2024-06-18T11:04:40.997+0545] {dag.py:3096} INFO - Sync 2 DAGs
[2024-06-18T11:04:41.008+0545] {logging_mixin.py:188} INFO - [2024-06-18T11:04:41.008+0545] {dag.py:3954} INFO - Setting next_dagrun for example_external_task_marker_child to None, run_after=None
[2024-06-18T11:04:41.011+0545] {logging_mixin.py:188} INFO - [2024-06-18T11:04:41.011+0545] {dag.py:3954} INFO - Setting next_dagrun for example_external_task_marker_parent to None, run_after=None
[2024-06-18T11:04:41.135+0545] {processor.py:183} INFO - Processing /home/manisha/airflow_env/lib/python3.10/site-packages/airflow/example_dags/example_external_task_marker_dag.py took 0.167 seconds
[2024-06-18T11:06:24.801+0545] {processor.py:161} INFO - Started process (PID=4788) to work on /home/manisha/airflow_env/lib/python3.10/site-packages/airflow/example_dags/example_external_task_marker_dag.py
[2024-06-18T11:06:24.803+0545] {processor.py:830} INFO - Processing file /home/manisha/airflow_env/lib/python3.10/site-packages/airflow/example_dags/example_external_task_marker_dag.py for tasks to queue
[2024-06-18T11:06:24.805+0545] {logging_mixin.py:188} INFO - [2024-06-18T11:06:24.804+0545] {dagbag.py:545} INFO - Filling up the DagBag from /home/manisha/airflow_env/lib/python3.10/site-packages/airflow/example_dags/example_external_task_marker_dag.py
[2024-06-18T11:06:24.812+0545] {processor.py:840} INFO - DAG(s) 'example_external_task_marker_child', 'example_external_task_marker_parent' retrieved from /home/manisha/airflow_env/lib/python3.10/site-packages/airflow/example_dags/example_external_task_marker_dag.py
[2024-06-18T11:06:24.834+0545] {logging_mixin.py:188} INFO - [2024-06-18T11:06:24.833+0545] {dag.py:3096} INFO - Sync 2 DAGs
[2024-06-18T11:06:24.846+0545] {logging_mixin.py:188} INFO - [2024-06-18T11:06:24.846+0545] {dag.py:3954} INFO - Setting next_dagrun for example_external_task_marker_child to None, run_after=None
[2024-06-18T11:06:24.849+0545] {logging_mixin.py:188} INFO - [2024-06-18T11:06:24.849+0545] {dag.py:3954} INFO - Setting next_dagrun for example_external_task_marker_parent to None, run_after=None
[2024-06-18T11:06:24.946+0545] {processor.py:183} INFO - Processing /home/manisha/airflow_env/lib/python3.10/site-packages/airflow/example_dags/example_external_task_marker_dag.py took 0.151 seconds
[2024-06-18T11:07:24.123+0545] {processor.py:161} INFO - Started process (PID=4936) to work on /home/manisha/airflow_env/lib/python3.10/site-packages/airflow/example_dags/example_external_task_marker_dag.py
[2024-06-18T11:07:24.125+0545] {processor.py:830} INFO - Processing file /home/manisha/airflow_env/lib/python3.10/site-packages/airflow/example_dags/example_external_task_marker_dag.py for tasks to queue
[2024-06-18T11:07:24.130+0545] {logging_mixin.py:188} INFO - [2024-06-18T11:07:24.129+0545] {dagbag.py:545} INFO - Filling up the DagBag from /home/manisha/airflow_env/lib/python3.10/site-packages/airflow/example_dags/example_external_task_marker_dag.py
[2024-06-18T11:07:24.148+0545] {processor.py:840} INFO - DAG(s) 'example_external_task_marker_child', 'example_external_task_marker_parent' retrieved from /home/manisha/airflow_env/lib/python3.10/site-packages/airflow/example_dags/example_external_task_marker_dag.py
[2024-06-18T11:07:24.170+0545] {logging_mixin.py:188} INFO - [2024-06-18T11:07:24.170+0545] {dag.py:3096} INFO - Sync 2 DAGs
[2024-06-18T11:07:24.181+0545] {logging_mixin.py:188} INFO - [2024-06-18T11:07:24.181+0545] {dag.py:3954} INFO - Setting next_dagrun for example_external_task_marker_child to None, run_after=None
[2024-06-18T11:07:24.184+0545] {logging_mixin.py:188} INFO - [2024-06-18T11:07:24.184+0545] {dag.py:3954} INFO - Setting next_dagrun for example_external_task_marker_parent to None, run_after=None
[2024-06-18T11:07:24.287+0545] {processor.py:183} INFO - Processing /home/manisha/airflow_env/lib/python3.10/site-packages/airflow/example_dags/example_external_task_marker_dag.py took 0.171 seconds
[2024-06-18T11:08:21.113+0545] {processor.py:161} INFO - Started process (PID=5148) to work on /home/manisha/airflow_env/lib/python3.10/site-packages/airflow/example_dags/example_external_task_marker_dag.py
[2024-06-18T11:08:21.153+0545] {processor.py:830} INFO - Processing file /home/manisha/airflow_env/lib/python3.10/site-packages/airflow/example_dags/example_external_task_marker_dag.py for tasks to queue
[2024-06-18T11:08:21.157+0545] {logging_mixin.py:188} INFO - [2024-06-18T11:08:21.157+0545] {dagbag.py:545} INFO - Filling up the DagBag from /home/manisha/airflow_env/lib/python3.10/site-packages/airflow/example_dags/example_external_task_marker_dag.py
[2024-06-18T11:08:21.170+0545] {processor.py:840} INFO - DAG(s) 'example_external_task_marker_child', 'example_external_task_marker_parent' retrieved from /home/manisha/airflow_env/lib/python3.10/site-packages/airflow/example_dags/example_external_task_marker_dag.py
[2024-06-18T11:08:21.193+0545] {logging_mixin.py:188} INFO - [2024-06-18T11:08:21.193+0545] {dag.py:3096} INFO - Sync 2 DAGs
[2024-06-18T11:08:21.206+0545] {logging_mixin.py:188} INFO - [2024-06-18T11:08:21.206+0545] {dag.py:3954} INFO - Setting next_dagrun for example_external_task_marker_child to None, run_after=None
[2024-06-18T11:08:21.213+0545] {logging_mixin.py:188} INFO - [2024-06-18T11:08:21.212+0545] {dag.py:3954} INFO - Setting next_dagrun for example_external_task_marker_parent to None, run_after=None
[2024-06-18T11:08:21.921+0545] {processor.py:183} INFO - Processing /home/manisha/airflow_env/lib/python3.10/site-packages/airflow/example_dags/example_external_task_marker_dag.py took 0.820 seconds
[2024-06-18T11:09:22.926+0545] {processor.py:161} INFO - Started process (PID=5636) to work on /home/manisha/airflow_env/lib/python3.10/site-packages/airflow/example_dags/example_external_task_marker_dag.py
[2024-06-18T11:09:22.961+0545] {processor.py:830} INFO - Processing file /home/manisha/airflow_env/lib/python3.10/site-packages/airflow/example_dags/example_external_task_marker_dag.py for tasks to queue
[2024-06-18T11:09:22.965+0545] {logging_mixin.py:188} INFO - [2024-06-18T11:09:22.964+0545] {dagbag.py:545} INFO - Filling up the DagBag from /home/manisha/airflow_env/lib/python3.10/site-packages/airflow/example_dags/example_external_task_marker_dag.py
[2024-06-18T11:09:22.980+0545] {processor.py:840} INFO - DAG(s) 'example_external_task_marker_child', 'example_external_task_marker_parent' retrieved from /home/manisha/airflow_env/lib/python3.10/site-packages/airflow/example_dags/example_external_task_marker_dag.py
[2024-06-18T11:09:23.005+0545] {logging_mixin.py:188} INFO - [2024-06-18T11:09:23.005+0545] {dag.py:3096} INFO - Sync 2 DAGs
[2024-06-18T11:09:23.016+0545] {logging_mixin.py:188} INFO - [2024-06-18T11:09:23.016+0545] {dag.py:3954} INFO - Setting next_dagrun for example_external_task_marker_child to None, run_after=None
[2024-06-18T11:09:23.019+0545] {logging_mixin.py:188} INFO - [2024-06-18T11:09:23.019+0545] {dag.py:3954} INFO - Setting next_dagrun for example_external_task_marker_parent to None, run_after=None
[2024-06-18T11:09:23.092+0545] {processor.py:183} INFO - Processing /home/manisha/airflow_env/lib/python3.10/site-packages/airflow/example_dags/example_external_task_marker_dag.py took 0.174 seconds
[2024-06-18T11:44:01.342+0545] {processor.py:161} INFO - Started process (PID=8324) to work on /home/manisha/airflow_env/lib/python3.10/site-packages/airflow/example_dags/example_external_task_marker_dag.py
[2024-06-18T11:44:01.344+0545] {processor.py:830} INFO - Processing file /home/manisha/airflow_env/lib/python3.10/site-packages/airflow/example_dags/example_external_task_marker_dag.py for tasks to queue
[2024-06-18T11:44:01.346+0545] {logging_mixin.py:188} INFO - [2024-06-18T11:44:01.345+0545] {dagbag.py:545} INFO - Filling up the DagBag from /home/manisha/airflow_env/lib/python3.10/site-packages/airflow/example_dags/example_external_task_marker_dag.py
[2024-06-18T11:44:01.352+0545] {processor.py:840} INFO - DAG(s) 'example_external_task_marker_parent', 'example_external_task_marker_child' retrieved from /home/manisha/airflow_env/lib/python3.10/site-packages/airflow/example_dags/example_external_task_marker_dag.py
[2024-06-18T11:44:01.369+0545] {logging_mixin.py:188} INFO - [2024-06-18T11:44:01.369+0545] {dag.py:3096} INFO - Sync 2 DAGs
[2024-06-18T11:44:01.381+0545] {logging_mixin.py:188} INFO - [2024-06-18T11:44:01.380+0545] {dag.py:3954} INFO - Setting next_dagrun for example_external_task_marker_child to None, run_after=None
[2024-06-18T11:44:01.384+0545] {logging_mixin.py:188} INFO - [2024-06-18T11:44:01.384+0545] {dag.py:3954} INFO - Setting next_dagrun for example_external_task_marker_parent to None, run_after=None
[2024-06-18T11:44:01.620+0545] {processor.py:183} INFO - Processing /home/manisha/airflow_env/lib/python3.10/site-packages/airflow/example_dags/example_external_task_marker_dag.py took 0.283 seconds
[2024-06-18T11:44:34.766+0545] {processor.py:161} INFO - Started process (PID=8380) to work on /home/manisha/airflow_env/lib/python3.10/site-packages/airflow/example_dags/example_external_task_marker_dag.py
[2024-06-18T11:44:34.771+0545] {processor.py:830} INFO - Processing file /home/manisha/airflow_env/lib/python3.10/site-packages/airflow/example_dags/example_external_task_marker_dag.py for tasks to queue
[2024-06-18T11:44:34.772+0545] {logging_mixin.py:188} INFO - [2024-06-18T11:44:34.772+0545] {dagbag.py:545} INFO - Filling up the DagBag from /home/manisha/airflow_env/lib/python3.10/site-packages/airflow/example_dags/example_external_task_marker_dag.py
[2024-06-18T11:44:34.777+0545] {processor.py:840} INFO - DAG(s) 'example_external_task_marker_child', 'example_external_task_marker_parent' retrieved from /home/manisha/airflow_env/lib/python3.10/site-packages/airflow/example_dags/example_external_task_marker_dag.py
[2024-06-18T11:44:34.969+0545] {logging_mixin.py:188} INFO - [2024-06-18T11:44:34.969+0545] {dag.py:3096} INFO - Sync 2 DAGs
[2024-06-18T11:44:34.980+0545] {logging_mixin.py:188} INFO - [2024-06-18T11:44:34.980+0545] {dag.py:3954} INFO - Setting next_dagrun for example_external_task_marker_child to None, run_after=None
[2024-06-18T11:44:34.983+0545] {logging_mixin.py:188} INFO - [2024-06-18T11:44:34.983+0545] {dag.py:3954} INFO - Setting next_dagrun for example_external_task_marker_parent to None, run_after=None
[2024-06-18T11:44:35.158+0545] {processor.py:183} INFO - Processing /home/manisha/airflow_env/lib/python3.10/site-packages/airflow/example_dags/example_external_task_marker_dag.py took 0.397 seconds
[2024-06-18T11:45:05.326+0545] {processor.py:161} INFO - Started process (PID=8434) to work on /home/manisha/airflow_env/lib/python3.10/site-packages/airflow/example_dags/example_external_task_marker_dag.py
[2024-06-18T11:45:05.328+0545] {processor.py:830} INFO - Processing file /home/manisha/airflow_env/lib/python3.10/site-packages/airflow/example_dags/example_external_task_marker_dag.py for tasks to queue
[2024-06-18T11:45:05.330+0545] {logging_mixin.py:188} INFO - [2024-06-18T11:45:05.330+0545] {dagbag.py:545} INFO - Filling up the DagBag from /home/manisha/airflow_env/lib/python3.10/site-packages/airflow/example_dags/example_external_task_marker_dag.py
[2024-06-18T11:45:05.336+0545] {processor.py:840} INFO - DAG(s) 'example_external_task_marker_parent', 'example_external_task_marker_child' retrieved from /home/manisha/airflow_env/lib/python3.10/site-packages/airflow/example_dags/example_external_task_marker_dag.py
[2024-06-18T11:45:05.449+0545] {logging_mixin.py:188} INFO - [2024-06-18T11:45:05.449+0545] {dag.py:3096} INFO - Sync 2 DAGs
[2024-06-18T11:45:05.462+0545] {logging_mixin.py:188} INFO - [2024-06-18T11:45:05.462+0545] {dag.py:3954} INFO - Setting next_dagrun for example_external_task_marker_child to None, run_after=None
[2024-06-18T11:45:05.466+0545] {logging_mixin.py:188} INFO - [2024-06-18T11:45:05.466+0545] {dag.py:3954} INFO - Setting next_dagrun for example_external_task_marker_parent to None, run_after=None
[2024-06-18T11:45:05.582+0545] {processor.py:183} INFO - Processing /home/manisha/airflow_env/lib/python3.10/site-packages/airflow/example_dags/example_external_task_marker_dag.py took 0.262 seconds
[2024-06-18T11:45:36.136+0545] {processor.py:161} INFO - Started process (PID=8485) to work on /home/manisha/airflow_env/lib/python3.10/site-packages/airflow/example_dags/example_external_task_marker_dag.py
[2024-06-18T11:45:36.137+0545] {processor.py:830} INFO - Processing file /home/manisha/airflow_env/lib/python3.10/site-packages/airflow/example_dags/example_external_task_marker_dag.py for tasks to queue
[2024-06-18T11:45:36.138+0545] {logging_mixin.py:188} INFO - [2024-06-18T11:45:36.138+0545] {dagbag.py:545} INFO - Filling up the DagBag from /home/manisha/airflow_env/lib/python3.10/site-packages/airflow/example_dags/example_external_task_marker_dag.py
[2024-06-18T11:45:36.143+0545] {processor.py:840} INFO - DAG(s) 'example_external_task_marker_parent', 'example_external_task_marker_child' retrieved from /home/manisha/airflow_env/lib/python3.10/site-packages/airflow/example_dags/example_external_task_marker_dag.py
[2024-06-18T11:45:36.167+0545] {logging_mixin.py:188} INFO - [2024-06-18T11:45:36.167+0545] {dag.py:3096} INFO - Sync 2 DAGs
[2024-06-18T11:45:36.178+0545] {logging_mixin.py:188} INFO - [2024-06-18T11:45:36.178+0545] {dag.py:3954} INFO - Setting next_dagrun for example_external_task_marker_child to None, run_after=None
[2024-06-18T11:45:36.181+0545] {logging_mixin.py:188} INFO - [2024-06-18T11:45:36.181+0545] {dag.py:3954} INFO - Setting next_dagrun for example_external_task_marker_parent to None, run_after=None
[2024-06-18T11:45:36.267+0545] {processor.py:183} INFO - Processing /home/manisha/airflow_env/lib/python3.10/site-packages/airflow/example_dags/example_external_task_marker_dag.py took 0.137 seconds
[2024-06-18T11:46:06.615+0545] {processor.py:161} INFO - Started process (PID=8538) to work on /home/manisha/airflow_env/lib/python3.10/site-packages/airflow/example_dags/example_external_task_marker_dag.py
[2024-06-18T11:46:06.646+0545] {processor.py:830} INFO - Processing file /home/manisha/airflow_env/lib/python3.10/site-packages/airflow/example_dags/example_external_task_marker_dag.py for tasks to queue
[2024-06-18T11:46:06.651+0545] {logging_mixin.py:188} INFO - [2024-06-18T11:46:06.650+0545] {dagbag.py:545} INFO - Filling up the DagBag from /home/manisha/airflow_env/lib/python3.10/site-packages/airflow/example_dags/example_external_task_marker_dag.py
[2024-06-18T11:46:06.672+0545] {processor.py:840} INFO - DAG(s) 'example_external_task_marker_parent', 'example_external_task_marker_child' retrieved from /home/manisha/airflow_env/lib/python3.10/site-packages/airflow/example_dags/example_external_task_marker_dag.py
[2024-06-18T11:46:06.705+0545] {logging_mixin.py:188} INFO - [2024-06-18T11:46:06.705+0545] {dag.py:3096} INFO - Sync 2 DAGs
[2024-06-18T11:46:06.717+0545] {logging_mixin.py:188} INFO - [2024-06-18T11:46:06.717+0545] {dag.py:3954} INFO - Setting next_dagrun for example_external_task_marker_child to None, run_after=None
[2024-06-18T11:46:06.721+0545] {logging_mixin.py:188} INFO - [2024-06-18T11:46:06.721+0545] {dag.py:3954} INFO - Setting next_dagrun for example_external_task_marker_parent to None, run_after=None
[2024-06-18T11:46:06.909+0545] {processor.py:183} INFO - Processing /home/manisha/airflow_env/lib/python3.10/site-packages/airflow/example_dags/example_external_task_marker_dag.py took 0.300 seconds
[2024-06-18T11:46:37.271+0545] {processor.py:161} INFO - Started process (PID=8589) to work on /home/manisha/airflow_env/lib/python3.10/site-packages/airflow/example_dags/example_external_task_marker_dag.py
[2024-06-18T11:46:37.272+0545] {processor.py:830} INFO - Processing file /home/manisha/airflow_env/lib/python3.10/site-packages/airflow/example_dags/example_external_task_marker_dag.py for tasks to queue
[2024-06-18T11:46:37.273+0545] {logging_mixin.py:188} INFO - [2024-06-18T11:46:37.273+0545] {dagbag.py:545} INFO - Filling up the DagBag from /home/manisha/airflow_env/lib/python3.10/site-packages/airflow/example_dags/example_external_task_marker_dag.py
[2024-06-18T11:46:37.278+0545] {processor.py:840} INFO - DAG(s) 'example_external_task_marker_parent', 'example_external_task_marker_child' retrieved from /home/manisha/airflow_env/lib/python3.10/site-packages/airflow/example_dags/example_external_task_marker_dag.py
[2024-06-18T11:46:37.301+0545] {logging_mixin.py:188} INFO - [2024-06-18T11:46:37.301+0545] {dag.py:3096} INFO - Sync 2 DAGs
[2024-06-18T11:46:37.314+0545] {logging_mixin.py:188} INFO - [2024-06-18T11:46:37.314+0545] {dag.py:3954} INFO - Setting next_dagrun for example_external_task_marker_child to None, run_after=None
[2024-06-18T11:46:37.318+0545] {logging_mixin.py:188} INFO - [2024-06-18T11:46:37.318+0545] {dag.py:3954} INFO - Setting next_dagrun for example_external_task_marker_parent to None, run_after=None
[2024-06-18T11:46:37.380+0545] {processor.py:183} INFO - Processing /home/manisha/airflow_env/lib/python3.10/site-packages/airflow/example_dags/example_external_task_marker_dag.py took 0.114 seconds
[2024-06-18T11:47:07.926+0545] {processor.py:161} INFO - Started process (PID=8640) to work on /home/manisha/airflow_env/lib/python3.10/site-packages/airflow/example_dags/example_external_task_marker_dag.py
[2024-06-18T11:47:07.943+0545] {processor.py:830} INFO - Processing file /home/manisha/airflow_env/lib/python3.10/site-packages/airflow/example_dags/example_external_task_marker_dag.py for tasks to queue
[2024-06-18T11:47:07.944+0545] {logging_mixin.py:188} INFO - [2024-06-18T11:47:07.944+0545] {dagbag.py:545} INFO - Filling up the DagBag from /home/manisha/airflow_env/lib/python3.10/site-packages/airflow/example_dags/example_external_task_marker_dag.py
[2024-06-18T11:47:07.950+0545] {processor.py:840} INFO - DAG(s) 'example_external_task_marker_child', 'example_external_task_marker_parent' retrieved from /home/manisha/airflow_env/lib/python3.10/site-packages/airflow/example_dags/example_external_task_marker_dag.py
[2024-06-18T11:47:07.975+0545] {logging_mixin.py:188} INFO - [2024-06-18T11:47:07.974+0545] {dag.py:3096} INFO - Sync 2 DAGs
[2024-06-18T11:47:07.987+0545] {logging_mixin.py:188} INFO - [2024-06-18T11:47:07.987+0545] {dag.py:3954} INFO - Setting next_dagrun for example_external_task_marker_child to None, run_after=None
[2024-06-18T11:47:07.991+0545] {logging_mixin.py:188} INFO - [2024-06-18T11:47:07.991+0545] {dag.py:3954} INFO - Setting next_dagrun for example_external_task_marker_parent to None, run_after=None
[2024-06-18T11:47:08.084+0545] {processor.py:183} INFO - Processing /home/manisha/airflow_env/lib/python3.10/site-packages/airflow/example_dags/example_external_task_marker_dag.py took 0.164 seconds
[2024-06-18T11:47:38.111+0545] {processor.py:161} INFO - Started process (PID=8692) to work on /home/manisha/airflow_env/lib/python3.10/site-packages/airflow/example_dags/example_external_task_marker_dag.py
[2024-06-18T11:47:38.112+0545] {processor.py:830} INFO - Processing file /home/manisha/airflow_env/lib/python3.10/site-packages/airflow/example_dags/example_external_task_marker_dag.py for tasks to queue
[2024-06-18T11:47:38.113+0545] {logging_mixin.py:188} INFO - [2024-06-18T11:47:38.113+0545] {dagbag.py:545} INFO - Filling up the DagBag from /home/manisha/airflow_env/lib/python3.10/site-packages/airflow/example_dags/example_external_task_marker_dag.py
[2024-06-18T11:47:38.118+0545] {processor.py:840} INFO - DAG(s) 'example_external_task_marker_parent', 'example_external_task_marker_child' retrieved from /home/manisha/airflow_env/lib/python3.10/site-packages/airflow/example_dags/example_external_task_marker_dag.py
[2024-06-18T11:47:38.143+0545] {logging_mixin.py:188} INFO - [2024-06-18T11:47:38.143+0545] {dag.py:3096} INFO - Sync 2 DAGs
[2024-06-18T11:47:38.154+0545] {logging_mixin.py:188} INFO - [2024-06-18T11:47:38.153+0545] {dag.py:3954} INFO - Setting next_dagrun for example_external_task_marker_child to None, run_after=None
[2024-06-18T11:47:38.157+0545] {logging_mixin.py:188} INFO - [2024-06-18T11:47:38.157+0545] {dag.py:3954} INFO - Setting next_dagrun for example_external_task_marker_parent to None, run_after=None
[2024-06-18T11:47:38.222+0545] {processor.py:183} INFO - Processing /home/manisha/airflow_env/lib/python3.10/site-packages/airflow/example_dags/example_external_task_marker_dag.py took 0.116 seconds
[2024-06-18T11:48:31.624+0545] {processor.py:161} INFO - Started process (PID=8773) to work on /home/manisha/airflow_env/lib/python3.10/site-packages/airflow/example_dags/example_external_task_marker_dag.py
[2024-06-18T11:48:31.632+0545] {processor.py:830} INFO - Processing file /home/manisha/airflow_env/lib/python3.10/site-packages/airflow/example_dags/example_external_task_marker_dag.py for tasks to queue
[2024-06-18T11:48:31.633+0545] {logging_mixin.py:188} INFO - [2024-06-18T11:48:31.633+0545] {dagbag.py:545} INFO - Filling up the DagBag from /home/manisha/airflow_env/lib/python3.10/site-packages/airflow/example_dags/example_external_task_marker_dag.py
[2024-06-18T11:48:31.642+0545] {processor.py:840} INFO - DAG(s) 'example_external_task_marker_child', 'example_external_task_marker_parent' retrieved from /home/manisha/airflow_env/lib/python3.10/site-packages/airflow/example_dags/example_external_task_marker_dag.py
[2024-06-18T11:48:31.659+0545] {logging_mixin.py:188} INFO - [2024-06-18T11:48:31.659+0545] {dag.py:3096} INFO - Sync 2 DAGs
[2024-06-18T11:48:31.672+0545] {logging_mixin.py:188} INFO - [2024-06-18T11:48:31.672+0545] {dag.py:3954} INFO - Setting next_dagrun for example_external_task_marker_child to None, run_after=None
[2024-06-18T11:48:31.677+0545] {logging_mixin.py:188} INFO - [2024-06-18T11:48:31.677+0545] {dag.py:3954} INFO - Setting next_dagrun for example_external_task_marker_parent to None, run_after=None
[2024-06-18T11:48:31.768+0545] {processor.py:183} INFO - Processing /home/manisha/airflow_env/lib/python3.10/site-packages/airflow/example_dags/example_external_task_marker_dag.py took 0.149 seconds
[2024-06-18T11:49:05.818+0545] {processor.py:161} INFO - Started process (PID=8884) to work on /home/manisha/airflow_env/lib/python3.10/site-packages/airflow/example_dags/example_external_task_marker_dag.py
[2024-06-18T11:49:05.830+0545] {processor.py:830} INFO - Processing file /home/manisha/airflow_env/lib/python3.10/site-packages/airflow/example_dags/example_external_task_marker_dag.py for tasks to queue
[2024-06-18T11:49:05.831+0545] {logging_mixin.py:188} INFO - [2024-06-18T11:49:05.831+0545] {dagbag.py:545} INFO - Filling up the DagBag from /home/manisha/airflow_env/lib/python3.10/site-packages/airflow/example_dags/example_external_task_marker_dag.py
[2024-06-18T11:49:05.837+0545] {processor.py:840} INFO - DAG(s) 'example_external_task_marker_child', 'example_external_task_marker_parent' retrieved from /home/manisha/airflow_env/lib/python3.10/site-packages/airflow/example_dags/example_external_task_marker_dag.py
[2024-06-18T11:49:06.053+0545] {logging_mixin.py:188} INFO - [2024-06-18T11:49:06.053+0545] {dag.py:3096} INFO - Sync 2 DAGs
[2024-06-18T11:49:06.063+0545] {logging_mixin.py:188} INFO - [2024-06-18T11:49:06.063+0545] {dag.py:3954} INFO - Setting next_dagrun for example_external_task_marker_child to None, run_after=None
[2024-06-18T11:49:06.066+0545] {logging_mixin.py:188} INFO - [2024-06-18T11:49:06.066+0545] {dag.py:3954} INFO - Setting next_dagrun for example_external_task_marker_parent to None, run_after=None
[2024-06-18T11:49:06.211+0545] {processor.py:183} INFO - Processing /home/manisha/airflow_env/lib/python3.10/site-packages/airflow/example_dags/example_external_task_marker_dag.py took 0.398 seconds
[2024-06-18T11:49:36.726+0545] {processor.py:161} INFO - Started process (PID=8952) to work on /home/manisha/airflow_env/lib/python3.10/site-packages/airflow/example_dags/example_external_task_marker_dag.py
[2024-06-18T11:49:36.767+0545] {processor.py:830} INFO - Processing file /home/manisha/airflow_env/lib/python3.10/site-packages/airflow/example_dags/example_external_task_marker_dag.py for tasks to queue
[2024-06-18T11:49:36.768+0545] {logging_mixin.py:188} INFO - [2024-06-18T11:49:36.768+0545] {dagbag.py:545} INFO - Filling up the DagBag from /home/manisha/airflow_env/lib/python3.10/site-packages/airflow/example_dags/example_external_task_marker_dag.py
[2024-06-18T11:49:36.774+0545] {processor.py:840} INFO - DAG(s) 'example_external_task_marker_child', 'example_external_task_marker_parent' retrieved from /home/manisha/airflow_env/lib/python3.10/site-packages/airflow/example_dags/example_external_task_marker_dag.py
[2024-06-18T11:49:36.953+0545] {logging_mixin.py:188} INFO - [2024-06-18T11:49:36.953+0545] {dag.py:3096} INFO - Sync 2 DAGs
[2024-06-18T11:49:36.969+0545] {logging_mixin.py:188} INFO - [2024-06-18T11:49:36.969+0545] {dag.py:3954} INFO - Setting next_dagrun for example_external_task_marker_child to None, run_after=None
[2024-06-18T11:49:36.974+0545] {logging_mixin.py:188} INFO - [2024-06-18T11:49:36.973+0545] {dag.py:3954} INFO - Setting next_dagrun for example_external_task_marker_parent to None, run_after=None
[2024-06-18T11:49:37.145+0545] {processor.py:183} INFO - Processing /home/manisha/airflow_env/lib/python3.10/site-packages/airflow/example_dags/example_external_task_marker_dag.py took 0.426 seconds
[2024-06-18T11:50:07.213+0545] {processor.py:161} INFO - Started process (PID=9008) to work on /home/manisha/airflow_env/lib/python3.10/site-packages/airflow/example_dags/example_external_task_marker_dag.py
[2024-06-18T11:50:07.214+0545] {processor.py:830} INFO - Processing file /home/manisha/airflow_env/lib/python3.10/site-packages/airflow/example_dags/example_external_task_marker_dag.py for tasks to queue
[2024-06-18T11:50:07.217+0545] {logging_mixin.py:188} INFO - [2024-06-18T11:50:07.216+0545] {dagbag.py:545} INFO - Filling up the DagBag from /home/manisha/airflow_env/lib/python3.10/site-packages/airflow/example_dags/example_external_task_marker_dag.py
[2024-06-18T11:50:07.226+0545] {processor.py:840} INFO - DAG(s) 'example_external_task_marker_parent', 'example_external_task_marker_child' retrieved from /home/manisha/airflow_env/lib/python3.10/site-packages/airflow/example_dags/example_external_task_marker_dag.py
[2024-06-18T11:50:07.253+0545] {logging_mixin.py:188} INFO - [2024-06-18T11:50:07.253+0545] {dag.py:3096} INFO - Sync 2 DAGs
[2024-06-18T11:50:07.264+0545] {logging_mixin.py:188} INFO - [2024-06-18T11:50:07.263+0545] {dag.py:3954} INFO - Setting next_dagrun for example_external_task_marker_child to None, run_after=None
[2024-06-18T11:50:07.267+0545] {logging_mixin.py:188} INFO - [2024-06-18T11:50:07.267+0545] {dag.py:3954} INFO - Setting next_dagrun for example_external_task_marker_parent to None, run_after=None
[2024-06-18T11:50:07.515+0545] {processor.py:183} INFO - Processing /home/manisha/airflow_env/lib/python3.10/site-packages/airflow/example_dags/example_external_task_marker_dag.py took 0.311 seconds
[2024-06-18T11:50:37.776+0545] {processor.py:161} INFO - Started process (PID=9067) to work on /home/manisha/airflow_env/lib/python3.10/site-packages/airflow/example_dags/example_external_task_marker_dag.py
[2024-06-18T11:50:37.776+0545] {processor.py:830} INFO - Processing file /home/manisha/airflow_env/lib/python3.10/site-packages/airflow/example_dags/example_external_task_marker_dag.py for tasks to queue
[2024-06-18T11:50:37.778+0545] {logging_mixin.py:188} INFO - [2024-06-18T11:50:37.777+0545] {dagbag.py:545} INFO - Filling up the DagBag from /home/manisha/airflow_env/lib/python3.10/site-packages/airflow/example_dags/example_external_task_marker_dag.py
[2024-06-18T11:50:37.783+0545] {processor.py:840} INFO - DAG(s) 'example_external_task_marker_parent', 'example_external_task_marker_child' retrieved from /home/manisha/airflow_env/lib/python3.10/site-packages/airflow/example_dags/example_external_task_marker_dag.py
[2024-06-18T11:50:37.811+0545] {logging_mixin.py:188} INFO - [2024-06-18T11:50:37.810+0545] {dag.py:3096} INFO - Sync 2 DAGs
[2024-06-18T11:50:37.822+0545] {logging_mixin.py:188} INFO - [2024-06-18T11:50:37.822+0545] {dag.py:3954} INFO - Setting next_dagrun for example_external_task_marker_child to None, run_after=None
[2024-06-18T11:50:37.826+0545] {logging_mixin.py:188} INFO - [2024-06-18T11:50:37.826+0545] {dag.py:3954} INFO - Setting next_dagrun for example_external_task_marker_parent to None, run_after=None
[2024-06-18T11:50:38.007+0545] {processor.py:183} INFO - Processing /home/manisha/airflow_env/lib/python3.10/site-packages/airflow/example_dags/example_external_task_marker_dag.py took 0.236 seconds
[2024-06-18T11:50:59.432+0545] {processor.py:161} INFO - Started process (PID=9405) to work on /home/manisha/airflow_env/lib/python3.10/site-packages/airflow/example_dags/example_external_task_marker_dag.py
[2024-06-18T11:50:59.433+0545] {processor.py:830} INFO - Processing file /home/manisha/airflow_env/lib/python3.10/site-packages/airflow/example_dags/example_external_task_marker_dag.py for tasks to queue
[2024-06-18T11:50:59.434+0545] {logging_mixin.py:188} INFO - [2024-06-18T11:50:59.434+0545] {dagbag.py:545} INFO - Filling up the DagBag from /home/manisha/airflow_env/lib/python3.10/site-packages/airflow/example_dags/example_external_task_marker_dag.py
[2024-06-18T11:50:59.441+0545] {processor.py:840} INFO - DAG(s) 'example_external_task_marker_parent', 'example_external_task_marker_child' retrieved from /home/manisha/airflow_env/lib/python3.10/site-packages/airflow/example_dags/example_external_task_marker_dag.py
[2024-06-18T11:50:59.460+0545] {logging_mixin.py:188} INFO - [2024-06-18T11:50:59.460+0545] {dag.py:3096} INFO - Sync 2 DAGs
[2024-06-18T11:50:59.476+0545] {logging_mixin.py:188} INFO - [2024-06-18T11:50:59.476+0545] {dag.py:3954} INFO - Setting next_dagrun for example_external_task_marker_child to None, run_after=None
[2024-06-18T11:50:59.483+0545] {logging_mixin.py:188} INFO - [2024-06-18T11:50:59.483+0545] {dag.py:3954} INFO - Setting next_dagrun for example_external_task_marker_parent to None, run_after=None
[2024-06-18T11:50:59.675+0545] {processor.py:183} INFO - Processing /home/manisha/airflow_env/lib/python3.10/site-packages/airflow/example_dags/example_external_task_marker_dag.py took 0.252 seconds
[2024-06-18T11:51:33.323+0545] {processor.py:161} INFO - Started process (PID=9674) to work on /home/manisha/airflow_env/lib/python3.10/site-packages/airflow/example_dags/example_external_task_marker_dag.py
[2024-06-18T11:51:33.328+0545] {processor.py:830} INFO - Processing file /home/manisha/airflow_env/lib/python3.10/site-packages/airflow/example_dags/example_external_task_marker_dag.py for tasks to queue
[2024-06-18T11:51:33.330+0545] {logging_mixin.py:188} INFO - [2024-06-18T11:51:33.330+0545] {dagbag.py:545} INFO - Filling up the DagBag from /home/manisha/airflow_env/lib/python3.10/site-packages/airflow/example_dags/example_external_task_marker_dag.py
[2024-06-18T11:51:33.338+0545] {processor.py:840} INFO - DAG(s) 'example_external_task_marker_child', 'example_external_task_marker_parent' retrieved from /home/manisha/airflow_env/lib/python3.10/site-packages/airflow/example_dags/example_external_task_marker_dag.py
[2024-06-18T11:51:33.591+0545] {logging_mixin.py:188} INFO - [2024-06-18T11:51:33.590+0545] {dag.py:3096} INFO - Sync 2 DAGs
[2024-06-18T11:51:33.603+0545] {logging_mixin.py:188} INFO - [2024-06-18T11:51:33.603+0545] {dag.py:3954} INFO - Setting next_dagrun for example_external_task_marker_child to None, run_after=None
[2024-06-18T11:51:33.607+0545] {logging_mixin.py:188} INFO - [2024-06-18T11:51:33.607+0545] {dag.py:3954} INFO - Setting next_dagrun for example_external_task_marker_parent to None, run_after=None
[2024-06-18T11:51:33.846+0545] {processor.py:183} INFO - Processing /home/manisha/airflow_env/lib/python3.10/site-packages/airflow/example_dags/example_external_task_marker_dag.py took 0.530 seconds
