[2024-06-18T10:56:52.019+0545] {processor.py:161} INFO - Started process (PID=4029) to work on /home/manisha/airflow_env/lib/python3.10/site-packages/airflow/example_dags/example_setup_teardown_taskflow.py
[2024-06-18T10:56:52.020+0545] {processor.py:830} INFO - Processing file /home/manisha/airflow_env/lib/python3.10/site-packages/airflow/example_dags/example_setup_teardown_taskflow.py for tasks to queue
[2024-06-18T10:56:52.021+0545] {logging_mixin.py:188} INFO - [2024-06-18T10:56:52.021+0545] {dagbag.py:545} INFO - Filling up the DagBag from /home/manisha/airflow_env/lib/python3.10/site-packages/airflow/example_dags/example_setup_teardown_taskflow.py
[2024-06-18T10:56:52.034+0545] {processor.py:840} INFO - DAG(s) 'example_setup_teardown_taskflow' retrieved from /home/manisha/airflow_env/lib/python3.10/site-packages/airflow/example_dags/example_setup_teardown_taskflow.py
[2024-06-18T10:56:52.377+0545] {logging_mixin.py:188} INFO - [2024-06-18T10:56:52.375+0545] {override.py:1829} INFO - Created Permission View: can edit on DAG:example_setup_teardown_taskflow
[2024-06-18T10:56:52.455+0545] {logging_mixin.py:188} INFO - [2024-06-18T10:56:52.453+0545] {override.py:1829} INFO - Created Permission View: can read on DAG:example_setup_teardown_taskflow
[2024-06-18T10:56:52.523+0545] {logging_mixin.py:188} INFO - [2024-06-18T10:56:52.521+0545] {override.py:1829} INFO - Created Permission View: can delete on DAG:example_setup_teardown_taskflow
[2024-06-18T10:56:52.525+0545] {logging_mixin.py:188} INFO - [2024-06-18T10:56:52.524+0545] {dag.py:3096} INFO - Sync 1 DAGs
[2024-06-18T10:56:52.558+0545] {logging_mixin.py:188} INFO - [2024-06-18T10:56:52.558+0545] {dag.py:3118} INFO - Creating ORM DAG for example_setup_teardown_taskflow
[2024-06-18T10:56:52.569+0545] {logging_mixin.py:188} INFO - [2024-06-18T10:56:52.569+0545] {dag.py:3954} INFO - Setting next_dagrun for example_setup_teardown_taskflow to 2024-06-17 00:00:00+00:00, run_after=2024-06-18 00:00:00+00:00
[2024-06-18T10:56:52.678+0545] {processor.py:183} INFO - Processing /home/manisha/airflow_env/lib/python3.10/site-packages/airflow/example_dags/example_setup_teardown_taskflow.py took 0.665 seconds
[2024-06-18T10:58:13.421+0545] {processor.py:161} INFO - Started process (PID=4145) to work on /home/manisha/airflow_env/lib/python3.10/site-packages/airflow/example_dags/example_setup_teardown_taskflow.py
[2024-06-18T10:58:13.423+0545] {processor.py:830} INFO - Processing file /home/manisha/airflow_env/lib/python3.10/site-packages/airflow/example_dags/example_setup_teardown_taskflow.py for tasks to queue
[2024-06-18T10:58:13.425+0545] {logging_mixin.py:188} INFO - [2024-06-18T10:58:13.425+0545] {dagbag.py:545} INFO - Filling up the DagBag from /home/manisha/airflow_env/lib/python3.10/site-packages/airflow/example_dags/example_setup_teardown_taskflow.py
[2024-06-18T10:58:13.441+0545] {processor.py:840} INFO - DAG(s) 'example_setup_teardown_taskflow' retrieved from /home/manisha/airflow_env/lib/python3.10/site-packages/airflow/example_dags/example_setup_teardown_taskflow.py
[2024-06-18T10:58:13.461+0545] {logging_mixin.py:188} INFO - [2024-06-18T10:58:13.460+0545] {dag.py:3096} INFO - Sync 1 DAGs
[2024-06-18T10:58:13.487+0545] {logging_mixin.py:188} INFO - [2024-06-18T10:58:13.487+0545] {dag.py:3954} INFO - Setting next_dagrun for example_setup_teardown_taskflow to 2024-06-17 00:00:00+00:00, run_after=2024-06-18 00:00:00+00:00
[2024-06-18T10:58:13.596+0545] {processor.py:183} INFO - Processing /home/manisha/airflow_env/lib/python3.10/site-packages/airflow/example_dags/example_setup_teardown_taskflow.py took 0.184 seconds
[2024-06-18T10:59:15.913+0545] {processor.py:161} INFO - Started process (PID=4198) to work on /home/manisha/airflow_env/lib/python3.10/site-packages/airflow/example_dags/example_setup_teardown_taskflow.py
[2024-06-18T10:59:15.915+0545] {processor.py:830} INFO - Processing file /home/manisha/airflow_env/lib/python3.10/site-packages/airflow/example_dags/example_setup_teardown_taskflow.py for tasks to queue
[2024-06-18T10:59:15.916+0545] {logging_mixin.py:188} INFO - [2024-06-18T10:59:15.916+0545] {dagbag.py:545} INFO - Filling up the DagBag from /home/manisha/airflow_env/lib/python3.10/site-packages/airflow/example_dags/example_setup_teardown_taskflow.py
[2024-06-18T10:59:15.928+0545] {processor.py:840} INFO - DAG(s) 'example_setup_teardown_taskflow' retrieved from /home/manisha/airflow_env/lib/python3.10/site-packages/airflow/example_dags/example_setup_teardown_taskflow.py
[2024-06-18T10:59:15.946+0545] {logging_mixin.py:188} INFO - [2024-06-18T10:59:15.946+0545] {dag.py:3096} INFO - Sync 1 DAGs
[2024-06-18T10:59:15.963+0545] {logging_mixin.py:188} INFO - [2024-06-18T10:59:15.963+0545] {dag.py:3954} INFO - Setting next_dagrun for example_setup_teardown_taskflow to 2024-06-17 00:00:00+00:00, run_after=2024-06-18 00:00:00+00:00
[2024-06-18T10:59:16.183+0545] {processor.py:183} INFO - Processing /home/manisha/airflow_env/lib/python3.10/site-packages/airflow/example_dags/example_setup_teardown_taskflow.py took 0.277 seconds
[2024-06-18T11:00:20.607+0545] {processor.py:161} INFO - Started process (PID=4252) to work on /home/manisha/airflow_env/lib/python3.10/site-packages/airflow/example_dags/example_setup_teardown_taskflow.py
[2024-06-18T11:00:20.645+0545] {processor.py:830} INFO - Processing file /home/manisha/airflow_env/lib/python3.10/site-packages/airflow/example_dags/example_setup_teardown_taskflow.py for tasks to queue
[2024-06-18T11:00:20.651+0545] {logging_mixin.py:188} INFO - [2024-06-18T11:00:20.649+0545] {dagbag.py:545} INFO - Filling up the DagBag from /home/manisha/airflow_env/lib/python3.10/site-packages/airflow/example_dags/example_setup_teardown_taskflow.py
[2024-06-18T11:00:20.679+0545] {processor.py:840} INFO - DAG(s) 'example_setup_teardown_taskflow' retrieved from /home/manisha/airflow_env/lib/python3.10/site-packages/airflow/example_dags/example_setup_teardown_taskflow.py
[2024-06-18T11:00:20.699+0545] {logging_mixin.py:188} INFO - [2024-06-18T11:00:20.699+0545] {dag.py:3096} INFO - Sync 1 DAGs
[2024-06-18T11:00:20.716+0545] {logging_mixin.py:188} INFO - [2024-06-18T11:00:20.715+0545] {dag.py:3954} INFO - Setting next_dagrun for example_setup_teardown_taskflow to 2024-06-17 00:00:00+00:00, run_after=2024-06-18 00:00:00+00:00
[2024-06-18T11:00:20.834+0545] {processor.py:183} INFO - Processing /home/manisha/airflow_env/lib/python3.10/site-packages/airflow/example_dags/example_setup_teardown_taskflow.py took 0.247 seconds
[2024-06-18T11:01:19.888+0545] {processor.py:161} INFO - Started process (PID=4393) to work on /home/manisha/airflow_env/lib/python3.10/site-packages/airflow/example_dags/example_setup_teardown_taskflow.py
[2024-06-18T11:01:19.929+0545] {processor.py:830} INFO - Processing file /home/manisha/airflow_env/lib/python3.10/site-packages/airflow/example_dags/example_setup_teardown_taskflow.py for tasks to queue
[2024-06-18T11:01:19.934+0545] {logging_mixin.py:188} INFO - [2024-06-18T11:01:19.933+0545] {dagbag.py:545} INFO - Filling up the DagBag from /home/manisha/airflow_env/lib/python3.10/site-packages/airflow/example_dags/example_setup_teardown_taskflow.py
[2024-06-18T11:01:19.966+0545] {processor.py:840} INFO - DAG(s) 'example_setup_teardown_taskflow' retrieved from /home/manisha/airflow_env/lib/python3.10/site-packages/airflow/example_dags/example_setup_teardown_taskflow.py
[2024-06-18T11:01:19.985+0545] {logging_mixin.py:188} INFO - [2024-06-18T11:01:19.985+0545] {dag.py:3096} INFO - Sync 1 DAGs
[2024-06-18T11:01:20.003+0545] {logging_mixin.py:188} INFO - [2024-06-18T11:01:20.003+0545] {dag.py:3954} INFO - Setting next_dagrun for example_setup_teardown_taskflow to 2024-06-17 00:00:00+00:00, run_after=2024-06-18 00:00:00+00:00
[2024-06-18T11:01:20.113+0545] {processor.py:183} INFO - Processing /home/manisha/airflow_env/lib/python3.10/site-packages/airflow/example_dags/example_setup_teardown_taskflow.py took 0.231 seconds
[2024-06-18T11:02:21.801+0545] {processor.py:161} INFO - Started process (PID=4445) to work on /home/manisha/airflow_env/lib/python3.10/site-packages/airflow/example_dags/example_setup_teardown_taskflow.py
[2024-06-18T11:02:21.837+0545] {processor.py:830} INFO - Processing file /home/manisha/airflow_env/lib/python3.10/site-packages/airflow/example_dags/example_setup_teardown_taskflow.py for tasks to queue
[2024-06-18T11:02:21.843+0545] {logging_mixin.py:188} INFO - [2024-06-18T11:02:21.841+0545] {dagbag.py:545} INFO - Filling up the DagBag from /home/manisha/airflow_env/lib/python3.10/site-packages/airflow/example_dags/example_setup_teardown_taskflow.py
[2024-06-18T11:02:21.875+0545] {processor.py:840} INFO - DAG(s) 'example_setup_teardown_taskflow' retrieved from /home/manisha/airflow_env/lib/python3.10/site-packages/airflow/example_dags/example_setup_teardown_taskflow.py
[2024-06-18T11:02:21.895+0545] {logging_mixin.py:188} INFO - [2024-06-18T11:02:21.895+0545] {dag.py:3096} INFO - Sync 1 DAGs
[2024-06-18T11:02:21.912+0545] {logging_mixin.py:188} INFO - [2024-06-18T11:02:21.912+0545] {dag.py:3954} INFO - Setting next_dagrun for example_setup_teardown_taskflow to 2024-06-17 00:00:00+00:00, run_after=2024-06-18 00:00:00+00:00
[2024-06-18T11:02:22.017+0545] {processor.py:183} INFO - Processing /home/manisha/airflow_env/lib/python3.10/site-packages/airflow/example_dags/example_setup_teardown_taskflow.py took 0.222 seconds
[2024-06-18T11:03:18.248+0545] {processor.py:161} INFO - Started process (PID=4498) to work on /home/manisha/airflow_env/lib/python3.10/site-packages/airflow/example_dags/example_setup_teardown_taskflow.py
[2024-06-18T11:03:18.270+0545] {processor.py:830} INFO - Processing file /home/manisha/airflow_env/lib/python3.10/site-packages/airflow/example_dags/example_setup_teardown_taskflow.py for tasks to queue
[2024-06-18T11:03:18.273+0545] {logging_mixin.py:188} INFO - [2024-06-18T11:03:18.272+0545] {dagbag.py:545} INFO - Filling up the DagBag from /home/manisha/airflow_env/lib/python3.10/site-packages/airflow/example_dags/example_setup_teardown_taskflow.py
[2024-06-18T11:03:18.301+0545] {processor.py:840} INFO - DAG(s) 'example_setup_teardown_taskflow' retrieved from /home/manisha/airflow_env/lib/python3.10/site-packages/airflow/example_dags/example_setup_teardown_taskflow.py
[2024-06-18T11:03:18.317+0545] {logging_mixin.py:188} INFO - [2024-06-18T11:03:18.317+0545] {dag.py:3096} INFO - Sync 1 DAGs
[2024-06-18T11:03:18.334+0545] {logging_mixin.py:188} INFO - [2024-06-18T11:03:18.334+0545] {dag.py:3954} INFO - Setting next_dagrun for example_setup_teardown_taskflow to 2024-06-17 00:00:00+00:00, run_after=2024-06-18 00:00:00+00:00
[2024-06-18T11:03:18.441+0545] {processor.py:183} INFO - Processing /home/manisha/airflow_env/lib/python3.10/site-packages/airflow/example_dags/example_setup_teardown_taskflow.py took 0.199 seconds
[2024-06-18T11:04:20.496+0545] {processor.py:161} INFO - Started process (PID=4552) to work on /home/manisha/airflow_env/lib/python3.10/site-packages/airflow/example_dags/example_setup_teardown_taskflow.py
[2024-06-18T11:04:20.533+0545] {processor.py:830} INFO - Processing file /home/manisha/airflow_env/lib/python3.10/site-packages/airflow/example_dags/example_setup_teardown_taskflow.py for tasks to queue
[2024-06-18T11:04:20.539+0545] {logging_mixin.py:188} INFO - [2024-06-18T11:04:20.538+0545] {dagbag.py:545} INFO - Filling up the DagBag from /home/manisha/airflow_env/lib/python3.10/site-packages/airflow/example_dags/example_setup_teardown_taskflow.py
[2024-06-18T11:04:20.571+0545] {processor.py:840} INFO - DAG(s) 'example_setup_teardown_taskflow' retrieved from /home/manisha/airflow_env/lib/python3.10/site-packages/airflow/example_dags/example_setup_teardown_taskflow.py
[2024-06-18T11:04:20.591+0545] {logging_mixin.py:188} INFO - [2024-06-18T11:04:20.590+0545] {dag.py:3096} INFO - Sync 1 DAGs
[2024-06-18T11:04:20.608+0545] {logging_mixin.py:188} INFO - [2024-06-18T11:04:20.607+0545] {dag.py:3954} INFO - Setting next_dagrun for example_setup_teardown_taskflow to 2024-06-17 00:00:00+00:00, run_after=2024-06-18 00:00:00+00:00
[2024-06-18T11:04:20.715+0545] {processor.py:183} INFO - Processing /home/manisha/airflow_env/lib/python3.10/site-packages/airflow/example_dags/example_setup_teardown_taskflow.py took 0.226 seconds
[2024-06-18T11:05:22.118+0545] {processor.py:161} INFO - Started process (PID=4674) to work on /home/manisha/airflow_env/lib/python3.10/site-packages/airflow/example_dags/example_setup_teardown_taskflow.py
[2024-06-18T11:05:22.140+0545] {processor.py:830} INFO - Processing file /home/manisha/airflow_env/lib/python3.10/site-packages/airflow/example_dags/example_setup_teardown_taskflow.py for tasks to queue
[2024-06-18T11:05:22.143+0545] {logging_mixin.py:188} INFO - [2024-06-18T11:05:22.143+0545] {dagbag.py:545} INFO - Filling up the DagBag from /home/manisha/airflow_env/lib/python3.10/site-packages/airflow/example_dags/example_setup_teardown_taskflow.py
[2024-06-18T11:05:22.158+0545] {processor.py:840} INFO - DAG(s) 'example_setup_teardown_taskflow' retrieved from /home/manisha/airflow_env/lib/python3.10/site-packages/airflow/example_dags/example_setup_teardown_taskflow.py
[2024-06-18T11:05:22.181+0545] {logging_mixin.py:188} INFO - [2024-06-18T11:05:22.181+0545] {dag.py:3096} INFO - Sync 1 DAGs
[2024-06-18T11:05:22.198+0545] {logging_mixin.py:188} INFO - [2024-06-18T11:05:22.198+0545] {dag.py:3954} INFO - Setting next_dagrun for example_setup_teardown_taskflow to 2024-06-17 00:00:00+00:00, run_after=2024-06-18 00:00:00+00:00
[2024-06-18T11:05:22.309+0545] {processor.py:183} INFO - Processing /home/manisha/airflow_env/lib/python3.10/site-packages/airflow/example_dags/example_setup_teardown_taskflow.py took 0.202 seconds
[2024-06-18T11:06:07.452+0545] {processor.py:161} INFO - Started process (PID=4773) to work on /home/manisha/airflow_env/lib/python3.10/site-packages/airflow/example_dags/example_setup_teardown_taskflow.py
[2024-06-18T11:06:07.479+0545] {processor.py:830} INFO - Processing file /home/manisha/airflow_env/lib/python3.10/site-packages/airflow/example_dags/example_setup_teardown_taskflow.py for tasks to queue
[2024-06-18T11:06:07.484+0545] {logging_mixin.py:188} INFO - [2024-06-18T11:06:07.483+0545] {dagbag.py:545} INFO - Filling up the DagBag from /home/manisha/airflow_env/lib/python3.10/site-packages/airflow/example_dags/example_setup_teardown_taskflow.py
[2024-06-18T11:06:07.512+0545] {processor.py:840} INFO - DAG(s) 'example_setup_teardown_taskflow' retrieved from /home/manisha/airflow_env/lib/python3.10/site-packages/airflow/example_dags/example_setup_teardown_taskflow.py
[2024-06-18T11:06:07.532+0545] {logging_mixin.py:188} INFO - [2024-06-18T11:06:07.531+0545] {dag.py:3096} INFO - Sync 1 DAGs
[2024-06-18T11:06:07.554+0545] {logging_mixin.py:188} INFO - [2024-06-18T11:06:07.554+0545] {dag.py:3954} INFO - Setting next_dagrun for example_setup_teardown_taskflow to 2024-06-17 00:00:00+00:00, run_after=2024-06-18 00:00:00+00:00
[2024-06-18T11:06:07.635+0545] {processor.py:183} INFO - Processing /home/manisha/airflow_env/lib/python3.10/site-packages/airflow/example_dags/example_setup_teardown_taskflow.py took 0.189 seconds
[2024-06-18T11:07:08.337+0545] {processor.py:161} INFO - Started process (PID=4921) to work on /home/manisha/airflow_env/lib/python3.10/site-packages/airflow/example_dags/example_setup_teardown_taskflow.py
[2024-06-18T11:07:08.389+0545] {processor.py:830} INFO - Processing file /home/manisha/airflow_env/lib/python3.10/site-packages/airflow/example_dags/example_setup_teardown_taskflow.py for tasks to queue
[2024-06-18T11:07:08.395+0545] {logging_mixin.py:188} INFO - [2024-06-18T11:07:08.394+0545] {dagbag.py:545} INFO - Filling up the DagBag from /home/manisha/airflow_env/lib/python3.10/site-packages/airflow/example_dags/example_setup_teardown_taskflow.py
[2024-06-18T11:07:08.417+0545] {processor.py:840} INFO - DAG(s) 'example_setup_teardown_taskflow' retrieved from /home/manisha/airflow_env/lib/python3.10/site-packages/airflow/example_dags/example_setup_teardown_taskflow.py
[2024-06-18T11:07:08.434+0545] {logging_mixin.py:188} INFO - [2024-06-18T11:07:08.433+0545] {dag.py:3096} INFO - Sync 1 DAGs
[2024-06-18T11:07:08.452+0545] {logging_mixin.py:188} INFO - [2024-06-18T11:07:08.451+0545] {dag.py:3954} INFO - Setting next_dagrun for example_setup_teardown_taskflow to 2024-06-17 00:00:00+00:00, run_after=2024-06-18 00:00:00+00:00
[2024-06-18T11:07:08.535+0545] {processor.py:183} INFO - Processing /home/manisha/airflow_env/lib/python3.10/site-packages/airflow/example_dags/example_setup_teardown_taskflow.py took 0.205 seconds
[2024-06-18T11:08:03.952+0545] {processor.py:161} INFO - Started process (PID=4973) to work on /home/manisha/airflow_env/lib/python3.10/site-packages/airflow/example_dags/example_setup_teardown_taskflow.py
[2024-06-18T11:08:03.953+0545] {processor.py:830} INFO - Processing file /home/manisha/airflow_env/lib/python3.10/site-packages/airflow/example_dags/example_setup_teardown_taskflow.py for tasks to queue
[2024-06-18T11:08:03.955+0545] {logging_mixin.py:188} INFO - [2024-06-18T11:08:03.955+0545] {dagbag.py:545} INFO - Filling up the DagBag from /home/manisha/airflow_env/lib/python3.10/site-packages/airflow/example_dags/example_setup_teardown_taskflow.py
[2024-06-18T11:08:03.968+0545] {processor.py:840} INFO - DAG(s) 'example_setup_teardown_taskflow' retrieved from /home/manisha/airflow_env/lib/python3.10/site-packages/airflow/example_dags/example_setup_teardown_taskflow.py
[2024-06-18T11:08:03.987+0545] {logging_mixin.py:188} INFO - [2024-06-18T11:08:03.987+0545] {dag.py:3096} INFO - Sync 1 DAGs
[2024-06-18T11:08:04.004+0545] {logging_mixin.py:188} INFO - [2024-06-18T11:08:04.004+0545] {dag.py:3954} INFO - Setting next_dagrun for example_setup_teardown_taskflow to 2024-06-17 00:00:00+00:00, run_after=2024-06-18 00:00:00+00:00
[2024-06-18T11:08:04.119+0545] {processor.py:183} INFO - Processing /home/manisha/airflow_env/lib/python3.10/site-packages/airflow/example_dags/example_setup_teardown_taskflow.py took 0.174 seconds
[2024-06-18T11:09:05.530+0545] {processor.py:161} INFO - Started process (PID=5618) to work on /home/manisha/airflow_env/lib/python3.10/site-packages/airflow/example_dags/example_setup_teardown_taskflow.py
[2024-06-18T11:09:05.533+0545] {processor.py:830} INFO - Processing file /home/manisha/airflow_env/lib/python3.10/site-packages/airflow/example_dags/example_setup_teardown_taskflow.py for tasks to queue
[2024-06-18T11:09:05.537+0545] {logging_mixin.py:188} INFO - [2024-06-18T11:09:05.536+0545] {dagbag.py:545} INFO - Filling up the DagBag from /home/manisha/airflow_env/lib/python3.10/site-packages/airflow/example_dags/example_setup_teardown_taskflow.py
[2024-06-18T11:09:05.557+0545] {processor.py:840} INFO - DAG(s) 'example_setup_teardown_taskflow' retrieved from /home/manisha/airflow_env/lib/python3.10/site-packages/airflow/example_dags/example_setup_teardown_taskflow.py
[2024-06-18T11:09:05.575+0545] {logging_mixin.py:188} INFO - [2024-06-18T11:09:05.575+0545] {dag.py:3096} INFO - Sync 1 DAGs
[2024-06-18T11:09:05.594+0545] {logging_mixin.py:188} INFO - [2024-06-18T11:09:05.594+0545] {dag.py:3954} INFO - Setting next_dagrun for example_setup_teardown_taskflow to 2024-06-17 00:00:00+00:00, run_after=2024-06-18 00:00:00+00:00
[2024-06-18T11:09:05.663+0545] {processor.py:183} INFO - Processing /home/manisha/airflow_env/lib/python3.10/site-packages/airflow/example_dags/example_setup_teardown_taskflow.py took 0.150 seconds
[2024-06-18T11:10:05.842+0545] {processor.py:161} INFO - Started process (PID=5677) to work on /home/manisha/airflow_env/lib/python3.10/site-packages/airflow/example_dags/example_setup_teardown_taskflow.py
[2024-06-18T11:10:05.881+0545] {processor.py:830} INFO - Processing file /home/manisha/airflow_env/lib/python3.10/site-packages/airflow/example_dags/example_setup_teardown_taskflow.py for tasks to queue
[2024-06-18T11:10:05.884+0545] {logging_mixin.py:188} INFO - [2024-06-18T11:10:05.883+0545] {dagbag.py:545} INFO - Filling up the DagBag from /home/manisha/airflow_env/lib/python3.10/site-packages/airflow/example_dags/example_setup_teardown_taskflow.py
[2024-06-18T11:10:05.916+0545] {processor.py:840} INFO - DAG(s) 'example_setup_teardown_taskflow' retrieved from /home/manisha/airflow_env/lib/python3.10/site-packages/airflow/example_dags/example_setup_teardown_taskflow.py
[2024-06-18T11:10:05.938+0545] {logging_mixin.py:188} INFO - [2024-06-18T11:10:05.938+0545] {dag.py:3096} INFO - Sync 1 DAGs
[2024-06-18T11:10:05.955+0545] {logging_mixin.py:188} INFO - [2024-06-18T11:10:05.955+0545] {dag.py:3954} INFO - Setting next_dagrun for example_setup_teardown_taskflow to 2024-06-17 00:00:00+00:00, run_after=2024-06-18 00:00:00+00:00
[2024-06-18T11:10:06.020+0545] {processor.py:183} INFO - Processing /home/manisha/airflow_env/lib/python3.10/site-packages/airflow/example_dags/example_setup_teardown_taskflow.py took 0.183 seconds
[2024-06-18T11:43:59.855+0545] {processor.py:161} INFO - Started process (PID=8300) to work on /home/manisha/airflow_env/lib/python3.10/site-packages/airflow/example_dags/example_setup_teardown_taskflow.py
[2024-06-18T11:43:59.858+0545] {processor.py:830} INFO - Processing file /home/manisha/airflow_env/lib/python3.10/site-packages/airflow/example_dags/example_setup_teardown_taskflow.py for tasks to queue
[2024-06-18T11:43:59.860+0545] {logging_mixin.py:188} INFO - [2024-06-18T11:43:59.859+0545] {dagbag.py:545} INFO - Filling up the DagBag from /home/manisha/airflow_env/lib/python3.10/site-packages/airflow/example_dags/example_setup_teardown_taskflow.py
[2024-06-18T11:43:59.871+0545] {processor.py:840} INFO - DAG(s) 'example_setup_teardown_taskflow' retrieved from /home/manisha/airflow_env/lib/python3.10/site-packages/airflow/example_dags/example_setup_teardown_taskflow.py
[2024-06-18T11:43:59.887+0545] {logging_mixin.py:188} INFO - [2024-06-18T11:43:59.887+0545] {dag.py:3096} INFO - Sync 1 DAGs
[2024-06-18T11:43:59.911+0545] {logging_mixin.py:188} INFO - [2024-06-18T11:43:59.911+0545] {dag.py:3954} INFO - Setting next_dagrun for example_setup_teardown_taskflow to 2024-06-17 00:00:00+00:00, run_after=2024-06-18 00:00:00+00:00
[2024-06-18T11:43:59.995+0545] {processor.py:183} INFO - Processing /home/manisha/airflow_env/lib/python3.10/site-packages/airflow/example_dags/example_setup_teardown_taskflow.py took 0.146 seconds
[2024-06-18T11:44:31.630+0545] {processor.py:161} INFO - Started process (PID=8362) to work on /home/manisha/airflow_env/lib/python3.10/site-packages/airflow/example_dags/example_setup_teardown_taskflow.py
[2024-06-18T11:44:31.656+0545] {processor.py:830} INFO - Processing file /home/manisha/airflow_env/lib/python3.10/site-packages/airflow/example_dags/example_setup_teardown_taskflow.py for tasks to queue
[2024-06-18T11:44:31.658+0545] {logging_mixin.py:188} INFO - [2024-06-18T11:44:31.657+0545] {dagbag.py:545} INFO - Filling up the DagBag from /home/manisha/airflow_env/lib/python3.10/site-packages/airflow/example_dags/example_setup_teardown_taskflow.py
[2024-06-18T11:44:31.667+0545] {processor.py:840} INFO - DAG(s) 'example_setup_teardown_taskflow' retrieved from /home/manisha/airflow_env/lib/python3.10/site-packages/airflow/example_dags/example_setup_teardown_taskflow.py
[2024-06-18T11:44:31.870+0545] {logging_mixin.py:188} INFO - [2024-06-18T11:44:31.870+0545] {dag.py:3096} INFO - Sync 1 DAGs
[2024-06-18T11:44:31.888+0545] {logging_mixin.py:188} INFO - [2024-06-18T11:44:31.888+0545] {dag.py:3954} INFO - Setting next_dagrun for example_setup_teardown_taskflow to 2024-06-17 00:00:00+00:00, run_after=2024-06-18 00:00:00+00:00
[2024-06-18T11:44:32.023+0545] {processor.py:183} INFO - Processing /home/manisha/airflow_env/lib/python3.10/site-packages/airflow/example_dags/example_setup_teardown_taskflow.py took 0.398 seconds
[2024-06-18T11:45:02.877+0545] {processor.py:161} INFO - Started process (PID=8416) to work on /home/manisha/airflow_env/lib/python3.10/site-packages/airflow/example_dags/example_setup_teardown_taskflow.py
[2024-06-18T11:45:02.887+0545] {processor.py:830} INFO - Processing file /home/manisha/airflow_env/lib/python3.10/site-packages/airflow/example_dags/example_setup_teardown_taskflow.py for tasks to queue
[2024-06-18T11:45:02.889+0545] {logging_mixin.py:188} INFO - [2024-06-18T11:45:02.888+0545] {dagbag.py:545} INFO - Filling up the DagBag from /home/manisha/airflow_env/lib/python3.10/site-packages/airflow/example_dags/example_setup_teardown_taskflow.py
[2024-06-18T11:45:02.901+0545] {processor.py:840} INFO - DAG(s) 'example_setup_teardown_taskflow' retrieved from /home/manisha/airflow_env/lib/python3.10/site-packages/airflow/example_dags/example_setup_teardown_taskflow.py
[2024-06-18T11:45:02.927+0545] {logging_mixin.py:188} INFO - [2024-06-18T11:45:02.927+0545] {dag.py:3096} INFO - Sync 1 DAGs
[2024-06-18T11:45:03.025+0545] {logging_mixin.py:188} INFO - [2024-06-18T11:45:03.025+0545] {dag.py:3954} INFO - Setting next_dagrun for example_setup_teardown_taskflow to 2024-06-17 00:00:00+00:00, run_after=2024-06-18 00:00:00+00:00
[2024-06-18T11:45:03.112+0545] {processor.py:183} INFO - Processing /home/manisha/airflow_env/lib/python3.10/site-packages/airflow/example_dags/example_setup_teardown_taskflow.py took 0.242 seconds
[2024-06-18T11:45:33.970+0545] {processor.py:161} INFO - Started process (PID=8467) to work on /home/manisha/airflow_env/lib/python3.10/site-packages/airflow/example_dags/example_setup_teardown_taskflow.py
[2024-06-18T11:45:33.971+0545] {processor.py:830} INFO - Processing file /home/manisha/airflow_env/lib/python3.10/site-packages/airflow/example_dags/example_setup_teardown_taskflow.py for tasks to queue
[2024-06-18T11:45:33.973+0545] {logging_mixin.py:188} INFO - [2024-06-18T11:45:33.973+0545] {dagbag.py:545} INFO - Filling up the DagBag from /home/manisha/airflow_env/lib/python3.10/site-packages/airflow/example_dags/example_setup_teardown_taskflow.py
[2024-06-18T11:45:33.985+0545] {processor.py:840} INFO - DAG(s) 'example_setup_teardown_taskflow' retrieved from /home/manisha/airflow_env/lib/python3.10/site-packages/airflow/example_dags/example_setup_teardown_taskflow.py
[2024-06-18T11:45:34.010+0545] {logging_mixin.py:188} INFO - [2024-06-18T11:45:34.009+0545] {dag.py:3096} INFO - Sync 1 DAGs
[2024-06-18T11:45:34.028+0545] {logging_mixin.py:188} INFO - [2024-06-18T11:45:34.028+0545] {dag.py:3954} INFO - Setting next_dagrun for example_setup_teardown_taskflow to 2024-06-17 00:00:00+00:00, run_after=2024-06-18 00:00:00+00:00
[2024-06-18T11:45:34.115+0545] {processor.py:183} INFO - Processing /home/manisha/airflow_env/lib/python3.10/site-packages/airflow/example_dags/example_setup_teardown_taskflow.py took 0.158 seconds
[2024-06-18T11:46:04.255+0545] {processor.py:161} INFO - Started process (PID=8520) to work on /home/manisha/airflow_env/lib/python3.10/site-packages/airflow/example_dags/example_setup_teardown_taskflow.py
[2024-06-18T11:46:04.263+0545] {processor.py:830} INFO - Processing file /home/manisha/airflow_env/lib/python3.10/site-packages/airflow/example_dags/example_setup_teardown_taskflow.py for tasks to queue
[2024-06-18T11:46:04.265+0545] {logging_mixin.py:188} INFO - [2024-06-18T11:46:04.265+0545] {dagbag.py:545} INFO - Filling up the DagBag from /home/manisha/airflow_env/lib/python3.10/site-packages/airflow/example_dags/example_setup_teardown_taskflow.py
[2024-06-18T11:46:04.276+0545] {processor.py:840} INFO - DAG(s) 'example_setup_teardown_taskflow' retrieved from /home/manisha/airflow_env/lib/python3.10/site-packages/airflow/example_dags/example_setup_teardown_taskflow.py
[2024-06-18T11:46:04.306+0545] {logging_mixin.py:188} INFO - [2024-06-18T11:46:04.306+0545] {dag.py:3096} INFO - Sync 1 DAGs
[2024-06-18T11:46:04.328+0545] {logging_mixin.py:188} INFO - [2024-06-18T11:46:04.328+0545] {dag.py:3954} INFO - Setting next_dagrun for example_setup_teardown_taskflow to 2024-06-17 00:00:00+00:00, run_after=2024-06-18 00:00:00+00:00
[2024-06-18T11:46:04.415+0545] {processor.py:183} INFO - Processing /home/manisha/airflow_env/lib/python3.10/site-packages/airflow/example_dags/example_setup_teardown_taskflow.py took 0.171 seconds
[2024-06-18T11:46:35.050+0545] {processor.py:161} INFO - Started process (PID=8571) to work on /home/manisha/airflow_env/lib/python3.10/site-packages/airflow/example_dags/example_setup_teardown_taskflow.py
[2024-06-18T11:46:35.051+0545] {processor.py:830} INFO - Processing file /home/manisha/airflow_env/lib/python3.10/site-packages/airflow/example_dags/example_setup_teardown_taskflow.py for tasks to queue
[2024-06-18T11:46:35.052+0545] {logging_mixin.py:188} INFO - [2024-06-18T11:46:35.052+0545] {dagbag.py:545} INFO - Filling up the DagBag from /home/manisha/airflow_env/lib/python3.10/site-packages/airflow/example_dags/example_setup_teardown_taskflow.py
[2024-06-18T11:46:35.063+0545] {processor.py:840} INFO - DAG(s) 'example_setup_teardown_taskflow' retrieved from /home/manisha/airflow_env/lib/python3.10/site-packages/airflow/example_dags/example_setup_teardown_taskflow.py
[2024-06-18T11:46:35.090+0545] {logging_mixin.py:188} INFO - [2024-06-18T11:46:35.089+0545] {dag.py:3096} INFO - Sync 1 DAGs
[2024-06-18T11:46:35.109+0545] {logging_mixin.py:188} INFO - [2024-06-18T11:46:35.109+0545] {dag.py:3954} INFO - Setting next_dagrun for example_setup_teardown_taskflow to 2024-06-17 00:00:00+00:00, run_after=2024-06-18 00:00:00+00:00
[2024-06-18T11:46:35.239+0545] {processor.py:183} INFO - Processing /home/manisha/airflow_env/lib/python3.10/site-packages/airflow/example_dags/example_setup_teardown_taskflow.py took 0.195 seconds
[2024-06-18T11:47:05.599+0545] {processor.py:161} INFO - Started process (PID=8622) to work on /home/manisha/airflow_env/lib/python3.10/site-packages/airflow/example_dags/example_setup_teardown_taskflow.py
[2024-06-18T11:47:05.609+0545] {processor.py:830} INFO - Processing file /home/manisha/airflow_env/lib/python3.10/site-packages/airflow/example_dags/example_setup_teardown_taskflow.py for tasks to queue
[2024-06-18T11:47:05.610+0545] {logging_mixin.py:188} INFO - [2024-06-18T11:47:05.610+0545] {dagbag.py:545} INFO - Filling up the DagBag from /home/manisha/airflow_env/lib/python3.10/site-packages/airflow/example_dags/example_setup_teardown_taskflow.py
[2024-06-18T11:47:05.623+0545] {processor.py:840} INFO - DAG(s) 'example_setup_teardown_taskflow' retrieved from /home/manisha/airflow_env/lib/python3.10/site-packages/airflow/example_dags/example_setup_teardown_taskflow.py
[2024-06-18T11:47:05.657+0545] {logging_mixin.py:188} INFO - [2024-06-18T11:47:05.657+0545] {dag.py:3096} INFO - Sync 1 DAGs
[2024-06-18T11:47:05.676+0545] {logging_mixin.py:188} INFO - [2024-06-18T11:47:05.676+0545] {dag.py:3954} INFO - Setting next_dagrun for example_setup_teardown_taskflow to 2024-06-17 00:00:00+00:00, run_after=2024-06-18 00:00:00+00:00
[2024-06-18T11:47:05.796+0545] {processor.py:183} INFO - Processing /home/manisha/airflow_env/lib/python3.10/site-packages/airflow/example_dags/example_setup_teardown_taskflow.py took 0.204 seconds
[2024-06-18T11:47:35.994+0545] {processor.py:161} INFO - Started process (PID=8673) to work on /home/manisha/airflow_env/lib/python3.10/site-packages/airflow/example_dags/example_setup_teardown_taskflow.py
[2024-06-18T11:47:35.995+0545] {processor.py:830} INFO - Processing file /home/manisha/airflow_env/lib/python3.10/site-packages/airflow/example_dags/example_setup_teardown_taskflow.py for tasks to queue
[2024-06-18T11:47:35.997+0545] {logging_mixin.py:188} INFO - [2024-06-18T11:47:35.996+0545] {dagbag.py:545} INFO - Filling up the DagBag from /home/manisha/airflow_env/lib/python3.10/site-packages/airflow/example_dags/example_setup_teardown_taskflow.py
[2024-06-18T11:47:36.008+0545] {processor.py:840} INFO - DAG(s) 'example_setup_teardown_taskflow' retrieved from /home/manisha/airflow_env/lib/python3.10/site-packages/airflow/example_dags/example_setup_teardown_taskflow.py
[2024-06-18T11:47:36.035+0545] {logging_mixin.py:188} INFO - [2024-06-18T11:47:36.035+0545] {dag.py:3096} INFO - Sync 1 DAGs
[2024-06-18T11:47:36.054+0545] {logging_mixin.py:188} INFO - [2024-06-18T11:47:36.054+0545] {dag.py:3954} INFO - Setting next_dagrun for example_setup_teardown_taskflow to 2024-06-17 00:00:00+00:00, run_after=2024-06-18 00:00:00+00:00
[2024-06-18T11:47:36.227+0545] {processor.py:183} INFO - Processing /home/manisha/airflow_env/lib/python3.10/site-packages/airflow/example_dags/example_setup_teardown_taskflow.py took 0.241 seconds
[2024-06-18T11:48:30.269+0545] {processor.py:161} INFO - Started process (PID=8749) to work on /home/manisha/airflow_env/lib/python3.10/site-packages/airflow/example_dags/example_setup_teardown_taskflow.py
[2024-06-18T11:48:30.308+0545] {processor.py:830} INFO - Processing file /home/manisha/airflow_env/lib/python3.10/site-packages/airflow/example_dags/example_setup_teardown_taskflow.py for tasks to queue
[2024-06-18T11:48:30.310+0545] {logging_mixin.py:188} INFO - [2024-06-18T11:48:30.309+0545] {dagbag.py:545} INFO - Filling up the DagBag from /home/manisha/airflow_env/lib/python3.10/site-packages/airflow/example_dags/example_setup_teardown_taskflow.py
[2024-06-18T11:48:30.322+0545] {processor.py:840} INFO - DAG(s) 'example_setup_teardown_taskflow' retrieved from /home/manisha/airflow_env/lib/python3.10/site-packages/airflow/example_dags/example_setup_teardown_taskflow.py
[2024-06-18T11:48:30.338+0545] {logging_mixin.py:188} INFO - [2024-06-18T11:48:30.337+0545] {dag.py:3096} INFO - Sync 1 DAGs
[2024-06-18T11:48:30.361+0545] {logging_mixin.py:188} INFO - [2024-06-18T11:48:30.361+0545] {dag.py:3954} INFO - Setting next_dagrun for example_setup_teardown_taskflow to 2024-06-17 00:00:00+00:00, run_after=2024-06-18 00:00:00+00:00
[2024-06-18T11:48:30.433+0545] {processor.py:183} INFO - Processing /home/manisha/airflow_env/lib/python3.10/site-packages/airflow/example_dags/example_setup_teardown_taskflow.py took 0.169 seconds
[2024-06-18T11:49:02.437+0545] {processor.py:161} INFO - Started process (PID=8863) to work on /home/manisha/airflow_env/lib/python3.10/site-packages/airflow/example_dags/example_setup_teardown_taskflow.py
[2024-06-18T11:49:02.437+0545] {processor.py:830} INFO - Processing file /home/manisha/airflow_env/lib/python3.10/site-packages/airflow/example_dags/example_setup_teardown_taskflow.py for tasks to queue
[2024-06-18T11:49:02.439+0545] {logging_mixin.py:188} INFO - [2024-06-18T11:49:02.438+0545] {dagbag.py:545} INFO - Filling up the DagBag from /home/manisha/airflow_env/lib/python3.10/site-packages/airflow/example_dags/example_setup_teardown_taskflow.py
[2024-06-18T11:49:02.449+0545] {processor.py:840} INFO - DAG(s) 'example_setup_teardown_taskflow' retrieved from /home/manisha/airflow_env/lib/python3.10/site-packages/airflow/example_dags/example_setup_teardown_taskflow.py
[2024-06-18T11:49:02.650+0545] {logging_mixin.py:188} INFO - [2024-06-18T11:49:02.650+0545] {dag.py:3096} INFO - Sync 1 DAGs
[2024-06-18T11:49:02.681+0545] {logging_mixin.py:188} INFO - [2024-06-18T11:49:02.681+0545] {dag.py:3954} INFO - Setting next_dagrun for example_setup_teardown_taskflow to 2024-06-17 00:00:00+00:00, run_after=2024-06-18 00:00:00+00:00
[2024-06-18T11:49:02.795+0545] {processor.py:183} INFO - Processing /home/manisha/airflow_env/lib/python3.10/site-packages/airflow/example_dags/example_setup_teardown_taskflow.py took 0.364 seconds
[2024-06-18T11:49:33.050+0545] {processor.py:161} INFO - Started process (PID=8934) to work on /home/manisha/airflow_env/lib/python3.10/site-packages/airflow/example_dags/example_setup_teardown_taskflow.py
[2024-06-18T11:49:33.059+0545] {processor.py:830} INFO - Processing file /home/manisha/airflow_env/lib/python3.10/site-packages/airflow/example_dags/example_setup_teardown_taskflow.py for tasks to queue
[2024-06-18T11:49:33.061+0545] {logging_mixin.py:188} INFO - [2024-06-18T11:49:33.061+0545] {dagbag.py:545} INFO - Filling up the DagBag from /home/manisha/airflow_env/lib/python3.10/site-packages/airflow/example_dags/example_setup_teardown_taskflow.py
[2024-06-18T11:49:33.069+0545] {processor.py:840} INFO - DAG(s) 'example_setup_teardown_taskflow' retrieved from /home/manisha/airflow_env/lib/python3.10/site-packages/airflow/example_dags/example_setup_teardown_taskflow.py
[2024-06-18T11:49:33.092+0545] {logging_mixin.py:188} INFO - [2024-06-18T11:49:33.092+0545] {dag.py:3096} INFO - Sync 1 DAGs
[2024-06-18T11:49:33.193+0545] {logging_mixin.py:188} INFO - [2024-06-18T11:49:33.193+0545] {dag.py:3954} INFO - Setting next_dagrun for example_setup_teardown_taskflow to 2024-06-17 00:00:00+00:00, run_after=2024-06-18 00:00:00+00:00
[2024-06-18T11:49:33.295+0545] {processor.py:183} INFO - Processing /home/manisha/airflow_env/lib/python3.10/site-packages/airflow/example_dags/example_setup_teardown_taskflow.py took 0.251 seconds
[2024-06-18T11:50:03.667+0545] {processor.py:161} INFO - Started process (PID=8990) to work on /home/manisha/airflow_env/lib/python3.10/site-packages/airflow/example_dags/example_setup_teardown_taskflow.py
[2024-06-18T11:50:03.668+0545] {processor.py:830} INFO - Processing file /home/manisha/airflow_env/lib/python3.10/site-packages/airflow/example_dags/example_setup_teardown_taskflow.py for tasks to queue
[2024-06-18T11:50:03.669+0545] {logging_mixin.py:188} INFO - [2024-06-18T11:50:03.669+0545] {dagbag.py:545} INFO - Filling up the DagBag from /home/manisha/airflow_env/lib/python3.10/site-packages/airflow/example_dags/example_setup_teardown_taskflow.py
[2024-06-18T11:50:03.678+0545] {processor.py:840} INFO - DAG(s) 'example_setup_teardown_taskflow' retrieved from /home/manisha/airflow_env/lib/python3.10/site-packages/airflow/example_dags/example_setup_teardown_taskflow.py
[2024-06-18T11:50:03.702+0545] {logging_mixin.py:188} INFO - [2024-06-18T11:50:03.702+0545] {dag.py:3096} INFO - Sync 1 DAGs
[2024-06-18T11:50:03.720+0545] {logging_mixin.py:188} INFO - [2024-06-18T11:50:03.720+0545] {dag.py:3954} INFO - Setting next_dagrun for example_setup_teardown_taskflow to 2024-06-17 00:00:00+00:00, run_after=2024-06-18 00:00:00+00:00
[2024-06-18T11:50:03.915+0545] {processor.py:183} INFO - Processing /home/manisha/airflow_env/lib/python3.10/site-packages/airflow/example_dags/example_setup_teardown_taskflow.py took 0.254 seconds
[2024-06-18T11:50:34.302+0545] {processor.py:161} INFO - Started process (PID=9049) to work on /home/manisha/airflow_env/lib/python3.10/site-packages/airflow/example_dags/example_setup_teardown_taskflow.py
[2024-06-18T11:50:34.346+0545] {processor.py:830} INFO - Processing file /home/manisha/airflow_env/lib/python3.10/site-packages/airflow/example_dags/example_setup_teardown_taskflow.py for tasks to queue
[2024-06-18T11:50:34.351+0545] {logging_mixin.py:188} INFO - [2024-06-18T11:50:34.350+0545] {dagbag.py:545} INFO - Filling up the DagBag from /home/manisha/airflow_env/lib/python3.10/site-packages/airflow/example_dags/example_setup_teardown_taskflow.py
[2024-06-18T11:50:34.379+0545] {processor.py:840} INFO - DAG(s) 'example_setup_teardown_taskflow' retrieved from /home/manisha/airflow_env/lib/python3.10/site-packages/airflow/example_dags/example_setup_teardown_taskflow.py
[2024-06-18T11:50:34.407+0545] {logging_mixin.py:188} INFO - [2024-06-18T11:50:34.406+0545] {dag.py:3096} INFO - Sync 1 DAGs
[2024-06-18T11:50:34.426+0545] {logging_mixin.py:188} INFO - [2024-06-18T11:50:34.426+0545] {dag.py:3954} INFO - Setting next_dagrun for example_setup_teardown_taskflow to 2024-06-17 00:00:00+00:00, run_after=2024-06-18 00:00:00+00:00
[2024-06-18T11:50:34.617+0545] {processor.py:183} INFO - Processing /home/manisha/airflow_env/lib/python3.10/site-packages/airflow/example_dags/example_setup_teardown_taskflow.py took 0.322 seconds
[2024-06-18T11:50:57.213+0545] {processor.py:161} INFO - Started process (PID=9311) to work on /home/manisha/airflow_env/lib/python3.10/site-packages/airflow/example_dags/example_setup_teardown_taskflow.py
[2024-06-18T11:50:57.215+0545] {processor.py:830} INFO - Processing file /home/manisha/airflow_env/lib/python3.10/site-packages/airflow/example_dags/example_setup_teardown_taskflow.py for tasks to queue
[2024-06-18T11:50:57.217+0545] {logging_mixin.py:188} INFO - [2024-06-18T11:50:57.216+0545] {dagbag.py:545} INFO - Filling up the DagBag from /home/manisha/airflow_env/lib/python3.10/site-packages/airflow/example_dags/example_setup_teardown_taskflow.py
[2024-06-18T11:50:57.233+0545] {processor.py:840} INFO - DAG(s) 'example_setup_teardown_taskflow' retrieved from /home/manisha/airflow_env/lib/python3.10/site-packages/airflow/example_dags/example_setup_teardown_taskflow.py
[2024-06-18T11:50:57.254+0545] {logging_mixin.py:188} INFO - [2024-06-18T11:50:57.253+0545] {dag.py:3096} INFO - Sync 1 DAGs
[2024-06-18T11:50:57.282+0545] {logging_mixin.py:188} INFO - [2024-06-18T11:50:57.281+0545] {dag.py:3954} INFO - Setting next_dagrun for example_setup_teardown_taskflow to 2024-06-17 00:00:00+00:00, run_after=2024-06-18 00:00:00+00:00
[2024-06-18T11:50:57.432+0545] {processor.py:183} INFO - Processing /home/manisha/airflow_env/lib/python3.10/site-packages/airflow/example_dags/example_setup_teardown_taskflow.py took 0.228 seconds
[2024-06-18T11:51:29.334+0545] {processor.py:161} INFO - Started process (PID=9584) to work on /home/manisha/airflow_env/lib/python3.10/site-packages/airflow/example_dags/example_setup_teardown_taskflow.py
[2024-06-18T11:51:29.362+0545] {processor.py:830} INFO - Processing file /home/manisha/airflow_env/lib/python3.10/site-packages/airflow/example_dags/example_setup_teardown_taskflow.py for tasks to queue
[2024-06-18T11:51:29.363+0545] {logging_mixin.py:188} INFO - [2024-06-18T11:51:29.363+0545] {dagbag.py:545} INFO - Filling up the DagBag from /home/manisha/airflow_env/lib/python3.10/site-packages/airflow/example_dags/example_setup_teardown_taskflow.py
[2024-06-18T11:51:29.378+0545] {processor.py:840} INFO - DAG(s) 'example_setup_teardown_taskflow' retrieved from /home/manisha/airflow_env/lib/python3.10/site-packages/airflow/example_dags/example_setup_teardown_taskflow.py
[2024-06-18T11:51:29.607+0545] {logging_mixin.py:188} INFO - [2024-06-18T11:51:29.607+0545] {dag.py:3096} INFO - Sync 1 DAGs
[2024-06-18T11:51:29.639+0545] {logging_mixin.py:188} INFO - [2024-06-18T11:51:29.639+0545] {dag.py:3954} INFO - Setting next_dagrun for example_setup_teardown_taskflow to 2024-06-17 00:00:00+00:00, run_after=2024-06-18 00:00:00+00:00
[2024-06-18T11:51:30.044+0545] {processor.py:183} INFO - Processing /home/manisha/airflow_env/lib/python3.10/site-packages/airflow/example_dags/example_setup_teardown_taskflow.py took 0.718 seconds
