[2024-06-18T10:57:56.999+0545] {processor.py:161} INFO - Started process (PID=4071) to work on /home/manisha/airflow_env/lib/python3.10/site-packages/airflow/example_dags/example_branch_datetime_operator.py
[2024-06-18T10:57:57.001+0545] {processor.py:830} INFO - Processing file /home/manisha/airflow_env/lib/python3.10/site-packages/airflow/example_dags/example_branch_datetime_operator.py for tasks to queue
[2024-06-18T10:57:57.003+0545] {logging_mixin.py:188} INFO - [2024-06-18T10:57:57.002+0545] {dagbag.py:545} INFO - Filling up the DagBag from /home/manisha/airflow_env/lib/python3.10/site-packages/airflow/example_dags/example_branch_datetime_operator.py
[2024-06-18T10:57:57.020+0545] {processor.py:840} INFO - DAG(s) 'example_branch_datetime_operator_3', 'example_branch_datetime_operator', 'example_branch_datetime_operator_2' retrieved from /home/manisha/airflow_env/lib/python3.10/site-packages/airflow/example_dags/example_branch_datetime_operator.py
[2024-06-18T10:57:57.400+0545] {logging_mixin.py:188} INFO - [2024-06-18T10:57:57.398+0545] {override.py:1829} INFO - Created Permission View: can edit on DAG:example_branch_datetime_operator_3
[2024-06-18T10:57:57.490+0545] {logging_mixin.py:188} INFO - [2024-06-18T10:57:57.489+0545] {override.py:1829} INFO - Created Permission View: can read on DAG:example_branch_datetime_operator_3
[2024-06-18T10:57:57.546+0545] {logging_mixin.py:188} INFO - [2024-06-18T10:57:57.546+0545] {override.py:1829} INFO - Created Permission View: can delete on DAG:example_branch_datetime_operator_3
[2024-06-18T10:57:57.683+0545] {logging_mixin.py:188} INFO - [2024-06-18T10:57:57.683+0545] {override.py:1829} INFO - Created Permission View: can edit on DAG:example_branch_datetime_operator
[2024-06-18T10:57:57.729+0545] {logging_mixin.py:188} INFO - [2024-06-18T10:57:57.729+0545] {override.py:1829} INFO - Created Permission View: can read on DAG:example_branch_datetime_operator
[2024-06-18T10:57:57.808+0545] {logging_mixin.py:188} INFO - [2024-06-18T10:57:57.807+0545] {override.py:1829} INFO - Created Permission View: can delete on DAG:example_branch_datetime_operator
[2024-06-18T10:57:57.966+0545] {logging_mixin.py:188} INFO - [2024-06-18T10:57:57.966+0545] {override.py:1829} INFO - Created Permission View: can edit on DAG:example_branch_datetime_operator_2
[2024-06-18T10:57:58.015+0545] {logging_mixin.py:188} INFO - [2024-06-18T10:57:58.012+0545] {override.py:1829} INFO - Created Permission View: can read on DAG:example_branch_datetime_operator_2
[2024-06-18T10:57:58.082+0545] {logging_mixin.py:188} INFO - [2024-06-18T10:57:58.079+0545] {override.py:1829} INFO - Created Permission View: can delete on DAG:example_branch_datetime_operator_2
[2024-06-18T10:57:58.083+0545] {logging_mixin.py:188} INFO - [2024-06-18T10:57:58.083+0545] {dag.py:3096} INFO - Sync 3 DAGs
[2024-06-18T10:57:58.199+0545] {logging_mixin.py:188} INFO - [2024-06-18T10:57:58.198+0545] {dag.py:3118} INFO - Creating ORM DAG for example_branch_datetime_operator_3
[2024-06-18T10:57:58.199+0545] {logging_mixin.py:188} INFO - [2024-06-18T10:57:58.199+0545] {dag.py:3118} INFO - Creating ORM DAG for example_branch_datetime_operator
[2024-06-18T10:57:58.200+0545] {logging_mixin.py:188} INFO - [2024-06-18T10:57:58.200+0545] {dag.py:3118} INFO - Creating ORM DAG for example_branch_datetime_operator_2
[2024-06-18T10:57:58.212+0545] {logging_mixin.py:188} INFO - [2024-06-18T10:57:58.212+0545] {dag.py:3954} INFO - Setting next_dagrun for example_branch_datetime_operator to 2024-06-17 00:00:00+00:00, run_after=2024-06-18 00:00:00+00:00
[2024-06-18T10:57:58.215+0545] {logging_mixin.py:188} INFO - [2024-06-18T10:57:58.214+0545] {dag.py:3954} INFO - Setting next_dagrun for example_branch_datetime_operator_2 to 2024-06-17 00:00:00+00:00, run_after=2024-06-18 00:00:00+00:00
[2024-06-18T10:57:58.217+0545] {logging_mixin.py:188} INFO - [2024-06-18T10:57:58.217+0545] {dag.py:3954} INFO - Setting next_dagrun for example_branch_datetime_operator_3 to 2024-06-17 00:00:00+00:00, run_after=2024-06-18 00:00:00+00:00
[2024-06-18T10:57:58.321+0545] {processor.py:183} INFO - Processing /home/manisha/airflow_env/lib/python3.10/site-packages/airflow/example_dags/example_branch_datetime_operator.py took 1.333 seconds
[2024-06-18T10:59:09.871+0545] {processor.py:161} INFO - Started process (PID=4192) to work on /home/manisha/airflow_env/lib/python3.10/site-packages/airflow/example_dags/example_branch_datetime_operator.py
[2024-06-18T10:59:09.908+0545] {processor.py:830} INFO - Processing file /home/manisha/airflow_env/lib/python3.10/site-packages/airflow/example_dags/example_branch_datetime_operator.py for tasks to queue
[2024-06-18T10:59:09.914+0545] {logging_mixin.py:188} INFO - [2024-06-18T10:59:09.912+0545] {dagbag.py:545} INFO - Filling up the DagBag from /home/manisha/airflow_env/lib/python3.10/site-packages/airflow/example_dags/example_branch_datetime_operator.py
[2024-06-18T10:59:09.947+0545] {processor.py:840} INFO - DAG(s) 'example_branch_datetime_operator_3', 'example_branch_datetime_operator', 'example_branch_datetime_operator_2' retrieved from /home/manisha/airflow_env/lib/python3.10/site-packages/airflow/example_dags/example_branch_datetime_operator.py
[2024-06-18T10:59:09.969+0545] {logging_mixin.py:188} INFO - [2024-06-18T10:59:09.969+0545] {dag.py:3096} INFO - Sync 3 DAGs
[2024-06-18T10:59:09.987+0545] {logging_mixin.py:188} INFO - [2024-06-18T10:59:09.987+0545] {dag.py:3954} INFO - Setting next_dagrun for example_branch_datetime_operator to 2024-06-17 00:00:00+00:00, run_after=2024-06-18 00:00:00+00:00
[2024-06-18T10:59:09.991+0545] {logging_mixin.py:188} INFO - [2024-06-18T10:59:09.991+0545] {dag.py:3954} INFO - Setting next_dagrun for example_branch_datetime_operator_2 to 2024-06-17 00:00:00+00:00, run_after=2024-06-18 00:00:00+00:00
[2024-06-18T10:59:09.993+0545] {logging_mixin.py:188} INFO - [2024-06-18T10:59:09.993+0545] {dag.py:3954} INFO - Setting next_dagrun for example_branch_datetime_operator_3 to 2024-06-17 00:00:00+00:00, run_after=2024-06-18 00:00:00+00:00
[2024-06-18T10:59:10.186+0545] {processor.py:183} INFO - Processing /home/manisha/airflow_env/lib/python3.10/site-packages/airflow/example_dags/example_branch_datetime_operator.py took 0.321 seconds
[2024-06-18T11:00:14.616+0545] {processor.py:161} INFO - Started process (PID=4247) to work on /home/manisha/airflow_env/lib/python3.10/site-packages/airflow/example_dags/example_branch_datetime_operator.py
[2024-06-18T11:00:14.658+0545] {processor.py:830} INFO - Processing file /home/manisha/airflow_env/lib/python3.10/site-packages/airflow/example_dags/example_branch_datetime_operator.py for tasks to queue
[2024-06-18T11:00:14.664+0545] {logging_mixin.py:188} INFO - [2024-06-18T11:00:14.661+0545] {dagbag.py:545} INFO - Filling up the DagBag from /home/manisha/airflow_env/lib/python3.10/site-packages/airflow/example_dags/example_branch_datetime_operator.py
[2024-06-18T11:00:14.695+0545] {processor.py:840} INFO - DAG(s) 'example_branch_datetime_operator', 'example_branch_datetime_operator_2', 'example_branch_datetime_operator_3' retrieved from /home/manisha/airflow_env/lib/python3.10/site-packages/airflow/example_dags/example_branch_datetime_operator.py
[2024-06-18T11:00:14.717+0545] {logging_mixin.py:188} INFO - [2024-06-18T11:00:14.717+0545] {dag.py:3096} INFO - Sync 3 DAGs
[2024-06-18T11:00:14.735+0545] {logging_mixin.py:188} INFO - [2024-06-18T11:00:14.735+0545] {dag.py:3954} INFO - Setting next_dagrun for example_branch_datetime_operator to 2024-06-17 00:00:00+00:00, run_after=2024-06-18 00:00:00+00:00
[2024-06-18T11:00:14.739+0545] {logging_mixin.py:188} INFO - [2024-06-18T11:00:14.739+0545] {dag.py:3954} INFO - Setting next_dagrun for example_branch_datetime_operator_2 to 2024-06-17 00:00:00+00:00, run_after=2024-06-18 00:00:00+00:00
[2024-06-18T11:00:14.741+0545] {logging_mixin.py:188} INFO - [2024-06-18T11:00:14.741+0545] {dag.py:3954} INFO - Setting next_dagrun for example_branch_datetime_operator_3 to 2024-06-17 00:00:00+00:00, run_after=2024-06-18 00:00:00+00:00
[2024-06-18T11:00:14.910+0545] {processor.py:183} INFO - Processing /home/manisha/airflow_env/lib/python3.10/site-packages/airflow/example_dags/example_branch_datetime_operator.py took 0.299 seconds
[2024-06-18T11:01:14.483+0545] {processor.py:161} INFO - Started process (PID=4389) to work on /home/manisha/airflow_env/lib/python3.10/site-packages/airflow/example_dags/example_branch_datetime_operator.py
[2024-06-18T11:01:14.520+0545] {processor.py:830} INFO - Processing file /home/manisha/airflow_env/lib/python3.10/site-packages/airflow/example_dags/example_branch_datetime_operator.py for tasks to queue
[2024-06-18T11:01:14.524+0545] {logging_mixin.py:188} INFO - [2024-06-18T11:01:14.523+0545] {dagbag.py:545} INFO - Filling up the DagBag from /home/manisha/airflow_env/lib/python3.10/site-packages/airflow/example_dags/example_branch_datetime_operator.py
[2024-06-18T11:01:14.559+0545] {processor.py:840} INFO - DAG(s) 'example_branch_datetime_operator_2', 'example_branch_datetime_operator', 'example_branch_datetime_operator_3' retrieved from /home/manisha/airflow_env/lib/python3.10/site-packages/airflow/example_dags/example_branch_datetime_operator.py
[2024-06-18T11:01:14.581+0545] {logging_mixin.py:188} INFO - [2024-06-18T11:01:14.580+0545] {dag.py:3096} INFO - Sync 3 DAGs
[2024-06-18T11:01:14.598+0545] {logging_mixin.py:188} INFO - [2024-06-18T11:01:14.598+0545] {dag.py:3954} INFO - Setting next_dagrun for example_branch_datetime_operator to 2024-06-17 00:00:00+00:00, run_after=2024-06-18 00:00:00+00:00
[2024-06-18T11:01:14.602+0545] {logging_mixin.py:188} INFO - [2024-06-18T11:01:14.602+0545] {dag.py:3954} INFO - Setting next_dagrun for example_branch_datetime_operator_2 to 2024-06-17 00:00:00+00:00, run_after=2024-06-18 00:00:00+00:00
[2024-06-18T11:01:14.604+0545] {logging_mixin.py:188} INFO - [2024-06-18T11:01:14.604+0545] {dag.py:3954} INFO - Setting next_dagrun for example_branch_datetime_operator_3 to 2024-06-17 00:00:00+00:00, run_after=2024-06-18 00:00:00+00:00
[2024-06-18T11:01:14.709+0545] {processor.py:183} INFO - Processing /home/manisha/airflow_env/lib/python3.10/site-packages/airflow/example_dags/example_branch_datetime_operator.py took 0.232 seconds
[2024-06-18T11:02:16.739+0545] {processor.py:161} INFO - Started process (PID=4441) to work on /home/manisha/airflow_env/lib/python3.10/site-packages/airflow/example_dags/example_branch_datetime_operator.py
[2024-06-18T11:02:16.770+0545] {processor.py:830} INFO - Processing file /home/manisha/airflow_env/lib/python3.10/site-packages/airflow/example_dags/example_branch_datetime_operator.py for tasks to queue
[2024-06-18T11:02:16.775+0545] {logging_mixin.py:188} INFO - [2024-06-18T11:02:16.773+0545] {dagbag.py:545} INFO - Filling up the DagBag from /home/manisha/airflow_env/lib/python3.10/site-packages/airflow/example_dags/example_branch_datetime_operator.py
[2024-06-18T11:02:16.808+0545] {processor.py:840} INFO - DAG(s) 'example_branch_datetime_operator_3', 'example_branch_datetime_operator_2', 'example_branch_datetime_operator' retrieved from /home/manisha/airflow_env/lib/python3.10/site-packages/airflow/example_dags/example_branch_datetime_operator.py
[2024-06-18T11:02:16.830+0545] {logging_mixin.py:188} INFO - [2024-06-18T11:02:16.829+0545] {dag.py:3096} INFO - Sync 3 DAGs
[2024-06-18T11:02:16.848+0545] {logging_mixin.py:188} INFO - [2024-06-18T11:02:16.847+0545] {dag.py:3954} INFO - Setting next_dagrun for example_branch_datetime_operator to 2024-06-17 00:00:00+00:00, run_after=2024-06-18 00:00:00+00:00
[2024-06-18T11:02:16.852+0545] {logging_mixin.py:188} INFO - [2024-06-18T11:02:16.852+0545] {dag.py:3954} INFO - Setting next_dagrun for example_branch_datetime_operator_2 to 2024-06-17 00:00:00+00:00, run_after=2024-06-18 00:00:00+00:00
[2024-06-18T11:02:16.854+0545] {logging_mixin.py:188} INFO - [2024-06-18T11:02:16.854+0545] {dag.py:3954} INFO - Setting next_dagrun for example_branch_datetime_operator_3 to 2024-06-17 00:00:00+00:00, run_after=2024-06-18 00:00:00+00:00
[2024-06-18T11:02:16.954+0545] {processor.py:183} INFO - Processing /home/manisha/airflow_env/lib/python3.10/site-packages/airflow/example_dags/example_branch_datetime_operator.py took 0.222 seconds
[2024-06-18T11:03:44.312+0545] {processor.py:161} INFO - Started process (PID=4520) to work on /home/manisha/airflow_env/lib/python3.10/site-packages/airflow/example_dags/example_branch_datetime_operator.py
[2024-06-18T11:03:44.344+0545] {processor.py:830} INFO - Processing file /home/manisha/airflow_env/lib/python3.10/site-packages/airflow/example_dags/example_branch_datetime_operator.py for tasks to queue
[2024-06-18T11:03:44.349+0545] {logging_mixin.py:188} INFO - [2024-06-18T11:03:44.348+0545] {dagbag.py:545} INFO - Filling up the DagBag from /home/manisha/airflow_env/lib/python3.10/site-packages/airflow/example_dags/example_branch_datetime_operator.py
[2024-06-18T11:03:44.381+0545] {processor.py:840} INFO - DAG(s) 'example_branch_datetime_operator', 'example_branch_datetime_operator_3', 'example_branch_datetime_operator_2' retrieved from /home/manisha/airflow_env/lib/python3.10/site-packages/airflow/example_dags/example_branch_datetime_operator.py
[2024-06-18T11:03:44.403+0545] {logging_mixin.py:188} INFO - [2024-06-18T11:03:44.403+0545] {dag.py:3096} INFO - Sync 3 DAGs
[2024-06-18T11:03:44.423+0545] {logging_mixin.py:188} INFO - [2024-06-18T11:03:44.422+0545] {dag.py:3954} INFO - Setting next_dagrun for example_branch_datetime_operator to 2024-06-17 00:00:00+00:00, run_after=2024-06-18 00:00:00+00:00
[2024-06-18T11:03:44.427+0545] {logging_mixin.py:188} INFO - [2024-06-18T11:03:44.427+0545] {dag.py:3954} INFO - Setting next_dagrun for example_branch_datetime_operator_2 to 2024-06-17 00:00:00+00:00, run_after=2024-06-18 00:00:00+00:00
[2024-06-18T11:03:44.429+0545] {logging_mixin.py:188} INFO - [2024-06-18T11:03:44.429+0545] {dag.py:3954} INFO - Setting next_dagrun for example_branch_datetime_operator_3 to 2024-06-17 00:00:00+00:00, run_after=2024-06-18 00:00:00+00:00
[2024-06-18T11:03:44.534+0545] {processor.py:183} INFO - Processing /home/manisha/airflow_env/lib/python3.10/site-packages/airflow/example_dags/example_branch_datetime_operator.py took 0.228 seconds
[2024-06-18T11:04:52.861+0545] {processor.py:161} INFO - Started process (PID=4581) to work on /home/manisha/airflow_env/lib/python3.10/site-packages/airflow/example_dags/example_branch_datetime_operator.py
[2024-06-18T11:04:52.875+0545] {processor.py:830} INFO - Processing file /home/manisha/airflow_env/lib/python3.10/site-packages/airflow/example_dags/example_branch_datetime_operator.py for tasks to queue
[2024-06-18T11:04:52.877+0545] {logging_mixin.py:188} INFO - [2024-06-18T11:04:52.877+0545] {dagbag.py:545} INFO - Filling up the DagBag from /home/manisha/airflow_env/lib/python3.10/site-packages/airflow/example_dags/example_branch_datetime_operator.py
[2024-06-18T11:04:52.890+0545] {processor.py:840} INFO - DAG(s) 'example_branch_datetime_operator', 'example_branch_datetime_operator_3', 'example_branch_datetime_operator_2' retrieved from /home/manisha/airflow_env/lib/python3.10/site-packages/airflow/example_dags/example_branch_datetime_operator.py
[2024-06-18T11:04:53.228+0545] {logging_mixin.py:188} INFO - [2024-06-18T11:04:53.227+0545] {dag.py:3096} INFO - Sync 3 DAGs
[2024-06-18T11:04:53.542+0545] {logging_mixin.py:188} INFO - [2024-06-18T11:04:53.541+0545] {dag.py:3954} INFO - Setting next_dagrun for example_branch_datetime_operator to 2024-06-17 00:00:00+00:00, run_after=2024-06-18 00:00:00+00:00
[2024-06-18T11:04:53.662+0545] {logging_mixin.py:188} INFO - [2024-06-18T11:04:53.661+0545] {dag.py:3954} INFO - Setting next_dagrun for example_branch_datetime_operator_2 to 2024-06-17 00:00:00+00:00, run_after=2024-06-18 00:00:00+00:00
[2024-06-18T11:04:53.675+0545] {logging_mixin.py:188} INFO - [2024-06-18T11:04:53.673+0545] {dag.py:3954} INFO - Setting next_dagrun for example_branch_datetime_operator_3 to 2024-06-17 00:00:00+00:00, run_after=2024-06-18 00:00:00+00:00
[2024-06-18T11:04:54.597+0545] {processor.py:183} INFO - Processing /home/manisha/airflow_env/lib/python3.10/site-packages/airflow/example_dags/example_branch_datetime_operator.py took 1.743 seconds
[2024-06-18T11:06:29.152+0545] {processor.py:161} INFO - Started process (PID=4793) to work on /home/manisha/airflow_env/lib/python3.10/site-packages/airflow/example_dags/example_branch_datetime_operator.py
[2024-06-18T11:06:29.154+0545] {processor.py:830} INFO - Processing file /home/manisha/airflow_env/lib/python3.10/site-packages/airflow/example_dags/example_branch_datetime_operator.py for tasks to queue
[2024-06-18T11:06:29.158+0545] {logging_mixin.py:188} INFO - [2024-06-18T11:06:29.157+0545] {dagbag.py:545} INFO - Filling up the DagBag from /home/manisha/airflow_env/lib/python3.10/site-packages/airflow/example_dags/example_branch_datetime_operator.py
[2024-06-18T11:06:29.176+0545] {processor.py:840} INFO - DAG(s) 'example_branch_datetime_operator_2', 'example_branch_datetime_operator', 'example_branch_datetime_operator_3' retrieved from /home/manisha/airflow_env/lib/python3.10/site-packages/airflow/example_dags/example_branch_datetime_operator.py
[2024-06-18T11:06:29.196+0545] {logging_mixin.py:188} INFO - [2024-06-18T11:06:29.195+0545] {dag.py:3096} INFO - Sync 3 DAGs
[2024-06-18T11:06:29.214+0545] {logging_mixin.py:188} INFO - [2024-06-18T11:06:29.214+0545] {dag.py:3954} INFO - Setting next_dagrun for example_branch_datetime_operator to 2024-06-17 00:00:00+00:00, run_after=2024-06-18 00:00:00+00:00
[2024-06-18T11:06:29.218+0545] {logging_mixin.py:188} INFO - [2024-06-18T11:06:29.218+0545] {dag.py:3954} INFO - Setting next_dagrun for example_branch_datetime_operator_2 to 2024-06-17 00:00:00+00:00, run_after=2024-06-18 00:00:00+00:00
[2024-06-18T11:06:29.221+0545] {logging_mixin.py:188} INFO - [2024-06-18T11:06:29.220+0545] {dag.py:3954} INFO - Setting next_dagrun for example_branch_datetime_operator_3 to 2024-06-17 00:00:00+00:00, run_after=2024-06-18 00:00:00+00:00
[2024-06-18T11:06:29.301+0545] {processor.py:183} INFO - Processing /home/manisha/airflow_env/lib/python3.10/site-packages/airflow/example_dags/example_branch_datetime_operator.py took 0.164 seconds
[2024-06-18T11:07:28.364+0545] {processor.py:161} INFO - Started process (PID=4940) to work on /home/manisha/airflow_env/lib/python3.10/site-packages/airflow/example_dags/example_branch_datetime_operator.py
[2024-06-18T11:07:28.366+0545] {processor.py:830} INFO - Processing file /home/manisha/airflow_env/lib/python3.10/site-packages/airflow/example_dags/example_branch_datetime_operator.py for tasks to queue
[2024-06-18T11:07:28.367+0545] {logging_mixin.py:188} INFO - [2024-06-18T11:07:28.367+0545] {dagbag.py:545} INFO - Filling up the DagBag from /home/manisha/airflow_env/lib/python3.10/site-packages/airflow/example_dags/example_branch_datetime_operator.py
[2024-06-18T11:07:28.383+0545] {processor.py:840} INFO - DAG(s) 'example_branch_datetime_operator', 'example_branch_datetime_operator_3', 'example_branch_datetime_operator_2' retrieved from /home/manisha/airflow_env/lib/python3.10/site-packages/airflow/example_dags/example_branch_datetime_operator.py
[2024-06-18T11:07:28.405+0545] {logging_mixin.py:188} INFO - [2024-06-18T11:07:28.404+0545] {dag.py:3096} INFO - Sync 3 DAGs
[2024-06-18T11:07:28.423+0545] {logging_mixin.py:188} INFO - [2024-06-18T11:07:28.423+0545] {dag.py:3954} INFO - Setting next_dagrun for example_branch_datetime_operator to 2024-06-17 00:00:00+00:00, run_after=2024-06-18 00:00:00+00:00
[2024-06-18T11:07:28.427+0545] {logging_mixin.py:188} INFO - [2024-06-18T11:07:28.427+0545] {dag.py:3954} INFO - Setting next_dagrun for example_branch_datetime_operator_2 to 2024-06-17 00:00:00+00:00, run_after=2024-06-18 00:00:00+00:00
[2024-06-18T11:07:28.430+0545] {logging_mixin.py:188} INFO - [2024-06-18T11:07:28.429+0545] {dag.py:3954} INFO - Setting next_dagrun for example_branch_datetime_operator_3 to 2024-06-17 00:00:00+00:00, run_after=2024-06-18 00:00:00+00:00
[2024-06-18T11:07:28.540+0545] {processor.py:183} INFO - Processing /home/manisha/airflow_env/lib/python3.10/site-packages/airflow/example_dags/example_branch_datetime_operator.py took 0.183 seconds
[2024-06-18T11:08:56.021+0545] {processor.py:161} INFO - Started process (PID=5609) to work on /home/manisha/airflow_env/lib/python3.10/site-packages/airflow/example_dags/example_branch_datetime_operator.py
[2024-06-18T11:08:56.034+0545] {processor.py:830} INFO - Processing file /home/manisha/airflow_env/lib/python3.10/site-packages/airflow/example_dags/example_branch_datetime_operator.py for tasks to queue
[2024-06-18T11:08:56.036+0545] {logging_mixin.py:188} INFO - [2024-06-18T11:08:56.036+0545] {dagbag.py:545} INFO - Filling up the DagBag from /home/manisha/airflow_env/lib/python3.10/site-packages/airflow/example_dags/example_branch_datetime_operator.py
[2024-06-18T11:08:56.050+0545] {processor.py:840} INFO - DAG(s) 'example_branch_datetime_operator_2', 'example_branch_datetime_operator', 'example_branch_datetime_operator_3' retrieved from /home/manisha/airflow_env/lib/python3.10/site-packages/airflow/example_dags/example_branch_datetime_operator.py
[2024-06-18T11:08:56.082+0545] {logging_mixin.py:188} INFO - [2024-06-18T11:08:56.081+0545] {dag.py:3096} INFO - Sync 3 DAGs
[2024-06-18T11:08:56.111+0545] {logging_mixin.py:188} INFO - [2024-06-18T11:08:56.111+0545] {dag.py:3954} INFO - Setting next_dagrun for example_branch_datetime_operator to 2024-06-17 00:00:00+00:00, run_after=2024-06-18 00:00:00+00:00
[2024-06-18T11:08:56.118+0545] {logging_mixin.py:188} INFO - [2024-06-18T11:08:56.118+0545] {dag.py:3954} INFO - Setting next_dagrun for example_branch_datetime_operator_2 to 2024-06-17 00:00:00+00:00, run_after=2024-06-18 00:00:00+00:00
[2024-06-18T11:08:56.122+0545] {logging_mixin.py:188} INFO - [2024-06-18T11:08:56.122+0545] {dag.py:3954} INFO - Setting next_dagrun for example_branch_datetime_operator_3 to 2024-06-17 00:00:00+00:00, run_after=2024-06-18 00:00:00+00:00
[2024-06-18T11:08:56.233+0545] {processor.py:183} INFO - Processing /home/manisha/airflow_env/lib/python3.10/site-packages/airflow/example_dags/example_branch_datetime_operator.py took 0.219 seconds
[2024-06-18T11:09:56.146+0545] {processor.py:161} INFO - Started process (PID=5668) to work on /home/manisha/airflow_env/lib/python3.10/site-packages/airflow/example_dags/example_branch_datetime_operator.py
[2024-06-18T11:09:56.180+0545] {processor.py:830} INFO - Processing file /home/manisha/airflow_env/lib/python3.10/site-packages/airflow/example_dags/example_branch_datetime_operator.py for tasks to queue
[2024-06-18T11:09:56.185+0545] {logging_mixin.py:188} INFO - [2024-06-18T11:09:56.184+0545] {dagbag.py:545} INFO - Filling up the DagBag from /home/manisha/airflow_env/lib/python3.10/site-packages/airflow/example_dags/example_branch_datetime_operator.py
[2024-06-18T11:09:56.219+0545] {processor.py:840} INFO - DAG(s) 'example_branch_datetime_operator_3', 'example_branch_datetime_operator_2', 'example_branch_datetime_operator' retrieved from /home/manisha/airflow_env/lib/python3.10/site-packages/airflow/example_dags/example_branch_datetime_operator.py
[2024-06-18T11:09:56.241+0545] {logging_mixin.py:188} INFO - [2024-06-18T11:09:56.240+0545] {dag.py:3096} INFO - Sync 3 DAGs
[2024-06-18T11:09:56.259+0545] {logging_mixin.py:188} INFO - [2024-06-18T11:09:56.259+0545] {dag.py:3954} INFO - Setting next_dagrun for example_branch_datetime_operator to 2024-06-17 00:00:00+00:00, run_after=2024-06-18 00:00:00+00:00
[2024-06-18T11:09:56.263+0545] {logging_mixin.py:188} INFO - [2024-06-18T11:09:56.263+0545] {dag.py:3954} INFO - Setting next_dagrun for example_branch_datetime_operator_2 to 2024-06-17 00:00:00+00:00, run_after=2024-06-18 00:00:00+00:00
[2024-06-18T11:09:56.265+0545] {logging_mixin.py:188} INFO - [2024-06-18T11:09:56.265+0545] {dag.py:3954} INFO - Setting next_dagrun for example_branch_datetime_operator_3 to 2024-06-17 00:00:00+00:00, run_after=2024-06-18 00:00:00+00:00
[2024-06-18T11:09:56.335+0545] {processor.py:183} INFO - Processing /home/manisha/airflow_env/lib/python3.10/site-packages/airflow/example_dags/example_branch_datetime_operator.py took 0.195 seconds
[2024-06-18T11:44:03.941+0545] {processor.py:161} INFO - Started process (PID=8346) to work on /home/manisha/airflow_env/lib/python3.10/site-packages/airflow/example_dags/example_branch_datetime_operator.py
[2024-06-18T11:44:03.976+0545] {processor.py:830} INFO - Processing file /home/manisha/airflow_env/lib/python3.10/site-packages/airflow/example_dags/example_branch_datetime_operator.py for tasks to queue
[2024-06-18T11:44:03.978+0545] {logging_mixin.py:188} INFO - [2024-06-18T11:44:03.978+0545] {dagbag.py:545} INFO - Filling up the DagBag from /home/manisha/airflow_env/lib/python3.10/site-packages/airflow/example_dags/example_branch_datetime_operator.py
[2024-06-18T11:44:03.995+0545] {processor.py:840} INFO - DAG(s) 'example_branch_datetime_operator_3', 'example_branch_datetime_operator_2', 'example_branch_datetime_operator' retrieved from /home/manisha/airflow_env/lib/python3.10/site-packages/airflow/example_dags/example_branch_datetime_operator.py
[2024-06-18T11:44:04.015+0545] {logging_mixin.py:188} INFO - [2024-06-18T11:44:04.015+0545] {dag.py:3096} INFO - Sync 3 DAGs
[2024-06-18T11:44:04.037+0545] {logging_mixin.py:188} INFO - [2024-06-18T11:44:04.037+0545] {dag.py:3954} INFO - Setting next_dagrun for example_branch_datetime_operator to 2024-06-17 00:00:00+00:00, run_after=2024-06-18 00:00:00+00:00
[2024-06-18T11:44:04.044+0545] {logging_mixin.py:188} INFO - [2024-06-18T11:44:04.043+0545] {dag.py:3954} INFO - Setting next_dagrun for example_branch_datetime_operator_2 to 2024-06-17 00:00:00+00:00, run_after=2024-06-18 00:00:00+00:00
[2024-06-18T11:44:04.047+0545] {logging_mixin.py:188} INFO - [2024-06-18T11:44:04.047+0545] {dag.py:3954} INFO - Setting next_dagrun for example_branch_datetime_operator_3 to 2024-06-17 00:00:00+00:00, run_after=2024-06-18 00:00:00+00:00
[2024-06-18T11:44:04.148+0545] {processor.py:183} INFO - Processing /home/manisha/airflow_env/lib/python3.10/site-packages/airflow/example_dags/example_branch_datetime_operator.py took 0.213 seconds
[2024-06-18T11:44:39.625+0545] {processor.py:161} INFO - Started process (PID=8401) to work on /home/manisha/airflow_env/lib/python3.10/site-packages/airflow/example_dags/example_branch_datetime_operator.py
[2024-06-18T11:44:39.636+0545] {processor.py:830} INFO - Processing file /home/manisha/airflow_env/lib/python3.10/site-packages/airflow/example_dags/example_branch_datetime_operator.py for tasks to queue
[2024-06-18T11:44:39.637+0545] {logging_mixin.py:188} INFO - [2024-06-18T11:44:39.637+0545] {dagbag.py:545} INFO - Filling up the DagBag from /home/manisha/airflow_env/lib/python3.10/site-packages/airflow/example_dags/example_branch_datetime_operator.py
[2024-06-18T11:44:39.648+0545] {processor.py:840} INFO - DAG(s) 'example_branch_datetime_operator_3', 'example_branch_datetime_operator_2', 'example_branch_datetime_operator' retrieved from /home/manisha/airflow_env/lib/python3.10/site-packages/airflow/example_dags/example_branch_datetime_operator.py
[2024-06-18T11:44:39.863+0545] {logging_mixin.py:188} INFO - [2024-06-18T11:44:39.863+0545] {dag.py:3096} INFO - Sync 3 DAGs
[2024-06-18T11:44:39.882+0545] {logging_mixin.py:188} INFO - [2024-06-18T11:44:39.882+0545] {dag.py:3954} INFO - Setting next_dagrun for example_branch_datetime_operator to 2024-06-17 00:00:00+00:00, run_after=2024-06-18 00:00:00+00:00
[2024-06-18T11:44:39.887+0545] {logging_mixin.py:188} INFO - [2024-06-18T11:44:39.886+0545] {dag.py:3954} INFO - Setting next_dagrun for example_branch_datetime_operator_2 to 2024-06-17 00:00:00+00:00, run_after=2024-06-18 00:00:00+00:00
[2024-06-18T11:44:39.890+0545] {logging_mixin.py:188} INFO - [2024-06-18T11:44:39.890+0545] {dag.py:3954} INFO - Setting next_dagrun for example_branch_datetime_operator_3 to 2024-06-17 00:00:00+00:00, run_after=2024-06-18 00:00:00+00:00
[2024-06-18T11:44:40.034+0545] {processor.py:183} INFO - Processing /home/manisha/airflow_env/lib/python3.10/site-packages/airflow/example_dags/example_branch_datetime_operator.py took 0.413 seconds
[2024-06-18T11:45:10.218+0545] {processor.py:161} INFO - Started process (PID=8455) to work on /home/manisha/airflow_env/lib/python3.10/site-packages/airflow/example_dags/example_branch_datetime_operator.py
[2024-06-18T11:45:10.218+0545] {processor.py:830} INFO - Processing file /home/manisha/airflow_env/lib/python3.10/site-packages/airflow/example_dags/example_branch_datetime_operator.py for tasks to queue
[2024-06-18T11:45:10.220+0545] {logging_mixin.py:188} INFO - [2024-06-18T11:45:10.219+0545] {dagbag.py:545} INFO - Filling up the DagBag from /home/manisha/airflow_env/lib/python3.10/site-packages/airflow/example_dags/example_branch_datetime_operator.py
[2024-06-18T11:45:10.230+0545] {processor.py:840} INFO - DAG(s) 'example_branch_datetime_operator_3', 'example_branch_datetime_operator_2', 'example_branch_datetime_operator' retrieved from /home/manisha/airflow_env/lib/python3.10/site-packages/airflow/example_dags/example_branch_datetime_operator.py
[2024-06-18T11:45:10.256+0545] {logging_mixin.py:188} INFO - [2024-06-18T11:45:10.256+0545] {dag.py:3096} INFO - Sync 3 DAGs
[2024-06-18T11:45:10.276+0545] {logging_mixin.py:188} INFO - [2024-06-18T11:45:10.276+0545] {dag.py:3954} INFO - Setting next_dagrun for example_branch_datetime_operator to 2024-06-17 00:00:00+00:00, run_after=2024-06-18 00:00:00+00:00
[2024-06-18T11:45:10.280+0545] {logging_mixin.py:188} INFO - [2024-06-18T11:45:10.280+0545] {dag.py:3954} INFO - Setting next_dagrun for example_branch_datetime_operator_2 to 2024-06-17 00:00:00+00:00, run_after=2024-06-18 00:00:00+00:00
[2024-06-18T11:45:10.283+0545] {logging_mixin.py:188} INFO - [2024-06-18T11:45:10.283+0545] {dag.py:3954} INFO - Setting next_dagrun for example_branch_datetime_operator_3 to 2024-06-17 00:00:00+00:00, run_after=2024-06-18 00:00:00+00:00
[2024-06-18T11:45:10.426+0545] {processor.py:183} INFO - Processing /home/manisha/airflow_env/lib/python3.10/site-packages/airflow/example_dags/example_branch_datetime_operator.py took 0.213 seconds
[2024-06-18T11:45:41.164+0545] {processor.py:161} INFO - Started process (PID=8507) to work on /home/manisha/airflow_env/lib/python3.10/site-packages/airflow/example_dags/example_branch_datetime_operator.py
[2024-06-18T11:45:41.185+0545] {processor.py:830} INFO - Processing file /home/manisha/airflow_env/lib/python3.10/site-packages/airflow/example_dags/example_branch_datetime_operator.py for tasks to queue
[2024-06-18T11:45:41.187+0545] {logging_mixin.py:188} INFO - [2024-06-18T11:45:41.186+0545] {dagbag.py:545} INFO - Filling up the DagBag from /home/manisha/airflow_env/lib/python3.10/site-packages/airflow/example_dags/example_branch_datetime_operator.py
[2024-06-18T11:45:41.199+0545] {processor.py:840} INFO - DAG(s) 'example_branch_datetime_operator', 'example_branch_datetime_operator_2', 'example_branch_datetime_operator_3' retrieved from /home/manisha/airflow_env/lib/python3.10/site-packages/airflow/example_dags/example_branch_datetime_operator.py
[2024-06-18T11:45:41.230+0545] {logging_mixin.py:188} INFO - [2024-06-18T11:45:41.229+0545] {dag.py:3096} INFO - Sync 3 DAGs
[2024-06-18T11:45:41.249+0545] {logging_mixin.py:188} INFO - [2024-06-18T11:45:41.249+0545] {dag.py:3954} INFO - Setting next_dagrun for example_branch_datetime_operator to 2024-06-17 00:00:00+00:00, run_after=2024-06-18 00:00:00+00:00
[2024-06-18T11:45:41.254+0545] {logging_mixin.py:188} INFO - [2024-06-18T11:45:41.254+0545] {dag.py:3954} INFO - Setting next_dagrun for example_branch_datetime_operator_2 to 2024-06-17 00:00:00+00:00, run_after=2024-06-18 00:00:00+00:00
[2024-06-18T11:45:41.257+0545] {logging_mixin.py:188} INFO - [2024-06-18T11:45:41.257+0545] {dag.py:3954} INFO - Setting next_dagrun for example_branch_datetime_operator_3 to 2024-06-17 00:00:00+00:00, run_after=2024-06-18 00:00:00+00:00
[2024-06-18T11:45:41.335+0545] {processor.py:183} INFO - Processing /home/manisha/airflow_env/lib/python3.10/site-packages/airflow/example_dags/example_branch_datetime_operator.py took 0.177 seconds
[2024-06-18T11:46:11.883+0545] {processor.py:161} INFO - Started process (PID=8559) to work on /home/manisha/airflow_env/lib/python3.10/site-packages/airflow/example_dags/example_branch_datetime_operator.py
[2024-06-18T11:46:11.883+0545] {processor.py:830} INFO - Processing file /home/manisha/airflow_env/lib/python3.10/site-packages/airflow/example_dags/example_branch_datetime_operator.py for tasks to queue
[2024-06-18T11:46:11.884+0545] {logging_mixin.py:188} INFO - [2024-06-18T11:46:11.884+0545] {dagbag.py:545} INFO - Filling up the DagBag from /home/manisha/airflow_env/lib/python3.10/site-packages/airflow/example_dags/example_branch_datetime_operator.py
[2024-06-18T11:46:11.895+0545] {processor.py:840} INFO - DAG(s) 'example_branch_datetime_operator_3', 'example_branch_datetime_operator', 'example_branch_datetime_operator_2' retrieved from /home/manisha/airflow_env/lib/python3.10/site-packages/airflow/example_dags/example_branch_datetime_operator.py
[2024-06-18T11:46:11.923+0545] {logging_mixin.py:188} INFO - [2024-06-18T11:46:11.923+0545] {dag.py:3096} INFO - Sync 3 DAGs
[2024-06-18T11:46:11.945+0545] {logging_mixin.py:188} INFO - [2024-06-18T11:46:11.944+0545] {dag.py:3954} INFO - Setting next_dagrun for example_branch_datetime_operator to 2024-06-17 00:00:00+00:00, run_after=2024-06-18 00:00:00+00:00
[2024-06-18T11:46:11.950+0545] {logging_mixin.py:188} INFO - [2024-06-18T11:46:11.949+0545] {dag.py:3954} INFO - Setting next_dagrun for example_branch_datetime_operator_2 to 2024-06-17 00:00:00+00:00, run_after=2024-06-18 00:00:00+00:00
[2024-06-18T11:46:11.952+0545] {logging_mixin.py:188} INFO - [2024-06-18T11:46:11.952+0545] {dag.py:3954} INFO - Setting next_dagrun for example_branch_datetime_operator_3 to 2024-06-17 00:00:00+00:00, run_after=2024-06-18 00:00:00+00:00
[2024-06-18T11:46:12.078+0545] {processor.py:183} INFO - Processing /home/manisha/airflow_env/lib/python3.10/site-packages/airflow/example_dags/example_branch_datetime_operator.py took 0.202 seconds
[2024-06-18T11:46:42.432+0545] {processor.py:161} INFO - Started process (PID=8610) to work on /home/manisha/airflow_env/lib/python3.10/site-packages/airflow/example_dags/example_branch_datetime_operator.py
[2024-06-18T11:46:42.463+0545] {processor.py:830} INFO - Processing file /home/manisha/airflow_env/lib/python3.10/site-packages/airflow/example_dags/example_branch_datetime_operator.py for tasks to queue
[2024-06-18T11:46:42.464+0545] {logging_mixin.py:188} INFO - [2024-06-18T11:46:42.464+0545] {dagbag.py:545} INFO - Filling up the DagBag from /home/manisha/airflow_env/lib/python3.10/site-packages/airflow/example_dags/example_branch_datetime_operator.py
[2024-06-18T11:46:42.478+0545] {processor.py:840} INFO - DAG(s) 'example_branch_datetime_operator_3', 'example_branch_datetime_operator_2', 'example_branch_datetime_operator' retrieved from /home/manisha/airflow_env/lib/python3.10/site-packages/airflow/example_dags/example_branch_datetime_operator.py
[2024-06-18T11:46:42.515+0545] {logging_mixin.py:188} INFO - [2024-06-18T11:46:42.515+0545] {dag.py:3096} INFO - Sync 3 DAGs
[2024-06-18T11:46:42.535+0545] {logging_mixin.py:188} INFO - [2024-06-18T11:46:42.534+0545] {dag.py:3954} INFO - Setting next_dagrun for example_branch_datetime_operator to 2024-06-17 00:00:00+00:00, run_after=2024-06-18 00:00:00+00:00
[2024-06-18T11:46:42.539+0545] {logging_mixin.py:188} INFO - [2024-06-18T11:46:42.539+0545] {dag.py:3954} INFO - Setting next_dagrun for example_branch_datetime_operator_2 to 2024-06-17 00:00:00+00:00, run_after=2024-06-18 00:00:00+00:00
[2024-06-18T11:46:42.542+0545] {logging_mixin.py:188} INFO - [2024-06-18T11:46:42.542+0545] {dag.py:3954} INFO - Setting next_dagrun for example_branch_datetime_operator_3 to 2024-06-17 00:00:00+00:00, run_after=2024-06-18 00:00:00+00:00
[2024-06-18T11:46:42.638+0545] {processor.py:183} INFO - Processing /home/manisha/airflow_env/lib/python3.10/site-packages/airflow/example_dags/example_branch_datetime_operator.py took 0.211 seconds
[2024-06-18T11:47:12.987+0545] {processor.py:161} INFO - Started process (PID=8661) to work on /home/manisha/airflow_env/lib/python3.10/site-packages/airflow/example_dags/example_branch_datetime_operator.py
[2024-06-18T11:47:12.987+0545] {processor.py:830} INFO - Processing file /home/manisha/airflow_env/lib/python3.10/site-packages/airflow/example_dags/example_branch_datetime_operator.py for tasks to queue
[2024-06-18T11:47:12.989+0545] {logging_mixin.py:188} INFO - [2024-06-18T11:47:12.989+0545] {dagbag.py:545} INFO - Filling up the DagBag from /home/manisha/airflow_env/lib/python3.10/site-packages/airflow/example_dags/example_branch_datetime_operator.py
[2024-06-18T11:47:13.004+0545] {processor.py:840} INFO - DAG(s) 'example_branch_datetime_operator', 'example_branch_datetime_operator_2', 'example_branch_datetime_operator_3' retrieved from /home/manisha/airflow_env/lib/python3.10/site-packages/airflow/example_dags/example_branch_datetime_operator.py
[2024-06-18T11:47:13.035+0545] {logging_mixin.py:188} INFO - [2024-06-18T11:47:13.035+0545] {dag.py:3096} INFO - Sync 3 DAGs
[2024-06-18T11:47:13.055+0545] {logging_mixin.py:188} INFO - [2024-06-18T11:47:13.054+0545] {dag.py:3954} INFO - Setting next_dagrun for example_branch_datetime_operator to 2024-06-17 00:00:00+00:00, run_after=2024-06-18 00:00:00+00:00
[2024-06-18T11:47:13.059+0545] {logging_mixin.py:188} INFO - [2024-06-18T11:47:13.059+0545] {dag.py:3954} INFO - Setting next_dagrun for example_branch_datetime_operator_2 to 2024-06-17 00:00:00+00:00, run_after=2024-06-18 00:00:00+00:00
[2024-06-18T11:47:13.062+0545] {logging_mixin.py:188} INFO - [2024-06-18T11:47:13.062+0545] {dag.py:3954} INFO - Setting next_dagrun for example_branch_datetime_operator_3 to 2024-06-17 00:00:00+00:00, run_after=2024-06-18 00:00:00+00:00
[2024-06-18T11:47:13.122+0545] {processor.py:183} INFO - Processing /home/manisha/airflow_env/lib/python3.10/site-packages/airflow/example_dags/example_branch_datetime_operator.py took 0.143 seconds
[2024-06-18T11:47:43.311+0545] {processor.py:161} INFO - Started process (PID=8713) to work on /home/manisha/airflow_env/lib/python3.10/site-packages/airflow/example_dags/example_branch_datetime_operator.py
[2024-06-18T11:47:43.326+0545] {processor.py:830} INFO - Processing file /home/manisha/airflow_env/lib/python3.10/site-packages/airflow/example_dags/example_branch_datetime_operator.py for tasks to queue
[2024-06-18T11:47:43.328+0545] {logging_mixin.py:188} INFO - [2024-06-18T11:47:43.327+0545] {dagbag.py:545} INFO - Filling up the DagBag from /home/manisha/airflow_env/lib/python3.10/site-packages/airflow/example_dags/example_branch_datetime_operator.py
[2024-06-18T11:47:43.339+0545] {processor.py:840} INFO - DAG(s) 'example_branch_datetime_operator', 'example_branch_datetime_operator_3', 'example_branch_datetime_operator_2' retrieved from /home/manisha/airflow_env/lib/python3.10/site-packages/airflow/example_dags/example_branch_datetime_operator.py
[2024-06-18T11:47:43.372+0545] {logging_mixin.py:188} INFO - [2024-06-18T11:47:43.372+0545] {dag.py:3096} INFO - Sync 3 DAGs
[2024-06-18T11:47:43.396+0545] {logging_mixin.py:188} INFO - [2024-06-18T11:47:43.396+0545] {dag.py:3954} INFO - Setting next_dagrun for example_branch_datetime_operator to 2024-06-17 00:00:00+00:00, run_after=2024-06-18 00:00:00+00:00
[2024-06-18T11:47:43.401+0545] {logging_mixin.py:188} INFO - [2024-06-18T11:47:43.401+0545] {dag.py:3954} INFO - Setting next_dagrun for example_branch_datetime_operator_2 to 2024-06-17 00:00:00+00:00, run_after=2024-06-18 00:00:00+00:00
[2024-06-18T11:47:43.403+0545] {logging_mixin.py:188} INFO - [2024-06-18T11:47:43.403+0545] {dag.py:3954} INFO - Setting next_dagrun for example_branch_datetime_operator_3 to 2024-06-17 00:00:00+00:00, run_after=2024-06-18 00:00:00+00:00
[2024-06-18T11:47:43.465+0545] {processor.py:183} INFO - Processing /home/manisha/airflow_env/lib/python3.10/site-packages/airflow/example_dags/example_branch_datetime_operator.py took 0.159 seconds
[2024-06-18T11:48:33.626+0545] {processor.py:161} INFO - Started process (PID=8798) to work on /home/manisha/airflow_env/lib/python3.10/site-packages/airflow/example_dags/example_branch_datetime_operator.py
[2024-06-18T11:48:33.635+0545] {processor.py:830} INFO - Processing file /home/manisha/airflow_env/lib/python3.10/site-packages/airflow/example_dags/example_branch_datetime_operator.py for tasks to queue
[2024-06-18T11:48:33.637+0545] {logging_mixin.py:188} INFO - [2024-06-18T11:48:33.637+0545] {dagbag.py:545} INFO - Filling up the DagBag from /home/manisha/airflow_env/lib/python3.10/site-packages/airflow/example_dags/example_branch_datetime_operator.py
[2024-06-18T11:48:33.648+0545] {processor.py:840} INFO - DAG(s) 'example_branch_datetime_operator_2', 'example_branch_datetime_operator_3', 'example_branch_datetime_operator' retrieved from /home/manisha/airflow_env/lib/python3.10/site-packages/airflow/example_dags/example_branch_datetime_operator.py
[2024-06-18T11:48:33.662+0545] {logging_mixin.py:188} INFO - [2024-06-18T11:48:33.662+0545] {dag.py:3096} INFO - Sync 3 DAGs
[2024-06-18T11:48:33.683+0545] {logging_mixin.py:188} INFO - [2024-06-18T11:48:33.683+0545] {dag.py:3954} INFO - Setting next_dagrun for example_branch_datetime_operator to 2024-06-17 00:00:00+00:00, run_after=2024-06-18 00:00:00+00:00
[2024-06-18T11:48:33.688+0545] {logging_mixin.py:188} INFO - [2024-06-18T11:48:33.687+0545] {dag.py:3954} INFO - Setting next_dagrun for example_branch_datetime_operator_2 to 2024-06-17 00:00:00+00:00, run_after=2024-06-18 00:00:00+00:00
[2024-06-18T11:48:33.690+0545] {logging_mixin.py:188} INFO - [2024-06-18T11:48:33.690+0545] {dag.py:3954} INFO - Setting next_dagrun for example_branch_datetime_operator_3 to 2024-06-17 00:00:00+00:00, run_after=2024-06-18 00:00:00+00:00
[2024-06-18T11:48:33.793+0545] {processor.py:183} INFO - Processing /home/manisha/airflow_env/lib/python3.10/site-packages/airflow/example_dags/example_branch_datetime_operator.py took 0.176 seconds
[2024-06-18T11:49:12.687+0545] {processor.py:161} INFO - Started process (PID=8911) to work on /home/manisha/airflow_env/lib/python3.10/site-packages/airflow/example_dags/example_branch_datetime_operator.py
[2024-06-18T11:49:12.696+0545] {processor.py:830} INFO - Processing file /home/manisha/airflow_env/lib/python3.10/site-packages/airflow/example_dags/example_branch_datetime_operator.py for tasks to queue
[2024-06-18T11:49:12.698+0545] {logging_mixin.py:188} INFO - [2024-06-18T11:49:12.698+0545] {dagbag.py:545} INFO - Filling up the DagBag from /home/manisha/airflow_env/lib/python3.10/site-packages/airflow/example_dags/example_branch_datetime_operator.py
[2024-06-18T11:49:12.717+0545] {processor.py:840} INFO - DAG(s) 'example_branch_datetime_operator', 'example_branch_datetime_operator_2', 'example_branch_datetime_operator_3' retrieved from /home/manisha/airflow_env/lib/python3.10/site-packages/airflow/example_dags/example_branch_datetime_operator.py
[2024-06-18T11:49:13.079+0545] {logging_mixin.py:188} INFO - [2024-06-18T11:49:13.079+0545] {dag.py:3096} INFO - Sync 3 DAGs
[2024-06-18T11:49:13.101+0545] {logging_mixin.py:188} INFO - [2024-06-18T11:49:13.101+0545] {dag.py:3954} INFO - Setting next_dagrun for example_branch_datetime_operator to 2024-06-17 00:00:00+00:00, run_after=2024-06-18 00:00:00+00:00
[2024-06-18T11:49:13.106+0545] {logging_mixin.py:188} INFO - [2024-06-18T11:49:13.106+0545] {dag.py:3954} INFO - Setting next_dagrun for example_branch_datetime_operator_2 to 2024-06-17 00:00:00+00:00, run_after=2024-06-18 00:00:00+00:00
[2024-06-18T11:49:13.109+0545] {logging_mixin.py:188} INFO - [2024-06-18T11:49:13.109+0545] {dag.py:3954} INFO - Setting next_dagrun for example_branch_datetime_operator_3 to 2024-06-17 00:00:00+00:00, run_after=2024-06-18 00:00:00+00:00
[2024-06-18T11:49:13.257+0545] {processor.py:183} INFO - Processing /home/manisha/airflow_env/lib/python3.10/site-packages/airflow/example_dags/example_branch_datetime_operator.py took 0.580 seconds
[2024-06-18T11:49:43.317+0545] {processor.py:161} INFO - Started process (PID=8977) to work on /home/manisha/airflow_env/lib/python3.10/site-packages/airflow/example_dags/example_branch_datetime_operator.py
[2024-06-18T11:49:43.317+0545] {processor.py:830} INFO - Processing file /home/manisha/airflow_env/lib/python3.10/site-packages/airflow/example_dags/example_branch_datetime_operator.py for tasks to queue
[2024-06-18T11:49:43.319+0545] {logging_mixin.py:188} INFO - [2024-06-18T11:49:43.319+0545] {dagbag.py:545} INFO - Filling up the DagBag from /home/manisha/airflow_env/lib/python3.10/site-packages/airflow/example_dags/example_branch_datetime_operator.py
[2024-06-18T11:49:43.331+0545] {processor.py:840} INFO - DAG(s) 'example_branch_datetime_operator_2', 'example_branch_datetime_operator', 'example_branch_datetime_operator_3' retrieved from /home/manisha/airflow_env/lib/python3.10/site-packages/airflow/example_dags/example_branch_datetime_operator.py
[2024-06-18T11:49:43.367+0545] {logging_mixin.py:188} INFO - [2024-06-18T11:49:43.366+0545] {dag.py:3096} INFO - Sync 3 DAGs
[2024-06-18T11:49:43.392+0545] {logging_mixin.py:188} INFO - [2024-06-18T11:49:43.392+0545] {dag.py:3954} INFO - Setting next_dagrun for example_branch_datetime_operator to 2024-06-17 00:00:00+00:00, run_after=2024-06-18 00:00:00+00:00
[2024-06-18T11:49:43.397+0545] {logging_mixin.py:188} INFO - [2024-06-18T11:49:43.397+0545] {dag.py:3954} INFO - Setting next_dagrun for example_branch_datetime_operator_2 to 2024-06-17 00:00:00+00:00, run_after=2024-06-18 00:00:00+00:00
[2024-06-18T11:49:43.399+0545] {logging_mixin.py:188} INFO - [2024-06-18T11:49:43.399+0545] {dag.py:3954} INFO - Setting next_dagrun for example_branch_datetime_operator_3 to 2024-06-17 00:00:00+00:00, run_after=2024-06-18 00:00:00+00:00
[2024-06-18T11:49:43.511+0545] {processor.py:183} INFO - Processing /home/manisha/airflow_env/lib/python3.10/site-packages/airflow/example_dags/example_branch_datetime_operator.py took 0.203 seconds
[2024-06-18T11:50:13.888+0545] {processor.py:161} INFO - Started process (PID=9029) to work on /home/manisha/airflow_env/lib/python3.10/site-packages/airflow/example_dags/example_branch_datetime_operator.py
[2024-06-18T11:50:13.942+0545] {processor.py:830} INFO - Processing file /home/manisha/airflow_env/lib/python3.10/site-packages/airflow/example_dags/example_branch_datetime_operator.py for tasks to queue
[2024-06-18T11:50:13.947+0545] {logging_mixin.py:188} INFO - [2024-06-18T11:50:13.946+0545] {dagbag.py:545} INFO - Filling up the DagBag from /home/manisha/airflow_env/lib/python3.10/site-packages/airflow/example_dags/example_branch_datetime_operator.py
[2024-06-18T11:50:13.979+0545] {processor.py:840} INFO - DAG(s) 'example_branch_datetime_operator', 'example_branch_datetime_operator_3', 'example_branch_datetime_operator_2' retrieved from /home/manisha/airflow_env/lib/python3.10/site-packages/airflow/example_dags/example_branch_datetime_operator.py
[2024-06-18T11:50:14.011+0545] {logging_mixin.py:188} INFO - [2024-06-18T11:50:14.010+0545] {dag.py:3096} INFO - Sync 3 DAGs
[2024-06-18T11:50:14.030+0545] {logging_mixin.py:188} INFO - [2024-06-18T11:50:14.030+0545] {dag.py:3954} INFO - Setting next_dagrun for example_branch_datetime_operator to 2024-06-17 00:00:00+00:00, run_after=2024-06-18 00:00:00+00:00
[2024-06-18T11:50:14.035+0545] {logging_mixin.py:188} INFO - [2024-06-18T11:50:14.035+0545] {dag.py:3954} INFO - Setting next_dagrun for example_branch_datetime_operator_2 to 2024-06-17 00:00:00+00:00, run_after=2024-06-18 00:00:00+00:00
[2024-06-18T11:50:14.037+0545] {logging_mixin.py:188} INFO - [2024-06-18T11:50:14.037+0545] {dag.py:3954} INFO - Setting next_dagrun for example_branch_datetime_operator_3 to 2024-06-17 00:00:00+00:00, run_after=2024-06-18 00:00:00+00:00
[2024-06-18T11:50:14.224+0545] {processor.py:183} INFO - Processing /home/manisha/airflow_env/lib/python3.10/site-packages/airflow/example_dags/example_branch_datetime_operator.py took 0.346 seconds
[2024-06-18T11:50:44.362+0545] {processor.py:161} INFO - Started process (PID=9088) to work on /home/manisha/airflow_env/lib/python3.10/site-packages/airflow/example_dags/example_branch_datetime_operator.py
[2024-06-18T11:50:44.363+0545] {processor.py:830} INFO - Processing file /home/manisha/airflow_env/lib/python3.10/site-packages/airflow/example_dags/example_branch_datetime_operator.py for tasks to queue
[2024-06-18T11:50:44.364+0545] {logging_mixin.py:188} INFO - [2024-06-18T11:50:44.364+0545] {dagbag.py:545} INFO - Filling up the DagBag from /home/manisha/airflow_env/lib/python3.10/site-packages/airflow/example_dags/example_branch_datetime_operator.py
[2024-06-18T11:50:44.375+0545] {processor.py:840} INFO - DAG(s) 'example_branch_datetime_operator', 'example_branch_datetime_operator_3', 'example_branch_datetime_operator_2' retrieved from /home/manisha/airflow_env/lib/python3.10/site-packages/airflow/example_dags/example_branch_datetime_operator.py
[2024-06-18T11:50:44.404+0545] {logging_mixin.py:188} INFO - [2024-06-18T11:50:44.404+0545] {dag.py:3096} INFO - Sync 3 DAGs
[2024-06-18T11:50:44.424+0545] {logging_mixin.py:188} INFO - [2024-06-18T11:50:44.423+0545] {dag.py:3954} INFO - Setting next_dagrun for example_branch_datetime_operator to 2024-06-17 00:00:00+00:00, run_after=2024-06-18 00:00:00+00:00
[2024-06-18T11:50:44.428+0545] {logging_mixin.py:188} INFO - [2024-06-18T11:50:44.428+0545] {dag.py:3954} INFO - Setting next_dagrun for example_branch_datetime_operator_2 to 2024-06-17 00:00:00+00:00, run_after=2024-06-18 00:00:00+00:00
[2024-06-18T11:50:44.431+0545] {logging_mixin.py:188} INFO - [2024-06-18T11:50:44.431+0545] {dag.py:3954} INFO - Setting next_dagrun for example_branch_datetime_operator_3 to 2024-06-17 00:00:00+00:00, run_after=2024-06-18 00:00:00+00:00
[2024-06-18T11:50:44.662+0545] {processor.py:183} INFO - Processing /home/manisha/airflow_env/lib/python3.10/site-packages/airflow/example_dags/example_branch_datetime_operator.py took 0.307 seconds
[2024-06-18T11:51:03.777+0545] {processor.py:161} INFO - Started process (PID=9520) to work on /home/manisha/airflow_env/lib/python3.10/site-packages/airflow/example_dags/example_branch_datetime_operator.py
[2024-06-18T11:51:03.805+0545] {processor.py:830} INFO - Processing file /home/manisha/airflow_env/lib/python3.10/site-packages/airflow/example_dags/example_branch_datetime_operator.py for tasks to queue
[2024-06-18T11:51:03.808+0545] {logging_mixin.py:188} INFO - [2024-06-18T11:51:03.807+0545] {dagbag.py:545} INFO - Filling up the DagBag from /home/manisha/airflow_env/lib/python3.10/site-packages/airflow/example_dags/example_branch_datetime_operator.py
[2024-06-18T11:51:03.830+0545] {processor.py:840} INFO - DAG(s) 'example_branch_datetime_operator_2', 'example_branch_datetime_operator_3', 'example_branch_datetime_operator' retrieved from /home/manisha/airflow_env/lib/python3.10/site-packages/airflow/example_dags/example_branch_datetime_operator.py
[2024-06-18T11:51:03.862+0545] {logging_mixin.py:188} INFO - [2024-06-18T11:51:03.861+0545] {dag.py:3096} INFO - Sync 3 DAGs
[2024-06-18T11:51:03.915+0545] {logging_mixin.py:188} INFO - [2024-06-18T11:51:03.914+0545] {dag.py:3954} INFO - Setting next_dagrun for example_branch_datetime_operator to 2024-06-17 00:00:00+00:00, run_after=2024-06-18 00:00:00+00:00
[2024-06-18T11:51:03.926+0545] {logging_mixin.py:188} INFO - [2024-06-18T11:51:03.925+0545] {dag.py:3954} INFO - Setting next_dagrun for example_branch_datetime_operator_2 to 2024-06-17 00:00:00+00:00, run_after=2024-06-18 00:00:00+00:00
[2024-06-18T11:51:03.934+0545] {logging_mixin.py:188} INFO - [2024-06-18T11:51:03.934+0545] {dag.py:3954} INFO - Setting next_dagrun for example_branch_datetime_operator_3 to 2024-06-17 00:00:00+00:00, run_after=2024-06-18 00:00:00+00:00
[2024-06-18T11:51:04.096+0545] {processor.py:183} INFO - Processing /home/manisha/airflow_env/lib/python3.10/site-packages/airflow/example_dags/example_branch_datetime_operator.py took 0.333 seconds
[2024-06-18T11:51:38.881+0545] {processor.py:161} INFO - Started process (PID=9779) to work on /home/manisha/airflow_env/lib/python3.10/site-packages/airflow/example_dags/example_branch_datetime_operator.py
[2024-06-18T11:51:38.900+0545] {processor.py:830} INFO - Processing file /home/manisha/airflow_env/lib/python3.10/site-packages/airflow/example_dags/example_branch_datetime_operator.py for tasks to queue
[2024-06-18T11:51:38.903+0545] {logging_mixin.py:188} INFO - [2024-06-18T11:51:38.902+0545] {dagbag.py:545} INFO - Filling up the DagBag from /home/manisha/airflow_env/lib/python3.10/site-packages/airflow/example_dags/example_branch_datetime_operator.py
[2024-06-18T11:51:38.918+0545] {processor.py:840} INFO - DAG(s) 'example_branch_datetime_operator_3', 'example_branch_datetime_operator', 'example_branch_datetime_operator_2' retrieved from /home/manisha/airflow_env/lib/python3.10/site-packages/airflow/example_dags/example_branch_datetime_operator.py
[2024-06-18T11:51:39.182+0545] {logging_mixin.py:188} INFO - [2024-06-18T11:51:39.181+0545] {dag.py:3096} INFO - Sync 3 DAGs
[2024-06-18T11:51:39.204+0545] {logging_mixin.py:188} INFO - [2024-06-18T11:51:39.204+0545] {dag.py:3954} INFO - Setting next_dagrun for example_branch_datetime_operator to 2024-06-17 00:00:00+00:00, run_after=2024-06-18 00:00:00+00:00
[2024-06-18T11:51:39.208+0545] {logging_mixin.py:188} INFO - [2024-06-18T11:51:39.208+0545] {dag.py:3954} INFO - Setting next_dagrun for example_branch_datetime_operator_2 to 2024-06-17 00:00:00+00:00, run_after=2024-06-18 00:00:00+00:00
[2024-06-18T11:51:39.211+0545] {logging_mixin.py:188} INFO - [2024-06-18T11:51:39.211+0545] {dag.py:3954} INFO - Setting next_dagrun for example_branch_datetime_operator_3 to 2024-06-17 00:00:00+00:00, run_after=2024-06-18 00:00:00+00:00
[2024-06-18T11:51:39.490+0545] {processor.py:183} INFO - Processing /home/manisha/airflow_env/lib/python3.10/site-packages/airflow/example_dags/example_branch_datetime_operator.py took 0.616 seconds
