[2024-06-18T10:56:53.766+0545] {processor.py:161} INFO - Started process (PID=4030) to work on /home/manisha/airflow_env/lib/python3.10/site-packages/airflow/example_dags/example_setup_teardown.py
[2024-06-18T10:56:53.767+0545] {processor.py:830} INFO - Processing file /home/manisha/airflow_env/lib/python3.10/site-packages/airflow/example_dags/example_setup_teardown.py for tasks to queue
[2024-06-18T10:56:53.768+0545] {logging_mixin.py:188} INFO - [2024-06-18T10:56:53.768+0545] {dagbag.py:545} INFO - Filling up the DagBag from /home/manisha/airflow_env/lib/python3.10/site-packages/airflow/example_dags/example_setup_teardown.py
[2024-06-18T10:56:53.777+0545] {processor.py:840} INFO - DAG(s) 'example_setup_teardown' retrieved from /home/manisha/airflow_env/lib/python3.10/site-packages/airflow/example_dags/example_setup_teardown.py
[2024-06-18T10:56:54.029+0545] {logging_mixin.py:188} INFO - [2024-06-18T10:56:54.026+0545] {override.py:1829} INFO - Created Permission View: can edit on DAG:example_setup_teardown
[2024-06-18T10:56:54.107+0545] {logging_mixin.py:188} INFO - [2024-06-18T10:56:54.105+0545] {override.py:1829} INFO - Created Permission View: can read on DAG:example_setup_teardown
[2024-06-18T10:56:54.174+0545] {logging_mixin.py:188} INFO - [2024-06-18T10:56:54.173+0545] {override.py:1829} INFO - Created Permission View: can delete on DAG:example_setup_teardown
[2024-06-18T10:56:54.176+0545] {logging_mixin.py:188} INFO - [2024-06-18T10:56:54.176+0545] {dag.py:3096} INFO - Sync 1 DAGs
[2024-06-18T10:56:54.211+0545] {logging_mixin.py:188} INFO - [2024-06-18T10:56:54.211+0545] {dag.py:3118} INFO - Creating ORM DAG for example_setup_teardown
[2024-06-18T10:56:54.222+0545] {logging_mixin.py:188} INFO - [2024-06-18T10:56:54.222+0545] {dag.py:3954} INFO - Setting next_dagrun for example_setup_teardown to 2024-06-17 00:00:00+00:00, run_after=2024-06-18 00:00:00+00:00
[2024-06-18T10:56:54.306+0545] {processor.py:183} INFO - Processing /home/manisha/airflow_env/lib/python3.10/site-packages/airflow/example_dags/example_setup_teardown.py took 0.546 seconds
[2024-06-18T10:58:14.659+0545] {processor.py:161} INFO - Started process (PID=4146) to work on /home/manisha/airflow_env/lib/python3.10/site-packages/airflow/example_dags/example_setup_teardown.py
[2024-06-18T10:58:14.661+0545] {processor.py:830} INFO - Processing file /home/manisha/airflow_env/lib/python3.10/site-packages/airflow/example_dags/example_setup_teardown.py for tasks to queue
[2024-06-18T10:58:14.662+0545] {logging_mixin.py:188} INFO - [2024-06-18T10:58:14.662+0545] {dagbag.py:545} INFO - Filling up the DagBag from /home/manisha/airflow_env/lib/python3.10/site-packages/airflow/example_dags/example_setup_teardown.py
[2024-06-18T10:58:14.669+0545] {processor.py:840} INFO - DAG(s) 'example_setup_teardown' retrieved from /home/manisha/airflow_env/lib/python3.10/site-packages/airflow/example_dags/example_setup_teardown.py
[2024-06-18T10:58:14.684+0545] {logging_mixin.py:188} INFO - [2024-06-18T10:58:14.684+0545] {dag.py:3096} INFO - Sync 1 DAGs
[2024-06-18T10:58:14.702+0545] {logging_mixin.py:188} INFO - [2024-06-18T10:58:14.702+0545] {dag.py:3954} INFO - Setting next_dagrun for example_setup_teardown to 2024-06-17 00:00:00+00:00, run_after=2024-06-18 00:00:00+00:00
[2024-06-18T10:58:14.815+0545] {processor.py:183} INFO - Processing /home/manisha/airflow_env/lib/python3.10/site-packages/airflow/example_dags/example_setup_teardown.py took 0.161 seconds
[2024-06-18T10:59:17.350+0545] {processor.py:161} INFO - Started process (PID=4199) to work on /home/manisha/airflow_env/lib/python3.10/site-packages/airflow/example_dags/example_setup_teardown.py
[2024-06-18T10:59:17.352+0545] {processor.py:830} INFO - Processing file /home/manisha/airflow_env/lib/python3.10/site-packages/airflow/example_dags/example_setup_teardown.py for tasks to queue
[2024-06-18T10:59:17.354+0545] {logging_mixin.py:188} INFO - [2024-06-18T10:59:17.353+0545] {dagbag.py:545} INFO - Filling up the DagBag from /home/manisha/airflow_env/lib/python3.10/site-packages/airflow/example_dags/example_setup_teardown.py
[2024-06-18T10:59:17.361+0545] {processor.py:840} INFO - DAG(s) 'example_setup_teardown' retrieved from /home/manisha/airflow_env/lib/python3.10/site-packages/airflow/example_dags/example_setup_teardown.py
[2024-06-18T10:59:17.378+0545] {logging_mixin.py:188} INFO - [2024-06-18T10:59:17.377+0545] {dag.py:3096} INFO - Sync 1 DAGs
[2024-06-18T10:59:17.395+0545] {logging_mixin.py:188} INFO - [2024-06-18T10:59:17.395+0545] {dag.py:3954} INFO - Setting next_dagrun for example_setup_teardown to 2024-06-17 00:00:00+00:00, run_after=2024-06-18 00:00:00+00:00
[2024-06-18T10:59:17.614+0545] {processor.py:183} INFO - Processing /home/manisha/airflow_env/lib/python3.10/site-packages/airflow/example_dags/example_setup_teardown.py took 0.270 seconds
[2024-06-18T11:00:22.023+0545] {processor.py:161} INFO - Started process (PID=4253) to work on /home/manisha/airflow_env/lib/python3.10/site-packages/airflow/example_dags/example_setup_teardown.py
[2024-06-18T11:00:22.056+0545] {processor.py:830} INFO - Processing file /home/manisha/airflow_env/lib/python3.10/site-packages/airflow/example_dags/example_setup_teardown.py for tasks to queue
[2024-06-18T11:00:22.061+0545] {logging_mixin.py:188} INFO - [2024-06-18T11:00:22.059+0545] {dagbag.py:545} INFO - Filling up the DagBag from /home/manisha/airflow_env/lib/python3.10/site-packages/airflow/example_dags/example_setup_teardown.py
[2024-06-18T11:00:22.082+0545] {processor.py:840} INFO - DAG(s) 'example_setup_teardown' retrieved from /home/manisha/airflow_env/lib/python3.10/site-packages/airflow/example_dags/example_setup_teardown.py
[2024-06-18T11:00:22.105+0545] {logging_mixin.py:188} INFO - [2024-06-18T11:00:22.105+0545] {dag.py:3096} INFO - Sync 1 DAGs
[2024-06-18T11:00:22.128+0545] {logging_mixin.py:188} INFO - [2024-06-18T11:00:22.127+0545] {dag.py:3954} INFO - Setting next_dagrun for example_setup_teardown to 2024-06-17 00:00:00+00:00, run_after=2024-06-18 00:00:00+00:00
[2024-06-18T11:00:22.275+0545] {processor.py:183} INFO - Processing /home/manisha/airflow_env/lib/python3.10/site-packages/airflow/example_dags/example_setup_teardown.py took 0.259 seconds
[2024-06-18T11:01:21.340+0545] {processor.py:161} INFO - Started process (PID=4394) to work on /home/manisha/airflow_env/lib/python3.10/site-packages/airflow/example_dags/example_setup_teardown.py
[2024-06-18T11:01:21.373+0545] {processor.py:830} INFO - Processing file /home/manisha/airflow_env/lib/python3.10/site-packages/airflow/example_dags/example_setup_teardown.py for tasks to queue
[2024-06-18T11:01:21.379+0545] {logging_mixin.py:188} INFO - [2024-06-18T11:01:21.378+0545] {dagbag.py:545} INFO - Filling up the DagBag from /home/manisha/airflow_env/lib/python3.10/site-packages/airflow/example_dags/example_setup_teardown.py
[2024-06-18T11:01:21.404+0545] {processor.py:840} INFO - DAG(s) 'example_setup_teardown' retrieved from /home/manisha/airflow_env/lib/python3.10/site-packages/airflow/example_dags/example_setup_teardown.py
[2024-06-18T11:01:21.426+0545] {logging_mixin.py:188} INFO - [2024-06-18T11:01:21.426+0545] {dag.py:3096} INFO - Sync 1 DAGs
[2024-06-18T11:01:21.445+0545] {logging_mixin.py:188} INFO - [2024-06-18T11:01:21.445+0545] {dag.py:3954} INFO - Setting next_dagrun for example_setup_teardown to 2024-06-17 00:00:00+00:00, run_after=2024-06-18 00:00:00+00:00
[2024-06-18T11:01:21.547+0545] {processor.py:183} INFO - Processing /home/manisha/airflow_env/lib/python3.10/site-packages/airflow/example_dags/example_setup_teardown.py took 0.213 seconds
[2024-06-18T11:02:23.164+0545] {processor.py:161} INFO - Started process (PID=4446) to work on /home/manisha/airflow_env/lib/python3.10/site-packages/airflow/example_dags/example_setup_teardown.py
[2024-06-18T11:02:23.170+0545] {processor.py:830} INFO - Processing file /home/manisha/airflow_env/lib/python3.10/site-packages/airflow/example_dags/example_setup_teardown.py for tasks to queue
[2024-06-18T11:02:23.172+0545] {logging_mixin.py:188} INFO - [2024-06-18T11:02:23.171+0545] {dagbag.py:545} INFO - Filling up the DagBag from /home/manisha/airflow_env/lib/python3.10/site-packages/airflow/example_dags/example_setup_teardown.py
[2024-06-18T11:02:23.180+0545] {processor.py:840} INFO - DAG(s) 'example_setup_teardown' retrieved from /home/manisha/airflow_env/lib/python3.10/site-packages/airflow/example_dags/example_setup_teardown.py
[2024-06-18T11:02:23.198+0545] {logging_mixin.py:188} INFO - [2024-06-18T11:02:23.198+0545] {dag.py:3096} INFO - Sync 1 DAGs
[2024-06-18T11:02:23.216+0545] {logging_mixin.py:188} INFO - [2024-06-18T11:02:23.216+0545] {dag.py:3954} INFO - Setting next_dagrun for example_setup_teardown to 2024-06-17 00:00:00+00:00, run_after=2024-06-18 00:00:00+00:00
[2024-06-18T11:02:23.321+0545] {processor.py:183} INFO - Processing /home/manisha/airflow_env/lib/python3.10/site-packages/airflow/example_dags/example_setup_teardown.py took 0.163 seconds
[2024-06-18T11:03:19.748+0545] {processor.py:161} INFO - Started process (PID=4499) to work on /home/manisha/airflow_env/lib/python3.10/site-packages/airflow/example_dags/example_setup_teardown.py
[2024-06-18T11:03:19.781+0545] {processor.py:830} INFO - Processing file /home/manisha/airflow_env/lib/python3.10/site-packages/airflow/example_dags/example_setup_teardown.py for tasks to queue
[2024-06-18T11:03:19.784+0545] {logging_mixin.py:188} INFO - [2024-06-18T11:03:19.784+0545] {dagbag.py:545} INFO - Filling up the DagBag from /home/manisha/airflow_env/lib/python3.10/site-packages/airflow/example_dags/example_setup_teardown.py
[2024-06-18T11:03:19.799+0545] {processor.py:840} INFO - DAG(s) 'example_setup_teardown' retrieved from /home/manisha/airflow_env/lib/python3.10/site-packages/airflow/example_dags/example_setup_teardown.py
[2024-06-18T11:03:19.820+0545] {logging_mixin.py:188} INFO - [2024-06-18T11:03:19.820+0545] {dag.py:3096} INFO - Sync 1 DAGs
[2024-06-18T11:03:19.841+0545] {logging_mixin.py:188} INFO - [2024-06-18T11:03:19.841+0545] {dag.py:3954} INFO - Setting next_dagrun for example_setup_teardown to 2024-06-17 00:00:00+00:00, run_after=2024-06-18 00:00:00+00:00
[2024-06-18T11:03:19.943+0545] {processor.py:183} INFO - Processing /home/manisha/airflow_env/lib/python3.10/site-packages/airflow/example_dags/example_setup_teardown.py took 0.212 seconds
[2024-06-18T11:04:21.841+0545] {processor.py:161} INFO - Started process (PID=4553) to work on /home/manisha/airflow_env/lib/python3.10/site-packages/airflow/example_dags/example_setup_teardown.py
[2024-06-18T11:04:21.878+0545] {processor.py:830} INFO - Processing file /home/manisha/airflow_env/lib/python3.10/site-packages/airflow/example_dags/example_setup_teardown.py for tasks to queue
[2024-06-18T11:04:21.884+0545] {logging_mixin.py:188} INFO - [2024-06-18T11:04:21.882+0545] {dagbag.py:545} INFO - Filling up the DagBag from /home/manisha/airflow_env/lib/python3.10/site-packages/airflow/example_dags/example_setup_teardown.py
[2024-06-18T11:04:21.908+0545] {processor.py:840} INFO - DAG(s) 'example_setup_teardown' retrieved from /home/manisha/airflow_env/lib/python3.10/site-packages/airflow/example_dags/example_setup_teardown.py
[2024-06-18T11:04:21.931+0545] {logging_mixin.py:188} INFO - [2024-06-18T11:04:21.931+0545] {dag.py:3096} INFO - Sync 1 DAGs
[2024-06-18T11:04:21.949+0545] {logging_mixin.py:188} INFO - [2024-06-18T11:04:21.948+0545] {dag.py:3954} INFO - Setting next_dagrun for example_setup_teardown to 2024-06-17 00:00:00+00:00, run_after=2024-06-18 00:00:00+00:00
[2024-06-18T11:04:22.043+0545] {processor.py:183} INFO - Processing /home/manisha/airflow_env/lib/python3.10/site-packages/airflow/example_dags/example_setup_teardown.py took 0.209 seconds
[2024-06-18T11:05:23.629+0545] {processor.py:161} INFO - Started process (PID=4692) to work on /home/manisha/airflow_env/lib/python3.10/site-packages/airflow/example_dags/example_setup_teardown.py
[2024-06-18T11:05:23.707+0545] {processor.py:830} INFO - Processing file /home/manisha/airflow_env/lib/python3.10/site-packages/airflow/example_dags/example_setup_teardown.py for tasks to queue
[2024-06-18T11:05:23.709+0545] {logging_mixin.py:188} INFO - [2024-06-18T11:05:23.709+0545] {dagbag.py:545} INFO - Filling up the DagBag from /home/manisha/airflow_env/lib/python3.10/site-packages/airflow/example_dags/example_setup_teardown.py
[2024-06-18T11:05:23.719+0545] {processor.py:840} INFO - DAG(s) 'example_setup_teardown' retrieved from /home/manisha/airflow_env/lib/python3.10/site-packages/airflow/example_dags/example_setup_teardown.py
[2024-06-18T11:05:23.741+0545] {logging_mixin.py:188} INFO - [2024-06-18T11:05:23.740+0545] {dag.py:3096} INFO - Sync 1 DAGs
[2024-06-18T11:05:23.767+0545] {logging_mixin.py:188} INFO - [2024-06-18T11:05:23.766+0545] {dag.py:3954} INFO - Setting next_dagrun for example_setup_teardown to 2024-06-17 00:00:00+00:00, run_after=2024-06-18 00:00:00+00:00
[2024-06-18T11:05:23.879+0545] {processor.py:183} INFO - Processing /home/manisha/airflow_env/lib/python3.10/site-packages/airflow/example_dags/example_setup_teardown.py took 0.269 seconds
[2024-06-18T11:06:37.377+0545] {processor.py:161} INFO - Started process (PID=4800) to work on /home/manisha/airflow_env/lib/python3.10/site-packages/airflow/example_dags/example_setup_teardown.py
[2024-06-18T11:06:37.413+0545] {processor.py:830} INFO - Processing file /home/manisha/airflow_env/lib/python3.10/site-packages/airflow/example_dags/example_setup_teardown.py for tasks to queue
[2024-06-18T11:06:37.418+0545] {logging_mixin.py:188} INFO - [2024-06-18T11:06:37.417+0545] {dagbag.py:545} INFO - Filling up the DagBag from /home/manisha/airflow_env/lib/python3.10/site-packages/airflow/example_dags/example_setup_teardown.py
[2024-06-18T11:06:37.442+0545] {processor.py:840} INFO - DAG(s) 'example_setup_teardown' retrieved from /home/manisha/airflow_env/lib/python3.10/site-packages/airflow/example_dags/example_setup_teardown.py
[2024-06-18T11:06:37.464+0545] {logging_mixin.py:188} INFO - [2024-06-18T11:06:37.464+0545] {dag.py:3096} INFO - Sync 1 DAGs
[2024-06-18T11:06:37.482+0545] {logging_mixin.py:188} INFO - [2024-06-18T11:06:37.482+0545] {dag.py:3954} INFO - Setting next_dagrun for example_setup_teardown to 2024-06-17 00:00:00+00:00, run_after=2024-06-18 00:00:00+00:00
[2024-06-18T11:06:37.560+0545] {processor.py:183} INFO - Processing /home/manisha/airflow_env/lib/python3.10/site-packages/airflow/example_dags/example_setup_teardown.py took 0.190 seconds
[2024-06-18T11:07:35.081+0545] {processor.py:161} INFO - Started process (PID=4946) to work on /home/manisha/airflow_env/lib/python3.10/site-packages/airflow/example_dags/example_setup_teardown.py
[2024-06-18T11:07:35.114+0545] {processor.py:830} INFO - Processing file /home/manisha/airflow_env/lib/python3.10/site-packages/airflow/example_dags/example_setup_teardown.py for tasks to queue
[2024-06-18T11:07:35.118+0545] {logging_mixin.py:188} INFO - [2024-06-18T11:07:35.117+0545] {dagbag.py:545} INFO - Filling up the DagBag from /home/manisha/airflow_env/lib/python3.10/site-packages/airflow/example_dags/example_setup_teardown.py
[2024-06-18T11:07:35.139+0545] {processor.py:840} INFO - DAG(s) 'example_setup_teardown' retrieved from /home/manisha/airflow_env/lib/python3.10/site-packages/airflow/example_dags/example_setup_teardown.py
[2024-06-18T11:07:35.164+0545] {logging_mixin.py:188} INFO - [2024-06-18T11:07:35.164+0545] {dag.py:3096} INFO - Sync 1 DAGs
[2024-06-18T11:07:35.182+0545] {logging_mixin.py:188} INFO - [2024-06-18T11:07:35.182+0545] {dag.py:3954} INFO - Setting next_dagrun for example_setup_teardown to 2024-06-17 00:00:00+00:00, run_after=2024-06-18 00:00:00+00:00
[2024-06-18T11:07:35.383+0545] {processor.py:183} INFO - Processing /home/manisha/airflow_env/lib/python3.10/site-packages/airflow/example_dags/example_setup_teardown.py took 0.308 seconds
[2024-06-18T11:08:32.070+0545] {processor.py:161} INFO - Started process (PID=5200) to work on /home/manisha/airflow_env/lib/python3.10/site-packages/airflow/example_dags/example_setup_teardown.py
[2024-06-18T11:08:32.089+0545] {processor.py:830} INFO - Processing file /home/manisha/airflow_env/lib/python3.10/site-packages/airflow/example_dags/example_setup_teardown.py for tasks to queue
[2024-06-18T11:08:32.090+0545] {logging_mixin.py:188} INFO - [2024-06-18T11:08:32.090+0545] {dagbag.py:545} INFO - Filling up the DagBag from /home/manisha/airflow_env/lib/python3.10/site-packages/airflow/example_dags/example_setup_teardown.py
[2024-06-18T11:08:32.096+0545] {processor.py:840} INFO - DAG(s) 'example_setup_teardown' retrieved from /home/manisha/airflow_env/lib/python3.10/site-packages/airflow/example_dags/example_setup_teardown.py
[2024-06-18T11:08:32.122+0545] {logging_mixin.py:188} INFO - [2024-06-18T11:08:32.121+0545] {dag.py:3096} INFO - Sync 1 DAGs
[2024-06-18T11:08:32.158+0545] {logging_mixin.py:188} INFO - [2024-06-18T11:08:32.157+0545] {dag.py:3954} INFO - Setting next_dagrun for example_setup_teardown to 2024-06-17 00:00:00+00:00, run_after=2024-06-18 00:00:00+00:00
[2024-06-18T11:08:32.232+0545] {processor.py:183} INFO - Processing /home/manisha/airflow_env/lib/python3.10/site-packages/airflow/example_dags/example_setup_teardown.py took 0.166 seconds
[2024-06-18T11:09:31.351+0545] {processor.py:161} INFO - Started process (PID=5644) to work on /home/manisha/airflow_env/lib/python3.10/site-packages/airflow/example_dags/example_setup_teardown.py
[2024-06-18T11:09:31.390+0545] {processor.py:830} INFO - Processing file /home/manisha/airflow_env/lib/python3.10/site-packages/airflow/example_dags/example_setup_teardown.py for tasks to queue
[2024-06-18T11:09:31.395+0545] {logging_mixin.py:188} INFO - [2024-06-18T11:09:31.394+0545] {dagbag.py:545} INFO - Filling up the DagBag from /home/manisha/airflow_env/lib/python3.10/site-packages/airflow/example_dags/example_setup_teardown.py
[2024-06-18T11:09:31.419+0545] {processor.py:840} INFO - DAG(s) 'example_setup_teardown' retrieved from /home/manisha/airflow_env/lib/python3.10/site-packages/airflow/example_dags/example_setup_teardown.py
[2024-06-18T11:09:31.440+0545] {logging_mixin.py:188} INFO - [2024-06-18T11:09:31.440+0545] {dag.py:3096} INFO - Sync 1 DAGs
[2024-06-18T11:09:31.463+0545] {logging_mixin.py:188} INFO - [2024-06-18T11:09:31.463+0545] {dag.py:3954} INFO - Setting next_dagrun for example_setup_teardown to 2024-06-17 00:00:00+00:00, run_after=2024-06-18 00:00:00+00:00
[2024-06-18T11:09:31.543+0545] {processor.py:183} INFO - Processing /home/manisha/airflow_env/lib/python3.10/site-packages/airflow/example_dags/example_setup_teardown.py took 0.198 seconds
[2024-06-18T11:43:59.946+0545] {processor.py:161} INFO - Started process (PID=8307) to work on /home/manisha/airflow_env/lib/python3.10/site-packages/airflow/example_dags/example_setup_teardown.py
[2024-06-18T11:43:59.948+0545] {processor.py:830} INFO - Processing file /home/manisha/airflow_env/lib/python3.10/site-packages/airflow/example_dags/example_setup_teardown.py for tasks to queue
[2024-06-18T11:43:59.950+0545] {logging_mixin.py:188} INFO - [2024-06-18T11:43:59.950+0545] {dagbag.py:545} INFO - Filling up the DagBag from /home/manisha/airflow_env/lib/python3.10/site-packages/airflow/example_dags/example_setup_teardown.py
[2024-06-18T11:43:59.957+0545] {processor.py:840} INFO - DAG(s) 'example_setup_teardown' retrieved from /home/manisha/airflow_env/lib/python3.10/site-packages/airflow/example_dags/example_setup_teardown.py
[2024-06-18T11:43:59.971+0545] {logging_mixin.py:188} INFO - [2024-06-18T11:43:59.971+0545] {dag.py:3096} INFO - Sync 1 DAGs
[2024-06-18T11:43:59.996+0545] {logging_mixin.py:188} INFO - [2024-06-18T11:43:59.996+0545] {dag.py:3954} INFO - Setting next_dagrun for example_setup_teardown to 2024-06-17 00:00:00+00:00, run_after=2024-06-18 00:00:00+00:00
[2024-06-18T11:44:00.106+0545] {processor.py:183} INFO - Processing /home/manisha/airflow_env/lib/python3.10/site-packages/airflow/example_dags/example_setup_teardown.py took 0.165 seconds
[2024-06-18T11:44:32.017+0545] {processor.py:161} INFO - Started process (PID=8363) to work on /home/manisha/airflow_env/lib/python3.10/site-packages/airflow/example_dags/example_setup_teardown.py
[2024-06-18T11:44:32.034+0545] {processor.py:830} INFO - Processing file /home/manisha/airflow_env/lib/python3.10/site-packages/airflow/example_dags/example_setup_teardown.py for tasks to queue
[2024-06-18T11:44:32.036+0545] {logging_mixin.py:188} INFO - [2024-06-18T11:44:32.035+0545] {dagbag.py:545} INFO - Filling up the DagBag from /home/manisha/airflow_env/lib/python3.10/site-packages/airflow/example_dags/example_setup_teardown.py
[2024-06-18T11:44:32.043+0545] {processor.py:840} INFO - DAG(s) 'example_setup_teardown' retrieved from /home/manisha/airflow_env/lib/python3.10/site-packages/airflow/example_dags/example_setup_teardown.py
[2024-06-18T11:44:32.260+0545] {logging_mixin.py:188} INFO - [2024-06-18T11:44:32.260+0545] {dag.py:3096} INFO - Sync 1 DAGs
[2024-06-18T11:44:32.284+0545] {logging_mixin.py:188} INFO - [2024-06-18T11:44:32.284+0545] {dag.py:3954} INFO - Setting next_dagrun for example_setup_teardown to 2024-06-17 00:00:00+00:00, run_after=2024-06-18 00:00:00+00:00
[2024-06-18T11:44:32.408+0545] {processor.py:183} INFO - Processing /home/manisha/airflow_env/lib/python3.10/site-packages/airflow/example_dags/example_setup_teardown.py took 0.397 seconds
[2024-06-18T11:45:03.177+0545] {processor.py:161} INFO - Started process (PID=8417) to work on /home/manisha/airflow_env/lib/python3.10/site-packages/airflow/example_dags/example_setup_teardown.py
[2024-06-18T11:45:03.179+0545] {processor.py:830} INFO - Processing file /home/manisha/airflow_env/lib/python3.10/site-packages/airflow/example_dags/example_setup_teardown.py for tasks to queue
[2024-06-18T11:45:03.181+0545] {logging_mixin.py:188} INFO - [2024-06-18T11:45:03.180+0545] {dagbag.py:545} INFO - Filling up the DagBag from /home/manisha/airflow_env/lib/python3.10/site-packages/airflow/example_dags/example_setup_teardown.py
[2024-06-18T11:45:03.189+0545] {processor.py:840} INFO - DAG(s) 'example_setup_teardown' retrieved from /home/manisha/airflow_env/lib/python3.10/site-packages/airflow/example_dags/example_setup_teardown.py
[2024-06-18T11:45:03.213+0545] {logging_mixin.py:188} INFO - [2024-06-18T11:45:03.213+0545] {dag.py:3096} INFO - Sync 1 DAGs
[2024-06-18T11:45:03.323+0545] {logging_mixin.py:188} INFO - [2024-06-18T11:45:03.323+0545] {dag.py:3954} INFO - Setting next_dagrun for example_setup_teardown to 2024-06-17 00:00:00+00:00, run_after=2024-06-18 00:00:00+00:00
[2024-06-18T11:45:03.384+0545] {processor.py:183} INFO - Processing /home/manisha/airflow_env/lib/python3.10/site-packages/airflow/example_dags/example_setup_teardown.py took 0.217 seconds
[2024-06-18T11:45:33.977+0545] {processor.py:161} INFO - Started process (PID=8468) to work on /home/manisha/airflow_env/lib/python3.10/site-packages/airflow/example_dags/example_setup_teardown.py
[2024-06-18T11:45:33.977+0545] {processor.py:830} INFO - Processing file /home/manisha/airflow_env/lib/python3.10/site-packages/airflow/example_dags/example_setup_teardown.py for tasks to queue
[2024-06-18T11:45:33.979+0545] {logging_mixin.py:188} INFO - [2024-06-18T11:45:33.979+0545] {dagbag.py:545} INFO - Filling up the DagBag from /home/manisha/airflow_env/lib/python3.10/site-packages/airflow/example_dags/example_setup_teardown.py
[2024-06-18T11:45:33.985+0545] {processor.py:840} INFO - DAG(s) 'example_setup_teardown' retrieved from /home/manisha/airflow_env/lib/python3.10/site-packages/airflow/example_dags/example_setup_teardown.py
[2024-06-18T11:45:34.008+0545] {logging_mixin.py:188} INFO - [2024-06-18T11:45:34.007+0545] {dag.py:3096} INFO - Sync 1 DAGs
[2024-06-18T11:45:34.027+0545] {logging_mixin.py:188} INFO - [2024-06-18T11:45:34.027+0545] {dag.py:3954} INFO - Setting next_dagrun for example_setup_teardown to 2024-06-17 00:00:00+00:00, run_after=2024-06-18 00:00:00+00:00
[2024-06-18T11:45:34.104+0545] {processor.py:183} INFO - Processing /home/manisha/airflow_env/lib/python3.10/site-packages/airflow/example_dags/example_setup_teardown.py took 0.136 seconds
[2024-06-18T11:46:04.259+0545] {processor.py:161} INFO - Started process (PID=8521) to work on /home/manisha/airflow_env/lib/python3.10/site-packages/airflow/example_dags/example_setup_teardown.py
[2024-06-18T11:46:04.274+0545] {processor.py:830} INFO - Processing file /home/manisha/airflow_env/lib/python3.10/site-packages/airflow/example_dags/example_setup_teardown.py for tasks to queue
[2024-06-18T11:46:04.275+0545] {logging_mixin.py:188} INFO - [2024-06-18T11:46:04.275+0545] {dagbag.py:545} INFO - Filling up the DagBag from /home/manisha/airflow_env/lib/python3.10/site-packages/airflow/example_dags/example_setup_teardown.py
[2024-06-18T11:46:04.283+0545] {processor.py:840} INFO - DAG(s) 'example_setup_teardown' retrieved from /home/manisha/airflow_env/lib/python3.10/site-packages/airflow/example_dags/example_setup_teardown.py
[2024-06-18T11:46:04.310+0545] {logging_mixin.py:188} INFO - [2024-06-18T11:46:04.310+0545] {dag.py:3096} INFO - Sync 1 DAGs
[2024-06-18T11:46:04.330+0545] {logging_mixin.py:188} INFO - [2024-06-18T11:46:04.330+0545] {dag.py:3954} INFO - Setting next_dagrun for example_setup_teardown to 2024-06-17 00:00:00+00:00, run_after=2024-06-18 00:00:00+00:00
[2024-06-18T11:46:04.427+0545] {processor.py:183} INFO - Processing /home/manisha/airflow_env/lib/python3.10/site-packages/airflow/example_dags/example_setup_teardown.py took 0.174 seconds
[2024-06-18T11:46:35.055+0545] {processor.py:161} INFO - Started process (PID=8572) to work on /home/manisha/airflow_env/lib/python3.10/site-packages/airflow/example_dags/example_setup_teardown.py
[2024-06-18T11:46:35.055+0545] {processor.py:830} INFO - Processing file /home/manisha/airflow_env/lib/python3.10/site-packages/airflow/example_dags/example_setup_teardown.py for tasks to queue
[2024-06-18T11:46:35.057+0545] {logging_mixin.py:188} INFO - [2024-06-18T11:46:35.057+0545] {dagbag.py:545} INFO - Filling up the DagBag from /home/manisha/airflow_env/lib/python3.10/site-packages/airflow/example_dags/example_setup_teardown.py
[2024-06-18T11:46:35.064+0545] {processor.py:840} INFO - DAG(s) 'example_setup_teardown' retrieved from /home/manisha/airflow_env/lib/python3.10/site-packages/airflow/example_dags/example_setup_teardown.py
[2024-06-18T11:46:35.088+0545] {logging_mixin.py:188} INFO - [2024-06-18T11:46:35.087+0545] {dag.py:3096} INFO - Sync 1 DAGs
[2024-06-18T11:46:35.108+0545] {logging_mixin.py:188} INFO - [2024-06-18T11:46:35.108+0545] {dag.py:3954} INFO - Setting next_dagrun for example_setup_teardown to 2024-06-17 00:00:00+00:00, run_after=2024-06-18 00:00:00+00:00
[2024-06-18T11:46:35.222+0545] {processor.py:183} INFO - Processing /home/manisha/airflow_env/lib/python3.10/site-packages/airflow/example_dags/example_setup_teardown.py took 0.174 seconds
[2024-06-18T11:47:05.603+0545] {processor.py:161} INFO - Started process (PID=8623) to work on /home/manisha/airflow_env/lib/python3.10/site-packages/airflow/example_dags/example_setup_teardown.py
[2024-06-18T11:47:05.623+0545] {processor.py:830} INFO - Processing file /home/manisha/airflow_env/lib/python3.10/site-packages/airflow/example_dags/example_setup_teardown.py for tasks to queue
[2024-06-18T11:47:05.624+0545] {logging_mixin.py:188} INFO - [2024-06-18T11:47:05.624+0545] {dagbag.py:545} INFO - Filling up the DagBag from /home/manisha/airflow_env/lib/python3.10/site-packages/airflow/example_dags/example_setup_teardown.py
[2024-06-18T11:47:05.634+0545] {processor.py:840} INFO - DAG(s) 'example_setup_teardown' retrieved from /home/manisha/airflow_env/lib/python3.10/site-packages/airflow/example_dags/example_setup_teardown.py
[2024-06-18T11:47:05.662+0545] {logging_mixin.py:188} INFO - [2024-06-18T11:47:05.662+0545] {dag.py:3096} INFO - Sync 1 DAGs
[2024-06-18T11:47:05.681+0545] {logging_mixin.py:188} INFO - [2024-06-18T11:47:05.681+0545] {dag.py:3954} INFO - Setting next_dagrun for example_setup_teardown to 2024-06-17 00:00:00+00:00, run_after=2024-06-18 00:00:00+00:00
[2024-06-18T11:47:05.812+0545] {processor.py:183} INFO - Processing /home/manisha/airflow_env/lib/python3.10/site-packages/airflow/example_dags/example_setup_teardown.py took 0.215 seconds
[2024-06-18T11:47:35.999+0545] {processor.py:161} INFO - Started process (PID=8674) to work on /home/manisha/airflow_env/lib/python3.10/site-packages/airflow/example_dags/example_setup_teardown.py
[2024-06-18T11:47:36.000+0545] {processor.py:830} INFO - Processing file /home/manisha/airflow_env/lib/python3.10/site-packages/airflow/example_dags/example_setup_teardown.py for tasks to queue
[2024-06-18T11:47:36.001+0545] {logging_mixin.py:188} INFO - [2024-06-18T11:47:36.001+0545] {dagbag.py:545} INFO - Filling up the DagBag from /home/manisha/airflow_env/lib/python3.10/site-packages/airflow/example_dags/example_setup_teardown.py
[2024-06-18T11:47:36.008+0545] {processor.py:840} INFO - DAG(s) 'example_setup_teardown' retrieved from /home/manisha/airflow_env/lib/python3.10/site-packages/airflow/example_dags/example_setup_teardown.py
[2024-06-18T11:47:36.033+0545] {logging_mixin.py:188} INFO - [2024-06-18T11:47:36.033+0545] {dag.py:3096} INFO - Sync 1 DAGs
[2024-06-18T11:47:36.053+0545] {logging_mixin.py:188} INFO - [2024-06-18T11:47:36.053+0545] {dag.py:3954} INFO - Setting next_dagrun for example_setup_teardown to 2024-06-17 00:00:00+00:00, run_after=2024-06-18 00:00:00+00:00
[2024-06-18T11:47:36.215+0545] {processor.py:183} INFO - Processing /home/manisha/airflow_env/lib/python3.10/site-packages/airflow/example_dags/example_setup_teardown.py took 0.223 seconds
[2024-06-18T11:48:30.339+0545] {processor.py:161} INFO - Started process (PID=8750) to work on /home/manisha/airflow_env/lib/python3.10/site-packages/airflow/example_dags/example_setup_teardown.py
[2024-06-18T11:48:30.352+0545] {processor.py:830} INFO - Processing file /home/manisha/airflow_env/lib/python3.10/site-packages/airflow/example_dags/example_setup_teardown.py for tasks to queue
[2024-06-18T11:48:30.354+0545] {logging_mixin.py:188} INFO - [2024-06-18T11:48:30.354+0545] {dagbag.py:545} INFO - Filling up the DagBag from /home/manisha/airflow_env/lib/python3.10/site-packages/airflow/example_dags/example_setup_teardown.py
[2024-06-18T11:48:30.365+0545] {processor.py:840} INFO - DAG(s) 'example_setup_teardown' retrieved from /home/manisha/airflow_env/lib/python3.10/site-packages/airflow/example_dags/example_setup_teardown.py
[2024-06-18T11:48:30.382+0545] {logging_mixin.py:188} INFO - [2024-06-18T11:48:30.381+0545] {dag.py:3096} INFO - Sync 1 DAGs
[2024-06-18T11:48:30.402+0545] {logging_mixin.py:188} INFO - [2024-06-18T11:48:30.402+0545] {dag.py:3954} INFO - Setting next_dagrun for example_setup_teardown to 2024-06-17 00:00:00+00:00, run_after=2024-06-18 00:00:00+00:00
[2024-06-18T11:48:30.498+0545] {processor.py:183} INFO - Processing /home/manisha/airflow_env/lib/python3.10/site-packages/airflow/example_dags/example_setup_teardown.py took 0.167 seconds
[2024-06-18T11:49:02.846+0545] {processor.py:161} INFO - Started process (PID=8864) to work on /home/manisha/airflow_env/lib/python3.10/site-packages/airflow/example_dags/example_setup_teardown.py
[2024-06-18T11:49:02.850+0545] {processor.py:830} INFO - Processing file /home/manisha/airflow_env/lib/python3.10/site-packages/airflow/example_dags/example_setup_teardown.py for tasks to queue
[2024-06-18T11:49:02.852+0545] {logging_mixin.py:188} INFO - [2024-06-18T11:49:02.851+0545] {dagbag.py:545} INFO - Filling up the DagBag from /home/manisha/airflow_env/lib/python3.10/site-packages/airflow/example_dags/example_setup_teardown.py
[2024-06-18T11:49:02.859+0545] {processor.py:840} INFO - DAG(s) 'example_setup_teardown' retrieved from /home/manisha/airflow_env/lib/python3.10/site-packages/airflow/example_dags/example_setup_teardown.py
[2024-06-18T11:49:03.203+0545] {logging_mixin.py:188} INFO - [2024-06-18T11:49:03.203+0545] {dag.py:3096} INFO - Sync 1 DAGs
[2024-06-18T11:49:03.242+0545] {logging_mixin.py:188} INFO - [2024-06-18T11:49:03.241+0545] {dag.py:3954} INFO - Setting next_dagrun for example_setup_teardown to 2024-06-17 00:00:00+00:00, run_after=2024-06-18 00:00:00+00:00
[2024-06-18T11:49:03.388+0545] {processor.py:183} INFO - Processing /home/manisha/airflow_env/lib/python3.10/site-packages/airflow/example_dags/example_setup_teardown.py took 0.552 seconds
[2024-06-18T11:49:34.068+0545] {processor.py:161} INFO - Started process (PID=8935) to work on /home/manisha/airflow_env/lib/python3.10/site-packages/airflow/example_dags/example_setup_teardown.py
[2024-06-18T11:49:34.171+0545] {processor.py:830} INFO - Processing file /home/manisha/airflow_env/lib/python3.10/site-packages/airflow/example_dags/example_setup_teardown.py for tasks to queue
[2024-06-18T11:49:34.177+0545] {logging_mixin.py:188} INFO - [2024-06-18T11:49:34.175+0545] {dagbag.py:545} INFO - Filling up the DagBag from /home/manisha/airflow_env/lib/python3.10/site-packages/airflow/example_dags/example_setup_teardown.py
[2024-06-18T11:49:34.198+0545] {processor.py:840} INFO - DAG(s) 'example_setup_teardown' retrieved from /home/manisha/airflow_env/lib/python3.10/site-packages/airflow/example_dags/example_setup_teardown.py
[2024-06-18T11:49:34.241+0545] {logging_mixin.py:188} INFO - [2024-06-18T11:49:34.240+0545] {dag.py:3096} INFO - Sync 1 DAGs
[2024-06-18T11:49:34.368+0545] {logging_mixin.py:188} INFO - [2024-06-18T11:49:34.367+0545] {dag.py:3954} INFO - Setting next_dagrun for example_setup_teardown to 2024-06-17 00:00:00+00:00, run_after=2024-06-18 00:00:00+00:00
[2024-06-18T11:49:34.470+0545] {processor.py:183} INFO - Processing /home/manisha/airflow_env/lib/python3.10/site-packages/airflow/example_dags/example_setup_teardown.py took 0.409 seconds
[2024-06-18T11:50:04.864+0545] {processor.py:161} INFO - Started process (PID=8991) to work on /home/manisha/airflow_env/lib/python3.10/site-packages/airflow/example_dags/example_setup_teardown.py
[2024-06-18T11:50:04.865+0545] {processor.py:830} INFO - Processing file /home/manisha/airflow_env/lib/python3.10/site-packages/airflow/example_dags/example_setup_teardown.py for tasks to queue
[2024-06-18T11:50:04.868+0545] {logging_mixin.py:188} INFO - [2024-06-18T11:50:04.868+0545] {dagbag.py:545} INFO - Filling up the DagBag from /home/manisha/airflow_env/lib/python3.10/site-packages/airflow/example_dags/example_setup_teardown.py
[2024-06-18T11:50:04.879+0545] {processor.py:840} INFO - DAG(s) 'example_setup_teardown' retrieved from /home/manisha/airflow_env/lib/python3.10/site-packages/airflow/example_dags/example_setup_teardown.py
[2024-06-18T11:50:04.906+0545] {logging_mixin.py:188} INFO - [2024-06-18T11:50:04.906+0545] {dag.py:3096} INFO - Sync 1 DAGs
[2024-06-18T11:50:04.927+0545] {logging_mixin.py:188} INFO - [2024-06-18T11:50:04.927+0545] {dag.py:3954} INFO - Setting next_dagrun for example_setup_teardown to 2024-06-17 00:00:00+00:00, run_after=2024-06-18 00:00:00+00:00
[2024-06-18T11:50:05.119+0545] {processor.py:183} INFO - Processing /home/manisha/airflow_env/lib/python3.10/site-packages/airflow/example_dags/example_setup_teardown.py took 0.265 seconds
[2024-06-18T11:50:35.430+0545] {processor.py:161} INFO - Started process (PID=9050) to work on /home/manisha/airflow_env/lib/python3.10/site-packages/airflow/example_dags/example_setup_teardown.py
[2024-06-18T11:50:35.479+0545] {processor.py:830} INFO - Processing file /home/manisha/airflow_env/lib/python3.10/site-packages/airflow/example_dags/example_setup_teardown.py for tasks to queue
[2024-06-18T11:50:35.484+0545] {logging_mixin.py:188} INFO - [2024-06-18T11:50:35.483+0545] {dagbag.py:545} INFO - Filling up the DagBag from /home/manisha/airflow_env/lib/python3.10/site-packages/airflow/example_dags/example_setup_teardown.py
[2024-06-18T11:50:35.506+0545] {processor.py:840} INFO - DAG(s) 'example_setup_teardown' retrieved from /home/manisha/airflow_env/lib/python3.10/site-packages/airflow/example_dags/example_setup_teardown.py
[2024-06-18T11:50:35.543+0545] {logging_mixin.py:188} INFO - [2024-06-18T11:50:35.542+0545] {dag.py:3096} INFO - Sync 1 DAGs
[2024-06-18T11:50:35.569+0545] {logging_mixin.py:188} INFO - [2024-06-18T11:50:35.569+0545] {dag.py:3954} INFO - Setting next_dagrun for example_setup_teardown to 2024-06-17 00:00:00+00:00, run_after=2024-06-18 00:00:00+00:00
[2024-06-18T11:50:35.764+0545] {processor.py:183} INFO - Processing /home/manisha/airflow_env/lib/python3.10/site-packages/airflow/example_dags/example_setup_teardown.py took 0.347 seconds
[2024-06-18T11:50:57.280+0545] {processor.py:161} INFO - Started process (PID=9316) to work on /home/manisha/airflow_env/lib/python3.10/site-packages/airflow/example_dags/example_setup_teardown.py
[2024-06-18T11:50:57.281+0545] {processor.py:830} INFO - Processing file /home/manisha/airflow_env/lib/python3.10/site-packages/airflow/example_dags/example_setup_teardown.py for tasks to queue
[2024-06-18T11:50:57.283+0545] {logging_mixin.py:188} INFO - [2024-06-18T11:50:57.283+0545] {dagbag.py:545} INFO - Filling up the DagBag from /home/manisha/airflow_env/lib/python3.10/site-packages/airflow/example_dags/example_setup_teardown.py
[2024-06-18T11:50:57.298+0545] {processor.py:840} INFO - DAG(s) 'example_setup_teardown' retrieved from /home/manisha/airflow_env/lib/python3.10/site-packages/airflow/example_dags/example_setup_teardown.py
[2024-06-18T11:50:57.324+0545] {logging_mixin.py:188} INFO - [2024-06-18T11:50:57.323+0545] {dag.py:3096} INFO - Sync 1 DAGs
[2024-06-18T11:50:57.361+0545] {logging_mixin.py:188} INFO - [2024-06-18T11:50:57.360+0545] {dag.py:3954} INFO - Setting next_dagrun for example_setup_teardown to 2024-06-17 00:00:00+00:00, run_after=2024-06-18 00:00:00+00:00
[2024-06-18T11:50:57.622+0545] {processor.py:183} INFO - Processing /home/manisha/airflow_env/lib/python3.10/site-packages/airflow/example_dags/example_setup_teardown.py took 0.348 seconds
[2024-06-18T11:51:29.359+0545] {processor.py:161} INFO - Started process (PID=9589) to work on /home/manisha/airflow_env/lib/python3.10/site-packages/airflow/example_dags/example_setup_teardown.py
[2024-06-18T11:51:29.362+0545] {processor.py:830} INFO - Processing file /home/manisha/airflow_env/lib/python3.10/site-packages/airflow/example_dags/example_setup_teardown.py for tasks to queue
[2024-06-18T11:51:29.363+0545] {logging_mixin.py:188} INFO - [2024-06-18T11:51:29.363+0545] {dagbag.py:545} INFO - Filling up the DagBag from /home/manisha/airflow_env/lib/python3.10/site-packages/airflow/example_dags/example_setup_teardown.py
[2024-06-18T11:51:29.374+0545] {processor.py:840} INFO - DAG(s) 'example_setup_teardown' retrieved from /home/manisha/airflow_env/lib/python3.10/site-packages/airflow/example_dags/example_setup_teardown.py
[2024-06-18T11:51:29.607+0545] {logging_mixin.py:188} INFO - [2024-06-18T11:51:29.607+0545] {dag.py:3096} INFO - Sync 1 DAGs
[2024-06-18T11:51:29.639+0545] {logging_mixin.py:188} INFO - [2024-06-18T11:51:29.639+0545] {dag.py:3954} INFO - Setting next_dagrun for example_setup_teardown to 2024-06-17 00:00:00+00:00, run_after=2024-06-18 00:00:00+00:00
[2024-06-18T11:51:29.904+0545] {processor.py:183} INFO - Processing /home/manisha/airflow_env/lib/python3.10/site-packages/airflow/example_dags/example_setup_teardown.py took 0.551 seconds
[2024-06-18T11:52:00.076+0545] {processor.py:161} INFO - Started process (PID=9905) to work on /home/manisha/airflow_env/lib/python3.10/site-packages/airflow/example_dags/example_setup_teardown.py
[2024-06-18T11:52:00.077+0545] {processor.py:830} INFO - Processing file /home/manisha/airflow_env/lib/python3.10/site-packages/airflow/example_dags/example_setup_teardown.py for tasks to queue
[2024-06-18T11:52:00.079+0545] {logging_mixin.py:188} INFO - [2024-06-18T11:52:00.079+0545] {dagbag.py:545} INFO - Filling up the DagBag from /home/manisha/airflow_env/lib/python3.10/site-packages/airflow/example_dags/example_setup_teardown.py
[2024-06-18T11:52:00.532+0545] {logging_mixin.py:188} INFO - [2024-06-18T11:52:00.532+0545] {process_utils.py:263} INFO - Waiting up to 5 seconds for processes to exit...
[2024-06-18T11:52:00.544+0545] {logging_mixin.py:188} WARNING - Exception ignored in: <bound method _MultipleClassMarker._remove_item of <sqlalchemy.orm.clsregistry._MultipleClassMarker object at 0x7f13df93b740>>
[2024-06-18T11:52:00.545+0545] {logging_mixin.py:188} WARNING - Traceback (most recent call last):
[2024-06-18T11:52:00.545+0545] {logging_mixin.py:188} WARNING -   File "/home/manisha/airflow_env/lib/python3.10/site-packages/sqlalchemy/orm/clsregistry.py", line 157, in _remove_item
[2024-06-18T11:52:00.545+0545] {logging_mixin.py:188} WARNING -     def _remove_item(self, ref):
[2024-06-18T11:52:00.546+0545] {logging_mixin.py:188} WARNING -   File "/home/manisha/airflow_env/lib/python3.10/site-packages/airflow/dag_processing/manager.py", line 453, in _exit_gracefully
[2024-06-18T11:52:00.546+0545] {logging_mixin.py:188} WARNING -     self.log.debug("Current Stacktrace is: %s", "\n".join(map(str, inspect.stack())))
[2024-06-18T11:52:00.546+0545] {logging_mixin.py:188} WARNING -   File "/home/manisha/.pyenv/versions/3.10.14/lib/python3.10/inspect.py", line 1673, in stack
[2024-06-18T11:52:00.547+0545] {logging_mixin.py:188} WARNING -     return getouterframes(sys._getframe(1), context)
[2024-06-18T11:52:00.547+0545] {logging_mixin.py:188} WARNING -   File "/home/manisha/.pyenv/versions/3.10.14/lib/python3.10/inspect.py", line 1650, in getouterframes
[2024-06-18T11:52:00.548+0545] {logging_mixin.py:188} WARNING -     frameinfo = (frame,) + getframeinfo(frame, context)
[2024-06-18T11:52:00.549+0545] {logging_mixin.py:188} WARNING -   File "/home/manisha/.pyenv/versions/3.10.14/lib/python3.10/inspect.py", line 1624, in getframeinfo
[2024-06-18T11:52:00.549+0545] {logging_mixin.py:188} WARNING -     lines, lnum = findsource(frame)
[2024-06-18T11:52:00.550+0545] {logging_mixin.py:188} WARNING -   File "/home/manisha/.pyenv/versions/3.10.14/lib/python3.10/inspect.py", line 952, in findsource
[2024-06-18T11:52:00.550+0545] {logging_mixin.py:188} WARNING -     module = getmodule(object, file)
[2024-06-18T11:52:00.550+0545] {logging_mixin.py:188} WARNING -   File "/home/manisha/.pyenv/versions/3.10.14/lib/python3.10/inspect.py", line 878, in getmodule
[2024-06-18T11:52:00.551+0545] {logging_mixin.py:188} WARNING -     os.path.realpath(f)] = module.__name__
[2024-06-18T11:52:00.551+0545] {logging_mixin.py:188} WARNING -   File "/home/manisha/.pyenv/versions/3.10.14/lib/python3.10/posixpath.py", line 396, in realpath
[2024-06-18T11:52:00.552+0545] {logging_mixin.py:188} WARNING -     path, ok = _joinrealpath(filename[:0], filename, strict, {})
[2024-06-18T11:52:00.552+0545] {logging_mixin.py:188} WARNING -   File "/home/manisha/.pyenv/versions/3.10.14/lib/python3.10/posixpath.py", line 416, in _joinrealpath
[2024-06-18T11:52:00.552+0545] {logging_mixin.py:188} WARNING -     name, _, rest = rest.partition(sep)
[2024-06-18T11:52:00.553+0545] {logging_mixin.py:188} WARNING -   File "/home/manisha/airflow_env/lib/python3.10/site-packages/airflow/dag_processing/manager.py", line 457, in _exit_gracefully
[2024-06-18T11:52:00.553+0545] {logging_mixin.py:188} WARNING -     sys.exit(os.EX_OK)
[2024-06-18T11:52:00.553+0545] {logging_mixin.py:188} WARNING - SystemExit: 0
[2024-06-18T11:52:00.562+0545] {processor.py:840} INFO - DAG(s) 'example_setup_teardown' retrieved from /home/manisha/airflow_env/lib/python3.10/site-packages/airflow/example_dags/example_setup_teardown.py
[2024-06-18T11:52:00.591+0545] {logging_mixin.py:188} INFO - [2024-06-18T11:52:00.591+0545] {dag.py:3096} INFO - Sync 1 DAGs
[2024-06-18T11:52:00.628+0545] {logging_mixin.py:188} INFO - [2024-06-18T11:52:00.627+0545] {dag.py:3954} INFO - Setting next_dagrun for example_setup_teardown to 2024-06-17 00:00:00+00:00, run_after=2024-06-18 00:00:00+00:00
[2024-06-18T11:52:00.822+0545] {processor.py:183} INFO - Processing /home/manisha/airflow_env/lib/python3.10/site-packages/airflow/example_dags/example_setup_teardown.py took 0.754 seconds
