[2024-06-18T10:57:55.841+0545] {processor.py:161} INFO - Started process (PID=4070) to work on /home/manisha/airflow_env/lib/python3.10/site-packages/airflow/example_dags/example_branch_python_dop_operator_3.py
[2024-06-18T10:57:55.842+0545] {processor.py:830} INFO - Processing file /home/manisha/airflow_env/lib/python3.10/site-packages/airflow/example_dags/example_branch_python_dop_operator_3.py for tasks to queue
[2024-06-18T10:57:55.844+0545] {logging_mixin.py:188} INFO - [2024-06-18T10:57:55.843+0545] {dagbag.py:545} INFO - Filling up the DagBag from /home/manisha/airflow_env/lib/python3.10/site-packages/airflow/example_dags/example_branch_python_dop_operator_3.py
[2024-06-18T10:57:55.854+0545] {processor.py:840} INFO - DAG(s) 'example_branch_dop_operator_v3' retrieved from /home/manisha/airflow_env/lib/python3.10/site-packages/airflow/example_dags/example_branch_python_dop_operator_3.py
[2024-06-18T10:57:56.070+0545] {logging_mixin.py:188} INFO - [2024-06-18T10:57:56.067+0545] {override.py:1829} INFO - Created Permission View: can edit on DAG:example_branch_dop_operator_v3
[2024-06-18T10:57:56.148+0545] {logging_mixin.py:188} INFO - [2024-06-18T10:57:56.147+0545] {override.py:1829} INFO - Created Permission View: can read on DAG:example_branch_dop_operator_v3
[2024-06-18T10:57:56.304+0545] {logging_mixin.py:188} INFO - [2024-06-18T10:57:56.303+0545] {override.py:1829} INFO - Created Permission View: can delete on DAG:example_branch_dop_operator_v3
[2024-06-18T10:57:56.306+0545] {logging_mixin.py:188} INFO - [2024-06-18T10:57:56.305+0545] {dag.py:3096} INFO - Sync 1 DAGs
[2024-06-18T10:57:56.424+0545] {logging_mixin.py:188} INFO - [2024-06-18T10:57:56.423+0545] {dag.py:3118} INFO - Creating ORM DAG for example_branch_dop_operator_v3
[2024-06-18T10:57:56.444+0545] {logging_mixin.py:188} INFO - [2024-06-18T10:57:56.443+0545] {dag.py:3954} INFO - Setting next_dagrun for example_branch_dop_operator_v3 to 2024-06-18 05:11:00+00:00, run_after=2024-06-18 05:12:00+00:00
[2024-06-18T10:57:56.586+0545] {processor.py:183} INFO - Processing /home/manisha/airflow_env/lib/python3.10/site-packages/airflow/example_dags/example_branch_python_dop_operator_3.py took 0.751 seconds
[2024-06-18T10:59:08.416+0545] {processor.py:161} INFO - Started process (PID=4191) to work on /home/manisha/airflow_env/lib/python3.10/site-packages/airflow/example_dags/example_branch_python_dop_operator_3.py
[2024-06-18T10:59:08.448+0545] {processor.py:830} INFO - Processing file /home/manisha/airflow_env/lib/python3.10/site-packages/airflow/example_dags/example_branch_python_dop_operator_3.py for tasks to queue
[2024-06-18T10:59:08.454+0545] {logging_mixin.py:188} INFO - [2024-06-18T10:59:08.453+0545] {dagbag.py:545} INFO - Filling up the DagBag from /home/manisha/airflow_env/lib/python3.10/site-packages/airflow/example_dags/example_branch_python_dop_operator_3.py
[2024-06-18T10:59:08.484+0545] {processor.py:840} INFO - DAG(s) 'example_branch_dop_operator_v3' retrieved from /home/manisha/airflow_env/lib/python3.10/site-packages/airflow/example_dags/example_branch_python_dop_operator_3.py
[2024-06-18T10:59:08.502+0545] {logging_mixin.py:188} INFO - [2024-06-18T10:59:08.502+0545] {dag.py:3096} INFO - Sync 1 DAGs
[2024-06-18T10:59:08.524+0545] {logging_mixin.py:188} INFO - [2024-06-18T10:59:08.523+0545] {dag.py:3954} INFO - Setting next_dagrun for example_branch_dop_operator_v3 to 2024-06-18 05:13:00+00:00, run_after=2024-06-18 05:14:00+00:00
[2024-06-18T10:59:08.716+0545] {processor.py:183} INFO - Processing /home/manisha/airflow_env/lib/python3.10/site-packages/airflow/example_dags/example_branch_python_dop_operator_3.py took 0.306 seconds
[2024-06-18T11:00:13.256+0545] {processor.py:161} INFO - Started process (PID=4246) to work on /home/manisha/airflow_env/lib/python3.10/site-packages/airflow/example_dags/example_branch_python_dop_operator_3.py
[2024-06-18T11:00:13.291+0545] {processor.py:830} INFO - Processing file /home/manisha/airflow_env/lib/python3.10/site-packages/airflow/example_dags/example_branch_python_dop_operator_3.py for tasks to queue
[2024-06-18T11:00:13.297+0545] {logging_mixin.py:188} INFO - [2024-06-18T11:00:13.296+0545] {dagbag.py:545} INFO - Filling up the DagBag from /home/manisha/airflow_env/lib/python3.10/site-packages/airflow/example_dags/example_branch_python_dop_operator_3.py
[2024-06-18T11:00:13.328+0545] {processor.py:840} INFO - DAG(s) 'example_branch_dop_operator_v3' retrieved from /home/manisha/airflow_env/lib/python3.10/site-packages/airflow/example_dags/example_branch_python_dop_operator_3.py
[2024-06-18T11:00:13.346+0545] {logging_mixin.py:188} INFO - [2024-06-18T11:00:13.346+0545] {dag.py:3096} INFO - Sync 1 DAGs
[2024-06-18T11:00:13.368+0545] {logging_mixin.py:188} INFO - [2024-06-18T11:00:13.368+0545] {dag.py:3954} INFO - Setting next_dagrun for example_branch_dop_operator_v3 to 2024-06-18 05:14:00+00:00, run_after=2024-06-18 05:15:00+00:00
[2024-06-18T11:00:13.488+0545] {processor.py:183} INFO - Processing /home/manisha/airflow_env/lib/python3.10/site-packages/airflow/example_dags/example_branch_python_dop_operator_3.py took 0.239 seconds
[2024-06-18T11:01:13.733+0545] {processor.py:161} INFO - Started process (PID=4388) to work on /home/manisha/airflow_env/lib/python3.10/site-packages/airflow/example_dags/example_branch_python_dop_operator_3.py
[2024-06-18T11:01:13.769+0545] {processor.py:830} INFO - Processing file /home/manisha/airflow_env/lib/python3.10/site-packages/airflow/example_dags/example_branch_python_dop_operator_3.py for tasks to queue
[2024-06-18T11:01:13.775+0545] {logging_mixin.py:188} INFO - [2024-06-18T11:01:13.773+0545] {dagbag.py:545} INFO - Filling up the DagBag from /home/manisha/airflow_env/lib/python3.10/site-packages/airflow/example_dags/example_branch_python_dop_operator_3.py
[2024-06-18T11:01:13.804+0545] {processor.py:840} INFO - DAG(s) 'example_branch_dop_operator_v3' retrieved from /home/manisha/airflow_env/lib/python3.10/site-packages/airflow/example_dags/example_branch_python_dop_operator_3.py
[2024-06-18T11:01:13.822+0545] {logging_mixin.py:188} INFO - [2024-06-18T11:01:13.821+0545] {dag.py:3096} INFO - Sync 1 DAGs
[2024-06-18T11:01:13.844+0545] {logging_mixin.py:188} INFO - [2024-06-18T11:01:13.844+0545] {dag.py:3954} INFO - Setting next_dagrun for example_branch_dop_operator_v3 to 2024-06-18 05:15:00+00:00, run_after=2024-06-18 05:16:00+00:00
[2024-06-18T11:01:13.954+0545] {processor.py:183} INFO - Processing /home/manisha/airflow_env/lib/python3.10/site-packages/airflow/example_dags/example_branch_python_dop_operator_3.py took 0.227 seconds
[2024-06-18T11:02:15.383+0545] {processor.py:161} INFO - Started process (PID=4440) to work on /home/manisha/airflow_env/lib/python3.10/site-packages/airflow/example_dags/example_branch_python_dop_operator_3.py
[2024-06-18T11:02:15.425+0545] {processor.py:830} INFO - Processing file /home/manisha/airflow_env/lib/python3.10/site-packages/airflow/example_dags/example_branch_python_dop_operator_3.py for tasks to queue
[2024-06-18T11:02:15.430+0545] {logging_mixin.py:188} INFO - [2024-06-18T11:02:15.429+0545] {dagbag.py:545} INFO - Filling up the DagBag from /home/manisha/airflow_env/lib/python3.10/site-packages/airflow/example_dags/example_branch_python_dop_operator_3.py
[2024-06-18T11:02:15.458+0545] {processor.py:840} INFO - DAG(s) 'example_branch_dop_operator_v3' retrieved from /home/manisha/airflow_env/lib/python3.10/site-packages/airflow/example_dags/example_branch_python_dop_operator_3.py
[2024-06-18T11:02:15.475+0545] {logging_mixin.py:188} INFO - [2024-06-18T11:02:15.475+0545] {dag.py:3096} INFO - Sync 1 DAGs
[2024-06-18T11:02:15.499+0545] {logging_mixin.py:188} INFO - [2024-06-18T11:02:15.498+0545] {dag.py:3954} INFO - Setting next_dagrun for example_branch_dop_operator_v3 to 2024-06-18 05:16:00+00:00, run_after=2024-06-18 05:17:00+00:00
[2024-06-18T11:02:15.609+0545] {processor.py:183} INFO - Processing /home/manisha/airflow_env/lib/python3.10/site-packages/airflow/example_dags/example_branch_python_dop_operator_3.py took 0.232 seconds
[2024-06-18T11:03:13.809+0545] {processor.py:161} INFO - Started process (PID=4494) to work on /home/manisha/airflow_env/lib/python3.10/site-packages/airflow/example_dags/example_branch_python_dop_operator_3.py
[2024-06-18T11:03:13.852+0545] {processor.py:830} INFO - Processing file /home/manisha/airflow_env/lib/python3.10/site-packages/airflow/example_dags/example_branch_python_dop_operator_3.py for tasks to queue
[2024-06-18T11:03:13.857+0545] {logging_mixin.py:188} INFO - [2024-06-18T11:03:13.855+0545] {dagbag.py:545} INFO - Filling up the DagBag from /home/manisha/airflow_env/lib/python3.10/site-packages/airflow/example_dags/example_branch_python_dop_operator_3.py
[2024-06-18T11:03:13.886+0545] {processor.py:840} INFO - DAG(s) 'example_branch_dop_operator_v3' retrieved from /home/manisha/airflow_env/lib/python3.10/site-packages/airflow/example_dags/example_branch_python_dop_operator_3.py
[2024-06-18T11:03:13.905+0545] {logging_mixin.py:188} INFO - [2024-06-18T11:03:13.904+0545] {dag.py:3096} INFO - Sync 1 DAGs
[2024-06-18T11:03:13.932+0545] {logging_mixin.py:188} INFO - [2024-06-18T11:03:13.931+0545] {dag.py:3954} INFO - Setting next_dagrun for example_branch_dop_operator_v3 to 2024-06-18 05:17:00+00:00, run_after=2024-06-18 05:18:00+00:00
[2024-06-18T11:03:14.034+0545] {processor.py:183} INFO - Processing /home/manisha/airflow_env/lib/python3.10/site-packages/airflow/example_dags/example_branch_python_dop_operator_3.py took 0.232 seconds
[2024-06-18T11:04:15.043+0545] {processor.py:161} INFO - Started process (PID=4547) to work on /home/manisha/airflow_env/lib/python3.10/site-packages/airflow/example_dags/example_branch_python_dop_operator_3.py
[2024-06-18T11:04:15.076+0545] {processor.py:830} INFO - Processing file /home/manisha/airflow_env/lib/python3.10/site-packages/airflow/example_dags/example_branch_python_dop_operator_3.py for tasks to queue
[2024-06-18T11:04:15.082+0545] {logging_mixin.py:188} INFO - [2024-06-18T11:04:15.081+0545] {dagbag.py:545} INFO - Filling up the DagBag from /home/manisha/airflow_env/lib/python3.10/site-packages/airflow/example_dags/example_branch_python_dop_operator_3.py
[2024-06-18T11:04:15.112+0545] {processor.py:840} INFO - DAG(s) 'example_branch_dop_operator_v3' retrieved from /home/manisha/airflow_env/lib/python3.10/site-packages/airflow/example_dags/example_branch_python_dop_operator_3.py
[2024-06-18T11:04:15.128+0545] {logging_mixin.py:188} INFO - [2024-06-18T11:04:15.128+0545] {dag.py:3096} INFO - Sync 1 DAGs
[2024-06-18T11:04:15.151+0545] {logging_mixin.py:188} INFO - [2024-06-18T11:04:15.151+0545] {dag.py:3954} INFO - Setting next_dagrun for example_branch_dop_operator_v3 to 2024-06-18 05:18:00+00:00, run_after=2024-06-18 05:19:00+00:00
[2024-06-18T11:04:15.256+0545] {processor.py:183} INFO - Processing /home/manisha/airflow_env/lib/python3.10/site-packages/airflow/example_dags/example_branch_python_dop_operator_3.py took 0.220 seconds
[2024-06-18T11:05:51.700+0545] {processor.py:161} INFO - Started process (PID=4757) to work on /home/manisha/airflow_env/lib/python3.10/site-packages/airflow/example_dags/example_branch_python_dop_operator_3.py
[2024-06-18T11:05:51.746+0545] {processor.py:830} INFO - Processing file /home/manisha/airflow_env/lib/python3.10/site-packages/airflow/example_dags/example_branch_python_dop_operator_3.py for tasks to queue
[2024-06-18T11:05:51.747+0545] {logging_mixin.py:188} INFO - [2024-06-18T11:05:51.747+0545] {dagbag.py:545} INFO - Filling up the DagBag from /home/manisha/airflow_env/lib/python3.10/site-packages/airflow/example_dags/example_branch_python_dop_operator_3.py
[2024-06-18T11:05:51.757+0545] {processor.py:840} INFO - DAG(s) 'example_branch_dop_operator_v3' retrieved from /home/manisha/airflow_env/lib/python3.10/site-packages/airflow/example_dags/example_branch_python_dop_operator_3.py
[2024-06-18T11:05:51.774+0545] {logging_mixin.py:188} INFO - [2024-06-18T11:05:51.773+0545] {dag.py:3096} INFO - Sync 1 DAGs
[2024-06-18T11:05:51.817+0545] {logging_mixin.py:188} INFO - [2024-06-18T11:05:51.817+0545] {dag.py:3954} INFO - Setting next_dagrun for example_branch_dop_operator_v3 to 2024-06-18 05:19:00+00:00, run_after=2024-06-18 05:20:00+00:00
[2024-06-18T11:05:51.929+0545] {processor.py:183} INFO - Processing /home/manisha/airflow_env/lib/python3.10/site-packages/airflow/example_dags/example_branch_python_dop_operator_3.py took 0.234 seconds
[2024-06-18T11:07:00.072+0545] {processor.py:161} INFO - Started process (PID=4914) to work on /home/manisha/airflow_env/lib/python3.10/site-packages/airflow/example_dags/example_branch_python_dop_operator_3.py
[2024-06-18T11:07:00.073+0545] {processor.py:830} INFO - Processing file /home/manisha/airflow_env/lib/python3.10/site-packages/airflow/example_dags/example_branch_python_dop_operator_3.py for tasks to queue
[2024-06-18T11:07:00.075+0545] {logging_mixin.py:188} INFO - [2024-06-18T11:07:00.075+0545] {dagbag.py:545} INFO - Filling up the DagBag from /home/manisha/airflow_env/lib/python3.10/site-packages/airflow/example_dags/example_branch_python_dop_operator_3.py
[2024-06-18T11:07:00.087+0545] {processor.py:840} INFO - DAG(s) 'example_branch_dop_operator_v3' retrieved from /home/manisha/airflow_env/lib/python3.10/site-packages/airflow/example_dags/example_branch_python_dop_operator_3.py
[2024-06-18T11:07:00.103+0545] {logging_mixin.py:188} INFO - [2024-06-18T11:07:00.103+0545] {dag.py:3096} INFO - Sync 1 DAGs
[2024-06-18T11:07:00.125+0545] {logging_mixin.py:188} INFO - [2024-06-18T11:07:00.125+0545] {dag.py:3954} INFO - Setting next_dagrun for example_branch_dop_operator_v3 to 2024-06-18 05:21:00+00:00, run_after=2024-06-18 05:22:00+00:00
[2024-06-18T11:07:00.216+0545] {processor.py:183} INFO - Processing /home/manisha/airflow_env/lib/python3.10/site-packages/airflow/example_dags/example_branch_python_dop_operator_3.py took 0.150 seconds
[2024-06-18T11:08:25.159+0545] {processor.py:161} INFO - Started process (PID=5185) to work on /home/manisha/airflow_env/lib/python3.10/site-packages/airflow/example_dags/example_branch_python_dop_operator_3.py
[2024-06-18T11:08:25.195+0545] {processor.py:830} INFO - Processing file /home/manisha/airflow_env/lib/python3.10/site-packages/airflow/example_dags/example_branch_python_dop_operator_3.py for tasks to queue
[2024-06-18T11:08:25.197+0545] {logging_mixin.py:188} INFO - [2024-06-18T11:08:25.196+0545] {dagbag.py:545} INFO - Filling up the DagBag from /home/manisha/airflow_env/lib/python3.10/site-packages/airflow/example_dags/example_branch_python_dop_operator_3.py
[2024-06-18T11:08:25.207+0545] {processor.py:840} INFO - DAG(s) 'example_branch_dop_operator_v3' retrieved from /home/manisha/airflow_env/lib/python3.10/site-packages/airflow/example_dags/example_branch_python_dop_operator_3.py
[2024-06-18T11:08:25.223+0545] {logging_mixin.py:188} INFO - [2024-06-18T11:08:25.223+0545] {dag.py:3096} INFO - Sync 1 DAGs
[2024-06-18T11:08:25.258+0545] {logging_mixin.py:188} INFO - [2024-06-18T11:08:25.257+0545] {dag.py:3954} INFO - Setting next_dagrun for example_branch_dop_operator_v3 to 2024-06-18 05:22:00+00:00, run_after=2024-06-18 05:23:00+00:00
[2024-06-18T11:08:25.405+0545] {processor.py:183} INFO - Processing /home/manisha/airflow_env/lib/python3.10/site-packages/airflow/example_dags/example_branch_python_dop_operator_3.py took 0.251 seconds
[2024-06-18T11:09:25.987+0545] {processor.py:161} INFO - Started process (PID=5639) to work on /home/manisha/airflow_env/lib/python3.10/site-packages/airflow/example_dags/example_branch_python_dop_operator_3.py
[2024-06-18T11:09:26.013+0545] {processor.py:830} INFO - Processing file /home/manisha/airflow_env/lib/python3.10/site-packages/airflow/example_dags/example_branch_python_dop_operator_3.py for tasks to queue
[2024-06-18T11:09:26.018+0545] {logging_mixin.py:188} INFO - [2024-06-18T11:09:26.017+0545] {dagbag.py:545} INFO - Filling up the DagBag from /home/manisha/airflow_env/lib/python3.10/site-packages/airflow/example_dags/example_branch_python_dop_operator_3.py
[2024-06-18T11:09:26.043+0545] {processor.py:840} INFO - DAG(s) 'example_branch_dop_operator_v3' retrieved from /home/manisha/airflow_env/lib/python3.10/site-packages/airflow/example_dags/example_branch_python_dop_operator_3.py
[2024-06-18T11:09:26.065+0545] {logging_mixin.py:188} INFO - [2024-06-18T11:09:26.065+0545] {dag.py:3096} INFO - Sync 1 DAGs
[2024-06-18T11:09:26.100+0545] {logging_mixin.py:188} INFO - [2024-06-18T11:09:26.100+0545] {dag.py:3954} INFO - Setting next_dagrun for example_branch_dop_operator_v3 to 2024-06-18 05:23:00+00:00, run_after=2024-06-18 05:24:00+00:00
[2024-06-18T11:09:26.202+0545] {processor.py:183} INFO - Processing /home/manisha/airflow_env/lib/python3.10/site-packages/airflow/example_dags/example_branch_python_dop_operator_3.py took 0.234 seconds
[2024-06-18T11:44:03.790+0545] {processor.py:161} INFO - Started process (PID=8345) to work on /home/manisha/airflow_env/lib/python3.10/site-packages/airflow/example_dags/example_branch_python_dop_operator_3.py
[2024-06-18T11:44:03.830+0545] {processor.py:830} INFO - Processing file /home/manisha/airflow_env/lib/python3.10/site-packages/airflow/example_dags/example_branch_python_dop_operator_3.py for tasks to queue
[2024-06-18T11:44:03.832+0545] {logging_mixin.py:188} INFO - [2024-06-18T11:44:03.832+0545] {dagbag.py:545} INFO - Filling up the DagBag from /home/manisha/airflow_env/lib/python3.10/site-packages/airflow/example_dags/example_branch_python_dop_operator_3.py
[2024-06-18T11:44:03.848+0545] {processor.py:840} INFO - DAG(s) 'example_branch_dop_operator_v3' retrieved from /home/manisha/airflow_env/lib/python3.10/site-packages/airflow/example_dags/example_branch_python_dop_operator_3.py
[2024-06-18T11:44:03.870+0545] {logging_mixin.py:188} INFO - [2024-06-18T11:44:03.869+0545] {dag.py:3096} INFO - Sync 1 DAGs
[2024-06-18T11:44:03.897+0545] {logging_mixin.py:188} INFO - [2024-06-18T11:44:03.897+0545] {dag.py:3954} INFO - Setting next_dagrun for example_branch_dop_operator_v3 to 2024-06-18 05:58:00+00:00, run_after=2024-06-18 05:59:00+00:00
[2024-06-18T11:44:04.043+0545] {processor.py:183} INFO - Processing /home/manisha/airflow_env/lib/python3.10/site-packages/airflow/example_dags/example_branch_python_dop_operator_3.py took 0.258 seconds
[2024-06-18T11:44:39.550+0545] {processor.py:161} INFO - Started process (PID=8400) to work on /home/manisha/airflow_env/lib/python3.10/site-packages/airflow/example_dags/example_branch_python_dop_operator_3.py
[2024-06-18T11:44:39.571+0545] {processor.py:830} INFO - Processing file /home/manisha/airflow_env/lib/python3.10/site-packages/airflow/example_dags/example_branch_python_dop_operator_3.py for tasks to queue
[2024-06-18T11:44:39.576+0545] {logging_mixin.py:188} INFO - [2024-06-18T11:44:39.575+0545] {dagbag.py:545} INFO - Filling up the DagBag from /home/manisha/airflow_env/lib/python3.10/site-packages/airflow/example_dags/example_branch_python_dop_operator_3.py
[2024-06-18T11:44:39.603+0545] {processor.py:840} INFO - DAG(s) 'example_branch_dop_operator_v3' retrieved from /home/manisha/airflow_env/lib/python3.10/site-packages/airflow/example_dags/example_branch_python_dop_operator_3.py
[2024-06-18T11:44:39.802+0545] {logging_mixin.py:188} INFO - [2024-06-18T11:44:39.802+0545] {dag.py:3096} INFO - Sync 1 DAGs
[2024-06-18T11:44:39.827+0545] {logging_mixin.py:188} INFO - [2024-06-18T11:44:39.827+0545] {dag.py:3954} INFO - Setting next_dagrun for example_branch_dop_operator_v3 to 2024-06-18 05:58:00+00:00, run_after=2024-06-18 05:59:00+00:00
[2024-06-18T11:44:40.005+0545] {processor.py:183} INFO - Processing /home/manisha/airflow_env/lib/python3.10/site-packages/airflow/example_dags/example_branch_python_dop_operator_3.py took 0.460 seconds
[2024-06-18T11:45:10.142+0545] {processor.py:161} INFO - Started process (PID=8454) to work on /home/manisha/airflow_env/lib/python3.10/site-packages/airflow/example_dags/example_branch_python_dop_operator_3.py
[2024-06-18T11:45:10.143+0545] {processor.py:830} INFO - Processing file /home/manisha/airflow_env/lib/python3.10/site-packages/airflow/example_dags/example_branch_python_dop_operator_3.py for tasks to queue
[2024-06-18T11:45:10.144+0545] {logging_mixin.py:188} INFO - [2024-06-18T11:45:10.144+0545] {dagbag.py:545} INFO - Filling up the DagBag from /home/manisha/airflow_env/lib/python3.10/site-packages/airflow/example_dags/example_branch_python_dop_operator_3.py
[2024-06-18T11:45:10.152+0545] {processor.py:840} INFO - DAG(s) 'example_branch_dop_operator_v3' retrieved from /home/manisha/airflow_env/lib/python3.10/site-packages/airflow/example_dags/example_branch_python_dop_operator_3.py
[2024-06-18T11:45:10.174+0545] {logging_mixin.py:188} INFO - [2024-06-18T11:45:10.174+0545] {dag.py:3096} INFO - Sync 1 DAGs
[2024-06-18T11:45:10.204+0545] {logging_mixin.py:188} INFO - [2024-06-18T11:45:10.204+0545] {dag.py:3954} INFO - Setting next_dagrun for example_branch_dop_operator_v3 to 2024-06-18 05:59:00+00:00, run_after=2024-06-18 06:00:00+00:00
[2024-06-18T11:45:10.412+0545] {processor.py:183} INFO - Processing /home/manisha/airflow_env/lib/python3.10/site-packages/airflow/example_dags/example_branch_python_dop_operator_3.py took 0.275 seconds
[2024-06-18T11:45:41.059+0545] {processor.py:161} INFO - Started process (PID=8506) to work on /home/manisha/airflow_env/lib/python3.10/site-packages/airflow/example_dags/example_branch_python_dop_operator_3.py
[2024-06-18T11:45:41.063+0545] {processor.py:830} INFO - Processing file /home/manisha/airflow_env/lib/python3.10/site-packages/airflow/example_dags/example_branch_python_dop_operator_3.py for tasks to queue
[2024-06-18T11:45:41.064+0545] {logging_mixin.py:188} INFO - [2024-06-18T11:45:41.064+0545] {dagbag.py:545} INFO - Filling up the DagBag from /home/manisha/airflow_env/lib/python3.10/site-packages/airflow/example_dags/example_branch_python_dop_operator_3.py
[2024-06-18T11:45:41.072+0545] {processor.py:840} INFO - DAG(s) 'example_branch_dop_operator_v3' retrieved from /home/manisha/airflow_env/lib/python3.10/site-packages/airflow/example_dags/example_branch_python_dop_operator_3.py
[2024-06-18T11:45:41.091+0545] {logging_mixin.py:188} INFO - [2024-06-18T11:45:41.091+0545] {dag.py:3096} INFO - Sync 1 DAGs
[2024-06-18T11:45:41.113+0545] {logging_mixin.py:188} INFO - [2024-06-18T11:45:41.113+0545] {dag.py:3954} INFO - Setting next_dagrun for example_branch_dop_operator_v3 to 2024-06-18 05:59:00+00:00, run_after=2024-06-18 06:00:00+00:00
[2024-06-18T11:45:41.214+0545] {processor.py:183} INFO - Processing /home/manisha/airflow_env/lib/python3.10/site-packages/airflow/example_dags/example_branch_python_dop_operator_3.py took 0.161 seconds
[2024-06-18T11:46:11.878+0545] {processor.py:161} INFO - Started process (PID=8558) to work on /home/manisha/airflow_env/lib/python3.10/site-packages/airflow/example_dags/example_branch_python_dop_operator_3.py
[2024-06-18T11:46:11.879+0545] {processor.py:830} INFO - Processing file /home/manisha/airflow_env/lib/python3.10/site-packages/airflow/example_dags/example_branch_python_dop_operator_3.py for tasks to queue
[2024-06-18T11:46:11.880+0545] {logging_mixin.py:188} INFO - [2024-06-18T11:46:11.880+0545] {dagbag.py:545} INFO - Filling up the DagBag from /home/manisha/airflow_env/lib/python3.10/site-packages/airflow/example_dags/example_branch_python_dop_operator_3.py
[2024-06-18T11:46:11.889+0545] {processor.py:840} INFO - DAG(s) 'example_branch_dop_operator_v3' retrieved from /home/manisha/airflow_env/lib/python3.10/site-packages/airflow/example_dags/example_branch_python_dop_operator_3.py
[2024-06-18T11:46:11.910+0545] {logging_mixin.py:188} INFO - [2024-06-18T11:46:11.910+0545] {dag.py:3096} INFO - Sync 1 DAGs
[2024-06-18T11:46:11.934+0545] {logging_mixin.py:188} INFO - [2024-06-18T11:46:11.934+0545] {dag.py:3954} INFO - Setting next_dagrun for example_branch_dop_operator_v3 to 2024-06-18 06:00:00+00:00, run_after=2024-06-18 06:01:00+00:00
[2024-06-18T11:46:12.064+0545] {processor.py:183} INFO - Processing /home/manisha/airflow_env/lib/python3.10/site-packages/airflow/example_dags/example_branch_python_dop_operator_3.py took 0.193 seconds
[2024-06-18T11:46:42.334+0545] {processor.py:161} INFO - Started process (PID=8609) to work on /home/manisha/airflow_env/lib/python3.10/site-packages/airflow/example_dags/example_branch_python_dop_operator_3.py
[2024-06-18T11:46:42.363+0545] {processor.py:830} INFO - Processing file /home/manisha/airflow_env/lib/python3.10/site-packages/airflow/example_dags/example_branch_python_dop_operator_3.py for tasks to queue
[2024-06-18T11:46:42.364+0545] {logging_mixin.py:188} INFO - [2024-06-18T11:46:42.364+0545] {dagbag.py:545} INFO - Filling up the DagBag from /home/manisha/airflow_env/lib/python3.10/site-packages/airflow/example_dags/example_branch_python_dop_operator_3.py
[2024-06-18T11:46:42.372+0545] {processor.py:840} INFO - DAG(s) 'example_branch_dop_operator_v3' retrieved from /home/manisha/airflow_env/lib/python3.10/site-packages/airflow/example_dags/example_branch_python_dop_operator_3.py
[2024-06-18T11:46:42.391+0545] {logging_mixin.py:188} INFO - [2024-06-18T11:46:42.391+0545] {dag.py:3096} INFO - Sync 1 DAGs
[2024-06-18T11:46:42.414+0545] {logging_mixin.py:188} INFO - [2024-06-18T11:46:42.413+0545] {dag.py:3954} INFO - Setting next_dagrun for example_branch_dop_operator_v3 to 2024-06-18 06:00:00+00:00, run_after=2024-06-18 06:01:00+00:00
[2024-06-18T11:46:42.498+0545] {processor.py:183} INFO - Processing /home/manisha/airflow_env/lib/python3.10/site-packages/airflow/example_dags/example_branch_python_dop_operator_3.py took 0.169 seconds
[2024-06-18T11:47:12.859+0545] {processor.py:161} INFO - Started process (PID=8660) to work on /home/manisha/airflow_env/lib/python3.10/site-packages/airflow/example_dags/example_branch_python_dop_operator_3.py
[2024-06-18T11:47:12.860+0545] {processor.py:830} INFO - Processing file /home/manisha/airflow_env/lib/python3.10/site-packages/airflow/example_dags/example_branch_python_dop_operator_3.py for tasks to queue
[2024-06-18T11:47:12.861+0545] {logging_mixin.py:188} INFO - [2024-06-18T11:47:12.861+0545] {dagbag.py:545} INFO - Filling up the DagBag from /home/manisha/airflow_env/lib/python3.10/site-packages/airflow/example_dags/example_branch_python_dop_operator_3.py
[2024-06-18T11:47:12.869+0545] {processor.py:840} INFO - DAG(s) 'example_branch_dop_operator_v3' retrieved from /home/manisha/airflow_env/lib/python3.10/site-packages/airflow/example_dags/example_branch_python_dop_operator_3.py
[2024-06-18T11:47:12.889+0545] {logging_mixin.py:188} INFO - [2024-06-18T11:47:12.888+0545] {dag.py:3096} INFO - Sync 1 DAGs
[2024-06-18T11:47:12.910+0545] {logging_mixin.py:188} INFO - [2024-06-18T11:47:12.910+0545] {dag.py:3954} INFO - Setting next_dagrun for example_branch_dop_operator_v3 to 2024-06-18 06:01:00+00:00, run_after=2024-06-18 06:02:00+00:00
[2024-06-18T11:47:13.011+0545] {processor.py:183} INFO - Processing /home/manisha/airflow_env/lib/python3.10/site-packages/airflow/example_dags/example_branch_python_dop_operator_3.py took 0.157 seconds
[2024-06-18T11:47:43.230+0545] {processor.py:161} INFO - Started process (PID=8712) to work on /home/manisha/airflow_env/lib/python3.10/site-packages/airflow/example_dags/example_branch_python_dop_operator_3.py
[2024-06-18T11:47:43.237+0545] {processor.py:830} INFO - Processing file /home/manisha/airflow_env/lib/python3.10/site-packages/airflow/example_dags/example_branch_python_dop_operator_3.py for tasks to queue
[2024-06-18T11:47:43.238+0545] {logging_mixin.py:188} INFO - [2024-06-18T11:47:43.238+0545] {dagbag.py:545} INFO - Filling up the DagBag from /home/manisha/airflow_env/lib/python3.10/site-packages/airflow/example_dags/example_branch_python_dop_operator_3.py
[2024-06-18T11:47:43.246+0545] {processor.py:840} INFO - DAG(s) 'example_branch_dop_operator_v3' retrieved from /home/manisha/airflow_env/lib/python3.10/site-packages/airflow/example_dags/example_branch_python_dop_operator_3.py
[2024-06-18T11:47:43.265+0545] {logging_mixin.py:188} INFO - [2024-06-18T11:47:43.265+0545] {dag.py:3096} INFO - Sync 1 DAGs
[2024-06-18T11:47:43.288+0545] {logging_mixin.py:188} INFO - [2024-06-18T11:47:43.287+0545] {dag.py:3954} INFO - Setting next_dagrun for example_branch_dop_operator_v3 to 2024-06-18 06:01:00+00:00, run_after=2024-06-18 06:02:00+00:00
[2024-06-18T11:47:43.370+0545] {processor.py:183} INFO - Processing /home/manisha/airflow_env/lib/python3.10/site-packages/airflow/example_dags/example_branch_python_dop_operator_3.py took 0.146 seconds
[2024-06-18T11:48:33.475+0545] {processor.py:161} INFO - Started process (PID=8797) to work on /home/manisha/airflow_env/lib/python3.10/site-packages/airflow/example_dags/example_branch_python_dop_operator_3.py
[2024-06-18T11:48:33.488+0545] {processor.py:830} INFO - Processing file /home/manisha/airflow_env/lib/python3.10/site-packages/airflow/example_dags/example_branch_python_dop_operator_3.py for tasks to queue
[2024-06-18T11:48:33.490+0545] {logging_mixin.py:188} INFO - [2024-06-18T11:48:33.489+0545] {dagbag.py:545} INFO - Filling up the DagBag from /home/manisha/airflow_env/lib/python3.10/site-packages/airflow/example_dags/example_branch_python_dop_operator_3.py
[2024-06-18T11:48:33.498+0545] {processor.py:840} INFO - DAG(s) 'example_branch_dop_operator_v3' retrieved from /home/manisha/airflow_env/lib/python3.10/site-packages/airflow/example_dags/example_branch_python_dop_operator_3.py
[2024-06-18T11:48:33.510+0545] {logging_mixin.py:188} INFO - [2024-06-18T11:48:33.510+0545] {dag.py:3096} INFO - Sync 1 DAGs
[2024-06-18T11:48:33.534+0545] {logging_mixin.py:188} INFO - [2024-06-18T11:48:33.534+0545] {dag.py:3954} INFO - Setting next_dagrun for example_branch_dop_operator_v3 to 2024-06-18 06:02:00+00:00, run_after=2024-06-18 06:03:00+00:00
[2024-06-18T11:48:33.622+0545] {processor.py:183} INFO - Processing /home/manisha/airflow_env/lib/python3.10/site-packages/airflow/example_dags/example_branch_python_dop_operator_3.py took 0.151 seconds
[2024-06-18T11:49:12.353+0545] {processor.py:161} INFO - Started process (PID=8910) to work on /home/manisha/airflow_env/lib/python3.10/site-packages/airflow/example_dags/example_branch_python_dop_operator_3.py
[2024-06-18T11:49:12.462+0545] {processor.py:830} INFO - Processing file /home/manisha/airflow_env/lib/python3.10/site-packages/airflow/example_dags/example_branch_python_dop_operator_3.py for tasks to queue
[2024-06-18T11:49:12.464+0545] {logging_mixin.py:188} INFO - [2024-06-18T11:49:12.463+0545] {dagbag.py:545} INFO - Filling up the DagBag from /home/manisha/airflow_env/lib/python3.10/site-packages/airflow/example_dags/example_branch_python_dop_operator_3.py
[2024-06-18T11:49:12.473+0545] {processor.py:840} INFO - DAG(s) 'example_branch_dop_operator_v3' retrieved from /home/manisha/airflow_env/lib/python3.10/site-packages/airflow/example_dags/example_branch_python_dop_operator_3.py
[2024-06-18T11:49:12.742+0545] {logging_mixin.py:188} INFO - [2024-06-18T11:49:12.741+0545] {dag.py:3096} INFO - Sync 1 DAGs
[2024-06-18T11:49:12.806+0545] {logging_mixin.py:188} INFO - [2024-06-18T11:49:12.806+0545] {dag.py:3954} INFO - Setting next_dagrun for example_branch_dop_operator_v3 to 2024-06-18 06:03:00+00:00, run_after=2024-06-18 06:04:00+00:00
[2024-06-18T11:49:12.929+0545] {processor.py:183} INFO - Processing /home/manisha/airflow_env/lib/python3.10/site-packages/airflow/example_dags/example_branch_python_dop_operator_3.py took 0.581 seconds
[2024-06-18T11:49:43.012+0545] {processor.py:161} INFO - Started process (PID=8975) to work on /home/manisha/airflow_env/lib/python3.10/site-packages/airflow/example_dags/example_branch_python_dop_operator_3.py
[2024-06-18T11:49:43.013+0545] {processor.py:830} INFO - Processing file /home/manisha/airflow_env/lib/python3.10/site-packages/airflow/example_dags/example_branch_python_dop_operator_3.py for tasks to queue
[2024-06-18T11:49:43.015+0545] {logging_mixin.py:188} INFO - [2024-06-18T11:49:43.014+0545] {dagbag.py:545} INFO - Filling up the DagBag from /home/manisha/airflow_env/lib/python3.10/site-packages/airflow/example_dags/example_branch_python_dop_operator_3.py
[2024-06-18T11:49:43.025+0545] {processor.py:840} INFO - DAG(s) 'example_branch_dop_operator_v3' retrieved from /home/manisha/airflow_env/lib/python3.10/site-packages/airflow/example_dags/example_branch_python_dop_operator_3.py
[2024-06-18T11:49:43.054+0545] {logging_mixin.py:188} INFO - [2024-06-18T11:49:43.054+0545] {dag.py:3096} INFO - Sync 1 DAGs
[2024-06-18T11:49:43.081+0545] {logging_mixin.py:188} INFO - [2024-06-18T11:49:43.081+0545] {dag.py:3954} INFO - Setting next_dagrun for example_branch_dop_operator_v3 to 2024-06-18 06:03:00+00:00, run_after=2024-06-18 06:04:00+00:00
[2024-06-18T11:49:43.282+0545] {processor.py:183} INFO - Processing /home/manisha/airflow_env/lib/python3.10/site-packages/airflow/example_dags/example_branch_python_dop_operator_3.py took 0.282 seconds
[2024-06-18T11:50:13.471+0545] {processor.py:161} INFO - Started process (PID=9028) to work on /home/manisha/airflow_env/lib/python3.10/site-packages/airflow/example_dags/example_branch_python_dop_operator_3.py
[2024-06-18T11:50:13.485+0545] {processor.py:830} INFO - Processing file /home/manisha/airflow_env/lib/python3.10/site-packages/airflow/example_dags/example_branch_python_dop_operator_3.py for tasks to queue
[2024-06-18T11:50:13.487+0545] {logging_mixin.py:188} INFO - [2024-06-18T11:50:13.487+0545] {dagbag.py:545} INFO - Filling up the DagBag from /home/manisha/airflow_env/lib/python3.10/site-packages/airflow/example_dags/example_branch_python_dop_operator_3.py
[2024-06-18T11:50:13.497+0545] {processor.py:840} INFO - DAG(s) 'example_branch_dop_operator_v3' retrieved from /home/manisha/airflow_env/lib/python3.10/site-packages/airflow/example_dags/example_branch_python_dop_operator_3.py
[2024-06-18T11:50:13.522+0545] {logging_mixin.py:188} INFO - [2024-06-18T11:50:13.522+0545] {dag.py:3096} INFO - Sync 1 DAGs
[2024-06-18T11:50:13.544+0545] {logging_mixin.py:188} INFO - [2024-06-18T11:50:13.544+0545] {dag.py:3954} INFO - Setting next_dagrun for example_branch_dop_operator_v3 to 2024-06-18 06:04:00+00:00, run_after=2024-06-18 06:05:00+00:00
[2024-06-18T11:50:13.837+0545] {processor.py:183} INFO - Processing /home/manisha/airflow_env/lib/python3.10/site-packages/airflow/example_dags/example_branch_python_dop_operator_3.py took 0.372 seconds
[2024-06-18T11:50:44.129+0545] {processor.py:161} INFO - Started process (PID=9087) to work on /home/manisha/airflow_env/lib/python3.10/site-packages/airflow/example_dags/example_branch_python_dop_operator_3.py
[2024-06-18T11:50:44.150+0545] {processor.py:830} INFO - Processing file /home/manisha/airflow_env/lib/python3.10/site-packages/airflow/example_dags/example_branch_python_dop_operator_3.py for tasks to queue
[2024-06-18T11:50:44.151+0545] {logging_mixin.py:188} INFO - [2024-06-18T11:50:44.151+0545] {dagbag.py:545} INFO - Filling up the DagBag from /home/manisha/airflow_env/lib/python3.10/site-packages/airflow/example_dags/example_branch_python_dop_operator_3.py
[2024-06-18T11:50:44.160+0545] {processor.py:840} INFO - DAG(s) 'example_branch_dop_operator_v3' retrieved from /home/manisha/airflow_env/lib/python3.10/site-packages/airflow/example_dags/example_branch_python_dop_operator_3.py
[2024-06-18T11:50:44.184+0545] {logging_mixin.py:188} INFO - [2024-06-18T11:50:44.184+0545] {dag.py:3096} INFO - Sync 1 DAGs
[2024-06-18T11:50:44.207+0545] {logging_mixin.py:188} INFO - [2024-06-18T11:50:44.207+0545] {dag.py:3954} INFO - Setting next_dagrun for example_branch_dop_operator_v3 to 2024-06-18 06:04:00+00:00, run_after=2024-06-18 06:05:00+00:00
[2024-06-18T11:50:44.500+0545] {processor.py:183} INFO - Processing /home/manisha/airflow_env/lib/python3.10/site-packages/airflow/example_dags/example_branch_python_dop_operator_3.py took 0.378 seconds
[2024-06-18T11:51:03.520+0545] {processor.py:161} INFO - Started process (PID=9514) to work on /home/manisha/airflow_env/lib/python3.10/site-packages/airflow/example_dags/example_branch_python_dop_operator_3.py
[2024-06-18T11:51:03.538+0545] {processor.py:830} INFO - Processing file /home/manisha/airflow_env/lib/python3.10/site-packages/airflow/example_dags/example_branch_python_dop_operator_3.py for tasks to queue
[2024-06-18T11:51:03.542+0545] {logging_mixin.py:188} INFO - [2024-06-18T11:51:03.541+0545] {dagbag.py:545} INFO - Filling up the DagBag from /home/manisha/airflow_env/lib/python3.10/site-packages/airflow/example_dags/example_branch_python_dop_operator_3.py
[2024-06-18T11:51:03.562+0545] {processor.py:840} INFO - DAG(s) 'example_branch_dop_operator_v3' retrieved from /home/manisha/airflow_env/lib/python3.10/site-packages/airflow/example_dags/example_branch_python_dop_operator_3.py
[2024-06-18T11:51:03.589+0545] {logging_mixin.py:188} INFO - [2024-06-18T11:51:03.588+0545] {dag.py:3096} INFO - Sync 1 DAGs
[2024-06-18T11:51:03.642+0545] {logging_mixin.py:188} INFO - [2024-06-18T11:51:03.641+0545] {dag.py:3954} INFO - Setting next_dagrun for example_branch_dop_operator_v3 to 2024-06-18 06:05:00+00:00, run_after=2024-06-18 06:06:00+00:00
[2024-06-18T11:51:03.866+0545] {processor.py:183} INFO - Processing /home/manisha/airflow_env/lib/python3.10/site-packages/airflow/example_dags/example_branch_python_dop_operator_3.py took 0.364 seconds
[2024-06-18T11:51:38.796+0545] {processor.py:161} INFO - Started process (PID=9774) to work on /home/manisha/airflow_env/lib/python3.10/site-packages/airflow/example_dags/example_branch_python_dop_operator_3.py
[2024-06-18T11:51:38.807+0545] {processor.py:830} INFO - Processing file /home/manisha/airflow_env/lib/python3.10/site-packages/airflow/example_dags/example_branch_python_dop_operator_3.py for tasks to queue
[2024-06-18T11:51:38.809+0545] {logging_mixin.py:188} INFO - [2024-06-18T11:51:38.809+0545] {dagbag.py:545} INFO - Filling up the DagBag from /home/manisha/airflow_env/lib/python3.10/site-packages/airflow/example_dags/example_branch_python_dop_operator_3.py
[2024-06-18T11:51:38.823+0545] {processor.py:840} INFO - DAG(s) 'example_branch_dop_operator_v3' retrieved from /home/manisha/airflow_env/lib/python3.10/site-packages/airflow/example_dags/example_branch_python_dop_operator_3.py
[2024-06-18T11:51:39.073+0545] {logging_mixin.py:188} INFO - [2024-06-18T11:51:39.072+0545] {dag.py:3096} INFO - Sync 1 DAGs
[2024-06-18T11:51:39.104+0545] {logging_mixin.py:188} INFO - [2024-06-18T11:51:39.104+0545] {dag.py:3954} INFO - Setting next_dagrun for example_branch_dop_operator_v3 to 2024-06-18 06:05:00+00:00, run_after=2024-06-18 06:06:00+00:00
[2024-06-18T11:51:39.373+0545] {processor.py:183} INFO - Processing /home/manisha/airflow_env/lib/python3.10/site-packages/airflow/example_dags/example_branch_python_dop_operator_3.py took 0.585 seconds
