[2024-06-18T10:57:49.891+0545] {processor.py:161} INFO - Started process (PID=4066) to work on /home/manisha/airflow_env/lib/python3.10/site-packages/airflow/example_dags/example_python_decorator.py
[2024-06-18T10:57:49.893+0545] {processor.py:830} INFO - Processing file /home/manisha/airflow_env/lib/python3.10/site-packages/airflow/example_dags/example_python_decorator.py for tasks to queue
[2024-06-18T10:57:49.896+0545] {logging_mixin.py:188} INFO - [2024-06-18T10:57:49.895+0545] {dagbag.py:545} INFO - Filling up the DagBag from /home/manisha/airflow_env/lib/python3.10/site-packages/airflow/example_dags/example_python_decorator.py
[2024-06-18T10:57:49.914+0545] {processor.py:840} INFO - DAG(s) 'example_python_decorator' retrieved from /home/manisha/airflow_env/lib/python3.10/site-packages/airflow/example_dags/example_python_decorator.py
[2024-06-18T10:57:50.164+0545] {logging_mixin.py:188} INFO - [2024-06-18T10:57:50.162+0545] {override.py:1829} INFO - Created Permission View: can edit on DAG:example_python_decorator
[2024-06-18T10:57:50.231+0545] {logging_mixin.py:188} INFO - [2024-06-18T10:57:50.229+0545] {override.py:1829} INFO - Created Permission View: can read on DAG:example_python_decorator
[2024-06-18T10:57:50.298+0545] {logging_mixin.py:188} INFO - [2024-06-18T10:57:50.297+0545] {override.py:1829} INFO - Created Permission View: can delete on DAG:example_python_decorator
[2024-06-18T10:57:50.299+0545] {logging_mixin.py:188} INFO - [2024-06-18T10:57:50.299+0545] {dag.py:3096} INFO - Sync 1 DAGs
[2024-06-18T10:57:50.417+0545] {logging_mixin.py:188} INFO - [2024-06-18T10:57:50.416+0545] {dag.py:3118} INFO - Creating ORM DAG for example_python_decorator
[2024-06-18T10:57:50.418+0545] {logging_mixin.py:188} INFO - [2024-06-18T10:57:50.417+0545] {dag.py:3954} INFO - Setting next_dagrun for example_python_decorator to None, run_after=None
[2024-06-18T10:57:50.585+0545] {processor.py:183} INFO - Processing /home/manisha/airflow_env/lib/python3.10/site-packages/airflow/example_dags/example_python_decorator.py took 0.704 seconds
[2024-06-18T10:59:04.011+0545] {processor.py:161} INFO - Started process (PID=4187) to work on /home/manisha/airflow_env/lib/python3.10/site-packages/airflow/example_dags/example_python_decorator.py
[2024-06-18T10:59:04.013+0545] {processor.py:830} INFO - Processing file /home/manisha/airflow_env/lib/python3.10/site-packages/airflow/example_dags/example_python_decorator.py for tasks to queue
[2024-06-18T10:59:04.014+0545] {logging_mixin.py:188} INFO - [2024-06-18T10:59:04.014+0545] {dagbag.py:545} INFO - Filling up the DagBag from /home/manisha/airflow_env/lib/python3.10/site-packages/airflow/example_dags/example_python_decorator.py
[2024-06-18T10:59:04.029+0545] {processor.py:840} INFO - DAG(s) 'example_python_decorator' retrieved from /home/manisha/airflow_env/lib/python3.10/site-packages/airflow/example_dags/example_python_decorator.py
[2024-06-18T10:59:04.047+0545] {logging_mixin.py:188} INFO - [2024-06-18T10:59:04.047+0545] {dag.py:3096} INFO - Sync 1 DAGs
[2024-06-18T10:59:04.057+0545] {logging_mixin.py:188} INFO - [2024-06-18T10:59:04.057+0545] {dag.py:3954} INFO - Setting next_dagrun for example_python_decorator to None, run_after=None
[2024-06-18T10:59:04.205+0545] {processor.py:183} INFO - Processing /home/manisha/airflow_env/lib/python3.10/site-packages/airflow/example_dags/example_python_decorator.py took 0.200 seconds
[2024-06-18T11:00:08.610+0545] {processor.py:161} INFO - Started process (PID=4242) to work on /home/manisha/airflow_env/lib/python3.10/site-packages/airflow/example_dags/example_python_decorator.py
[2024-06-18T11:00:08.640+0545] {processor.py:830} INFO - Processing file /home/manisha/airflow_env/lib/python3.10/site-packages/airflow/example_dags/example_python_decorator.py for tasks to queue
[2024-06-18T11:00:08.642+0545] {logging_mixin.py:188} INFO - [2024-06-18T11:00:08.642+0545] {dagbag.py:545} INFO - Filling up the DagBag from /home/manisha/airflow_env/lib/python3.10/site-packages/airflow/example_dags/example_python_decorator.py
[2024-06-18T11:00:08.757+0545] {processor.py:840} INFO - DAG(s) 'example_python_decorator' retrieved from /home/manisha/airflow_env/lib/python3.10/site-packages/airflow/example_dags/example_python_decorator.py
[2024-06-18T11:00:08.775+0545] {logging_mixin.py:188} INFO - [2024-06-18T11:00:08.775+0545] {dag.py:3096} INFO - Sync 1 DAGs
[2024-06-18T11:00:08.787+0545] {logging_mixin.py:188} INFO - [2024-06-18T11:00:08.786+0545] {dag.py:3954} INFO - Setting next_dagrun for example_python_decorator to None, run_after=None
[2024-06-18T11:00:08.928+0545] {processor.py:183} INFO - Processing /home/manisha/airflow_env/lib/python3.10/site-packages/airflow/example_dags/example_python_decorator.py took 0.324 seconds
[2024-06-18T11:01:08.988+0545] {processor.py:161} INFO - Started process (PID=4384) to work on /home/manisha/airflow_env/lib/python3.10/site-packages/airflow/example_dags/example_python_decorator.py
[2024-06-18T11:01:09.025+0545] {processor.py:830} INFO - Processing file /home/manisha/airflow_env/lib/python3.10/site-packages/airflow/example_dags/example_python_decorator.py for tasks to queue
[2024-06-18T11:01:09.031+0545] {logging_mixin.py:188} INFO - [2024-06-18T11:01:09.030+0545] {dagbag.py:545} INFO - Filling up the DagBag from /home/manisha/airflow_env/lib/python3.10/site-packages/airflow/example_dags/example_python_decorator.py
[2024-06-18T11:01:09.067+0545] {processor.py:840} INFO - DAG(s) 'example_python_decorator' retrieved from /home/manisha/airflow_env/lib/python3.10/site-packages/airflow/example_dags/example_python_decorator.py
[2024-06-18T11:01:09.085+0545] {logging_mixin.py:188} INFO - [2024-06-18T11:01:09.085+0545] {dag.py:3096} INFO - Sync 1 DAGs
[2024-06-18T11:01:09.095+0545] {logging_mixin.py:188} INFO - [2024-06-18T11:01:09.095+0545] {dag.py:3954} INFO - Setting next_dagrun for example_python_decorator to None, run_after=None
[2024-06-18T11:01:09.202+0545] {processor.py:183} INFO - Processing /home/manisha/airflow_env/lib/python3.10/site-packages/airflow/example_dags/example_python_decorator.py took 0.221 seconds
[2024-06-18T11:02:12.384+0545] {processor.py:161} INFO - Started process (PID=4436) to work on /home/manisha/airflow_env/lib/python3.10/site-packages/airflow/example_dags/example_python_decorator.py
[2024-06-18T11:02:12.424+0545] {processor.py:830} INFO - Processing file /home/manisha/airflow_env/lib/python3.10/site-packages/airflow/example_dags/example_python_decorator.py for tasks to queue
[2024-06-18T11:02:12.430+0545] {logging_mixin.py:188} INFO - [2024-06-18T11:02:12.429+0545] {dagbag.py:545} INFO - Filling up the DagBag from /home/manisha/airflow_env/lib/python3.10/site-packages/airflow/example_dags/example_python_decorator.py
[2024-06-18T11:02:12.469+0545] {processor.py:840} INFO - DAG(s) 'example_python_decorator' retrieved from /home/manisha/airflow_env/lib/python3.10/site-packages/airflow/example_dags/example_python_decorator.py
[2024-06-18T11:02:12.487+0545] {logging_mixin.py:188} INFO - [2024-06-18T11:02:12.487+0545] {dag.py:3096} INFO - Sync 1 DAGs
[2024-06-18T11:02:12.498+0545] {logging_mixin.py:188} INFO - [2024-06-18T11:02:12.497+0545] {dag.py:3954} INFO - Setting next_dagrun for example_python_decorator to None, run_after=None
[2024-06-18T11:02:12.608+0545] {processor.py:183} INFO - Processing /home/manisha/airflow_env/lib/python3.10/site-packages/airflow/example_dags/example_python_decorator.py took 0.230 seconds
[2024-06-18T11:03:08.861+0545] {processor.py:161} INFO - Started process (PID=4490) to work on /home/manisha/airflow_env/lib/python3.10/site-packages/airflow/example_dags/example_python_decorator.py
[2024-06-18T11:03:08.895+0545] {processor.py:830} INFO - Processing file /home/manisha/airflow_env/lib/python3.10/site-packages/airflow/example_dags/example_python_decorator.py for tasks to queue
[2024-06-18T11:03:08.901+0545] {logging_mixin.py:188} INFO - [2024-06-18T11:03:08.899+0545] {dagbag.py:545} INFO - Filling up the DagBag from /home/manisha/airflow_env/lib/python3.10/site-packages/airflow/example_dags/example_python_decorator.py
[2024-06-18T11:03:08.934+0545] {processor.py:840} INFO - DAG(s) 'example_python_decorator' retrieved from /home/manisha/airflow_env/lib/python3.10/site-packages/airflow/example_dags/example_python_decorator.py
[2024-06-18T11:03:08.954+0545] {logging_mixin.py:188} INFO - [2024-06-18T11:03:08.954+0545] {dag.py:3096} INFO - Sync 1 DAGs
[2024-06-18T11:03:08.965+0545] {logging_mixin.py:188} INFO - [2024-06-18T11:03:08.965+0545] {dag.py:3954} INFO - Setting next_dagrun for example_python_decorator to None, run_after=None
[2024-06-18T11:03:09.078+0545] {processor.py:183} INFO - Processing /home/manisha/airflow_env/lib/python3.10/site-packages/airflow/example_dags/example_python_decorator.py took 0.226 seconds
[2024-06-18T11:04:10.146+0545] {processor.py:161} INFO - Started process (PID=4543) to work on /home/manisha/airflow_env/lib/python3.10/site-packages/airflow/example_dags/example_python_decorator.py
[2024-06-18T11:04:10.184+0545] {processor.py:830} INFO - Processing file /home/manisha/airflow_env/lib/python3.10/site-packages/airflow/example_dags/example_python_decorator.py for tasks to queue
[2024-06-18T11:04:10.189+0545] {logging_mixin.py:188} INFO - [2024-06-18T11:04:10.188+0545] {dagbag.py:545} INFO - Filling up the DagBag from /home/manisha/airflow_env/lib/python3.10/site-packages/airflow/example_dags/example_python_decorator.py
[2024-06-18T11:04:10.225+0545] {processor.py:840} INFO - DAG(s) 'example_python_decorator' retrieved from /home/manisha/airflow_env/lib/python3.10/site-packages/airflow/example_dags/example_python_decorator.py
[2024-06-18T11:04:10.243+0545] {logging_mixin.py:188} INFO - [2024-06-18T11:04:10.242+0545] {dag.py:3096} INFO - Sync 1 DAGs
[2024-06-18T11:04:10.253+0545] {logging_mixin.py:188} INFO - [2024-06-18T11:04:10.252+0545] {dag.py:3954} INFO - Setting next_dagrun for example_python_decorator to None, run_after=None
[2024-06-18T11:04:10.372+0545] {processor.py:183} INFO - Processing /home/manisha/airflow_env/lib/python3.10/site-packages/airflow/example_dags/example_python_decorator.py took 0.233 seconds
[2024-06-18T11:05:47.285+0545] {processor.py:161} INFO - Started process (PID=4748) to work on /home/manisha/airflow_env/lib/python3.10/site-packages/airflow/example_dags/example_python_decorator.py
[2024-06-18T11:05:47.302+0545] {processor.py:830} INFO - Processing file /home/manisha/airflow_env/lib/python3.10/site-packages/airflow/example_dags/example_python_decorator.py for tasks to queue
[2024-06-18T11:05:47.304+0545] {logging_mixin.py:188} INFO - [2024-06-18T11:05:47.304+0545] {dagbag.py:545} INFO - Filling up the DagBag from /home/manisha/airflow_env/lib/python3.10/site-packages/airflow/example_dags/example_python_decorator.py
[2024-06-18T11:05:47.332+0545] {processor.py:840} INFO - DAG(s) 'example_python_decorator' retrieved from /home/manisha/airflow_env/lib/python3.10/site-packages/airflow/example_dags/example_python_decorator.py
[2024-06-18T11:05:47.351+0545] {logging_mixin.py:188} INFO - [2024-06-18T11:05:47.350+0545] {dag.py:3096} INFO - Sync 1 DAGs
[2024-06-18T11:05:47.360+0545] {logging_mixin.py:188} INFO - [2024-06-18T11:05:47.360+0545] {dag.py:3954} INFO - Setting next_dagrun for example_python_decorator to None, run_after=None
[2024-06-18T11:05:47.417+0545] {processor.py:183} INFO - Processing /home/manisha/airflow_env/lib/python3.10/site-packages/airflow/example_dags/example_python_decorator.py took 0.138 seconds
[2024-06-18T11:06:55.141+0545] {processor.py:161} INFO - Started process (PID=4909) to work on /home/manisha/airflow_env/lib/python3.10/site-packages/airflow/example_dags/example_python_decorator.py
[2024-06-18T11:06:55.189+0545] {processor.py:830} INFO - Processing file /home/manisha/airflow_env/lib/python3.10/site-packages/airflow/example_dags/example_python_decorator.py for tasks to queue
[2024-06-18T11:06:55.194+0545] {logging_mixin.py:188} INFO - [2024-06-18T11:06:55.193+0545] {dagbag.py:545} INFO - Filling up the DagBag from /home/manisha/airflow_env/lib/python3.10/site-packages/airflow/example_dags/example_python_decorator.py
[2024-06-18T11:06:55.229+0545] {processor.py:840} INFO - DAG(s) 'example_python_decorator' retrieved from /home/manisha/airflow_env/lib/python3.10/site-packages/airflow/example_dags/example_python_decorator.py
[2024-06-18T11:06:55.247+0545] {logging_mixin.py:188} INFO - [2024-06-18T11:06:55.247+0545] {dag.py:3096} INFO - Sync 1 DAGs
[2024-06-18T11:06:55.258+0545] {logging_mixin.py:188} INFO - [2024-06-18T11:06:55.258+0545] {dag.py:3954} INFO - Setting next_dagrun for example_python_decorator to None, run_after=None
[2024-06-18T11:06:55.369+0545] {processor.py:183} INFO - Processing /home/manisha/airflow_env/lib/python3.10/site-packages/airflow/example_dags/example_python_decorator.py took 0.247 seconds
[2024-06-18T11:07:52.086+0545] {processor.py:161} INFO - Started process (PID=4963) to work on /home/manisha/airflow_env/lib/python3.10/site-packages/airflow/example_dags/example_python_decorator.py
[2024-06-18T11:07:52.122+0545] {processor.py:830} INFO - Processing file /home/manisha/airflow_env/lib/python3.10/site-packages/airflow/example_dags/example_python_decorator.py for tasks to queue
[2024-06-18T11:07:52.130+0545] {logging_mixin.py:188} INFO - [2024-06-18T11:07:52.128+0545] {dagbag.py:545} INFO - Filling up the DagBag from /home/manisha/airflow_env/lib/python3.10/site-packages/airflow/example_dags/example_python_decorator.py
[2024-06-18T11:07:52.169+0545] {processor.py:840} INFO - DAG(s) 'example_python_decorator' retrieved from /home/manisha/airflow_env/lib/python3.10/site-packages/airflow/example_dags/example_python_decorator.py
[2024-06-18T11:07:52.193+0545] {logging_mixin.py:188} INFO - [2024-06-18T11:07:52.193+0545] {dag.py:3096} INFO - Sync 1 DAGs
[2024-06-18T11:07:52.203+0545] {logging_mixin.py:188} INFO - [2024-06-18T11:07:52.202+0545] {dag.py:3954} INFO - Setting next_dagrun for example_python_decorator to None, run_after=None
[2024-06-18T11:07:52.327+0545] {processor.py:183} INFO - Processing /home/manisha/airflow_env/lib/python3.10/site-packages/airflow/example_dags/example_python_decorator.py took 0.248 seconds
[2024-06-18T11:08:51.579+0545] {processor.py:161} INFO - Started process (PID=5585) to work on /home/manisha/airflow_env/lib/python3.10/site-packages/airflow/example_dags/example_python_decorator.py
[2024-06-18T11:08:51.619+0545] {processor.py:830} INFO - Processing file /home/manisha/airflow_env/lib/python3.10/site-packages/airflow/example_dags/example_python_decorator.py for tasks to queue
[2024-06-18T11:08:51.621+0545] {logging_mixin.py:188} INFO - [2024-06-18T11:08:51.621+0545] {dagbag.py:545} INFO - Filling up the DagBag from /home/manisha/airflow_env/lib/python3.10/site-packages/airflow/example_dags/example_python_decorator.py
[2024-06-18T11:08:51.643+0545] {processor.py:840} INFO - DAG(s) 'example_python_decorator' retrieved from /home/manisha/airflow_env/lib/python3.10/site-packages/airflow/example_dags/example_python_decorator.py
[2024-06-18T11:08:51.661+0545] {logging_mixin.py:188} INFO - [2024-06-18T11:08:51.661+0545] {dag.py:3096} INFO - Sync 1 DAGs
[2024-06-18T11:08:51.672+0545] {logging_mixin.py:188} INFO - [2024-06-18T11:08:51.672+0545] {dag.py:3954} INFO - Setting next_dagrun for example_python_decorator to None, run_after=None
[2024-06-18T11:08:51.778+0545] {processor.py:183} INFO - Processing /home/manisha/airflow_env/lib/python3.10/site-packages/airflow/example_dags/example_python_decorator.py took 0.217 seconds
[2024-06-18T11:09:52.167+0545] {processor.py:161} INFO - Started process (PID=5664) to work on /home/manisha/airflow_env/lib/python3.10/site-packages/airflow/example_dags/example_python_decorator.py
[2024-06-18T11:09:52.202+0545] {processor.py:830} INFO - Processing file /home/manisha/airflow_env/lib/python3.10/site-packages/airflow/example_dags/example_python_decorator.py for tasks to queue
[2024-06-18T11:09:52.206+0545] {logging_mixin.py:188} INFO - [2024-06-18T11:09:52.205+0545] {dagbag.py:545} INFO - Filling up the DagBag from /home/manisha/airflow_env/lib/python3.10/site-packages/airflow/example_dags/example_python_decorator.py
[2024-06-18T11:09:52.227+0545] {processor.py:840} INFO - DAG(s) 'example_python_decorator' retrieved from /home/manisha/airflow_env/lib/python3.10/site-packages/airflow/example_dags/example_python_decorator.py
[2024-06-18T11:09:52.257+0545] {logging_mixin.py:188} INFO - [2024-06-18T11:09:52.257+0545] {dag.py:3096} INFO - Sync 1 DAGs
[2024-06-18T11:09:52.274+0545] {logging_mixin.py:188} INFO - [2024-06-18T11:09:52.274+0545] {dag.py:3954} INFO - Setting next_dagrun for example_python_decorator to None, run_after=None
[2024-06-18T11:09:52.387+0545] {processor.py:183} INFO - Processing /home/manisha/airflow_env/lib/python3.10/site-packages/airflow/example_dags/example_python_decorator.py took 0.230 seconds
[2024-06-18T11:44:03.497+0545] {processor.py:161} INFO - Started process (PID=8341) to work on /home/manisha/airflow_env/lib/python3.10/site-packages/airflow/example_dags/example_python_decorator.py
[2024-06-18T11:44:03.529+0545] {processor.py:830} INFO - Processing file /home/manisha/airflow_env/lib/python3.10/site-packages/airflow/example_dags/example_python_decorator.py for tasks to queue
[2024-06-18T11:44:03.531+0545] {logging_mixin.py:188} INFO - [2024-06-18T11:44:03.530+0545] {dagbag.py:545} INFO - Filling up the DagBag from /home/manisha/airflow_env/lib/python3.10/site-packages/airflow/example_dags/example_python_decorator.py
[2024-06-18T11:44:03.544+0545] {processor.py:840} INFO - DAG(s) 'example_python_decorator' retrieved from /home/manisha/airflow_env/lib/python3.10/site-packages/airflow/example_dags/example_python_decorator.py
[2024-06-18T11:44:03.558+0545] {logging_mixin.py:188} INFO - [2024-06-18T11:44:03.557+0545] {dag.py:3096} INFO - Sync 1 DAGs
[2024-06-18T11:44:03.570+0545] {logging_mixin.py:188} INFO - [2024-06-18T11:44:03.570+0545] {dag.py:3954} INFO - Setting next_dagrun for example_python_decorator to None, run_after=None
[2024-06-18T11:44:03.645+0545] {processor.py:183} INFO - Processing /home/manisha/airflow_env/lib/python3.10/site-packages/airflow/example_dags/example_python_decorator.py took 0.153 seconds
[2024-06-18T11:44:38.773+0545] {processor.py:161} INFO - Started process (PID=8396) to work on /home/manisha/airflow_env/lib/python3.10/site-packages/airflow/example_dags/example_python_decorator.py
[2024-06-18T11:44:38.803+0545] {processor.py:830} INFO - Processing file /home/manisha/airflow_env/lib/python3.10/site-packages/airflow/example_dags/example_python_decorator.py for tasks to queue
[2024-06-18T11:44:38.805+0545] {logging_mixin.py:188} INFO - [2024-06-18T11:44:38.805+0545] {dagbag.py:545} INFO - Filling up the DagBag from /home/manisha/airflow_env/lib/python3.10/site-packages/airflow/example_dags/example_python_decorator.py
[2024-06-18T11:44:38.817+0545] {processor.py:840} INFO - DAG(s) 'example_python_decorator' retrieved from /home/manisha/airflow_env/lib/python3.10/site-packages/airflow/example_dags/example_python_decorator.py
[2024-06-18T11:44:39.009+0545] {logging_mixin.py:188} INFO - [2024-06-18T11:44:39.009+0545] {dag.py:3096} INFO - Sync 1 DAGs
[2024-06-18T11:44:39.021+0545] {logging_mixin.py:188} INFO - [2024-06-18T11:44:39.020+0545] {dag.py:3954} INFO - Setting next_dagrun for example_python_decorator to None, run_after=None
[2024-06-18T11:44:39.163+0545] {processor.py:183} INFO - Processing /home/manisha/airflow_env/lib/python3.10/site-packages/airflow/example_dags/example_python_decorator.py took 0.395 seconds
[2024-06-18T11:45:09.829+0545] {processor.py:161} INFO - Started process (PID=8450) to work on /home/manisha/airflow_env/lib/python3.10/site-packages/airflow/example_dags/example_python_decorator.py
[2024-06-18T11:45:09.830+0545] {processor.py:830} INFO - Processing file /home/manisha/airflow_env/lib/python3.10/site-packages/airflow/example_dags/example_python_decorator.py for tasks to queue
[2024-06-18T11:45:09.832+0545] {logging_mixin.py:188} INFO - [2024-06-18T11:45:09.831+0545] {dagbag.py:545} INFO - Filling up the DagBag from /home/manisha/airflow_env/lib/python3.10/site-packages/airflow/example_dags/example_python_decorator.py
[2024-06-18T11:45:09.849+0545] {processor.py:840} INFO - DAG(s) 'example_python_decorator' retrieved from /home/manisha/airflow_env/lib/python3.10/site-packages/airflow/example_dags/example_python_decorator.py
[2024-06-18T11:45:09.874+0545] {logging_mixin.py:188} INFO - [2024-06-18T11:45:09.874+0545] {dag.py:3096} INFO - Sync 1 DAGs
[2024-06-18T11:45:09.884+0545] {logging_mixin.py:188} INFO - [2024-06-18T11:45:09.884+0545] {dag.py:3954} INFO - Setting next_dagrun for example_python_decorator to None, run_after=None
[2024-06-18T11:45:09.972+0545] {processor.py:183} INFO - Processing /home/manisha/airflow_env/lib/python3.10/site-packages/airflow/example_dags/example_python_decorator.py took 0.151 seconds
[2024-06-18T11:45:40.847+0545] {processor.py:161} INFO - Started process (PID=8502) to work on /home/manisha/airflow_env/lib/python3.10/site-packages/airflow/example_dags/example_python_decorator.py
[2024-06-18T11:45:40.856+0545] {processor.py:830} INFO - Processing file /home/manisha/airflow_env/lib/python3.10/site-packages/airflow/example_dags/example_python_decorator.py for tasks to queue
[2024-06-18T11:45:40.858+0545] {logging_mixin.py:188} INFO - [2024-06-18T11:45:40.858+0545] {dagbag.py:545} INFO - Filling up the DagBag from /home/manisha/airflow_env/lib/python3.10/site-packages/airflow/example_dags/example_python_decorator.py
[2024-06-18T11:45:40.879+0545] {processor.py:840} INFO - DAG(s) 'example_python_decorator' retrieved from /home/manisha/airflow_env/lib/python3.10/site-packages/airflow/example_dags/example_python_decorator.py
[2024-06-18T11:45:40.905+0545] {logging_mixin.py:188} INFO - [2024-06-18T11:45:40.905+0545] {dag.py:3096} INFO - Sync 1 DAGs
[2024-06-18T11:45:40.916+0545] {logging_mixin.py:188} INFO - [2024-06-18T11:45:40.916+0545] {dag.py:3954} INFO - Setting next_dagrun for example_python_decorator to None, run_after=None
[2024-06-18T11:45:41.005+0545] {processor.py:183} INFO - Processing /home/manisha/airflow_env/lib/python3.10/site-packages/airflow/example_dags/example_python_decorator.py took 0.168 seconds
[2024-06-18T11:46:11.500+0545] {processor.py:161} INFO - Started process (PID=8554) to work on /home/manisha/airflow_env/lib/python3.10/site-packages/airflow/example_dags/example_python_decorator.py
[2024-06-18T11:46:11.501+0545] {processor.py:830} INFO - Processing file /home/manisha/airflow_env/lib/python3.10/site-packages/airflow/example_dags/example_python_decorator.py for tasks to queue
[2024-06-18T11:46:11.502+0545] {logging_mixin.py:188} INFO - [2024-06-18T11:46:11.502+0545] {dagbag.py:545} INFO - Filling up the DagBag from /home/manisha/airflow_env/lib/python3.10/site-packages/airflow/example_dags/example_python_decorator.py
[2024-06-18T11:46:11.515+0545] {processor.py:840} INFO - DAG(s) 'example_python_decorator' retrieved from /home/manisha/airflow_env/lib/python3.10/site-packages/airflow/example_dags/example_python_decorator.py
[2024-06-18T11:46:11.540+0545] {logging_mixin.py:188} INFO - [2024-06-18T11:46:11.539+0545] {dag.py:3096} INFO - Sync 1 DAGs
[2024-06-18T11:46:11.552+0545] {logging_mixin.py:188} INFO - [2024-06-18T11:46:11.551+0545] {dag.py:3954} INFO - Setting next_dagrun for example_python_decorator to None, run_after=None
[2024-06-18T11:46:11.628+0545] {processor.py:183} INFO - Processing /home/manisha/airflow_env/lib/python3.10/site-packages/airflow/example_dags/example_python_decorator.py took 0.134 seconds
[2024-06-18T11:46:42.143+0545] {processor.py:161} INFO - Started process (PID=8605) to work on /home/manisha/airflow_env/lib/python3.10/site-packages/airflow/example_dags/example_python_decorator.py
[2024-06-18T11:46:42.149+0545] {processor.py:830} INFO - Processing file /home/manisha/airflow_env/lib/python3.10/site-packages/airflow/example_dags/example_python_decorator.py for tasks to queue
[2024-06-18T11:46:42.151+0545] {logging_mixin.py:188} INFO - [2024-06-18T11:46:42.150+0545] {dagbag.py:545} INFO - Filling up the DagBag from /home/manisha/airflow_env/lib/python3.10/site-packages/airflow/example_dags/example_python_decorator.py
[2024-06-18T11:46:42.162+0545] {processor.py:840} INFO - DAG(s) 'example_python_decorator' retrieved from /home/manisha/airflow_env/lib/python3.10/site-packages/airflow/example_dags/example_python_decorator.py
[2024-06-18T11:46:42.185+0545] {logging_mixin.py:188} INFO - [2024-06-18T11:46:42.185+0545] {dag.py:3096} INFO - Sync 1 DAGs
[2024-06-18T11:46:42.196+0545] {logging_mixin.py:188} INFO - [2024-06-18T11:46:42.195+0545] {dag.py:3954} INFO - Setting next_dagrun for example_python_decorator to None, run_after=None
[2024-06-18T11:46:42.271+0545] {processor.py:183} INFO - Processing /home/manisha/airflow_env/lib/python3.10/site-packages/airflow/example_dags/example_python_decorator.py took 0.133 seconds
[2024-06-18T11:47:12.620+0545] {processor.py:161} INFO - Started process (PID=8656) to work on /home/manisha/airflow_env/lib/python3.10/site-packages/airflow/example_dags/example_python_decorator.py
[2024-06-18T11:47:12.621+0545] {processor.py:830} INFO - Processing file /home/manisha/airflow_env/lib/python3.10/site-packages/airflow/example_dags/example_python_decorator.py for tasks to queue
[2024-06-18T11:47:12.623+0545] {logging_mixin.py:188} INFO - [2024-06-18T11:47:12.622+0545] {dagbag.py:545} INFO - Filling up the DagBag from /home/manisha/airflow_env/lib/python3.10/site-packages/airflow/example_dags/example_python_decorator.py
[2024-06-18T11:47:12.636+0545] {processor.py:840} INFO - DAG(s) 'example_python_decorator' retrieved from /home/manisha/airflow_env/lib/python3.10/site-packages/airflow/example_dags/example_python_decorator.py
[2024-06-18T11:47:12.663+0545] {logging_mixin.py:188} INFO - [2024-06-18T11:47:12.663+0545] {dag.py:3096} INFO - Sync 1 DAGs
[2024-06-18T11:47:12.674+0545] {logging_mixin.py:188} INFO - [2024-06-18T11:47:12.673+0545] {dag.py:3954} INFO - Setting next_dagrun for example_python_decorator to None, run_after=None
[2024-06-18T11:47:12.804+0545] {processor.py:183} INFO - Processing /home/manisha/airflow_env/lib/python3.10/site-packages/airflow/example_dags/example_python_decorator.py took 0.190 seconds
[2024-06-18T11:47:42.897+0545] {processor.py:161} INFO - Started process (PID=8708) to work on /home/manisha/airflow_env/lib/python3.10/site-packages/airflow/example_dags/example_python_decorator.py
[2024-06-18T11:47:42.903+0545] {processor.py:830} INFO - Processing file /home/manisha/airflow_env/lib/python3.10/site-packages/airflow/example_dags/example_python_decorator.py for tasks to queue
[2024-06-18T11:47:42.905+0545] {logging_mixin.py:188} INFO - [2024-06-18T11:47:42.905+0545] {dagbag.py:545} INFO - Filling up the DagBag from /home/manisha/airflow_env/lib/python3.10/site-packages/airflow/example_dags/example_python_decorator.py
[2024-06-18T11:47:42.917+0545] {processor.py:840} INFO - DAG(s) 'example_python_decorator' retrieved from /home/manisha/airflow_env/lib/python3.10/site-packages/airflow/example_dags/example_python_decorator.py
[2024-06-18T11:47:42.939+0545] {logging_mixin.py:188} INFO - [2024-06-18T11:47:42.938+0545] {dag.py:3096} INFO - Sync 1 DAGs
[2024-06-18T11:47:42.950+0545] {logging_mixin.py:188} INFO - [2024-06-18T11:47:42.950+0545] {dag.py:3954} INFO - Setting next_dagrun for example_python_decorator to None, run_after=None
[2024-06-18T11:47:43.043+0545] {processor.py:183} INFO - Processing /home/manisha/airflow_env/lib/python3.10/site-packages/airflow/example_dags/example_python_decorator.py took 0.151 seconds
[2024-06-18T11:48:33.193+0545] {processor.py:161} INFO - Started process (PID=8793) to work on /home/manisha/airflow_env/lib/python3.10/site-packages/airflow/example_dags/example_python_decorator.py
[2024-06-18T11:48:33.222+0545] {processor.py:830} INFO - Processing file /home/manisha/airflow_env/lib/python3.10/site-packages/airflow/example_dags/example_python_decorator.py for tasks to queue
[2024-06-18T11:48:33.225+0545] {logging_mixin.py:188} INFO - [2024-06-18T11:48:33.224+0545] {dagbag.py:545} INFO - Filling up the DagBag from /home/manisha/airflow_env/lib/python3.10/site-packages/airflow/example_dags/example_python_decorator.py
[2024-06-18T11:48:33.251+0545] {processor.py:840} INFO - DAG(s) 'example_python_decorator' retrieved from /home/manisha/airflow_env/lib/python3.10/site-packages/airflow/example_dags/example_python_decorator.py
[2024-06-18T11:48:33.268+0545] {logging_mixin.py:188} INFO - [2024-06-18T11:48:33.267+0545] {dag.py:3096} INFO - Sync 1 DAGs
[2024-06-18T11:48:33.281+0545] {logging_mixin.py:188} INFO - [2024-06-18T11:48:33.281+0545] {dag.py:3954} INFO - Setting next_dagrun for example_python_decorator to None, run_after=None
[2024-06-18T11:48:33.379+0545] {processor.py:183} INFO - Processing /home/manisha/airflow_env/lib/python3.10/site-packages/airflow/example_dags/example_python_decorator.py took 0.192 seconds
[2024-06-18T11:49:11.680+0545] {processor.py:161} INFO - Started process (PID=8906) to work on /home/manisha/airflow_env/lib/python3.10/site-packages/airflow/example_dags/example_python_decorator.py
[2024-06-18T11:49:11.682+0545] {processor.py:830} INFO - Processing file /home/manisha/airflow_env/lib/python3.10/site-packages/airflow/example_dags/example_python_decorator.py for tasks to queue
[2024-06-18T11:49:11.683+0545] {logging_mixin.py:188} INFO - [2024-06-18T11:49:11.683+0545] {dagbag.py:545} INFO - Filling up the DagBag from /home/manisha/airflow_env/lib/python3.10/site-packages/airflow/example_dags/example_python_decorator.py
[2024-06-18T11:49:11.705+0545] {processor.py:840} INFO - DAG(s) 'example_python_decorator' retrieved from /home/manisha/airflow_env/lib/python3.10/site-packages/airflow/example_dags/example_python_decorator.py
[2024-06-18T11:49:12.053+0545] {logging_mixin.py:188} INFO - [2024-06-18T11:49:12.053+0545] {dag.py:3096} INFO - Sync 1 DAGs
[2024-06-18T11:49:12.078+0545] {logging_mixin.py:188} INFO - [2024-06-18T11:49:12.077+0545] {dag.py:3954} INFO - Setting next_dagrun for example_python_decorator to None, run_after=None
[2024-06-18T11:49:12.184+0545] {processor.py:183} INFO - Processing /home/manisha/airflow_env/lib/python3.10/site-packages/airflow/example_dags/example_python_decorator.py took 0.513 seconds
[2024-06-18T11:49:42.243+0545] {processor.py:161} INFO - Started process (PID=8970) to work on /home/manisha/airflow_env/lib/python3.10/site-packages/airflow/example_dags/example_python_decorator.py
[2024-06-18T11:49:42.243+0545] {processor.py:830} INFO - Processing file /home/manisha/airflow_env/lib/python3.10/site-packages/airflow/example_dags/example_python_decorator.py for tasks to queue
[2024-06-18T11:49:42.245+0545] {logging_mixin.py:188} INFO - [2024-06-18T11:49:42.245+0545] {dagbag.py:545} INFO - Filling up the DagBag from /home/manisha/airflow_env/lib/python3.10/site-packages/airflow/example_dags/example_python_decorator.py
[2024-06-18T11:49:42.260+0545] {processor.py:840} INFO - DAG(s) 'example_python_decorator' retrieved from /home/manisha/airflow_env/lib/python3.10/site-packages/airflow/example_dags/example_python_decorator.py
[2024-06-18T11:49:42.285+0545] {logging_mixin.py:188} INFO - [2024-06-18T11:49:42.285+0545] {dag.py:3096} INFO - Sync 1 DAGs
[2024-06-18T11:49:42.296+0545] {logging_mixin.py:188} INFO - [2024-06-18T11:49:42.296+0545] {dag.py:3954} INFO - Setting next_dagrun for example_python_decorator to None, run_after=None
[2024-06-18T11:49:42.413+0545] {processor.py:183} INFO - Processing /home/manisha/airflow_env/lib/python3.10/site-packages/airflow/example_dags/example_python_decorator.py took 0.177 seconds
[2024-06-18T11:50:12.857+0545] {processor.py:161} INFO - Started process (PID=9024) to work on /home/manisha/airflow_env/lib/python3.10/site-packages/airflow/example_dags/example_python_decorator.py
[2024-06-18T11:50:12.858+0545] {processor.py:830} INFO - Processing file /home/manisha/airflow_env/lib/python3.10/site-packages/airflow/example_dags/example_python_decorator.py for tasks to queue
[2024-06-18T11:50:12.859+0545] {logging_mixin.py:188} INFO - [2024-06-18T11:50:12.859+0545] {dagbag.py:545} INFO - Filling up the DagBag from /home/manisha/airflow_env/lib/python3.10/site-packages/airflow/example_dags/example_python_decorator.py
[2024-06-18T11:50:12.872+0545] {processor.py:840} INFO - DAG(s) 'example_python_decorator' retrieved from /home/manisha/airflow_env/lib/python3.10/site-packages/airflow/example_dags/example_python_decorator.py
[2024-06-18T11:50:12.896+0545] {logging_mixin.py:188} INFO - [2024-06-18T11:50:12.896+0545] {dag.py:3096} INFO - Sync 1 DAGs
[2024-06-18T11:50:12.908+0545] {logging_mixin.py:188} INFO - [2024-06-18T11:50:12.908+0545] {dag.py:3954} INFO - Setting next_dagrun for example_python_decorator to None, run_after=None
[2024-06-18T11:50:13.071+0545] {processor.py:183} INFO - Processing /home/manisha/airflow_env/lib/python3.10/site-packages/airflow/example_dags/example_python_decorator.py took 0.220 seconds
[2024-06-18T11:50:43.580+0545] {processor.py:161} INFO - Started process (PID=9083) to work on /home/manisha/airflow_env/lib/python3.10/site-packages/airflow/example_dags/example_python_decorator.py
[2024-06-18T11:50:43.580+0545] {processor.py:830} INFO - Processing file /home/manisha/airflow_env/lib/python3.10/site-packages/airflow/example_dags/example_python_decorator.py for tasks to queue
[2024-06-18T11:50:43.582+0545] {logging_mixin.py:188} INFO - [2024-06-18T11:50:43.581+0545] {dagbag.py:545} INFO - Filling up the DagBag from /home/manisha/airflow_env/lib/python3.10/site-packages/airflow/example_dags/example_python_decorator.py
[2024-06-18T11:50:43.595+0545] {processor.py:840} INFO - DAG(s) 'example_python_decorator' retrieved from /home/manisha/airflow_env/lib/python3.10/site-packages/airflow/example_dags/example_python_decorator.py
[2024-06-18T11:50:43.621+0545] {logging_mixin.py:188} INFO - [2024-06-18T11:50:43.620+0545] {dag.py:3096} INFO - Sync 1 DAGs
[2024-06-18T11:50:43.632+0545] {logging_mixin.py:188} INFO - [2024-06-18T11:50:43.632+0545] {dag.py:3954} INFO - Setting next_dagrun for example_python_decorator to None, run_after=None
[2024-06-18T11:50:43.870+0545] {processor.py:183} INFO - Processing /home/manisha/airflow_env/lib/python3.10/site-packages/airflow/example_dags/example_python_decorator.py took 0.295 seconds
[2024-06-18T11:51:03.029+0545] {processor.py:161} INFO - Started process (PID=9495) to work on /home/manisha/airflow_env/lib/python3.10/site-packages/airflow/example_dags/example_python_decorator.py
[2024-06-18T11:51:03.049+0545] {processor.py:830} INFO - Processing file /home/manisha/airflow_env/lib/python3.10/site-packages/airflow/example_dags/example_python_decorator.py for tasks to queue
[2024-06-18T11:51:03.051+0545] {logging_mixin.py:188} INFO - [2024-06-18T11:51:03.051+0545] {dagbag.py:545} INFO - Filling up the DagBag from /home/manisha/airflow_env/lib/python3.10/site-packages/airflow/example_dags/example_python_decorator.py
[2024-06-18T11:51:03.079+0545] {processor.py:840} INFO - DAG(s) 'example_python_decorator' retrieved from /home/manisha/airflow_env/lib/python3.10/site-packages/airflow/example_dags/example_python_decorator.py
[2024-06-18T11:51:03.106+0545] {logging_mixin.py:188} INFO - [2024-06-18T11:51:03.104+0545] {dag.py:3096} INFO - Sync 1 DAGs
[2024-06-18T11:51:03.136+0545] {logging_mixin.py:188} INFO - [2024-06-18T11:51:03.136+0545] {dag.py:3954} INFO - Setting next_dagrun for example_python_decorator to None, run_after=None
[2024-06-18T11:51:03.284+0545] {processor.py:183} INFO - Processing /home/manisha/airflow_env/lib/python3.10/site-packages/airflow/example_dags/example_python_decorator.py took 0.271 seconds
[2024-06-18T11:51:37.607+0545] {processor.py:161} INFO - Started process (PID=9754) to work on /home/manisha/airflow_env/lib/python3.10/site-packages/airflow/example_dags/example_python_decorator.py
[2024-06-18T11:51:37.608+0545] {processor.py:830} INFO - Processing file /home/manisha/airflow_env/lib/python3.10/site-packages/airflow/example_dags/example_python_decorator.py for tasks to queue
[2024-06-18T11:51:37.609+0545] {logging_mixin.py:188} INFO - [2024-06-18T11:51:37.609+0545] {dagbag.py:545} INFO - Filling up the DagBag from /home/manisha/airflow_env/lib/python3.10/site-packages/airflow/example_dags/example_python_decorator.py
[2024-06-18T11:51:37.625+0545] {processor.py:840} INFO - DAG(s) 'example_python_decorator' retrieved from /home/manisha/airflow_env/lib/python3.10/site-packages/airflow/example_dags/example_python_decorator.py
[2024-06-18T11:51:37.859+0545] {logging_mixin.py:188} INFO - [2024-06-18T11:51:37.859+0545] {dag.py:3096} INFO - Sync 1 DAGs
[2024-06-18T11:51:37.870+0545] {logging_mixin.py:188} INFO - [2024-06-18T11:51:37.870+0545] {dag.py:3954} INFO - Setting next_dagrun for example_python_decorator to None, run_after=None
[2024-06-18T11:51:38.129+0545] {processor.py:183} INFO - Processing /home/manisha/airflow_env/lib/python3.10/site-packages/airflow/example_dags/example_python_decorator.py took 0.530 seconds
