[2024-06-18T10:57:29.937+0545] {processor.py:161} INFO - Started process (PID=4052) to work on /home/manisha/airflow_env/lib/python3.10/site-packages/airflow/example_dags/example_bash_operator.py
[2024-06-18T10:57:29.938+0545] {processor.py:830} INFO - Processing file /home/manisha/airflow_env/lib/python3.10/site-packages/airflow/example_dags/example_bash_operator.py for tasks to queue
[2024-06-18T10:57:29.939+0545] {logging_mixin.py:188} INFO - [2024-06-18T10:57:29.939+0545] {dagbag.py:545} INFO - Filling up the DagBag from /home/manisha/airflow_env/lib/python3.10/site-packages/airflow/example_dags/example_bash_operator.py
[2024-06-18T10:57:29.952+0545] {processor.py:840} INFO - DAG(s) 'example_bash_operator' retrieved from /home/manisha/airflow_env/lib/python3.10/site-packages/airflow/example_dags/example_bash_operator.py
[2024-06-18T10:57:30.184+0545] {logging_mixin.py:188} INFO - [2024-06-18T10:57:30.182+0545] {override.py:1829} INFO - Created Permission View: can edit on DAG:example_bash_operator
[2024-06-18T10:57:30.262+0545] {logging_mixin.py:188} INFO - [2024-06-18T10:57:30.261+0545] {override.py:1829} INFO - Created Permission View: can read on DAG:example_bash_operator
[2024-06-18T10:57:30.330+0545] {logging_mixin.py:188} INFO - [2024-06-18T10:57:30.329+0545] {override.py:1829} INFO - Created Permission View: can delete on DAG:example_bash_operator
[2024-06-18T10:57:30.332+0545] {logging_mixin.py:188} INFO - [2024-06-18T10:57:30.331+0545] {dag.py:3096} INFO - Sync 1 DAGs
[2024-06-18T10:57:30.364+0545] {logging_mixin.py:188} INFO - [2024-06-18T10:57:30.364+0545] {dag.py:3118} INFO - Creating ORM DAG for example_bash_operator
[2024-06-18T10:57:30.376+0545] {logging_mixin.py:188} INFO - [2024-06-18T10:57:30.376+0545] {dag.py:3954} INFO - Setting next_dagrun for example_bash_operator to 2024-06-17 00:00:00+00:00, run_after=2024-06-18 00:00:00+00:00
[2024-06-18T10:57:30.583+0545] {processor.py:183} INFO - Processing /home/manisha/airflow_env/lib/python3.10/site-packages/airflow/example_dags/example_bash_operator.py took 0.652 seconds
[2024-06-18T10:58:49.352+0545] {processor.py:161} INFO - Started process (PID=4176) to work on /home/manisha/airflow_env/lib/python3.10/site-packages/airflow/example_dags/example_bash_operator.py
[2024-06-18T10:58:49.354+0545] {processor.py:830} INFO - Processing file /home/manisha/airflow_env/lib/python3.10/site-packages/airflow/example_dags/example_bash_operator.py for tasks to queue
[2024-06-18T10:58:49.356+0545] {logging_mixin.py:188} INFO - [2024-06-18T10:58:49.355+0545] {dagbag.py:545} INFO - Filling up the DagBag from /home/manisha/airflow_env/lib/python3.10/site-packages/airflow/example_dags/example_bash_operator.py
[2024-06-18T10:58:49.372+0545] {processor.py:840} INFO - DAG(s) 'example_bash_operator' retrieved from /home/manisha/airflow_env/lib/python3.10/site-packages/airflow/example_dags/example_bash_operator.py
[2024-06-18T10:58:49.398+0545] {logging_mixin.py:188} INFO - [2024-06-18T10:58:49.398+0545] {dag.py:3096} INFO - Sync 1 DAGs
[2024-06-18T10:58:49.415+0545] {logging_mixin.py:188} INFO - [2024-06-18T10:58:49.415+0545] {dag.py:3954} INFO - Setting next_dagrun for example_bash_operator to 2024-06-17 00:00:00+00:00, run_after=2024-06-18 00:00:00+00:00
[2024-06-18T10:58:49.561+0545] {processor.py:183} INFO - Processing /home/manisha/airflow_env/lib/python3.10/site-packages/airflow/example_dags/example_bash_operator.py took 0.215 seconds
[2024-06-18T10:59:54.320+0545] {processor.py:161} INFO - Started process (PID=4230) to work on /home/manisha/airflow_env/lib/python3.10/site-packages/airflow/example_dags/example_bash_operator.py
[2024-06-18T10:59:54.362+0545] {processor.py:830} INFO - Processing file /home/manisha/airflow_env/lib/python3.10/site-packages/airflow/example_dags/example_bash_operator.py for tasks to queue
[2024-06-18T10:59:54.368+0545] {logging_mixin.py:188} INFO - [2024-06-18T10:59:54.366+0545] {dagbag.py:545} INFO - Filling up the DagBag from /home/manisha/airflow_env/lib/python3.10/site-packages/airflow/example_dags/example_bash_operator.py
[2024-06-18T10:59:54.402+0545] {processor.py:840} INFO - DAG(s) 'example_bash_operator' retrieved from /home/manisha/airflow_env/lib/python3.10/site-packages/airflow/example_dags/example_bash_operator.py
[2024-06-18T10:59:54.428+0545] {logging_mixin.py:188} INFO - [2024-06-18T10:59:54.428+0545] {dag.py:3096} INFO - Sync 1 DAGs
[2024-06-18T10:59:54.528+0545] {logging_mixin.py:188} INFO - [2024-06-18T10:59:54.528+0545] {dag.py:3954} INFO - Setting next_dagrun for example_bash_operator to 2024-06-17 00:00:00+00:00, run_after=2024-06-18 00:00:00+00:00
[2024-06-18T10:59:54.655+0545] {processor.py:183} INFO - Processing /home/manisha/airflow_env/lib/python3.10/site-packages/airflow/example_dags/example_bash_operator.py took 0.341 seconds
[2024-06-18T11:00:56.067+0545] {processor.py:161} INFO - Started process (PID=4373) to work on /home/manisha/airflow_env/lib/python3.10/site-packages/airflow/example_dags/example_bash_operator.py
[2024-06-18T11:00:56.104+0545] {processor.py:830} INFO - Processing file /home/manisha/airflow_env/lib/python3.10/site-packages/airflow/example_dags/example_bash_operator.py for tasks to queue
[2024-06-18T11:00:56.109+0545] {logging_mixin.py:188} INFO - [2024-06-18T11:00:56.108+0545] {dagbag.py:545} INFO - Filling up the DagBag from /home/manisha/airflow_env/lib/python3.10/site-packages/airflow/example_dags/example_bash_operator.py
[2024-06-18T11:00:56.142+0545] {processor.py:840} INFO - DAG(s) 'example_bash_operator' retrieved from /home/manisha/airflow_env/lib/python3.10/site-packages/airflow/example_dags/example_bash_operator.py
[2024-06-18T11:00:56.167+0545] {logging_mixin.py:188} INFO - [2024-06-18T11:00:56.167+0545] {dag.py:3096} INFO - Sync 1 DAGs
[2024-06-18T11:00:56.185+0545] {logging_mixin.py:188} INFO - [2024-06-18T11:00:56.184+0545] {dag.py:3954} INFO - Setting next_dagrun for example_bash_operator to 2024-06-17 00:00:00+00:00, run_after=2024-06-18 00:00:00+00:00
[2024-06-18T11:00:56.300+0545] {processor.py:183} INFO - Processing /home/manisha/airflow_env/lib/python3.10/site-packages/airflow/example_dags/example_bash_operator.py took 0.239 seconds
[2024-06-18T11:01:58.806+0545] {processor.py:161} INFO - Started process (PID=4425) to work on /home/manisha/airflow_env/lib/python3.10/site-packages/airflow/example_dags/example_bash_operator.py
[2024-06-18T11:01:58.847+0545] {processor.py:830} INFO - Processing file /home/manisha/airflow_env/lib/python3.10/site-packages/airflow/example_dags/example_bash_operator.py for tasks to queue
[2024-06-18T11:01:58.852+0545] {logging_mixin.py:188} INFO - [2024-06-18T11:01:58.851+0545] {dagbag.py:545} INFO - Filling up the DagBag from /home/manisha/airflow_env/lib/python3.10/site-packages/airflow/example_dags/example_bash_operator.py
[2024-06-18T11:01:58.888+0545] {processor.py:840} INFO - DAG(s) 'example_bash_operator' retrieved from /home/manisha/airflow_env/lib/python3.10/site-packages/airflow/example_dags/example_bash_operator.py
[2024-06-18T11:01:58.914+0545] {logging_mixin.py:188} INFO - [2024-06-18T11:01:58.914+0545] {dag.py:3096} INFO - Sync 1 DAGs
[2024-06-18T11:01:58.931+0545] {logging_mixin.py:188} INFO - [2024-06-18T11:01:58.931+0545] {dag.py:3954} INFO - Setting next_dagrun for example_bash_operator to 2024-06-17 00:00:00+00:00, run_after=2024-06-18 00:00:00+00:00
[2024-06-18T11:01:59.052+0545] {processor.py:183} INFO - Processing /home/manisha/airflow_env/lib/python3.10/site-packages/airflow/example_dags/example_bash_operator.py took 0.252 seconds
[2024-06-18T11:02:56.483+0545] {processor.py:161} INFO - Started process (PID=4477) to work on /home/manisha/airflow_env/lib/python3.10/site-packages/airflow/example_dags/example_bash_operator.py
[2024-06-18T11:02:56.525+0545] {processor.py:830} INFO - Processing file /home/manisha/airflow_env/lib/python3.10/site-packages/airflow/example_dags/example_bash_operator.py for tasks to queue
[2024-06-18T11:02:56.532+0545] {logging_mixin.py:188} INFO - [2024-06-18T11:02:56.530+0545] {dagbag.py:545} INFO - Filling up the DagBag from /home/manisha/airflow_env/lib/python3.10/site-packages/airflow/example_dags/example_bash_operator.py
[2024-06-18T11:02:56.568+0545] {processor.py:840} INFO - DAG(s) 'example_bash_operator' retrieved from /home/manisha/airflow_env/lib/python3.10/site-packages/airflow/example_dags/example_bash_operator.py
[2024-06-18T11:02:56.594+0545] {logging_mixin.py:188} INFO - [2024-06-18T11:02:56.594+0545] {dag.py:3096} INFO - Sync 1 DAGs
[2024-06-18T11:02:56.611+0545] {logging_mixin.py:188} INFO - [2024-06-18T11:02:56.611+0545] {dag.py:3954} INFO - Setting next_dagrun for example_bash_operator to 2024-06-17 00:00:00+00:00, run_after=2024-06-18 00:00:00+00:00
[2024-06-18T11:02:56.719+0545] {processor.py:183} INFO - Processing /home/manisha/airflow_env/lib/python3.10/site-packages/airflow/example_dags/example_bash_operator.py took 0.243 seconds
[2024-06-18T11:03:55.649+0545] {processor.py:161} INFO - Started process (PID=4532) to work on /home/manisha/airflow_env/lib/python3.10/site-packages/airflow/example_dags/example_bash_operator.py
[2024-06-18T11:03:55.650+0545] {processor.py:830} INFO - Processing file /home/manisha/airflow_env/lib/python3.10/site-packages/airflow/example_dags/example_bash_operator.py for tasks to queue
[2024-06-18T11:03:55.652+0545] {logging_mixin.py:188} INFO - [2024-06-18T11:03:55.651+0545] {dagbag.py:545} INFO - Filling up the DagBag from /home/manisha/airflow_env/lib/python3.10/site-packages/airflow/example_dags/example_bash_operator.py
[2024-06-18T11:03:55.666+0545] {processor.py:840} INFO - DAG(s) 'example_bash_operator' retrieved from /home/manisha/airflow_env/lib/python3.10/site-packages/airflow/example_dags/example_bash_operator.py
[2024-06-18T11:03:55.691+0545] {logging_mixin.py:188} INFO - [2024-06-18T11:03:55.691+0545] {dag.py:3096} INFO - Sync 1 DAGs
[2024-06-18T11:03:55.709+0545] {logging_mixin.py:188} INFO - [2024-06-18T11:03:55.709+0545] {dag.py:3954} INFO - Setting next_dagrun for example_bash_operator to 2024-06-17 00:00:00+00:00, run_after=2024-06-18 00:00:00+00:00
[2024-06-18T11:03:55.859+0545] {processor.py:183} INFO - Processing /home/manisha/airflow_env/lib/python3.10/site-packages/airflow/example_dags/example_bash_operator.py took 0.217 seconds
[2024-06-18T11:05:29.216+0545] {processor.py:161} INFO - Started process (PID=4727) to work on /home/manisha/airflow_env/lib/python3.10/site-packages/airflow/example_dags/example_bash_operator.py
[2024-06-18T11:05:29.253+0545] {processor.py:830} INFO - Processing file /home/manisha/airflow_env/lib/python3.10/site-packages/airflow/example_dags/example_bash_operator.py for tasks to queue
[2024-06-18T11:05:29.259+0545] {logging_mixin.py:188} INFO - [2024-06-18T11:05:29.258+0545] {dagbag.py:545} INFO - Filling up the DagBag from /home/manisha/airflow_env/lib/python3.10/site-packages/airflow/example_dags/example_bash_operator.py
[2024-06-18T11:05:29.292+0545] {processor.py:840} INFO - DAG(s) 'example_bash_operator' retrieved from /home/manisha/airflow_env/lib/python3.10/site-packages/airflow/example_dags/example_bash_operator.py
[2024-06-18T11:05:29.318+0545] {logging_mixin.py:188} INFO - [2024-06-18T11:05:29.317+0545] {dag.py:3096} INFO - Sync 1 DAGs
[2024-06-18T11:05:29.335+0545] {logging_mixin.py:188} INFO - [2024-06-18T11:05:29.335+0545] {dag.py:3954} INFO - Setting next_dagrun for example_bash_operator to 2024-06-17 00:00:00+00:00, run_after=2024-06-18 00:00:00+00:00
[2024-06-18T11:05:29.439+0545] {processor.py:183} INFO - Processing /home/manisha/airflow_env/lib/python3.10/site-packages/airflow/example_dags/example_bash_operator.py took 0.241 seconds
[2024-06-18T11:06:40.807+0545] {processor.py:161} INFO - Started process (PID=4804) to work on /home/manisha/airflow_env/lib/python3.10/site-packages/airflow/example_dags/example_bash_operator.py
[2024-06-18T11:06:40.809+0545] {processor.py:830} INFO - Processing file /home/manisha/airflow_env/lib/python3.10/site-packages/airflow/example_dags/example_bash_operator.py for tasks to queue
[2024-06-18T11:06:40.811+0545] {logging_mixin.py:188} INFO - [2024-06-18T11:06:40.810+0545] {dagbag.py:545} INFO - Filling up the DagBag from /home/manisha/airflow_env/lib/python3.10/site-packages/airflow/example_dags/example_bash_operator.py
[2024-06-18T11:06:40.825+0545] {processor.py:840} INFO - DAG(s) 'example_bash_operator' retrieved from /home/manisha/airflow_env/lib/python3.10/site-packages/airflow/example_dags/example_bash_operator.py
[2024-06-18T11:06:40.853+0545] {logging_mixin.py:188} INFO - [2024-06-18T11:06:40.853+0545] {dag.py:3096} INFO - Sync 1 DAGs
[2024-06-18T11:06:40.872+0545] {logging_mixin.py:188} INFO - [2024-06-18T11:06:40.872+0545] {dag.py:3954} INFO - Setting next_dagrun for example_bash_operator to 2024-06-17 00:00:00+00:00, run_after=2024-06-18 00:00:00+00:00
[2024-06-18T11:06:40.985+0545] {processor.py:183} INFO - Processing /home/manisha/airflow_env/lib/python3.10/site-packages/airflow/example_dags/example_bash_operator.py took 0.186 seconds
[2024-06-18T11:07:39.628+0545] {processor.py:161} INFO - Started process (PID=4950) to work on /home/manisha/airflow_env/lib/python3.10/site-packages/airflow/example_dags/example_bash_operator.py
[2024-06-18T11:07:39.629+0545] {processor.py:830} INFO - Processing file /home/manisha/airflow_env/lib/python3.10/site-packages/airflow/example_dags/example_bash_operator.py for tasks to queue
[2024-06-18T11:07:39.631+0545] {logging_mixin.py:188} INFO - [2024-06-18T11:07:39.630+0545] {dagbag.py:545} INFO - Filling up the DagBag from /home/manisha/airflow_env/lib/python3.10/site-packages/airflow/example_dags/example_bash_operator.py
[2024-06-18T11:07:39.645+0545] {processor.py:840} INFO - DAG(s) 'example_bash_operator' retrieved from /home/manisha/airflow_env/lib/python3.10/site-packages/airflow/example_dags/example_bash_operator.py
[2024-06-18T11:07:39.672+0545] {logging_mixin.py:188} INFO - [2024-06-18T11:07:39.672+0545] {dag.py:3096} INFO - Sync 1 DAGs
[2024-06-18T11:07:39.691+0545] {logging_mixin.py:188} INFO - [2024-06-18T11:07:39.690+0545] {dag.py:3954} INFO - Setting next_dagrun for example_bash_operator to 2024-06-17 00:00:00+00:00, run_after=2024-06-18 00:00:00+00:00
[2024-06-18T11:07:39.799+0545] {processor.py:183} INFO - Processing /home/manisha/airflow_env/lib/python3.10/site-packages/airflow/example_dags/example_bash_operator.py took 0.178 seconds
[2024-06-18T11:08:37.669+0545] {processor.py:161} INFO - Started process (PID=5235) to work on /home/manisha/airflow_env/lib/python3.10/site-packages/airflow/example_dags/example_bash_operator.py
[2024-06-18T11:08:37.699+0545] {processor.py:830} INFO - Processing file /home/manisha/airflow_env/lib/python3.10/site-packages/airflow/example_dags/example_bash_operator.py for tasks to queue
[2024-06-18T11:08:37.701+0545] {logging_mixin.py:188} INFO - [2024-06-18T11:08:37.700+0545] {dagbag.py:545} INFO - Filling up the DagBag from /home/manisha/airflow_env/lib/python3.10/site-packages/airflow/example_dags/example_bash_operator.py
[2024-06-18T11:08:37.715+0545] {processor.py:840} INFO - DAG(s) 'example_bash_operator' retrieved from /home/manisha/airflow_env/lib/python3.10/site-packages/airflow/example_dags/example_bash_operator.py
[2024-06-18T11:08:37.745+0545] {logging_mixin.py:188} INFO - [2024-06-18T11:08:37.744+0545] {dag.py:3096} INFO - Sync 1 DAGs
[2024-06-18T11:08:37.770+0545] {logging_mixin.py:188} INFO - [2024-06-18T11:08:37.770+0545] {dag.py:3954} INFO - Setting next_dagrun for example_bash_operator to 2024-06-17 00:00:00+00:00, run_after=2024-06-18 00:00:00+00:00
[2024-06-18T11:08:37.865+0545] {processor.py:183} INFO - Processing /home/manisha/airflow_env/lib/python3.10/site-packages/airflow/example_dags/example_bash_operator.py took 0.202 seconds
[2024-06-18T11:09:37.847+0545] {processor.py:161} INFO - Started process (PID=5649) to work on /home/manisha/airflow_env/lib/python3.10/site-packages/airflow/example_dags/example_bash_operator.py
[2024-06-18T11:09:37.885+0545] {processor.py:830} INFO - Processing file /home/manisha/airflow_env/lib/python3.10/site-packages/airflow/example_dags/example_bash_operator.py for tasks to queue
[2024-06-18T11:09:37.890+0545] {logging_mixin.py:188} INFO - [2024-06-18T11:09:37.889+0545] {dagbag.py:545} INFO - Filling up the DagBag from /home/manisha/airflow_env/lib/python3.10/site-packages/airflow/example_dags/example_bash_operator.py
[2024-06-18T11:09:37.924+0545] {processor.py:840} INFO - DAG(s) 'example_bash_operator' retrieved from /home/manisha/airflow_env/lib/python3.10/site-packages/airflow/example_dags/example_bash_operator.py
[2024-06-18T11:09:37.954+0545] {logging_mixin.py:188} INFO - [2024-06-18T11:09:37.954+0545] {dag.py:3096} INFO - Sync 1 DAGs
[2024-06-18T11:09:37.977+0545] {logging_mixin.py:188} INFO - [2024-06-18T11:09:37.977+0545] {dag.py:3954} INFO - Setting next_dagrun for example_bash_operator to 2024-06-17 00:00:00+00:00, run_after=2024-06-18 00:00:00+00:00
[2024-06-18T11:09:38.063+0545] {processor.py:183} INFO - Processing /home/manisha/airflow_env/lib/python3.10/site-packages/airflow/example_dags/example_bash_operator.py took 0.222 seconds
[2024-06-18T11:44:02.056+0545] {processor.py:161} INFO - Started process (PID=8330) to work on /home/manisha/airflow_env/lib/python3.10/site-packages/airflow/example_dags/example_bash_operator.py
[2024-06-18T11:44:02.068+0545] {processor.py:830} INFO - Processing file /home/manisha/airflow_env/lib/python3.10/site-packages/airflow/example_dags/example_bash_operator.py for tasks to queue
[2024-06-18T11:44:02.069+0545] {logging_mixin.py:188} INFO - [2024-06-18T11:44:02.069+0545] {dagbag.py:545} INFO - Filling up the DagBag from /home/manisha/airflow_env/lib/python3.10/site-packages/airflow/example_dags/example_bash_operator.py
[2024-06-18T11:44:02.080+0545] {processor.py:840} INFO - DAG(s) 'example_bash_operator' retrieved from /home/manisha/airflow_env/lib/python3.10/site-packages/airflow/example_dags/example_bash_operator.py
[2024-06-18T11:44:02.094+0545] {logging_mixin.py:188} INFO - [2024-06-18T11:44:02.094+0545] {dag.py:3096} INFO - Sync 1 DAGs
[2024-06-18T11:44:02.119+0545] {logging_mixin.py:188} INFO - [2024-06-18T11:44:02.119+0545] {dag.py:3954} INFO - Setting next_dagrun for example_bash_operator to 2024-06-17 00:00:00+00:00, run_after=2024-06-18 00:00:00+00:00
[2024-06-18T11:44:02.225+0545] {processor.py:183} INFO - Processing /home/manisha/airflow_env/lib/python3.10/site-packages/airflow/example_dags/example_bash_operator.py took 0.176 seconds
[2024-06-18T11:44:36.122+0545] {processor.py:161} INFO - Started process (PID=8385) to work on /home/manisha/airflow_env/lib/python3.10/site-packages/airflow/example_dags/example_bash_operator.py
[2024-06-18T11:44:36.122+0545] {processor.py:830} INFO - Processing file /home/manisha/airflow_env/lib/python3.10/site-packages/airflow/example_dags/example_bash_operator.py for tasks to queue
[2024-06-18T11:44:36.124+0545] {logging_mixin.py:188} INFO - [2024-06-18T11:44:36.123+0545] {dagbag.py:545} INFO - Filling up the DagBag from /home/manisha/airflow_env/lib/python3.10/site-packages/airflow/example_dags/example_bash_operator.py
[2024-06-18T11:44:36.134+0545] {processor.py:840} INFO - DAG(s) 'example_bash_operator' retrieved from /home/manisha/airflow_env/lib/python3.10/site-packages/airflow/example_dags/example_bash_operator.py
[2024-06-18T11:44:36.343+0545] {logging_mixin.py:188} INFO - [2024-06-18T11:44:36.343+0545] {dag.py:3096} INFO - Sync 1 DAGs
[2024-06-18T11:44:36.362+0545] {logging_mixin.py:188} INFO - [2024-06-18T11:44:36.362+0545] {dag.py:3954} INFO - Setting next_dagrun for example_bash_operator to 2024-06-17 00:00:00+00:00, run_after=2024-06-18 00:00:00+00:00
[2024-06-18T11:44:36.560+0545] {processor.py:183} INFO - Processing /home/manisha/airflow_env/lib/python3.10/site-packages/airflow/example_dags/example_bash_operator.py took 0.443 seconds
[2024-06-18T11:45:06.655+0545] {processor.py:161} INFO - Started process (PID=8439) to work on /home/manisha/airflow_env/lib/python3.10/site-packages/airflow/example_dags/example_bash_operator.py
[2024-06-18T11:45:06.656+0545] {processor.py:830} INFO - Processing file /home/manisha/airflow_env/lib/python3.10/site-packages/airflow/example_dags/example_bash_operator.py for tasks to queue
[2024-06-18T11:45:06.658+0545] {logging_mixin.py:188} INFO - [2024-06-18T11:45:06.658+0545] {dagbag.py:545} INFO - Filling up the DagBag from /home/manisha/airflow_env/lib/python3.10/site-packages/airflow/example_dags/example_bash_operator.py
[2024-06-18T11:45:06.670+0545] {processor.py:840} INFO - DAG(s) 'example_bash_operator' retrieved from /home/manisha/airflow_env/lib/python3.10/site-packages/airflow/example_dags/example_bash_operator.py
[2024-06-18T11:45:06.704+0545] {logging_mixin.py:188} INFO - [2024-06-18T11:45:06.703+0545] {dag.py:3096} INFO - Sync 1 DAGs
[2024-06-18T11:45:06.725+0545] {logging_mixin.py:188} INFO - [2024-06-18T11:45:06.725+0545] {dag.py:3954} INFO - Setting next_dagrun for example_bash_operator to 2024-06-17 00:00:00+00:00, run_after=2024-06-18 00:00:00+00:00
[2024-06-18T11:45:06.862+0545] {processor.py:183} INFO - Processing /home/manisha/airflow_env/lib/python3.10/site-packages/airflow/example_dags/example_bash_operator.py took 0.213 seconds
[2024-06-18T11:45:37.460+0545] {processor.py:161} INFO - Started process (PID=8490) to work on /home/manisha/airflow_env/lib/python3.10/site-packages/airflow/example_dags/example_bash_operator.py
[2024-06-18T11:45:37.468+0545] {processor.py:830} INFO - Processing file /home/manisha/airflow_env/lib/python3.10/site-packages/airflow/example_dags/example_bash_operator.py for tasks to queue
[2024-06-18T11:45:37.469+0545] {logging_mixin.py:188} INFO - [2024-06-18T11:45:37.469+0545] {dagbag.py:545} INFO - Filling up the DagBag from /home/manisha/airflow_env/lib/python3.10/site-packages/airflow/example_dags/example_bash_operator.py
[2024-06-18T11:45:37.480+0545] {processor.py:840} INFO - DAG(s) 'example_bash_operator' retrieved from /home/manisha/airflow_env/lib/python3.10/site-packages/airflow/example_dags/example_bash_operator.py
[2024-06-18T11:45:37.514+0545] {logging_mixin.py:188} INFO - [2024-06-18T11:45:37.513+0545] {dag.py:3096} INFO - Sync 1 DAGs
[2024-06-18T11:45:37.536+0545] {logging_mixin.py:188} INFO - [2024-06-18T11:45:37.535+0545] {dag.py:3954} INFO - Setting next_dagrun for example_bash_operator to 2024-06-17 00:00:00+00:00, run_after=2024-06-18 00:00:00+00:00
[2024-06-18T11:45:37.609+0545] {processor.py:183} INFO - Processing /home/manisha/airflow_env/lib/python3.10/site-packages/airflow/example_dags/example_bash_operator.py took 0.154 seconds
[2024-06-18T11:46:08.178+0545] {processor.py:161} INFO - Started process (PID=8543) to work on /home/manisha/airflow_env/lib/python3.10/site-packages/airflow/example_dags/example_bash_operator.py
[2024-06-18T11:46:08.178+0545] {processor.py:830} INFO - Processing file /home/manisha/airflow_env/lib/python3.10/site-packages/airflow/example_dags/example_bash_operator.py for tasks to queue
[2024-06-18T11:46:08.180+0545] {logging_mixin.py:188} INFO - [2024-06-18T11:46:08.180+0545] {dagbag.py:545} INFO - Filling up the DagBag from /home/manisha/airflow_env/lib/python3.10/site-packages/airflow/example_dags/example_bash_operator.py
[2024-06-18T11:46:08.192+0545] {processor.py:840} INFO - DAG(s) 'example_bash_operator' retrieved from /home/manisha/airflow_env/lib/python3.10/site-packages/airflow/example_dags/example_bash_operator.py
[2024-06-18T11:46:08.240+0545] {logging_mixin.py:188} INFO - [2024-06-18T11:46:08.239+0545] {dag.py:3096} INFO - Sync 1 DAGs
[2024-06-18T11:46:08.268+0545] {logging_mixin.py:188} INFO - [2024-06-18T11:46:08.267+0545] {dag.py:3954} INFO - Setting next_dagrun for example_bash_operator to 2024-06-17 00:00:00+00:00, run_after=2024-06-18 00:00:00+00:00
[2024-06-18T11:46:08.339+0545] {processor.py:183} INFO - Processing /home/manisha/airflow_env/lib/python3.10/site-packages/airflow/example_dags/example_bash_operator.py took 0.173 seconds
[2024-06-18T11:46:38.581+0545] {processor.py:161} INFO - Started process (PID=8594) to work on /home/manisha/airflow_env/lib/python3.10/site-packages/airflow/example_dags/example_bash_operator.py
[2024-06-18T11:46:38.712+0545] {processor.py:830} INFO - Processing file /home/manisha/airflow_env/lib/python3.10/site-packages/airflow/example_dags/example_bash_operator.py for tasks to queue
[2024-06-18T11:46:38.714+0545] {logging_mixin.py:188} INFO - [2024-06-18T11:46:38.713+0545] {dagbag.py:545} INFO - Filling up the DagBag from /home/manisha/airflow_env/lib/python3.10/site-packages/airflow/example_dags/example_bash_operator.py
[2024-06-18T11:46:38.731+0545] {processor.py:840} INFO - DAG(s) 'example_bash_operator' retrieved from /home/manisha/airflow_env/lib/python3.10/site-packages/airflow/example_dags/example_bash_operator.py
[2024-06-18T11:46:38.762+0545] {logging_mixin.py:188} INFO - [2024-06-18T11:46:38.762+0545] {dag.py:3096} INFO - Sync 1 DAGs
[2024-06-18T11:46:38.780+0545] {logging_mixin.py:188} INFO - [2024-06-18T11:46:38.780+0545] {dag.py:3954} INFO - Setting next_dagrun for example_bash_operator to 2024-06-17 00:00:00+00:00, run_after=2024-06-18 00:00:00+00:00
[2024-06-18T11:46:38.873+0545] {processor.py:183} INFO - Processing /home/manisha/airflow_env/lib/python3.10/site-packages/airflow/example_dags/example_bash_operator.py took 0.298 seconds
[2024-06-18T11:47:09.343+0545] {processor.py:161} INFO - Started process (PID=8645) to work on /home/manisha/airflow_env/lib/python3.10/site-packages/airflow/example_dags/example_bash_operator.py
[2024-06-18T11:47:09.344+0545] {processor.py:830} INFO - Processing file /home/manisha/airflow_env/lib/python3.10/site-packages/airflow/example_dags/example_bash_operator.py for tasks to queue
[2024-06-18T11:47:09.345+0545] {logging_mixin.py:188} INFO - [2024-06-18T11:47:09.345+0545] {dagbag.py:545} INFO - Filling up the DagBag from /home/manisha/airflow_env/lib/python3.10/site-packages/airflow/example_dags/example_bash_operator.py
[2024-06-18T11:47:09.358+0545] {processor.py:840} INFO - DAG(s) 'example_bash_operator' retrieved from /home/manisha/airflow_env/lib/python3.10/site-packages/airflow/example_dags/example_bash_operator.py
[2024-06-18T11:47:09.393+0545] {logging_mixin.py:188} INFO - [2024-06-18T11:47:09.393+0545] {dag.py:3096} INFO - Sync 1 DAGs
[2024-06-18T11:47:09.414+0545] {logging_mixin.py:188} INFO - [2024-06-18T11:47:09.414+0545] {dag.py:3954} INFO - Setting next_dagrun for example_bash_operator to 2024-06-17 00:00:00+00:00, run_after=2024-06-18 00:00:00+00:00
[2024-06-18T11:47:09.500+0545] {processor.py:183} INFO - Processing /home/manisha/airflow_env/lib/python3.10/site-packages/airflow/example_dags/example_bash_operator.py took 0.163 seconds
[2024-06-18T11:47:39.641+0545] {processor.py:161} INFO - Started process (PID=8696) to work on /home/manisha/airflow_env/lib/python3.10/site-packages/airflow/example_dags/example_bash_operator.py
[2024-06-18T11:47:39.653+0545] {processor.py:830} INFO - Processing file /home/manisha/airflow_env/lib/python3.10/site-packages/airflow/example_dags/example_bash_operator.py for tasks to queue
[2024-06-18T11:47:39.660+0545] {logging_mixin.py:188} INFO - [2024-06-18T11:47:39.658+0545] {dagbag.py:545} INFO - Filling up the DagBag from /home/manisha/airflow_env/lib/python3.10/site-packages/airflow/example_dags/example_bash_operator.py
[2024-06-18T11:47:39.689+0545] {processor.py:840} INFO - DAG(s) 'example_bash_operator' retrieved from /home/manisha/airflow_env/lib/python3.10/site-packages/airflow/example_dags/example_bash_operator.py
[2024-06-18T11:47:39.722+0545] {logging_mixin.py:188} INFO - [2024-06-18T11:47:39.722+0545] {dag.py:3096} INFO - Sync 1 DAGs
[2024-06-18T11:47:39.742+0545] {logging_mixin.py:188} INFO - [2024-06-18T11:47:39.741+0545] {dag.py:3954} INFO - Setting next_dagrun for example_bash_operator to 2024-06-17 00:00:00+00:00, run_after=2024-06-18 00:00:00+00:00
[2024-06-18T11:47:39.812+0545] {processor.py:183} INFO - Processing /home/manisha/airflow_env/lib/python3.10/site-packages/airflow/example_dags/example_bash_operator.py took 0.176 seconds
[2024-06-18T11:48:32.081+0545] {processor.py:161} INFO - Started process (PID=8778) to work on /home/manisha/airflow_env/lib/python3.10/site-packages/airflow/example_dags/example_bash_operator.py
[2024-06-18T11:48:32.087+0545] {processor.py:830} INFO - Processing file /home/manisha/airflow_env/lib/python3.10/site-packages/airflow/example_dags/example_bash_operator.py for tasks to queue
[2024-06-18T11:48:32.089+0545] {logging_mixin.py:188} INFO - [2024-06-18T11:48:32.089+0545] {dagbag.py:545} INFO - Filling up the DagBag from /home/manisha/airflow_env/lib/python3.10/site-packages/airflow/example_dags/example_bash_operator.py
[2024-06-18T11:48:32.101+0545] {processor.py:840} INFO - DAG(s) 'example_bash_operator' retrieved from /home/manisha/airflow_env/lib/python3.10/site-packages/airflow/example_dags/example_bash_operator.py
[2024-06-18T11:48:32.116+0545] {logging_mixin.py:188} INFO - [2024-06-18T11:48:32.116+0545] {dag.py:3096} INFO - Sync 1 DAGs
[2024-06-18T11:48:32.141+0545] {logging_mixin.py:188} INFO - [2024-06-18T11:48:32.141+0545] {dag.py:3954} INFO - Setting next_dagrun for example_bash_operator to 2024-06-17 00:00:00+00:00, run_after=2024-06-18 00:00:00+00:00
[2024-06-18T11:48:32.228+0545] {processor.py:183} INFO - Processing /home/manisha/airflow_env/lib/python3.10/site-packages/airflow/example_dags/example_bash_operator.py took 0.153 seconds
[2024-06-18T11:49:07.150+0545] {processor.py:161} INFO - Started process (PID=8892) to work on /home/manisha/airflow_env/lib/python3.10/site-packages/airflow/example_dags/example_bash_operator.py
[2024-06-18T11:49:07.151+0545] {processor.py:830} INFO - Processing file /home/manisha/airflow_env/lib/python3.10/site-packages/airflow/example_dags/example_bash_operator.py for tasks to queue
[2024-06-18T11:49:07.154+0545] {logging_mixin.py:188} INFO - [2024-06-18T11:49:07.153+0545] {dagbag.py:545} INFO - Filling up the DagBag from /home/manisha/airflow_env/lib/python3.10/site-packages/airflow/example_dags/example_bash_operator.py
[2024-06-18T11:49:07.168+0545] {processor.py:840} INFO - DAG(s) 'example_bash_operator' retrieved from /home/manisha/airflow_env/lib/python3.10/site-packages/airflow/example_dags/example_bash_operator.py
[2024-06-18T11:49:07.445+0545] {logging_mixin.py:188} INFO - [2024-06-18T11:49:07.445+0545] {dag.py:3096} INFO - Sync 1 DAGs
[2024-06-18T11:49:07.481+0545] {logging_mixin.py:188} INFO - [2024-06-18T11:49:07.481+0545] {dag.py:3954} INFO - Setting next_dagrun for example_bash_operator to 2024-06-17 00:00:00+00:00, run_after=2024-06-18 00:00:00+00:00
[2024-06-18T11:49:07.664+0545] {processor.py:183} INFO - Processing /home/manisha/airflow_env/lib/python3.10/site-packages/airflow/example_dags/example_bash_operator.py took 0.521 seconds
[2024-06-18T11:49:37.886+0545] {processor.py:161} INFO - Started process (PID=8957) to work on /home/manisha/airflow_env/lib/python3.10/site-packages/airflow/example_dags/example_bash_operator.py
[2024-06-18T11:49:37.905+0545] {processor.py:830} INFO - Processing file /home/manisha/airflow_env/lib/python3.10/site-packages/airflow/example_dags/example_bash_operator.py for tasks to queue
[2024-06-18T11:49:37.911+0545] {logging_mixin.py:188} INFO - [2024-06-18T11:49:37.910+0545] {dagbag.py:545} INFO - Filling up the DagBag from /home/manisha/airflow_env/lib/python3.10/site-packages/airflow/example_dags/example_bash_operator.py
[2024-06-18T11:49:37.941+0545] {processor.py:840} INFO - DAG(s) 'example_bash_operator' retrieved from /home/manisha/airflow_env/lib/python3.10/site-packages/airflow/example_dags/example_bash_operator.py
[2024-06-18T11:49:38.011+0545] {logging_mixin.py:188} INFO - [2024-06-18T11:49:38.010+0545] {dag.py:3096} INFO - Sync 1 DAGs
[2024-06-18T11:49:38.057+0545] {logging_mixin.py:188} INFO - [2024-06-18T11:49:38.057+0545] {dag.py:3954} INFO - Setting next_dagrun for example_bash_operator to 2024-06-17 00:00:00+00:00, run_after=2024-06-18 00:00:00+00:00
[2024-06-18T11:49:38.191+0545] {processor.py:183} INFO - Processing /home/manisha/airflow_env/lib/python3.10/site-packages/airflow/example_dags/example_bash_operator.py took 0.317 seconds
[2024-06-18T11:50:08.934+0545] {processor.py:161} INFO - Started process (PID=9013) to work on /home/manisha/airflow_env/lib/python3.10/site-packages/airflow/example_dags/example_bash_operator.py
[2024-06-18T11:50:08.935+0545] {processor.py:830} INFO - Processing file /home/manisha/airflow_env/lib/python3.10/site-packages/airflow/example_dags/example_bash_operator.py for tasks to queue
[2024-06-18T11:50:08.936+0545] {logging_mixin.py:188} INFO - [2024-06-18T11:50:08.936+0545] {dagbag.py:545} INFO - Filling up the DagBag from /home/manisha/airflow_env/lib/python3.10/site-packages/airflow/example_dags/example_bash_operator.py
[2024-06-18T11:50:08.950+0545] {processor.py:840} INFO - DAG(s) 'example_bash_operator' retrieved from /home/manisha/airflow_env/lib/python3.10/site-packages/airflow/example_dags/example_bash_operator.py
[2024-06-18T11:50:08.984+0545] {logging_mixin.py:188} INFO - [2024-06-18T11:50:08.983+0545] {dag.py:3096} INFO - Sync 1 DAGs
[2024-06-18T11:50:09.006+0545] {logging_mixin.py:188} INFO - [2024-06-18T11:50:09.006+0545] {dag.py:3954} INFO - Setting next_dagrun for example_bash_operator to 2024-06-17 00:00:00+00:00, run_after=2024-06-18 00:00:00+00:00
[2024-06-18T11:50:09.175+0545] {processor.py:183} INFO - Processing /home/manisha/airflow_env/lib/python3.10/site-packages/airflow/example_dags/example_bash_operator.py took 0.248 seconds
[2024-06-18T11:50:39.353+0545] {processor.py:161} INFO - Started process (PID=9072) to work on /home/manisha/airflow_env/lib/python3.10/site-packages/airflow/example_dags/example_bash_operator.py
[2024-06-18T11:50:39.354+0545] {processor.py:830} INFO - Processing file /home/manisha/airflow_env/lib/python3.10/site-packages/airflow/example_dags/example_bash_operator.py for tasks to queue
[2024-06-18T11:50:39.355+0545] {logging_mixin.py:188} INFO - [2024-06-18T11:50:39.355+0545] {dagbag.py:545} INFO - Filling up the DagBag from /home/manisha/airflow_env/lib/python3.10/site-packages/airflow/example_dags/example_bash_operator.py
[2024-06-18T11:50:39.369+0545] {processor.py:840} INFO - DAG(s) 'example_bash_operator' retrieved from /home/manisha/airflow_env/lib/python3.10/site-packages/airflow/example_dags/example_bash_operator.py
[2024-06-18T11:50:39.402+0545] {logging_mixin.py:188} INFO - [2024-06-18T11:50:39.402+0545] {dag.py:3096} INFO - Sync 1 DAGs
[2024-06-18T11:50:39.421+0545] {logging_mixin.py:188} INFO - [2024-06-18T11:50:39.421+0545] {dag.py:3954} INFO - Setting next_dagrun for example_bash_operator to 2024-06-17 00:00:00+00:00, run_after=2024-06-18 00:00:00+00:00
[2024-06-18T11:50:39.559+0545] {processor.py:183} INFO - Processing /home/manisha/airflow_env/lib/python3.10/site-packages/airflow/example_dags/example_bash_operator.py took 0.213 seconds
[2024-06-18T11:51:00.257+0545] {processor.py:161} INFO - Started process (PID=9430) to work on /home/manisha/airflow_env/lib/python3.10/site-packages/airflow/example_dags/example_bash_operator.py
[2024-06-18T11:51:00.258+0545] {processor.py:830} INFO - Processing file /home/manisha/airflow_env/lib/python3.10/site-packages/airflow/example_dags/example_bash_operator.py for tasks to queue
[2024-06-18T11:51:00.261+0545] {logging_mixin.py:188} INFO - [2024-06-18T11:51:00.259+0545] {dagbag.py:545} INFO - Filling up the DagBag from /home/manisha/airflow_env/lib/python3.10/site-packages/airflow/example_dags/example_bash_operator.py
[2024-06-18T11:51:00.278+0545] {processor.py:840} INFO - DAG(s) 'example_bash_operator' retrieved from /home/manisha/airflow_env/lib/python3.10/site-packages/airflow/example_dags/example_bash_operator.py
[2024-06-18T11:51:00.302+0545] {logging_mixin.py:188} INFO - [2024-06-18T11:51:00.302+0545] {dag.py:3096} INFO - Sync 1 DAGs
[2024-06-18T11:51:00.337+0545] {logging_mixin.py:188} INFO - [2024-06-18T11:51:00.337+0545] {dag.py:3954} INFO - Setting next_dagrun for example_bash_operator to 2024-06-17 00:00:00+00:00, run_after=2024-06-18 00:00:00+00:00
[2024-06-18T11:51:00.509+0545] {processor.py:183} INFO - Processing /home/manisha/airflow_env/lib/python3.10/site-packages/airflow/example_dags/example_bash_operator.py took 0.260 seconds
[2024-06-18T11:51:34.928+0545] {processor.py:161} INFO - Started process (PID=9699) to work on /home/manisha/airflow_env/lib/python3.10/site-packages/airflow/example_dags/example_bash_operator.py
[2024-06-18T11:51:34.950+0545] {processor.py:830} INFO - Processing file /home/manisha/airflow_env/lib/python3.10/site-packages/airflow/example_dags/example_bash_operator.py for tasks to queue
[2024-06-18T11:51:34.955+0545] {logging_mixin.py:188} INFO - [2024-06-18T11:51:34.954+0545] {dagbag.py:545} INFO - Filling up the DagBag from /home/manisha/airflow_env/lib/python3.10/site-packages/airflow/example_dags/example_bash_operator.py
[2024-06-18T11:51:34.981+0545] {processor.py:840} INFO - DAG(s) 'example_bash_operator' retrieved from /home/manisha/airflow_env/lib/python3.10/site-packages/airflow/example_dags/example_bash_operator.py
[2024-06-18T11:51:35.197+0545] {logging_mixin.py:188} INFO - [2024-06-18T11:51:35.197+0545] {dag.py:3096} INFO - Sync 1 DAGs
[2024-06-18T11:51:35.217+0545] {logging_mixin.py:188} INFO - [2024-06-18T11:51:35.217+0545] {dag.py:3954} INFO - Setting next_dagrun for example_bash_operator to 2024-06-17 00:00:00+00:00, run_after=2024-06-18 00:00:00+00:00
[2024-06-18T11:51:35.335+0545] {processor.py:183} INFO - Processing /home/manisha/airflow_env/lib/python3.10/site-packages/airflow/example_dags/example_bash_operator.py took 0.414 seconds
