[2024-06-18T10:57:54.187+0545] {processor.py:161} INFO - Started process (PID=4069) to work on /home/manisha/airflow_env/lib/python3.10/site-packages/airflow/example_dags/example_dynamic_task_mapping.py
[2024-06-18T10:57:54.188+0545] {processor.py:830} INFO - Processing file /home/manisha/airflow_env/lib/python3.10/site-packages/airflow/example_dags/example_dynamic_task_mapping.py for tasks to queue
[2024-06-18T10:57:54.190+0545] {logging_mixin.py:188} INFO - [2024-06-18T10:57:54.189+0545] {dagbag.py:545} INFO - Filling up the DagBag from /home/manisha/airflow_env/lib/python3.10/site-packages/airflow/example_dags/example_dynamic_task_mapping.py
[2024-06-18T10:57:54.196+0545] {processor.py:840} INFO - DAG(s) 'example_dynamic_task_mapping' retrieved from /home/manisha/airflow_env/lib/python3.10/site-packages/airflow/example_dags/example_dynamic_task_mapping.py
[2024-06-18T10:57:54.471+0545] {logging_mixin.py:188} INFO - [2024-06-18T10:57:54.469+0545] {override.py:1829} INFO - Created Permission View: can edit on DAG:example_dynamic_task_mapping
[2024-06-18T10:57:54.549+0545] {logging_mixin.py:188} INFO - [2024-06-18T10:57:54.547+0545] {override.py:1829} INFO - Created Permission View: can read on DAG:example_dynamic_task_mapping
[2024-06-18T10:57:54.616+0545] {logging_mixin.py:188} INFO - [2024-06-18T10:57:54.615+0545] {override.py:1829} INFO - Created Permission View: can delete on DAG:example_dynamic_task_mapping
[2024-06-18T10:57:54.618+0545] {logging_mixin.py:188} INFO - [2024-06-18T10:57:54.617+0545] {dag.py:3096} INFO - Sync 1 DAGs
[2024-06-18T10:57:54.750+0545] {logging_mixin.py:188} INFO - [2024-06-18T10:57:54.750+0545] {dag.py:3118} INFO - Creating ORM DAG for example_dynamic_task_mapping
[2024-06-18T10:57:54.762+0545] {logging_mixin.py:188} INFO - [2024-06-18T10:57:54.761+0545] {dag.py:3954} INFO - Setting next_dagrun for example_dynamic_task_mapping to 2022-03-04 00:00:00+00:00, run_after=2022-03-05 00:00:00+00:00
[2024-06-18T10:57:54.880+0545] {processor.py:183} INFO - Processing /home/manisha/airflow_env/lib/python3.10/site-packages/airflow/example_dags/example_dynamic_task_mapping.py took 0.698 seconds
[2024-06-18T10:59:07.787+0545] {processor.py:161} INFO - Started process (PID=4190) to work on /home/manisha/airflow_env/lib/python3.10/site-packages/airflow/example_dags/example_dynamic_task_mapping.py
[2024-06-18T10:59:07.820+0545] {processor.py:830} INFO - Processing file /home/manisha/airflow_env/lib/python3.10/site-packages/airflow/example_dags/example_dynamic_task_mapping.py for tasks to queue
[2024-06-18T10:59:07.826+0545] {logging_mixin.py:188} INFO - [2024-06-18T10:59:07.825+0545] {dagbag.py:545} INFO - Filling up the DagBag from /home/manisha/airflow_env/lib/python3.10/site-packages/airflow/example_dags/example_dynamic_task_mapping.py
[2024-06-18T10:59:07.848+0545] {processor.py:840} INFO - DAG(s) 'example_dynamic_task_mapping' retrieved from /home/manisha/airflow_env/lib/python3.10/site-packages/airflow/example_dags/example_dynamic_task_mapping.py
[2024-06-18T10:59:07.869+0545] {logging_mixin.py:188} INFO - [2024-06-18T10:59:07.869+0545] {dag.py:3096} INFO - Sync 1 DAGs
[2024-06-18T10:59:07.888+0545] {logging_mixin.py:188} INFO - [2024-06-18T10:59:07.887+0545] {dag.py:3954} INFO - Setting next_dagrun for example_dynamic_task_mapping to 2022-03-04 00:00:00+00:00, run_after=2022-03-05 00:00:00+00:00
[2024-06-18T10:59:08.083+0545] {processor.py:183} INFO - Processing /home/manisha/airflow_env/lib/python3.10/site-packages/airflow/example_dags/example_dynamic_task_mapping.py took 0.303 seconds
[2024-06-18T11:00:11.911+0545] {processor.py:161} INFO - Started process (PID=4245) to work on /home/manisha/airflow_env/lib/python3.10/site-packages/airflow/example_dags/example_dynamic_task_mapping.py
[2024-06-18T11:00:11.946+0545] {processor.py:830} INFO - Processing file /home/manisha/airflow_env/lib/python3.10/site-packages/airflow/example_dags/example_dynamic_task_mapping.py for tasks to queue
[2024-06-18T11:00:11.952+0545] {logging_mixin.py:188} INFO - [2024-06-18T11:00:11.951+0545] {dagbag.py:545} INFO - Filling up the DagBag from /home/manisha/airflow_env/lib/python3.10/site-packages/airflow/example_dags/example_dynamic_task_mapping.py
[2024-06-18T11:00:11.975+0545] {processor.py:840} INFO - DAG(s) 'example_dynamic_task_mapping' retrieved from /home/manisha/airflow_env/lib/python3.10/site-packages/airflow/example_dags/example_dynamic_task_mapping.py
[2024-06-18T11:00:11.997+0545] {logging_mixin.py:188} INFO - [2024-06-18T11:00:11.997+0545] {dag.py:3096} INFO - Sync 1 DAGs
[2024-06-18T11:00:12.015+0545] {logging_mixin.py:188} INFO - [2024-06-18T11:00:12.015+0545] {dag.py:3954} INFO - Setting next_dagrun for example_dynamic_task_mapping to 2022-03-04 00:00:00+00:00, run_after=2022-03-05 00:00:00+00:00
[2024-06-18T11:00:12.129+0545] {processor.py:183} INFO - Processing /home/manisha/airflow_env/lib/python3.10/site-packages/airflow/example_dags/example_dynamic_task_mapping.py took 0.225 seconds
[2024-06-18T11:01:12.607+0545] {processor.py:161} INFO - Started process (PID=4387) to work on /home/manisha/airflow_env/lib/python3.10/site-packages/airflow/example_dags/example_dynamic_task_mapping.py
[2024-06-18T11:01:12.647+0545] {processor.py:830} INFO - Processing file /home/manisha/airflow_env/lib/python3.10/site-packages/airflow/example_dags/example_dynamic_task_mapping.py for tasks to queue
[2024-06-18T11:01:12.653+0545] {logging_mixin.py:188} INFO - [2024-06-18T11:01:12.651+0545] {dagbag.py:545} INFO - Filling up the DagBag from /home/manisha/airflow_env/lib/python3.10/site-packages/airflow/example_dags/example_dynamic_task_mapping.py
[2024-06-18T11:01:12.675+0545] {processor.py:840} INFO - DAG(s) 'example_dynamic_task_mapping' retrieved from /home/manisha/airflow_env/lib/python3.10/site-packages/airflow/example_dags/example_dynamic_task_mapping.py
[2024-06-18T11:01:12.698+0545] {logging_mixin.py:188} INFO - [2024-06-18T11:01:12.698+0545] {dag.py:3096} INFO - Sync 1 DAGs
[2024-06-18T11:01:12.717+0545] {logging_mixin.py:188} INFO - [2024-06-18T11:01:12.716+0545] {dag.py:3954} INFO - Setting next_dagrun for example_dynamic_task_mapping to 2022-03-04 00:00:00+00:00, run_after=2022-03-05 00:00:00+00:00
[2024-06-18T11:01:12.818+0545] {processor.py:183} INFO - Processing /home/manisha/airflow_env/lib/python3.10/site-packages/airflow/example_dags/example_dynamic_task_mapping.py took 0.217 seconds
[2024-06-18T11:02:15.011+0545] {processor.py:161} INFO - Started process (PID=4439) to work on /home/manisha/airflow_env/lib/python3.10/site-packages/airflow/example_dags/example_dynamic_task_mapping.py
[2024-06-18T11:02:15.047+0545] {processor.py:830} INFO - Processing file /home/manisha/airflow_env/lib/python3.10/site-packages/airflow/example_dags/example_dynamic_task_mapping.py for tasks to queue
[2024-06-18T11:02:15.052+0545] {logging_mixin.py:188} INFO - [2024-06-18T11:02:15.051+0545] {dagbag.py:545} INFO - Filling up the DagBag from /home/manisha/airflow_env/lib/python3.10/site-packages/airflow/example_dags/example_dynamic_task_mapping.py
[2024-06-18T11:02:15.074+0545] {processor.py:840} INFO - DAG(s) 'example_dynamic_task_mapping' retrieved from /home/manisha/airflow_env/lib/python3.10/site-packages/airflow/example_dags/example_dynamic_task_mapping.py
[2024-06-18T11:02:15.096+0545] {logging_mixin.py:188} INFO - [2024-06-18T11:02:15.095+0545] {dag.py:3096} INFO - Sync 1 DAGs
[2024-06-18T11:02:15.114+0545] {logging_mixin.py:188} INFO - [2024-06-18T11:02:15.114+0545] {dag.py:3954} INFO - Setting next_dagrun for example_dynamic_task_mapping to 2022-03-04 00:00:00+00:00, run_after=2022-03-05 00:00:00+00:00
[2024-06-18T11:02:15.221+0545] {processor.py:183} INFO - Processing /home/manisha/airflow_env/lib/python3.10/site-packages/airflow/example_dags/example_dynamic_task_mapping.py took 0.217 seconds
[2024-06-18T11:03:12.780+0545] {processor.py:161} INFO - Started process (PID=4493) to work on /home/manisha/airflow_env/lib/python3.10/site-packages/airflow/example_dags/example_dynamic_task_mapping.py
[2024-06-18T11:03:12.818+0545] {processor.py:830} INFO - Processing file /home/manisha/airflow_env/lib/python3.10/site-packages/airflow/example_dags/example_dynamic_task_mapping.py for tasks to queue
[2024-06-18T11:03:12.821+0545] {logging_mixin.py:188} INFO - [2024-06-18T11:03:12.820+0545] {dagbag.py:545} INFO - Filling up the DagBag from /home/manisha/airflow_env/lib/python3.10/site-packages/airflow/example_dags/example_dynamic_task_mapping.py
[2024-06-18T11:03:12.835+0545] {processor.py:840} INFO - DAG(s) 'example_dynamic_task_mapping' retrieved from /home/manisha/airflow_env/lib/python3.10/site-packages/airflow/example_dags/example_dynamic_task_mapping.py
[2024-06-18T11:03:12.861+0545] {logging_mixin.py:188} INFO - [2024-06-18T11:03:12.860+0545] {dag.py:3096} INFO - Sync 1 DAGs
[2024-06-18T11:03:12.881+0545] {logging_mixin.py:188} INFO - [2024-06-18T11:03:12.881+0545] {dag.py:3954} INFO - Setting next_dagrun for example_dynamic_task_mapping to 2022-03-04 00:00:00+00:00, run_after=2022-03-05 00:00:00+00:00
[2024-06-18T11:03:12.978+0545] {processor.py:183} INFO - Processing /home/manisha/airflow_env/lib/python3.10/site-packages/airflow/example_dags/example_dynamic_task_mapping.py took 0.204 seconds
[2024-06-18T11:04:14.088+0545] {processor.py:161} INFO - Started process (PID=4546) to work on /home/manisha/airflow_env/lib/python3.10/site-packages/airflow/example_dags/example_dynamic_task_mapping.py
[2024-06-18T11:04:14.121+0545] {processor.py:830} INFO - Processing file /home/manisha/airflow_env/lib/python3.10/site-packages/airflow/example_dags/example_dynamic_task_mapping.py for tasks to queue
[2024-06-18T11:04:14.126+0545] {logging_mixin.py:188} INFO - [2024-06-18T11:04:14.125+0545] {dagbag.py:545} INFO - Filling up the DagBag from /home/manisha/airflow_env/lib/python3.10/site-packages/airflow/example_dags/example_dynamic_task_mapping.py
[2024-06-18T11:04:14.148+0545] {processor.py:840} INFO - DAG(s) 'example_dynamic_task_mapping' retrieved from /home/manisha/airflow_env/lib/python3.10/site-packages/airflow/example_dags/example_dynamic_task_mapping.py
[2024-06-18T11:04:14.172+0545] {logging_mixin.py:188} INFO - [2024-06-18T11:04:14.171+0545] {dag.py:3096} INFO - Sync 1 DAGs
[2024-06-18T11:04:14.190+0545] {logging_mixin.py:188} INFO - [2024-06-18T11:04:14.189+0545] {dag.py:3954} INFO - Setting next_dagrun for example_dynamic_task_mapping to 2022-03-04 00:00:00+00:00, run_after=2022-03-05 00:00:00+00:00
[2024-06-18T11:04:14.287+0545] {processor.py:183} INFO - Processing /home/manisha/airflow_env/lib/python3.10/site-packages/airflow/example_dags/example_dynamic_task_mapping.py took 0.205 seconds
[2024-06-18T11:05:49.885+0545] {processor.py:161} INFO - Started process (PID=4752) to work on /home/manisha/airflow_env/lib/python3.10/site-packages/airflow/example_dags/example_dynamic_task_mapping.py
[2024-06-18T11:05:49.979+0545] {processor.py:830} INFO - Processing file /home/manisha/airflow_env/lib/python3.10/site-packages/airflow/example_dags/example_dynamic_task_mapping.py for tasks to queue
[2024-06-18T11:05:49.981+0545] {logging_mixin.py:188} INFO - [2024-06-18T11:05:49.980+0545] {dagbag.py:545} INFO - Filling up the DagBag from /home/manisha/airflow_env/lib/python3.10/site-packages/airflow/example_dags/example_dynamic_task_mapping.py
[2024-06-18T11:05:49.986+0545] {processor.py:840} INFO - DAG(s) 'example_dynamic_task_mapping' retrieved from /home/manisha/airflow_env/lib/python3.10/site-packages/airflow/example_dags/example_dynamic_task_mapping.py
[2024-06-18T11:05:50.068+0545] {logging_mixin.py:188} INFO - [2024-06-18T11:05:50.067+0545] {dag.py:3096} INFO - Sync 1 DAGs
[2024-06-18T11:05:50.465+0545] {logging_mixin.py:188} INFO - [2024-06-18T11:05:50.465+0545] {dag.py:3954} INFO - Setting next_dagrun for example_dynamic_task_mapping to 2022-03-04 00:00:00+00:00, run_after=2022-03-05 00:00:00+00:00
[2024-06-18T11:05:50.541+0545] {processor.py:183} INFO - Processing /home/manisha/airflow_env/lib/python3.10/site-packages/airflow/example_dags/example_dynamic_task_mapping.py took 0.660 seconds
[2024-06-18T11:06:58.991+0545] {processor.py:161} INFO - Started process (PID=4913) to work on /home/manisha/airflow_env/lib/python3.10/site-packages/airflow/example_dags/example_dynamic_task_mapping.py
[2024-06-18T11:06:59.062+0545] {processor.py:830} INFO - Processing file /home/manisha/airflow_env/lib/python3.10/site-packages/airflow/example_dags/example_dynamic_task_mapping.py for tasks to queue
[2024-06-18T11:06:59.068+0545] {logging_mixin.py:188} INFO - [2024-06-18T11:06:59.067+0545] {dagbag.py:545} INFO - Filling up the DagBag from /home/manisha/airflow_env/lib/python3.10/site-packages/airflow/example_dags/example_dynamic_task_mapping.py
[2024-06-18T11:06:59.091+0545] {processor.py:840} INFO - DAG(s) 'example_dynamic_task_mapping' retrieved from /home/manisha/airflow_env/lib/python3.10/site-packages/airflow/example_dags/example_dynamic_task_mapping.py
[2024-06-18T11:06:59.113+0545] {logging_mixin.py:188} INFO - [2024-06-18T11:06:59.112+0545] {dag.py:3096} INFO - Sync 1 DAGs
[2024-06-18T11:06:59.131+0545] {logging_mixin.py:188} INFO - [2024-06-18T11:06:59.131+0545] {dag.py:3954} INFO - Setting next_dagrun for example_dynamic_task_mapping to 2022-03-04 00:00:00+00:00, run_after=2022-03-05 00:00:00+00:00
[2024-06-18T11:06:59.204+0545] {processor.py:183} INFO - Processing /home/manisha/airflow_env/lib/python3.10/site-packages/airflow/example_dags/example_dynamic_task_mapping.py took 0.220 seconds
[2024-06-18T11:07:55.913+0545] {processor.py:161} INFO - Started process (PID=4966) to work on /home/manisha/airflow_env/lib/python3.10/site-packages/airflow/example_dags/example_dynamic_task_mapping.py
[2024-06-18T11:07:55.954+0545] {processor.py:830} INFO - Processing file /home/manisha/airflow_env/lib/python3.10/site-packages/airflow/example_dags/example_dynamic_task_mapping.py for tasks to queue
[2024-06-18T11:07:55.958+0545] {logging_mixin.py:188} INFO - [2024-06-18T11:07:55.957+0545] {dagbag.py:545} INFO - Filling up the DagBag from /home/manisha/airflow_env/lib/python3.10/site-packages/airflow/example_dags/example_dynamic_task_mapping.py
[2024-06-18T11:07:55.980+0545] {processor.py:840} INFO - DAG(s) 'example_dynamic_task_mapping' retrieved from /home/manisha/airflow_env/lib/python3.10/site-packages/airflow/example_dags/example_dynamic_task_mapping.py
[2024-06-18T11:07:56.002+0545] {logging_mixin.py:188} INFO - [2024-06-18T11:07:56.002+0545] {dag.py:3096} INFO - Sync 1 DAGs
[2024-06-18T11:07:56.020+0545] {logging_mixin.py:188} INFO - [2024-06-18T11:07:56.020+0545] {dag.py:3954} INFO - Setting next_dagrun for example_dynamic_task_mapping to 2022-03-04 00:00:00+00:00, run_after=2022-03-05 00:00:00+00:00
[2024-06-18T11:07:56.082+0545] {processor.py:183} INFO - Processing /home/manisha/airflow_env/lib/python3.10/site-packages/airflow/example_dags/example_dynamic_task_mapping.py took 0.175 seconds
[2024-06-18T11:08:55.093+0545] {processor.py:161} INFO - Started process (PID=5608) to work on /home/manisha/airflow_env/lib/python3.10/site-packages/airflow/example_dags/example_dynamic_task_mapping.py
[2024-06-18T11:08:55.098+0545] {processor.py:830} INFO - Processing file /home/manisha/airflow_env/lib/python3.10/site-packages/airflow/example_dags/example_dynamic_task_mapping.py for tasks to queue
[2024-06-18T11:08:55.099+0545] {logging_mixin.py:188} INFO - [2024-06-18T11:08:55.099+0545] {dagbag.py:545} INFO - Filling up the DagBag from /home/manisha/airflow_env/lib/python3.10/site-packages/airflow/example_dags/example_dynamic_task_mapping.py
[2024-06-18T11:08:55.104+0545] {processor.py:840} INFO - DAG(s) 'example_dynamic_task_mapping' retrieved from /home/manisha/airflow_env/lib/python3.10/site-packages/airflow/example_dags/example_dynamic_task_mapping.py
[2024-06-18T11:08:55.120+0545] {logging_mixin.py:188} INFO - [2024-06-18T11:08:55.119+0545] {dag.py:3096} INFO - Sync 1 DAGs
[2024-06-18T11:08:55.146+0545] {logging_mixin.py:188} INFO - [2024-06-18T11:08:55.145+0545] {dag.py:3954} INFO - Setting next_dagrun for example_dynamic_task_mapping to 2022-03-04 00:00:00+00:00, run_after=2022-03-05 00:00:00+00:00
[2024-06-18T11:08:55.236+0545] {processor.py:183} INFO - Processing /home/manisha/airflow_env/lib/python3.10/site-packages/airflow/example_dags/example_dynamic_task_mapping.py took 0.148 seconds
[2024-06-18T11:09:55.572+0545] {processor.py:161} INFO - Started process (PID=5667) to work on /home/manisha/airflow_env/lib/python3.10/site-packages/airflow/example_dags/example_dynamic_task_mapping.py
[2024-06-18T11:09:55.612+0545] {processor.py:830} INFO - Processing file /home/manisha/airflow_env/lib/python3.10/site-packages/airflow/example_dags/example_dynamic_task_mapping.py for tasks to queue
[2024-06-18T11:09:55.617+0545] {logging_mixin.py:188} INFO - [2024-06-18T11:09:55.616+0545] {dagbag.py:545} INFO - Filling up the DagBag from /home/manisha/airflow_env/lib/python3.10/site-packages/airflow/example_dags/example_dynamic_task_mapping.py
[2024-06-18T11:09:55.638+0545] {processor.py:840} INFO - DAG(s) 'example_dynamic_task_mapping' retrieved from /home/manisha/airflow_env/lib/python3.10/site-packages/airflow/example_dags/example_dynamic_task_mapping.py
[2024-06-18T11:09:55.659+0545] {logging_mixin.py:188} INFO - [2024-06-18T11:09:55.659+0545] {dag.py:3096} INFO - Sync 1 DAGs
[2024-06-18T11:09:55.678+0545] {logging_mixin.py:188} INFO - [2024-06-18T11:09:55.677+0545] {dag.py:3954} INFO - Setting next_dagrun for example_dynamic_task_mapping to 2022-03-04 00:00:00+00:00, run_after=2022-03-05 00:00:00+00:00
[2024-06-18T11:09:55.740+0545] {processor.py:183} INFO - Processing /home/manisha/airflow_env/lib/python3.10/site-packages/airflow/example_dags/example_dynamic_task_mapping.py took 0.175 seconds
[2024-06-18T11:44:03.718+0545] {processor.py:161} INFO - Started process (PID=8344) to work on /home/manisha/airflow_env/lib/python3.10/site-packages/airflow/example_dags/example_dynamic_task_mapping.py
[2024-06-18T11:44:03.730+0545] {processor.py:830} INFO - Processing file /home/manisha/airflow_env/lib/python3.10/site-packages/airflow/example_dags/example_dynamic_task_mapping.py for tasks to queue
[2024-06-18T11:44:03.731+0545] {logging_mixin.py:188} INFO - [2024-06-18T11:44:03.731+0545] {dagbag.py:545} INFO - Filling up the DagBag from /home/manisha/airflow_env/lib/python3.10/site-packages/airflow/example_dags/example_dynamic_task_mapping.py
[2024-06-18T11:44:03.738+0545] {processor.py:840} INFO - DAG(s) 'example_dynamic_task_mapping' retrieved from /home/manisha/airflow_env/lib/python3.10/site-packages/airflow/example_dags/example_dynamic_task_mapping.py
[2024-06-18T11:44:03.753+0545] {logging_mixin.py:188} INFO - [2024-06-18T11:44:03.752+0545] {dag.py:3096} INFO - Sync 1 DAGs
[2024-06-18T11:44:03.774+0545] {logging_mixin.py:188} INFO - [2024-06-18T11:44:03.774+0545] {dag.py:3954} INFO - Setting next_dagrun for example_dynamic_task_mapping to 2022-03-04 00:00:00+00:00, run_after=2022-03-05 00:00:00+00:00
[2024-06-18T11:44:03.921+0545] {processor.py:183} INFO - Processing /home/manisha/airflow_env/lib/python3.10/site-packages/airflow/example_dags/example_dynamic_task_mapping.py took 0.208 seconds
[2024-06-18T11:44:39.277+0545] {processor.py:161} INFO - Started process (PID=8399) to work on /home/manisha/airflow_env/lib/python3.10/site-packages/airflow/example_dags/example_dynamic_task_mapping.py
[2024-06-18T11:44:39.292+0545] {processor.py:830} INFO - Processing file /home/manisha/airflow_env/lib/python3.10/site-packages/airflow/example_dags/example_dynamic_task_mapping.py for tasks to queue
[2024-06-18T11:44:39.294+0545] {logging_mixin.py:188} INFO - [2024-06-18T11:44:39.294+0545] {dagbag.py:545} INFO - Filling up the DagBag from /home/manisha/airflow_env/lib/python3.10/site-packages/airflow/example_dags/example_dynamic_task_mapping.py
[2024-06-18T11:44:39.301+0545] {processor.py:840} INFO - DAG(s) 'example_dynamic_task_mapping' retrieved from /home/manisha/airflow_env/lib/python3.10/site-packages/airflow/example_dags/example_dynamic_task_mapping.py
[2024-06-18T11:44:39.494+0545] {logging_mixin.py:188} INFO - [2024-06-18T11:44:39.494+0545] {dag.py:3096} INFO - Sync 1 DAGs
[2024-06-18T11:44:39.511+0545] {logging_mixin.py:188} INFO - [2024-06-18T11:44:39.510+0545] {dag.py:3954} INFO - Setting next_dagrun for example_dynamic_task_mapping to 2022-03-04 00:00:00+00:00, run_after=2022-03-05 00:00:00+00:00
[2024-06-18T11:44:39.600+0545] {processor.py:183} INFO - Processing /home/manisha/airflow_env/lib/python3.10/site-packages/airflow/example_dags/example_dynamic_task_mapping.py took 0.329 seconds
[2024-06-18T11:45:10.062+0545] {processor.py:161} INFO - Started process (PID=8453) to work on /home/manisha/airflow_env/lib/python3.10/site-packages/airflow/example_dags/example_dynamic_task_mapping.py
[2024-06-18T11:45:10.063+0545] {processor.py:830} INFO - Processing file /home/manisha/airflow_env/lib/python3.10/site-packages/airflow/example_dags/example_dynamic_task_mapping.py for tasks to queue
[2024-06-18T11:45:10.064+0545] {logging_mixin.py:188} INFO - [2024-06-18T11:45:10.064+0545] {dagbag.py:545} INFO - Filling up the DagBag from /home/manisha/airflow_env/lib/python3.10/site-packages/airflow/example_dags/example_dynamic_task_mapping.py
[2024-06-18T11:45:10.070+0545] {processor.py:840} INFO - DAG(s) 'example_dynamic_task_mapping' retrieved from /home/manisha/airflow_env/lib/python3.10/site-packages/airflow/example_dags/example_dynamic_task_mapping.py
[2024-06-18T11:45:10.091+0545] {logging_mixin.py:188} INFO - [2024-06-18T11:45:10.090+0545] {dag.py:3096} INFO - Sync 1 DAGs
[2024-06-18T11:45:10.109+0545] {logging_mixin.py:188} INFO - [2024-06-18T11:45:10.108+0545] {dag.py:3954} INFO - Setting next_dagrun for example_dynamic_task_mapping to 2022-03-04 00:00:00+00:00, run_after=2022-03-05 00:00:00+00:00
[2024-06-18T11:45:10.197+0545] {processor.py:183} INFO - Processing /home/manisha/airflow_env/lib/python3.10/site-packages/airflow/example_dags/example_dynamic_task_mapping.py took 0.140 seconds
[2024-06-18T11:45:41.027+0545] {processor.py:161} INFO - Started process (PID=8505) to work on /home/manisha/airflow_env/lib/python3.10/site-packages/airflow/example_dags/example_dynamic_task_mapping.py
[2024-06-18T11:45:41.041+0545] {processor.py:830} INFO - Processing file /home/manisha/airflow_env/lib/python3.10/site-packages/airflow/example_dags/example_dynamic_task_mapping.py for tasks to queue
[2024-06-18T11:45:41.042+0545] {logging_mixin.py:188} INFO - [2024-06-18T11:45:41.042+0545] {dagbag.py:545} INFO - Filling up the DagBag from /home/manisha/airflow_env/lib/python3.10/site-packages/airflow/example_dags/example_dynamic_task_mapping.py
[2024-06-18T11:45:41.048+0545] {processor.py:840} INFO - DAG(s) 'example_dynamic_task_mapping' retrieved from /home/manisha/airflow_env/lib/python3.10/site-packages/airflow/example_dags/example_dynamic_task_mapping.py
[2024-06-18T11:45:41.069+0545] {logging_mixin.py:188} INFO - [2024-06-18T11:45:41.069+0545] {dag.py:3096} INFO - Sync 1 DAGs
[2024-06-18T11:45:41.088+0545] {logging_mixin.py:188} INFO - [2024-06-18T11:45:41.088+0545] {dag.py:3954} INFO - Setting next_dagrun for example_dynamic_task_mapping to 2022-03-04 00:00:00+00:00, run_after=2022-03-05 00:00:00+00:00
[2024-06-18T11:45:41.146+0545] {processor.py:183} INFO - Processing /home/manisha/airflow_env/lib/python3.10/site-packages/airflow/example_dags/example_dynamic_task_mapping.py took 0.124 seconds
[2024-06-18T11:46:11.686+0545] {processor.py:161} INFO - Started process (PID=8557) to work on /home/manisha/airflow_env/lib/python3.10/site-packages/airflow/example_dags/example_dynamic_task_mapping.py
[2024-06-18T11:46:11.686+0545] {processor.py:830} INFO - Processing file /home/manisha/airflow_env/lib/python3.10/site-packages/airflow/example_dags/example_dynamic_task_mapping.py for tasks to queue
[2024-06-18T11:46:11.687+0545] {logging_mixin.py:188} INFO - [2024-06-18T11:46:11.687+0545] {dagbag.py:545} INFO - Filling up the DagBag from /home/manisha/airflow_env/lib/python3.10/site-packages/airflow/example_dags/example_dynamic_task_mapping.py
[2024-06-18T11:46:11.692+0545] {processor.py:840} INFO - DAG(s) 'example_dynamic_task_mapping' retrieved from /home/manisha/airflow_env/lib/python3.10/site-packages/airflow/example_dags/example_dynamic_task_mapping.py
[2024-06-18T11:46:11.711+0545] {logging_mixin.py:188} INFO - [2024-06-18T11:46:11.711+0545] {dag.py:3096} INFO - Sync 1 DAGs
[2024-06-18T11:46:11.728+0545] {logging_mixin.py:188} INFO - [2024-06-18T11:46:11.728+0545] {dag.py:3954} INFO - Setting next_dagrun for example_dynamic_task_mapping to 2022-03-04 00:00:00+00:00, run_after=2022-03-05 00:00:00+00:00
[2024-06-18T11:46:11.850+0545] {processor.py:183} INFO - Processing /home/manisha/airflow_env/lib/python3.10/site-packages/airflow/example_dags/example_dynamic_task_mapping.py took 0.169 seconds
[2024-06-18T11:46:42.289+0545] {processor.py:161} INFO - Started process (PID=8608) to work on /home/manisha/airflow_env/lib/python3.10/site-packages/airflow/example_dags/example_dynamic_task_mapping.py
[2024-06-18T11:46:42.307+0545] {processor.py:830} INFO - Processing file /home/manisha/airflow_env/lib/python3.10/site-packages/airflow/example_dags/example_dynamic_task_mapping.py for tasks to queue
[2024-06-18T11:46:42.308+0545] {logging_mixin.py:188} INFO - [2024-06-18T11:46:42.308+0545] {dagbag.py:545} INFO - Filling up the DagBag from /home/manisha/airflow_env/lib/python3.10/site-packages/airflow/example_dags/example_dynamic_task_mapping.py
[2024-06-18T11:46:42.314+0545] {processor.py:840} INFO - DAG(s) 'example_dynamic_task_mapping' retrieved from /home/manisha/airflow_env/lib/python3.10/site-packages/airflow/example_dags/example_dynamic_task_mapping.py
[2024-06-18T11:46:42.336+0545] {logging_mixin.py:188} INFO - [2024-06-18T11:46:42.336+0545] {dag.py:3096} INFO - Sync 1 DAGs
[2024-06-18T11:46:42.356+0545] {logging_mixin.py:188} INFO - [2024-06-18T11:46:42.356+0545] {dag.py:3954} INFO - Setting next_dagrun for example_dynamic_task_mapping to 2022-03-04 00:00:00+00:00, run_after=2022-03-05 00:00:00+00:00
[2024-06-18T11:46:42.416+0545] {processor.py:183} INFO - Processing /home/manisha/airflow_env/lib/python3.10/site-packages/airflow/example_dags/example_dynamic_task_mapping.py took 0.132 seconds
[2024-06-18T11:47:12.831+0545] {processor.py:161} INFO - Started process (PID=8659) to work on /home/manisha/airflow_env/lib/python3.10/site-packages/airflow/example_dags/example_dynamic_task_mapping.py
[2024-06-18T11:47:12.831+0545] {processor.py:830} INFO - Processing file /home/manisha/airflow_env/lib/python3.10/site-packages/airflow/example_dags/example_dynamic_task_mapping.py for tasks to queue
[2024-06-18T11:47:12.832+0545] {logging_mixin.py:188} INFO - [2024-06-18T11:47:12.832+0545] {dagbag.py:545} INFO - Filling up the DagBag from /home/manisha/airflow_env/lib/python3.10/site-packages/airflow/example_dags/example_dynamic_task_mapping.py
[2024-06-18T11:47:12.838+0545] {processor.py:840} INFO - DAG(s) 'example_dynamic_task_mapping' retrieved from /home/manisha/airflow_env/lib/python3.10/site-packages/airflow/example_dags/example_dynamic_task_mapping.py
[2024-06-18T11:47:12.859+0545] {logging_mixin.py:188} INFO - [2024-06-18T11:47:12.858+0545] {dag.py:3096} INFO - Sync 1 DAGs
[2024-06-18T11:47:12.878+0545] {logging_mixin.py:188} INFO - [2024-06-18T11:47:12.878+0545] {dag.py:3954} INFO - Setting next_dagrun for example_dynamic_task_mapping to 2022-03-04 00:00:00+00:00, run_after=2022-03-05 00:00:00+00:00
[2024-06-18T11:47:12.960+0545] {processor.py:183} INFO - Processing /home/manisha/airflow_env/lib/python3.10/site-packages/airflow/example_dags/example_dynamic_task_mapping.py took 0.135 seconds
[2024-06-18T11:47:43.152+0545] {processor.py:161} INFO - Started process (PID=8711) to work on /home/manisha/airflow_env/lib/python3.10/site-packages/airflow/example_dags/example_dynamic_task_mapping.py
[2024-06-18T11:47:43.160+0545] {processor.py:830} INFO - Processing file /home/manisha/airflow_env/lib/python3.10/site-packages/airflow/example_dags/example_dynamic_task_mapping.py for tasks to queue
[2024-06-18T11:47:43.164+0545] {logging_mixin.py:188} INFO - [2024-06-18T11:47:43.163+0545] {dagbag.py:545} INFO - Filling up the DagBag from /home/manisha/airflow_env/lib/python3.10/site-packages/airflow/example_dags/example_dynamic_task_mapping.py
[2024-06-18T11:47:43.177+0545] {processor.py:840} INFO - DAG(s) 'example_dynamic_task_mapping' retrieved from /home/manisha/airflow_env/lib/python3.10/site-packages/airflow/example_dags/example_dynamic_task_mapping.py
[2024-06-18T11:47:43.201+0545] {logging_mixin.py:188} INFO - [2024-06-18T11:47:43.201+0545] {dag.py:3096} INFO - Sync 1 DAGs
[2024-06-18T11:47:43.222+0545] {logging_mixin.py:188} INFO - [2024-06-18T11:47:43.222+0545] {dag.py:3954} INFO - Setting next_dagrun for example_dynamic_task_mapping to 2022-03-04 00:00:00+00:00, run_after=2022-03-05 00:00:00+00:00
[2024-06-18T11:47:43.291+0545] {processor.py:183} INFO - Processing /home/manisha/airflow_env/lib/python3.10/site-packages/airflow/example_dags/example_dynamic_task_mapping.py took 0.144 seconds
[2024-06-18T11:48:33.445+0545] {processor.py:161} INFO - Started process (PID=8796) to work on /home/manisha/airflow_env/lib/python3.10/site-packages/airflow/example_dags/example_dynamic_task_mapping.py
[2024-06-18T11:48:33.455+0545] {processor.py:830} INFO - Processing file /home/manisha/airflow_env/lib/python3.10/site-packages/airflow/example_dags/example_dynamic_task_mapping.py for tasks to queue
[2024-06-18T11:48:33.457+0545] {logging_mixin.py:188} INFO - [2024-06-18T11:48:33.457+0545] {dagbag.py:545} INFO - Filling up the DagBag from /home/manisha/airflow_env/lib/python3.10/site-packages/airflow/example_dags/example_dynamic_task_mapping.py
[2024-06-18T11:48:33.463+0545] {processor.py:840} INFO - DAG(s) 'example_dynamic_task_mapping' retrieved from /home/manisha/airflow_env/lib/python3.10/site-packages/airflow/example_dags/example_dynamic_task_mapping.py
[2024-06-18T11:48:33.476+0545] {logging_mixin.py:188} INFO - [2024-06-18T11:48:33.475+0545] {dag.py:3096} INFO - Sync 1 DAGs
[2024-06-18T11:48:33.495+0545] {logging_mixin.py:188} INFO - [2024-06-18T11:48:33.495+0545] {dag.py:3954} INFO - Setting next_dagrun for example_dynamic_task_mapping to 2022-03-04 00:00:00+00:00, run_after=2022-03-05 00:00:00+00:00
[2024-06-18T11:48:33.592+0545] {processor.py:183} INFO - Processing /home/manisha/airflow_env/lib/python3.10/site-packages/airflow/example_dags/example_dynamic_task_mapping.py took 0.152 seconds
[2024-06-18T11:49:12.269+0545] {processor.py:161} INFO - Started process (PID=8909) to work on /home/manisha/airflow_env/lib/python3.10/site-packages/airflow/example_dags/example_dynamic_task_mapping.py
[2024-06-18T11:49:12.295+0545] {processor.py:830} INFO - Processing file /home/manisha/airflow_env/lib/python3.10/site-packages/airflow/example_dags/example_dynamic_task_mapping.py for tasks to queue
[2024-06-18T11:49:12.296+0545] {logging_mixin.py:188} INFO - [2024-06-18T11:49:12.296+0545] {dagbag.py:545} INFO - Filling up the DagBag from /home/manisha/airflow_env/lib/python3.10/site-packages/airflow/example_dags/example_dynamic_task_mapping.py
[2024-06-18T11:49:12.306+0545] {processor.py:840} INFO - DAG(s) 'example_dynamic_task_mapping' retrieved from /home/manisha/airflow_env/lib/python3.10/site-packages/airflow/example_dags/example_dynamic_task_mapping.py
[2024-06-18T11:49:12.511+0545] {logging_mixin.py:188} INFO - [2024-06-18T11:49:12.511+0545] {dag.py:3096} INFO - Sync 1 DAGs
[2024-06-18T11:49:12.531+0545] {logging_mixin.py:188} INFO - [2024-06-18T11:49:12.530+0545] {dag.py:3954} INFO - Setting next_dagrun for example_dynamic_task_mapping to 2022-03-04 00:00:00+00:00, run_after=2022-03-05 00:00:00+00:00
[2024-06-18T11:49:12.629+0545] {processor.py:183} INFO - Processing /home/manisha/airflow_env/lib/python3.10/site-packages/airflow/example_dags/example_dynamic_task_mapping.py took 0.366 seconds
[2024-06-18T11:49:42.732+0545] {processor.py:161} INFO - Started process (PID=8974) to work on /home/manisha/airflow_env/lib/python3.10/site-packages/airflow/example_dags/example_dynamic_task_mapping.py
[2024-06-18T11:49:42.733+0545] {processor.py:830} INFO - Processing file /home/manisha/airflow_env/lib/python3.10/site-packages/airflow/example_dags/example_dynamic_task_mapping.py for tasks to queue
[2024-06-18T11:49:42.735+0545] {logging_mixin.py:188} INFO - [2024-06-18T11:49:42.735+0545] {dagbag.py:545} INFO - Filling up the DagBag from /home/manisha/airflow_env/lib/python3.10/site-packages/airflow/example_dags/example_dynamic_task_mapping.py
[2024-06-18T11:49:42.744+0545] {processor.py:840} INFO - DAG(s) 'example_dynamic_task_mapping' retrieved from /home/manisha/airflow_env/lib/python3.10/site-packages/airflow/example_dags/example_dynamic_task_mapping.py
[2024-06-18T11:49:42.789+0545] {logging_mixin.py:188} INFO - [2024-06-18T11:49:42.788+0545] {dag.py:3096} INFO - Sync 1 DAGs
[2024-06-18T11:49:42.817+0545] {logging_mixin.py:188} INFO - [2024-06-18T11:49:42.817+0545] {dag.py:3954} INFO - Setting next_dagrun for example_dynamic_task_mapping to 2022-03-04 00:00:00+00:00, run_after=2022-03-05 00:00:00+00:00
[2024-06-18T11:49:42.969+0545] {processor.py:183} INFO - Processing /home/manisha/airflow_env/lib/python3.10/site-packages/airflow/example_dags/example_dynamic_task_mapping.py took 0.245 seconds
[2024-06-18T11:50:13.211+0545] {processor.py:161} INFO - Started process (PID=9027) to work on /home/manisha/airflow_env/lib/python3.10/site-packages/airflow/example_dags/example_dynamic_task_mapping.py
[2024-06-18T11:50:13.230+0545] {processor.py:830} INFO - Processing file /home/manisha/airflow_env/lib/python3.10/site-packages/airflow/example_dags/example_dynamic_task_mapping.py for tasks to queue
[2024-06-18T11:50:13.231+0545] {logging_mixin.py:188} INFO - [2024-06-18T11:50:13.231+0545] {dagbag.py:545} INFO - Filling up the DagBag from /home/manisha/airflow_env/lib/python3.10/site-packages/airflow/example_dags/example_dynamic_task_mapping.py
[2024-06-18T11:50:13.237+0545] {processor.py:840} INFO - DAG(s) 'example_dynamic_task_mapping' retrieved from /home/manisha/airflow_env/lib/python3.10/site-packages/airflow/example_dags/example_dynamic_task_mapping.py
[2024-06-18T11:50:13.258+0545] {logging_mixin.py:188} INFO - [2024-06-18T11:50:13.258+0545] {dag.py:3096} INFO - Sync 1 DAGs
[2024-06-18T11:50:13.278+0545] {logging_mixin.py:188} INFO - [2024-06-18T11:50:13.278+0545] {dag.py:3954} INFO - Setting next_dagrun for example_dynamic_task_mapping to 2022-03-04 00:00:00+00:00, run_after=2022-03-05 00:00:00+00:00
[2024-06-18T11:50:13.448+0545] {processor.py:183} INFO - Processing /home/manisha/airflow_env/lib/python3.10/site-packages/airflow/example_dags/example_dynamic_task_mapping.py took 0.242 seconds
[2024-06-18T11:50:43.899+0545] {processor.py:161} INFO - Started process (PID=9086) to work on /home/manisha/airflow_env/lib/python3.10/site-packages/airflow/example_dags/example_dynamic_task_mapping.py
[2024-06-18T11:50:43.900+0545] {processor.py:830} INFO - Processing file /home/manisha/airflow_env/lib/python3.10/site-packages/airflow/example_dags/example_dynamic_task_mapping.py for tasks to queue
[2024-06-18T11:50:43.901+0545] {logging_mixin.py:188} INFO - [2024-06-18T11:50:43.901+0545] {dagbag.py:545} INFO - Filling up the DagBag from /home/manisha/airflow_env/lib/python3.10/site-packages/airflow/example_dags/example_dynamic_task_mapping.py
[2024-06-18T11:50:43.907+0545] {processor.py:840} INFO - DAG(s) 'example_dynamic_task_mapping' retrieved from /home/manisha/airflow_env/lib/python3.10/site-packages/airflow/example_dags/example_dynamic_task_mapping.py
[2024-06-18T11:50:43.928+0545] {logging_mixin.py:188} INFO - [2024-06-18T11:50:43.928+0545] {dag.py:3096} INFO - Sync 1 DAGs
[2024-06-18T11:50:43.951+0545] {logging_mixin.py:188} INFO - [2024-06-18T11:50:43.951+0545] {dag.py:3954} INFO - Setting next_dagrun for example_dynamic_task_mapping to 2022-03-04 00:00:00+00:00, run_after=2022-03-05 00:00:00+00:00
[2024-06-18T11:50:44.332+0545] {processor.py:183} INFO - Processing /home/manisha/airflow_env/lib/python3.10/site-packages/airflow/example_dags/example_dynamic_task_mapping.py took 0.439 seconds
[2024-06-18T11:51:03.389+0545] {processor.py:161} INFO - Started process (PID=9509) to work on /home/manisha/airflow_env/lib/python3.10/site-packages/airflow/example_dags/example_dynamic_task_mapping.py
[2024-06-18T11:51:03.416+0545] {processor.py:830} INFO - Processing file /home/manisha/airflow_env/lib/python3.10/site-packages/airflow/example_dags/example_dynamic_task_mapping.py for tasks to queue
[2024-06-18T11:51:03.419+0545] {logging_mixin.py:188} INFO - [2024-06-18T11:51:03.418+0545] {dagbag.py:545} INFO - Filling up the DagBag from /home/manisha/airflow_env/lib/python3.10/site-packages/airflow/example_dags/example_dynamic_task_mapping.py
[2024-06-18T11:51:03.436+0545] {processor.py:840} INFO - DAG(s) 'example_dynamic_task_mapping' retrieved from /home/manisha/airflow_env/lib/python3.10/site-packages/airflow/example_dags/example_dynamic_task_mapping.py
[2024-06-18T11:51:03.468+0545] {logging_mixin.py:188} INFO - [2024-06-18T11:51:03.467+0545] {dag.py:3096} INFO - Sync 1 DAGs
[2024-06-18T11:51:03.534+0545] {logging_mixin.py:188} INFO - [2024-06-18T11:51:03.534+0545] {dag.py:3954} INFO - Setting next_dagrun for example_dynamic_task_mapping to 2022-03-04 00:00:00+00:00, run_after=2022-03-05 00:00:00+00:00
[2024-06-18T11:51:03.720+0545] {processor.py:183} INFO - Processing /home/manisha/airflow_env/lib/python3.10/site-packages/airflow/example_dags/example_dynamic_task_mapping.py took 0.342 seconds
[2024-06-18T11:51:38.371+0545] {processor.py:161} INFO - Started process (PID=9769) to work on /home/manisha/airflow_env/lib/python3.10/site-packages/airflow/example_dags/example_dynamic_task_mapping.py
[2024-06-18T11:51:38.372+0545] {processor.py:830} INFO - Processing file /home/manisha/airflow_env/lib/python3.10/site-packages/airflow/example_dags/example_dynamic_task_mapping.py for tasks to queue
[2024-06-18T11:51:38.373+0545] {logging_mixin.py:188} INFO - [2024-06-18T11:51:38.373+0545] {dagbag.py:545} INFO - Filling up the DagBag from /home/manisha/airflow_env/lib/python3.10/site-packages/airflow/example_dags/example_dynamic_task_mapping.py
[2024-06-18T11:51:38.381+0545] {processor.py:840} INFO - DAG(s) 'example_dynamic_task_mapping' retrieved from /home/manisha/airflow_env/lib/python3.10/site-packages/airflow/example_dags/example_dynamic_task_mapping.py
[2024-06-18T11:51:38.618+0545] {logging_mixin.py:188} INFO - [2024-06-18T11:51:38.617+0545] {dag.py:3096} INFO - Sync 1 DAGs
[2024-06-18T11:51:38.639+0545] {logging_mixin.py:188} INFO - [2024-06-18T11:51:38.639+0545] {dag.py:3954} INFO - Setting next_dagrun for example_dynamic_task_mapping to 2022-03-04 00:00:00+00:00, run_after=2022-03-05 00:00:00+00:00
[2024-06-18T11:51:38.850+0545] {processor.py:183} INFO - Processing /home/manisha/airflow_env/lib/python3.10/site-packages/airflow/example_dags/example_dynamic_task_mapping.py took 0.488 seconds
