[2024-06-18T10:57:51.242+0545] {processor.py:161} INFO - Started process (PID=4067) to work on /home/manisha/airflow_env/lib/python3.10/site-packages/airflow/example_dags/example_latest_only.py
[2024-06-18T10:57:51.244+0545] {processor.py:830} INFO - Processing file /home/manisha/airflow_env/lib/python3.10/site-packages/airflow/example_dags/example_latest_only.py for tasks to queue
[2024-06-18T10:57:51.247+0545] {logging_mixin.py:188} INFO - [2024-06-18T10:57:51.246+0545] {dagbag.py:545} INFO - Filling up the DagBag from /home/manisha/airflow_env/lib/python3.10/site-packages/airflow/example_dags/example_latest_only.py
[2024-06-18T10:57:51.254+0545] {processor.py:840} INFO - DAG(s) 'latest_only' retrieved from /home/manisha/airflow_env/lib/python3.10/site-packages/airflow/example_dags/example_latest_only.py
[2024-06-18T10:57:51.468+0545] {logging_mixin.py:188} INFO - [2024-06-18T10:57:51.466+0545] {override.py:1829} INFO - Created Permission View: can edit on DAG:latest_only
[2024-06-18T10:57:51.545+0545] {logging_mixin.py:188} INFO - [2024-06-18T10:57:51.544+0545] {override.py:1829} INFO - Created Permission View: can read on DAG:latest_only
[2024-06-18T10:57:51.592+0545] {logging_mixin.py:188} INFO - [2024-06-18T10:57:51.590+0545] {override.py:1829} INFO - Created Permission View: can delete on DAG:latest_only
[2024-06-18T10:57:51.594+0545] {logging_mixin.py:188} INFO - [2024-06-18T10:57:51.593+0545] {dag.py:3096} INFO - Sync 1 DAGs
[2024-06-18T10:57:51.710+0545] {logging_mixin.py:188} INFO - [2024-06-18T10:57:51.709+0545] {dag.py:3118} INFO - Creating ORM DAG for latest_only
[2024-06-18T10:57:51.722+0545] {logging_mixin.py:188} INFO - [2024-06-18T10:57:51.721+0545] {dag.py:3954} INFO - Setting next_dagrun for latest_only to 2024-06-18 00:00:00+00:00, run_after=2024-06-18 04:00:00+00:00
[2024-06-18T10:57:51.847+0545] {processor.py:183} INFO - Processing /home/manisha/airflow_env/lib/python3.10/site-packages/airflow/example_dags/example_latest_only.py took 0.622 seconds
[2024-06-18T10:59:05.304+0545] {processor.py:161} INFO - Started process (PID=4188) to work on /home/manisha/airflow_env/lib/python3.10/site-packages/airflow/example_dags/example_latest_only.py
[2024-06-18T10:59:05.306+0545] {processor.py:830} INFO - Processing file /home/manisha/airflow_env/lib/python3.10/site-packages/airflow/example_dags/example_latest_only.py for tasks to queue
[2024-06-18T10:59:05.308+0545] {logging_mixin.py:188} INFO - [2024-06-18T10:59:05.307+0545] {dagbag.py:545} INFO - Filling up the DagBag from /home/manisha/airflow_env/lib/python3.10/site-packages/airflow/example_dags/example_latest_only.py
[2024-06-18T10:59:05.312+0545] {processor.py:840} INFO - DAG(s) 'latest_only' retrieved from /home/manisha/airflow_env/lib/python3.10/site-packages/airflow/example_dags/example_latest_only.py
[2024-06-18T10:59:05.328+0545] {logging_mixin.py:188} INFO - [2024-06-18T10:59:05.327+0545] {dag.py:3096} INFO - Sync 1 DAGs
[2024-06-18T10:59:05.346+0545] {logging_mixin.py:188} INFO - [2024-06-18T10:59:05.346+0545] {dag.py:3954} INFO - Setting next_dagrun for latest_only to 2024-06-18 00:00:00+00:00, run_after=2024-06-18 04:00:00+00:00
[2024-06-18T10:59:05.485+0545] {processor.py:183} INFO - Processing /home/manisha/airflow_env/lib/python3.10/site-packages/airflow/example_dags/example_latest_only.py took 0.187 seconds
[2024-06-18T11:00:09.771+0545] {processor.py:161} INFO - Started process (PID=4243) to work on /home/manisha/airflow_env/lib/python3.10/site-packages/airflow/example_dags/example_latest_only.py
[2024-06-18T11:00:09.812+0545] {processor.py:830} INFO - Processing file /home/manisha/airflow_env/lib/python3.10/site-packages/airflow/example_dags/example_latest_only.py for tasks to queue
[2024-06-18T11:00:09.818+0545] {logging_mixin.py:188} INFO - [2024-06-18T11:00:09.817+0545] {dagbag.py:545} INFO - Filling up the DagBag from /home/manisha/airflow_env/lib/python3.10/site-packages/airflow/example_dags/example_latest_only.py
[2024-06-18T11:00:09.928+0545] {processor.py:840} INFO - DAG(s) 'latest_only' retrieved from /home/manisha/airflow_env/lib/python3.10/site-packages/airflow/example_dags/example_latest_only.py
[2024-06-18T11:00:09.942+0545] {logging_mixin.py:188} INFO - [2024-06-18T11:00:09.941+0545] {dag.py:3096} INFO - Sync 1 DAGs
[2024-06-18T11:00:09.962+0545] {logging_mixin.py:188} INFO - [2024-06-18T11:00:09.961+0545] {dag.py:3954} INFO - Setting next_dagrun for latest_only to 2024-06-18 00:00:00+00:00, run_after=2024-06-18 04:00:00+00:00
[2024-06-18T11:00:10.094+0545] {processor.py:183} INFO - Processing /home/manisha/airflow_env/lib/python3.10/site-packages/airflow/example_dags/example_latest_only.py took 0.329 seconds
[2024-06-18T11:01:10.484+0545] {processor.py:161} INFO - Started process (PID=4385) to work on /home/manisha/airflow_env/lib/python3.10/site-packages/airflow/example_dags/example_latest_only.py
[2024-06-18T11:01:10.524+0545] {processor.py:830} INFO - Processing file /home/manisha/airflow_env/lib/python3.10/site-packages/airflow/example_dags/example_latest_only.py for tasks to queue
[2024-06-18T11:01:10.529+0545] {logging_mixin.py:188} INFO - [2024-06-18T11:01:10.528+0545] {dagbag.py:545} INFO - Filling up the DagBag from /home/manisha/airflow_env/lib/python3.10/site-packages/airflow/example_dags/example_latest_only.py
[2024-06-18T11:01:10.546+0545] {processor.py:840} INFO - DAG(s) 'latest_only' retrieved from /home/manisha/airflow_env/lib/python3.10/site-packages/airflow/example_dags/example_latest_only.py
[2024-06-18T11:01:10.572+0545] {logging_mixin.py:188} INFO - [2024-06-18T11:01:10.572+0545] {dag.py:3096} INFO - Sync 1 DAGs
[2024-06-18T11:01:10.592+0545] {logging_mixin.py:188} INFO - [2024-06-18T11:01:10.592+0545] {dag.py:3954} INFO - Setting next_dagrun for latest_only to 2024-06-18 00:00:00+00:00, run_after=2024-06-18 04:00:00+00:00
[2024-06-18T11:01:10.693+0545] {processor.py:183} INFO - Processing /home/manisha/airflow_env/lib/python3.10/site-packages/airflow/example_dags/example_latest_only.py took 0.215 seconds
[2024-06-18T11:02:12.795+0545] {processor.py:161} INFO - Started process (PID=4437) to work on /home/manisha/airflow_env/lib/python3.10/site-packages/airflow/example_dags/example_latest_only.py
[2024-06-18T11:02:12.812+0545] {processor.py:830} INFO - Processing file /home/manisha/airflow_env/lib/python3.10/site-packages/airflow/example_dags/example_latest_only.py for tasks to queue
[2024-06-18T11:02:12.815+0545] {logging_mixin.py:188} INFO - [2024-06-18T11:02:12.814+0545] {dagbag.py:545} INFO - Filling up the DagBag from /home/manisha/airflow_env/lib/python3.10/site-packages/airflow/example_dags/example_latest_only.py
[2024-06-18T11:02:12.822+0545] {processor.py:840} INFO - DAG(s) 'latest_only' retrieved from /home/manisha/airflow_env/lib/python3.10/site-packages/airflow/example_dags/example_latest_only.py
[2024-06-18T11:02:12.843+0545] {logging_mixin.py:188} INFO - [2024-06-18T11:02:12.842+0545] {dag.py:3096} INFO - Sync 1 DAGs
[2024-06-18T11:02:12.862+0545] {logging_mixin.py:188} INFO - [2024-06-18T11:02:12.861+0545] {dag.py:3954} INFO - Setting next_dagrun for latest_only to 2024-06-18 00:00:00+00:00, run_after=2024-06-18 04:00:00+00:00
[2024-06-18T11:02:12.964+0545] {processor.py:183} INFO - Processing /home/manisha/airflow_env/lib/python3.10/site-packages/airflow/example_dags/example_latest_only.py took 0.174 seconds
[2024-06-18T11:03:10.206+0545] {processor.py:161} INFO - Started process (PID=4491) to work on /home/manisha/airflow_env/lib/python3.10/site-packages/airflow/example_dags/example_latest_only.py
[2024-06-18T11:03:10.241+0545] {processor.py:830} INFO - Processing file /home/manisha/airflow_env/lib/python3.10/site-packages/airflow/example_dags/example_latest_only.py for tasks to queue
[2024-06-18T11:03:10.246+0545] {logging_mixin.py:188} INFO - [2024-06-18T11:03:10.245+0545] {dagbag.py:545} INFO - Filling up the DagBag from /home/manisha/airflow_env/lib/python3.10/site-packages/airflow/example_dags/example_latest_only.py
[2024-06-18T11:03:10.263+0545] {processor.py:840} INFO - DAG(s) 'latest_only' retrieved from /home/manisha/airflow_env/lib/python3.10/site-packages/airflow/example_dags/example_latest_only.py
[2024-06-18T11:03:10.288+0545] {logging_mixin.py:188} INFO - [2024-06-18T11:03:10.287+0545] {dag.py:3096} INFO - Sync 1 DAGs
[2024-06-18T11:03:10.308+0545] {logging_mixin.py:188} INFO - [2024-06-18T11:03:10.307+0545] {dag.py:3954} INFO - Setting next_dagrun for latest_only to 2024-06-18 00:00:00+00:00, run_after=2024-06-18 04:00:00+00:00
[2024-06-18T11:03:10.409+0545] {processor.py:183} INFO - Processing /home/manisha/airflow_env/lib/python3.10/site-packages/airflow/example_dags/example_latest_only.py took 0.210 seconds
[2024-06-18T11:04:11.494+0545] {processor.py:161} INFO - Started process (PID=4544) to work on /home/manisha/airflow_env/lib/python3.10/site-packages/airflow/example_dags/example_latest_only.py
[2024-06-18T11:04:11.529+0545] {processor.py:830} INFO - Processing file /home/manisha/airflow_env/lib/python3.10/site-packages/airflow/example_dags/example_latest_only.py for tasks to queue
[2024-06-18T11:04:11.534+0545] {logging_mixin.py:188} INFO - [2024-06-18T11:04:11.533+0545] {dagbag.py:545} INFO - Filling up the DagBag from /home/manisha/airflow_env/lib/python3.10/site-packages/airflow/example_dags/example_latest_only.py
[2024-06-18T11:04:11.550+0545] {processor.py:840} INFO - DAG(s) 'latest_only' retrieved from /home/manisha/airflow_env/lib/python3.10/site-packages/airflow/example_dags/example_latest_only.py
[2024-06-18T11:04:11.574+0545] {logging_mixin.py:188} INFO - [2024-06-18T11:04:11.574+0545] {dag.py:3096} INFO - Sync 1 DAGs
[2024-06-18T11:04:11.593+0545] {logging_mixin.py:188} INFO - [2024-06-18T11:04:11.592+0545] {dag.py:3954} INFO - Setting next_dagrun for latest_only to 2024-06-18 00:00:00+00:00, run_after=2024-06-18 04:00:00+00:00
[2024-06-18T11:04:11.709+0545] {processor.py:183} INFO - Processing /home/manisha/airflow_env/lib/python3.10/site-packages/airflow/example_dags/example_latest_only.py took 0.221 seconds
[2024-06-18T11:05:48.030+0545] {processor.py:161} INFO - Started process (PID=4749) to work on /home/manisha/airflow_env/lib/python3.10/site-packages/airflow/example_dags/example_latest_only.py
[2024-06-18T11:05:48.035+0545] {processor.py:830} INFO - Processing file /home/manisha/airflow_env/lib/python3.10/site-packages/airflow/example_dags/example_latest_only.py for tasks to queue
[2024-06-18T11:05:48.040+0545] {logging_mixin.py:188} INFO - [2024-06-18T11:05:48.039+0545] {dagbag.py:545} INFO - Filling up the DagBag from /home/manisha/airflow_env/lib/python3.10/site-packages/airflow/example_dags/example_latest_only.py
[2024-06-18T11:05:48.054+0545] {processor.py:840} INFO - DAG(s) 'latest_only' retrieved from /home/manisha/airflow_env/lib/python3.10/site-packages/airflow/example_dags/example_latest_only.py
[2024-06-18T11:05:48.073+0545] {logging_mixin.py:188} INFO - [2024-06-18T11:05:48.073+0545] {dag.py:3096} INFO - Sync 1 DAGs
[2024-06-18T11:05:48.092+0545] {logging_mixin.py:188} INFO - [2024-06-18T11:05:48.091+0545] {dag.py:3954} INFO - Setting next_dagrun for latest_only to 2024-06-18 00:00:00+00:00, run_after=2024-06-18 04:00:00+00:00
[2024-06-18T11:05:48.158+0545] {processor.py:183} INFO - Processing /home/manisha/airflow_env/lib/python3.10/site-packages/airflow/example_dags/example_latest_only.py took 0.136 seconds
[2024-06-18T11:06:56.495+0545] {processor.py:161} INFO - Started process (PID=4911) to work on /home/manisha/airflow_env/lib/python3.10/site-packages/airflow/example_dags/example_latest_only.py
[2024-06-18T11:06:56.610+0545] {processor.py:830} INFO - Processing file /home/manisha/airflow_env/lib/python3.10/site-packages/airflow/example_dags/example_latest_only.py for tasks to queue
[2024-06-18T11:06:56.617+0545] {logging_mixin.py:188} INFO - [2024-06-18T11:06:56.615+0545] {dagbag.py:545} INFO - Filling up the DagBag from /home/manisha/airflow_env/lib/python3.10/site-packages/airflow/example_dags/example_latest_only.py
[2024-06-18T11:06:56.634+0545] {processor.py:840} INFO - DAG(s) 'latest_only' retrieved from /home/manisha/airflow_env/lib/python3.10/site-packages/airflow/example_dags/example_latest_only.py
[2024-06-18T11:06:56.660+0545] {logging_mixin.py:188} INFO - [2024-06-18T11:06:56.660+0545] {dag.py:3096} INFO - Sync 1 DAGs
[2024-06-18T11:06:56.679+0545] {logging_mixin.py:188} INFO - [2024-06-18T11:06:56.679+0545] {dag.py:3954} INFO - Setting next_dagrun for latest_only to 2024-06-18 00:00:00+00:00, run_after=2024-06-18 04:00:00+00:00
[2024-06-18T11:06:56.767+0545] {processor.py:183} INFO - Processing /home/manisha/airflow_env/lib/python3.10/site-packages/airflow/example_dags/example_latest_only.py took 0.278 seconds
[2024-06-18T11:07:53.508+0545] {processor.py:161} INFO - Started process (PID=4964) to work on /home/manisha/airflow_env/lib/python3.10/site-packages/airflow/example_dags/example_latest_only.py
[2024-06-18T11:07:53.543+0545] {processor.py:830} INFO - Processing file /home/manisha/airflow_env/lib/python3.10/site-packages/airflow/example_dags/example_latest_only.py for tasks to queue
[2024-06-18T11:07:53.548+0545] {logging_mixin.py:188} INFO - [2024-06-18T11:07:53.547+0545] {dagbag.py:545} INFO - Filling up the DagBag from /home/manisha/airflow_env/lib/python3.10/site-packages/airflow/example_dags/example_latest_only.py
[2024-06-18T11:07:53.565+0545] {processor.py:840} INFO - DAG(s) 'latest_only' retrieved from /home/manisha/airflow_env/lib/python3.10/site-packages/airflow/example_dags/example_latest_only.py
[2024-06-18T11:07:53.590+0545] {logging_mixin.py:188} INFO - [2024-06-18T11:07:53.590+0545] {dag.py:3096} INFO - Sync 1 DAGs
[2024-06-18T11:07:53.609+0545] {logging_mixin.py:188} INFO - [2024-06-18T11:07:53.609+0545] {dag.py:3954} INFO - Setting next_dagrun for latest_only to 2024-06-18 00:00:00+00:00, run_after=2024-06-18 04:00:00+00:00
[2024-06-18T11:07:53.675+0545] {processor.py:183} INFO - Processing /home/manisha/airflow_env/lib/python3.10/site-packages/airflow/example_dags/example_latest_only.py took 0.174 seconds
[2024-06-18T11:08:52.613+0545] {processor.py:161} INFO - Started process (PID=5586) to work on /home/manisha/airflow_env/lib/python3.10/site-packages/airflow/example_dags/example_latest_only.py
[2024-06-18T11:08:52.630+0545] {processor.py:830} INFO - Processing file /home/manisha/airflow_env/lib/python3.10/site-packages/airflow/example_dags/example_latest_only.py for tasks to queue
[2024-06-18T11:08:52.633+0545] {logging_mixin.py:188} INFO - [2024-06-18T11:08:52.632+0545] {dagbag.py:545} INFO - Filling up the DagBag from /home/manisha/airflow_env/lib/python3.10/site-packages/airflow/example_dags/example_latest_only.py
[2024-06-18T11:08:52.640+0545] {processor.py:840} INFO - DAG(s) 'latest_only' retrieved from /home/manisha/airflow_env/lib/python3.10/site-packages/airflow/example_dags/example_latest_only.py
[2024-06-18T11:08:52.659+0545] {logging_mixin.py:188} INFO - [2024-06-18T11:08:52.658+0545] {dag.py:3096} INFO - Sync 1 DAGs
[2024-06-18T11:08:52.685+0545] {logging_mixin.py:188} INFO - [2024-06-18T11:08:52.685+0545] {dag.py:3954} INFO - Setting next_dagrun for latest_only to 2024-06-18 00:00:00+00:00, run_after=2024-06-18 04:00:00+00:00
[2024-06-18T11:08:52.787+0545] {processor.py:183} INFO - Processing /home/manisha/airflow_env/lib/python3.10/site-packages/airflow/example_dags/example_latest_only.py took 0.192 seconds
[2024-06-18T11:09:53.541+0545] {processor.py:161} INFO - Started process (PID=5665) to work on /home/manisha/airflow_env/lib/python3.10/site-packages/airflow/example_dags/example_latest_only.py
[2024-06-18T11:09:53.557+0545] {processor.py:830} INFO - Processing file /home/manisha/airflow_env/lib/python3.10/site-packages/airflow/example_dags/example_latest_only.py for tasks to queue
[2024-06-18T11:09:53.559+0545] {logging_mixin.py:188} INFO - [2024-06-18T11:09:53.558+0545] {dagbag.py:545} INFO - Filling up the DagBag from /home/manisha/airflow_env/lib/python3.10/site-packages/airflow/example_dags/example_latest_only.py
[2024-06-18T11:09:53.564+0545] {processor.py:840} INFO - DAG(s) 'latest_only' retrieved from /home/manisha/airflow_env/lib/python3.10/site-packages/airflow/example_dags/example_latest_only.py
[2024-06-18T11:09:53.581+0545] {logging_mixin.py:188} INFO - [2024-06-18T11:09:53.581+0545] {dag.py:3096} INFO - Sync 1 DAGs
[2024-06-18T11:09:53.599+0545] {logging_mixin.py:188} INFO - [2024-06-18T11:09:53.599+0545] {dag.py:3954} INFO - Setting next_dagrun for latest_only to 2024-06-18 00:00:00+00:00, run_after=2024-06-18 04:00:00+00:00
[2024-06-18T11:09:53.689+0545] {processor.py:183} INFO - Processing /home/manisha/airflow_env/lib/python3.10/site-packages/airflow/example_dags/example_latest_only.py took 0.154 seconds
[2024-06-18T11:44:03.643+0545] {processor.py:161} INFO - Started process (PID=8342) to work on /home/manisha/airflow_env/lib/python3.10/site-packages/airflow/example_dags/example_latest_only.py
[2024-06-18T11:44:03.651+0545] {processor.py:830} INFO - Processing file /home/manisha/airflow_env/lib/python3.10/site-packages/airflow/example_dags/example_latest_only.py for tasks to queue
[2024-06-18T11:44:03.652+0545] {logging_mixin.py:188} INFO - [2024-06-18T11:44:03.652+0545] {dagbag.py:545} INFO - Filling up the DagBag from /home/manisha/airflow_env/lib/python3.10/site-packages/airflow/example_dags/example_latest_only.py
[2024-06-18T11:44:03.658+0545] {processor.py:840} INFO - DAG(s) 'latest_only' retrieved from /home/manisha/airflow_env/lib/python3.10/site-packages/airflow/example_dags/example_latest_only.py
[2024-06-18T11:44:03.678+0545] {logging_mixin.py:188} INFO - [2024-06-18T11:44:03.677+0545] {dag.py:3096} INFO - Sync 1 DAGs
[2024-06-18T11:44:03.706+0545] {logging_mixin.py:188} INFO - [2024-06-18T11:44:03.706+0545] {dag.py:3954} INFO - Setting next_dagrun for latest_only to 2024-06-18 00:00:00+00:00, run_after=2024-06-18 04:00:00+00:00
[2024-06-18T11:44:03.773+0545] {processor.py:183} INFO - Processing /home/manisha/airflow_env/lib/python3.10/site-packages/airflow/example_dags/example_latest_only.py took 0.141 seconds
[2024-06-18T11:44:39.195+0545] {processor.py:161} INFO - Started process (PID=8397) to work on /home/manisha/airflow_env/lib/python3.10/site-packages/airflow/example_dags/example_latest_only.py
[2024-06-18T11:44:39.203+0545] {processor.py:830} INFO - Processing file /home/manisha/airflow_env/lib/python3.10/site-packages/airflow/example_dags/example_latest_only.py for tasks to queue
[2024-06-18T11:44:39.205+0545] {logging_mixin.py:188} INFO - [2024-06-18T11:44:39.205+0545] {dagbag.py:545} INFO - Filling up the DagBag from /home/manisha/airflow_env/lib/python3.10/site-packages/airflow/example_dags/example_latest_only.py
[2024-06-18T11:44:39.210+0545] {processor.py:840} INFO - DAG(s) 'latest_only' retrieved from /home/manisha/airflow_env/lib/python3.10/site-packages/airflow/example_dags/example_latest_only.py
[2024-06-18T11:44:39.417+0545] {logging_mixin.py:188} INFO - [2024-06-18T11:44:39.416+0545] {dag.py:3096} INFO - Sync 1 DAGs
[2024-06-18T11:44:39.441+0545] {logging_mixin.py:188} INFO - [2024-06-18T11:44:39.441+0545] {dag.py:3954} INFO - Setting next_dagrun for latest_only to 2024-06-18 00:00:00+00:00, run_after=2024-06-18 04:00:00+00:00
[2024-06-18T11:44:39.525+0545] {processor.py:183} INFO - Processing /home/manisha/airflow_env/lib/python3.10/site-packages/airflow/example_dags/example_latest_only.py took 0.337 seconds
[2024-06-18T11:45:10.001+0545] {processor.py:161} INFO - Started process (PID=8451) to work on /home/manisha/airflow_env/lib/python3.10/site-packages/airflow/example_dags/example_latest_only.py
[2024-06-18T11:45:10.002+0545] {processor.py:830} INFO - Processing file /home/manisha/airflow_env/lib/python3.10/site-packages/airflow/example_dags/example_latest_only.py for tasks to queue
[2024-06-18T11:45:10.003+0545] {logging_mixin.py:188} INFO - [2024-06-18T11:45:10.003+0545] {dagbag.py:545} INFO - Filling up the DagBag from /home/manisha/airflow_env/lib/python3.10/site-packages/airflow/example_dags/example_latest_only.py
[2024-06-18T11:45:10.009+0545] {processor.py:840} INFO - DAG(s) 'latest_only' retrieved from /home/manisha/airflow_env/lib/python3.10/site-packages/airflow/example_dags/example_latest_only.py
[2024-06-18T11:45:10.044+0545] {logging_mixin.py:188} INFO - [2024-06-18T11:45:10.044+0545] {dag.py:3096} INFO - Sync 1 DAGs
[2024-06-18T11:45:10.067+0545] {logging_mixin.py:188} INFO - [2024-06-18T11:45:10.067+0545] {dag.py:3954} INFO - Setting next_dagrun for latest_only to 2024-06-18 00:00:00+00:00, run_after=2024-06-18 04:00:00+00:00
[2024-06-18T11:45:10.126+0545] {processor.py:183} INFO - Processing /home/manisha/airflow_env/lib/python3.10/site-packages/airflow/example_dags/example_latest_only.py took 0.132 seconds
[2024-06-18T11:45:40.853+0545] {processor.py:161} INFO - Started process (PID=8503) to work on /home/manisha/airflow_env/lib/python3.10/site-packages/airflow/example_dags/example_latest_only.py
[2024-06-18T11:45:40.856+0545] {processor.py:830} INFO - Processing file /home/manisha/airflow_env/lib/python3.10/site-packages/airflow/example_dags/example_latest_only.py for tasks to queue
[2024-06-18T11:45:40.858+0545] {logging_mixin.py:188} INFO - [2024-06-18T11:45:40.858+0545] {dagbag.py:545} INFO - Filling up the DagBag from /home/manisha/airflow_env/lib/python3.10/site-packages/airflow/example_dags/example_latest_only.py
[2024-06-18T11:45:40.865+0545] {processor.py:840} INFO - DAG(s) 'latest_only' retrieved from /home/manisha/airflow_env/lib/python3.10/site-packages/airflow/example_dags/example_latest_only.py
[2024-06-18T11:45:40.894+0545] {logging_mixin.py:188} INFO - [2024-06-18T11:45:40.893+0545] {dag.py:3096} INFO - Sync 1 DAGs
[2024-06-18T11:45:40.913+0545] {logging_mixin.py:188} INFO - [2024-06-18T11:45:40.913+0545] {dag.py:3954} INFO - Setting next_dagrun for latest_only to 2024-06-18 00:00:00+00:00, run_after=2024-06-18 04:00:00+00:00
[2024-06-18T11:45:40.983+0545] {processor.py:183} INFO - Processing /home/manisha/airflow_env/lib/python3.10/site-packages/airflow/example_dags/example_latest_only.py took 0.139 seconds
[2024-06-18T11:46:11.553+0545] {processor.py:161} INFO - Started process (PID=8555) to work on /home/manisha/airflow_env/lib/python3.10/site-packages/airflow/example_dags/example_latest_only.py
[2024-06-18T11:46:11.554+0545] {processor.py:830} INFO - Processing file /home/manisha/airflow_env/lib/python3.10/site-packages/airflow/example_dags/example_latest_only.py for tasks to queue
[2024-06-18T11:46:11.555+0545] {logging_mixin.py:188} INFO - [2024-06-18T11:46:11.555+0545] {dagbag.py:545} INFO - Filling up the DagBag from /home/manisha/airflow_env/lib/python3.10/site-packages/airflow/example_dags/example_latest_only.py
[2024-06-18T11:46:11.559+0545] {processor.py:840} INFO - DAG(s) 'latest_only' retrieved from /home/manisha/airflow_env/lib/python3.10/site-packages/airflow/example_dags/example_latest_only.py
[2024-06-18T11:46:11.579+0545] {logging_mixin.py:188} INFO - [2024-06-18T11:46:11.579+0545] {dag.py:3096} INFO - Sync 1 DAGs
[2024-06-18T11:46:11.597+0545] {logging_mixin.py:188} INFO - [2024-06-18T11:46:11.597+0545] {dag.py:3954} INFO - Setting next_dagrun for latest_only to 2024-06-18 00:00:00+00:00, run_after=2024-06-18 04:00:00+00:00
[2024-06-18T11:46:11.673+0545] {processor.py:183} INFO - Processing /home/manisha/airflow_env/lib/python3.10/site-packages/airflow/example_dags/example_latest_only.py took 0.125 seconds
[2024-06-18T11:46:42.147+0545] {processor.py:161} INFO - Started process (PID=8606) to work on /home/manisha/airflow_env/lib/python3.10/site-packages/airflow/example_dags/example_latest_only.py
[2024-06-18T11:46:42.149+0545] {processor.py:830} INFO - Processing file /home/manisha/airflow_env/lib/python3.10/site-packages/airflow/example_dags/example_latest_only.py for tasks to queue
[2024-06-18T11:46:42.150+0545] {logging_mixin.py:188} INFO - [2024-06-18T11:46:42.150+0545] {dagbag.py:545} INFO - Filling up the DagBag from /home/manisha/airflow_env/lib/python3.10/site-packages/airflow/example_dags/example_latest_only.py
[2024-06-18T11:46:42.154+0545] {processor.py:840} INFO - DAG(s) 'latest_only' retrieved from /home/manisha/airflow_env/lib/python3.10/site-packages/airflow/example_dags/example_latest_only.py
[2024-06-18T11:46:42.174+0545] {logging_mixin.py:188} INFO - [2024-06-18T11:46:42.174+0545] {dag.py:3096} INFO - Sync 1 DAGs
[2024-06-18T11:46:42.192+0545] {logging_mixin.py:188} INFO - [2024-06-18T11:46:42.192+0545] {dag.py:3954} INFO - Setting next_dagrun for latest_only to 2024-06-18 00:00:00+00:00, run_after=2024-06-18 04:00:00+00:00
[2024-06-18T11:46:42.247+0545] {processor.py:183} INFO - Processing /home/manisha/airflow_env/lib/python3.10/site-packages/airflow/example_dags/example_latest_only.py took 0.106 seconds
[2024-06-18T11:47:12.624+0545] {processor.py:161} INFO - Started process (PID=8657) to work on /home/manisha/airflow_env/lib/python3.10/site-packages/airflow/example_dags/example_latest_only.py
[2024-06-18T11:47:12.625+0545] {processor.py:830} INFO - Processing file /home/manisha/airflow_env/lib/python3.10/site-packages/airflow/example_dags/example_latest_only.py for tasks to queue
[2024-06-18T11:47:12.626+0545] {logging_mixin.py:188} INFO - [2024-06-18T11:47:12.626+0545] {dagbag.py:545} INFO - Filling up the DagBag from /home/manisha/airflow_env/lib/python3.10/site-packages/airflow/example_dags/example_latest_only.py
[2024-06-18T11:47:12.630+0545] {processor.py:840} INFO - DAG(s) 'latest_only' retrieved from /home/manisha/airflow_env/lib/python3.10/site-packages/airflow/example_dags/example_latest_only.py
[2024-06-18T11:47:12.653+0545] {logging_mixin.py:188} INFO - [2024-06-18T11:47:12.652+0545] {dag.py:3096} INFO - Sync 1 DAGs
[2024-06-18T11:47:12.672+0545] {logging_mixin.py:188} INFO - [2024-06-18T11:47:12.672+0545] {dag.py:3954} INFO - Setting next_dagrun for latest_only to 2024-06-18 00:00:00+00:00, run_after=2024-06-18 04:00:00+00:00
[2024-06-18T11:47:12.782+0545] {processor.py:183} INFO - Processing /home/manisha/airflow_env/lib/python3.10/site-packages/airflow/example_dags/example_latest_only.py took 0.164 seconds
[2024-06-18T11:47:43.083+0545] {processor.py:161} INFO - Started process (PID=8709) to work on /home/manisha/airflow_env/lib/python3.10/site-packages/airflow/example_dags/example_latest_only.py
[2024-06-18T11:47:43.093+0545] {processor.py:830} INFO - Processing file /home/manisha/airflow_env/lib/python3.10/site-packages/airflow/example_dags/example_latest_only.py for tasks to queue
[2024-06-18T11:47:43.095+0545] {logging_mixin.py:188} INFO - [2024-06-18T11:47:43.095+0545] {dagbag.py:545} INFO - Filling up the DagBag from /home/manisha/airflow_env/lib/python3.10/site-packages/airflow/example_dags/example_latest_only.py
[2024-06-18T11:47:43.101+0545] {processor.py:840} INFO - DAG(s) 'latest_only' retrieved from /home/manisha/airflow_env/lib/python3.10/site-packages/airflow/example_dags/example_latest_only.py
[2024-06-18T11:47:43.124+0545] {logging_mixin.py:188} INFO - [2024-06-18T11:47:43.123+0545] {dag.py:3096} INFO - Sync 1 DAGs
[2024-06-18T11:47:43.145+0545] {logging_mixin.py:188} INFO - [2024-06-18T11:47:43.144+0545] {dag.py:3954} INFO - Setting next_dagrun for latest_only to 2024-06-18 00:00:00+00:00, run_after=2024-06-18 04:00:00+00:00
[2024-06-18T11:47:43.212+0545] {processor.py:183} INFO - Processing /home/manisha/airflow_env/lib/python3.10/site-packages/airflow/example_dags/example_latest_only.py took 0.140 seconds
[2024-06-18T11:48:33.296+0545] {processor.py:161} INFO - Started process (PID=8794) to work on /home/manisha/airflow_env/lib/python3.10/site-packages/airflow/example_dags/example_latest_only.py
[2024-06-18T11:48:33.322+0545] {processor.py:830} INFO - Processing file /home/manisha/airflow_env/lib/python3.10/site-packages/airflow/example_dags/example_latest_only.py for tasks to queue
[2024-06-18T11:48:33.326+0545] {logging_mixin.py:188} INFO - [2024-06-18T11:48:33.325+0545] {dagbag.py:545} INFO - Filling up the DagBag from /home/manisha/airflow_env/lib/python3.10/site-packages/airflow/example_dags/example_latest_only.py
[2024-06-18T11:48:33.339+0545] {processor.py:840} INFO - DAG(s) 'latest_only' retrieved from /home/manisha/airflow_env/lib/python3.10/site-packages/airflow/example_dags/example_latest_only.py
[2024-06-18T11:48:33.370+0545] {logging_mixin.py:188} INFO - [2024-06-18T11:48:33.370+0545] {dag.py:3096} INFO - Sync 1 DAGs
[2024-06-18T11:48:33.393+0545] {logging_mixin.py:188} INFO - [2024-06-18T11:48:33.393+0545] {dag.py:3954} INFO - Setting next_dagrun for latest_only to 2024-06-18 00:00:00+00:00, run_after=2024-06-18 04:00:00+00:00
[2024-06-18T11:48:33.457+0545] {processor.py:183} INFO - Processing /home/manisha/airflow_env/lib/python3.10/site-packages/airflow/example_dags/example_latest_only.py took 0.166 seconds
[2024-06-18T11:49:11.879+0545] {processor.py:161} INFO - Started process (PID=8907) to work on /home/manisha/airflow_env/lib/python3.10/site-packages/airflow/example_dags/example_latest_only.py
[2024-06-18T11:49:11.882+0545] {processor.py:830} INFO - Processing file /home/manisha/airflow_env/lib/python3.10/site-packages/airflow/example_dags/example_latest_only.py for tasks to queue
[2024-06-18T11:49:11.885+0545] {logging_mixin.py:188} INFO - [2024-06-18T11:49:11.884+0545] {dagbag.py:545} INFO - Filling up the DagBag from /home/manisha/airflow_env/lib/python3.10/site-packages/airflow/example_dags/example_latest_only.py
[2024-06-18T11:49:11.891+0545] {processor.py:840} INFO - DAG(s) 'latest_only' retrieved from /home/manisha/airflow_env/lib/python3.10/site-packages/airflow/example_dags/example_latest_only.py
[2024-06-18T11:49:12.212+0545] {logging_mixin.py:188} INFO - [2024-06-18T11:49:12.212+0545] {dag.py:3096} INFO - Sync 1 DAGs
[2024-06-18T11:49:12.233+0545] {logging_mixin.py:188} INFO - [2024-06-18T11:49:12.232+0545] {dag.py:3954} INFO - Setting next_dagrun for latest_only to 2024-06-18 00:00:00+00:00, run_after=2024-06-18 04:00:00+00:00
[2024-06-18T11:49:12.331+0545] {processor.py:183} INFO - Processing /home/manisha/airflow_env/lib/python3.10/site-packages/airflow/example_dags/example_latest_only.py took 0.464 seconds
[2024-06-18T11:49:42.440+0545] {processor.py:161} INFO - Started process (PID=8972) to work on /home/manisha/airflow_env/lib/python3.10/site-packages/airflow/example_dags/example_latest_only.py
[2024-06-18T11:49:42.442+0545] {processor.py:830} INFO - Processing file /home/manisha/airflow_env/lib/python3.10/site-packages/airflow/example_dags/example_latest_only.py for tasks to queue
[2024-06-18T11:49:42.446+0545] {logging_mixin.py:188} INFO - [2024-06-18T11:49:42.445+0545] {dagbag.py:545} INFO - Filling up the DagBag from /home/manisha/airflow_env/lib/python3.10/site-packages/airflow/example_dags/example_latest_only.py
[2024-06-18T11:49:42.453+0545] {processor.py:840} INFO - DAG(s) 'latest_only' retrieved from /home/manisha/airflow_env/lib/python3.10/site-packages/airflow/example_dags/example_latest_only.py
[2024-06-18T11:49:42.483+0545] {logging_mixin.py:188} INFO - [2024-06-18T11:49:42.483+0545] {dag.py:3096} INFO - Sync 1 DAGs
[2024-06-18T11:49:42.504+0545] {logging_mixin.py:188} INFO - [2024-06-18T11:49:42.504+0545] {dag.py:3954} INFO - Setting next_dagrun for latest_only to 2024-06-18 00:00:00+00:00, run_after=2024-06-18 04:00:00+00:00
[2024-06-18T11:49:42.708+0545] {processor.py:183} INFO - Processing /home/manisha/airflow_env/lib/python3.10/site-packages/airflow/example_dags/example_latest_only.py took 0.276 seconds
[2024-06-18T11:50:13.103+0545] {processor.py:161} INFO - Started process (PID=9025) to work on /home/manisha/airflow_env/lib/python3.10/site-packages/airflow/example_dags/example_latest_only.py
[2024-06-18T11:50:13.112+0545] {processor.py:830} INFO - Processing file /home/manisha/airflow_env/lib/python3.10/site-packages/airflow/example_dags/example_latest_only.py for tasks to queue
[2024-06-18T11:50:13.114+0545] {logging_mixin.py:188} INFO - [2024-06-18T11:50:13.114+0545] {dagbag.py:545} INFO - Filling up the DagBag from /home/manisha/airflow_env/lib/python3.10/site-packages/airflow/example_dags/example_latest_only.py
[2024-06-18T11:50:13.121+0545] {processor.py:840} INFO - DAG(s) 'latest_only' retrieved from /home/manisha/airflow_env/lib/python3.10/site-packages/airflow/example_dags/example_latest_only.py
[2024-06-18T11:50:13.146+0545] {logging_mixin.py:188} INFO - [2024-06-18T11:50:13.146+0545] {dag.py:3096} INFO - Sync 1 DAGs
[2024-06-18T11:50:13.166+0545] {logging_mixin.py:188} INFO - [2024-06-18T11:50:13.165+0545] {dag.py:3954} INFO - Setting next_dagrun for latest_only to 2024-06-18 00:00:00+00:00, run_after=2024-06-18 04:00:00+00:00
[2024-06-18T11:50:13.279+0545] {processor.py:183} INFO - Processing /home/manisha/airflow_env/lib/python3.10/site-packages/airflow/example_dags/example_latest_only.py took 0.185 seconds
[2024-06-18T11:50:43.711+0545] {processor.py:161} INFO - Started process (PID=9085) to work on /home/manisha/airflow_env/lib/python3.10/site-packages/airflow/example_dags/example_latest_only.py
[2024-06-18T11:50:43.712+0545] {processor.py:830} INFO - Processing file /home/manisha/airflow_env/lib/python3.10/site-packages/airflow/example_dags/example_latest_only.py for tasks to queue
[2024-06-18T11:50:43.713+0545] {logging_mixin.py:188} INFO - [2024-06-18T11:50:43.713+0545] {dagbag.py:545} INFO - Filling up the DagBag from /home/manisha/airflow_env/lib/python3.10/site-packages/airflow/example_dags/example_latest_only.py
[2024-06-18T11:50:43.717+0545] {processor.py:840} INFO - DAG(s) 'latest_only' retrieved from /home/manisha/airflow_env/lib/python3.10/site-packages/airflow/example_dags/example_latest_only.py
[2024-06-18T11:50:43.738+0545] {logging_mixin.py:188} INFO - [2024-06-18T11:50:43.738+0545] {dag.py:3096} INFO - Sync 1 DAGs
[2024-06-18T11:50:43.757+0545] {logging_mixin.py:188} INFO - [2024-06-18T11:50:43.757+0545] {dag.py:3954} INFO - Setting next_dagrun for latest_only to 2024-06-18 00:00:00+00:00, run_after=2024-06-18 04:00:00+00:00
[2024-06-18T11:50:44.097+0545] {processor.py:183} INFO - Processing /home/manisha/airflow_env/lib/python3.10/site-packages/airflow/example_dags/example_latest_only.py took 0.391 seconds
[2024-06-18T11:51:03.036+0545] {processor.py:161} INFO - Started process (PID=9498) to work on /home/manisha/airflow_env/lib/python3.10/site-packages/airflow/example_dags/example_latest_only.py
[2024-06-18T11:51:03.060+0545] {processor.py:830} INFO - Processing file /home/manisha/airflow_env/lib/python3.10/site-packages/airflow/example_dags/example_latest_only.py for tasks to queue
[2024-06-18T11:51:03.065+0545] {logging_mixin.py:188} INFO - [2024-06-18T11:51:03.065+0545] {dagbag.py:545} INFO - Filling up the DagBag from /home/manisha/airflow_env/lib/python3.10/site-packages/airflow/example_dags/example_latest_only.py
[2024-06-18T11:51:03.073+0545] {processor.py:840} INFO - DAG(s) 'latest_only' retrieved from /home/manisha/airflow_env/lib/python3.10/site-packages/airflow/example_dags/example_latest_only.py
[2024-06-18T11:51:03.106+0545] {logging_mixin.py:188} INFO - [2024-06-18T11:51:03.106+0545] {dag.py:3096} INFO - Sync 1 DAGs
[2024-06-18T11:51:03.159+0545] {logging_mixin.py:188} INFO - [2024-06-18T11:51:03.158+0545] {dag.py:3954} INFO - Setting next_dagrun for latest_only to 2024-06-18 00:00:00+00:00, run_after=2024-06-18 04:00:00+00:00
[2024-06-18T11:51:03.338+0545] {processor.py:183} INFO - Processing /home/manisha/airflow_env/lib/python3.10/site-packages/airflow/example_dags/example_latest_only.py took 0.316 seconds
[2024-06-18T11:51:38.188+0545] {processor.py:161} INFO - Started process (PID=9759) to work on /home/manisha/airflow_env/lib/python3.10/site-packages/airflow/example_dags/example_latest_only.py
[2024-06-18T11:51:38.240+0545] {processor.py:830} INFO - Processing file /home/manisha/airflow_env/lib/python3.10/site-packages/airflow/example_dags/example_latest_only.py for tasks to queue
[2024-06-18T11:51:38.244+0545] {logging_mixin.py:188} INFO - [2024-06-18T11:51:38.244+0545] {dagbag.py:545} INFO - Filling up the DagBag from /home/manisha/airflow_env/lib/python3.10/site-packages/airflow/example_dags/example_latest_only.py
[2024-06-18T11:51:38.256+0545] {processor.py:840} INFO - DAG(s) 'latest_only' retrieved from /home/manisha/airflow_env/lib/python3.10/site-packages/airflow/example_dags/example_latest_only.py
[2024-06-18T11:51:38.524+0545] {logging_mixin.py:188} INFO - [2024-06-18T11:51:38.524+0545] {dag.py:3096} INFO - Sync 1 DAGs
[2024-06-18T11:51:38.549+0545] {logging_mixin.py:188} INFO - [2024-06-18T11:51:38.549+0545] {dag.py:3954} INFO - Setting next_dagrun for latest_only to 2024-06-18 00:00:00+00:00, run_after=2024-06-18 04:00:00+00:00
[2024-06-18T11:51:38.740+0545] {processor.py:183} INFO - Processing /home/manisha/airflow_env/lib/python3.10/site-packages/airflow/example_dags/example_latest_only.py took 0.560 seconds
