[2024-06-18T10:57:09.062+0545] {processor.py:161} INFO - Started process (PID=4039) to work on /home/manisha/airflow_env/lib/python3.10/site-packages/airflow/example_dags/example_trigger_target_dag.py
[2024-06-18T10:57:09.063+0545] {processor.py:830} INFO - Processing file /home/manisha/airflow_env/lib/python3.10/site-packages/airflow/example_dags/example_trigger_target_dag.py for tasks to queue
[2024-06-18T10:57:09.064+0545] {logging_mixin.py:188} INFO - [2024-06-18T10:57:09.064+0545] {dagbag.py:545} INFO - Filling up the DagBag from /home/manisha/airflow_env/lib/python3.10/site-packages/airflow/example_dags/example_trigger_target_dag.py
[2024-06-18T10:57:09.070+0545] {processor.py:840} INFO - DAG(s) 'example_trigger_target_dag' retrieved from /home/manisha/airflow_env/lib/python3.10/site-packages/airflow/example_dags/example_trigger_target_dag.py
[2024-06-18T10:57:09.284+0545] {logging_mixin.py:188} INFO - [2024-06-18T10:57:09.281+0545] {override.py:1829} INFO - Created Permission View: can edit on DAG:example_trigger_target_dag
[2024-06-18T10:57:09.361+0545] {logging_mixin.py:188} INFO - [2024-06-18T10:57:09.360+0545] {override.py:1829} INFO - Created Permission View: can read on DAG:example_trigger_target_dag
[2024-06-18T10:57:09.429+0545] {logging_mixin.py:188} INFO - [2024-06-18T10:57:09.428+0545] {override.py:1829} INFO - Created Permission View: can delete on DAG:example_trigger_target_dag
[2024-06-18T10:57:09.431+0545] {logging_mixin.py:188} INFO - [2024-06-18T10:57:09.430+0545] {dag.py:3096} INFO - Sync 1 DAGs
[2024-06-18T10:57:09.466+0545] {logging_mixin.py:188} INFO - [2024-06-18T10:57:09.466+0545] {dag.py:3118} INFO - Creating ORM DAG for example_trigger_target_dag
[2024-06-18T10:57:09.467+0545] {logging_mixin.py:188} INFO - [2024-06-18T10:57:09.467+0545] {dag.py:3954} INFO - Setting next_dagrun for example_trigger_target_dag to None, run_after=None
[2024-06-18T10:57:09.586+0545] {processor.py:183} INFO - Processing /home/manisha/airflow_env/lib/python3.10/site-packages/airflow/example_dags/example_trigger_target_dag.py took 0.530 seconds
[2024-06-18T10:58:26.446+0545] {processor.py:161} INFO - Started process (PID=4155) to work on /home/manisha/airflow_env/lib/python3.10/site-packages/airflow/example_dags/example_trigger_target_dag.py
[2024-06-18T10:58:26.448+0545] {processor.py:830} INFO - Processing file /home/manisha/airflow_env/lib/python3.10/site-packages/airflow/example_dags/example_trigger_target_dag.py for tasks to queue
[2024-06-18T10:58:26.449+0545] {logging_mixin.py:188} INFO - [2024-06-18T10:58:26.449+0545] {dagbag.py:545} INFO - Filling up the DagBag from /home/manisha/airflow_env/lib/python3.10/site-packages/airflow/example_dags/example_trigger_target_dag.py
[2024-06-18T10:58:26.455+0545] {processor.py:840} INFO - DAG(s) 'example_trigger_target_dag' retrieved from /home/manisha/airflow_env/lib/python3.10/site-packages/airflow/example_dags/example_trigger_target_dag.py
[2024-06-18T10:58:26.469+0545] {logging_mixin.py:188} INFO - [2024-06-18T10:58:26.469+0545] {dag.py:3096} INFO - Sync 1 DAGs
[2024-06-18T10:58:26.481+0545] {logging_mixin.py:188} INFO - [2024-06-18T10:58:26.481+0545] {dag.py:3954} INFO - Setting next_dagrun for example_trigger_target_dag to None, run_after=None
[2024-06-18T10:58:27.053+0545] {processor.py:183} INFO - Processing /home/manisha/airflow_env/lib/python3.10/site-packages/airflow/example_dags/example_trigger_target_dag.py took 0.613 seconds
[2024-06-18T10:59:29.602+0545] {processor.py:161} INFO - Started process (PID=4208) to work on /home/manisha/airflow_env/lib/python3.10/site-packages/airflow/example_dags/example_trigger_target_dag.py
[2024-06-18T10:59:29.635+0545] {processor.py:830} INFO - Processing file /home/manisha/airflow_env/lib/python3.10/site-packages/airflow/example_dags/example_trigger_target_dag.py for tasks to queue
[2024-06-18T10:59:29.640+0545] {logging_mixin.py:188} INFO - [2024-06-18T10:59:29.639+0545] {dagbag.py:545} INFO - Filling up the DagBag from /home/manisha/airflow_env/lib/python3.10/site-packages/airflow/example_dags/example_trigger_target_dag.py
[2024-06-18T10:59:29.661+0545] {processor.py:840} INFO - DAG(s) 'example_trigger_target_dag' retrieved from /home/manisha/airflow_env/lib/python3.10/site-packages/airflow/example_dags/example_trigger_target_dag.py
[2024-06-18T10:59:29.686+0545] {logging_mixin.py:188} INFO - [2024-06-18T10:59:29.685+0545] {dag.py:3096} INFO - Sync 1 DAGs
[2024-06-18T10:59:29.697+0545] {logging_mixin.py:188} INFO - [2024-06-18T10:59:29.697+0545] {dag.py:3954} INFO - Setting next_dagrun for example_trigger_target_dag to None, run_after=None
[2024-06-18T10:59:29.822+0545] {processor.py:183} INFO - Processing /home/manisha/airflow_env/lib/python3.10/site-packages/airflow/example_dags/example_trigger_target_dag.py took 0.226 seconds
[2024-06-18T11:00:32.391+0545] {processor.py:161} INFO - Started process (PID=4350) to work on /home/manisha/airflow_env/lib/python3.10/site-packages/airflow/example_dags/example_trigger_target_dag.py
[2024-06-18T11:00:32.410+0545] {processor.py:830} INFO - Processing file /home/manisha/airflow_env/lib/python3.10/site-packages/airflow/example_dags/example_trigger_target_dag.py for tasks to queue
[2024-06-18T11:00:32.415+0545] {logging_mixin.py:188} INFO - [2024-06-18T11:00:32.414+0545] {dagbag.py:545} INFO - Filling up the DagBag from /home/manisha/airflow_env/lib/python3.10/site-packages/airflow/example_dags/example_trigger_target_dag.py
[2024-06-18T11:00:32.426+0545] {processor.py:840} INFO - DAG(s) 'example_trigger_target_dag' retrieved from /home/manisha/airflow_env/lib/python3.10/site-packages/airflow/example_dags/example_trigger_target_dag.py
[2024-06-18T11:00:32.449+0545] {logging_mixin.py:188} INFO - [2024-06-18T11:00:32.449+0545] {dag.py:3096} INFO - Sync 1 DAGs
[2024-06-18T11:00:32.461+0545] {logging_mixin.py:188} INFO - [2024-06-18T11:00:32.460+0545] {dag.py:3954} INFO - Setting next_dagrun for example_trigger_target_dag to None, run_after=None
[2024-06-18T11:00:32.579+0545] {processor.py:183} INFO - Processing /home/manisha/airflow_env/lib/python3.10/site-packages/airflow/example_dags/example_trigger_target_dag.py took 0.194 seconds
[2024-06-18T11:01:33.494+0545] {processor.py:161} INFO - Started process (PID=4403) to work on /home/manisha/airflow_env/lib/python3.10/site-packages/airflow/example_dags/example_trigger_target_dag.py
[2024-06-18T11:01:33.535+0545] {processor.py:830} INFO - Processing file /home/manisha/airflow_env/lib/python3.10/site-packages/airflow/example_dags/example_trigger_target_dag.py for tasks to queue
[2024-06-18T11:01:33.541+0545] {logging_mixin.py:188} INFO - [2024-06-18T11:01:33.540+0545] {dagbag.py:545} INFO - Filling up the DagBag from /home/manisha/airflow_env/lib/python3.10/site-packages/airflow/example_dags/example_trigger_target_dag.py
[2024-06-18T11:01:33.562+0545] {processor.py:840} INFO - DAG(s) 'example_trigger_target_dag' retrieved from /home/manisha/airflow_env/lib/python3.10/site-packages/airflow/example_dags/example_trigger_target_dag.py
[2024-06-18T11:01:33.584+0545] {logging_mixin.py:188} INFO - [2024-06-18T11:01:33.584+0545] {dag.py:3096} INFO - Sync 1 DAGs
[2024-06-18T11:01:33.595+0545] {logging_mixin.py:188} INFO - [2024-06-18T11:01:33.595+0545] {dag.py:3954} INFO - Setting next_dagrun for example_trigger_target_dag to None, run_after=None
[2024-06-18T11:01:33.717+0545] {processor.py:183} INFO - Processing /home/manisha/airflow_env/lib/python3.10/site-packages/airflow/example_dags/example_trigger_target_dag.py took 0.230 seconds
[2024-06-18T11:02:33.842+0545] {processor.py:161} INFO - Started process (PID=4455) to work on /home/manisha/airflow_env/lib/python3.10/site-packages/airflow/example_dags/example_trigger_target_dag.py
[2024-06-18T11:02:33.878+0545] {processor.py:830} INFO - Processing file /home/manisha/airflow_env/lib/python3.10/site-packages/airflow/example_dags/example_trigger_target_dag.py for tasks to queue
[2024-06-18T11:02:33.884+0545] {logging_mixin.py:188} INFO - [2024-06-18T11:02:33.883+0545] {dagbag.py:545} INFO - Filling up the DagBag from /home/manisha/airflow_env/lib/python3.10/site-packages/airflow/example_dags/example_trigger_target_dag.py
[2024-06-18T11:02:33.905+0545] {processor.py:840} INFO - DAG(s) 'example_trigger_target_dag' retrieved from /home/manisha/airflow_env/lib/python3.10/site-packages/airflow/example_dags/example_trigger_target_dag.py
[2024-06-18T11:02:33.929+0545] {logging_mixin.py:188} INFO - [2024-06-18T11:02:33.929+0545] {dag.py:3096} INFO - Sync 1 DAGs
[2024-06-18T11:02:33.941+0545] {logging_mixin.py:188} INFO - [2024-06-18T11:02:33.941+0545] {dag.py:3954} INFO - Setting next_dagrun for example_trigger_target_dag to None, run_after=None
[2024-06-18T11:02:34.053+0545] {processor.py:183} INFO - Processing /home/manisha/airflow_env/lib/python3.10/site-packages/airflow/example_dags/example_trigger_target_dag.py took 0.217 seconds
[2024-06-18T11:03:31.804+0545] {processor.py:161} INFO - Started process (PID=4508) to work on /home/manisha/airflow_env/lib/python3.10/site-packages/airflow/example_dags/example_trigger_target_dag.py
[2024-06-18T11:03:31.807+0545] {processor.py:830} INFO - Processing file /home/manisha/airflow_env/lib/python3.10/site-packages/airflow/example_dags/example_trigger_target_dag.py for tasks to queue
[2024-06-18T11:03:31.811+0545] {logging_mixin.py:188} INFO - [2024-06-18T11:03:31.810+0545] {dagbag.py:545} INFO - Filling up the DagBag from /home/manisha/airflow_env/lib/python3.10/site-packages/airflow/example_dags/example_trigger_target_dag.py
[2024-06-18T11:03:31.820+0545] {processor.py:840} INFO - DAG(s) 'example_trigger_target_dag' retrieved from /home/manisha/airflow_env/lib/python3.10/site-packages/airflow/example_dags/example_trigger_target_dag.py
[2024-06-18T11:03:31.837+0545] {logging_mixin.py:188} INFO - [2024-06-18T11:03:31.836+0545] {dag.py:3096} INFO - Sync 1 DAGs
[2024-06-18T11:03:31.849+0545] {logging_mixin.py:188} INFO - [2024-06-18T11:03:31.848+0545] {dag.py:3954} INFO - Setting next_dagrun for example_trigger_target_dag to None, run_after=None
[2024-06-18T11:03:31.977+0545] {processor.py:183} INFO - Processing /home/manisha/airflow_env/lib/python3.10/site-packages/airflow/example_dags/example_trigger_target_dag.py took 0.192 seconds
[2024-06-18T11:04:32.692+0545] {processor.py:161} INFO - Started process (PID=4564) to work on /home/manisha/airflow_env/lib/python3.10/site-packages/airflow/example_dags/example_trigger_target_dag.py
[2024-06-18T11:04:32.723+0545] {processor.py:830} INFO - Processing file /home/manisha/airflow_env/lib/python3.10/site-packages/airflow/example_dags/example_trigger_target_dag.py for tasks to queue
[2024-06-18T11:04:32.729+0545] {logging_mixin.py:188} INFO - [2024-06-18T11:04:32.727+0545] {dagbag.py:545} INFO - Filling up the DagBag from /home/manisha/airflow_env/lib/python3.10/site-packages/airflow/example_dags/example_trigger_target_dag.py
[2024-06-18T11:04:32.749+0545] {processor.py:840} INFO - DAG(s) 'example_trigger_target_dag' retrieved from /home/manisha/airflow_env/lib/python3.10/site-packages/airflow/example_dags/example_trigger_target_dag.py
[2024-06-18T11:04:32.773+0545] {logging_mixin.py:188} INFO - [2024-06-18T11:04:32.772+0545] {dag.py:3096} INFO - Sync 1 DAGs
[2024-06-18T11:04:32.784+0545] {logging_mixin.py:188} INFO - [2024-06-18T11:04:32.784+0545] {dag.py:3954} INFO - Setting next_dagrun for example_trigger_target_dag to None, run_after=None
[2024-06-18T11:04:32.906+0545] {processor.py:183} INFO - Processing /home/manisha/airflow_env/lib/python3.10/site-packages/airflow/example_dags/example_trigger_target_dag.py took 0.220 seconds
[2024-06-18T11:06:15.337+0545] {processor.py:161} INFO - Started process (PID=4780) to work on /home/manisha/airflow_env/lib/python3.10/site-packages/airflow/example_dags/example_trigger_target_dag.py
[2024-06-18T11:06:15.339+0545] {processor.py:830} INFO - Processing file /home/manisha/airflow_env/lib/python3.10/site-packages/airflow/example_dags/example_trigger_target_dag.py for tasks to queue
[2024-06-18T11:06:15.342+0545] {logging_mixin.py:188} INFO - [2024-06-18T11:06:15.342+0545] {dagbag.py:545} INFO - Filling up the DagBag from /home/manisha/airflow_env/lib/python3.10/site-packages/airflow/example_dags/example_trigger_target_dag.py
[2024-06-18T11:06:15.349+0545] {processor.py:840} INFO - DAG(s) 'example_trigger_target_dag' retrieved from /home/manisha/airflow_env/lib/python3.10/site-packages/airflow/example_dags/example_trigger_target_dag.py
[2024-06-18T11:06:15.369+0545] {logging_mixin.py:188} INFO - [2024-06-18T11:06:15.368+0545] {dag.py:3096} INFO - Sync 1 DAGs
[2024-06-18T11:06:15.384+0545] {logging_mixin.py:188} INFO - [2024-06-18T11:06:15.384+0545] {dag.py:3954} INFO - Setting next_dagrun for example_trigger_target_dag to None, run_after=None
[2024-06-18T11:06:15.481+0545] {processor.py:183} INFO - Processing /home/manisha/airflow_env/lib/python3.10/site-packages/airflow/example_dags/example_trigger_target_dag.py took 0.162 seconds
[2024-06-18T11:07:15.126+0545] {processor.py:161} INFO - Started process (PID=4928) to work on /home/manisha/airflow_env/lib/python3.10/site-packages/airflow/example_dags/example_trigger_target_dag.py
[2024-06-18T11:07:15.128+0545] {processor.py:830} INFO - Processing file /home/manisha/airflow_env/lib/python3.10/site-packages/airflow/example_dags/example_trigger_target_dag.py for tasks to queue
[2024-06-18T11:07:15.133+0545] {logging_mixin.py:188} INFO - [2024-06-18T11:07:15.132+0545] {dagbag.py:545} INFO - Filling up the DagBag from /home/manisha/airflow_env/lib/python3.10/site-packages/airflow/example_dags/example_trigger_target_dag.py
[2024-06-18T11:07:15.151+0545] {processor.py:840} INFO - DAG(s) 'example_trigger_target_dag' retrieved from /home/manisha/airflow_env/lib/python3.10/site-packages/airflow/example_dags/example_trigger_target_dag.py
[2024-06-18T11:07:15.172+0545] {logging_mixin.py:188} INFO - [2024-06-18T11:07:15.172+0545] {dag.py:3096} INFO - Sync 1 DAGs
[2024-06-18T11:07:15.183+0545] {logging_mixin.py:188} INFO - [2024-06-18T11:07:15.183+0545] {dag.py:3954} INFO - Setting next_dagrun for example_trigger_target_dag to None, run_after=None
[2024-06-18T11:07:15.288+0545] {processor.py:183} INFO - Processing /home/manisha/airflow_env/lib/python3.10/site-packages/airflow/example_dags/example_trigger_target_dag.py took 0.167 seconds
[2024-06-18T11:08:11.654+0545] {processor.py:161} INFO - Started process (PID=4987) to work on /home/manisha/airflow_env/lib/python3.10/site-packages/airflow/example_dags/example_trigger_target_dag.py
[2024-06-18T11:08:11.700+0545] {processor.py:830} INFO - Processing file /home/manisha/airflow_env/lib/python3.10/site-packages/airflow/example_dags/example_trigger_target_dag.py for tasks to queue
[2024-06-18T11:08:11.706+0545] {logging_mixin.py:188} INFO - [2024-06-18T11:08:11.704+0545] {dagbag.py:545} INFO - Filling up the DagBag from /home/manisha/airflow_env/lib/python3.10/site-packages/airflow/example_dags/example_trigger_target_dag.py
[2024-06-18T11:08:11.726+0545] {processor.py:840} INFO - DAG(s) 'example_trigger_target_dag' retrieved from /home/manisha/airflow_env/lib/python3.10/site-packages/airflow/example_dags/example_trigger_target_dag.py
[2024-06-18T11:08:11.750+0545] {logging_mixin.py:188} INFO - [2024-06-18T11:08:11.749+0545] {dag.py:3096} INFO - Sync 1 DAGs
[2024-06-18T11:08:11.761+0545] {logging_mixin.py:188} INFO - [2024-06-18T11:08:11.761+0545] {dag.py:3954} INFO - Setting next_dagrun for example_trigger_target_dag to None, run_after=None
[2024-06-18T11:08:11.917+0545] {processor.py:183} INFO - Processing /home/manisha/airflow_env/lib/python3.10/site-packages/airflow/example_dags/example_trigger_target_dag.py took 0.269 seconds
[2024-06-18T11:09:14.095+0545] {processor.py:161} INFO - Started process (PID=5625) to work on /home/manisha/airflow_env/lib/python3.10/site-packages/airflow/example_dags/example_trigger_target_dag.py
[2024-06-18T11:09:14.129+0545] {processor.py:830} INFO - Processing file /home/manisha/airflow_env/lib/python3.10/site-packages/airflow/example_dags/example_trigger_target_dag.py for tasks to queue
[2024-06-18T11:09:14.134+0545] {logging_mixin.py:188} INFO - [2024-06-18T11:09:14.133+0545] {dagbag.py:545} INFO - Filling up the DagBag from /home/manisha/airflow_env/lib/python3.10/site-packages/airflow/example_dags/example_trigger_target_dag.py
[2024-06-18T11:09:14.149+0545] {processor.py:840} INFO - DAG(s) 'example_trigger_target_dag' retrieved from /home/manisha/airflow_env/lib/python3.10/site-packages/airflow/example_dags/example_trigger_target_dag.py
[2024-06-18T11:09:14.167+0545] {logging_mixin.py:188} INFO - [2024-06-18T11:09:14.166+0545] {dag.py:3096} INFO - Sync 1 DAGs
[2024-06-18T11:09:14.180+0545] {logging_mixin.py:188} INFO - [2024-06-18T11:09:14.180+0545] {dag.py:3954} INFO - Setting next_dagrun for example_trigger_target_dag to None, run_after=None
[2024-06-18T11:09:14.268+0545] {processor.py:183} INFO - Processing /home/manisha/airflow_env/lib/python3.10/site-packages/airflow/example_dags/example_trigger_target_dag.py took 0.187 seconds
[2024-06-18T11:44:00.821+0545] {processor.py:161} INFO - Started process (PID=8316) to work on /home/manisha/airflow_env/lib/python3.10/site-packages/airflow/example_dags/example_trigger_target_dag.py
[2024-06-18T11:44:00.825+0545] {processor.py:830} INFO - Processing file /home/manisha/airflow_env/lib/python3.10/site-packages/airflow/example_dags/example_trigger_target_dag.py for tasks to queue
[2024-06-18T11:44:00.826+0545] {logging_mixin.py:188} INFO - [2024-06-18T11:44:00.826+0545] {dagbag.py:545} INFO - Filling up the DagBag from /home/manisha/airflow_env/lib/python3.10/site-packages/airflow/example_dags/example_trigger_target_dag.py
[2024-06-18T11:44:00.832+0545] {processor.py:840} INFO - DAG(s) 'example_trigger_target_dag' retrieved from /home/manisha/airflow_env/lib/python3.10/site-packages/airflow/example_dags/example_trigger_target_dag.py
[2024-06-18T11:44:00.846+0545] {logging_mixin.py:188} INFO - [2024-06-18T11:44:00.846+0545] {dag.py:3096} INFO - Sync 1 DAGs
[2024-06-18T11:44:00.858+0545] {logging_mixin.py:188} INFO - [2024-06-18T11:44:00.858+0545] {dag.py:3954} INFO - Setting next_dagrun for example_trigger_target_dag to None, run_after=None
[2024-06-18T11:44:00.949+0545] {processor.py:183} INFO - Processing /home/manisha/airflow_env/lib/python3.10/site-packages/airflow/example_dags/example_trigger_target_dag.py took 0.133 seconds
[2024-06-18T11:44:34.142+0545] {processor.py:161} INFO - Started process (PID=8372) to work on /home/manisha/airflow_env/lib/python3.10/site-packages/airflow/example_dags/example_trigger_target_dag.py
[2024-06-18T11:44:34.153+0545] {processor.py:830} INFO - Processing file /home/manisha/airflow_env/lib/python3.10/site-packages/airflow/example_dags/example_trigger_target_dag.py for tasks to queue
[2024-06-18T11:44:34.154+0545] {logging_mixin.py:188} INFO - [2024-06-18T11:44:34.153+0545] {dagbag.py:545} INFO - Filling up the DagBag from /home/manisha/airflow_env/lib/python3.10/site-packages/airflow/example_dags/example_trigger_target_dag.py
[2024-06-18T11:44:34.159+0545] {processor.py:840} INFO - DAG(s) 'example_trigger_target_dag' retrieved from /home/manisha/airflow_env/lib/python3.10/site-packages/airflow/example_dags/example_trigger_target_dag.py
[2024-06-18T11:44:34.346+0545] {logging_mixin.py:188} INFO - [2024-06-18T11:44:34.346+0545] {dag.py:3096} INFO - Sync 1 DAGs
[2024-06-18T11:44:34.360+0545] {logging_mixin.py:188} INFO - [2024-06-18T11:44:34.359+0545] {dag.py:3954} INFO - Setting next_dagrun for example_trigger_target_dag to None, run_after=None
[2024-06-18T11:44:34.576+0545] {processor.py:183} INFO - Processing /home/manisha/airflow_env/lib/python3.10/site-packages/airflow/example_dags/example_trigger_target_dag.py took 0.439 seconds
[2024-06-18T11:45:04.878+0545] {processor.py:161} INFO - Started process (PID=8426) to work on /home/manisha/airflow_env/lib/python3.10/site-packages/airflow/example_dags/example_trigger_target_dag.py
[2024-06-18T11:45:04.879+0545] {processor.py:830} INFO - Processing file /home/manisha/airflow_env/lib/python3.10/site-packages/airflow/example_dags/example_trigger_target_dag.py for tasks to queue
[2024-06-18T11:45:04.880+0545] {logging_mixin.py:188} INFO - [2024-06-18T11:45:04.880+0545] {dagbag.py:545} INFO - Filling up the DagBag from /home/manisha/airflow_env/lib/python3.10/site-packages/airflow/example_dags/example_trigger_target_dag.py
[2024-06-18T11:45:04.887+0545] {processor.py:840} INFO - DAG(s) 'example_trigger_target_dag' retrieved from /home/manisha/airflow_env/lib/python3.10/site-packages/airflow/example_dags/example_trigger_target_dag.py
[2024-06-18T11:45:04.995+0545] {logging_mixin.py:188} INFO - [2024-06-18T11:45:04.994+0545] {dag.py:3096} INFO - Sync 1 DAGs
[2024-06-18T11:45:05.010+0545] {logging_mixin.py:188} INFO - [2024-06-18T11:45:05.010+0545] {dag.py:3954} INFO - Setting next_dagrun for example_trigger_target_dag to None, run_after=None
[2024-06-18T11:45:05.072+0545] {processor.py:183} INFO - Processing /home/manisha/airflow_env/lib/python3.10/site-packages/airflow/example_dags/example_trigger_target_dag.py took 0.201 seconds
[2024-06-18T11:45:35.672+0545] {processor.py:161} INFO - Started process (PID=8477) to work on /home/manisha/airflow_env/lib/python3.10/site-packages/airflow/example_dags/example_trigger_target_dag.py
[2024-06-18T11:45:35.673+0545] {processor.py:830} INFO - Processing file /home/manisha/airflow_env/lib/python3.10/site-packages/airflow/example_dags/example_trigger_target_dag.py for tasks to queue
[2024-06-18T11:45:35.674+0545] {logging_mixin.py:188} INFO - [2024-06-18T11:45:35.674+0545] {dagbag.py:545} INFO - Filling up the DagBag from /home/manisha/airflow_env/lib/python3.10/site-packages/airflow/example_dags/example_trigger_target_dag.py
[2024-06-18T11:45:35.679+0545] {processor.py:840} INFO - DAG(s) 'example_trigger_target_dag' retrieved from /home/manisha/airflow_env/lib/python3.10/site-packages/airflow/example_dags/example_trigger_target_dag.py
[2024-06-18T11:45:35.700+0545] {logging_mixin.py:188} INFO - [2024-06-18T11:45:35.699+0545] {dag.py:3096} INFO - Sync 1 DAGs
[2024-06-18T11:45:35.711+0545] {logging_mixin.py:188} INFO - [2024-06-18T11:45:35.711+0545] {dag.py:3954} INFO - Setting next_dagrun for example_trigger_target_dag to None, run_after=None
[2024-06-18T11:45:35.926+0545] {processor.py:183} INFO - Processing /home/manisha/airflow_env/lib/python3.10/site-packages/airflow/example_dags/example_trigger_target_dag.py took 0.260 seconds
[2024-06-18T11:46:06.041+0545] {processor.py:161} INFO - Started process (PID=8530) to work on /home/manisha/airflow_env/lib/python3.10/site-packages/airflow/example_dags/example_trigger_target_dag.py
[2024-06-18T11:46:06.057+0545] {processor.py:830} INFO - Processing file /home/manisha/airflow_env/lib/python3.10/site-packages/airflow/example_dags/example_trigger_target_dag.py for tasks to queue
[2024-06-18T11:46:06.058+0545] {logging_mixin.py:188} INFO - [2024-06-18T11:46:06.058+0545] {dagbag.py:545} INFO - Filling up the DagBag from /home/manisha/airflow_env/lib/python3.10/site-packages/airflow/example_dags/example_trigger_target_dag.py
[2024-06-18T11:46:06.065+0545] {processor.py:840} INFO - DAG(s) 'example_trigger_target_dag' retrieved from /home/manisha/airflow_env/lib/python3.10/site-packages/airflow/example_dags/example_trigger_target_dag.py
[2024-06-18T11:46:06.094+0545] {logging_mixin.py:188} INFO - [2024-06-18T11:46:06.094+0545] {dag.py:3096} INFO - Sync 1 DAGs
[2024-06-18T11:46:06.116+0545] {logging_mixin.py:188} INFO - [2024-06-18T11:46:06.116+0545] {dag.py:3954} INFO - Setting next_dagrun for example_trigger_target_dag to None, run_after=None
[2024-06-18T11:46:06.209+0545] {processor.py:183} INFO - Processing /home/manisha/airflow_env/lib/python3.10/site-packages/airflow/example_dags/example_trigger_target_dag.py took 0.177 seconds
[2024-06-18T11:46:36.900+0545] {processor.py:161} INFO - Started process (PID=8581) to work on /home/manisha/airflow_env/lib/python3.10/site-packages/airflow/example_dags/example_trigger_target_dag.py
[2024-06-18T11:46:36.900+0545] {processor.py:830} INFO - Processing file /home/manisha/airflow_env/lib/python3.10/site-packages/airflow/example_dags/example_trigger_target_dag.py for tasks to queue
[2024-06-18T11:46:36.902+0545] {logging_mixin.py:188} INFO - [2024-06-18T11:46:36.901+0545] {dagbag.py:545} INFO - Filling up the DagBag from /home/manisha/airflow_env/lib/python3.10/site-packages/airflow/example_dags/example_trigger_target_dag.py
[2024-06-18T11:46:36.907+0545] {processor.py:840} INFO - DAG(s) 'example_trigger_target_dag' retrieved from /home/manisha/airflow_env/lib/python3.10/site-packages/airflow/example_dags/example_trigger_target_dag.py
[2024-06-18T11:46:36.927+0545] {logging_mixin.py:188} INFO - [2024-06-18T11:46:36.927+0545] {dag.py:3096} INFO - Sync 1 DAGs
[2024-06-18T11:46:36.939+0545] {logging_mixin.py:188} INFO - [2024-06-18T11:46:36.939+0545] {dag.py:3954} INFO - Setting next_dagrun for example_trigger_target_dag to None, run_after=None
[2024-06-18T11:46:37.044+0545] {processor.py:183} INFO - Processing /home/manisha/airflow_env/lib/python3.10/site-packages/airflow/example_dags/example_trigger_target_dag.py took 0.149 seconds
[2024-06-18T11:47:07.477+0545] {processor.py:161} INFO - Started process (PID=8632) to work on /home/manisha/airflow_env/lib/python3.10/site-packages/airflow/example_dags/example_trigger_target_dag.py
[2024-06-18T11:47:07.478+0545] {processor.py:830} INFO - Processing file /home/manisha/airflow_env/lib/python3.10/site-packages/airflow/example_dags/example_trigger_target_dag.py for tasks to queue
[2024-06-18T11:47:07.479+0545] {logging_mixin.py:188} INFO - [2024-06-18T11:47:07.479+0545] {dagbag.py:545} INFO - Filling up the DagBag from /home/manisha/airflow_env/lib/python3.10/site-packages/airflow/example_dags/example_trigger_target_dag.py
[2024-06-18T11:47:07.484+0545] {processor.py:840} INFO - DAG(s) 'example_trigger_target_dag' retrieved from /home/manisha/airflow_env/lib/python3.10/site-packages/airflow/example_dags/example_trigger_target_dag.py
[2024-06-18T11:47:07.507+0545] {logging_mixin.py:188} INFO - [2024-06-18T11:47:07.506+0545] {dag.py:3096} INFO - Sync 1 DAGs
[2024-06-18T11:47:07.521+0545] {logging_mixin.py:188} INFO - [2024-06-18T11:47:07.521+0545] {dag.py:3954} INFO - Setting next_dagrun for example_trigger_target_dag to None, run_after=None
[2024-06-18T11:47:07.604+0545] {processor.py:183} INFO - Processing /home/manisha/airflow_env/lib/python3.10/site-packages/airflow/example_dags/example_trigger_target_dag.py took 0.132 seconds
[2024-06-18T11:47:37.745+0545] {processor.py:161} INFO - Started process (PID=8684) to work on /home/manisha/airflow_env/lib/python3.10/site-packages/airflow/example_dags/example_trigger_target_dag.py
[2024-06-18T11:47:37.746+0545] {processor.py:830} INFO - Processing file /home/manisha/airflow_env/lib/python3.10/site-packages/airflow/example_dags/example_trigger_target_dag.py for tasks to queue
[2024-06-18T11:47:37.747+0545] {logging_mixin.py:188} INFO - [2024-06-18T11:47:37.747+0545] {dagbag.py:545} INFO - Filling up the DagBag from /home/manisha/airflow_env/lib/python3.10/site-packages/airflow/example_dags/example_trigger_target_dag.py
[2024-06-18T11:47:37.752+0545] {processor.py:840} INFO - DAG(s) 'example_trigger_target_dag' retrieved from /home/manisha/airflow_env/lib/python3.10/site-packages/airflow/example_dags/example_trigger_target_dag.py
[2024-06-18T11:47:37.780+0545] {logging_mixin.py:188} INFO - [2024-06-18T11:47:37.780+0545] {dag.py:3096} INFO - Sync 1 DAGs
[2024-06-18T11:47:37.792+0545] {logging_mixin.py:188} INFO - [2024-06-18T11:47:37.792+0545] {dag.py:3954} INFO - Setting next_dagrun for example_trigger_target_dag to None, run_after=None
[2024-06-18T11:47:37.918+0545] {processor.py:183} INFO - Processing /home/manisha/airflow_env/lib/python3.10/site-packages/airflow/example_dags/example_trigger_target_dag.py took 0.178 seconds
[2024-06-18T11:48:31.255+0545] {processor.py:161} INFO - Started process (PID=8765) to work on /home/manisha/airflow_env/lib/python3.10/site-packages/airflow/example_dags/example_trigger_target_dag.py
[2024-06-18T11:48:31.255+0545] {processor.py:830} INFO - Processing file /home/manisha/airflow_env/lib/python3.10/site-packages/airflow/example_dags/example_trigger_target_dag.py for tasks to queue
[2024-06-18T11:48:31.257+0545] {logging_mixin.py:188} INFO - [2024-06-18T11:48:31.257+0545] {dagbag.py:545} INFO - Filling up the DagBag from /home/manisha/airflow_env/lib/python3.10/site-packages/airflow/example_dags/example_trigger_target_dag.py
[2024-06-18T11:48:31.264+0545] {processor.py:840} INFO - DAG(s) 'example_trigger_target_dag' retrieved from /home/manisha/airflow_env/lib/python3.10/site-packages/airflow/example_dags/example_trigger_target_dag.py
[2024-06-18T11:48:31.280+0545] {logging_mixin.py:188} INFO - [2024-06-18T11:48:31.280+0545] {dag.py:3096} INFO - Sync 1 DAGs
[2024-06-18T11:48:31.293+0545] {logging_mixin.py:188} INFO - [2024-06-18T11:48:31.293+0545] {dag.py:3954} INFO - Setting next_dagrun for example_trigger_target_dag to None, run_after=None
[2024-06-18T11:48:31.369+0545] {processor.py:183} INFO - Processing /home/manisha/airflow_env/lib/python3.10/site-packages/airflow/example_dags/example_trigger_target_dag.py took 0.120 seconds
[2024-06-18T11:49:05.216+0545] {processor.py:161} INFO - Started process (PID=8876) to work on /home/manisha/airflow_env/lib/python3.10/site-packages/airflow/example_dags/example_trigger_target_dag.py
[2024-06-18T11:49:05.217+0545] {processor.py:830} INFO - Processing file /home/manisha/airflow_env/lib/python3.10/site-packages/airflow/example_dags/example_trigger_target_dag.py for tasks to queue
[2024-06-18T11:49:05.220+0545] {logging_mixin.py:188} INFO - [2024-06-18T11:49:05.219+0545] {dagbag.py:545} INFO - Filling up the DagBag from /home/manisha/airflow_env/lib/python3.10/site-packages/airflow/example_dags/example_trigger_target_dag.py
[2024-06-18T11:49:05.227+0545] {processor.py:840} INFO - DAG(s) 'example_trigger_target_dag' retrieved from /home/manisha/airflow_env/lib/python3.10/site-packages/airflow/example_dags/example_trigger_target_dag.py
[2024-06-18T11:49:05.438+0545] {logging_mixin.py:188} INFO - [2024-06-18T11:49:05.438+0545] {dag.py:3096} INFO - Sync 1 DAGs
[2024-06-18T11:49:05.449+0545] {logging_mixin.py:188} INFO - [2024-06-18T11:49:05.449+0545] {dag.py:3954} INFO - Setting next_dagrun for example_trigger_target_dag to None, run_after=None
[2024-06-18T11:49:05.506+0545] {processor.py:183} INFO - Processing /home/manisha/airflow_env/lib/python3.10/site-packages/airflow/example_dags/example_trigger_target_dag.py took 0.297 seconds
[2024-06-18T11:49:35.937+0545] {processor.py:161} INFO - Started process (PID=8944) to work on /home/manisha/airflow_env/lib/python3.10/site-packages/airflow/example_dags/example_trigger_target_dag.py
[2024-06-18T11:49:35.965+0545] {processor.py:830} INFO - Processing file /home/manisha/airflow_env/lib/python3.10/site-packages/airflow/example_dags/example_trigger_target_dag.py for tasks to queue
[2024-06-18T11:49:35.967+0545] {logging_mixin.py:188} INFO - [2024-06-18T11:49:35.966+0545] {dagbag.py:545} INFO - Filling up the DagBag from /home/manisha/airflow_env/lib/python3.10/site-packages/airflow/example_dags/example_trigger_target_dag.py
[2024-06-18T11:49:35.973+0545] {processor.py:840} INFO - DAG(s) 'example_trigger_target_dag' retrieved from /home/manisha/airflow_env/lib/python3.10/site-packages/airflow/example_dags/example_trigger_target_dag.py
[2024-06-18T11:49:36.090+0545] {logging_mixin.py:188} INFO - [2024-06-18T11:49:36.089+0545] {dag.py:3096} INFO - Sync 1 DAGs
[2024-06-18T11:49:36.103+0545] {logging_mixin.py:188} INFO - [2024-06-18T11:49:36.103+0545] {dag.py:3954} INFO - Setting next_dagrun for example_trigger_target_dag to None, run_after=None
[2024-06-18T11:49:36.326+0545] {processor.py:183} INFO - Processing /home/manisha/airflow_env/lib/python3.10/site-packages/airflow/example_dags/example_trigger_target_dag.py took 0.395 seconds
[2024-06-18T11:50:06.604+0545] {processor.py:161} INFO - Started process (PID=9000) to work on /home/manisha/airflow_env/lib/python3.10/site-packages/airflow/example_dags/example_trigger_target_dag.py
[2024-06-18T11:50:06.604+0545] {processor.py:830} INFO - Processing file /home/manisha/airflow_env/lib/python3.10/site-packages/airflow/example_dags/example_trigger_target_dag.py for tasks to queue
[2024-06-18T11:50:06.606+0545] {logging_mixin.py:188} INFO - [2024-06-18T11:50:06.606+0545] {dagbag.py:545} INFO - Filling up the DagBag from /home/manisha/airflow_env/lib/python3.10/site-packages/airflow/example_dags/example_trigger_target_dag.py
[2024-06-18T11:50:06.612+0545] {processor.py:840} INFO - DAG(s) 'example_trigger_target_dag' retrieved from /home/manisha/airflow_env/lib/python3.10/site-packages/airflow/example_dags/example_trigger_target_dag.py
[2024-06-18T11:50:06.634+0545] {logging_mixin.py:188} INFO - [2024-06-18T11:50:06.634+0545] {dag.py:3096} INFO - Sync 1 DAGs
[2024-06-18T11:50:06.647+0545] {logging_mixin.py:188} INFO - [2024-06-18T11:50:06.646+0545] {dag.py:3954} INFO - Setting next_dagrun for example_trigger_target_dag to None, run_after=None
[2024-06-18T11:50:06.951+0545] {processor.py:183} INFO - Processing /home/manisha/airflow_env/lib/python3.10/site-packages/airflow/example_dags/example_trigger_target_dag.py took 0.356 seconds
[2024-06-18T11:50:37.350+0545] {processor.py:161} INFO - Started process (PID=9063) to work on /home/manisha/airflow_env/lib/python3.10/site-packages/airflow/example_dags/example_trigger_target_dag.py
[2024-06-18T11:50:37.408+0545] {processor.py:830} INFO - Processing file /home/manisha/airflow_env/lib/python3.10/site-packages/airflow/example_dags/example_trigger_target_dag.py for tasks to queue
[2024-06-18T11:50:37.413+0545] {logging_mixin.py:188} INFO - [2024-06-18T11:50:37.412+0545] {dagbag.py:545} INFO - Filling up the DagBag from /home/manisha/airflow_env/lib/python3.10/site-packages/airflow/example_dags/example_trigger_target_dag.py
[2024-06-18T11:50:37.430+0545] {processor.py:840} INFO - DAG(s) 'example_trigger_target_dag' retrieved from /home/manisha/airflow_env/lib/python3.10/site-packages/airflow/example_dags/example_trigger_target_dag.py
[2024-06-18T11:50:37.463+0545] {logging_mixin.py:188} INFO - [2024-06-18T11:50:37.463+0545] {dag.py:3096} INFO - Sync 1 DAGs
[2024-06-18T11:50:37.475+0545] {logging_mixin.py:188} INFO - [2024-06-18T11:50:37.475+0545] {dag.py:3954} INFO - Setting next_dagrun for example_trigger_target_dag to None, run_after=None
[2024-06-18T11:50:37.648+0545] {processor.py:183} INFO - Processing /home/manisha/airflow_env/lib/python3.10/site-packages/airflow/example_dags/example_trigger_target_dag.py took 0.303 seconds
[2024-06-18T11:50:58.787+0545] {processor.py:161} INFO - Started process (PID=9361) to work on /home/manisha/airflow_env/lib/python3.10/site-packages/airflow/example_dags/example_trigger_target_dag.py
[2024-06-18T11:50:58.788+0545] {processor.py:830} INFO - Processing file /home/manisha/airflow_env/lib/python3.10/site-packages/airflow/example_dags/example_trigger_target_dag.py for tasks to queue
[2024-06-18T11:50:58.789+0545] {logging_mixin.py:188} INFO - [2024-06-18T11:50:58.789+0545] {dagbag.py:545} INFO - Filling up the DagBag from /home/manisha/airflow_env/lib/python3.10/site-packages/airflow/example_dags/example_trigger_target_dag.py
[2024-06-18T11:50:58.797+0545] {processor.py:840} INFO - DAG(s) 'example_trigger_target_dag' retrieved from /home/manisha/airflow_env/lib/python3.10/site-packages/airflow/example_dags/example_trigger_target_dag.py
[2024-06-18T11:50:58.818+0545] {logging_mixin.py:188} INFO - [2024-06-18T11:50:58.818+0545] {dag.py:3096} INFO - Sync 1 DAGs
[2024-06-18T11:50:58.832+0545] {logging_mixin.py:188} INFO - [2024-06-18T11:50:58.832+0545] {dag.py:3954} INFO - Setting next_dagrun for example_trigger_target_dag to None, run_after=None
[2024-06-18T11:50:59.040+0545] {processor.py:183} INFO - Processing /home/manisha/airflow_env/lib/python3.10/site-packages/airflow/example_dags/example_trigger_target_dag.py took 0.260 seconds
[2024-06-18T11:51:32.385+0545] {processor.py:161} INFO - Started process (PID=9634) to work on /home/manisha/airflow_env/lib/python3.10/site-packages/airflow/example_dags/example_trigger_target_dag.py
[2024-06-18T11:51:32.413+0545] {processor.py:830} INFO - Processing file /home/manisha/airflow_env/lib/python3.10/site-packages/airflow/example_dags/example_trigger_target_dag.py for tasks to queue
[2024-06-18T11:51:32.419+0545] {logging_mixin.py:188} INFO - [2024-06-18T11:51:32.418+0545] {dagbag.py:545} INFO - Filling up the DagBag from /home/manisha/airflow_env/lib/python3.10/site-packages/airflow/example_dags/example_trigger_target_dag.py
[2024-06-18T11:51:32.438+0545] {processor.py:840} INFO - DAG(s) 'example_trigger_target_dag' retrieved from /home/manisha/airflow_env/lib/python3.10/site-packages/airflow/example_dags/example_trigger_target_dag.py
[2024-06-18T11:51:32.697+0545] {logging_mixin.py:188} INFO - [2024-06-18T11:51:32.697+0545] {dag.py:3096} INFO - Sync 1 DAGs
[2024-06-18T11:51:32.712+0545] {logging_mixin.py:188} INFO - [2024-06-18T11:51:32.712+0545] {dag.py:3954} INFO - Setting next_dagrun for example_trigger_target_dag to None, run_after=None
[2024-06-18T11:51:32.893+0545] {processor.py:183} INFO - Processing /home/manisha/airflow_env/lib/python3.10/site-packages/airflow/example_dags/example_trigger_target_dag.py took 0.516 seconds
