[2024-06-18T10:56:58.791+0545] {processor.py:161} INFO - Started process (PID=4033) to work on /home/manisha/airflow_env/lib/python3.10/site-packages/airflow/example_dags/example_sensors.py
[2024-06-18T10:56:58.792+0545] {processor.py:830} INFO - Processing file /home/manisha/airflow_env/lib/python3.10/site-packages/airflow/example_dags/example_sensors.py for tasks to queue
[2024-06-18T10:56:58.793+0545] {logging_mixin.py:188} INFO - [2024-06-18T10:56:58.793+0545] {dagbag.py:545} INFO - Filling up the DagBag from /home/manisha/airflow_env/lib/python3.10/site-packages/airflow/example_dags/example_sensors.py
[2024-06-18T10:56:58.805+0545] {processor.py:840} INFO - DAG(s) 'example_sensors' retrieved from /home/manisha/airflow_env/lib/python3.10/site-packages/airflow/example_dags/example_sensors.py
[2024-06-18T10:56:59.082+0545] {logging_mixin.py:188} INFO - [2024-06-18T10:56:59.080+0545] {override.py:1829} INFO - Created Permission View: can edit on DAG:example_sensors
[2024-06-18T10:56:59.160+0545] {logging_mixin.py:188} INFO - [2024-06-18T10:56:59.159+0545] {override.py:1829} INFO - Created Permission View: can read on DAG:example_sensors
[2024-06-18T10:56:59.228+0545] {logging_mixin.py:188} INFO - [2024-06-18T10:56:59.226+0545] {override.py:1829} INFO - Created Permission View: can delete on DAG:example_sensors
[2024-06-18T10:56:59.230+0545] {logging_mixin.py:188} INFO - [2024-06-18T10:56:59.229+0545] {dag.py:3096} INFO - Sync 1 DAGs
[2024-06-18T10:56:59.267+0545] {logging_mixin.py:188} INFO - [2024-06-18T10:56:59.266+0545] {dag.py:3118} INFO - Creating ORM DAG for example_sensors
[2024-06-18T10:56:59.268+0545] {logging_mixin.py:188} INFO - [2024-06-18T10:56:59.267+0545] {dag.py:3954} INFO - Setting next_dagrun for example_sensors to None, run_after=None
[2024-06-18T10:56:59.372+0545] {processor.py:183} INFO - Processing /home/manisha/airflow_env/lib/python3.10/site-packages/airflow/example_dags/example_sensors.py took 0.587 seconds
[2024-06-18T10:58:18.631+0545] {processor.py:161} INFO - Started process (PID=4149) to work on /home/manisha/airflow_env/lib/python3.10/site-packages/airflow/example_dags/example_sensors.py
[2024-06-18T10:58:18.634+0545] {processor.py:830} INFO - Processing file /home/manisha/airflow_env/lib/python3.10/site-packages/airflow/example_dags/example_sensors.py for tasks to queue
[2024-06-18T10:58:18.638+0545] {logging_mixin.py:188} INFO - [2024-06-18T10:58:18.637+0545] {dagbag.py:545} INFO - Filling up the DagBag from /home/manisha/airflow_env/lib/python3.10/site-packages/airflow/example_dags/example_sensors.py
[2024-06-18T10:58:18.652+0545] {processor.py:840} INFO - DAG(s) 'example_sensors' retrieved from /home/manisha/airflow_env/lib/python3.10/site-packages/airflow/example_dags/example_sensors.py
[2024-06-18T10:58:18.673+0545] {logging_mixin.py:188} INFO - [2024-06-18T10:58:18.673+0545] {dag.py:3096} INFO - Sync 1 DAGs
[2024-06-18T10:58:18.683+0545] {logging_mixin.py:188} INFO - [2024-06-18T10:58:18.683+0545] {dag.py:3954} INFO - Setting next_dagrun for example_sensors to None, run_after=None
[2024-06-18T10:58:18.816+0545] {processor.py:183} INFO - Processing /home/manisha/airflow_env/lib/python3.10/site-packages/airflow/example_dags/example_sensors.py took 0.202 seconds
[2024-06-18T10:59:21.351+0545] {processor.py:161} INFO - Started process (PID=4202) to work on /home/manisha/airflow_env/lib/python3.10/site-packages/airflow/example_dags/example_sensors.py
[2024-06-18T10:59:21.352+0545] {processor.py:830} INFO - Processing file /home/manisha/airflow_env/lib/python3.10/site-packages/airflow/example_dags/example_sensors.py for tasks to queue
[2024-06-18T10:59:21.354+0545] {logging_mixin.py:188} INFO - [2024-06-18T10:59:21.353+0545] {dagbag.py:545} INFO - Filling up the DagBag from /home/manisha/airflow_env/lib/python3.10/site-packages/airflow/example_dags/example_sensors.py
[2024-06-18T10:59:21.365+0545] {processor.py:840} INFO - DAG(s) 'example_sensors' retrieved from /home/manisha/airflow_env/lib/python3.10/site-packages/airflow/example_dags/example_sensors.py
[2024-06-18T10:59:21.387+0545] {logging_mixin.py:188} INFO - [2024-06-18T10:59:21.387+0545] {dag.py:3096} INFO - Sync 1 DAGs
[2024-06-18T10:59:21.397+0545] {logging_mixin.py:188} INFO - [2024-06-18T10:59:21.397+0545] {dag.py:3954} INFO - Setting next_dagrun for example_sensors to None, run_after=None
[2024-06-18T10:59:21.619+0545] {processor.py:183} INFO - Processing /home/manisha/airflow_env/lib/python3.10/site-packages/airflow/example_dags/example_sensors.py took 0.274 seconds
[2024-06-18T11:00:25.331+0545] {processor.py:161} INFO - Started process (PID=4344) to work on /home/manisha/airflow_env/lib/python3.10/site-packages/airflow/example_dags/example_sensors.py
[2024-06-18T11:00:25.373+0545] {processor.py:830} INFO - Processing file /home/manisha/airflow_env/lib/python3.10/site-packages/airflow/example_dags/example_sensors.py for tasks to queue
[2024-06-18T11:00:25.379+0545] {logging_mixin.py:188} INFO - [2024-06-18T11:00:25.378+0545] {dagbag.py:545} INFO - Filling up the DagBag from /home/manisha/airflow_env/lib/python3.10/site-packages/airflow/example_dags/example_sensors.py
[2024-06-18T11:00:25.411+0545] {processor.py:840} INFO - DAG(s) 'example_sensors' retrieved from /home/manisha/airflow_env/lib/python3.10/site-packages/airflow/example_dags/example_sensors.py
[2024-06-18T11:00:25.436+0545] {logging_mixin.py:188} INFO - [2024-06-18T11:00:25.436+0545] {dag.py:3096} INFO - Sync 1 DAGs
[2024-06-18T11:00:25.446+0545] {logging_mixin.py:188} INFO - [2024-06-18T11:00:25.445+0545] {dag.py:3954} INFO - Setting next_dagrun for example_sensors to None, run_after=None
[2024-06-18T11:00:25.577+0545] {processor.py:183} INFO - Processing /home/manisha/airflow_env/lib/python3.10/site-packages/airflow/example_dags/example_sensors.py took 0.252 seconds
[2024-06-18T11:01:25.287+0545] {processor.py:161} INFO - Started process (PID=4397) to work on /home/manisha/airflow_env/lib/python3.10/site-packages/airflow/example_dags/example_sensors.py
[2024-06-18T11:01:25.319+0545] {processor.py:830} INFO - Processing file /home/manisha/airflow_env/lib/python3.10/site-packages/airflow/example_dags/example_sensors.py for tasks to queue
[2024-06-18T11:01:25.325+0545] {logging_mixin.py:188} INFO - [2024-06-18T11:01:25.323+0545] {dagbag.py:545} INFO - Filling up the DagBag from /home/manisha/airflow_env/lib/python3.10/site-packages/airflow/example_dags/example_sensors.py
[2024-06-18T11:01:25.354+0545] {processor.py:840} INFO - DAG(s) 'example_sensors' retrieved from /home/manisha/airflow_env/lib/python3.10/site-packages/airflow/example_dags/example_sensors.py
[2024-06-18T11:01:25.378+0545] {logging_mixin.py:188} INFO - [2024-06-18T11:01:25.378+0545] {dag.py:3096} INFO - Sync 1 DAGs
[2024-06-18T11:01:25.388+0545] {logging_mixin.py:188} INFO - [2024-06-18T11:01:25.387+0545] {dag.py:3954} INFO - Setting next_dagrun for example_sensors to None, run_after=None
[2024-06-18T11:01:25.499+0545] {processor.py:183} INFO - Processing /home/manisha/airflow_env/lib/python3.10/site-packages/airflow/example_dags/example_sensors.py took 0.218 seconds
[2024-06-18T11:02:27.094+0545] {processor.py:161} INFO - Started process (PID=4449) to work on /home/manisha/airflow_env/lib/python3.10/site-packages/airflow/example_dags/example_sensors.py
[2024-06-18T11:02:27.129+0545] {processor.py:830} INFO - Processing file /home/manisha/airflow_env/lib/python3.10/site-packages/airflow/example_dags/example_sensors.py for tasks to queue
[2024-06-18T11:02:27.135+0545] {logging_mixin.py:188} INFO - [2024-06-18T11:02:27.134+0545] {dagbag.py:545} INFO - Filling up the DagBag from /home/manisha/airflow_env/lib/python3.10/site-packages/airflow/example_dags/example_sensors.py
[2024-06-18T11:02:27.166+0545] {processor.py:840} INFO - DAG(s) 'example_sensors' retrieved from /home/manisha/airflow_env/lib/python3.10/site-packages/airflow/example_dags/example_sensors.py
[2024-06-18T11:02:27.190+0545] {logging_mixin.py:188} INFO - [2024-06-18T11:02:27.190+0545] {dag.py:3096} INFO - Sync 1 DAGs
[2024-06-18T11:02:27.200+0545] {logging_mixin.py:188} INFO - [2024-06-18T11:02:27.200+0545] {dag.py:3954} INFO - Setting next_dagrun for example_sensors to None, run_after=None
[2024-06-18T11:02:27.300+0545] {processor.py:183} INFO - Processing /home/manisha/airflow_env/lib/python3.10/site-packages/airflow/example_dags/example_sensors.py took 0.213 seconds
[2024-06-18T11:03:23.721+0545] {processor.py:161} INFO - Started process (PID=4502) to work on /home/manisha/airflow_env/lib/python3.10/site-packages/airflow/example_dags/example_sensors.py
[2024-06-18T11:03:23.752+0545] {processor.py:830} INFO - Processing file /home/manisha/airflow_env/lib/python3.10/site-packages/airflow/example_dags/example_sensors.py for tasks to queue
[2024-06-18T11:03:23.756+0545] {logging_mixin.py:188} INFO - [2024-06-18T11:03:23.755+0545] {dagbag.py:545} INFO - Filling up the DagBag from /home/manisha/airflow_env/lib/python3.10/site-packages/airflow/example_dags/example_sensors.py
[2024-06-18T11:03:23.786+0545] {processor.py:840} INFO - DAG(s) 'example_sensors' retrieved from /home/manisha/airflow_env/lib/python3.10/site-packages/airflow/example_dags/example_sensors.py
[2024-06-18T11:03:23.811+0545] {logging_mixin.py:188} INFO - [2024-06-18T11:03:23.810+0545] {dag.py:3096} INFO - Sync 1 DAGs
[2024-06-18T11:03:23.821+0545] {logging_mixin.py:188} INFO - [2024-06-18T11:03:23.821+0545] {dag.py:3954} INFO - Setting next_dagrun for example_sensors to None, run_after=None
[2024-06-18T11:03:23.923+0545] {processor.py:183} INFO - Processing /home/manisha/airflow_env/lib/python3.10/site-packages/airflow/example_dags/example_sensors.py took 0.209 seconds
[2024-06-18T11:04:25.906+0545] {processor.py:161} INFO - Started process (PID=4558) to work on /home/manisha/airflow_env/lib/python3.10/site-packages/airflow/example_dags/example_sensors.py
[2024-06-18T11:04:25.945+0545] {processor.py:830} INFO - Processing file /home/manisha/airflow_env/lib/python3.10/site-packages/airflow/example_dags/example_sensors.py for tasks to queue
[2024-06-18T11:04:25.951+0545] {logging_mixin.py:188} INFO - [2024-06-18T11:04:25.949+0545] {dagbag.py:545} INFO - Filling up the DagBag from /home/manisha/airflow_env/lib/python3.10/site-packages/airflow/example_dags/example_sensors.py
[2024-06-18T11:04:25.981+0545] {processor.py:840} INFO - DAG(s) 'example_sensors' retrieved from /home/manisha/airflow_env/lib/python3.10/site-packages/airflow/example_dags/example_sensors.py
[2024-06-18T11:04:26.006+0545] {logging_mixin.py:188} INFO - [2024-06-18T11:04:26.005+0545] {dag.py:3096} INFO - Sync 1 DAGs
[2024-06-18T11:04:26.015+0545] {logging_mixin.py:188} INFO - [2024-06-18T11:04:26.015+0545] {dag.py:3954} INFO - Setting next_dagrun for example_sensors to None, run_after=None
[2024-06-18T11:04:26.135+0545] {processor.py:183} INFO - Processing /home/manisha/airflow_env/lib/python3.10/site-packages/airflow/example_dags/example_sensors.py took 0.236 seconds
[2024-06-18T11:06:08.186+0545] {processor.py:161} INFO - Started process (PID=4774) to work on /home/manisha/airflow_env/lib/python3.10/site-packages/airflow/example_dags/example_sensors.py
[2024-06-18T11:06:08.251+0545] {processor.py:830} INFO - Processing file /home/manisha/airflow_env/lib/python3.10/site-packages/airflow/example_dags/example_sensors.py for tasks to queue
[2024-06-18T11:06:08.254+0545] {logging_mixin.py:188} INFO - [2024-06-18T11:06:08.253+0545] {dagbag.py:545} INFO - Filling up the DagBag from /home/manisha/airflow_env/lib/python3.10/site-packages/airflow/example_dags/example_sensors.py
[2024-06-18T11:06:08.275+0545] {processor.py:840} INFO - DAG(s) 'example_sensors' retrieved from /home/manisha/airflow_env/lib/python3.10/site-packages/airflow/example_dags/example_sensors.py
[2024-06-18T11:06:08.302+0545] {logging_mixin.py:188} INFO - [2024-06-18T11:06:08.302+0545] {dag.py:3096} INFO - Sync 1 DAGs
[2024-06-18T11:06:08.319+0545] {logging_mixin.py:188} INFO - [2024-06-18T11:06:08.319+0545] {dag.py:3954} INFO - Setting next_dagrun for example_sensors to None, run_after=None
[2024-06-18T11:06:08.403+0545] {processor.py:183} INFO - Processing /home/manisha/airflow_env/lib/python3.10/site-packages/airflow/example_dags/example_sensors.py took 0.226 seconds
[2024-06-18T11:07:09.142+0545] {processor.py:161} INFO - Started process (PID=4922) to work on /home/manisha/airflow_env/lib/python3.10/site-packages/airflow/example_dags/example_sensors.py
[2024-06-18T11:07:09.245+0545] {processor.py:830} INFO - Processing file /home/manisha/airflow_env/lib/python3.10/site-packages/airflow/example_dags/example_sensors.py for tasks to queue
[2024-06-18T11:07:09.251+0545] {logging_mixin.py:188} INFO - [2024-06-18T11:07:09.250+0545] {dagbag.py:545} INFO - Filling up the DagBag from /home/manisha/airflow_env/lib/python3.10/site-packages/airflow/example_dags/example_sensors.py
[2024-06-18T11:07:09.281+0545] {processor.py:840} INFO - DAG(s) 'example_sensors' retrieved from /home/manisha/airflow_env/lib/python3.10/site-packages/airflow/example_dags/example_sensors.py
[2024-06-18T11:07:09.307+0545] {logging_mixin.py:188} INFO - [2024-06-18T11:07:09.307+0545] {dag.py:3096} INFO - Sync 1 DAGs
[2024-06-18T11:07:09.317+0545] {logging_mixin.py:188} INFO - [2024-06-18T11:07:09.317+0545] {dag.py:3954} INFO - Setting next_dagrun for example_sensors to None, run_after=None
[2024-06-18T11:07:09.395+0545] {processor.py:183} INFO - Processing /home/manisha/airflow_env/lib/python3.10/site-packages/airflow/example_dags/example_sensors.py took 0.271 seconds
[2024-06-18T11:08:05.197+0545] {processor.py:161} INFO - Started process (PID=4975) to work on /home/manisha/airflow_env/lib/python3.10/site-packages/airflow/example_dags/example_sensors.py
[2024-06-18T11:08:05.199+0545] {processor.py:830} INFO - Processing file /home/manisha/airflow_env/lib/python3.10/site-packages/airflow/example_dags/example_sensors.py for tasks to queue
[2024-06-18T11:08:05.201+0545] {logging_mixin.py:188} INFO - [2024-06-18T11:08:05.200+0545] {dagbag.py:545} INFO - Filling up the DagBag from /home/manisha/airflow_env/lib/python3.10/site-packages/airflow/example_dags/example_sensors.py
[2024-06-18T11:08:05.211+0545] {processor.py:840} INFO - DAG(s) 'example_sensors' retrieved from /home/manisha/airflow_env/lib/python3.10/site-packages/airflow/example_dags/example_sensors.py
[2024-06-18T11:08:05.234+0545] {logging_mixin.py:188} INFO - [2024-06-18T11:08:05.234+0545] {dag.py:3096} INFO - Sync 1 DAGs
[2024-06-18T11:08:05.245+0545] {logging_mixin.py:188} INFO - [2024-06-18T11:08:05.245+0545] {dag.py:3954} INFO - Setting next_dagrun for example_sensors to None, run_after=None
[2024-06-18T11:08:05.353+0545] {processor.py:183} INFO - Processing /home/manisha/airflow_env/lib/python3.10/site-packages/airflow/example_dags/example_sensors.py took 0.162 seconds
[2024-06-18T11:09:06.784+0545] {processor.py:161} INFO - Started process (PID=5619) to work on /home/manisha/airflow_env/lib/python3.10/site-packages/airflow/example_dags/example_sensors.py
[2024-06-18T11:09:06.786+0545] {processor.py:830} INFO - Processing file /home/manisha/airflow_env/lib/python3.10/site-packages/airflow/example_dags/example_sensors.py for tasks to queue
[2024-06-18T11:09:06.789+0545] {logging_mixin.py:188} INFO - [2024-06-18T11:09:06.788+0545] {dagbag.py:545} INFO - Filling up the DagBag from /home/manisha/airflow_env/lib/python3.10/site-packages/airflow/example_dags/example_sensors.py
[2024-06-18T11:09:06.800+0545] {processor.py:840} INFO - DAG(s) 'example_sensors' retrieved from /home/manisha/airflow_env/lib/python3.10/site-packages/airflow/example_dags/example_sensors.py
[2024-06-18T11:09:06.822+0545] {logging_mixin.py:188} INFO - [2024-06-18T11:09:06.821+0545] {dag.py:3096} INFO - Sync 1 DAGs
[2024-06-18T11:09:06.832+0545] {logging_mixin.py:188} INFO - [2024-06-18T11:09:06.832+0545] {dag.py:3954} INFO - Setting next_dagrun for example_sensors to None, run_after=None
[2024-06-18T11:09:06.948+0545] {processor.py:183} INFO - Processing /home/manisha/airflow_env/lib/python3.10/site-packages/airflow/example_dags/example_sensors.py took 0.174 seconds
[2024-06-18T11:10:06.803+0545] {processor.py:161} INFO - Started process (PID=5678) to work on /home/manisha/airflow_env/lib/python3.10/site-packages/airflow/example_dags/example_sensors.py
[2024-06-18T11:10:06.806+0545] {processor.py:830} INFO - Processing file /home/manisha/airflow_env/lib/python3.10/site-packages/airflow/example_dags/example_sensors.py for tasks to queue
[2024-06-18T11:10:06.809+0545] {logging_mixin.py:188} INFO - [2024-06-18T11:10:06.809+0545] {dagbag.py:545} INFO - Filling up the DagBag from /home/manisha/airflow_env/lib/python3.10/site-packages/airflow/example_dags/example_sensors.py
[2024-06-18T11:10:06.824+0545] {processor.py:840} INFO - DAG(s) 'example_sensors' retrieved from /home/manisha/airflow_env/lib/python3.10/site-packages/airflow/example_dags/example_sensors.py
[2024-06-18T11:10:06.845+0545] {logging_mixin.py:188} INFO - [2024-06-18T11:10:06.844+0545] {dag.py:3096} INFO - Sync 1 DAGs
[2024-06-18T11:10:06.857+0545] {logging_mixin.py:188} INFO - [2024-06-18T11:10:06.857+0545] {dag.py:3954} INFO - Setting next_dagrun for example_sensors to None, run_after=None
[2024-06-18T11:10:06.960+0545] {processor.py:183} INFO - Processing /home/manisha/airflow_env/lib/python3.10/site-packages/airflow/example_dags/example_sensors.py took 0.176 seconds
[2024-06-18T11:44:00.219+0545] {processor.py:161} INFO - Started process (PID=8310) to work on /home/manisha/airflow_env/lib/python3.10/site-packages/airflow/example_dags/example_sensors.py
[2024-06-18T11:44:00.220+0545] {processor.py:830} INFO - Processing file /home/manisha/airflow_env/lib/python3.10/site-packages/airflow/example_dags/example_sensors.py for tasks to queue
[2024-06-18T11:44:00.221+0545] {logging_mixin.py:188} INFO - [2024-06-18T11:44:00.221+0545] {dagbag.py:545} INFO - Filling up the DagBag from /home/manisha/airflow_env/lib/python3.10/site-packages/airflow/example_dags/example_sensors.py
[2024-06-18T11:44:00.232+0545] {processor.py:840} INFO - DAG(s) 'example_sensors' retrieved from /home/manisha/airflow_env/lib/python3.10/site-packages/airflow/example_dags/example_sensors.py
[2024-06-18T11:44:00.246+0545] {logging_mixin.py:188} INFO - [2024-06-18T11:44:00.246+0545] {dag.py:3096} INFO - Sync 1 DAGs
[2024-06-18T11:44:00.258+0545] {logging_mixin.py:188} INFO - [2024-06-18T11:44:00.258+0545] {dag.py:3954} INFO - Setting next_dagrun for example_sensors to None, run_after=None
[2024-06-18T11:44:00.339+0545] {processor.py:183} INFO - Processing /home/manisha/airflow_env/lib/python3.10/site-packages/airflow/example_dags/example_sensors.py took 0.126 seconds
[2024-06-18T11:44:32.528+0545] {processor.py:161} INFO - Started process (PID=8366) to work on /home/manisha/airflow_env/lib/python3.10/site-packages/airflow/example_dags/example_sensors.py
[2024-06-18T11:44:32.545+0545] {processor.py:830} INFO - Processing file /home/manisha/airflow_env/lib/python3.10/site-packages/airflow/example_dags/example_sensors.py for tasks to queue
[2024-06-18T11:44:32.546+0545] {logging_mixin.py:188} INFO - [2024-06-18T11:44:32.546+0545] {dagbag.py:545} INFO - Filling up the DagBag from /home/manisha/airflow_env/lib/python3.10/site-packages/airflow/example_dags/example_sensors.py
[2024-06-18T11:44:32.555+0545] {processor.py:840} INFO - DAG(s) 'example_sensors' retrieved from /home/manisha/airflow_env/lib/python3.10/site-packages/airflow/example_dags/example_sensors.py
[2024-06-18T11:44:32.766+0545] {logging_mixin.py:188} INFO - [2024-06-18T11:44:32.766+0545] {dag.py:3096} INFO - Sync 1 DAGs
[2024-06-18T11:44:32.776+0545] {logging_mixin.py:188} INFO - [2024-06-18T11:44:32.776+0545] {dag.py:3954} INFO - Setting next_dagrun for example_sensors to None, run_after=None
[2024-06-18T11:44:32.931+0545] {processor.py:183} INFO - Processing /home/manisha/airflow_env/lib/python3.10/site-packages/airflow/example_dags/example_sensors.py took 0.409 seconds
[2024-06-18T11:45:03.429+0545] {processor.py:161} INFO - Started process (PID=8420) to work on /home/manisha/airflow_env/lib/python3.10/site-packages/airflow/example_dags/example_sensors.py
[2024-06-18T11:45:03.442+0545] {processor.py:830} INFO - Processing file /home/manisha/airflow_env/lib/python3.10/site-packages/airflow/example_dags/example_sensors.py for tasks to queue
[2024-06-18T11:45:03.444+0545] {logging_mixin.py:188} INFO - [2024-06-18T11:45:03.443+0545] {dagbag.py:545} INFO - Filling up the DagBag from /home/manisha/airflow_env/lib/python3.10/site-packages/airflow/example_dags/example_sensors.py
[2024-06-18T11:45:03.453+0545] {processor.py:840} INFO - DAG(s) 'example_sensors' retrieved from /home/manisha/airflow_env/lib/python3.10/site-packages/airflow/example_dags/example_sensors.py
[2024-06-18T11:45:03.572+0545] {logging_mixin.py:188} INFO - [2024-06-18T11:45:03.571+0545] {dag.py:3096} INFO - Sync 1 DAGs
[2024-06-18T11:45:03.585+0545] {logging_mixin.py:188} INFO - [2024-06-18T11:45:03.585+0545] {dag.py:3954} INFO - Setting next_dagrun for example_sensors to None, run_after=None
[2024-06-18T11:45:03.778+0545] {processor.py:183} INFO - Processing /home/manisha/airflow_env/lib/python3.10/site-packages/airflow/example_dags/example_sensors.py took 0.354 seconds
[2024-06-18T11:45:34.299+0545] {processor.py:161} INFO - Started process (PID=8471) to work on /home/manisha/airflow_env/lib/python3.10/site-packages/airflow/example_dags/example_sensors.py
[2024-06-18T11:45:34.299+0545] {processor.py:830} INFO - Processing file /home/manisha/airflow_env/lib/python3.10/site-packages/airflow/example_dags/example_sensors.py for tasks to queue
[2024-06-18T11:45:34.301+0545] {logging_mixin.py:188} INFO - [2024-06-18T11:45:34.300+0545] {dagbag.py:545} INFO - Filling up the DagBag from /home/manisha/airflow_env/lib/python3.10/site-packages/airflow/example_dags/example_sensors.py
[2024-06-18T11:45:34.310+0545] {processor.py:840} INFO - DAG(s) 'example_sensors' retrieved from /home/manisha/airflow_env/lib/python3.10/site-packages/airflow/example_dags/example_sensors.py
[2024-06-18T11:45:34.343+0545] {logging_mixin.py:188} INFO - [2024-06-18T11:45:34.342+0545] {dag.py:3096} INFO - Sync 1 DAGs
[2024-06-18T11:45:34.354+0545] {logging_mixin.py:188} INFO - [2024-06-18T11:45:34.354+0545] {dag.py:3954} INFO - Setting next_dagrun for example_sensors to None, run_after=None
[2024-06-18T11:45:34.412+0545] {processor.py:183} INFO - Processing /home/manisha/airflow_env/lib/python3.10/site-packages/airflow/example_dags/example_sensors.py took 0.120 seconds
[2024-06-18T11:46:04.595+0545] {processor.py:161} INFO - Started process (PID=8524) to work on /home/manisha/airflow_env/lib/python3.10/site-packages/airflow/example_dags/example_sensors.py
[2024-06-18T11:46:04.611+0545] {processor.py:830} INFO - Processing file /home/manisha/airflow_env/lib/python3.10/site-packages/airflow/example_dags/example_sensors.py for tasks to queue
[2024-06-18T11:46:04.613+0545] {logging_mixin.py:188} INFO - [2024-06-18T11:46:04.612+0545] {dagbag.py:545} INFO - Filling up the DagBag from /home/manisha/airflow_env/lib/python3.10/site-packages/airflow/example_dags/example_sensors.py
[2024-06-18T11:46:04.623+0545] {processor.py:840} INFO - DAG(s) 'example_sensors' retrieved from /home/manisha/airflow_env/lib/python3.10/site-packages/airflow/example_dags/example_sensors.py
[2024-06-18T11:46:04.655+0545] {logging_mixin.py:188} INFO - [2024-06-18T11:46:04.654+0545] {dag.py:3096} INFO - Sync 1 DAGs
[2024-06-18T11:46:04.667+0545] {logging_mixin.py:188} INFO - [2024-06-18T11:46:04.667+0545] {dag.py:3954} INFO - Setting next_dagrun for example_sensors to None, run_after=None
[2024-06-18T11:46:04.791+0545] {processor.py:183} INFO - Processing /home/manisha/airflow_env/lib/python3.10/site-packages/airflow/example_dags/example_sensors.py took 0.202 seconds
[2024-06-18T11:46:35.421+0545] {processor.py:161} INFO - Started process (PID=8575) to work on /home/manisha/airflow_env/lib/python3.10/site-packages/airflow/example_dags/example_sensors.py
[2024-06-18T11:46:35.422+0545] {processor.py:830} INFO - Processing file /home/manisha/airflow_env/lib/python3.10/site-packages/airflow/example_dags/example_sensors.py for tasks to queue
[2024-06-18T11:46:35.424+0545] {logging_mixin.py:188} INFO - [2024-06-18T11:46:35.423+0545] {dagbag.py:545} INFO - Filling up the DagBag from /home/manisha/airflow_env/lib/python3.10/site-packages/airflow/example_dags/example_sensors.py
[2024-06-18T11:46:35.436+0545] {processor.py:840} INFO - DAG(s) 'example_sensors' retrieved from /home/manisha/airflow_env/lib/python3.10/site-packages/airflow/example_dags/example_sensors.py
[2024-06-18T11:46:35.469+0545] {logging_mixin.py:188} INFO - [2024-06-18T11:46:35.469+0545] {dag.py:3096} INFO - Sync 1 DAGs
[2024-06-18T11:46:35.481+0545] {logging_mixin.py:188} INFO - [2024-06-18T11:46:35.481+0545] {dag.py:3954} INFO - Setting next_dagrun for example_sensors to None, run_after=None
[2024-06-18T11:46:35.538+0545] {processor.py:183} INFO - Processing /home/manisha/airflow_env/lib/python3.10/site-packages/airflow/example_dags/example_sensors.py took 0.125 seconds
[2024-06-18T11:47:06.018+0545] {processor.py:161} INFO - Started process (PID=8626) to work on /home/manisha/airflow_env/lib/python3.10/site-packages/airflow/example_dags/example_sensors.py
[2024-06-18T11:47:06.024+0545] {processor.py:830} INFO - Processing file /home/manisha/airflow_env/lib/python3.10/site-packages/airflow/example_dags/example_sensors.py for tasks to queue
[2024-06-18T11:47:06.025+0545] {logging_mixin.py:188} INFO - [2024-06-18T11:47:06.025+0545] {dagbag.py:545} INFO - Filling up the DagBag from /home/manisha/airflow_env/lib/python3.10/site-packages/airflow/example_dags/example_sensors.py
[2024-06-18T11:47:06.035+0545] {processor.py:840} INFO - DAG(s) 'example_sensors' retrieved from /home/manisha/airflow_env/lib/python3.10/site-packages/airflow/example_dags/example_sensors.py
[2024-06-18T11:47:06.064+0545] {logging_mixin.py:188} INFO - [2024-06-18T11:47:06.064+0545] {dag.py:3096} INFO - Sync 1 DAGs
[2024-06-18T11:47:06.076+0545] {logging_mixin.py:188} INFO - [2024-06-18T11:47:06.076+0545] {dag.py:3954} INFO - Setting next_dagrun for example_sensors to None, run_after=None
[2024-06-18T11:47:06.145+0545] {processor.py:183} INFO - Processing /home/manisha/airflow_env/lib/python3.10/site-packages/airflow/example_dags/example_sensors.py took 0.134 seconds
[2024-06-18T11:47:36.385+0545] {processor.py:161} INFO - Started process (PID=8677) to work on /home/manisha/airflow_env/lib/python3.10/site-packages/airflow/example_dags/example_sensors.py
[2024-06-18T11:47:36.386+0545] {processor.py:830} INFO - Processing file /home/manisha/airflow_env/lib/python3.10/site-packages/airflow/example_dags/example_sensors.py for tasks to queue
[2024-06-18T11:47:36.387+0545] {logging_mixin.py:188} INFO - [2024-06-18T11:47:36.387+0545] {dagbag.py:545} INFO - Filling up the DagBag from /home/manisha/airflow_env/lib/python3.10/site-packages/airflow/example_dags/example_sensors.py
[2024-06-18T11:47:36.398+0545] {processor.py:840} INFO - DAG(s) 'example_sensors' retrieved from /home/manisha/airflow_env/lib/python3.10/site-packages/airflow/example_dags/example_sensors.py
[2024-06-18T11:47:36.428+0545] {logging_mixin.py:188} INFO - [2024-06-18T11:47:36.428+0545] {dag.py:3096} INFO - Sync 1 DAGs
[2024-06-18T11:47:36.440+0545] {logging_mixin.py:188} INFO - [2024-06-18T11:47:36.440+0545] {dag.py:3954} INFO - Setting next_dagrun for example_sensors to None, run_after=None
[2024-06-18T11:47:36.501+0545] {processor.py:183} INFO - Processing /home/manisha/airflow_env/lib/python3.10/site-packages/airflow/example_dags/example_sensors.py took 0.123 seconds
[2024-06-18T11:48:30.623+0545] {processor.py:161} INFO - Started process (PID=8759) to work on /home/manisha/airflow_env/lib/python3.10/site-packages/airflow/example_dags/example_sensors.py
[2024-06-18T11:48:30.650+0545] {processor.py:830} INFO - Processing file /home/manisha/airflow_env/lib/python3.10/site-packages/airflow/example_dags/example_sensors.py for tasks to queue
[2024-06-18T11:48:30.651+0545] {logging_mixin.py:188} INFO - [2024-06-18T11:48:30.651+0545] {dagbag.py:545} INFO - Filling up the DagBag from /home/manisha/airflow_env/lib/python3.10/site-packages/airflow/example_dags/example_sensors.py
[2024-06-18T11:48:30.662+0545] {processor.py:840} INFO - DAG(s) 'example_sensors' retrieved from /home/manisha/airflow_env/lib/python3.10/site-packages/airflow/example_dags/example_sensors.py
[2024-06-18T11:48:30.677+0545] {logging_mixin.py:188} INFO - [2024-06-18T11:48:30.677+0545] {dag.py:3096} INFO - Sync 1 DAGs
[2024-06-18T11:48:30.691+0545] {logging_mixin.py:188} INFO - [2024-06-18T11:48:30.691+0545] {dag.py:3954} INFO - Setting next_dagrun for example_sensors to None, run_after=None
[2024-06-18T11:48:30.817+0545] {processor.py:183} INFO - Processing /home/manisha/airflow_env/lib/python3.10/site-packages/airflow/example_dags/example_sensors.py took 0.199 seconds
[2024-06-18T11:49:03.883+0545] {processor.py:161} INFO - Started process (PID=8868) to work on /home/manisha/airflow_env/lib/python3.10/site-packages/airflow/example_dags/example_sensors.py
[2024-06-18T11:49:03.892+0545] {processor.py:830} INFO - Processing file /home/manisha/airflow_env/lib/python3.10/site-packages/airflow/example_dags/example_sensors.py for tasks to queue
[2024-06-18T11:49:03.896+0545] {logging_mixin.py:188} INFO - [2024-06-18T11:49:03.895+0545] {dagbag.py:545} INFO - Filling up the DagBag from /home/manisha/airflow_env/lib/python3.10/site-packages/airflow/example_dags/example_sensors.py
[2024-06-18T11:49:03.911+0545] {processor.py:840} INFO - DAG(s) 'example_sensors' retrieved from /home/manisha/airflow_env/lib/python3.10/site-packages/airflow/example_dags/example_sensors.py
[2024-06-18T11:49:04.229+0545] {logging_mixin.py:188} INFO - [2024-06-18T11:49:04.228+0545] {dag.py:3096} INFO - Sync 1 DAGs
[2024-06-18T11:49:04.255+0545] {logging_mixin.py:188} INFO - [2024-06-18T11:49:04.253+0545] {dag.py:3954} INFO - Setting next_dagrun for example_sensors to None, run_after=None
[2024-06-18T11:49:04.418+0545] {processor.py:183} INFO - Processing /home/manisha/airflow_env/lib/python3.10/site-packages/airflow/example_dags/example_sensors.py took 0.544 seconds
[2024-06-18T11:49:34.816+0545] {processor.py:161} INFO - Started process (PID=8938) to work on /home/manisha/airflow_env/lib/python3.10/site-packages/airflow/example_dags/example_sensors.py
[2024-06-18T11:49:34.826+0545] {processor.py:830} INFO - Processing file /home/manisha/airflow_env/lib/python3.10/site-packages/airflow/example_dags/example_sensors.py for tasks to queue
[2024-06-18T11:49:34.828+0545] {logging_mixin.py:188} INFO - [2024-06-18T11:49:34.827+0545] {dagbag.py:545} INFO - Filling up the DagBag from /home/manisha/airflow_env/lib/python3.10/site-packages/airflow/example_dags/example_sensors.py
[2024-06-18T11:49:34.838+0545] {processor.py:840} INFO - DAG(s) 'example_sensors' retrieved from /home/manisha/airflow_env/lib/python3.10/site-packages/airflow/example_dags/example_sensors.py
[2024-06-18T11:49:34.974+0545] {logging_mixin.py:188} INFO - [2024-06-18T11:49:34.974+0545] {dag.py:3096} INFO - Sync 1 DAGs
[2024-06-18T11:49:34.990+0545] {logging_mixin.py:188} INFO - [2024-06-18T11:49:34.990+0545] {dag.py:3954} INFO - Setting next_dagrun for example_sensors to None, run_after=None
[2024-06-18T11:49:35.179+0545] {processor.py:183} INFO - Processing /home/manisha/airflow_env/lib/python3.10/site-packages/airflow/example_dags/example_sensors.py took 0.370 seconds
[2024-06-18T11:50:05.443+0545] {processor.py:161} INFO - Started process (PID=8994) to work on /home/manisha/airflow_env/lib/python3.10/site-packages/airflow/example_dags/example_sensors.py
[2024-06-18T11:50:05.444+0545] {processor.py:830} INFO - Processing file /home/manisha/airflow_env/lib/python3.10/site-packages/airflow/example_dags/example_sensors.py for tasks to queue
[2024-06-18T11:50:05.446+0545] {logging_mixin.py:188} INFO - [2024-06-18T11:50:05.446+0545] {dagbag.py:545} INFO - Filling up the DagBag from /home/manisha/airflow_env/lib/python3.10/site-packages/airflow/example_dags/example_sensors.py
[2024-06-18T11:50:05.456+0545] {processor.py:840} INFO - DAG(s) 'example_sensors' retrieved from /home/manisha/airflow_env/lib/python3.10/site-packages/airflow/example_dags/example_sensors.py
[2024-06-18T11:50:05.486+0545] {logging_mixin.py:188} INFO - [2024-06-18T11:50:05.486+0545] {dag.py:3096} INFO - Sync 1 DAGs
[2024-06-18T11:50:05.497+0545] {logging_mixin.py:188} INFO - [2024-06-18T11:50:05.497+0545] {dag.py:3954} INFO - Setting next_dagrun for example_sensors to None, run_after=None
[2024-06-18T11:50:05.812+0545] {processor.py:183} INFO - Processing /home/manisha/airflow_env/lib/python3.10/site-packages/airflow/example_dags/example_sensors.py took 0.377 seconds
[2024-06-18T11:50:36.097+0545] {processor.py:161} INFO - Started process (PID=9053) to work on /home/manisha/airflow_env/lib/python3.10/site-packages/airflow/example_dags/example_sensors.py
[2024-06-18T11:50:36.135+0545] {processor.py:830} INFO - Processing file /home/manisha/airflow_env/lib/python3.10/site-packages/airflow/example_dags/example_sensors.py for tasks to queue
[2024-06-18T11:50:36.137+0545] {logging_mixin.py:188} INFO - [2024-06-18T11:50:36.137+0545] {dagbag.py:545} INFO - Filling up the DagBag from /home/manisha/airflow_env/lib/python3.10/site-packages/airflow/example_dags/example_sensors.py
[2024-06-18T11:50:36.153+0545] {processor.py:840} INFO - DAG(s) 'example_sensors' retrieved from /home/manisha/airflow_env/lib/python3.10/site-packages/airflow/example_dags/example_sensors.py
[2024-06-18T11:50:36.189+0545] {logging_mixin.py:188} INFO - [2024-06-18T11:50:36.189+0545] {dag.py:3096} INFO - Sync 1 DAGs
[2024-06-18T11:50:36.201+0545] {logging_mixin.py:188} INFO - [2024-06-18T11:50:36.201+0545] {dag.py:3954} INFO - Setting next_dagrun for example_sensors to None, run_after=None
[2024-06-18T11:50:36.511+0545] {processor.py:183} INFO - Processing /home/manisha/airflow_env/lib/python3.10/site-packages/airflow/example_dags/example_sensors.py took 0.421 seconds
[2024-06-18T11:50:57.859+0545] {processor.py:161} INFO - Started process (PID=9331) to work on /home/manisha/airflow_env/lib/python3.10/site-packages/airflow/example_dags/example_sensors.py
[2024-06-18T11:50:57.860+0545] {processor.py:830} INFO - Processing file /home/manisha/airflow_env/lib/python3.10/site-packages/airflow/example_dags/example_sensors.py for tasks to queue
[2024-06-18T11:50:57.862+0545] {logging_mixin.py:188} INFO - [2024-06-18T11:50:57.861+0545] {dagbag.py:545} INFO - Filling up the DagBag from /home/manisha/airflow_env/lib/python3.10/site-packages/airflow/example_dags/example_sensors.py
[2024-06-18T11:50:57.876+0545] {processor.py:840} INFO - DAG(s) 'example_sensors' retrieved from /home/manisha/airflow_env/lib/python3.10/site-packages/airflow/example_dags/example_sensors.py
[2024-06-18T11:50:57.894+0545] {logging_mixin.py:188} INFO - [2024-06-18T11:50:57.894+0545] {dag.py:3096} INFO - Sync 1 DAGs
[2024-06-18T11:50:57.909+0545] {logging_mixin.py:188} INFO - [2024-06-18T11:50:57.909+0545] {dag.py:3954} INFO - Setting next_dagrun for example_sensors to None, run_after=None
[2024-06-18T11:50:58.069+0545] {processor.py:183} INFO - Processing /home/manisha/airflow_env/lib/python3.10/site-packages/airflow/example_dags/example_sensors.py took 0.217 seconds
[2024-06-18T11:51:30.435+0545] {processor.py:161} INFO - Started process (PID=9604) to work on /home/manisha/airflow_env/lib/python3.10/site-packages/airflow/example_dags/example_sensors.py
[2024-06-18T11:51:30.503+0545] {processor.py:830} INFO - Processing file /home/manisha/airflow_env/lib/python3.10/site-packages/airflow/example_dags/example_sensors.py for tasks to queue
[2024-06-18T11:51:30.508+0545] {logging_mixin.py:188} INFO - [2024-06-18T11:51:30.507+0545] {dagbag.py:545} INFO - Filling up the DagBag from /home/manisha/airflow_env/lib/python3.10/site-packages/airflow/example_dags/example_sensors.py
[2024-06-18T11:51:30.539+0545] {processor.py:840} INFO - DAG(s) 'example_sensors' retrieved from /home/manisha/airflow_env/lib/python3.10/site-packages/airflow/example_dags/example_sensors.py
[2024-06-18T11:51:30.743+0545] {logging_mixin.py:188} INFO - [2024-06-18T11:51:30.742+0545] {dag.py:3096} INFO - Sync 1 DAGs
[2024-06-18T11:51:30.752+0545] {logging_mixin.py:188} INFO - [2024-06-18T11:51:30.752+0545] {dag.py:3954} INFO - Setting next_dagrun for example_sensors to None, run_after=None
[2024-06-18T11:51:31.018+0545] {processor.py:183} INFO - Processing /home/manisha/airflow_env/lib/python3.10/site-packages/airflow/example_dags/example_sensors.py took 0.588 seconds
