[2024-06-18T10:57:44.787+0545] {processor.py:161} INFO - Started process (PID=4063) to work on /home/manisha/airflow_env/lib/python3.10/site-packages/airflow/example_dags/example_dag_decorator.py
[2024-06-18T10:57:44.789+0545] {processor.py:830} INFO - Processing file /home/manisha/airflow_env/lib/python3.10/site-packages/airflow/example_dags/example_dag_decorator.py for tasks to queue
[2024-06-18T10:57:44.792+0545] {logging_mixin.py:188} INFO - [2024-06-18T10:57:44.791+0545] {dagbag.py:545} INFO - Filling up the DagBag from /home/manisha/airflow_env/lib/python3.10/site-packages/airflow/example_dags/example_dag_decorator.py
[2024-06-18T10:57:44.900+0545] {processor.py:840} INFO - DAG(s) 'example_dag_decorator' retrieved from /home/manisha/airflow_env/lib/python3.10/site-packages/airflow/example_dags/example_dag_decorator.py
[2024-06-18T10:57:45.235+0545] {logging_mixin.py:188} INFO - [2024-06-18T10:57:45.233+0545] {override.py:1829} INFO - Created Permission View: can edit on DAG:example_dag_decorator
[2024-06-18T10:57:45.302+0545] {logging_mixin.py:188} INFO - [2024-06-18T10:57:45.300+0545] {override.py:1829} INFO - Created Permission View: can read on DAG:example_dag_decorator
[2024-06-18T10:57:45.370+0545] {logging_mixin.py:188} INFO - [2024-06-18T10:57:45.369+0545] {override.py:1829} INFO - Created Permission View: can delete on DAG:example_dag_decorator
[2024-06-18T10:57:45.371+0545] {logging_mixin.py:188} INFO - [2024-06-18T10:57:45.371+0545] {dag.py:3096} INFO - Sync 1 DAGs
[2024-06-18T10:57:45.403+0545] {logging_mixin.py:188} INFO - [2024-06-18T10:57:45.402+0545] {dag.py:3118} INFO - Creating ORM DAG for example_dag_decorator
[2024-06-18T10:57:45.404+0545] {logging_mixin.py:188} INFO - [2024-06-18T10:57:45.404+0545] {dag.py:3954} INFO - Setting next_dagrun for example_dag_decorator to None, run_after=None
[2024-06-18T10:57:45.516+0545] {processor.py:183} INFO - Processing /home/manisha/airflow_env/lib/python3.10/site-packages/airflow/example_dags/example_dag_decorator.py took 0.736 seconds
[2024-06-18T10:58:59.745+0545] {processor.py:161} INFO - Started process (PID=4184) to work on /home/manisha/airflow_env/lib/python3.10/site-packages/airflow/example_dags/example_dag_decorator.py
[2024-06-18T10:58:59.746+0545] {processor.py:830} INFO - Processing file /home/manisha/airflow_env/lib/python3.10/site-packages/airflow/example_dags/example_dag_decorator.py for tasks to queue
[2024-06-18T10:58:59.748+0545] {logging_mixin.py:188} INFO - [2024-06-18T10:58:59.748+0545] {dagbag.py:545} INFO - Filling up the DagBag from /home/manisha/airflow_env/lib/python3.10/site-packages/airflow/example_dags/example_dag_decorator.py
[2024-06-18T10:58:59.911+0545] {processor.py:840} INFO - DAG(s) 'example_dag_decorator' retrieved from /home/manisha/airflow_env/lib/python3.10/site-packages/airflow/example_dags/example_dag_decorator.py
[2024-06-18T10:58:59.986+0545] {logging_mixin.py:188} INFO - [2024-06-18T10:58:59.986+0545] {dag.py:3096} INFO - Sync 1 DAGs
[2024-06-18T10:58:59.992+0545] {logging_mixin.py:188} INFO - [2024-06-18T10:58:59.992+0545] {dag.py:3954} INFO - Setting next_dagrun for example_dag_decorator to None, run_after=None
[2024-06-18T10:59:00.131+0545] {processor.py:183} INFO - Processing /home/manisha/airflow_env/lib/python3.10/site-packages/airflow/example_dags/example_dag_decorator.py took 0.393 seconds
[2024-06-18T11:00:04.267+0545] {processor.py:161} INFO - Started process (PID=4239) to work on /home/manisha/airflow_env/lib/python3.10/site-packages/airflow/example_dags/example_dag_decorator.py
[2024-06-18T11:00:04.268+0545] {processor.py:830} INFO - Processing file /home/manisha/airflow_env/lib/python3.10/site-packages/airflow/example_dags/example_dag_decorator.py for tasks to queue
[2024-06-18T11:00:04.270+0545] {logging_mixin.py:188} INFO - [2024-06-18T11:00:04.269+0545] {dagbag.py:545} INFO - Filling up the DagBag from /home/manisha/airflow_env/lib/python3.10/site-packages/airflow/example_dags/example_dag_decorator.py
[2024-06-18T11:00:04.438+0545] {processor.py:840} INFO - DAG(s) 'example_dag_decorator' retrieved from /home/manisha/airflow_env/lib/python3.10/site-packages/airflow/example_dags/example_dag_decorator.py
[2024-06-18T11:00:04.508+0545] {logging_mixin.py:188} INFO - [2024-06-18T11:00:04.508+0545] {dag.py:3096} INFO - Sync 1 DAGs
[2024-06-18T11:00:04.519+0545] {logging_mixin.py:188} INFO - [2024-06-18T11:00:04.518+0545] {dag.py:3954} INFO - Setting next_dagrun for example_dag_decorator to None, run_after=None
[2024-06-18T11:00:04.642+0545] {processor.py:183} INFO - Processing /home/manisha/airflow_env/lib/python3.10/site-packages/airflow/example_dags/example_dag_decorator.py took 0.382 seconds
[2024-06-18T11:01:04.989+0545] {processor.py:161} INFO - Started process (PID=4381) to work on /home/manisha/airflow_env/lib/python3.10/site-packages/airflow/example_dags/example_dag_decorator.py
[2024-06-18T11:01:05.025+0545] {processor.py:830} INFO - Processing file /home/manisha/airflow_env/lib/python3.10/site-packages/airflow/example_dags/example_dag_decorator.py for tasks to queue
[2024-06-18T11:01:05.030+0545] {logging_mixin.py:188} INFO - [2024-06-18T11:01:05.029+0545] {dagbag.py:545} INFO - Filling up the DagBag from /home/manisha/airflow_env/lib/python3.10/site-packages/airflow/example_dags/example_dag_decorator.py
[2024-06-18T11:01:05.129+0545] {processor.py:840} INFO - DAG(s) 'example_dag_decorator' retrieved from /home/manisha/airflow_env/lib/python3.10/site-packages/airflow/example_dags/example_dag_decorator.py
[2024-06-18T11:01:05.198+0545] {logging_mixin.py:188} INFO - [2024-06-18T11:01:05.197+0545] {dag.py:3096} INFO - Sync 1 DAGs
[2024-06-18T11:01:05.204+0545] {logging_mixin.py:188} INFO - [2024-06-18T11:01:05.204+0545] {dag.py:3954} INFO - Setting next_dagrun for example_dag_decorator to None, run_after=None
[2024-06-18T11:01:05.323+0545] {processor.py:183} INFO - Processing /home/manisha/airflow_env/lib/python3.10/site-packages/airflow/example_dags/example_dag_decorator.py took 0.340 seconds
[2024-06-18T11:02:08.234+0545] {processor.py:161} INFO - Started process (PID=4433) to work on /home/manisha/airflow_env/lib/python3.10/site-packages/airflow/example_dags/example_dag_decorator.py
[2024-06-18T11:02:08.236+0545] {processor.py:830} INFO - Processing file /home/manisha/airflow_env/lib/python3.10/site-packages/airflow/example_dags/example_dag_decorator.py for tasks to queue
[2024-06-18T11:02:08.238+0545] {logging_mixin.py:188} INFO - [2024-06-18T11:02:08.237+0545] {dagbag.py:545} INFO - Filling up the DagBag from /home/manisha/airflow_env/lib/python3.10/site-packages/airflow/example_dags/example_dag_decorator.py
[2024-06-18T11:02:08.317+0545] {processor.py:840} INFO - DAG(s) 'example_dag_decorator' retrieved from /home/manisha/airflow_env/lib/python3.10/site-packages/airflow/example_dags/example_dag_decorator.py
[2024-06-18T11:02:08.387+0545] {logging_mixin.py:188} INFO - [2024-06-18T11:02:08.386+0545] {dag.py:3096} INFO - Sync 1 DAGs
[2024-06-18T11:02:08.394+0545] {logging_mixin.py:188} INFO - [2024-06-18T11:02:08.394+0545] {dag.py:3954} INFO - Setting next_dagrun for example_dag_decorator to None, run_after=None
[2024-06-18T11:02:08.528+0545] {processor.py:183} INFO - Processing /home/manisha/airflow_env/lib/python3.10/site-packages/airflow/example_dags/example_dag_decorator.py took 0.302 seconds
[2024-06-18T11:03:05.981+0545] {processor.py:161} INFO - Started process (PID=4487) to work on /home/manisha/airflow_env/lib/python3.10/site-packages/airflow/example_dags/example_dag_decorator.py
[2024-06-18T11:03:05.983+0545] {processor.py:830} INFO - Processing file /home/manisha/airflow_env/lib/python3.10/site-packages/airflow/example_dags/example_dag_decorator.py for tasks to queue
[2024-06-18T11:03:05.984+0545] {logging_mixin.py:188} INFO - [2024-06-18T11:03:05.984+0545] {dagbag.py:545} INFO - Filling up the DagBag from /home/manisha/airflow_env/lib/python3.10/site-packages/airflow/example_dags/example_dag_decorator.py
[2024-06-18T11:03:06.061+0545] {processor.py:840} INFO - DAG(s) 'example_dag_decorator' retrieved from /home/manisha/airflow_env/lib/python3.10/site-packages/airflow/example_dags/example_dag_decorator.py
[2024-06-18T11:03:06.133+0545] {logging_mixin.py:188} INFO - [2024-06-18T11:03:06.133+0545] {dag.py:3096} INFO - Sync 1 DAGs
[2024-06-18T11:03:06.140+0545] {logging_mixin.py:188} INFO - [2024-06-18T11:03:06.140+0545] {dag.py:3954} INFO - Setting next_dagrun for example_dag_decorator to None, run_after=None
[2024-06-18T11:03:06.275+0545] {processor.py:183} INFO - Processing /home/manisha/airflow_env/lib/python3.10/site-packages/airflow/example_dags/example_dag_decorator.py took 0.301 seconds
[2024-06-18T11:04:06.328+0545] {processor.py:161} INFO - Started process (PID=4540) to work on /home/manisha/airflow_env/lib/python3.10/site-packages/airflow/example_dags/example_dag_decorator.py
[2024-06-18T11:04:06.338+0545] {processor.py:830} INFO - Processing file /home/manisha/airflow_env/lib/python3.10/site-packages/airflow/example_dags/example_dag_decorator.py for tasks to queue
[2024-06-18T11:04:06.341+0545] {logging_mixin.py:188} INFO - [2024-06-18T11:04:06.340+0545] {dagbag.py:545} INFO - Filling up the DagBag from /home/manisha/airflow_env/lib/python3.10/site-packages/airflow/example_dags/example_dag_decorator.py
[2024-06-18T11:04:06.425+0545] {processor.py:840} INFO - DAG(s) 'example_dag_decorator' retrieved from /home/manisha/airflow_env/lib/python3.10/site-packages/airflow/example_dags/example_dag_decorator.py
[2024-06-18T11:04:06.500+0545] {logging_mixin.py:188} INFO - [2024-06-18T11:04:06.500+0545] {dag.py:3096} INFO - Sync 1 DAGs
[2024-06-18T11:04:06.508+0545] {logging_mixin.py:188} INFO - [2024-06-18T11:04:06.508+0545] {dag.py:3954} INFO - Setting next_dagrun for example_dag_decorator to None, run_after=None
[2024-06-18T11:04:06.621+0545] {processor.py:183} INFO - Processing /home/manisha/airflow_env/lib/python3.10/site-packages/airflow/example_dags/example_dag_decorator.py took 0.299 seconds
[2024-06-18T11:05:42.904+0545] {processor.py:161} INFO - Started process (PID=4745) to work on /home/manisha/airflow_env/lib/python3.10/site-packages/airflow/example_dags/example_dag_decorator.py
[2024-06-18T11:05:42.987+0545] {processor.py:830} INFO - Processing file /home/manisha/airflow_env/lib/python3.10/site-packages/airflow/example_dags/example_dag_decorator.py for tasks to queue
[2024-06-18T11:05:42.989+0545] {logging_mixin.py:188} INFO - [2024-06-18T11:05:42.989+0545] {dagbag.py:545} INFO - Filling up the DagBag from /home/manisha/airflow_env/lib/python3.10/site-packages/airflow/example_dags/example_dag_decorator.py
[2024-06-18T11:05:43.098+0545] {processor.py:840} INFO - DAG(s) 'example_dag_decorator' retrieved from /home/manisha/airflow_env/lib/python3.10/site-packages/airflow/example_dags/example_dag_decorator.py
[2024-06-18T11:05:43.119+0545] {logging_mixin.py:188} INFO - [2024-06-18T11:05:43.119+0545] {dag.py:3096} INFO - Sync 1 DAGs
[2024-06-18T11:05:43.132+0545] {logging_mixin.py:188} INFO - [2024-06-18T11:05:43.132+0545] {dag.py:3954} INFO - Setting next_dagrun for example_dag_decorator to None, run_after=None
[2024-06-18T11:05:43.299+0545] {processor.py:183} INFO - Processing /home/manisha/airflow_env/lib/python3.10/site-packages/airflow/example_dags/example_dag_decorator.py took 0.402 seconds
[2024-06-18T11:06:51.099+0545] {processor.py:161} INFO - Started process (PID=4812) to work on /home/manisha/airflow_env/lib/python3.10/site-packages/airflow/example_dags/example_dag_decorator.py
[2024-06-18T11:06:51.218+0545] {processor.py:830} INFO - Processing file /home/manisha/airflow_env/lib/python3.10/site-packages/airflow/example_dags/example_dag_decorator.py for tasks to queue
[2024-06-18T11:06:51.223+0545] {logging_mixin.py:188} INFO - [2024-06-18T11:06:51.222+0545] {dagbag.py:545} INFO - Filling up the DagBag from /home/manisha/airflow_env/lib/python3.10/site-packages/airflow/example_dags/example_dag_decorator.py
[2024-06-18T11:06:51.348+0545] {processor.py:840} INFO - DAG(s) 'example_dag_decorator' retrieved from /home/manisha/airflow_env/lib/python3.10/site-packages/airflow/example_dags/example_dag_decorator.py
[2024-06-18T11:06:51.459+0545] {logging_mixin.py:188} INFO - [2024-06-18T11:06:51.458+0545] {dag.py:3096} INFO - Sync 1 DAGs
[2024-06-18T11:06:51.470+0545] {logging_mixin.py:188} INFO - [2024-06-18T11:06:51.470+0545] {dag.py:3954} INFO - Setting next_dagrun for example_dag_decorator to None, run_after=None
[2024-06-18T11:06:51.620+0545] {processor.py:183} INFO - Processing /home/manisha/airflow_env/lib/python3.10/site-packages/airflow/example_dags/example_dag_decorator.py took 0.535 seconds
[2024-06-18T11:07:49.337+0545] {processor.py:161} INFO - Started process (PID=4959) to work on /home/manisha/airflow_env/lib/python3.10/site-packages/airflow/example_dags/example_dag_decorator.py
[2024-06-18T11:07:49.369+0545] {processor.py:830} INFO - Processing file /home/manisha/airflow_env/lib/python3.10/site-packages/airflow/example_dags/example_dag_decorator.py for tasks to queue
[2024-06-18T11:07:49.374+0545] {logging_mixin.py:188} INFO - [2024-06-18T11:07:49.373+0545] {dagbag.py:545} INFO - Filling up the DagBag from /home/manisha/airflow_env/lib/python3.10/site-packages/airflow/example_dags/example_dag_decorator.py
[2024-06-18T11:07:49.477+0545] {processor.py:840} INFO - DAG(s) 'example_dag_decorator' retrieved from /home/manisha/airflow_env/lib/python3.10/site-packages/airflow/example_dags/example_dag_decorator.py
[2024-06-18T11:07:49.551+0545] {logging_mixin.py:188} INFO - [2024-06-18T11:07:49.551+0545] {dag.py:3096} INFO - Sync 1 DAGs
[2024-06-18T11:07:49.558+0545] {logging_mixin.py:188} INFO - [2024-06-18T11:07:49.558+0545] {dag.py:3954} INFO - Setting next_dagrun for example_dag_decorator to None, run_after=None
[2024-06-18T11:07:49.649+0545] {processor.py:183} INFO - Processing /home/manisha/airflow_env/lib/python3.10/site-packages/airflow/example_dags/example_dag_decorator.py took 0.318 seconds
[2024-06-18T11:08:47.546+0545] {processor.py:161} INFO - Started process (PID=5558) to work on /home/manisha/airflow_env/lib/python3.10/site-packages/airflow/example_dags/example_dag_decorator.py
[2024-06-18T11:08:47.597+0545] {processor.py:830} INFO - Processing file /home/manisha/airflow_env/lib/python3.10/site-packages/airflow/example_dags/example_dag_decorator.py for tasks to queue
[2024-06-18T11:08:47.599+0545] {logging_mixin.py:188} INFO - [2024-06-18T11:08:47.598+0545] {dagbag.py:545} INFO - Filling up the DagBag from /home/manisha/airflow_env/lib/python3.10/site-packages/airflow/example_dags/example_dag_decorator.py
[2024-06-18T11:08:47.721+0545] {processor.py:840} INFO - DAG(s) 'example_dag_decorator' retrieved from /home/manisha/airflow_env/lib/python3.10/site-packages/airflow/example_dags/example_dag_decorator.py
[2024-06-18T11:08:47.753+0545] {logging_mixin.py:188} INFO - [2024-06-18T11:08:47.753+0545] {dag.py:3096} INFO - Sync 1 DAGs
[2024-06-18T11:08:47.766+0545] {logging_mixin.py:188} INFO - [2024-06-18T11:08:47.765+0545] {dag.py:3954} INFO - Setting next_dagrun for example_dag_decorator to None, run_after=None
[2024-06-18T11:08:47.876+0545] {processor.py:183} INFO - Processing /home/manisha/airflow_env/lib/python3.10/site-packages/airflow/example_dags/example_dag_decorator.py took 0.336 seconds
[2024-06-18T11:09:48.089+0545] {processor.py:161} INFO - Started process (PID=5657) to work on /home/manisha/airflow_env/lib/python3.10/site-packages/airflow/example_dags/example_dag_decorator.py
[2024-06-18T11:09:48.127+0545] {processor.py:830} INFO - Processing file /home/manisha/airflow_env/lib/python3.10/site-packages/airflow/example_dags/example_dag_decorator.py for tasks to queue
[2024-06-18T11:09:48.133+0545] {logging_mixin.py:188} INFO - [2024-06-18T11:09:48.131+0545] {dagbag.py:545} INFO - Filling up the DagBag from /home/manisha/airflow_env/lib/python3.10/site-packages/airflow/example_dags/example_dag_decorator.py
[2024-06-18T11:09:48.230+0545] {processor.py:840} INFO - DAG(s) 'example_dag_decorator' retrieved from /home/manisha/airflow_env/lib/python3.10/site-packages/airflow/example_dags/example_dag_decorator.py
[2024-06-18T11:09:48.245+0545] {logging_mixin.py:188} INFO - [2024-06-18T11:09:48.245+0545] {dag.py:3096} INFO - Sync 1 DAGs
[2024-06-18T11:09:48.255+0545] {logging_mixin.py:188} INFO - [2024-06-18T11:09:48.255+0545] {dag.py:3954} INFO - Setting next_dagrun for example_dag_decorator to None, run_after=None
[2024-06-18T11:09:48.315+0545] {processor.py:183} INFO - Processing /home/manisha/airflow_env/lib/python3.10/site-packages/airflow/example_dags/example_dag_decorator.py took 0.232 seconds
[2024-06-18T11:44:03.142+0545] {processor.py:161} INFO - Started process (PID=8338) to work on /home/manisha/airflow_env/lib/python3.10/site-packages/airflow/example_dags/example_dag_decorator.py
[2024-06-18T11:44:03.152+0545] {processor.py:830} INFO - Processing file /home/manisha/airflow_env/lib/python3.10/site-packages/airflow/example_dags/example_dag_decorator.py for tasks to queue
[2024-06-18T11:44:03.154+0545] {logging_mixin.py:188} INFO - [2024-06-18T11:44:03.154+0545] {dagbag.py:545} INFO - Filling up the DagBag from /home/manisha/airflow_env/lib/python3.10/site-packages/airflow/example_dags/example_dag_decorator.py
[2024-06-18T11:44:03.235+0545] {processor.py:840} INFO - DAG(s) 'example_dag_decorator' retrieved from /home/manisha/airflow_env/lib/python3.10/site-packages/airflow/example_dags/example_dag_decorator.py
[2024-06-18T11:44:03.250+0545] {logging_mixin.py:188} INFO - [2024-06-18T11:44:03.249+0545] {dag.py:3096} INFO - Sync 1 DAGs
[2024-06-18T11:44:03.346+0545] {logging_mixin.py:188} INFO - [2024-06-18T11:44:03.346+0545] {dag.py:3954} INFO - Setting next_dagrun for example_dag_decorator to None, run_after=None
[2024-06-18T11:44:03.422+0545] {processor.py:183} INFO - Processing /home/manisha/airflow_env/lib/python3.10/site-packages/airflow/example_dags/example_dag_decorator.py took 0.288 seconds
[2024-06-18T11:44:37.852+0545] {processor.py:161} INFO - Started process (PID=8393) to work on /home/manisha/airflow_env/lib/python3.10/site-packages/airflow/example_dags/example_dag_decorator.py
[2024-06-18T11:44:37.858+0545] {processor.py:830} INFO - Processing file /home/manisha/airflow_env/lib/python3.10/site-packages/airflow/example_dags/example_dag_decorator.py for tasks to queue
[2024-06-18T11:44:37.859+0545] {logging_mixin.py:188} INFO - [2024-06-18T11:44:37.859+0545] {dagbag.py:545} INFO - Filling up the DagBag from /home/manisha/airflow_env/lib/python3.10/site-packages/airflow/example_dags/example_dag_decorator.py
[2024-06-18T11:44:38.036+0545] {processor.py:840} INFO - DAG(s) 'example_dag_decorator' retrieved from /home/manisha/airflow_env/lib/python3.10/site-packages/airflow/example_dags/example_dag_decorator.py
[2024-06-18T11:44:38.137+0545] {logging_mixin.py:188} INFO - [2024-06-18T11:44:38.137+0545] {dag.py:3096} INFO - Sync 1 DAGs
[2024-06-18T11:44:38.146+0545] {logging_mixin.py:188} INFO - [2024-06-18T11:44:38.146+0545] {dag.py:3954} INFO - Setting next_dagrun for example_dag_decorator to None, run_after=None
[2024-06-18T11:44:38.389+0545] {processor.py:183} INFO - Processing /home/manisha/airflow_env/lib/python3.10/site-packages/airflow/example_dags/example_dag_decorator.py took 0.543 seconds
[2024-06-18T11:45:09.263+0545] {processor.py:161} INFO - Started process (PID=8447) to work on /home/manisha/airflow_env/lib/python3.10/site-packages/airflow/example_dags/example_dag_decorator.py
[2024-06-18T11:45:09.264+0545] {processor.py:830} INFO - Processing file /home/manisha/airflow_env/lib/python3.10/site-packages/airflow/example_dags/example_dag_decorator.py for tasks to queue
[2024-06-18T11:45:09.265+0545] {logging_mixin.py:188} INFO - [2024-06-18T11:45:09.265+0545] {dagbag.py:545} INFO - Filling up the DagBag from /home/manisha/airflow_env/lib/python3.10/site-packages/airflow/example_dags/example_dag_decorator.py
[2024-06-18T11:45:09.344+0545] {processor.py:840} INFO - DAG(s) 'example_dag_decorator' retrieved from /home/manisha/airflow_env/lib/python3.10/site-packages/airflow/example_dags/example_dag_decorator.py
[2024-06-18T11:45:09.448+0545] {logging_mixin.py:188} INFO - [2024-06-18T11:45:09.448+0545] {dag.py:3096} INFO - Sync 1 DAGs
[2024-06-18T11:45:09.458+0545] {logging_mixin.py:188} INFO - [2024-06-18T11:45:09.457+0545] {dag.py:3954} INFO - Setting next_dagrun for example_dag_decorator to None, run_after=None
[2024-06-18T11:45:09.562+0545] {processor.py:183} INFO - Processing /home/manisha/airflow_env/lib/python3.10/site-packages/airflow/example_dags/example_dag_decorator.py took 0.305 seconds
[2024-06-18T11:45:40.236+0545] {processor.py:161} INFO - Started process (PID=8499) to work on /home/manisha/airflow_env/lib/python3.10/site-packages/airflow/example_dags/example_dag_decorator.py
[2024-06-18T11:45:40.240+0545] {processor.py:830} INFO - Processing file /home/manisha/airflow_env/lib/python3.10/site-packages/airflow/example_dags/example_dag_decorator.py for tasks to queue
[2024-06-18T11:45:40.242+0545] {logging_mixin.py:188} INFO - [2024-06-18T11:45:40.242+0545] {dagbag.py:545} INFO - Filling up the DagBag from /home/manisha/airflow_env/lib/python3.10/site-packages/airflow/example_dags/example_dag_decorator.py
[2024-06-18T11:45:40.331+0545] {processor.py:840} INFO - DAG(s) 'example_dag_decorator' retrieved from /home/manisha/airflow_env/lib/python3.10/site-packages/airflow/example_dags/example_dag_decorator.py
[2024-06-18T11:45:40.433+0545] {logging_mixin.py:188} INFO - [2024-06-18T11:45:40.433+0545] {dag.py:3096} INFO - Sync 1 DAGs
[2024-06-18T11:45:40.445+0545] {logging_mixin.py:188} INFO - [2024-06-18T11:45:40.445+0545] {dag.py:3954} INFO - Setting next_dagrun for example_dag_decorator to None, run_after=None
[2024-06-18T11:45:40.557+0545] {processor.py:183} INFO - Processing /home/manisha/airflow_env/lib/python3.10/site-packages/airflow/example_dags/example_dag_decorator.py took 0.328 seconds
[2024-06-18T11:46:11.108+0545] {processor.py:161} INFO - Started process (PID=8551) to work on /home/manisha/airflow_env/lib/python3.10/site-packages/airflow/example_dags/example_dag_decorator.py
[2024-06-18T11:46:11.109+0545] {processor.py:830} INFO - Processing file /home/manisha/airflow_env/lib/python3.10/site-packages/airflow/example_dags/example_dag_decorator.py for tasks to queue
[2024-06-18T11:46:11.110+0545] {logging_mixin.py:188} INFO - [2024-06-18T11:46:11.110+0545] {dagbag.py:545} INFO - Filling up the DagBag from /home/manisha/airflow_env/lib/python3.10/site-packages/airflow/example_dags/example_dag_decorator.py
[2024-06-18T11:46:11.192+0545] {processor.py:840} INFO - DAG(s) 'example_dag_decorator' retrieved from /home/manisha/airflow_env/lib/python3.10/site-packages/airflow/example_dags/example_dag_decorator.py
[2024-06-18T11:46:11.214+0545] {logging_mixin.py:188} INFO - [2024-06-18T11:46:11.213+0545] {dag.py:3096} INFO - Sync 1 DAGs
[2024-06-18T11:46:11.224+0545] {logging_mixin.py:188} INFO - [2024-06-18T11:46:11.224+0545] {dag.py:3954} INFO - Setting next_dagrun for example_dag_decorator to None, run_after=None
[2024-06-18T11:46:11.334+0545] {processor.py:183} INFO - Processing /home/manisha/airflow_env/lib/python3.10/site-packages/airflow/example_dags/example_dag_decorator.py took 0.232 seconds
[2024-06-18T11:46:41.540+0545] {processor.py:161} INFO - Started process (PID=8602) to work on /home/manisha/airflow_env/lib/python3.10/site-packages/airflow/example_dags/example_dag_decorator.py
[2024-06-18T11:46:41.563+0545] {processor.py:830} INFO - Processing file /home/manisha/airflow_env/lib/python3.10/site-packages/airflow/example_dags/example_dag_decorator.py for tasks to queue
[2024-06-18T11:46:41.565+0545] {logging_mixin.py:188} INFO - [2024-06-18T11:46:41.565+0545] {dagbag.py:545} INFO - Filling up the DagBag from /home/manisha/airflow_env/lib/python3.10/site-packages/airflow/example_dags/example_dag_decorator.py
[2024-06-18T11:46:41.666+0545] {processor.py:840} INFO - DAG(s) 'example_dag_decorator' retrieved from /home/manisha/airflow_env/lib/python3.10/site-packages/airflow/example_dags/example_dag_decorator.py
[2024-06-18T11:46:41.766+0545] {logging_mixin.py:188} INFO - [2024-06-18T11:46:41.766+0545] {dag.py:3096} INFO - Sync 1 DAGs
[2024-06-18T11:46:41.777+0545] {logging_mixin.py:188} INFO - [2024-06-18T11:46:41.777+0545] {dag.py:3954} INFO - Setting next_dagrun for example_dag_decorator to None, run_after=None
[2024-06-18T11:46:41.954+0545] {processor.py:183} INFO - Processing /home/manisha/airflow_env/lib/python3.10/site-packages/airflow/example_dags/example_dag_decorator.py took 0.421 seconds
[2024-06-18T11:47:12.151+0545] {processor.py:161} INFO - Started process (PID=8653) to work on /home/manisha/airflow_env/lib/python3.10/site-packages/airflow/example_dags/example_dag_decorator.py
[2024-06-18T11:47:12.151+0545] {processor.py:830} INFO - Processing file /home/manisha/airflow_env/lib/python3.10/site-packages/airflow/example_dags/example_dag_decorator.py for tasks to queue
[2024-06-18T11:47:12.153+0545] {logging_mixin.py:188} INFO - [2024-06-18T11:47:12.152+0545] {dagbag.py:545} INFO - Filling up the DagBag from /home/manisha/airflow_env/lib/python3.10/site-packages/airflow/example_dags/example_dag_decorator.py
[2024-06-18T11:47:12.230+0545] {processor.py:840} INFO - DAG(s) 'example_dag_decorator' retrieved from /home/manisha/airflow_env/lib/python3.10/site-packages/airflow/example_dags/example_dag_decorator.py
[2024-06-18T11:47:12.332+0545] {logging_mixin.py:188} INFO - [2024-06-18T11:47:12.332+0545] {dag.py:3096} INFO - Sync 1 DAGs
[2024-06-18T11:47:12.343+0545] {logging_mixin.py:188} INFO - [2024-06-18T11:47:12.343+0545] {dag.py:3954} INFO - Setting next_dagrun for example_dag_decorator to None, run_after=None
[2024-06-18T11:47:12.432+0545] {processor.py:183} INFO - Processing /home/manisha/airflow_env/lib/python3.10/site-packages/airflow/example_dags/example_dag_decorator.py took 0.287 seconds
[2024-06-18T11:47:42.631+0545] {processor.py:161} INFO - Started process (PID=8705) to work on /home/manisha/airflow_env/lib/python3.10/site-packages/airflow/example_dags/example_dag_decorator.py
[2024-06-18T11:47:42.649+0545] {processor.py:830} INFO - Processing file /home/manisha/airflow_env/lib/python3.10/site-packages/airflow/example_dags/example_dag_decorator.py for tasks to queue
[2024-06-18T11:47:42.650+0545] {logging_mixin.py:188} INFO - [2024-06-18T11:47:42.650+0545] {dagbag.py:545} INFO - Filling up the DagBag from /home/manisha/airflow_env/lib/python3.10/site-packages/airflow/example_dags/example_dag_decorator.py
[2024-06-18T11:47:42.736+0545] {processor.py:840} INFO - DAG(s) 'example_dag_decorator' retrieved from /home/manisha/airflow_env/lib/python3.10/site-packages/airflow/example_dags/example_dag_decorator.py
[2024-06-18T11:47:42.760+0545] {logging_mixin.py:188} INFO - [2024-06-18T11:47:42.759+0545] {dag.py:3096} INFO - Sync 1 DAGs
[2024-06-18T11:47:42.770+0545] {logging_mixin.py:188} INFO - [2024-06-18T11:47:42.770+0545] {dag.py:3954} INFO - Setting next_dagrun for example_dag_decorator to None, run_after=None
[2024-06-18T11:47:42.873+0545] {processor.py:183} INFO - Processing /home/manisha/airflow_env/lib/python3.10/site-packages/airflow/example_dags/example_dag_decorator.py took 0.258 seconds
[2024-06-18T11:48:32.798+0545] {processor.py:161} INFO - Started process (PID=8786) to work on /home/manisha/airflow_env/lib/python3.10/site-packages/airflow/example_dags/example_dag_decorator.py
[2024-06-18T11:48:32.811+0545] {processor.py:830} INFO - Processing file /home/manisha/airflow_env/lib/python3.10/site-packages/airflow/example_dags/example_dag_decorator.py for tasks to queue
[2024-06-18T11:48:32.812+0545] {logging_mixin.py:188} INFO - [2024-06-18T11:48:32.812+0545] {dagbag.py:545} INFO - Filling up the DagBag from /home/manisha/airflow_env/lib/python3.10/site-packages/airflow/example_dags/example_dag_decorator.py
[2024-06-18T11:48:32.891+0545] {processor.py:840} INFO - DAG(s) 'example_dag_decorator' retrieved from /home/manisha/airflow_env/lib/python3.10/site-packages/airflow/example_dags/example_dag_decorator.py
[2024-06-18T11:48:32.905+0545] {logging_mixin.py:188} INFO - [2024-06-18T11:48:32.905+0545] {dag.py:3096} INFO - Sync 1 DAGs
[2024-06-18T11:48:33.023+0545] {logging_mixin.py:188} INFO - [2024-06-18T11:48:33.023+0545] {dag.py:3954} INFO - Setting next_dagrun for example_dag_decorator to None, run_after=None
[2024-06-18T11:48:33.085+0545] {processor.py:183} INFO - Processing /home/manisha/airflow_env/lib/python3.10/site-packages/airflow/example_dags/example_dag_decorator.py took 0.294 seconds
[2024-06-18T11:49:10.270+0545] {processor.py:161} INFO - Started process (PID=8903) to work on /home/manisha/airflow_env/lib/python3.10/site-packages/airflow/example_dags/example_dag_decorator.py
[2024-06-18T11:49:10.278+0545] {processor.py:830} INFO - Processing file /home/manisha/airflow_env/lib/python3.10/site-packages/airflow/example_dags/example_dag_decorator.py for tasks to queue
[2024-06-18T11:49:10.281+0545] {logging_mixin.py:188} INFO - [2024-06-18T11:49:10.281+0545] {dagbag.py:545} INFO - Filling up the DagBag from /home/manisha/airflow_env/lib/python3.10/site-packages/airflow/example_dags/example_dag_decorator.py
[2024-06-18T11:49:10.703+0545] {processor.py:840} INFO - DAG(s) 'example_dag_decorator' retrieved from /home/manisha/airflow_env/lib/python3.10/site-packages/airflow/example_dags/example_dag_decorator.py
[2024-06-18T11:49:10.960+0545] {logging_mixin.py:188} INFO - [2024-06-18T11:49:10.959+0545] {dag.py:3096} INFO - Sync 1 DAGs
[2024-06-18T11:49:10.982+0545] {logging_mixin.py:188} INFO - [2024-06-18T11:49:10.982+0545] {dag.py:3954} INFO - Setting next_dagrun for example_dag_decorator to None, run_after=None
[2024-06-18T11:49:11.112+0545] {processor.py:183} INFO - Processing /home/manisha/airflow_env/lib/python3.10/site-packages/airflow/example_dags/example_dag_decorator.py took 0.857 seconds
[2024-06-18T11:49:41.486+0545] {processor.py:161} INFO - Started process (PID=8967) to work on /home/manisha/airflow_env/lib/python3.10/site-packages/airflow/example_dags/example_dag_decorator.py
[2024-06-18T11:49:41.488+0545] {processor.py:830} INFO - Processing file /home/manisha/airflow_env/lib/python3.10/site-packages/airflow/example_dags/example_dag_decorator.py for tasks to queue
[2024-06-18T11:49:41.490+0545] {logging_mixin.py:188} INFO - [2024-06-18T11:49:41.489+0545] {dagbag.py:545} INFO - Filling up the DagBag from /home/manisha/airflow_env/lib/python3.10/site-packages/airflow/example_dags/example_dag_decorator.py
[2024-06-18T11:49:41.575+0545] {processor.py:840} INFO - DAG(s) 'example_dag_decorator' retrieved from /home/manisha/airflow_env/lib/python3.10/site-packages/airflow/example_dags/example_dag_decorator.py
[2024-06-18T11:49:41.665+0545] {logging_mixin.py:188} INFO - [2024-06-18T11:49:41.664+0545] {dag.py:3096} INFO - Sync 1 DAGs
[2024-06-18T11:49:41.673+0545] {logging_mixin.py:188} INFO - [2024-06-18T11:49:41.672+0545] {dag.py:3954} INFO - Setting next_dagrun for example_dag_decorator to None, run_after=None
[2024-06-18T11:49:41.856+0545] {processor.py:183} INFO - Processing /home/manisha/airflow_env/lib/python3.10/site-packages/airflow/example_dags/example_dag_decorator.py took 0.380 seconds
[2024-06-18T11:50:12.164+0545] {processor.py:161} INFO - Started process (PID=9021) to work on /home/manisha/airflow_env/lib/python3.10/site-packages/airflow/example_dags/example_dag_decorator.py
[2024-06-18T11:50:12.165+0545] {processor.py:830} INFO - Processing file /home/manisha/airflow_env/lib/python3.10/site-packages/airflow/example_dags/example_dag_decorator.py for tasks to queue
[2024-06-18T11:50:12.166+0545] {logging_mixin.py:188} INFO - [2024-06-18T11:50:12.166+0545] {dagbag.py:545} INFO - Filling up the DagBag from /home/manisha/airflow_env/lib/python3.10/site-packages/airflow/example_dags/example_dag_decorator.py
[2024-06-18T11:50:12.266+0545] {processor.py:840} INFO - DAG(s) 'example_dag_decorator' retrieved from /home/manisha/airflow_env/lib/python3.10/site-packages/airflow/example_dags/example_dag_decorator.py
[2024-06-18T11:50:12.367+0545] {logging_mixin.py:188} INFO - [2024-06-18T11:50:12.366+0545] {dag.py:3096} INFO - Sync 1 DAGs
[2024-06-18T11:50:12.375+0545] {logging_mixin.py:188} INFO - [2024-06-18T11:50:12.375+0545] {dag.py:3954} INFO - Setting next_dagrun for example_dag_decorator to None, run_after=None
[2024-06-18T11:50:12.699+0545] {processor.py:183} INFO - Processing /home/manisha/airflow_env/lib/python3.10/site-packages/airflow/example_dags/example_dag_decorator.py took 0.542 seconds
[2024-06-18T11:50:42.937+0545] {processor.py:161} INFO - Started process (PID=9080) to work on /home/manisha/airflow_env/lib/python3.10/site-packages/airflow/example_dags/example_dag_decorator.py
[2024-06-18T11:50:42.993+0545] {processor.py:830} INFO - Processing file /home/manisha/airflow_env/lib/python3.10/site-packages/airflow/example_dags/example_dag_decorator.py for tasks to queue
[2024-06-18T11:50:42.994+0545] {logging_mixin.py:188} INFO - [2024-06-18T11:50:42.994+0545] {dagbag.py:545} INFO - Filling up the DagBag from /home/manisha/airflow_env/lib/python3.10/site-packages/airflow/example_dags/example_dag_decorator.py
[2024-06-18T11:50:43.103+0545] {processor.py:840} INFO - DAG(s) 'example_dag_decorator' retrieved from /home/manisha/airflow_env/lib/python3.10/site-packages/airflow/example_dags/example_dag_decorator.py
[2024-06-18T11:50:43.227+0545] {logging_mixin.py:188} INFO - [2024-06-18T11:50:43.227+0545] {dag.py:3096} INFO - Sync 1 DAGs
[2024-06-18T11:50:43.235+0545] {logging_mixin.py:188} INFO - [2024-06-18T11:50:43.235+0545] {dag.py:3954} INFO - Setting next_dagrun for example_dag_decorator to None, run_after=None
[2024-06-18T11:50:43.551+0545] {processor.py:183} INFO - Processing /home/manisha/airflow_env/lib/python3.10/site-packages/airflow/example_dags/example_dag_decorator.py took 0.622 seconds
[2024-06-18T11:51:01.749+0545] {processor.py:161} INFO - Started process (PID=9473) to work on /home/manisha/airflow_env/lib/python3.10/site-packages/airflow/example_dags/example_dag_decorator.py
[2024-06-18T11:51:01.751+0545] {processor.py:830} INFO - Processing file /home/manisha/airflow_env/lib/python3.10/site-packages/airflow/example_dags/example_dag_decorator.py for tasks to queue
[2024-06-18T11:51:01.756+0545] {logging_mixin.py:188} INFO - [2024-06-18T11:51:01.755+0545] {dagbag.py:545} INFO - Filling up the DagBag from /home/manisha/airflow_env/lib/python3.10/site-packages/airflow/example_dags/example_dag_decorator.py
[2024-06-18T11:51:02.284+0545] {processor.py:840} INFO - DAG(s) 'example_dag_decorator' retrieved from /home/manisha/airflow_env/lib/python3.10/site-packages/airflow/example_dags/example_dag_decorator.py
[2024-06-18T11:51:02.312+0545] {logging_mixin.py:188} INFO - [2024-06-18T11:51:02.311+0545] {dag.py:3096} INFO - Sync 1 DAGs
[2024-06-18T11:51:02.335+0545] {logging_mixin.py:188} INFO - [2024-06-18T11:51:02.335+0545] {dag.py:3954} INFO - Setting next_dagrun for example_dag_decorator to None, run_after=None
[2024-06-18T11:51:02.530+0545] {processor.py:183} INFO - Processing /home/manisha/airflow_env/lib/python3.10/site-packages/airflow/example_dags/example_dag_decorator.py took 0.797 seconds
[2024-06-18T11:51:37.008+0545] {processor.py:161} INFO - Started process (PID=9739) to work on /home/manisha/airflow_env/lib/python3.10/site-packages/airflow/example_dags/example_dag_decorator.py
[2024-06-18T11:51:37.058+0545] {processor.py:830} INFO - Processing file /home/manisha/airflow_env/lib/python3.10/site-packages/airflow/example_dags/example_dag_decorator.py for tasks to queue
[2024-06-18T11:51:37.060+0545] {logging_mixin.py:188} INFO - [2024-06-18T11:51:37.060+0545] {dagbag.py:545} INFO - Filling up the DagBag from /home/manisha/airflow_env/lib/python3.10/site-packages/airflow/example_dags/example_dag_decorator.py
[2024-06-18T11:51:37.231+0545] {processor.py:840} INFO - DAG(s) 'example_dag_decorator' retrieved from /home/manisha/airflow_env/lib/python3.10/site-packages/airflow/example_dags/example_dag_decorator.py
[2024-06-18T11:51:37.341+0545] {logging_mixin.py:188} INFO - [2024-06-18T11:51:37.341+0545] {dag.py:3096} INFO - Sync 1 DAGs
[2024-06-18T11:51:37.351+0545] {logging_mixin.py:188} INFO - [2024-06-18T11:51:37.350+0545] {dag.py:3954} INFO - Setting next_dagrun for example_dag_decorator to None, run_after=None
[2024-06-18T11:51:37.527+0545] {processor.py:183} INFO - Processing /home/manisha/airflow_env/lib/python3.10/site-packages/airflow/example_dags/example_dag_decorator.py took 0.524 seconds
