[2024-06-18T10:57:39.116+0545] {processor.py:161} INFO - Started process (PID=4060) to work on /home/manisha/airflow_env/lib/python3.10/site-packages/airflow/example_dags/example_branch_day_of_week_operator.py
[2024-06-18T10:57:39.117+0545] {processor.py:830} INFO - Processing file /home/manisha/airflow_env/lib/python3.10/site-packages/airflow/example_dags/example_branch_day_of_week_operator.py for tasks to queue
[2024-06-18T10:57:39.120+0545] {logging_mixin.py:188} INFO - [2024-06-18T10:57:39.120+0545] {dagbag.py:545} INFO - Filling up the DagBag from /home/manisha/airflow_env/lib/python3.10/site-packages/airflow/example_dags/example_branch_day_of_week_operator.py
[2024-06-18T10:57:39.132+0545] {processor.py:840} INFO - DAG(s) 'example_weekday_branch_operator' retrieved from /home/manisha/airflow_env/lib/python3.10/site-packages/airflow/example_dags/example_branch_day_of_week_operator.py
[2024-06-18T10:57:39.384+0545] {logging_mixin.py:188} INFO - [2024-06-18T10:57:39.382+0545] {override.py:1829} INFO - Created Permission View: can edit on DAG:example_weekday_branch_operator
[2024-06-18T10:57:39.451+0545] {logging_mixin.py:188} INFO - [2024-06-18T10:57:39.449+0545] {override.py:1829} INFO - Created Permission View: can read on DAG:example_weekday_branch_operator
[2024-06-18T10:57:39.518+0545] {logging_mixin.py:188} INFO - [2024-06-18T10:57:39.517+0545] {override.py:1829} INFO - Created Permission View: can delete on DAG:example_weekday_branch_operator
[2024-06-18T10:57:39.520+0545] {logging_mixin.py:188} INFO - [2024-06-18T10:57:39.519+0545] {dag.py:3096} INFO - Sync 1 DAGs
[2024-06-18T10:57:39.551+0545] {logging_mixin.py:188} INFO - [2024-06-18T10:57:39.551+0545] {dag.py:3118} INFO - Creating ORM DAG for example_weekday_branch_operator
[2024-06-18T10:57:39.568+0545] {logging_mixin.py:188} INFO - [2024-06-18T10:57:39.568+0545] {dag.py:3954} INFO - Setting next_dagrun for example_weekday_branch_operator to 2024-06-17 00:00:00+00:00, run_after=2024-06-18 00:00:00+00:00
[2024-06-18T10:57:39.766+0545] {processor.py:183} INFO - Processing /home/manisha/airflow_env/lib/python3.10/site-packages/airflow/example_dags/example_branch_day_of_week_operator.py took 0.669 seconds
[2024-06-18T10:58:55.884+0545] {processor.py:161} INFO - Started process (PID=4181) to work on /home/manisha/airflow_env/lib/python3.10/site-packages/airflow/example_dags/example_branch_day_of_week_operator.py
[2024-06-18T10:58:55.885+0545] {processor.py:830} INFO - Processing file /home/manisha/airflow_env/lib/python3.10/site-packages/airflow/example_dags/example_branch_day_of_week_operator.py for tasks to queue
[2024-06-18T10:58:55.887+0545] {logging_mixin.py:188} INFO - [2024-06-18T10:58:55.887+0545] {dagbag.py:545} INFO - Filling up the DagBag from /home/manisha/airflow_env/lib/python3.10/site-packages/airflow/example_dags/example_branch_day_of_week_operator.py
[2024-06-18T10:58:55.896+0545] {processor.py:840} INFO - DAG(s) 'example_weekday_branch_operator' retrieved from /home/manisha/airflow_env/lib/python3.10/site-packages/airflow/example_dags/example_branch_day_of_week_operator.py
[2024-06-18T10:58:55.913+0545] {logging_mixin.py:188} INFO - [2024-06-18T10:58:55.913+0545] {dag.py:3096} INFO - Sync 1 DAGs
[2024-06-18T10:58:55.932+0545] {logging_mixin.py:188} INFO - [2024-06-18T10:58:55.932+0545] {dag.py:3954} INFO - Setting next_dagrun for example_weekday_branch_operator to 2024-06-17 00:00:00+00:00, run_after=2024-06-18 00:00:00+00:00
[2024-06-18T10:58:56.062+0545] {processor.py:183} INFO - Processing /home/manisha/airflow_env/lib/python3.10/site-packages/airflow/example_dags/example_branch_day_of_week_operator.py took 0.184 seconds
[2024-06-18T11:00:00.748+0545] {processor.py:161} INFO - Started process (PID=4235) to work on /home/manisha/airflow_env/lib/python3.10/site-packages/airflow/example_dags/example_branch_day_of_week_operator.py
[2024-06-18T11:00:00.750+0545] {processor.py:830} INFO - Processing file /home/manisha/airflow_env/lib/python3.10/site-packages/airflow/example_dags/example_branch_day_of_week_operator.py for tasks to queue
[2024-06-18T11:00:00.753+0545] {logging_mixin.py:188} INFO - [2024-06-18T11:00:00.753+0545] {dagbag.py:545} INFO - Filling up the DagBag from /home/manisha/airflow_env/lib/python3.10/site-packages/airflow/example_dags/example_branch_day_of_week_operator.py
[2024-06-18T11:00:00.768+0545] {processor.py:840} INFO - DAG(s) 'example_weekday_branch_operator' retrieved from /home/manisha/airflow_env/lib/python3.10/site-packages/airflow/example_dags/example_branch_day_of_week_operator.py
[2024-06-18T11:00:00.785+0545] {logging_mixin.py:188} INFO - [2024-06-18T11:00:00.785+0545] {dag.py:3096} INFO - Sync 1 DAGs
[2024-06-18T11:00:00.890+0545] {logging_mixin.py:188} INFO - [2024-06-18T11:00:00.888+0545] {dag.py:3954} INFO - Setting next_dagrun for example_weekday_branch_operator to 2024-06-17 00:00:00+00:00, run_after=2024-06-18 00:00:00+00:00
[2024-06-18T11:00:01.030+0545] {processor.py:183} INFO - Processing /home/manisha/airflow_env/lib/python3.10/site-packages/airflow/example_dags/example_branch_day_of_week_operator.py took 0.294 seconds
[2024-06-18T11:01:02.333+0545] {processor.py:161} INFO - Started process (PID=4378) to work on /home/manisha/airflow_env/lib/python3.10/site-packages/airflow/example_dags/example_branch_day_of_week_operator.py
[2024-06-18T11:01:02.335+0545] {processor.py:830} INFO - Processing file /home/manisha/airflow_env/lib/python3.10/site-packages/airflow/example_dags/example_branch_day_of_week_operator.py for tasks to queue
[2024-06-18T11:01:02.337+0545] {logging_mixin.py:188} INFO - [2024-06-18T11:01:02.337+0545] {dagbag.py:545} INFO - Filling up the DagBag from /home/manisha/airflow_env/lib/python3.10/site-packages/airflow/example_dags/example_branch_day_of_week_operator.py
[2024-06-18T11:01:02.346+0545] {processor.py:840} INFO - DAG(s) 'example_weekday_branch_operator' retrieved from /home/manisha/airflow_env/lib/python3.10/site-packages/airflow/example_dags/example_branch_day_of_week_operator.py
[2024-06-18T11:01:02.363+0545] {logging_mixin.py:188} INFO - [2024-06-18T11:01:02.363+0545] {dag.py:3096} INFO - Sync 1 DAGs
[2024-06-18T11:01:02.383+0545] {logging_mixin.py:188} INFO - [2024-06-18T11:01:02.383+0545] {dag.py:3954} INFO - Setting next_dagrun for example_weekday_branch_operator to 2024-06-17 00:00:00+00:00, run_after=2024-06-18 00:00:00+00:00
[2024-06-18T11:01:02.620+0545] {processor.py:183} INFO - Processing /home/manisha/airflow_env/lib/python3.10/site-packages/airflow/example_dags/example_branch_day_of_week_operator.py took 0.293 seconds
[2024-06-18T11:02:05.012+0545] {processor.py:161} INFO - Started process (PID=4430) to work on /home/manisha/airflow_env/lib/python3.10/site-packages/airflow/example_dags/example_branch_day_of_week_operator.py
[2024-06-18T11:02:05.047+0545] {processor.py:830} INFO - Processing file /home/manisha/airflow_env/lib/python3.10/site-packages/airflow/example_dags/example_branch_day_of_week_operator.py for tasks to queue
[2024-06-18T11:02:05.053+0545] {logging_mixin.py:188} INFO - [2024-06-18T11:02:05.051+0545] {dagbag.py:545} INFO - Filling up the DagBag from /home/manisha/airflow_env/lib/python3.10/site-packages/airflow/example_dags/example_branch_day_of_week_operator.py
[2024-06-18T11:02:05.081+0545] {processor.py:840} INFO - DAG(s) 'example_weekday_branch_operator' retrieved from /home/manisha/airflow_env/lib/python3.10/site-packages/airflow/example_dags/example_branch_day_of_week_operator.py
[2024-06-18T11:02:05.100+0545] {logging_mixin.py:188} INFO - [2024-06-18T11:02:05.100+0545] {dag.py:3096} INFO - Sync 1 DAGs
[2024-06-18T11:02:05.119+0545] {logging_mixin.py:188} INFO - [2024-06-18T11:02:05.119+0545] {dag.py:3954} INFO - Setting next_dagrun for example_weekday_branch_operator to 2024-06-17 00:00:00+00:00, run_after=2024-06-18 00:00:00+00:00
[2024-06-18T11:02:05.223+0545] {processor.py:183} INFO - Processing /home/manisha/airflow_env/lib/python3.10/site-packages/airflow/example_dags/example_branch_day_of_week_operator.py took 0.218 seconds
[2024-06-18T11:03:01.920+0545] {processor.py:161} INFO - Started process (PID=4483) to work on /home/manisha/airflow_env/lib/python3.10/site-packages/airflow/example_dags/example_branch_day_of_week_operator.py
[2024-06-18T11:03:01.922+0545] {processor.py:830} INFO - Processing file /home/manisha/airflow_env/lib/python3.10/site-packages/airflow/example_dags/example_branch_day_of_week_operator.py for tasks to queue
[2024-06-18T11:03:01.924+0545] {logging_mixin.py:188} INFO - [2024-06-18T11:03:01.923+0545] {dagbag.py:545} INFO - Filling up the DagBag from /home/manisha/airflow_env/lib/python3.10/site-packages/airflow/example_dags/example_branch_day_of_week_operator.py
[2024-06-18T11:03:01.933+0545] {processor.py:840} INFO - DAG(s) 'example_weekday_branch_operator' retrieved from /home/manisha/airflow_env/lib/python3.10/site-packages/airflow/example_dags/example_branch_day_of_week_operator.py
[2024-06-18T11:03:01.950+0545] {logging_mixin.py:188} INFO - [2024-06-18T11:03:01.950+0545] {dag.py:3096} INFO - Sync 1 DAGs
[2024-06-18T11:03:01.970+0545] {logging_mixin.py:188} INFO - [2024-06-18T11:03:01.969+0545] {dag.py:3954} INFO - Setting next_dagrun for example_weekday_branch_operator to 2024-06-17 00:00:00+00:00, run_after=2024-06-18 00:00:00+00:00
[2024-06-18T11:03:02.115+0545] {processor.py:183} INFO - Processing /home/manisha/airflow_env/lib/python3.10/site-packages/airflow/example_dags/example_branch_day_of_week_operator.py took 0.202 seconds
[2024-06-18T11:04:02.365+0545] {processor.py:161} INFO - Started process (PID=4537) to work on /home/manisha/airflow_env/lib/python3.10/site-packages/airflow/example_dags/example_branch_day_of_week_operator.py
[2024-06-18T11:04:02.367+0545] {processor.py:830} INFO - Processing file /home/manisha/airflow_env/lib/python3.10/site-packages/airflow/example_dags/example_branch_day_of_week_operator.py for tasks to queue
[2024-06-18T11:04:02.368+0545] {logging_mixin.py:188} INFO - [2024-06-18T11:04:02.368+0545] {dagbag.py:545} INFO - Filling up the DagBag from /home/manisha/airflow_env/lib/python3.10/site-packages/airflow/example_dags/example_branch_day_of_week_operator.py
[2024-06-18T11:04:02.377+0545] {processor.py:840} INFO - DAG(s) 'example_weekday_branch_operator' retrieved from /home/manisha/airflow_env/lib/python3.10/site-packages/airflow/example_dags/example_branch_day_of_week_operator.py
[2024-06-18T11:04:02.394+0545] {logging_mixin.py:188} INFO - [2024-06-18T11:04:02.393+0545] {dag.py:3096} INFO - Sync 1 DAGs
[2024-06-18T11:04:02.412+0545] {logging_mixin.py:188} INFO - [2024-06-18T11:04:02.412+0545] {dag.py:3954} INFO - Setting next_dagrun for example_weekday_branch_operator to 2024-06-17 00:00:00+00:00, run_after=2024-06-18 00:00:00+00:00
[2024-06-18T11:04:02.546+0545] {processor.py:183} INFO - Processing /home/manisha/airflow_env/lib/python3.10/site-packages/airflow/example_dags/example_branch_day_of_week_operator.py took 0.187 seconds
[2024-06-18T11:05:38.736+0545] {processor.py:161} INFO - Started process (PID=4742) to work on /home/manisha/airflow_env/lib/python3.10/site-packages/airflow/example_dags/example_branch_day_of_week_operator.py
[2024-06-18T11:05:38.787+0545] {processor.py:830} INFO - Processing file /home/manisha/airflow_env/lib/python3.10/site-packages/airflow/example_dags/example_branch_day_of_week_operator.py for tasks to queue
[2024-06-18T11:05:38.792+0545] {logging_mixin.py:188} INFO - [2024-06-18T11:05:38.791+0545] {dagbag.py:545} INFO - Filling up the DagBag from /home/manisha/airflow_env/lib/python3.10/site-packages/airflow/example_dags/example_branch_day_of_week_operator.py
[2024-06-18T11:05:38.818+0545] {processor.py:840} INFO - DAG(s) 'example_weekday_branch_operator' retrieved from /home/manisha/airflow_env/lib/python3.10/site-packages/airflow/example_dags/example_branch_day_of_week_operator.py
[2024-06-18T11:05:38.837+0545] {logging_mixin.py:188} INFO - [2024-06-18T11:05:38.837+0545] {dag.py:3096} INFO - Sync 1 DAGs
[2024-06-18T11:05:38.861+0545] {logging_mixin.py:188} INFO - [2024-06-18T11:05:38.861+0545] {dag.py:3954} INFO - Setting next_dagrun for example_weekday_branch_operator to 2024-06-17 00:00:00+00:00, run_after=2024-06-18 00:00:00+00:00
[2024-06-18T11:05:38.969+0545] {processor.py:183} INFO - Processing /home/manisha/airflow_env/lib/python3.10/site-packages/airflow/example_dags/example_branch_day_of_week_operator.py took 0.244 seconds
[2024-06-18T11:06:47.224+0545] {processor.py:161} INFO - Started process (PID=4809) to work on /home/manisha/airflow_env/lib/python3.10/site-packages/airflow/example_dags/example_branch_day_of_week_operator.py
[2024-06-18T11:06:47.226+0545] {processor.py:830} INFO - Processing file /home/manisha/airflow_env/lib/python3.10/site-packages/airflow/example_dags/example_branch_day_of_week_operator.py for tasks to queue
[2024-06-18T11:06:47.227+0545] {logging_mixin.py:188} INFO - [2024-06-18T11:06:47.227+0545] {dagbag.py:545} INFO - Filling up the DagBag from /home/manisha/airflow_env/lib/python3.10/site-packages/airflow/example_dags/example_branch_day_of_week_operator.py
[2024-06-18T11:06:47.236+0545] {processor.py:840} INFO - DAG(s) 'example_weekday_branch_operator' retrieved from /home/manisha/airflow_env/lib/python3.10/site-packages/airflow/example_dags/example_branch_day_of_week_operator.py
[2024-06-18T11:06:47.255+0545] {logging_mixin.py:188} INFO - [2024-06-18T11:06:47.255+0545] {dag.py:3096} INFO - Sync 1 DAGs
[2024-06-18T11:06:47.277+0545] {logging_mixin.py:188} INFO - [2024-06-18T11:06:47.277+0545] {dag.py:3954} INFO - Setting next_dagrun for example_weekday_branch_operator to 2024-06-17 00:00:00+00:00, run_after=2024-06-18 00:00:00+00:00
[2024-06-18T11:06:47.365+0545] {processor.py:183} INFO - Processing /home/manisha/airflow_env/lib/python3.10/site-packages/airflow/example_dags/example_branch_day_of_week_operator.py took 0.148 seconds
[2024-06-18T11:07:45.534+0545] {processor.py:161} INFO - Started process (PID=4955) to work on /home/manisha/airflow_env/lib/python3.10/site-packages/airflow/example_dags/example_branch_day_of_week_operator.py
[2024-06-18T11:07:45.535+0545] {processor.py:830} INFO - Processing file /home/manisha/airflow_env/lib/python3.10/site-packages/airflow/example_dags/example_branch_day_of_week_operator.py for tasks to queue
[2024-06-18T11:07:45.537+0545] {logging_mixin.py:188} INFO - [2024-06-18T11:07:45.536+0545] {dagbag.py:545} INFO - Filling up the DagBag from /home/manisha/airflow_env/lib/python3.10/site-packages/airflow/example_dags/example_branch_day_of_week_operator.py
[2024-06-18T11:07:45.546+0545] {processor.py:840} INFO - DAG(s) 'example_weekday_branch_operator' retrieved from /home/manisha/airflow_env/lib/python3.10/site-packages/airflow/example_dags/example_branch_day_of_week_operator.py
[2024-06-18T11:07:45.563+0545] {logging_mixin.py:188} INFO - [2024-06-18T11:07:45.563+0545] {dag.py:3096} INFO - Sync 1 DAGs
[2024-06-18T11:07:45.583+0545] {logging_mixin.py:188} INFO - [2024-06-18T11:07:45.582+0545] {dag.py:3954} INFO - Setting next_dagrun for example_weekday_branch_operator to 2024-06-17 00:00:00+00:00, run_after=2024-06-18 00:00:00+00:00
[2024-06-18T11:07:45.695+0545] {processor.py:183} INFO - Processing /home/manisha/airflow_env/lib/python3.10/site-packages/airflow/example_dags/example_branch_day_of_week_operator.py took 0.168 seconds
[2024-06-18T11:08:43.573+0545] {processor.py:161} INFO - Started process (PID=5521) to work on /home/manisha/airflow_env/lib/python3.10/site-packages/airflow/example_dags/example_branch_day_of_week_operator.py
[2024-06-18T11:08:43.575+0545] {processor.py:830} INFO - Processing file /home/manisha/airflow_env/lib/python3.10/site-packages/airflow/example_dags/example_branch_day_of_week_operator.py for tasks to queue
[2024-06-18T11:08:43.577+0545] {logging_mixin.py:188} INFO - [2024-06-18T11:08:43.577+0545] {dagbag.py:545} INFO - Filling up the DagBag from /home/manisha/airflow_env/lib/python3.10/site-packages/airflow/example_dags/example_branch_day_of_week_operator.py
[2024-06-18T11:08:43.584+0545] {processor.py:840} INFO - DAG(s) 'example_weekday_branch_operator' retrieved from /home/manisha/airflow_env/lib/python3.10/site-packages/airflow/example_dags/example_branch_day_of_week_operator.py
[2024-06-18T11:08:43.609+0545] {logging_mixin.py:188} INFO - [2024-06-18T11:08:43.608+0545] {dag.py:3096} INFO - Sync 1 DAGs
[2024-06-18T11:08:43.642+0545] {logging_mixin.py:188} INFO - [2024-06-18T11:08:43.642+0545] {dag.py:3954} INFO - Setting next_dagrun for example_weekday_branch_operator to 2024-06-17 00:00:00+00:00, run_after=2024-06-18 00:00:00+00:00
[2024-06-18T11:08:43.748+0545] {processor.py:183} INFO - Processing /home/manisha/airflow_env/lib/python3.10/site-packages/airflow/example_dags/example_branch_day_of_week_operator.py took 0.180 seconds
[2024-06-18T11:09:44.149+0545] {processor.py:161} INFO - Started process (PID=5654) to work on /home/manisha/airflow_env/lib/python3.10/site-packages/airflow/example_dags/example_branch_day_of_week_operator.py
[2024-06-18T11:09:44.183+0545] {processor.py:830} INFO - Processing file /home/manisha/airflow_env/lib/python3.10/site-packages/airflow/example_dags/example_branch_day_of_week_operator.py for tasks to queue
[2024-06-18T11:09:44.187+0545] {logging_mixin.py:188} INFO - [2024-06-18T11:09:44.186+0545] {dagbag.py:545} INFO - Filling up the DagBag from /home/manisha/airflow_env/lib/python3.10/site-packages/airflow/example_dags/example_branch_day_of_week_operator.py
[2024-06-18T11:09:44.213+0545] {processor.py:840} INFO - DAG(s) 'example_weekday_branch_operator' retrieved from /home/manisha/airflow_env/lib/python3.10/site-packages/airflow/example_dags/example_branch_day_of_week_operator.py
[2024-06-18T11:09:44.234+0545] {logging_mixin.py:188} INFO - [2024-06-18T11:09:44.234+0545] {dag.py:3096} INFO - Sync 1 DAGs
[2024-06-18T11:09:44.252+0545] {logging_mixin.py:188} INFO - [2024-06-18T11:09:44.252+0545] {dag.py:3954} INFO - Setting next_dagrun for example_weekday_branch_operator to 2024-06-17 00:00:00+00:00, run_after=2024-06-18 00:00:00+00:00
[2024-06-18T11:09:44.331+0545] {processor.py:183} INFO - Processing /home/manisha/airflow_env/lib/python3.10/site-packages/airflow/example_dags/example_branch_day_of_week_operator.py took 0.189 seconds
[2024-06-18T11:44:02.865+0545] {processor.py:161} INFO - Started process (PID=8335) to work on /home/manisha/airflow_env/lib/python3.10/site-packages/airflow/example_dags/example_branch_day_of_week_operator.py
[2024-06-18T11:44:02.871+0545] {processor.py:830} INFO - Processing file /home/manisha/airflow_env/lib/python3.10/site-packages/airflow/example_dags/example_branch_day_of_week_operator.py for tasks to queue
[2024-06-18T11:44:02.872+0545] {logging_mixin.py:188} INFO - [2024-06-18T11:44:02.872+0545] {dagbag.py:545} INFO - Filling up the DagBag from /home/manisha/airflow_env/lib/python3.10/site-packages/airflow/example_dags/example_branch_day_of_week_operator.py
[2024-06-18T11:44:02.880+0545] {processor.py:840} INFO - DAG(s) 'example_weekday_branch_operator' retrieved from /home/manisha/airflow_env/lib/python3.10/site-packages/airflow/example_dags/example_branch_day_of_week_operator.py
[2024-06-18T11:44:02.894+0545] {logging_mixin.py:188} INFO - [2024-06-18T11:44:02.894+0545] {dag.py:3096} INFO - Sync 1 DAGs
[2024-06-18T11:44:02.921+0545] {logging_mixin.py:188} INFO - [2024-06-18T11:44:02.921+0545] {dag.py:3954} INFO - Setting next_dagrun for example_weekday_branch_operator to 2024-06-17 00:00:00+00:00, run_after=2024-06-18 00:00:00+00:00
[2024-06-18T11:44:03.103+0545] {processor.py:183} INFO - Processing /home/manisha/airflow_env/lib/python3.10/site-packages/airflow/example_dags/example_branch_day_of_week_operator.py took 0.244 seconds
[2024-06-18T11:44:37.061+0545] {processor.py:161} INFO - Started process (PID=8390) to work on /home/manisha/airflow_env/lib/python3.10/site-packages/airflow/example_dags/example_branch_day_of_week_operator.py
[2024-06-18T11:44:37.070+0545] {processor.py:830} INFO - Processing file /home/manisha/airflow_env/lib/python3.10/site-packages/airflow/example_dags/example_branch_day_of_week_operator.py for tasks to queue
[2024-06-18T11:44:37.071+0545] {logging_mixin.py:188} INFO - [2024-06-18T11:44:37.071+0545] {dagbag.py:545} INFO - Filling up the DagBag from /home/manisha/airflow_env/lib/python3.10/site-packages/airflow/example_dags/example_branch_day_of_week_operator.py
[2024-06-18T11:44:37.078+0545] {processor.py:840} INFO - DAG(s) 'example_weekday_branch_operator' retrieved from /home/manisha/airflow_env/lib/python3.10/site-packages/airflow/example_dags/example_branch_day_of_week_operator.py
[2024-06-18T11:44:37.266+0545] {logging_mixin.py:188} INFO - [2024-06-18T11:44:37.266+0545] {dag.py:3096} INFO - Sync 1 DAGs
[2024-06-18T11:44:37.284+0545] {logging_mixin.py:188} INFO - [2024-06-18T11:44:37.284+0545] {dag.py:3954} INFO - Setting next_dagrun for example_weekday_branch_operator to 2024-06-17 00:00:00+00:00, run_after=2024-06-18 00:00:00+00:00
[2024-06-18T11:44:37.429+0545] {processor.py:183} INFO - Processing /home/manisha/airflow_env/lib/python3.10/site-packages/airflow/example_dags/example_branch_day_of_week_operator.py took 0.373 seconds
[2024-06-18T11:45:08.089+0545] {processor.py:161} INFO - Started process (PID=8444) to work on /home/manisha/airflow_env/lib/python3.10/site-packages/airflow/example_dags/example_branch_day_of_week_operator.py
[2024-06-18T11:45:08.090+0545] {processor.py:830} INFO - Processing file /home/manisha/airflow_env/lib/python3.10/site-packages/airflow/example_dags/example_branch_day_of_week_operator.py for tasks to queue
[2024-06-18T11:45:08.091+0545] {logging_mixin.py:188} INFO - [2024-06-18T11:45:08.091+0545] {dagbag.py:545} INFO - Filling up the DagBag from /home/manisha/airflow_env/lib/python3.10/site-packages/airflow/example_dags/example_branch_day_of_week_operator.py
[2024-06-18T11:45:08.098+0545] {processor.py:840} INFO - DAG(s) 'example_weekday_branch_operator' retrieved from /home/manisha/airflow_env/lib/python3.10/site-packages/airflow/example_dags/example_branch_day_of_week_operator.py
[2024-06-18T11:45:08.119+0545] {logging_mixin.py:188} INFO - [2024-06-18T11:45:08.119+0545] {dag.py:3096} INFO - Sync 1 DAGs
[2024-06-18T11:45:08.137+0545] {logging_mixin.py:188} INFO - [2024-06-18T11:45:08.137+0545] {dag.py:3954} INFO - Setting next_dagrun for example_weekday_branch_operator to 2024-06-17 00:00:00+00:00, run_after=2024-06-18 00:00:00+00:00
[2024-06-18T11:45:08.230+0545] {processor.py:183} INFO - Processing /home/manisha/airflow_env/lib/python3.10/site-packages/airflow/example_dags/example_branch_day_of_week_operator.py took 0.146 seconds
[2024-06-18T11:45:39.004+0545] {processor.py:161} INFO - Started process (PID=8496) to work on /home/manisha/airflow_env/lib/python3.10/site-packages/airflow/example_dags/example_branch_day_of_week_operator.py
[2024-06-18T11:45:39.005+0545] {processor.py:830} INFO - Processing file /home/manisha/airflow_env/lib/python3.10/site-packages/airflow/example_dags/example_branch_day_of_week_operator.py for tasks to queue
[2024-06-18T11:45:39.006+0545] {logging_mixin.py:188} INFO - [2024-06-18T11:45:39.006+0545] {dagbag.py:545} INFO - Filling up the DagBag from /home/manisha/airflow_env/lib/python3.10/site-packages/airflow/example_dags/example_branch_day_of_week_operator.py
[2024-06-18T11:45:39.013+0545] {processor.py:840} INFO - DAG(s) 'example_weekday_branch_operator' retrieved from /home/manisha/airflow_env/lib/python3.10/site-packages/airflow/example_dags/example_branch_day_of_week_operator.py
[2024-06-18T11:45:39.041+0545] {logging_mixin.py:188} INFO - [2024-06-18T11:45:39.040+0545] {dag.py:3096} INFO - Sync 1 DAGs
[2024-06-18T11:45:39.061+0545] {logging_mixin.py:188} INFO - [2024-06-18T11:45:39.061+0545] {dag.py:3954} INFO - Setting next_dagrun for example_weekday_branch_operator to 2024-06-17 00:00:00+00:00, run_after=2024-06-18 00:00:00+00:00
[2024-06-18T11:45:39.170+0545] {processor.py:183} INFO - Processing /home/manisha/airflow_env/lib/python3.10/site-packages/airflow/example_dags/example_branch_day_of_week_operator.py took 0.171 seconds
[2024-06-18T11:46:09.761+0545] {processor.py:161} INFO - Started process (PID=8548) to work on /home/manisha/airflow_env/lib/python3.10/site-packages/airflow/example_dags/example_branch_day_of_week_operator.py
[2024-06-18T11:46:09.789+0545] {processor.py:830} INFO - Processing file /home/manisha/airflow_env/lib/python3.10/site-packages/airflow/example_dags/example_branch_day_of_week_operator.py for tasks to queue
[2024-06-18T11:46:09.804+0545] {logging_mixin.py:188} INFO - [2024-06-18T11:46:09.803+0545] {dagbag.py:545} INFO - Filling up the DagBag from /home/manisha/airflow_env/lib/python3.10/site-packages/airflow/example_dags/example_branch_day_of_week_operator.py
[2024-06-18T11:46:09.822+0545] {processor.py:840} INFO - DAG(s) 'example_weekday_branch_operator' retrieved from /home/manisha/airflow_env/lib/python3.10/site-packages/airflow/example_dags/example_branch_day_of_week_operator.py
[2024-06-18T11:46:09.854+0545] {logging_mixin.py:188} INFO - [2024-06-18T11:46:09.854+0545] {dag.py:3096} INFO - Sync 1 DAGs
[2024-06-18T11:46:09.873+0545] {logging_mixin.py:188} INFO - [2024-06-18T11:46:09.873+0545] {dag.py:3954} INFO - Setting next_dagrun for example_weekday_branch_operator to 2024-06-17 00:00:00+00:00, run_after=2024-06-18 00:00:00+00:00
[2024-06-18T11:46:10.059+0545] {processor.py:183} INFO - Processing /home/manisha/airflow_env/lib/python3.10/site-packages/airflow/example_dags/example_branch_day_of_week_operator.py took 0.304 seconds
[2024-06-18T11:46:40.123+0545] {processor.py:161} INFO - Started process (PID=8599) to work on /home/manisha/airflow_env/lib/python3.10/site-packages/airflow/example_dags/example_branch_day_of_week_operator.py
[2024-06-18T11:46:40.124+0545] {processor.py:830} INFO - Processing file /home/manisha/airflow_env/lib/python3.10/site-packages/airflow/example_dags/example_branch_day_of_week_operator.py for tasks to queue
[2024-06-18T11:46:40.125+0545] {logging_mixin.py:188} INFO - [2024-06-18T11:46:40.124+0545] {dagbag.py:545} INFO - Filling up the DagBag from /home/manisha/airflow_env/lib/python3.10/site-packages/airflow/example_dags/example_branch_day_of_week_operator.py
[2024-06-18T11:46:40.133+0545] {processor.py:840} INFO - DAG(s) 'example_weekday_branch_operator' retrieved from /home/manisha/airflow_env/lib/python3.10/site-packages/airflow/example_dags/example_branch_day_of_week_operator.py
[2024-06-18T11:46:40.155+0545] {logging_mixin.py:188} INFO - [2024-06-18T11:46:40.155+0545] {dag.py:3096} INFO - Sync 1 DAGs
[2024-06-18T11:46:40.175+0545] {logging_mixin.py:188} INFO - [2024-06-18T11:46:40.174+0545] {dag.py:3954} INFO - Setting next_dagrun for example_weekday_branch_operator to 2024-06-17 00:00:00+00:00, run_after=2024-06-18 00:00:00+00:00
[2024-06-18T11:46:40.270+0545] {processor.py:183} INFO - Processing /home/manisha/airflow_env/lib/python3.10/site-packages/airflow/example_dags/example_branch_day_of_week_operator.py took 0.153 seconds
[2024-06-18T11:47:10.944+0545] {processor.py:161} INFO - Started process (PID=8650) to work on /home/manisha/airflow_env/lib/python3.10/site-packages/airflow/example_dags/example_branch_day_of_week_operator.py
[2024-06-18T11:47:10.959+0545] {processor.py:830} INFO - Processing file /home/manisha/airflow_env/lib/python3.10/site-packages/airflow/example_dags/example_branch_day_of_week_operator.py for tasks to queue
[2024-06-18T11:47:10.960+0545] {logging_mixin.py:188} INFO - [2024-06-18T11:47:10.960+0545] {dagbag.py:545} INFO - Filling up the DagBag from /home/manisha/airflow_env/lib/python3.10/site-packages/airflow/example_dags/example_branch_day_of_week_operator.py
[2024-06-18T11:47:10.968+0545] {processor.py:840} INFO - DAG(s) 'example_weekday_branch_operator' retrieved from /home/manisha/airflow_env/lib/python3.10/site-packages/airflow/example_dags/example_branch_day_of_week_operator.py
[2024-06-18T11:47:10.990+0545] {logging_mixin.py:188} INFO - [2024-06-18T11:47:10.989+0545] {dag.py:3096} INFO - Sync 1 DAGs
[2024-06-18T11:47:11.010+0545] {logging_mixin.py:188} INFO - [2024-06-18T11:47:11.010+0545] {dag.py:3954} INFO - Setting next_dagrun for example_weekday_branch_operator to 2024-06-17 00:00:00+00:00, run_after=2024-06-18 00:00:00+00:00
[2024-06-18T11:47:11.107+0545] {processor.py:183} INFO - Processing /home/manisha/airflow_env/lib/python3.10/site-packages/airflow/example_dags/example_branch_day_of_week_operator.py took 0.168 seconds
[2024-06-18T11:47:41.206+0545] {processor.py:161} INFO - Started process (PID=8702) to work on /home/manisha/airflow_env/lib/python3.10/site-packages/airflow/example_dags/example_branch_day_of_week_operator.py
[2024-06-18T11:47:41.206+0545] {processor.py:830} INFO - Processing file /home/manisha/airflow_env/lib/python3.10/site-packages/airflow/example_dags/example_branch_day_of_week_operator.py for tasks to queue
[2024-06-18T11:47:41.208+0545] {logging_mixin.py:188} INFO - [2024-06-18T11:47:41.207+0545] {dagbag.py:545} INFO - Filling up the DagBag from /home/manisha/airflow_env/lib/python3.10/site-packages/airflow/example_dags/example_branch_day_of_week_operator.py
[2024-06-18T11:47:41.216+0545] {processor.py:840} INFO - DAG(s) 'example_weekday_branch_operator' retrieved from /home/manisha/airflow_env/lib/python3.10/site-packages/airflow/example_dags/example_branch_day_of_week_operator.py
[2024-06-18T11:47:41.238+0545] {logging_mixin.py:188} INFO - [2024-06-18T11:47:41.238+0545] {dag.py:3096} INFO - Sync 1 DAGs
[2024-06-18T11:47:41.258+0545] {logging_mixin.py:188} INFO - [2024-06-18T11:47:41.258+0545] {dag.py:3954} INFO - Setting next_dagrun for example_weekday_branch_operator to 2024-06-17 00:00:00+00:00, run_after=2024-06-18 00:00:00+00:00
[2024-06-18T11:47:41.345+0545] {processor.py:183} INFO - Processing /home/manisha/airflow_env/lib/python3.10/site-packages/airflow/example_dags/example_branch_day_of_week_operator.py took 0.146 seconds
[2024-06-18T11:48:32.541+0545] {processor.py:161} INFO - Started process (PID=8783) to work on /home/manisha/airflow_env/lib/python3.10/site-packages/airflow/example_dags/example_branch_day_of_week_operator.py
[2024-06-18T11:48:32.568+0545] {processor.py:830} INFO - Processing file /home/manisha/airflow_env/lib/python3.10/site-packages/airflow/example_dags/example_branch_day_of_week_operator.py for tasks to queue
[2024-06-18T11:48:32.570+0545] {logging_mixin.py:188} INFO - [2024-06-18T11:48:32.569+0545] {dagbag.py:545} INFO - Filling up the DagBag from /home/manisha/airflow_env/lib/python3.10/site-packages/airflow/example_dags/example_branch_day_of_week_operator.py
[2024-06-18T11:48:32.579+0545] {processor.py:840} INFO - DAG(s) 'example_weekday_branch_operator' retrieved from /home/manisha/airflow_env/lib/python3.10/site-packages/airflow/example_dags/example_branch_day_of_week_operator.py
[2024-06-18T11:48:32.594+0545] {logging_mixin.py:188} INFO - [2024-06-18T11:48:32.594+0545] {dag.py:3096} INFO - Sync 1 DAGs
[2024-06-18T11:48:32.616+0545] {logging_mixin.py:188} INFO - [2024-06-18T11:48:32.616+0545] {dag.py:3954} INFO - Setting next_dagrun for example_weekday_branch_operator to 2024-06-17 00:00:00+00:00, run_after=2024-06-18 00:00:00+00:00
[2024-06-18T11:48:32.703+0545] {processor.py:183} INFO - Processing /home/manisha/airflow_env/lib/python3.10/site-packages/airflow/example_dags/example_branch_day_of_week_operator.py took 0.167 seconds
[2024-06-18T11:49:09.353+0545] {processor.py:161} INFO - Started process (PID=8900) to work on /home/manisha/airflow_env/lib/python3.10/site-packages/airflow/example_dags/example_branch_day_of_week_operator.py
[2024-06-18T11:49:09.373+0545] {processor.py:830} INFO - Processing file /home/manisha/airflow_env/lib/python3.10/site-packages/airflow/example_dags/example_branch_day_of_week_operator.py for tasks to queue
[2024-06-18T11:49:09.375+0545] {logging_mixin.py:188} INFO - [2024-06-18T11:49:09.374+0545] {dagbag.py:545} INFO - Filling up the DagBag from /home/manisha/airflow_env/lib/python3.10/site-packages/airflow/example_dags/example_branch_day_of_week_operator.py
[2024-06-18T11:49:09.388+0545] {processor.py:840} INFO - DAG(s) 'example_weekday_branch_operator' retrieved from /home/manisha/airflow_env/lib/python3.10/site-packages/airflow/example_dags/example_branch_day_of_week_operator.py
[2024-06-18T11:49:09.880+0545] {logging_mixin.py:188} INFO - [2024-06-18T11:49:09.880+0545] {dag.py:3096} INFO - Sync 1 DAGs
[2024-06-18T11:49:09.929+0545] {logging_mixin.py:188} INFO - [2024-06-18T11:49:09.928+0545] {dag.py:3954} INFO - Setting next_dagrun for example_weekday_branch_operator to 2024-06-17 00:00:00+00:00, run_after=2024-06-18 00:00:00+00:00
[2024-06-18T11:49:10.065+0545] {processor.py:183} INFO - Processing /home/manisha/airflow_env/lib/python3.10/site-packages/airflow/example_dags/example_branch_day_of_week_operator.py took 0.722 seconds
[2024-06-18T11:49:40.158+0545] {processor.py:161} INFO - Started process (PID=8963) to work on /home/manisha/airflow_env/lib/python3.10/site-packages/airflow/example_dags/example_branch_day_of_week_operator.py
[2024-06-18T11:49:40.159+0545] {processor.py:830} INFO - Processing file /home/manisha/airflow_env/lib/python3.10/site-packages/airflow/example_dags/example_branch_day_of_week_operator.py for tasks to queue
[2024-06-18T11:49:40.161+0545] {logging_mixin.py:188} INFO - [2024-06-18T11:49:40.160+0545] {dagbag.py:545} INFO - Filling up the DagBag from /home/manisha/airflow_env/lib/python3.10/site-packages/airflow/example_dags/example_branch_day_of_week_operator.py
[2024-06-18T11:49:40.169+0545] {processor.py:840} INFO - DAG(s) 'example_weekday_branch_operator' retrieved from /home/manisha/airflow_env/lib/python3.10/site-packages/airflow/example_dags/example_branch_day_of_week_operator.py
[2024-06-18T11:49:40.193+0545] {logging_mixin.py:188} INFO - [2024-06-18T11:49:40.193+0545] {dag.py:3096} INFO - Sync 1 DAGs
[2024-06-18T11:49:40.214+0545] {logging_mixin.py:188} INFO - [2024-06-18T11:49:40.214+0545] {dag.py:3954} INFO - Setting next_dagrun for example_weekday_branch_operator to 2024-06-17 00:00:00+00:00, run_after=2024-06-18 00:00:00+00:00
[2024-06-18T11:49:40.420+0545] {processor.py:183} INFO - Processing /home/manisha/airflow_env/lib/python3.10/site-packages/airflow/example_dags/example_branch_day_of_week_operator.py took 0.267 seconds
[2024-06-18T11:50:10.852+0545] {processor.py:161} INFO - Started process (PID=9018) to work on /home/manisha/airflow_env/lib/python3.10/site-packages/airflow/example_dags/example_branch_day_of_week_operator.py
[2024-06-18T11:50:10.853+0545] {processor.py:830} INFO - Processing file /home/manisha/airflow_env/lib/python3.10/site-packages/airflow/example_dags/example_branch_day_of_week_operator.py for tasks to queue
[2024-06-18T11:50:10.855+0545] {logging_mixin.py:188} INFO - [2024-06-18T11:50:10.854+0545] {dagbag.py:545} INFO - Filling up the DagBag from /home/manisha/airflow_env/lib/python3.10/site-packages/airflow/example_dags/example_branch_day_of_week_operator.py
[2024-06-18T11:50:10.865+0545] {processor.py:840} INFO - DAG(s) 'example_weekday_branch_operator' retrieved from /home/manisha/airflow_env/lib/python3.10/site-packages/airflow/example_dags/example_branch_day_of_week_operator.py
[2024-06-18T11:50:10.887+0545] {logging_mixin.py:188} INFO - [2024-06-18T11:50:10.887+0545] {dag.py:3096} INFO - Sync 1 DAGs
[2024-06-18T11:50:10.909+0545] {logging_mixin.py:188} INFO - [2024-06-18T11:50:10.909+0545] {dag.py:3954} INFO - Setting next_dagrun for example_weekday_branch_operator to 2024-06-17 00:00:00+00:00, run_after=2024-06-18 00:00:00+00:00
[2024-06-18T11:50:11.110+0545] {processor.py:183} INFO - Processing /home/manisha/airflow_env/lib/python3.10/site-packages/airflow/example_dags/example_branch_day_of_week_operator.py took 0.273 seconds
[2024-06-18T11:50:41.236+0545] {processor.py:161} INFO - Started process (PID=9077) to work on /home/manisha/airflow_env/lib/python3.10/site-packages/airflow/example_dags/example_branch_day_of_week_operator.py
[2024-06-18T11:50:41.237+0545] {processor.py:830} INFO - Processing file /home/manisha/airflow_env/lib/python3.10/site-packages/airflow/example_dags/example_branch_day_of_week_operator.py for tasks to queue
[2024-06-18T11:50:41.240+0545] {logging_mixin.py:188} INFO - [2024-06-18T11:50:41.239+0545] {dagbag.py:545} INFO - Filling up the DagBag from /home/manisha/airflow_env/lib/python3.10/site-packages/airflow/example_dags/example_branch_day_of_week_operator.py
[2024-06-18T11:50:41.253+0545] {processor.py:840} INFO - DAG(s) 'example_weekday_branch_operator' retrieved from /home/manisha/airflow_env/lib/python3.10/site-packages/airflow/example_dags/example_branch_day_of_week_operator.py
[2024-06-18T11:50:41.291+0545] {logging_mixin.py:188} INFO - [2024-06-18T11:50:41.291+0545] {dag.py:3096} INFO - Sync 1 DAGs
[2024-06-18T11:50:41.324+0545] {logging_mixin.py:188} INFO - [2024-06-18T11:50:41.324+0545] {dag.py:3954} INFO - Setting next_dagrun for example_weekday_branch_operator to 2024-06-17 00:00:00+00:00, run_after=2024-06-18 00:00:00+00:00
[2024-06-18T11:50:41.485+0545] {processor.py:183} INFO - Processing /home/manisha/airflow_env/lib/python3.10/site-packages/airflow/example_dags/example_branch_day_of_week_operator.py took 0.259 seconds
[2024-06-18T11:51:01.134+0545] {processor.py:161} INFO - Started process (PID=9458) to work on /home/manisha/airflow_env/lib/python3.10/site-packages/airflow/example_dags/example_branch_day_of_week_operator.py
[2024-06-18T11:51:01.162+0545] {processor.py:830} INFO - Processing file /home/manisha/airflow_env/lib/python3.10/site-packages/airflow/example_dags/example_branch_day_of_week_operator.py for tasks to queue
[2024-06-18T11:51:01.165+0545] {logging_mixin.py:188} INFO - [2024-06-18T11:51:01.164+0545] {dagbag.py:545} INFO - Filling up the DagBag from /home/manisha/airflow_env/lib/python3.10/site-packages/airflow/example_dags/example_branch_day_of_week_operator.py
[2024-06-18T11:51:01.181+0545] {processor.py:840} INFO - DAG(s) 'example_weekday_branch_operator' retrieved from /home/manisha/airflow_env/lib/python3.10/site-packages/airflow/example_dags/example_branch_day_of_week_operator.py
[2024-06-18T11:51:01.203+0545] {logging_mixin.py:188} INFO - [2024-06-18T11:51:01.202+0545] {dag.py:3096} INFO - Sync 1 DAGs
[2024-06-18T11:51:01.246+0545] {logging_mixin.py:188} INFO - [2024-06-18T11:51:01.245+0545] {dag.py:3954} INFO - Setting next_dagrun for example_weekday_branch_operator to 2024-06-17 00:00:00+00:00, run_after=2024-06-18 00:00:00+00:00
[2024-06-18T11:51:01.567+0545] {processor.py:183} INFO - Processing /home/manisha/airflow_env/lib/python3.10/site-packages/airflow/example_dags/example_branch_day_of_week_operator.py took 0.443 seconds
[2024-06-18T11:51:36.015+0545] {processor.py:161} INFO - Started process (PID=9724) to work on /home/manisha/airflow_env/lib/python3.10/site-packages/airflow/example_dags/example_branch_day_of_week_operator.py
[2024-06-18T11:51:36.044+0545] {processor.py:830} INFO - Processing file /home/manisha/airflow_env/lib/python3.10/site-packages/airflow/example_dags/example_branch_day_of_week_operator.py for tasks to queue
[2024-06-18T11:51:36.045+0545] {logging_mixin.py:188} INFO - [2024-06-18T11:51:36.045+0545] {dagbag.py:545} INFO - Filling up the DagBag from /home/manisha/airflow_env/lib/python3.10/site-packages/airflow/example_dags/example_branch_day_of_week_operator.py
[2024-06-18T11:51:36.054+0545] {processor.py:840} INFO - DAG(s) 'example_weekday_branch_operator' retrieved from /home/manisha/airflow_env/lib/python3.10/site-packages/airflow/example_dags/example_branch_day_of_week_operator.py
[2024-06-18T11:51:36.254+0545] {logging_mixin.py:188} INFO - [2024-06-18T11:51:36.253+0545] {dag.py:3096} INFO - Sync 1 DAGs
[2024-06-18T11:51:36.272+0545] {logging_mixin.py:188} INFO - [2024-06-18T11:51:36.272+0545] {dag.py:3954} INFO - Setting next_dagrun for example_weekday_branch_operator to 2024-06-17 00:00:00+00:00, run_after=2024-06-18 00:00:00+00:00
[2024-06-18T11:51:36.443+0545] {processor.py:183} INFO - Processing /home/manisha/airflow_env/lib/python3.10/site-packages/airflow/example_dags/example_branch_day_of_week_operator.py took 0.433 seconds
