[2024-06-18T10:56:50.370+0545] {processor.py:161} INFO - Started process (PID=4028) to work on /home/manisha/airflow_env/lib/python3.10/site-packages/airflow/example_dags/example_trigger_controller_dag.py
[2024-06-18T10:56:50.371+0545] {processor.py:830} INFO - Processing file /home/manisha/airflow_env/lib/python3.10/site-packages/airflow/example_dags/example_trigger_controller_dag.py for tasks to queue
[2024-06-18T10:56:50.372+0545] {logging_mixin.py:188} INFO - [2024-06-18T10:56:50.372+0545] {dagbag.py:545} INFO - Filling up the DagBag from /home/manisha/airflow_env/lib/python3.10/site-packages/airflow/example_dags/example_trigger_controller_dag.py
[2024-06-18T10:56:50.379+0545] {processor.py:840} INFO - DAG(s) 'example_trigger_controller_dag' retrieved from /home/manisha/airflow_env/lib/python3.10/site-packages/airflow/example_dags/example_trigger_controller_dag.py
[2024-06-18T10:56:50.625+0545] {logging_mixin.py:188} INFO - [2024-06-18T10:56:50.622+0545] {override.py:1829} INFO - Created Permission View: can edit on DAG:example_trigger_controller_dag
[2024-06-18T10:56:50.703+0545] {logging_mixin.py:188} INFO - [2024-06-18T10:56:50.701+0545] {override.py:1829} INFO - Created Permission View: can read on DAG:example_trigger_controller_dag
[2024-06-18T10:56:50.770+0545] {logging_mixin.py:188} INFO - [2024-06-18T10:56:50.769+0545] {override.py:1829} INFO - Created Permission View: can delete on DAG:example_trigger_controller_dag
[2024-06-18T10:56:50.772+0545] {logging_mixin.py:188} INFO - [2024-06-18T10:56:50.771+0545] {dag.py:3096} INFO - Sync 1 DAGs
[2024-06-18T10:56:50.807+0545] {logging_mixin.py:188} INFO - [2024-06-18T10:56:50.806+0545] {dag.py:3118} INFO - Creating ORM DAG for example_trigger_controller_dag
[2024-06-18T10:56:50.817+0545] {logging_mixin.py:188} INFO - [2024-06-18T10:56:50.817+0545] {dag.py:3954} INFO - Setting next_dagrun for example_trigger_controller_dag to 2021-01-01 00:00:00+00:00, run_after=2021-01-01 00:00:00+00:00
[2024-06-18T10:56:50.924+0545] {processor.py:183} INFO - Processing /home/manisha/airflow_env/lib/python3.10/site-packages/airflow/example_dags/example_trigger_controller_dag.py took 0.560 seconds
[2024-06-18T10:58:12.097+0545] {processor.py:161} INFO - Started process (PID=4144) to work on /home/manisha/airflow_env/lib/python3.10/site-packages/airflow/example_dags/example_trigger_controller_dag.py
[2024-06-18T10:58:12.099+0545] {processor.py:830} INFO - Processing file /home/manisha/airflow_env/lib/python3.10/site-packages/airflow/example_dags/example_trigger_controller_dag.py for tasks to queue
[2024-06-18T10:58:12.100+0545] {logging_mixin.py:188} INFO - [2024-06-18T10:58:12.100+0545] {dagbag.py:545} INFO - Filling up the DagBag from /home/manisha/airflow_env/lib/python3.10/site-packages/airflow/example_dags/example_trigger_controller_dag.py
[2024-06-18T10:58:12.105+0545] {processor.py:840} INFO - DAG(s) 'example_trigger_controller_dag' retrieved from /home/manisha/airflow_env/lib/python3.10/site-packages/airflow/example_dags/example_trigger_controller_dag.py
[2024-06-18T10:58:12.120+0545] {logging_mixin.py:188} INFO - [2024-06-18T10:58:12.119+0545] {dag.py:3096} INFO - Sync 1 DAGs
[2024-06-18T10:58:12.139+0545] {logging_mixin.py:188} INFO - [2024-06-18T10:58:12.139+0545] {dag.py:3954} INFO - Setting next_dagrun for example_trigger_controller_dag to 2021-01-01 00:00:00+00:00, run_after=2021-01-01 00:00:00+00:00
[2024-06-18T10:58:12.247+0545] {processor.py:183} INFO - Processing /home/manisha/airflow_env/lib/python3.10/site-packages/airflow/example_dags/example_trigger_controller_dag.py took 0.156 seconds
[2024-06-18T10:59:14.568+0545] {processor.py:161} INFO - Started process (PID=4197) to work on /home/manisha/airflow_env/lib/python3.10/site-packages/airflow/example_dags/example_trigger_controller_dag.py
[2024-06-18T10:59:14.569+0545] {processor.py:830} INFO - Processing file /home/manisha/airflow_env/lib/python3.10/site-packages/airflow/example_dags/example_trigger_controller_dag.py for tasks to queue
[2024-06-18T10:59:14.571+0545] {logging_mixin.py:188} INFO - [2024-06-18T10:59:14.571+0545] {dagbag.py:545} INFO - Filling up the DagBag from /home/manisha/airflow_env/lib/python3.10/site-packages/airflow/example_dags/example_trigger_controller_dag.py
[2024-06-18T10:59:14.576+0545] {processor.py:840} INFO - DAG(s) 'example_trigger_controller_dag' retrieved from /home/manisha/airflow_env/lib/python3.10/site-packages/airflow/example_dags/example_trigger_controller_dag.py
[2024-06-18T10:59:14.591+0545] {logging_mixin.py:188} INFO - [2024-06-18T10:59:14.591+0545] {dag.py:3096} INFO - Sync 1 DAGs
[2024-06-18T10:59:14.610+0545] {logging_mixin.py:188} INFO - [2024-06-18T10:59:14.609+0545] {dag.py:3954} INFO - Setting next_dagrun for example_trigger_controller_dag to 2021-01-01 00:00:00+00:00, run_after=2021-01-01 00:00:00+00:00
[2024-06-18T10:59:14.836+0545] {processor.py:183} INFO - Processing /home/manisha/airflow_env/lib/python3.10/site-packages/airflow/example_dags/example_trigger_controller_dag.py took 0.274 seconds
[2024-06-18T11:00:19.303+0545] {processor.py:161} INFO - Started process (PID=4251) to work on /home/manisha/airflow_env/lib/python3.10/site-packages/airflow/example_dags/example_trigger_controller_dag.py
[2024-06-18T11:00:19.339+0545] {processor.py:830} INFO - Processing file /home/manisha/airflow_env/lib/python3.10/site-packages/airflow/example_dags/example_trigger_controller_dag.py for tasks to queue
[2024-06-18T11:00:19.343+0545] {logging_mixin.py:188} INFO - [2024-06-18T11:00:19.342+0545] {dagbag.py:545} INFO - Filling up the DagBag from /home/manisha/airflow_env/lib/python3.10/site-packages/airflow/example_dags/example_trigger_controller_dag.py
[2024-06-18T11:00:19.356+0545] {processor.py:840} INFO - DAG(s) 'example_trigger_controller_dag' retrieved from /home/manisha/airflow_env/lib/python3.10/site-packages/airflow/example_dags/example_trigger_controller_dag.py
[2024-06-18T11:00:19.382+0545] {logging_mixin.py:188} INFO - [2024-06-18T11:00:19.382+0545] {dag.py:3096} INFO - Sync 1 DAGs
[2024-06-18T11:00:19.401+0545] {logging_mixin.py:188} INFO - [2024-06-18T11:00:19.400+0545] {dag.py:3954} INFO - Setting next_dagrun for example_trigger_controller_dag to 2021-01-01 00:00:00+00:00, run_after=2021-01-01 00:00:00+00:00
[2024-06-18T11:00:19.533+0545] {processor.py:183} INFO - Processing /home/manisha/airflow_env/lib/python3.10/site-packages/airflow/example_dags/example_trigger_controller_dag.py took 0.236 seconds
[2024-06-18T11:01:18.636+0545] {processor.py:161} INFO - Started process (PID=4392) to work on /home/manisha/airflow_env/lib/python3.10/site-packages/airflow/example_dags/example_trigger_controller_dag.py
[2024-06-18T11:01:18.676+0545] {processor.py:830} INFO - Processing file /home/manisha/airflow_env/lib/python3.10/site-packages/airflow/example_dags/example_trigger_controller_dag.py for tasks to queue
[2024-06-18T11:01:18.681+0545] {logging_mixin.py:188} INFO - [2024-06-18T11:01:18.680+0545] {dagbag.py:545} INFO - Filling up the DagBag from /home/manisha/airflow_env/lib/python3.10/site-packages/airflow/example_dags/example_trigger_controller_dag.py
[2024-06-18T11:01:18.686+0545] {processor.py:840} INFO - DAG(s) 'example_trigger_controller_dag' retrieved from /home/manisha/airflow_env/lib/python3.10/site-packages/airflow/example_dags/example_trigger_controller_dag.py
[2024-06-18T11:01:18.701+0545] {logging_mixin.py:188} INFO - [2024-06-18T11:01:18.701+0545] {dag.py:3096} INFO - Sync 1 DAGs
[2024-06-18T11:01:18.721+0545] {logging_mixin.py:188} INFO - [2024-06-18T11:01:18.720+0545] {dag.py:3954} INFO - Setting next_dagrun for example_trigger_controller_dag to 2021-01-01 00:00:00+00:00, run_after=2021-01-01 00:00:00+00:00
[2024-06-18T11:01:18.824+0545] {processor.py:183} INFO - Processing /home/manisha/airflow_env/lib/python3.10/site-packages/airflow/example_dags/example_trigger_controller_dag.py took 0.194 seconds
[2024-06-18T11:02:20.451+0545] {processor.py:161} INFO - Started process (PID=4444) to work on /home/manisha/airflow_env/lib/python3.10/site-packages/airflow/example_dags/example_trigger_controller_dag.py
[2024-06-18T11:02:20.492+0545] {processor.py:830} INFO - Processing file /home/manisha/airflow_env/lib/python3.10/site-packages/airflow/example_dags/example_trigger_controller_dag.py for tasks to queue
[2024-06-18T11:02:20.498+0545] {logging_mixin.py:188} INFO - [2024-06-18T11:02:20.497+0545] {dagbag.py:545} INFO - Filling up the DagBag from /home/manisha/airflow_env/lib/python3.10/site-packages/airflow/example_dags/example_trigger_controller_dag.py
[2024-06-18T11:02:20.515+0545] {processor.py:840} INFO - DAG(s) 'example_trigger_controller_dag' retrieved from /home/manisha/airflow_env/lib/python3.10/site-packages/airflow/example_dags/example_trigger_controller_dag.py
[2024-06-18T11:02:20.541+0545] {logging_mixin.py:188} INFO - [2024-06-18T11:02:20.540+0545] {dag.py:3096} INFO - Sync 1 DAGs
[2024-06-18T11:02:20.560+0545] {logging_mixin.py:188} INFO - [2024-06-18T11:02:20.559+0545] {dag.py:3954} INFO - Setting next_dagrun for example_trigger_controller_dag to 2021-01-01 00:00:00+00:00, run_after=2021-01-01 00:00:00+00:00
[2024-06-18T11:02:20.683+0545] {processor.py:183} INFO - Processing /home/manisha/airflow_env/lib/python3.10/site-packages/airflow/example_dags/example_trigger_controller_dag.py took 0.239 seconds
[2024-06-18T11:03:17.162+0545] {processor.py:161} INFO - Started process (PID=4497) to work on /home/manisha/airflow_env/lib/python3.10/site-packages/airflow/example_dags/example_trigger_controller_dag.py
[2024-06-18T11:03:17.164+0545] {processor.py:830} INFO - Processing file /home/manisha/airflow_env/lib/python3.10/site-packages/airflow/example_dags/example_trigger_controller_dag.py for tasks to queue
[2024-06-18T11:03:17.166+0545] {logging_mixin.py:188} INFO - [2024-06-18T11:03:17.166+0545] {dagbag.py:545} INFO - Filling up the DagBag from /home/manisha/airflow_env/lib/python3.10/site-packages/airflow/example_dags/example_trigger_controller_dag.py
[2024-06-18T11:03:17.174+0545] {processor.py:840} INFO - DAG(s) 'example_trigger_controller_dag' retrieved from /home/manisha/airflow_env/lib/python3.10/site-packages/airflow/example_dags/example_trigger_controller_dag.py
[2024-06-18T11:03:17.187+0545] {logging_mixin.py:188} INFO - [2024-06-18T11:03:17.187+0545] {dag.py:3096} INFO - Sync 1 DAGs
[2024-06-18T11:03:17.207+0545] {logging_mixin.py:188} INFO - [2024-06-18T11:03:17.206+0545] {dag.py:3954} INFO - Setting next_dagrun for example_trigger_controller_dag to 2021-01-01 00:00:00+00:00, run_after=2021-01-01 00:00:00+00:00
[2024-06-18T11:03:17.351+0545] {processor.py:183} INFO - Processing /home/manisha/airflow_env/lib/python3.10/site-packages/airflow/example_dags/example_trigger_controller_dag.py took 0.197 seconds
[2024-06-18T11:04:19.143+0545] {processor.py:161} INFO - Started process (PID=4551) to work on /home/manisha/airflow_env/lib/python3.10/site-packages/airflow/example_dags/example_trigger_controller_dag.py
[2024-06-18T11:04:19.177+0545] {processor.py:830} INFO - Processing file /home/manisha/airflow_env/lib/python3.10/site-packages/airflow/example_dags/example_trigger_controller_dag.py for tasks to queue
[2024-06-18T11:04:19.183+0545] {logging_mixin.py:188} INFO - [2024-06-18T11:04:19.181+0545] {dagbag.py:545} INFO - Filling up the DagBag from /home/manisha/airflow_env/lib/python3.10/site-packages/airflow/example_dags/example_trigger_controller_dag.py
[2024-06-18T11:04:19.199+0545] {processor.py:840} INFO - DAG(s) 'example_trigger_controller_dag' retrieved from /home/manisha/airflow_env/lib/python3.10/site-packages/airflow/example_dags/example_trigger_controller_dag.py
[2024-06-18T11:04:19.223+0545] {logging_mixin.py:188} INFO - [2024-06-18T11:04:19.222+0545] {dag.py:3096} INFO - Sync 1 DAGs
[2024-06-18T11:04:19.241+0545] {logging_mixin.py:188} INFO - [2024-06-18T11:04:19.241+0545] {dag.py:3954} INFO - Setting next_dagrun for example_trigger_controller_dag to 2021-01-01 00:00:00+00:00, run_after=2021-01-01 00:00:00+00:00
[2024-06-18T11:04:19.372+0545] {processor.py:183} INFO - Processing /home/manisha/airflow_env/lib/python3.10/site-packages/airflow/example_dags/example_trigger_controller_dag.py took 0.236 seconds
[2024-06-18T11:05:20.856+0545] {processor.py:161} INFO - Started process (PID=4673) to work on /home/manisha/airflow_env/lib/python3.10/site-packages/airflow/example_dags/example_trigger_controller_dag.py
[2024-06-18T11:05:20.857+0545] {processor.py:830} INFO - Processing file /home/manisha/airflow_env/lib/python3.10/site-packages/airflow/example_dags/example_trigger_controller_dag.py for tasks to queue
[2024-06-18T11:05:20.860+0545] {logging_mixin.py:188} INFO - [2024-06-18T11:05:20.859+0545] {dagbag.py:545} INFO - Filling up the DagBag from /home/manisha/airflow_env/lib/python3.10/site-packages/airflow/example_dags/example_trigger_controller_dag.py
[2024-06-18T11:05:20.864+0545] {processor.py:840} INFO - DAG(s) 'example_trigger_controller_dag' retrieved from /home/manisha/airflow_env/lib/python3.10/site-packages/airflow/example_dags/example_trigger_controller_dag.py
[2024-06-18T11:05:20.879+0545] {logging_mixin.py:188} INFO - [2024-06-18T11:05:20.879+0545] {dag.py:3096} INFO - Sync 1 DAGs
[2024-06-18T11:05:20.898+0545] {logging_mixin.py:188} INFO - [2024-06-18T11:05:20.898+0545] {dag.py:3954} INFO - Setting next_dagrun for example_trigger_controller_dag to 2021-01-01 00:00:00+00:00, run_after=2021-01-01 00:00:00+00:00
[2024-06-18T11:05:21.031+0545] {processor.py:183} INFO - Processing /home/manisha/airflow_env/lib/python3.10/site-packages/airflow/example_dags/example_trigger_controller_dag.py took 0.181 seconds
[2024-06-18T11:06:05.955+0545] {processor.py:161} INFO - Started process (PID=4772) to work on /home/manisha/airflow_env/lib/python3.10/site-packages/airflow/example_dags/example_trigger_controller_dag.py
[2024-06-18T11:06:05.957+0545] {processor.py:830} INFO - Processing file /home/manisha/airflow_env/lib/python3.10/site-packages/airflow/example_dags/example_trigger_controller_dag.py for tasks to queue
[2024-06-18T11:06:05.959+0545] {logging_mixin.py:188} INFO - [2024-06-18T11:06:05.958+0545] {dagbag.py:545} INFO - Filling up the DagBag from /home/manisha/airflow_env/lib/python3.10/site-packages/airflow/example_dags/example_trigger_controller_dag.py
[2024-06-18T11:06:05.963+0545] {processor.py:840} INFO - DAG(s) 'example_trigger_controller_dag' retrieved from /home/manisha/airflow_env/lib/python3.10/site-packages/airflow/example_dags/example_trigger_controller_dag.py
[2024-06-18T11:06:05.978+0545] {logging_mixin.py:188} INFO - [2024-06-18T11:06:05.977+0545] {dag.py:3096} INFO - Sync 1 DAGs
[2024-06-18T11:06:05.996+0545] {logging_mixin.py:188} INFO - [2024-06-18T11:06:05.995+0545] {dag.py:3954} INFO - Setting next_dagrun for example_trigger_controller_dag to 2021-01-01 00:00:00+00:00, run_after=2021-01-01 00:00:00+00:00
[2024-06-18T11:06:06.183+0545] {processor.py:183} INFO - Processing /home/manisha/airflow_env/lib/python3.10/site-packages/airflow/example_dags/example_trigger_controller_dag.py took 0.234 seconds
[2024-06-18T11:07:07.054+0545] {processor.py:161} INFO - Started process (PID=4920) to work on /home/manisha/airflow_env/lib/python3.10/site-packages/airflow/example_dags/example_trigger_controller_dag.py
[2024-06-18T11:07:07.056+0545] {processor.py:830} INFO - Processing file /home/manisha/airflow_env/lib/python3.10/site-packages/airflow/example_dags/example_trigger_controller_dag.py for tasks to queue
[2024-06-18T11:07:07.057+0545] {logging_mixin.py:188} INFO - [2024-06-18T11:07:07.057+0545] {dagbag.py:545} INFO - Filling up the DagBag from /home/manisha/airflow_env/lib/python3.10/site-packages/airflow/example_dags/example_trigger_controller_dag.py
[2024-06-18T11:07:07.062+0545] {processor.py:840} INFO - DAG(s) 'example_trigger_controller_dag' retrieved from /home/manisha/airflow_env/lib/python3.10/site-packages/airflow/example_dags/example_trigger_controller_dag.py
[2024-06-18T11:07:07.078+0545] {logging_mixin.py:188} INFO - [2024-06-18T11:07:07.077+0545] {dag.py:3096} INFO - Sync 1 DAGs
[2024-06-18T11:07:07.097+0545] {logging_mixin.py:188} INFO - [2024-06-18T11:07:07.096+0545] {dag.py:3954} INFO - Setting next_dagrun for example_trigger_controller_dag to 2021-01-01 00:00:00+00:00, run_after=2021-01-01 00:00:00+00:00
[2024-06-18T11:07:07.194+0545] {processor.py:183} INFO - Processing /home/manisha/airflow_env/lib/python3.10/site-packages/airflow/example_dags/example_trigger_controller_dag.py took 0.147 seconds
[2024-06-18T11:08:02.656+0545] {processor.py:161} INFO - Started process (PID=4972) to work on /home/manisha/airflow_env/lib/python3.10/site-packages/airflow/example_dags/example_trigger_controller_dag.py
[2024-06-18T11:08:02.691+0545] {processor.py:830} INFO - Processing file /home/manisha/airflow_env/lib/python3.10/site-packages/airflow/example_dags/example_trigger_controller_dag.py for tasks to queue
[2024-06-18T11:08:02.697+0545] {logging_mixin.py:188} INFO - [2024-06-18T11:08:02.695+0545] {dagbag.py:545} INFO - Filling up the DagBag from /home/manisha/airflow_env/lib/python3.10/site-packages/airflow/example_dags/example_trigger_controller_dag.py
[2024-06-18T11:08:02.713+0545] {processor.py:840} INFO - DAG(s) 'example_trigger_controller_dag' retrieved from /home/manisha/airflow_env/lib/python3.10/site-packages/airflow/example_dags/example_trigger_controller_dag.py
[2024-06-18T11:08:02.737+0545] {logging_mixin.py:188} INFO - [2024-06-18T11:08:02.737+0545] {dag.py:3096} INFO - Sync 1 DAGs
[2024-06-18T11:08:02.756+0545] {logging_mixin.py:188} INFO - [2024-06-18T11:08:02.756+0545] {dag.py:3954} INFO - Setting next_dagrun for example_trigger_controller_dag to 2021-01-01 00:00:00+00:00, run_after=2021-01-01 00:00:00+00:00
[2024-06-18T11:08:02.836+0545] {processor.py:183} INFO - Processing /home/manisha/airflow_env/lib/python3.10/site-packages/airflow/example_dags/example_trigger_controller_dag.py took 0.187 seconds
[2024-06-18T11:09:04.252+0545] {processor.py:161} INFO - Started process (PID=5617) to work on /home/manisha/airflow_env/lib/python3.10/site-packages/airflow/example_dags/example_trigger_controller_dag.py
[2024-06-18T11:09:04.286+0545] {processor.py:830} INFO - Processing file /home/manisha/airflow_env/lib/python3.10/site-packages/airflow/example_dags/example_trigger_controller_dag.py for tasks to queue
[2024-06-18T11:09:04.291+0545] {logging_mixin.py:188} INFO - [2024-06-18T11:09:04.290+0545] {dagbag.py:545} INFO - Filling up the DagBag from /home/manisha/airflow_env/lib/python3.10/site-packages/airflow/example_dags/example_trigger_controller_dag.py
[2024-06-18T11:09:04.306+0545] {processor.py:840} INFO - DAG(s) 'example_trigger_controller_dag' retrieved from /home/manisha/airflow_env/lib/python3.10/site-packages/airflow/example_dags/example_trigger_controller_dag.py
[2024-06-18T11:09:04.332+0545] {logging_mixin.py:188} INFO - [2024-06-18T11:09:04.332+0545] {dag.py:3096} INFO - Sync 1 DAGs
[2024-06-18T11:09:04.350+0545] {logging_mixin.py:188} INFO - [2024-06-18T11:09:04.350+0545] {dag.py:3954} INFO - Setting next_dagrun for example_trigger_controller_dag to 2021-01-01 00:00:00+00:00, run_after=2021-01-01 00:00:00+00:00
[2024-06-18T11:09:04.427+0545] {processor.py:183} INFO - Processing /home/manisha/airflow_env/lib/python3.10/site-packages/airflow/example_dags/example_trigger_controller_dag.py took 0.181 seconds
[2024-06-18T11:10:04.588+0545] {processor.py:161} INFO - Started process (PID=5676) to work on /home/manisha/airflow_env/lib/python3.10/site-packages/airflow/example_dags/example_trigger_controller_dag.py
[2024-06-18T11:10:04.622+0545] {processor.py:830} INFO - Processing file /home/manisha/airflow_env/lib/python3.10/site-packages/airflow/example_dags/example_trigger_controller_dag.py for tasks to queue
[2024-06-18T11:10:04.627+0545] {logging_mixin.py:188} INFO - [2024-06-18T11:10:04.626+0545] {dagbag.py:545} INFO - Filling up the DagBag from /home/manisha/airflow_env/lib/python3.10/site-packages/airflow/example_dags/example_trigger_controller_dag.py
[2024-06-18T11:10:04.643+0545] {processor.py:840} INFO - DAG(s) 'example_trigger_controller_dag' retrieved from /home/manisha/airflow_env/lib/python3.10/site-packages/airflow/example_dags/example_trigger_controller_dag.py
[2024-06-18T11:10:04.665+0545] {logging_mixin.py:188} INFO - [2024-06-18T11:10:04.664+0545] {dag.py:3096} INFO - Sync 1 DAGs
[2024-06-18T11:10:04.684+0545] {logging_mixin.py:188} INFO - [2024-06-18T11:10:04.683+0545] {dag.py:3954} INFO - Setting next_dagrun for example_trigger_controller_dag to 2021-01-01 00:00:00+00:00, run_after=2021-01-01 00:00:00+00:00
[2024-06-18T11:10:04.758+0545] {processor.py:183} INFO - Processing /home/manisha/airflow_env/lib/python3.10/site-packages/airflow/example_dags/example_trigger_controller_dag.py took 0.182 seconds
[2024-06-18T11:43:59.800+0545] {processor.py:161} INFO - Started process (PID=8299) to work on /home/manisha/airflow_env/lib/python3.10/site-packages/airflow/example_dags/example_trigger_controller_dag.py
[2024-06-18T11:43:59.801+0545] {processor.py:830} INFO - Processing file /home/manisha/airflow_env/lib/python3.10/site-packages/airflow/example_dags/example_trigger_controller_dag.py for tasks to queue
[2024-06-18T11:43:59.803+0545] {logging_mixin.py:188} INFO - [2024-06-18T11:43:59.802+0545] {dagbag.py:545} INFO - Filling up the DagBag from /home/manisha/airflow_env/lib/python3.10/site-packages/airflow/example_dags/example_trigger_controller_dag.py
[2024-06-18T11:43:59.808+0545] {processor.py:840} INFO - DAG(s) 'example_trigger_controller_dag' retrieved from /home/manisha/airflow_env/lib/python3.10/site-packages/airflow/example_dags/example_trigger_controller_dag.py
[2024-06-18T11:43:59.821+0545] {logging_mixin.py:188} INFO - [2024-06-18T11:43:59.821+0545] {dag.py:3096} INFO - Sync 1 DAGs
[2024-06-18T11:43:59.847+0545] {logging_mixin.py:188} INFO - [2024-06-18T11:43:59.846+0545] {dag.py:3954} INFO - Setting next_dagrun for example_trigger_controller_dag to 2021-01-01 00:00:00+00:00, run_after=2021-01-01 00:00:00+00:00
[2024-06-18T11:43:59.926+0545] {processor.py:183} INFO - Processing /home/manisha/airflow_env/lib/python3.10/site-packages/airflow/example_dags/example_trigger_controller_dag.py took 0.131 seconds
[2024-06-18T11:44:31.612+0545] {processor.py:161} INFO - Started process (PID=8361) to work on /home/manisha/airflow_env/lib/python3.10/site-packages/airflow/example_dags/example_trigger_controller_dag.py
[2024-06-18T11:44:31.621+0545] {processor.py:830} INFO - Processing file /home/manisha/airflow_env/lib/python3.10/site-packages/airflow/example_dags/example_trigger_controller_dag.py for tasks to queue
[2024-06-18T11:44:31.623+0545] {logging_mixin.py:188} INFO - [2024-06-18T11:44:31.623+0545] {dagbag.py:545} INFO - Filling up the DagBag from /home/manisha/airflow_env/lib/python3.10/site-packages/airflow/example_dags/example_trigger_controller_dag.py
[2024-06-18T11:44:31.627+0545] {processor.py:840} INFO - DAG(s) 'example_trigger_controller_dag' retrieved from /home/manisha/airflow_env/lib/python3.10/site-packages/airflow/example_dags/example_trigger_controller_dag.py
[2024-06-18T11:44:31.822+0545] {logging_mixin.py:188} INFO - [2024-06-18T11:44:31.821+0545] {dag.py:3096} INFO - Sync 1 DAGs
[2024-06-18T11:44:31.849+0545] {logging_mixin.py:188} INFO - [2024-06-18T11:44:31.849+0545] {dag.py:3954} INFO - Setting next_dagrun for example_trigger_controller_dag to 2021-01-01 00:00:00+00:00, run_after=2021-01-01 00:00:00+00:00
[2024-06-18T11:44:31.984+0545] {processor.py:183} INFO - Processing /home/manisha/airflow_env/lib/python3.10/site-packages/airflow/example_dags/example_trigger_controller_dag.py took 0.382 seconds
[2024-06-18T11:45:02.608+0545] {processor.py:161} INFO - Started process (PID=8415) to work on /home/manisha/airflow_env/lib/python3.10/site-packages/airflow/example_dags/example_trigger_controller_dag.py
[2024-06-18T11:45:02.609+0545] {processor.py:830} INFO - Processing file /home/manisha/airflow_env/lib/python3.10/site-packages/airflow/example_dags/example_trigger_controller_dag.py for tasks to queue
[2024-06-18T11:45:02.610+0545] {logging_mixin.py:188} INFO - [2024-06-18T11:45:02.610+0545] {dagbag.py:545} INFO - Filling up the DagBag from /home/manisha/airflow_env/lib/python3.10/site-packages/airflow/example_dags/example_trigger_controller_dag.py
[2024-06-18T11:45:02.614+0545] {processor.py:840} INFO - DAG(s) 'example_trigger_controller_dag' retrieved from /home/manisha/airflow_env/lib/python3.10/site-packages/airflow/example_dags/example_trigger_controller_dag.py
[2024-06-18T11:45:02.635+0545] {logging_mixin.py:188} INFO - [2024-06-18T11:45:02.635+0545] {dag.py:3096} INFO - Sync 1 DAGs
[2024-06-18T11:45:02.733+0545] {logging_mixin.py:188} INFO - [2024-06-18T11:45:02.733+0545] {dag.py:3954} INFO - Setting next_dagrun for example_trigger_controller_dag to 2021-01-01 00:00:00+00:00, run_after=2021-01-01 00:00:00+00:00
[2024-06-18T11:45:02.834+0545] {processor.py:183} INFO - Processing /home/manisha/airflow_env/lib/python3.10/site-packages/airflow/example_dags/example_trigger_controller_dag.py took 0.231 seconds
[2024-06-18T11:45:32.938+0545] {processor.py:161} INFO - Started process (PID=8466) to work on /home/manisha/airflow_env/lib/python3.10/site-packages/airflow/example_dags/example_trigger_controller_dag.py
[2024-06-18T11:45:32.947+0545] {processor.py:830} INFO - Processing file /home/manisha/airflow_env/lib/python3.10/site-packages/airflow/example_dags/example_trigger_controller_dag.py for tasks to queue
[2024-06-18T11:45:32.949+0545] {logging_mixin.py:188} INFO - [2024-06-18T11:45:32.949+0545] {dagbag.py:545} INFO - Filling up the DagBag from /home/manisha/airflow_env/lib/python3.10/site-packages/airflow/example_dags/example_trigger_controller_dag.py
[2024-06-18T11:45:32.953+0545] {processor.py:840} INFO - DAG(s) 'example_trigger_controller_dag' retrieved from /home/manisha/airflow_env/lib/python3.10/site-packages/airflow/example_dags/example_trigger_controller_dag.py
[2024-06-18T11:45:32.973+0545] {logging_mixin.py:188} INFO - [2024-06-18T11:45:32.973+0545] {dag.py:3096} INFO - Sync 1 DAGs
[2024-06-18T11:45:32.991+0545] {logging_mixin.py:188} INFO - [2024-06-18T11:45:32.991+0545] {dag.py:3954} INFO - Setting next_dagrun for example_trigger_controller_dag to 2021-01-01 00:00:00+00:00, run_after=2021-01-01 00:00:00+00:00
[2024-06-18T11:45:33.069+0545] {processor.py:183} INFO - Processing /home/manisha/airflow_env/lib/python3.10/site-packages/airflow/example_dags/example_trigger_controller_dag.py took 0.138 seconds
[2024-06-18T11:46:03.215+0545] {processor.py:161} INFO - Started process (PID=8519) to work on /home/manisha/airflow_env/lib/python3.10/site-packages/airflow/example_dags/example_trigger_controller_dag.py
[2024-06-18T11:46:03.216+0545] {processor.py:830} INFO - Processing file /home/manisha/airflow_env/lib/python3.10/site-packages/airflow/example_dags/example_trigger_controller_dag.py for tasks to queue
[2024-06-18T11:46:03.217+0545] {logging_mixin.py:188} INFO - [2024-06-18T11:46:03.217+0545] {dagbag.py:545} INFO - Filling up the DagBag from /home/manisha/airflow_env/lib/python3.10/site-packages/airflow/example_dags/example_trigger_controller_dag.py
[2024-06-18T11:46:03.221+0545] {processor.py:840} INFO - DAG(s) 'example_trigger_controller_dag' retrieved from /home/manisha/airflow_env/lib/python3.10/site-packages/airflow/example_dags/example_trigger_controller_dag.py
[2024-06-18T11:46:03.242+0545] {logging_mixin.py:188} INFO - [2024-06-18T11:46:03.242+0545] {dag.py:3096} INFO - Sync 1 DAGs
[2024-06-18T11:46:03.261+0545] {logging_mixin.py:188} INFO - [2024-06-18T11:46:03.261+0545] {dag.py:3954} INFO - Setting next_dagrun for example_trigger_controller_dag to 2021-01-01 00:00:00+00:00, run_after=2021-01-01 00:00:00+00:00
[2024-06-18T11:46:03.322+0545] {processor.py:183} INFO - Processing /home/manisha/airflow_env/lib/python3.10/site-packages/airflow/example_dags/example_trigger_controller_dag.py took 0.113 seconds
[2024-06-18T11:46:34.025+0545] {processor.py:161} INFO - Started process (PID=8570) to work on /home/manisha/airflow_env/lib/python3.10/site-packages/airflow/example_dags/example_trigger_controller_dag.py
[2024-06-18T11:46:34.034+0545] {processor.py:830} INFO - Processing file /home/manisha/airflow_env/lib/python3.10/site-packages/airflow/example_dags/example_trigger_controller_dag.py for tasks to queue
[2024-06-18T11:46:34.036+0545] {logging_mixin.py:188} INFO - [2024-06-18T11:46:34.036+0545] {dagbag.py:545} INFO - Filling up the DagBag from /home/manisha/airflow_env/lib/python3.10/site-packages/airflow/example_dags/example_trigger_controller_dag.py
[2024-06-18T11:46:34.040+0545] {processor.py:840} INFO - DAG(s) 'example_trigger_controller_dag' retrieved from /home/manisha/airflow_env/lib/python3.10/site-packages/airflow/example_dags/example_trigger_controller_dag.py
[2024-06-18T11:46:34.061+0545] {logging_mixin.py:188} INFO - [2024-06-18T11:46:34.061+0545] {dag.py:3096} INFO - Sync 1 DAGs
[2024-06-18T11:46:34.080+0545] {logging_mixin.py:188} INFO - [2024-06-18T11:46:34.079+0545] {dag.py:3954} INFO - Setting next_dagrun for example_trigger_controller_dag to 2021-01-01 00:00:00+00:00, run_after=2021-01-01 00:00:00+00:00
[2024-06-18T11:46:34.141+0545] {processor.py:183} INFO - Processing /home/manisha/airflow_env/lib/python3.10/site-packages/airflow/example_dags/example_trigger_controller_dag.py took 0.123 seconds
[2024-06-18T11:47:04.547+0545] {processor.py:161} INFO - Started process (PID=8621) to work on /home/manisha/airflow_env/lib/python3.10/site-packages/airflow/example_dags/example_trigger_controller_dag.py
[2024-06-18T11:47:04.547+0545] {processor.py:830} INFO - Processing file /home/manisha/airflow_env/lib/python3.10/site-packages/airflow/example_dags/example_trigger_controller_dag.py for tasks to queue
[2024-06-18T11:47:04.549+0545] {logging_mixin.py:188} INFO - [2024-06-18T11:47:04.549+0545] {dagbag.py:545} INFO - Filling up the DagBag from /home/manisha/airflow_env/lib/python3.10/site-packages/airflow/example_dags/example_trigger_controller_dag.py
[2024-06-18T11:47:04.553+0545] {processor.py:840} INFO - DAG(s) 'example_trigger_controller_dag' retrieved from /home/manisha/airflow_env/lib/python3.10/site-packages/airflow/example_dags/example_trigger_controller_dag.py
[2024-06-18T11:47:04.574+0545] {logging_mixin.py:188} INFO - [2024-06-18T11:47:04.573+0545] {dag.py:3096} INFO - Sync 1 DAGs
[2024-06-18T11:47:04.592+0545] {logging_mixin.py:188} INFO - [2024-06-18T11:47:04.592+0545] {dag.py:3954} INFO - Setting next_dagrun for example_trigger_controller_dag to 2021-01-01 00:00:00+00:00, run_after=2021-01-01 00:00:00+00:00
[2024-06-18T11:47:04.675+0545] {processor.py:183} INFO - Processing /home/manisha/airflow_env/lib/python3.10/site-packages/airflow/example_dags/example_trigger_controller_dag.py took 0.134 seconds
[2024-06-18T11:47:34.953+0545] {processor.py:161} INFO - Started process (PID=8672) to work on /home/manisha/airflow_env/lib/python3.10/site-packages/airflow/example_dags/example_trigger_controller_dag.py
[2024-06-18T11:47:34.972+0545] {processor.py:830} INFO - Processing file /home/manisha/airflow_env/lib/python3.10/site-packages/airflow/example_dags/example_trigger_controller_dag.py for tasks to queue
[2024-06-18T11:47:34.974+0545] {logging_mixin.py:188} INFO - [2024-06-18T11:47:34.973+0545] {dagbag.py:545} INFO - Filling up the DagBag from /home/manisha/airflow_env/lib/python3.10/site-packages/airflow/example_dags/example_trigger_controller_dag.py
[2024-06-18T11:47:34.978+0545] {processor.py:840} INFO - DAG(s) 'example_trigger_controller_dag' retrieved from /home/manisha/airflow_env/lib/python3.10/site-packages/airflow/example_dags/example_trigger_controller_dag.py
[2024-06-18T11:47:35.001+0545] {logging_mixin.py:188} INFO - [2024-06-18T11:47:35.001+0545] {dag.py:3096} INFO - Sync 1 DAGs
[2024-06-18T11:47:35.021+0545] {logging_mixin.py:188} INFO - [2024-06-18T11:47:35.020+0545] {dag.py:3954} INFO - Setting next_dagrun for example_trigger_controller_dag to 2021-01-01 00:00:00+00:00, run_after=2021-01-01 00:00:00+00:00
[2024-06-18T11:47:35.086+0545] {processor.py:183} INFO - Processing /home/manisha/airflow_env/lib/python3.10/site-packages/airflow/example_dags/example_trigger_controller_dag.py took 0.139 seconds
[2024-06-18T11:48:30.151+0545] {processor.py:161} INFO - Started process (PID=8748) to work on /home/manisha/airflow_env/lib/python3.10/site-packages/airflow/example_dags/example_trigger_controller_dag.py
[2024-06-18T11:48:30.185+0545] {processor.py:830} INFO - Processing file /home/manisha/airflow_env/lib/python3.10/site-packages/airflow/example_dags/example_trigger_controller_dag.py for tasks to queue
[2024-06-18T11:48:30.186+0545] {logging_mixin.py:188} INFO - [2024-06-18T11:48:30.186+0545] {dagbag.py:545} INFO - Filling up the DagBag from /home/manisha/airflow_env/lib/python3.10/site-packages/airflow/example_dags/example_trigger_controller_dag.py
[2024-06-18T11:48:30.192+0545] {processor.py:840} INFO - DAG(s) 'example_trigger_controller_dag' retrieved from /home/manisha/airflow_env/lib/python3.10/site-packages/airflow/example_dags/example_trigger_controller_dag.py
[2024-06-18T11:48:30.208+0545] {logging_mixin.py:188} INFO - [2024-06-18T11:48:30.207+0545] {dag.py:3096} INFO - Sync 1 DAGs
[2024-06-18T11:48:30.228+0545] {logging_mixin.py:188} INFO - [2024-06-18T11:48:30.228+0545] {dag.py:3954} INFO - Setting next_dagrun for example_trigger_controller_dag to 2021-01-01 00:00:00+00:00, run_after=2021-01-01 00:00:00+00:00
[2024-06-18T11:48:30.318+0545] {processor.py:183} INFO - Processing /home/manisha/airflow_env/lib/python3.10/site-packages/airflow/example_dags/example_trigger_controller_dag.py took 0.172 seconds
[2024-06-18T11:49:02.004+0545] {processor.py:161} INFO - Started process (PID=8862) to work on /home/manisha/airflow_env/lib/python3.10/site-packages/airflow/example_dags/example_trigger_controller_dag.py
[2024-06-18T11:49:02.007+0545] {processor.py:830} INFO - Processing file /home/manisha/airflow_env/lib/python3.10/site-packages/airflow/example_dags/example_trigger_controller_dag.py for tasks to queue
[2024-06-18T11:49:02.008+0545] {logging_mixin.py:188} INFO - [2024-06-18T11:49:02.008+0545] {dagbag.py:545} INFO - Filling up the DagBag from /home/manisha/airflow_env/lib/python3.10/site-packages/airflow/example_dags/example_trigger_controller_dag.py
[2024-06-18T11:49:02.012+0545] {processor.py:840} INFO - DAG(s) 'example_trigger_controller_dag' retrieved from /home/manisha/airflow_env/lib/python3.10/site-packages/airflow/example_dags/example_trigger_controller_dag.py
[2024-06-18T11:49:02.202+0545] {logging_mixin.py:188} INFO - [2024-06-18T11:49:02.202+0545] {dag.py:3096} INFO - Sync 1 DAGs
[2024-06-18T11:49:02.223+0545] {logging_mixin.py:188} INFO - [2024-06-18T11:49:02.222+0545] {dag.py:3954} INFO - Setting next_dagrun for example_trigger_controller_dag to 2021-01-01 00:00:00+00:00, run_after=2021-01-01 00:00:00+00:00
[2024-06-18T11:49:02.407+0545] {processor.py:183} INFO - Processing /home/manisha/airflow_env/lib/python3.10/site-packages/airflow/example_dags/example_trigger_controller_dag.py took 0.410 seconds
[2024-06-18T11:49:32.772+0545] {processor.py:161} INFO - Started process (PID=8933) to work on /home/manisha/airflow_env/lib/python3.10/site-packages/airflow/example_dags/example_trigger_controller_dag.py
[2024-06-18T11:49:32.780+0545] {processor.py:830} INFO - Processing file /home/manisha/airflow_env/lib/python3.10/site-packages/airflow/example_dags/example_trigger_controller_dag.py for tasks to queue
[2024-06-18T11:49:32.782+0545] {logging_mixin.py:188} INFO - [2024-06-18T11:49:32.781+0545] {dagbag.py:545} INFO - Filling up the DagBag from /home/manisha/airflow_env/lib/python3.10/site-packages/airflow/example_dags/example_trigger_controller_dag.py
[2024-06-18T11:49:32.787+0545] {processor.py:840} INFO - DAG(s) 'example_trigger_controller_dag' retrieved from /home/manisha/airflow_env/lib/python3.10/site-packages/airflow/example_dags/example_trigger_controller_dag.py
[2024-06-18T11:49:32.808+0545] {logging_mixin.py:188} INFO - [2024-06-18T11:49:32.808+0545] {dag.py:3096} INFO - Sync 1 DAGs
[2024-06-18T11:49:32.921+0545] {logging_mixin.py:188} INFO - [2024-06-18T11:49:32.921+0545] {dag.py:3954} INFO - Setting next_dagrun for example_trigger_controller_dag to 2021-01-01 00:00:00+00:00, run_after=2021-01-01 00:00:00+00:00
[2024-06-18T11:49:33.027+0545] {processor.py:183} INFO - Processing /home/manisha/airflow_env/lib/python3.10/site-packages/airflow/example_dags/example_trigger_controller_dag.py took 0.262 seconds
[2024-06-18T11:50:03.637+0545] {processor.py:161} INFO - Started process (PID=8989) to work on /home/manisha/airflow_env/lib/python3.10/site-packages/airflow/example_dags/example_trigger_controller_dag.py
[2024-06-18T11:50:03.637+0545] {processor.py:830} INFO - Processing file /home/manisha/airflow_env/lib/python3.10/site-packages/airflow/example_dags/example_trigger_controller_dag.py for tasks to queue
[2024-06-18T11:50:03.639+0545] {logging_mixin.py:188} INFO - [2024-06-18T11:50:03.639+0545] {dagbag.py:545} INFO - Filling up the DagBag from /home/manisha/airflow_env/lib/python3.10/site-packages/airflow/example_dags/example_trigger_controller_dag.py
[2024-06-18T11:50:03.644+0545] {processor.py:840} INFO - DAG(s) 'example_trigger_controller_dag' retrieved from /home/manisha/airflow_env/lib/python3.10/site-packages/airflow/example_dags/example_trigger_controller_dag.py
[2024-06-18T11:50:03.666+0545] {logging_mixin.py:188} INFO - [2024-06-18T11:50:03.666+0545] {dag.py:3096} INFO - Sync 1 DAGs
[2024-06-18T11:50:03.687+0545] {logging_mixin.py:188} INFO - [2024-06-18T11:50:03.687+0545] {dag.py:3954} INFO - Setting next_dagrun for example_trigger_controller_dag to 2021-01-01 00:00:00+00:00, run_after=2021-01-01 00:00:00+00:00
[2024-06-18T11:50:03.825+0545] {processor.py:183} INFO - Processing /home/manisha/airflow_env/lib/python3.10/site-packages/airflow/example_dags/example_trigger_controller_dag.py took 0.195 seconds
[2024-06-18T11:50:34.080+0545] {processor.py:161} INFO - Started process (PID=9048) to work on /home/manisha/airflow_env/lib/python3.10/site-packages/airflow/example_dags/example_trigger_controller_dag.py
[2024-06-18T11:50:34.083+0545] {processor.py:830} INFO - Processing file /home/manisha/airflow_env/lib/python3.10/site-packages/airflow/example_dags/example_trigger_controller_dag.py for tasks to queue
[2024-06-18T11:50:34.085+0545] {logging_mixin.py:188} INFO - [2024-06-18T11:50:34.084+0545] {dagbag.py:545} INFO - Filling up the DagBag from /home/manisha/airflow_env/lib/python3.10/site-packages/airflow/example_dags/example_trigger_controller_dag.py
[2024-06-18T11:50:34.090+0545] {processor.py:840} INFO - DAG(s) 'example_trigger_controller_dag' retrieved from /home/manisha/airflow_env/lib/python3.10/site-packages/airflow/example_dags/example_trigger_controller_dag.py
[2024-06-18T11:50:34.113+0545] {logging_mixin.py:188} INFO - [2024-06-18T11:50:34.113+0545] {dag.py:3096} INFO - Sync 1 DAGs
[2024-06-18T11:50:34.135+0545] {logging_mixin.py:188} INFO - [2024-06-18T11:50:34.135+0545] {dag.py:3954} INFO - Setting next_dagrun for example_trigger_controller_dag to 2021-01-01 00:00:00+00:00, run_after=2021-01-01 00:00:00+00:00
[2024-06-18T11:50:34.273+0545] {processor.py:183} INFO - Processing /home/manisha/airflow_env/lib/python3.10/site-packages/airflow/example_dags/example_trigger_controller_dag.py took 0.199 seconds
[2024-06-18T11:50:56.960+0545] {processor.py:161} INFO - Started process (PID=9306) to work on /home/manisha/airflow_env/lib/python3.10/site-packages/airflow/example_dags/example_trigger_controller_dag.py
[2024-06-18T11:50:56.960+0545] {processor.py:830} INFO - Processing file /home/manisha/airflow_env/lib/python3.10/site-packages/airflow/example_dags/example_trigger_controller_dag.py for tasks to queue
[2024-06-18T11:50:56.961+0545] {logging_mixin.py:188} INFO - [2024-06-18T11:50:56.961+0545] {dagbag.py:545} INFO - Filling up the DagBag from /home/manisha/airflow_env/lib/python3.10/site-packages/airflow/example_dags/example_trigger_controller_dag.py
[2024-06-18T11:50:56.967+0545] {processor.py:840} INFO - DAG(s) 'example_trigger_controller_dag' retrieved from /home/manisha/airflow_env/lib/python3.10/site-packages/airflow/example_dags/example_trigger_controller_dag.py
[2024-06-18T11:50:56.982+0545] {logging_mixin.py:188} INFO - [2024-06-18T11:50:56.982+0545] {dag.py:3096} INFO - Sync 1 DAGs
[2024-06-18T11:50:57.005+0545] {logging_mixin.py:188} INFO - [2024-06-18T11:50:57.005+0545] {dag.py:3954} INFO - Setting next_dagrun for example_trigger_controller_dag to 2021-01-01 00:00:00+00:00, run_after=2021-01-01 00:00:00+00:00
[2024-06-18T11:50:57.255+0545] {processor.py:183} INFO - Processing /home/manisha/airflow_env/lib/python3.10/site-packages/airflow/example_dags/example_trigger_controller_dag.py took 0.301 seconds
[2024-06-18T11:51:28.844+0545] {processor.py:161} INFO - Started process (PID=9579) to work on /home/manisha/airflow_env/lib/python3.10/site-packages/airflow/example_dags/example_trigger_controller_dag.py
[2024-06-18T11:51:28.848+0545] {processor.py:830} INFO - Processing file /home/manisha/airflow_env/lib/python3.10/site-packages/airflow/example_dags/example_trigger_controller_dag.py for tasks to queue
[2024-06-18T11:51:28.850+0545] {logging_mixin.py:188} INFO - [2024-06-18T11:51:28.849+0545] {dagbag.py:545} INFO - Filling up the DagBag from /home/manisha/airflow_env/lib/python3.10/site-packages/airflow/example_dags/example_trigger_controller_dag.py
[2024-06-18T11:51:28.854+0545] {processor.py:840} INFO - DAG(s) 'example_trigger_controller_dag' retrieved from /home/manisha/airflow_env/lib/python3.10/site-packages/airflow/example_dags/example_trigger_controller_dag.py
[2024-06-18T11:51:29.069+0545] {logging_mixin.py:188} INFO - [2024-06-18T11:51:29.069+0545] {dag.py:3096} INFO - Sync 1 DAGs
[2024-06-18T11:51:29.092+0545] {logging_mixin.py:188} INFO - [2024-06-18T11:51:29.092+0545] {dag.py:3954} INFO - Setting next_dagrun for example_trigger_controller_dag to 2021-01-01 00:00:00+00:00, run_after=2021-01-01 00:00:00+00:00
[2024-06-18T11:51:29.326+0545] {processor.py:183} INFO - Processing /home/manisha/airflow_env/lib/python3.10/site-packages/airflow/example_dags/example_trigger_controller_dag.py took 0.487 seconds
[2024-06-18T11:51:59.452+0545] {processor.py:161} INFO - Started process (PID=9900) to work on /home/manisha/airflow_env/lib/python3.10/site-packages/airflow/example_dags/example_trigger_controller_dag.py
[2024-06-18T11:51:59.454+0545] {processor.py:830} INFO - Processing file /home/manisha/airflow_env/lib/python3.10/site-packages/airflow/example_dags/example_trigger_controller_dag.py for tasks to queue
[2024-06-18T11:51:59.458+0545] {logging_mixin.py:188} INFO - [2024-06-18T11:51:59.457+0545] {dagbag.py:545} INFO - Filling up the DagBag from /home/manisha/airflow_env/lib/python3.10/site-packages/airflow/example_dags/example_trigger_controller_dag.py
[2024-06-18T11:51:59.706+0545] {processor.py:840} INFO - DAG(s) 'example_trigger_controller_dag' retrieved from /home/manisha/airflow_env/lib/python3.10/site-packages/airflow/example_dags/example_trigger_controller_dag.py
[2024-06-18T11:51:59.758+0545] {logging_mixin.py:188} INFO - [2024-06-18T11:51:59.757+0545] {dag.py:3096} INFO - Sync 1 DAGs
[2024-06-18T11:51:59.816+0545] {logging_mixin.py:188} INFO - [2024-06-18T11:51:59.815+0545] {dag.py:3954} INFO - Setting next_dagrun for example_trigger_controller_dag to 2021-01-01 00:00:00+00:00, run_after=2021-01-01 00:00:00+00:00
[2024-06-18T11:52:00.071+0545] {processor.py:183} INFO - Processing /home/manisha/airflow_env/lib/python3.10/site-packages/airflow/example_dags/example_trigger_controller_dag.py took 0.636 seconds
