[2024-06-18T10:57:00.497+0545] {processor.py:161} INFO - Started process (PID=4034) to work on /home/manisha/airflow_env/lib/python3.10/site-packages/airflow/example_dags/example_subdag_operator.py
[2024-06-18T10:57:00.498+0545] {processor.py:830} INFO - Processing file /home/manisha/airflow_env/lib/python3.10/site-packages/airflow/example_dags/example_subdag_operator.py for tasks to queue
[2024-06-18T10:57:00.499+0545] {logging_mixin.py:188} INFO - [2024-06-18T10:57:00.499+0545] {dagbag.py:545} INFO - Filling up the DagBag from /home/manisha/airflow_env/lib/python3.10/site-packages/airflow/example_dags/example_subdag_operator.py
[2024-06-18T10:57:00.519+0545] {processor.py:840} INFO - DAG(s) 'example_subdag_operator.section-1', 'example_subdag_operator.section-2', 'example_subdag_operator' retrieved from /home/manisha/airflow_env/lib/python3.10/site-packages/airflow/example_dags/example_subdag_operator.py
[2024-06-18T10:57:00.791+0545] {logging_mixin.py:188} INFO - [2024-06-18T10:57:00.789+0545] {override.py:1829} INFO - Created Permission View: can edit on DAG:example_subdag_operator
[2024-06-18T10:57:00.869+0545] {logging_mixin.py:188} INFO - [2024-06-18T10:57:00.868+0545] {override.py:1829} INFO - Created Permission View: can read on DAG:example_subdag_operator
[2024-06-18T10:57:00.937+0545] {logging_mixin.py:188} INFO - [2024-06-18T10:57:00.936+0545] {override.py:1829} INFO - Created Permission View: can delete on DAG:example_subdag_operator
[2024-06-18T10:57:00.939+0545] {logging_mixin.py:188} INFO - [2024-06-18T10:57:00.938+0545] {dag.py:3096} INFO - Sync 3 DAGs
[2024-06-18T10:57:00.975+0545] {logging_mixin.py:188} INFO - [2024-06-18T10:57:00.975+0545] {dag.py:3118} INFO - Creating ORM DAG for example_subdag_operator
[2024-06-18T10:57:00.976+0545] {logging_mixin.py:188} INFO - [2024-06-18T10:57:00.976+0545] {dag.py:3118} INFO - Creating ORM DAG for example_subdag_operator.section-2
[2024-06-18T10:57:00.977+0545] {logging_mixin.py:188} INFO - [2024-06-18T10:57:00.977+0545] {dag.py:3118} INFO - Creating ORM DAG for example_subdag_operator.section-1
[2024-06-18T10:57:00.986+0545] {logging_mixin.py:188} INFO - [2024-06-18T10:57:00.986+0545] {dag.py:3954} INFO - Setting next_dagrun for example_subdag_operator to 2022-01-01 00:00:00+00:00, run_after=2022-01-01 00:00:00+00:00
[2024-06-18T10:57:00.987+0545] {logging_mixin.py:188} INFO - [2024-06-18T10:57:00.987+0545] {dag.py:3954} INFO - Setting next_dagrun for example_subdag_operator.section-1 to None, run_after=None
[2024-06-18T10:57:00.987+0545] {logging_mixin.py:188} INFO - [2024-06-18T10:57:00.987+0545] {dag.py:3954} INFO - Setting next_dagrun for example_subdag_operator.section-2 to None, run_after=None
[2024-06-18T10:57:00.993+0545] {logging_mixin.py:188} INFO - [2024-06-18T10:57:00.993+0545] {dag.py:3096} INFO - Sync 2 DAGs
[2024-06-18T10:57:00.996+0545] {logging_mixin.py:188} INFO - [2024-06-18T10:57:00.996+0545] {dag.py:3954} INFO - Setting next_dagrun for example_subdag_operator.section-1 to None, run_after=None
[2024-06-18T10:57:00.998+0545] {logging_mixin.py:188} INFO - [2024-06-18T10:57:00.998+0545] {dag.py:3954} INFO - Setting next_dagrun for example_subdag_operator.section-2 to None, run_after=None
[2024-06-18T10:57:01.101+0545] {processor.py:183} INFO - Processing /home/manisha/airflow_env/lib/python3.10/site-packages/airflow/example_dags/example_subdag_operator.py took 0.610 seconds
[2024-06-18T10:58:20.080+0545] {processor.py:161} INFO - Started process (PID=4150) to work on /home/manisha/airflow_env/lib/python3.10/site-packages/airflow/example_dags/example_subdag_operator.py
[2024-06-18T10:58:20.082+0545] {processor.py:830} INFO - Processing file /home/manisha/airflow_env/lib/python3.10/site-packages/airflow/example_dags/example_subdag_operator.py for tasks to queue
[2024-06-18T10:58:20.084+0545] {logging_mixin.py:188} INFO - [2024-06-18T10:58:20.084+0545] {dagbag.py:545} INFO - Filling up the DagBag from /home/manisha/airflow_env/lib/python3.10/site-packages/airflow/example_dags/example_subdag_operator.py
[2024-06-18T10:58:20.107+0545] {processor.py:840} INFO - DAG(s) 'example_subdag_operator.section-1', 'example_subdag_operator.section-2', 'example_subdag_operator' retrieved from /home/manisha/airflow_env/lib/python3.10/site-packages/airflow/example_dags/example_subdag_operator.py
[2024-06-18T10:58:20.122+0545] {logging_mixin.py:188} INFO - [2024-06-18T10:58:20.122+0545] {dag.py:3096} INFO - Sync 3 DAGs
[2024-06-18T10:58:20.140+0545] {logging_mixin.py:188} INFO - [2024-06-18T10:58:20.140+0545] {dag.py:3954} INFO - Setting next_dagrun for example_subdag_operator to 2022-01-01 00:00:00+00:00, run_after=2022-01-01 00:00:00+00:00
[2024-06-18T10:58:20.143+0545] {logging_mixin.py:188} INFO - [2024-06-18T10:58:20.143+0545] {dag.py:3954} INFO - Setting next_dagrun for example_subdag_operator.section-1 to None, run_after=None
[2024-06-18T10:58:20.144+0545] {logging_mixin.py:188} INFO - [2024-06-18T10:58:20.144+0545] {dag.py:3954} INFO - Setting next_dagrun for example_subdag_operator.section-2 to None, run_after=None
[2024-06-18T10:58:20.148+0545] {logging_mixin.py:188} INFO - [2024-06-18T10:58:20.148+0545] {dag.py:3096} INFO - Sync 2 DAGs
[2024-06-18T10:58:20.152+0545] {logging_mixin.py:188} INFO - [2024-06-18T10:58:20.151+0545] {dag.py:3954} INFO - Setting next_dagrun for example_subdag_operator.section-1 to None, run_after=None
[2024-06-18T10:58:20.152+0545] {logging_mixin.py:188} INFO - [2024-06-18T10:58:20.152+0545] {dag.py:3954} INFO - Setting next_dagrun for example_subdag_operator.section-2 to None, run_after=None
[2024-06-18T10:58:20.283+0545] {processor.py:183} INFO - Processing /home/manisha/airflow_env/lib/python3.10/site-packages/airflow/example_dags/example_subdag_operator.py took 0.215 seconds
[2024-06-18T10:59:22.786+0545] {processor.py:161} INFO - Started process (PID=4203) to work on /home/manisha/airflow_env/lib/python3.10/site-packages/airflow/example_dags/example_subdag_operator.py
[2024-06-18T10:59:22.822+0545] {processor.py:830} INFO - Processing file /home/manisha/airflow_env/lib/python3.10/site-packages/airflow/example_dags/example_subdag_operator.py for tasks to queue
[2024-06-18T10:59:22.828+0545] {logging_mixin.py:188} INFO - [2024-06-18T10:59:22.827+0545] {dagbag.py:545} INFO - Filling up the DagBag from /home/manisha/airflow_env/lib/python3.10/site-packages/airflow/example_dags/example_subdag_operator.py
[2024-06-18T10:59:22.872+0545] {processor.py:840} INFO - DAG(s) 'example_subdag_operator.section-1', 'example_subdag_operator.section-2', 'example_subdag_operator' retrieved from /home/manisha/airflow_env/lib/python3.10/site-packages/airflow/example_dags/example_subdag_operator.py
[2024-06-18T10:59:22.887+0545] {logging_mixin.py:188} INFO - [2024-06-18T10:59:22.887+0545] {dag.py:3096} INFO - Sync 3 DAGs
[2024-06-18T10:59:22.903+0545] {logging_mixin.py:188} INFO - [2024-06-18T10:59:22.903+0545] {dag.py:3954} INFO - Setting next_dagrun for example_subdag_operator to 2022-01-01 00:00:00+00:00, run_after=2022-01-01 00:00:00+00:00
[2024-06-18T10:59:22.980+0545] {logging_mixin.py:188} INFO - [2024-06-18T10:59:22.980+0545] {dag.py:3954} INFO - Setting next_dagrun for example_subdag_operator.section-1 to None, run_after=None
[2024-06-18T10:59:22.982+0545] {logging_mixin.py:188} INFO - [2024-06-18T10:59:22.982+0545] {dag.py:3954} INFO - Setting next_dagrun for example_subdag_operator.section-2 to None, run_after=None
[2024-06-18T10:59:22.989+0545] {logging_mixin.py:188} INFO - [2024-06-18T10:59:22.989+0545] {dag.py:3096} INFO - Sync 2 DAGs
[2024-06-18T10:59:22.994+0545] {logging_mixin.py:188} INFO - [2024-06-18T10:59:22.994+0545] {dag.py:3954} INFO - Setting next_dagrun for example_subdag_operator.section-1 to None, run_after=None
[2024-06-18T10:59:22.994+0545] {logging_mixin.py:188} INFO - [2024-06-18T10:59:22.994+0545] {dag.py:3954} INFO - Setting next_dagrun for example_subdag_operator.section-2 to None, run_after=None
[2024-06-18T10:59:23.111+0545] {processor.py:183} INFO - Processing /home/manisha/airflow_env/lib/python3.10/site-packages/airflow/example_dags/example_subdag_operator.py took 0.332 seconds
[2024-06-18T11:00:26.024+0545] {processor.py:161} INFO - Started process (PID=4345) to work on /home/manisha/airflow_env/lib/python3.10/site-packages/airflow/example_dags/example_subdag_operator.py
[2024-06-18T11:00:26.062+0545] {processor.py:830} INFO - Processing file /home/manisha/airflow_env/lib/python3.10/site-packages/airflow/example_dags/example_subdag_operator.py for tasks to queue
[2024-06-18T11:00:26.068+0545] {logging_mixin.py:188} INFO - [2024-06-18T11:00:26.067+0545] {dagbag.py:545} INFO - Filling up the DagBag from /home/manisha/airflow_env/lib/python3.10/site-packages/airflow/example_dags/example_subdag_operator.py
[2024-06-18T11:00:26.110+0545] {processor.py:840} INFO - DAG(s) 'example_subdag_operator.section-1', 'example_subdag_operator.section-2', 'example_subdag_operator' retrieved from /home/manisha/airflow_env/lib/python3.10/site-packages/airflow/example_dags/example_subdag_operator.py
[2024-06-18T11:00:26.125+0545] {logging_mixin.py:188} INFO - [2024-06-18T11:00:26.125+0545] {dag.py:3096} INFO - Sync 3 DAGs
[2024-06-18T11:00:26.141+0545] {logging_mixin.py:188} INFO - [2024-06-18T11:00:26.141+0545] {dag.py:3954} INFO - Setting next_dagrun for example_subdag_operator to 2022-01-01 00:00:00+00:00, run_after=2022-01-01 00:00:00+00:00
[2024-06-18T11:00:26.144+0545] {logging_mixin.py:188} INFO - [2024-06-18T11:00:26.144+0545] {dag.py:3954} INFO - Setting next_dagrun for example_subdag_operator.section-1 to None, run_after=None
[2024-06-18T11:00:26.145+0545] {logging_mixin.py:188} INFO - [2024-06-18T11:00:26.144+0545] {dag.py:3954} INFO - Setting next_dagrun for example_subdag_operator.section-2 to None, run_after=None
[2024-06-18T11:00:26.149+0545] {logging_mixin.py:188} INFO - [2024-06-18T11:00:26.149+0545] {dag.py:3096} INFO - Sync 2 DAGs
[2024-06-18T11:00:26.152+0545] {logging_mixin.py:188} INFO - [2024-06-18T11:00:26.152+0545] {dag.py:3954} INFO - Setting next_dagrun for example_subdag_operator.section-1 to None, run_after=None
[2024-06-18T11:00:26.152+0545] {logging_mixin.py:188} INFO - [2024-06-18T11:00:26.152+0545] {dag.py:3954} INFO - Setting next_dagrun for example_subdag_operator.section-2 to None, run_after=None
[2024-06-18T11:00:26.252+0545] {processor.py:183} INFO - Processing /home/manisha/airflow_env/lib/python3.10/site-packages/airflow/example_dags/example_subdag_operator.py took 0.234 seconds
[2024-06-18T11:01:26.608+0545] {processor.py:161} INFO - Started process (PID=4398) to work on /home/manisha/airflow_env/lib/python3.10/site-packages/airflow/example_dags/example_subdag_operator.py
[2024-06-18T11:01:26.647+0545] {processor.py:830} INFO - Processing file /home/manisha/airflow_env/lib/python3.10/site-packages/airflow/example_dags/example_subdag_operator.py for tasks to queue
[2024-06-18T11:01:26.653+0545] {logging_mixin.py:188} INFO - [2024-06-18T11:01:26.651+0545] {dagbag.py:545} INFO - Filling up the DagBag from /home/manisha/airflow_env/lib/python3.10/site-packages/airflow/example_dags/example_subdag_operator.py
[2024-06-18T11:01:26.697+0545] {processor.py:840} INFO - DAG(s) 'example_subdag_operator.section-1', 'example_subdag_operator.section-2', 'example_subdag_operator' retrieved from /home/manisha/airflow_env/lib/python3.10/site-packages/airflow/example_dags/example_subdag_operator.py
[2024-06-18T11:01:26.712+0545] {logging_mixin.py:188} INFO - [2024-06-18T11:01:26.712+0545] {dag.py:3096} INFO - Sync 3 DAGs
[2024-06-18T11:01:26.729+0545] {logging_mixin.py:188} INFO - [2024-06-18T11:01:26.728+0545] {dag.py:3954} INFO - Setting next_dagrun for example_subdag_operator to 2022-01-01 00:00:00+00:00, run_after=2022-01-01 00:00:00+00:00
[2024-06-18T11:01:26.731+0545] {logging_mixin.py:188} INFO - [2024-06-18T11:01:26.731+0545] {dag.py:3954} INFO - Setting next_dagrun for example_subdag_operator.section-1 to None, run_after=None
[2024-06-18T11:01:26.732+0545] {logging_mixin.py:188} INFO - [2024-06-18T11:01:26.732+0545] {dag.py:3954} INFO - Setting next_dagrun for example_subdag_operator.section-2 to None, run_after=None
[2024-06-18T11:01:26.736+0545] {logging_mixin.py:188} INFO - [2024-06-18T11:01:26.736+0545] {dag.py:3096} INFO - Sync 2 DAGs
[2024-06-18T11:01:26.739+0545] {logging_mixin.py:188} INFO - [2024-06-18T11:01:26.739+0545] {dag.py:3954} INFO - Setting next_dagrun for example_subdag_operator.section-1 to None, run_after=None
[2024-06-18T11:01:26.740+0545] {logging_mixin.py:188} INFO - [2024-06-18T11:01:26.740+0545] {dag.py:3954} INFO - Setting next_dagrun for example_subdag_operator.section-2 to None, run_after=None
[2024-06-18T11:01:26.841+0545] {processor.py:183} INFO - Processing /home/manisha/airflow_env/lib/python3.10/site-packages/airflow/example_dags/example_subdag_operator.py took 0.239 seconds
[2024-06-18T11:02:28.041+0545] {processor.py:161} INFO - Started process (PID=4450) to work on /home/manisha/airflow_env/lib/python3.10/site-packages/airflow/example_dags/example_subdag_operator.py
[2024-06-18T11:02:28.074+0545] {processor.py:830} INFO - Processing file /home/manisha/airflow_env/lib/python3.10/site-packages/airflow/example_dags/example_subdag_operator.py for tasks to queue
[2024-06-18T11:02:28.080+0545] {logging_mixin.py:188} INFO - [2024-06-18T11:02:28.079+0545] {dagbag.py:545} INFO - Filling up the DagBag from /home/manisha/airflow_env/lib/python3.10/site-packages/airflow/example_dags/example_subdag_operator.py
[2024-06-18T11:02:28.123+0545] {processor.py:840} INFO - DAG(s) 'example_subdag_operator.section-1', 'example_subdag_operator.section-2', 'example_subdag_operator' retrieved from /home/manisha/airflow_env/lib/python3.10/site-packages/airflow/example_dags/example_subdag_operator.py
[2024-06-18T11:02:28.138+0545] {logging_mixin.py:188} INFO - [2024-06-18T11:02:28.138+0545] {dag.py:3096} INFO - Sync 3 DAGs
[2024-06-18T11:02:28.154+0545] {logging_mixin.py:188} INFO - [2024-06-18T11:02:28.154+0545] {dag.py:3954} INFO - Setting next_dagrun for example_subdag_operator to 2022-01-01 00:00:00+00:00, run_after=2022-01-01 00:00:00+00:00
[2024-06-18T11:02:28.157+0545] {logging_mixin.py:188} INFO - [2024-06-18T11:02:28.157+0545] {dag.py:3954} INFO - Setting next_dagrun for example_subdag_operator.section-1 to None, run_after=None
[2024-06-18T11:02:28.157+0545] {logging_mixin.py:188} INFO - [2024-06-18T11:02:28.157+0545] {dag.py:3954} INFO - Setting next_dagrun for example_subdag_operator.section-2 to None, run_after=None
[2024-06-18T11:02:28.162+0545] {logging_mixin.py:188} INFO - [2024-06-18T11:02:28.162+0545] {dag.py:3096} INFO - Sync 2 DAGs
[2024-06-18T11:02:28.165+0545] {logging_mixin.py:188} INFO - [2024-06-18T11:02:28.165+0545] {dag.py:3954} INFO - Setting next_dagrun for example_subdag_operator.section-1 to None, run_after=None
[2024-06-18T11:02:28.165+0545] {logging_mixin.py:188} INFO - [2024-06-18T11:02:28.165+0545] {dag.py:3954} INFO - Setting next_dagrun for example_subdag_operator.section-2 to None, run_after=None
[2024-06-18T11:02:28.266+0545] {processor.py:183} INFO - Processing /home/manisha/airflow_env/lib/python3.10/site-packages/airflow/example_dags/example_subdag_operator.py took 0.232 seconds
[2024-06-18T11:03:25.181+0545] {processor.py:161} INFO - Started process (PID=4503) to work on /home/manisha/airflow_env/lib/python3.10/site-packages/airflow/example_dags/example_subdag_operator.py
[2024-06-18T11:03:25.219+0545] {processor.py:830} INFO - Processing file /home/manisha/airflow_env/lib/python3.10/site-packages/airflow/example_dags/example_subdag_operator.py for tasks to queue
[2024-06-18T11:03:25.224+0545] {logging_mixin.py:188} INFO - [2024-06-18T11:03:25.223+0545] {dagbag.py:545} INFO - Filling up the DagBag from /home/manisha/airflow_env/lib/python3.10/site-packages/airflow/example_dags/example_subdag_operator.py
[2024-06-18T11:03:25.268+0545] {processor.py:840} INFO - DAG(s) 'example_subdag_operator.section-1', 'example_subdag_operator.section-2', 'example_subdag_operator' retrieved from /home/manisha/airflow_env/lib/python3.10/site-packages/airflow/example_dags/example_subdag_operator.py
[2024-06-18T11:03:25.284+0545] {logging_mixin.py:188} INFO - [2024-06-18T11:03:25.283+0545] {dag.py:3096} INFO - Sync 3 DAGs
[2024-06-18T11:03:25.300+0545] {logging_mixin.py:188} INFO - [2024-06-18T11:03:25.300+0545] {dag.py:3954} INFO - Setting next_dagrun for example_subdag_operator to 2022-01-01 00:00:00+00:00, run_after=2022-01-01 00:00:00+00:00
[2024-06-18T11:03:25.303+0545] {logging_mixin.py:188} INFO - [2024-06-18T11:03:25.303+0545] {dag.py:3954} INFO - Setting next_dagrun for example_subdag_operator.section-1 to None, run_after=None
[2024-06-18T11:03:25.304+0545] {logging_mixin.py:188} INFO - [2024-06-18T11:03:25.303+0545] {dag.py:3954} INFO - Setting next_dagrun for example_subdag_operator.section-2 to None, run_after=None
[2024-06-18T11:03:25.308+0545] {logging_mixin.py:188} INFO - [2024-06-18T11:03:25.308+0545] {dag.py:3096} INFO - Sync 2 DAGs
[2024-06-18T11:03:25.311+0545] {logging_mixin.py:188} INFO - [2024-06-18T11:03:25.311+0545] {dag.py:3954} INFO - Setting next_dagrun for example_subdag_operator.section-1 to None, run_after=None
[2024-06-18T11:03:25.311+0545] {logging_mixin.py:188} INFO - [2024-06-18T11:03:25.311+0545] {dag.py:3954} INFO - Setting next_dagrun for example_subdag_operator.section-2 to None, run_after=None
[2024-06-18T11:03:25.414+0545] {processor.py:183} INFO - Processing /home/manisha/airflow_env/lib/python3.10/site-packages/airflow/example_dags/example_subdag_operator.py took 0.239 seconds
[2024-06-18T11:04:27.256+0545] {processor.py:161} INFO - Started process (PID=4559) to work on /home/manisha/airflow_env/lib/python3.10/site-packages/airflow/example_dags/example_subdag_operator.py
[2024-06-18T11:04:27.289+0545] {processor.py:830} INFO - Processing file /home/manisha/airflow_env/lib/python3.10/site-packages/airflow/example_dags/example_subdag_operator.py for tasks to queue
[2024-06-18T11:04:27.294+0545] {logging_mixin.py:188} INFO - [2024-06-18T11:04:27.293+0545] {dagbag.py:545} INFO - Filling up the DagBag from /home/manisha/airflow_env/lib/python3.10/site-packages/airflow/example_dags/example_subdag_operator.py
[2024-06-18T11:04:27.337+0545] {processor.py:840} INFO - DAG(s) 'example_subdag_operator.section-1', 'example_subdag_operator.section-2', 'example_subdag_operator' retrieved from /home/manisha/airflow_env/lib/python3.10/site-packages/airflow/example_dags/example_subdag_operator.py
[2024-06-18T11:04:27.352+0545] {logging_mixin.py:188} INFO - [2024-06-18T11:04:27.352+0545] {dag.py:3096} INFO - Sync 3 DAGs
[2024-06-18T11:04:27.368+0545] {logging_mixin.py:188} INFO - [2024-06-18T11:04:27.368+0545] {dag.py:3954} INFO - Setting next_dagrun for example_subdag_operator to 2022-01-01 00:00:00+00:00, run_after=2022-01-01 00:00:00+00:00
[2024-06-18T11:04:27.371+0545] {logging_mixin.py:188} INFO - [2024-06-18T11:04:27.371+0545] {dag.py:3954} INFO - Setting next_dagrun for example_subdag_operator.section-1 to None, run_after=None
[2024-06-18T11:04:27.372+0545] {logging_mixin.py:188} INFO - [2024-06-18T11:04:27.372+0545] {dag.py:3954} INFO - Setting next_dagrun for example_subdag_operator.section-2 to None, run_after=None
[2024-06-18T11:04:27.377+0545] {logging_mixin.py:188} INFO - [2024-06-18T11:04:27.377+0545] {dag.py:3096} INFO - Sync 2 DAGs
[2024-06-18T11:04:27.380+0545] {logging_mixin.py:188} INFO - [2024-06-18T11:04:27.380+0545] {dag.py:3954} INFO - Setting next_dagrun for example_subdag_operator.section-1 to None, run_after=None
[2024-06-18T11:04:27.380+0545] {logging_mixin.py:188} INFO - [2024-06-18T11:04:27.380+0545] {dag.py:3954} INFO - Setting next_dagrun for example_subdag_operator.section-2 to None, run_after=None
[2024-06-18T11:04:27.491+0545] {processor.py:183} INFO - Processing /home/manisha/airflow_env/lib/python3.10/site-packages/airflow/example_dags/example_subdag_operator.py took 0.241 seconds
[2024-06-18T11:06:08.566+0545] {processor.py:161} INFO - Started process (PID=4775) to work on /home/manisha/airflow_env/lib/python3.10/site-packages/airflow/example_dags/example_subdag_operator.py
[2024-06-18T11:06:08.595+0545] {processor.py:830} INFO - Processing file /home/manisha/airflow_env/lib/python3.10/site-packages/airflow/example_dags/example_subdag_operator.py for tasks to queue
[2024-06-18T11:06:08.599+0545] {logging_mixin.py:188} INFO - [2024-06-18T11:06:08.598+0545] {dagbag.py:545} INFO - Filling up the DagBag from /home/manisha/airflow_env/lib/python3.10/site-packages/airflow/example_dags/example_subdag_operator.py
[2024-06-18T11:06:08.642+0545] {processor.py:840} INFO - DAG(s) 'example_subdag_operator.section-1', 'example_subdag_operator.section-2', 'example_subdag_operator' retrieved from /home/manisha/airflow_env/lib/python3.10/site-packages/airflow/example_dags/example_subdag_operator.py
[2024-06-18T11:06:08.663+0545] {logging_mixin.py:188} INFO - [2024-06-18T11:06:08.662+0545] {dag.py:3096} INFO - Sync 3 DAGs
[2024-06-18T11:06:08.686+0545] {logging_mixin.py:188} INFO - [2024-06-18T11:06:08.686+0545] {dag.py:3954} INFO - Setting next_dagrun for example_subdag_operator to 2022-01-01 00:00:00+00:00, run_after=2022-01-01 00:00:00+00:00
[2024-06-18T11:06:08.692+0545] {logging_mixin.py:188} INFO - [2024-06-18T11:06:08.692+0545] {dag.py:3954} INFO - Setting next_dagrun for example_subdag_operator.section-1 to None, run_after=None
[2024-06-18T11:06:08.693+0545] {logging_mixin.py:188} INFO - [2024-06-18T11:06:08.693+0545] {dag.py:3954} INFO - Setting next_dagrun for example_subdag_operator.section-2 to None, run_after=None
[2024-06-18T11:06:08.699+0545] {logging_mixin.py:188} INFO - [2024-06-18T11:06:08.699+0545] {dag.py:3096} INFO - Sync 2 DAGs
[2024-06-18T11:06:08.704+0545] {logging_mixin.py:188} INFO - [2024-06-18T11:06:08.703+0545] {dag.py:3954} INFO - Setting next_dagrun for example_subdag_operator.section-1 to None, run_after=None
[2024-06-18T11:06:08.704+0545] {logging_mixin.py:188} INFO - [2024-06-18T11:06:08.704+0545] {dag.py:3954} INFO - Setting next_dagrun for example_subdag_operator.section-2 to None, run_after=None
[2024-06-18T11:06:08.801+0545] {processor.py:183} INFO - Processing /home/manisha/airflow_env/lib/python3.10/site-packages/airflow/example_dags/example_subdag_operator.py took 0.240 seconds
[2024-06-18T11:07:09.806+0545] {processor.py:161} INFO - Started process (PID=4923) to work on /home/manisha/airflow_env/lib/python3.10/site-packages/airflow/example_dags/example_subdag_operator.py
[2024-06-18T11:07:09.808+0545] {processor.py:830} INFO - Processing file /home/manisha/airflow_env/lib/python3.10/site-packages/airflow/example_dags/example_subdag_operator.py for tasks to queue
[2024-06-18T11:07:09.809+0545] {logging_mixin.py:188} INFO - [2024-06-18T11:07:09.809+0545] {dagbag.py:545} INFO - Filling up the DagBag from /home/manisha/airflow_env/lib/python3.10/site-packages/airflow/example_dags/example_subdag_operator.py
[2024-06-18T11:07:09.831+0545] {processor.py:840} INFO - DAG(s) 'example_subdag_operator.section-1', 'example_subdag_operator.section-2', 'example_subdag_operator' retrieved from /home/manisha/airflow_env/lib/python3.10/site-packages/airflow/example_dags/example_subdag_operator.py
[2024-06-18T11:07:09.847+0545] {logging_mixin.py:188} INFO - [2024-06-18T11:07:09.847+0545] {dag.py:3096} INFO - Sync 3 DAGs
[2024-06-18T11:07:09.864+0545] {logging_mixin.py:188} INFO - [2024-06-18T11:07:09.864+0545] {dag.py:3954} INFO - Setting next_dagrun for example_subdag_operator to 2022-01-01 00:00:00+00:00, run_after=2022-01-01 00:00:00+00:00
[2024-06-18T11:07:09.867+0545] {logging_mixin.py:188} INFO - [2024-06-18T11:07:09.867+0545] {dag.py:3954} INFO - Setting next_dagrun for example_subdag_operator.section-1 to None, run_after=None
[2024-06-18T11:07:09.868+0545] {logging_mixin.py:188} INFO - [2024-06-18T11:07:09.868+0545] {dag.py:3954} INFO - Setting next_dagrun for example_subdag_operator.section-2 to None, run_after=None
[2024-06-18T11:07:09.872+0545] {logging_mixin.py:188} INFO - [2024-06-18T11:07:09.872+0545] {dag.py:3096} INFO - Sync 2 DAGs
[2024-06-18T11:07:09.875+0545] {logging_mixin.py:188} INFO - [2024-06-18T11:07:09.875+0545] {dag.py:3954} INFO - Setting next_dagrun for example_subdag_operator.section-1 to None, run_after=None
[2024-06-18T11:07:09.876+0545] {logging_mixin.py:188} INFO - [2024-06-18T11:07:09.875+0545] {dag.py:3954} INFO - Setting next_dagrun for example_subdag_operator.section-2 to None, run_after=None
[2024-06-18T11:07:09.948+0545] {processor.py:183} INFO - Processing /home/manisha/airflow_env/lib/python3.10/site-packages/airflow/example_dags/example_subdag_operator.py took 0.148 seconds
[2024-06-18T11:08:06.441+0545] {processor.py:161} INFO - Started process (PID=4976) to work on /home/manisha/airflow_env/lib/python3.10/site-packages/airflow/example_dags/example_subdag_operator.py
[2024-06-18T11:08:06.443+0545] {processor.py:830} INFO - Processing file /home/manisha/airflow_env/lib/python3.10/site-packages/airflow/example_dags/example_subdag_operator.py for tasks to queue
[2024-06-18T11:08:06.444+0545] {logging_mixin.py:188} INFO - [2024-06-18T11:08:06.444+0545] {dagbag.py:545} INFO - Filling up the DagBag from /home/manisha/airflow_env/lib/python3.10/site-packages/airflow/example_dags/example_subdag_operator.py
[2024-06-18T11:08:06.468+0545] {processor.py:840} INFO - DAG(s) 'example_subdag_operator.section-1', 'example_subdag_operator.section-2', 'example_subdag_operator' retrieved from /home/manisha/airflow_env/lib/python3.10/site-packages/airflow/example_dags/example_subdag_operator.py
[2024-06-18T11:08:06.483+0545] {logging_mixin.py:188} INFO - [2024-06-18T11:08:06.483+0545] {dag.py:3096} INFO - Sync 3 DAGs
[2024-06-18T11:08:06.500+0545] {logging_mixin.py:188} INFO - [2024-06-18T11:08:06.500+0545] {dag.py:3954} INFO - Setting next_dagrun for example_subdag_operator to 2022-01-01 00:00:00+00:00, run_after=2022-01-01 00:00:00+00:00
[2024-06-18T11:08:06.503+0545] {logging_mixin.py:188} INFO - [2024-06-18T11:08:06.503+0545] {dag.py:3954} INFO - Setting next_dagrun for example_subdag_operator.section-1 to None, run_after=None
[2024-06-18T11:08:06.503+0545] {logging_mixin.py:188} INFO - [2024-06-18T11:08:06.503+0545] {dag.py:3954} INFO - Setting next_dagrun for example_subdag_operator.section-2 to None, run_after=None
[2024-06-18T11:08:06.508+0545] {logging_mixin.py:188} INFO - [2024-06-18T11:08:06.508+0545] {dag.py:3096} INFO - Sync 2 DAGs
[2024-06-18T11:08:06.511+0545] {logging_mixin.py:188} INFO - [2024-06-18T11:08:06.511+0545] {dag.py:3954} INFO - Setting next_dagrun for example_subdag_operator.section-1 to None, run_after=None
[2024-06-18T11:08:06.511+0545] {logging_mixin.py:188} INFO - [2024-06-18T11:08:06.511+0545] {dag.py:3954} INFO - Setting next_dagrun for example_subdag_operator.section-2 to None, run_after=None
[2024-06-18T11:08:06.618+0545] {processor.py:183} INFO - Processing /home/manisha/airflow_env/lib/python3.10/site-packages/airflow/example_dags/example_subdag_operator.py took 0.184 seconds
[2024-06-18T11:09:07.721+0545] {processor.py:161} INFO - Started process (PID=5620) to work on /home/manisha/airflow_env/lib/python3.10/site-packages/airflow/example_dags/example_subdag_operator.py
[2024-06-18T11:09:07.864+0545] {processor.py:830} INFO - Processing file /home/manisha/airflow_env/lib/python3.10/site-packages/airflow/example_dags/example_subdag_operator.py for tasks to queue
[2024-06-18T11:09:07.869+0545] {logging_mixin.py:188} INFO - [2024-06-18T11:09:07.868+0545] {dagbag.py:545} INFO - Filling up the DagBag from /home/manisha/airflow_env/lib/python3.10/site-packages/airflow/example_dags/example_subdag_operator.py
[2024-06-18T11:09:07.914+0545] {processor.py:840} INFO - DAG(s) 'example_subdag_operator.section-1', 'example_subdag_operator.section-2', 'example_subdag_operator' retrieved from /home/manisha/airflow_env/lib/python3.10/site-packages/airflow/example_dags/example_subdag_operator.py
[2024-06-18T11:09:07.930+0545] {logging_mixin.py:188} INFO - [2024-06-18T11:09:07.929+0545] {dag.py:3096} INFO - Sync 3 DAGs
[2024-06-18T11:09:07.949+0545] {logging_mixin.py:188} INFO - [2024-06-18T11:09:07.948+0545] {dag.py:3954} INFO - Setting next_dagrun for example_subdag_operator to 2022-01-01 00:00:00+00:00, run_after=2022-01-01 00:00:00+00:00
[2024-06-18T11:09:07.952+0545] {logging_mixin.py:188} INFO - [2024-06-18T11:09:07.952+0545] {dag.py:3954} INFO - Setting next_dagrun for example_subdag_operator.section-1 to None, run_after=None
[2024-06-18T11:09:07.953+0545] {logging_mixin.py:188} INFO - [2024-06-18T11:09:07.953+0545] {dag.py:3954} INFO - Setting next_dagrun for example_subdag_operator.section-2 to None, run_after=None
[2024-06-18T11:09:07.957+0545] {logging_mixin.py:188} INFO - [2024-06-18T11:09:07.957+0545] {dag.py:3096} INFO - Sync 2 DAGs
[2024-06-18T11:09:07.961+0545] {logging_mixin.py:188} INFO - [2024-06-18T11:09:07.961+0545] {dag.py:3954} INFO - Setting next_dagrun for example_subdag_operator.section-1 to None, run_after=None
[2024-06-18T11:09:07.961+0545] {logging_mixin.py:188} INFO - [2024-06-18T11:09:07.961+0545] {dag.py:3954} INFO - Setting next_dagrun for example_subdag_operator.section-2 to None, run_after=None
[2024-06-18T11:09:08.396+0545] {processor.py:183} INFO - Processing /home/manisha/airflow_env/lib/python3.10/site-packages/airflow/example_dags/example_subdag_operator.py took 0.682 seconds
[2024-06-18T11:10:08.092+0545] {processor.py:161} INFO - Started process (PID=5679) to work on /home/manisha/airflow_env/lib/python3.10/site-packages/airflow/example_dags/example_subdag_operator.py
[2024-06-18T11:10:08.126+0545] {processor.py:830} INFO - Processing file /home/manisha/airflow_env/lib/python3.10/site-packages/airflow/example_dags/example_subdag_operator.py for tasks to queue
[2024-06-18T11:10:08.131+0545] {logging_mixin.py:188} INFO - [2024-06-18T11:10:08.130+0545] {dagbag.py:545} INFO - Filling up the DagBag from /home/manisha/airflow_env/lib/python3.10/site-packages/airflow/example_dags/example_subdag_operator.py
[2024-06-18T11:10:08.172+0545] {processor.py:840} INFO - DAG(s) 'example_subdag_operator.section-1', 'example_subdag_operator.section-2', 'example_subdag_operator' retrieved from /home/manisha/airflow_env/lib/python3.10/site-packages/airflow/example_dags/example_subdag_operator.py
[2024-06-18T11:10:08.188+0545] {logging_mixin.py:188} INFO - [2024-06-18T11:10:08.187+0545] {dag.py:3096} INFO - Sync 3 DAGs
[2024-06-18T11:10:08.206+0545] {logging_mixin.py:188} INFO - [2024-06-18T11:10:08.206+0545] {dag.py:3954} INFO - Setting next_dagrun for example_subdag_operator to 2022-01-01 00:00:00+00:00, run_after=2022-01-01 00:00:00+00:00
[2024-06-18T11:10:08.209+0545] {logging_mixin.py:188} INFO - [2024-06-18T11:10:08.209+0545] {dag.py:3954} INFO - Setting next_dagrun for example_subdag_operator.section-1 to None, run_after=None
[2024-06-18T11:10:08.210+0545] {logging_mixin.py:188} INFO - [2024-06-18T11:10:08.210+0545] {dag.py:3954} INFO - Setting next_dagrun for example_subdag_operator.section-2 to None, run_after=None
[2024-06-18T11:10:08.215+0545] {logging_mixin.py:188} INFO - [2024-06-18T11:10:08.215+0545] {dag.py:3096} INFO - Sync 2 DAGs
[2024-06-18T11:10:08.218+0545] {logging_mixin.py:188} INFO - [2024-06-18T11:10:08.218+0545] {dag.py:3954} INFO - Setting next_dagrun for example_subdag_operator.section-1 to None, run_after=None
[2024-06-18T11:10:08.219+0545] {logging_mixin.py:188} INFO - [2024-06-18T11:10:08.219+0545] {dag.py:3954} INFO - Setting next_dagrun for example_subdag_operator.section-2 to None, run_after=None
[2024-06-18T11:10:08.303+0545] {processor.py:183} INFO - Processing /home/manisha/airflow_env/lib/python3.10/site-packages/airflow/example_dags/example_subdag_operator.py took 0.217 seconds
[2024-06-18T11:44:00.294+0545] {processor.py:161} INFO - Started process (PID=8311) to work on /home/manisha/airflow_env/lib/python3.10/site-packages/airflow/example_dags/example_subdag_operator.py
[2024-06-18T11:44:00.329+0545] {processor.py:830} INFO - Processing file /home/manisha/airflow_env/lib/python3.10/site-packages/airflow/example_dags/example_subdag_operator.py for tasks to queue
[2024-06-18T11:44:00.331+0545] {logging_mixin.py:188} INFO - [2024-06-18T11:44:00.331+0545] {dagbag.py:545} INFO - Filling up the DagBag from /home/manisha/airflow_env/lib/python3.10/site-packages/airflow/example_dags/example_subdag_operator.py
[2024-06-18T11:44:00.360+0545] {processor.py:840} INFO - DAG(s) 'example_subdag_operator.section-1', 'example_subdag_operator.section-2', 'example_subdag_operator' retrieved from /home/manisha/airflow_env/lib/python3.10/site-packages/airflow/example_dags/example_subdag_operator.py
[2024-06-18T11:44:00.363+0545] {logging_mixin.py:188} INFO - [2024-06-18T11:44:00.363+0545] {dag.py:3096} INFO - Sync 3 DAGs
[2024-06-18T11:44:00.384+0545] {logging_mixin.py:188} INFO - [2024-06-18T11:44:00.384+0545] {dag.py:3954} INFO - Setting next_dagrun for example_subdag_operator to 2022-01-01 00:00:00+00:00, run_after=2022-01-01 00:00:00+00:00
[2024-06-18T11:44:00.388+0545] {logging_mixin.py:188} INFO - [2024-06-18T11:44:00.388+0545] {dag.py:3954} INFO - Setting next_dagrun for example_subdag_operator.section-1 to None, run_after=None
[2024-06-18T11:44:00.389+0545] {logging_mixin.py:188} INFO - [2024-06-18T11:44:00.389+0545] {dag.py:3954} INFO - Setting next_dagrun for example_subdag_operator.section-2 to None, run_after=None
[2024-06-18T11:44:00.398+0545] {logging_mixin.py:188} INFO - [2024-06-18T11:44:00.397+0545] {dag.py:3096} INFO - Sync 2 DAGs
[2024-06-18T11:44:00.404+0545] {logging_mixin.py:188} INFO - [2024-06-18T11:44:00.403+0545] {dag.py:3954} INFO - Setting next_dagrun for example_subdag_operator.section-1 to None, run_after=None
[2024-06-18T11:44:00.404+0545] {logging_mixin.py:188} INFO - [2024-06-18T11:44:00.404+0545] {dag.py:3954} INFO - Setting next_dagrun for example_subdag_operator.section-2 to None, run_after=None
[2024-06-18T11:44:00.521+0545] {processor.py:183} INFO - Processing /home/manisha/airflow_env/lib/python3.10/site-packages/airflow/example_dags/example_subdag_operator.py took 0.232 seconds
[2024-06-18T11:44:32.936+0545] {processor.py:161} INFO - Started process (PID=8367) to work on /home/manisha/airflow_env/lib/python3.10/site-packages/airflow/example_dags/example_subdag_operator.py
[2024-06-18T11:44:32.946+0545] {processor.py:830} INFO - Processing file /home/manisha/airflow_env/lib/python3.10/site-packages/airflow/example_dags/example_subdag_operator.py for tasks to queue
[2024-06-18T11:44:32.948+0545] {logging_mixin.py:188} INFO - [2024-06-18T11:44:32.947+0545] {dagbag.py:545} INFO - Filling up the DagBag from /home/manisha/airflow_env/lib/python3.10/site-packages/airflow/example_dags/example_subdag_operator.py
[2024-06-18T11:44:32.977+0545] {processor.py:840} INFO - DAG(s) 'example_subdag_operator.section-1', 'example_subdag_operator.section-2', 'example_subdag_operator' retrieved from /home/manisha/airflow_env/lib/python3.10/site-packages/airflow/example_dags/example_subdag_operator.py
[2024-06-18T11:44:33.188+0545] {logging_mixin.py:188} INFO - [2024-06-18T11:44:33.187+0545] {dag.py:3096} INFO - Sync 3 DAGs
[2024-06-18T11:44:33.208+0545] {logging_mixin.py:188} INFO - [2024-06-18T11:44:33.207+0545] {dag.py:3954} INFO - Setting next_dagrun for example_subdag_operator to 2022-01-01 00:00:00+00:00, run_after=2022-01-01 00:00:00+00:00
[2024-06-18T11:44:33.211+0545] {logging_mixin.py:188} INFO - [2024-06-18T11:44:33.210+0545] {dag.py:3954} INFO - Setting next_dagrun for example_subdag_operator.section-1 to None, run_after=None
[2024-06-18T11:44:33.212+0545] {logging_mixin.py:188} INFO - [2024-06-18T11:44:33.212+0545] {dag.py:3954} INFO - Setting next_dagrun for example_subdag_operator.section-2 to None, run_after=None
[2024-06-18T11:44:33.224+0545] {logging_mixin.py:188} INFO - [2024-06-18T11:44:33.224+0545] {dag.py:3096} INFO - Sync 2 DAGs
[2024-06-18T11:44:33.230+0545] {logging_mixin.py:188} INFO - [2024-06-18T11:44:33.229+0545] {dag.py:3954} INFO - Setting next_dagrun for example_subdag_operator.section-1 to None, run_after=None
[2024-06-18T11:44:33.230+0545] {logging_mixin.py:188} INFO - [2024-06-18T11:44:33.230+0545] {dag.py:3954} INFO - Setting next_dagrun for example_subdag_operator.section-2 to None, run_after=None
[2024-06-18T11:44:33.387+0545] {processor.py:183} INFO - Processing /home/manisha/airflow_env/lib/python3.10/site-packages/airflow/example_dags/example_subdag_operator.py took 0.458 seconds
[2024-06-18T11:45:03.801+0545] {processor.py:161} INFO - Started process (PID=8421) to work on /home/manisha/airflow_env/lib/python3.10/site-packages/airflow/example_dags/example_subdag_operator.py
[2024-06-18T11:45:03.811+0545] {processor.py:830} INFO - Processing file /home/manisha/airflow_env/lib/python3.10/site-packages/airflow/example_dags/example_subdag_operator.py for tasks to queue
[2024-06-18T11:45:03.813+0545] {logging_mixin.py:188} INFO - [2024-06-18T11:45:03.813+0545] {dagbag.py:545} INFO - Filling up the DagBag from /home/manisha/airflow_env/lib/python3.10/site-packages/airflow/example_dags/example_subdag_operator.py
[2024-06-18T11:45:03.839+0545] {processor.py:840} INFO - DAG(s) 'example_subdag_operator.section-1', 'example_subdag_operator.section-2', 'example_subdag_operator' retrieved from /home/manisha/airflow_env/lib/python3.10/site-packages/airflow/example_dags/example_subdag_operator.py
[2024-06-18T11:45:03.935+0545] {logging_mixin.py:188} INFO - [2024-06-18T11:45:03.934+0545] {dag.py:3096} INFO - Sync 3 DAGs
[2024-06-18T11:45:03.957+0545] {logging_mixin.py:188} INFO - [2024-06-18T11:45:03.956+0545] {dag.py:3954} INFO - Setting next_dagrun for example_subdag_operator to 2022-01-01 00:00:00+00:00, run_after=2022-01-01 00:00:00+00:00
[2024-06-18T11:45:03.960+0545] {logging_mixin.py:188} INFO - [2024-06-18T11:45:03.960+0545] {dag.py:3954} INFO - Setting next_dagrun for example_subdag_operator.section-1 to None, run_after=None
[2024-06-18T11:45:03.961+0545] {logging_mixin.py:188} INFO - [2024-06-18T11:45:03.961+0545] {dag.py:3954} INFO - Setting next_dagrun for example_subdag_operator.section-2 to None, run_after=None
[2024-06-18T11:45:03.969+0545] {logging_mixin.py:188} INFO - [2024-06-18T11:45:03.968+0545] {dag.py:3096} INFO - Sync 2 DAGs
[2024-06-18T11:45:03.973+0545] {logging_mixin.py:188} INFO - [2024-06-18T11:45:03.973+0545] {dag.py:3954} INFO - Setting next_dagrun for example_subdag_operator.section-1 to None, run_after=None
[2024-06-18T11:45:03.974+0545] {logging_mixin.py:188} INFO - [2024-06-18T11:45:03.974+0545] {dag.py:3954} INFO - Setting next_dagrun for example_subdag_operator.section-2 to None, run_after=None
[2024-06-18T11:45:04.074+0545] {processor.py:183} INFO - Processing /home/manisha/airflow_env/lib/python3.10/site-packages/airflow/example_dags/example_subdag_operator.py took 0.278 seconds
[2024-06-18T11:45:34.314+0545] {processor.py:161} INFO - Started process (PID=8472) to work on /home/manisha/airflow_env/lib/python3.10/site-packages/airflow/example_dags/example_subdag_operator.py
[2024-06-18T11:45:34.314+0545] {processor.py:830} INFO - Processing file /home/manisha/airflow_env/lib/python3.10/site-packages/airflow/example_dags/example_subdag_operator.py for tasks to queue
[2024-06-18T11:45:34.316+0545] {logging_mixin.py:188} INFO - [2024-06-18T11:45:34.315+0545] {dagbag.py:545} INFO - Filling up the DagBag from /home/manisha/airflow_env/lib/python3.10/site-packages/airflow/example_dags/example_subdag_operator.py
[2024-06-18T11:45:34.343+0545] {processor.py:840} INFO - DAG(s) 'example_subdag_operator.section-1', 'example_subdag_operator.section-2', 'example_subdag_operator' retrieved from /home/manisha/airflow_env/lib/python3.10/site-packages/airflow/example_dags/example_subdag_operator.py
[2024-06-18T11:45:34.360+0545] {logging_mixin.py:188} INFO - [2024-06-18T11:45:34.360+0545] {dag.py:3096} INFO - Sync 3 DAGs
[2024-06-18T11:45:34.380+0545] {logging_mixin.py:188} INFO - [2024-06-18T11:45:34.380+0545] {dag.py:3954} INFO - Setting next_dagrun for example_subdag_operator to 2022-01-01 00:00:00+00:00, run_after=2022-01-01 00:00:00+00:00
[2024-06-18T11:45:34.384+0545] {logging_mixin.py:188} INFO - [2024-06-18T11:45:34.383+0545] {dag.py:3954} INFO - Setting next_dagrun for example_subdag_operator.section-1 to None, run_after=None
[2024-06-18T11:45:34.385+0545] {logging_mixin.py:188} INFO - [2024-06-18T11:45:34.385+0545] {dag.py:3954} INFO - Setting next_dagrun for example_subdag_operator.section-2 to None, run_after=None
[2024-06-18T11:45:34.391+0545] {logging_mixin.py:188} INFO - [2024-06-18T11:45:34.391+0545] {dag.py:3096} INFO - Sync 2 DAGs
[2024-06-18T11:45:34.396+0545] {logging_mixin.py:188} INFO - [2024-06-18T11:45:34.396+0545] {dag.py:3954} INFO - Setting next_dagrun for example_subdag_operator.section-1 to None, run_after=None
[2024-06-18T11:45:34.396+0545] {logging_mixin.py:188} INFO - [2024-06-18T11:45:34.396+0545] {dag.py:3954} INFO - Setting next_dagrun for example_subdag_operator.section-2 to None, run_after=None
[2024-06-18T11:45:34.481+0545] {processor.py:183} INFO - Processing /home/manisha/airflow_env/lib/python3.10/site-packages/airflow/example_dags/example_subdag_operator.py took 0.173 seconds
[2024-06-18T11:46:04.618+0545] {processor.py:161} INFO - Started process (PID=8525) to work on /home/manisha/airflow_env/lib/python3.10/site-packages/airflow/example_dags/example_subdag_operator.py
[2024-06-18T11:46:04.620+0545] {processor.py:830} INFO - Processing file /home/manisha/airflow_env/lib/python3.10/site-packages/airflow/example_dags/example_subdag_operator.py for tasks to queue
[2024-06-18T11:46:04.621+0545] {logging_mixin.py:188} INFO - [2024-06-18T11:46:04.621+0545] {dagbag.py:545} INFO - Filling up the DagBag from /home/manisha/airflow_env/lib/python3.10/site-packages/airflow/example_dags/example_subdag_operator.py
[2024-06-18T11:46:04.651+0545] {processor.py:840} INFO - DAG(s) 'example_subdag_operator.section-1', 'example_subdag_operator.section-2', 'example_subdag_operator' retrieved from /home/manisha/airflow_env/lib/python3.10/site-packages/airflow/example_dags/example_subdag_operator.py
[2024-06-18T11:46:04.666+0545] {logging_mixin.py:188} INFO - [2024-06-18T11:46:04.666+0545] {dag.py:3096} INFO - Sync 3 DAGs
[2024-06-18T11:46:04.685+0545] {logging_mixin.py:188} INFO - [2024-06-18T11:46:04.685+0545] {dag.py:3954} INFO - Setting next_dagrun for example_subdag_operator to 2022-01-01 00:00:00+00:00, run_after=2022-01-01 00:00:00+00:00
[2024-06-18T11:46:04.689+0545] {logging_mixin.py:188} INFO - [2024-06-18T11:46:04.689+0545] {dag.py:3954} INFO - Setting next_dagrun for example_subdag_operator.section-1 to None, run_after=None
[2024-06-18T11:46:04.690+0545] {logging_mixin.py:188} INFO - [2024-06-18T11:46:04.690+0545] {dag.py:3954} INFO - Setting next_dagrun for example_subdag_operator.section-2 to None, run_after=None
[2024-06-18T11:46:04.696+0545] {logging_mixin.py:188} INFO - [2024-06-18T11:46:04.696+0545] {dag.py:3096} INFO - Sync 2 DAGs
[2024-06-18T11:46:04.700+0545] {logging_mixin.py:188} INFO - [2024-06-18T11:46:04.700+0545] {dag.py:3954} INFO - Setting next_dagrun for example_subdag_operator.section-1 to None, run_after=None
[2024-06-18T11:46:04.700+0545] {logging_mixin.py:188} INFO - [2024-06-18T11:46:04.700+0545] {dag.py:3954} INFO - Setting next_dagrun for example_subdag_operator.section-2 to None, run_after=None
[2024-06-18T11:46:04.811+0545] {processor.py:183} INFO - Processing /home/manisha/airflow_env/lib/python3.10/site-packages/airflow/example_dags/example_subdag_operator.py took 0.200 seconds
[2024-06-18T11:46:35.557+0545] {processor.py:161} INFO - Started process (PID=8576) to work on /home/manisha/airflow_env/lib/python3.10/site-packages/airflow/example_dags/example_subdag_operator.py
[2024-06-18T11:46:35.558+0545] {processor.py:830} INFO - Processing file /home/manisha/airflow_env/lib/python3.10/site-packages/airflow/example_dags/example_subdag_operator.py for tasks to queue
[2024-06-18T11:46:35.559+0545] {logging_mixin.py:188} INFO - [2024-06-18T11:46:35.559+0545] {dagbag.py:545} INFO - Filling up the DagBag from /home/manisha/airflow_env/lib/python3.10/site-packages/airflow/example_dags/example_subdag_operator.py
[2024-06-18T11:46:35.586+0545] {processor.py:840} INFO - DAG(s) 'example_subdag_operator.section-1', 'example_subdag_operator.section-2', 'example_subdag_operator' retrieved from /home/manisha/airflow_env/lib/python3.10/site-packages/airflow/example_dags/example_subdag_operator.py
[2024-06-18T11:46:35.601+0545] {logging_mixin.py:188} INFO - [2024-06-18T11:46:35.601+0545] {dag.py:3096} INFO - Sync 3 DAGs
[2024-06-18T11:46:35.623+0545] {logging_mixin.py:188} INFO - [2024-06-18T11:46:35.623+0545] {dag.py:3954} INFO - Setting next_dagrun for example_subdag_operator to 2022-01-01 00:00:00+00:00, run_after=2022-01-01 00:00:00+00:00
[2024-06-18T11:46:35.628+0545] {logging_mixin.py:188} INFO - [2024-06-18T11:46:35.628+0545] {dag.py:3954} INFO - Setting next_dagrun for example_subdag_operator.section-1 to None, run_after=None
[2024-06-18T11:46:35.630+0545] {logging_mixin.py:188} INFO - [2024-06-18T11:46:35.630+0545] {dag.py:3954} INFO - Setting next_dagrun for example_subdag_operator.section-2 to None, run_after=None
[2024-06-18T11:46:35.640+0545] {logging_mixin.py:188} INFO - [2024-06-18T11:46:35.640+0545] {dag.py:3096} INFO - Sync 2 DAGs
[2024-06-18T11:46:35.647+0545] {logging_mixin.py:188} INFO - [2024-06-18T11:46:35.647+0545] {dag.py:3954} INFO - Setting next_dagrun for example_subdag_operator.section-1 to None, run_after=None
[2024-06-18T11:46:35.648+0545] {logging_mixin.py:188} INFO - [2024-06-18T11:46:35.648+0545] {dag.py:3954} INFO - Setting next_dagrun for example_subdag_operator.section-2 to None, run_after=None
[2024-06-18T11:46:35.770+0545] {processor.py:183} INFO - Processing /home/manisha/airflow_env/lib/python3.10/site-packages/airflow/example_dags/example_subdag_operator.py took 0.219 seconds
[2024-06-18T11:47:06.028+0545] {processor.py:161} INFO - Started process (PID=8627) to work on /home/manisha/airflow_env/lib/python3.10/site-packages/airflow/example_dags/example_subdag_operator.py
[2024-06-18T11:47:06.035+0545] {processor.py:830} INFO - Processing file /home/manisha/airflow_env/lib/python3.10/site-packages/airflow/example_dags/example_subdag_operator.py for tasks to queue
[2024-06-18T11:47:06.036+0545] {logging_mixin.py:188} INFO - [2024-06-18T11:47:06.036+0545] {dagbag.py:545} INFO - Filling up the DagBag from /home/manisha/airflow_env/lib/python3.10/site-packages/airflow/example_dags/example_subdag_operator.py
[2024-06-18T11:47:06.062+0545] {processor.py:840} INFO - DAG(s) 'example_subdag_operator.section-1', 'example_subdag_operator.section-2', 'example_subdag_operator' retrieved from /home/manisha/airflow_env/lib/python3.10/site-packages/airflow/example_dags/example_subdag_operator.py
[2024-06-18T11:47:06.078+0545] {logging_mixin.py:188} INFO - [2024-06-18T11:47:06.078+0545] {dag.py:3096} INFO - Sync 3 DAGs
[2024-06-18T11:47:06.099+0545] {logging_mixin.py:188} INFO - [2024-06-18T11:47:06.098+0545] {dag.py:3954} INFO - Setting next_dagrun for example_subdag_operator to 2022-01-01 00:00:00+00:00, run_after=2022-01-01 00:00:00+00:00
[2024-06-18T11:47:06.102+0545] {logging_mixin.py:188} INFO - [2024-06-18T11:47:06.102+0545] {dag.py:3954} INFO - Setting next_dagrun for example_subdag_operator.section-1 to None, run_after=None
[2024-06-18T11:47:06.103+0545] {logging_mixin.py:188} INFO - [2024-06-18T11:47:06.103+0545] {dag.py:3954} INFO - Setting next_dagrun for example_subdag_operator.section-2 to None, run_after=None
[2024-06-18T11:47:06.110+0545] {logging_mixin.py:188} INFO - [2024-06-18T11:47:06.110+0545] {dag.py:3096} INFO - Sync 2 DAGs
[2024-06-18T11:47:06.115+0545] {logging_mixin.py:188} INFO - [2024-06-18T11:47:06.114+0545] {dag.py:3954} INFO - Setting next_dagrun for example_subdag_operator.section-1 to None, run_after=None
[2024-06-18T11:47:06.115+0545] {logging_mixin.py:188} INFO - [2024-06-18T11:47:06.115+0545] {dag.py:3954} INFO - Setting next_dagrun for example_subdag_operator.section-2 to None, run_after=None
[2024-06-18T11:47:06.213+0545] {processor.py:183} INFO - Processing /home/manisha/airflow_env/lib/python3.10/site-packages/airflow/example_dags/example_subdag_operator.py took 0.192 seconds
[2024-06-18T11:47:36.403+0545] {processor.py:161} INFO - Started process (PID=8678) to work on /home/manisha/airflow_env/lib/python3.10/site-packages/airflow/example_dags/example_subdag_operator.py
[2024-06-18T11:47:36.404+0545] {processor.py:830} INFO - Processing file /home/manisha/airflow_env/lib/python3.10/site-packages/airflow/example_dags/example_subdag_operator.py for tasks to queue
[2024-06-18T11:47:36.406+0545] {logging_mixin.py:188} INFO - [2024-06-18T11:47:36.405+0545] {dagbag.py:545} INFO - Filling up the DagBag from /home/manisha/airflow_env/lib/python3.10/site-packages/airflow/example_dags/example_subdag_operator.py
[2024-06-18T11:47:36.431+0545] {processor.py:840} INFO - DAG(s) 'example_subdag_operator.section-1', 'example_subdag_operator.section-2', 'example_subdag_operator' retrieved from /home/manisha/airflow_env/lib/python3.10/site-packages/airflow/example_dags/example_subdag_operator.py
[2024-06-18T11:47:36.447+0545] {logging_mixin.py:188} INFO - [2024-06-18T11:47:36.447+0545] {dag.py:3096} INFO - Sync 3 DAGs
[2024-06-18T11:47:36.466+0545] {logging_mixin.py:188} INFO - [2024-06-18T11:47:36.465+0545] {dag.py:3954} INFO - Setting next_dagrun for example_subdag_operator to 2022-01-01 00:00:00+00:00, run_after=2022-01-01 00:00:00+00:00
[2024-06-18T11:47:36.470+0545] {logging_mixin.py:188} INFO - [2024-06-18T11:47:36.470+0545] {dag.py:3954} INFO - Setting next_dagrun for example_subdag_operator.section-1 to None, run_after=None
[2024-06-18T11:47:36.471+0545] {logging_mixin.py:188} INFO - [2024-06-18T11:47:36.471+0545] {dag.py:3954} INFO - Setting next_dagrun for example_subdag_operator.section-2 to None, run_after=None
[2024-06-18T11:47:36.477+0545] {logging_mixin.py:188} INFO - [2024-06-18T11:47:36.477+0545] {dag.py:3096} INFO - Sync 2 DAGs
[2024-06-18T11:47:36.482+0545] {logging_mixin.py:188} INFO - [2024-06-18T11:47:36.482+0545] {dag.py:3954} INFO - Setting next_dagrun for example_subdag_operator.section-1 to None, run_after=None
[2024-06-18T11:47:36.482+0545] {logging_mixin.py:188} INFO - [2024-06-18T11:47:36.482+0545] {dag.py:3954} INFO - Setting next_dagrun for example_subdag_operator.section-2 to None, run_after=None
[2024-06-18T11:47:36.568+0545] {processor.py:183} INFO - Processing /home/manisha/airflow_env/lib/python3.10/site-packages/airflow/example_dags/example_subdag_operator.py took 0.171 seconds
[2024-06-18T11:48:30.703+0545] {processor.py:161} INFO - Started process (PID=8760) to work on /home/manisha/airflow_env/lib/python3.10/site-packages/airflow/example_dags/example_subdag_operator.py
[2024-06-18T11:48:30.727+0545] {processor.py:830} INFO - Processing file /home/manisha/airflow_env/lib/python3.10/site-packages/airflow/example_dags/example_subdag_operator.py for tasks to queue
[2024-06-18T11:48:30.729+0545] {logging_mixin.py:188} INFO - [2024-06-18T11:48:30.728+0545] {dagbag.py:545} INFO - Filling up the DagBag from /home/manisha/airflow_env/lib/python3.10/site-packages/airflow/example_dags/example_subdag_operator.py
[2024-06-18T11:48:30.755+0545] {processor.py:840} INFO - DAG(s) 'example_subdag_operator.section-1', 'example_subdag_operator.section-2', 'example_subdag_operator' retrieved from /home/manisha/airflow_env/lib/python3.10/site-packages/airflow/example_dags/example_subdag_operator.py
[2024-06-18T11:48:30.758+0545] {logging_mixin.py:188} INFO - [2024-06-18T11:48:30.758+0545] {dag.py:3096} INFO - Sync 3 DAGs
[2024-06-18T11:48:30.780+0545] {logging_mixin.py:188} INFO - [2024-06-18T11:48:30.779+0545] {dag.py:3954} INFO - Setting next_dagrun for example_subdag_operator to 2022-01-01 00:00:00+00:00, run_after=2022-01-01 00:00:00+00:00
[2024-06-18T11:48:30.789+0545] {logging_mixin.py:188} INFO - [2024-06-18T11:48:30.789+0545] {dag.py:3954} INFO - Setting next_dagrun for example_subdag_operator.section-1 to None, run_after=None
[2024-06-18T11:48:30.791+0545] {logging_mixin.py:188} INFO - [2024-06-18T11:48:30.791+0545] {dag.py:3954} INFO - Setting next_dagrun for example_subdag_operator.section-2 to None, run_after=None
[2024-06-18T11:48:30.802+0545] {logging_mixin.py:188} INFO - [2024-06-18T11:48:30.802+0545] {dag.py:3096} INFO - Sync 2 DAGs
[2024-06-18T11:48:30.809+0545] {logging_mixin.py:188} INFO - [2024-06-18T11:48:30.809+0545] {dag.py:3954} INFO - Setting next_dagrun for example_subdag_operator.section-1 to None, run_after=None
[2024-06-18T11:48:30.810+0545] {logging_mixin.py:188} INFO - [2024-06-18T11:48:30.810+0545] {dag.py:3954} INFO - Setting next_dagrun for example_subdag_operator.section-2 to None, run_after=None
[2024-06-18T11:48:30.887+0545] {processor.py:183} INFO - Processing /home/manisha/airflow_env/lib/python3.10/site-packages/airflow/example_dags/example_subdag_operator.py took 0.189 seconds
[2024-06-18T11:49:03.913+0545] {processor.py:161} INFO - Started process (PID=8869) to work on /home/manisha/airflow_env/lib/python3.10/site-packages/airflow/example_dags/example_subdag_operator.py
[2024-06-18T11:49:03.917+0545] {processor.py:830} INFO - Processing file /home/manisha/airflow_env/lib/python3.10/site-packages/airflow/example_dags/example_subdag_operator.py for tasks to queue
[2024-06-18T11:49:03.920+0545] {logging_mixin.py:188} INFO - [2024-06-18T11:49:03.919+0545] {dagbag.py:545} INFO - Filling up the DagBag from /home/manisha/airflow_env/lib/python3.10/site-packages/airflow/example_dags/example_subdag_operator.py
[2024-06-18T11:49:04.010+0545] {processor.py:840} INFO - DAG(s) 'example_subdag_operator.section-1', 'example_subdag_operator.section-2', 'example_subdag_operator' retrieved from /home/manisha/airflow_env/lib/python3.10/site-packages/airflow/example_dags/example_subdag_operator.py
[2024-06-18T11:49:04.394+0545] {logging_mixin.py:188} INFO - [2024-06-18T11:49:04.394+0545] {dag.py:3096} INFO - Sync 3 DAGs
[2024-06-18T11:49:04.430+0545] {logging_mixin.py:188} INFO - [2024-06-18T11:49:04.430+0545] {dag.py:3954} INFO - Setting next_dagrun for example_subdag_operator to 2022-01-01 00:00:00+00:00, run_after=2022-01-01 00:00:00+00:00
[2024-06-18T11:49:04.437+0545] {logging_mixin.py:188} INFO - [2024-06-18T11:49:04.435+0545] {dag.py:3954} INFO - Setting next_dagrun for example_subdag_operator.section-1 to None, run_after=None
[2024-06-18T11:49:04.441+0545] {logging_mixin.py:188} INFO - [2024-06-18T11:49:04.441+0545] {dag.py:3954} INFO - Setting next_dagrun for example_subdag_operator.section-2 to None, run_after=None
[2024-06-18T11:49:04.460+0545] {logging_mixin.py:188} INFO - [2024-06-18T11:49:04.459+0545] {dag.py:3096} INFO - Sync 2 DAGs
[2024-06-18T11:49:04.474+0545] {logging_mixin.py:188} INFO - [2024-06-18T11:49:04.474+0545] {dag.py:3954} INFO - Setting next_dagrun for example_subdag_operator.section-1 to None, run_after=None
[2024-06-18T11:49:04.475+0545] {logging_mixin.py:188} INFO - [2024-06-18T11:49:04.475+0545] {dag.py:3954} INFO - Setting next_dagrun for example_subdag_operator.section-2 to None, run_after=None
[2024-06-18T11:49:04.552+0545] {processor.py:183} INFO - Processing /home/manisha/airflow_env/lib/python3.10/site-packages/airflow/example_dags/example_subdag_operator.py took 0.645 seconds
[2024-06-18T11:49:34.820+0545] {processor.py:161} INFO - Started process (PID=8939) to work on /home/manisha/airflow_env/lib/python3.10/site-packages/airflow/example_dags/example_subdag_operator.py
[2024-06-18T11:49:34.836+0545] {processor.py:830} INFO - Processing file /home/manisha/airflow_env/lib/python3.10/site-packages/airflow/example_dags/example_subdag_operator.py for tasks to queue
[2024-06-18T11:49:34.838+0545] {logging_mixin.py:188} INFO - [2024-06-18T11:49:34.837+0545] {dagbag.py:545} INFO - Filling up the DagBag from /home/manisha/airflow_env/lib/python3.10/site-packages/airflow/example_dags/example_subdag_operator.py
[2024-06-18T11:49:34.868+0545] {processor.py:840} INFO - DAG(s) 'example_subdag_operator.section-1', 'example_subdag_operator.section-2', 'example_subdag_operator' retrieved from /home/manisha/airflow_env/lib/python3.10/site-packages/airflow/example_dags/example_subdag_operator.py
[2024-06-18T11:49:34.987+0545] {logging_mixin.py:188} INFO - [2024-06-18T11:49:34.987+0545] {dag.py:3096} INFO - Sync 3 DAGs
[2024-06-18T11:49:35.010+0545] {logging_mixin.py:188} INFO - [2024-06-18T11:49:35.010+0545] {dag.py:3954} INFO - Setting next_dagrun for example_subdag_operator to 2022-01-01 00:00:00+00:00, run_after=2022-01-01 00:00:00+00:00
[2024-06-18T11:49:35.014+0545] {logging_mixin.py:188} INFO - [2024-06-18T11:49:35.014+0545] {dag.py:3954} INFO - Setting next_dagrun for example_subdag_operator.section-1 to None, run_after=None
[2024-06-18T11:49:35.016+0545] {logging_mixin.py:188} INFO - [2024-06-18T11:49:35.016+0545] {dag.py:3954} INFO - Setting next_dagrun for example_subdag_operator.section-2 to None, run_after=None
[2024-06-18T11:49:35.023+0545] {logging_mixin.py:188} INFO - [2024-06-18T11:49:35.023+0545] {dag.py:3096} INFO - Sync 2 DAGs
[2024-06-18T11:49:35.028+0545] {logging_mixin.py:188} INFO - [2024-06-18T11:49:35.028+0545] {dag.py:3954} INFO - Setting next_dagrun for example_subdag_operator.section-1 to None, run_after=None
[2024-06-18T11:49:35.028+0545] {logging_mixin.py:188} INFO - [2024-06-18T11:49:35.028+0545] {dag.py:3954} INFO - Setting next_dagrun for example_subdag_operator.section-2 to None, run_after=None
[2024-06-18T11:49:35.195+0545] {processor.py:183} INFO - Processing /home/manisha/airflow_env/lib/python3.10/site-packages/airflow/example_dags/example_subdag_operator.py took 0.382 seconds
[2024-06-18T11:50:05.448+0545] {processor.py:161} INFO - Started process (PID=8995) to work on /home/manisha/airflow_env/lib/python3.10/site-packages/airflow/example_dags/example_subdag_operator.py
[2024-06-18T11:50:05.449+0545] {processor.py:830} INFO - Processing file /home/manisha/airflow_env/lib/python3.10/site-packages/airflow/example_dags/example_subdag_operator.py for tasks to queue
[2024-06-18T11:50:05.450+0545] {logging_mixin.py:188} INFO - [2024-06-18T11:50:05.450+0545] {dagbag.py:545} INFO - Filling up the DagBag from /home/manisha/airflow_env/lib/python3.10/site-packages/airflow/example_dags/example_subdag_operator.py
[2024-06-18T11:50:05.476+0545] {processor.py:840} INFO - DAG(s) 'example_subdag_operator.section-1', 'example_subdag_operator.section-2', 'example_subdag_operator' retrieved from /home/manisha/airflow_env/lib/python3.10/site-packages/airflow/example_dags/example_subdag_operator.py
[2024-06-18T11:50:05.492+0545] {logging_mixin.py:188} INFO - [2024-06-18T11:50:05.492+0545] {dag.py:3096} INFO - Sync 3 DAGs
[2024-06-18T11:50:05.512+0545] {logging_mixin.py:188} INFO - [2024-06-18T11:50:05.512+0545] {dag.py:3954} INFO - Setting next_dagrun for example_subdag_operator to 2022-01-01 00:00:00+00:00, run_after=2022-01-01 00:00:00+00:00
[2024-06-18T11:50:05.515+0545] {logging_mixin.py:188} INFO - [2024-06-18T11:50:05.515+0545] {dag.py:3954} INFO - Setting next_dagrun for example_subdag_operator.section-1 to None, run_after=None
[2024-06-18T11:50:05.517+0545] {logging_mixin.py:188} INFO - [2024-06-18T11:50:05.517+0545] {dag.py:3954} INFO - Setting next_dagrun for example_subdag_operator.section-2 to None, run_after=None
[2024-06-18T11:50:05.523+0545] {logging_mixin.py:188} INFO - [2024-06-18T11:50:05.523+0545] {dag.py:3096} INFO - Sync 2 DAGs
[2024-06-18T11:50:05.529+0545] {logging_mixin.py:188} INFO - [2024-06-18T11:50:05.529+0545] {dag.py:3954} INFO - Setting next_dagrun for example_subdag_operator.section-1 to None, run_after=None
[2024-06-18T11:50:05.530+0545] {logging_mixin.py:188} INFO - [2024-06-18T11:50:05.530+0545] {dag.py:3954} INFO - Setting next_dagrun for example_subdag_operator.section-2 to None, run_after=None
[2024-06-18T11:50:05.856+0545] {processor.py:183} INFO - Processing /home/manisha/airflow_env/lib/python3.10/site-packages/airflow/example_dags/example_subdag_operator.py took 0.415 seconds
[2024-06-18T11:50:36.102+0545] {processor.py:161} INFO - Started process (PID=9054) to work on /home/manisha/airflow_env/lib/python3.10/site-packages/airflow/example_dags/example_subdag_operator.py
[2024-06-18T11:50:36.135+0545] {processor.py:830} INFO - Processing file /home/manisha/airflow_env/lib/python3.10/site-packages/airflow/example_dags/example_subdag_operator.py for tasks to queue
[2024-06-18T11:50:36.138+0545] {logging_mixin.py:188} INFO - [2024-06-18T11:50:36.137+0545] {dagbag.py:545} INFO - Filling up the DagBag from /home/manisha/airflow_env/lib/python3.10/site-packages/airflow/example_dags/example_subdag_operator.py
[2024-06-18T11:50:36.177+0545] {processor.py:840} INFO - DAG(s) 'example_subdag_operator.section-1', 'example_subdag_operator.section-2', 'example_subdag_operator' retrieved from /home/manisha/airflow_env/lib/python3.10/site-packages/airflow/example_dags/example_subdag_operator.py
[2024-06-18T11:50:36.192+0545] {logging_mixin.py:188} INFO - [2024-06-18T11:50:36.192+0545] {dag.py:3096} INFO - Sync 3 DAGs
[2024-06-18T11:50:36.213+0545] {logging_mixin.py:188} INFO - [2024-06-18T11:50:36.213+0545] {dag.py:3954} INFO - Setting next_dagrun for example_subdag_operator to 2022-01-01 00:00:00+00:00, run_after=2022-01-01 00:00:00+00:00
[2024-06-18T11:50:36.216+0545] {logging_mixin.py:188} INFO - [2024-06-18T11:50:36.216+0545] {dag.py:3954} INFO - Setting next_dagrun for example_subdag_operator.section-1 to None, run_after=None
[2024-06-18T11:50:36.218+0545] {logging_mixin.py:188} INFO - [2024-06-18T11:50:36.217+0545] {dag.py:3954} INFO - Setting next_dagrun for example_subdag_operator.section-2 to None, run_after=None
[2024-06-18T11:50:36.224+0545] {logging_mixin.py:188} INFO - [2024-06-18T11:50:36.224+0545] {dag.py:3096} INFO - Sync 2 DAGs
[2024-06-18T11:50:36.228+0545] {logging_mixin.py:188} INFO - [2024-06-18T11:50:36.228+0545] {dag.py:3954} INFO - Setting next_dagrun for example_subdag_operator.section-1 to None, run_after=None
[2024-06-18T11:50:36.229+0545] {logging_mixin.py:188} INFO - [2024-06-18T11:50:36.228+0545] {dag.py:3954} INFO - Setting next_dagrun for example_subdag_operator.section-2 to None, run_after=None
[2024-06-18T11:50:36.559+0545] {processor.py:183} INFO - Processing /home/manisha/airflow_env/lib/python3.10/site-packages/airflow/example_dags/example_subdag_operator.py took 0.464 seconds
[2024-06-18T11:50:58.118+0545] {processor.py:161} INFO - Started process (PID=9336) to work on /home/manisha/airflow_env/lib/python3.10/site-packages/airflow/example_dags/example_subdag_operator.py
[2024-06-18T11:50:58.119+0545] {processor.py:830} INFO - Processing file /home/manisha/airflow_env/lib/python3.10/site-packages/airflow/example_dags/example_subdag_operator.py for tasks to queue
[2024-06-18T11:50:58.121+0545] {logging_mixin.py:188} INFO - [2024-06-18T11:50:58.121+0545] {dagbag.py:545} INFO - Filling up the DagBag from /home/manisha/airflow_env/lib/python3.10/site-packages/airflow/example_dags/example_subdag_operator.py
[2024-06-18T11:50:58.157+0545] {processor.py:840} INFO - DAG(s) 'example_subdag_operator.section-1', 'example_subdag_operator.section-2', 'example_subdag_operator' retrieved from /home/manisha/airflow_env/lib/python3.10/site-packages/airflow/example_dags/example_subdag_operator.py
[2024-06-18T11:50:58.160+0545] {logging_mixin.py:188} INFO - [2024-06-18T11:50:58.160+0545] {dag.py:3096} INFO - Sync 3 DAGs
[2024-06-18T11:50:58.185+0545] {logging_mixin.py:188} INFO - [2024-06-18T11:50:58.185+0545] {dag.py:3954} INFO - Setting next_dagrun for example_subdag_operator to 2022-01-01 00:00:00+00:00, run_after=2022-01-01 00:00:00+00:00
[2024-06-18T11:50:58.189+0545] {logging_mixin.py:188} INFO - [2024-06-18T11:50:58.189+0545] {dag.py:3954} INFO - Setting next_dagrun for example_subdag_operator.section-1 to None, run_after=None
[2024-06-18T11:50:58.191+0545] {logging_mixin.py:188} INFO - [2024-06-18T11:50:58.190+0545] {dag.py:3954} INFO - Setting next_dagrun for example_subdag_operator.section-2 to None, run_after=None
[2024-06-18T11:50:58.199+0545] {logging_mixin.py:188} INFO - [2024-06-18T11:50:58.198+0545] {dag.py:3096} INFO - Sync 2 DAGs
[2024-06-18T11:50:58.204+0545] {logging_mixin.py:188} INFO - [2024-06-18T11:50:58.203+0545] {dag.py:3954} INFO - Setting next_dagrun for example_subdag_operator.section-1 to None, run_after=None
[2024-06-18T11:50:58.204+0545] {logging_mixin.py:188} INFO - [2024-06-18T11:50:58.204+0545] {dag.py:3954} INFO - Setting next_dagrun for example_subdag_operator.section-2 to None, run_after=None
[2024-06-18T11:50:58.413+0545] {processor.py:183} INFO - Processing /home/manisha/airflow_env/lib/python3.10/site-packages/airflow/example_dags/example_subdag_operator.py took 0.307 seconds
[2024-06-18T11:51:30.626+0545] {processor.py:161} INFO - Started process (PID=9609) to work on /home/manisha/airflow_env/lib/python3.10/site-packages/airflow/example_dags/example_subdag_operator.py
[2024-06-18T11:51:30.657+0545] {processor.py:830} INFO - Processing file /home/manisha/airflow_env/lib/python3.10/site-packages/airflow/example_dags/example_subdag_operator.py for tasks to queue
[2024-06-18T11:51:30.659+0545] {logging_mixin.py:188} INFO - [2024-06-18T11:51:30.659+0545] {dagbag.py:545} INFO - Filling up the DagBag from /home/manisha/airflow_env/lib/python3.10/site-packages/airflow/example_dags/example_subdag_operator.py
[2024-06-18T11:51:30.691+0545] {processor.py:840} INFO - DAG(s) 'example_subdag_operator.section-1', 'example_subdag_operator.section-2', 'example_subdag_operator' retrieved from /home/manisha/airflow_env/lib/python3.10/site-packages/airflow/example_dags/example_subdag_operator.py
[2024-06-18T11:51:30.889+0545] {logging_mixin.py:188} INFO - [2024-06-18T11:51:30.889+0545] {dag.py:3096} INFO - Sync 3 DAGs
[2024-06-18T11:51:30.906+0545] {logging_mixin.py:188} INFO - [2024-06-18T11:51:30.906+0545] {dag.py:3954} INFO - Setting next_dagrun for example_subdag_operator to 2022-01-01 00:00:00+00:00, run_after=2022-01-01 00:00:00+00:00
[2024-06-18T11:51:30.910+0545] {logging_mixin.py:188} INFO - [2024-06-18T11:51:30.910+0545] {dag.py:3954} INFO - Setting next_dagrun for example_subdag_operator.section-1 to None, run_after=None
[2024-06-18T11:51:30.911+0545] {logging_mixin.py:188} INFO - [2024-06-18T11:51:30.911+0545] {dag.py:3954} INFO - Setting next_dagrun for example_subdag_operator.section-2 to None, run_after=None
[2024-06-18T11:51:30.919+0545] {logging_mixin.py:188} INFO - [2024-06-18T11:51:30.919+0545] {dag.py:3096} INFO - Sync 2 DAGs
[2024-06-18T11:51:30.924+0545] {logging_mixin.py:188} INFO - [2024-06-18T11:51:30.924+0545] {dag.py:3954} INFO - Setting next_dagrun for example_subdag_operator.section-1 to None, run_after=None
[2024-06-18T11:51:30.925+0545] {logging_mixin.py:188} INFO - [2024-06-18T11:51:30.924+0545] {dag.py:3954} INFO - Setting next_dagrun for example_subdag_operator.section-2 to None, run_after=None
[2024-06-18T11:51:31.196+0545] {processor.py:183} INFO - Processing /home/manisha/airflow_env/lib/python3.10/site-packages/airflow/example_dags/example_subdag_operator.py took 0.576 seconds
