[2024-06-18T10:57:21.604+0545] {processor.py:161} INFO - Started process (PID=4048) to work on /home/manisha/airflow_env/lib/python3.10/site-packages/airflow/example_dags/example_display_name.py
[2024-06-18T10:57:21.605+0545] {processor.py:830} INFO - Processing file /home/manisha/airflow_env/lib/python3.10/site-packages/airflow/example_dags/example_display_name.py for tasks to queue
[2024-06-18T10:57:21.608+0545] {logging_mixin.py:188} INFO - [2024-06-18T10:57:21.608+0545] {dagbag.py:545} INFO - Filling up the DagBag from /home/manisha/airflow_env/lib/python3.10/site-packages/airflow/example_dags/example_display_name.py
[2024-06-18T10:57:21.614+0545] {processor.py:840} INFO - DAG(s) 'example_display_name' retrieved from /home/manisha/airflow_env/lib/python3.10/site-packages/airflow/example_dags/example_display_name.py
[2024-06-18T10:57:21.881+0545] {logging_mixin.py:188} INFO - [2024-06-18T10:57:21.879+0545] {override.py:1829} INFO - Created Permission View: can edit on DAG:example_display_name
[2024-06-18T10:57:21.959+0545] {logging_mixin.py:188} INFO - [2024-06-18T10:57:21.957+0545] {override.py:1829} INFO - Created Permission View: can read on DAG:example_display_name
[2024-06-18T10:57:22.027+0545] {logging_mixin.py:188} INFO - [2024-06-18T10:57:22.025+0545] {override.py:1829} INFO - Created Permission View: can delete on DAG:example_display_name
[2024-06-18T10:57:22.029+0545] {logging_mixin.py:188} INFO - [2024-06-18T10:57:22.028+0545] {dag.py:3096} INFO - Sync 1 DAGs
[2024-06-18T10:57:22.062+0545] {logging_mixin.py:188} INFO - [2024-06-18T10:57:22.062+0545] {dag.py:3118} INFO - Creating ORM DAG for example_display_name
[2024-06-18T10:57:22.063+0545] {logging_mixin.py:188} INFO - [2024-06-18T10:57:22.063+0545] {dag.py:3954} INFO - Setting next_dagrun for example_display_name to None, run_after=None
[2024-06-18T10:57:22.144+0545] {processor.py:183} INFO - Processing /home/manisha/airflow_env/lib/python3.10/site-packages/airflow/example_dags/example_display_name.py took 0.547 seconds
[2024-06-18T10:58:35.807+0545] {processor.py:161} INFO - Started process (PID=4164) to work on /home/manisha/airflow_env/lib/python3.10/site-packages/airflow/example_dags/example_display_name.py
[2024-06-18T10:58:35.877+0545] {processor.py:830} INFO - Processing file /home/manisha/airflow_env/lib/python3.10/site-packages/airflow/example_dags/example_display_name.py for tasks to queue
[2024-06-18T10:58:35.883+0545] {logging_mixin.py:188} INFO - [2024-06-18T10:58:35.881+0545] {dagbag.py:545} INFO - Filling up the DagBag from /home/manisha/airflow_env/lib/python3.10/site-packages/airflow/example_dags/example_display_name.py
[2024-06-18T10:58:35.902+0545] {processor.py:840} INFO - DAG(s) 'example_display_name' retrieved from /home/manisha/airflow_env/lib/python3.10/site-packages/airflow/example_dags/example_display_name.py
[2024-06-18T10:58:35.928+0545] {logging_mixin.py:188} INFO - [2024-06-18T10:58:35.928+0545] {dag.py:3096} INFO - Sync 1 DAGs
[2024-06-18T10:58:35.940+0545] {logging_mixin.py:188} INFO - [2024-06-18T10:58:35.940+0545] {dag.py:3954} INFO - Setting next_dagrun for example_display_name to None, run_after=None
[2024-06-18T10:58:36.163+0545] {processor.py:183} INFO - Processing /home/manisha/airflow_env/lib/python3.10/site-packages/airflow/example_dags/example_display_name.py took 0.362 seconds
[2024-06-18T10:59:38.961+0545] {processor.py:161} INFO - Started process (PID=4217) to work on /home/manisha/airflow_env/lib/python3.10/site-packages/airflow/example_dags/example_display_name.py
[2024-06-18T10:59:38.994+0545] {processor.py:830} INFO - Processing file /home/manisha/airflow_env/lib/python3.10/site-packages/airflow/example_dags/example_display_name.py for tasks to queue
[2024-06-18T10:59:38.999+0545] {logging_mixin.py:188} INFO - [2024-06-18T10:59:38.998+0545] {dagbag.py:545} INFO - Filling up the DagBag from /home/manisha/airflow_env/lib/python3.10/site-packages/airflow/example_dags/example_display_name.py
[2024-06-18T10:59:39.019+0545] {processor.py:840} INFO - DAG(s) 'example_display_name' retrieved from /home/manisha/airflow_env/lib/python3.10/site-packages/airflow/example_dags/example_display_name.py
[2024-06-18T10:59:39.040+0545] {logging_mixin.py:188} INFO - [2024-06-18T10:59:39.040+0545] {dag.py:3096} INFO - Sync 1 DAGs
[2024-06-18T10:59:39.052+0545] {logging_mixin.py:188} INFO - [2024-06-18T10:59:39.051+0545] {dag.py:3954} INFO - Setting next_dagrun for example_display_name to None, run_after=None
[2024-06-18T10:59:39.252+0545] {processor.py:183} INFO - Processing /home/manisha/airflow_env/lib/python3.10/site-packages/airflow/example_dags/example_display_name.py took 0.297 seconds
[2024-06-18T11:00:42.049+0545] {processor.py:161} INFO - Started process (PID=4361) to work on /home/manisha/airflow_env/lib/python3.10/site-packages/airflow/example_dags/example_display_name.py
[2024-06-18T11:00:42.061+0545] {processor.py:830} INFO - Processing file /home/manisha/airflow_env/lib/python3.10/site-packages/airflow/example_dags/example_display_name.py for tasks to queue
[2024-06-18T11:00:42.063+0545] {logging_mixin.py:188} INFO - [2024-06-18T11:00:42.062+0545] {dagbag.py:545} INFO - Filling up the DagBag from /home/manisha/airflow_env/lib/python3.10/site-packages/airflow/example_dags/example_display_name.py
[2024-06-18T11:00:42.069+0545] {processor.py:840} INFO - DAG(s) 'example_display_name' retrieved from /home/manisha/airflow_env/lib/python3.10/site-packages/airflow/example_dags/example_display_name.py
[2024-06-18T11:00:42.085+0545] {logging_mixin.py:188} INFO - [2024-06-18T11:00:42.084+0545] {dag.py:3096} INFO - Sync 1 DAGs
[2024-06-18T11:00:42.096+0545] {logging_mixin.py:188} INFO - [2024-06-18T11:00:42.096+0545] {dag.py:3954} INFO - Setting next_dagrun for example_display_name to None, run_after=None
[2024-06-18T11:00:42.174+0545] {processor.py:183} INFO - Processing /home/manisha/airflow_env/lib/python3.10/site-packages/airflow/example_dags/example_display_name.py took 0.131 seconds
[2024-06-18T11:01:41.958+0545] {processor.py:161} INFO - Started process (PID=4412) to work on /home/manisha/airflow_env/lib/python3.10/site-packages/airflow/example_dags/example_display_name.py
[2024-06-18T11:01:41.988+0545] {processor.py:830} INFO - Processing file /home/manisha/airflow_env/lib/python3.10/site-packages/airflow/example_dags/example_display_name.py for tasks to queue
[2024-06-18T11:01:41.994+0545] {logging_mixin.py:188} INFO - [2024-06-18T11:01:41.993+0545] {dagbag.py:545} INFO - Filling up the DagBag from /home/manisha/airflow_env/lib/python3.10/site-packages/airflow/example_dags/example_display_name.py
[2024-06-18T11:01:42.014+0545] {processor.py:840} INFO - DAG(s) 'example_display_name' retrieved from /home/manisha/airflow_env/lib/python3.10/site-packages/airflow/example_dags/example_display_name.py
[2024-06-18T11:01:42.035+0545] {logging_mixin.py:188} INFO - [2024-06-18T11:01:42.035+0545] {dag.py:3096} INFO - Sync 1 DAGs
[2024-06-18T11:01:42.048+0545] {logging_mixin.py:188} INFO - [2024-06-18T11:01:42.048+0545] {dag.py:3954} INFO - Setting next_dagrun for example_display_name to None, run_after=None
[2024-06-18T11:01:42.170+0545] {processor.py:183} INFO - Processing /home/manisha/airflow_env/lib/python3.10/site-packages/airflow/example_dags/example_display_name.py took 0.219 seconds
[2024-06-18T11:02:41.713+0545] {processor.py:161} INFO - Started process (PID=4464) to work on /home/manisha/airflow_env/lib/python3.10/site-packages/airflow/example_dags/example_display_name.py
[2024-06-18T11:02:41.750+0545] {processor.py:830} INFO - Processing file /home/manisha/airflow_env/lib/python3.10/site-packages/airflow/example_dags/example_display_name.py for tasks to queue
[2024-06-18T11:02:41.756+0545] {logging_mixin.py:188} INFO - [2024-06-18T11:02:41.755+0545] {dagbag.py:545} INFO - Filling up the DagBag from /home/manisha/airflow_env/lib/python3.10/site-packages/airflow/example_dags/example_display_name.py
[2024-06-18T11:02:41.777+0545] {processor.py:840} INFO - DAG(s) 'example_display_name' retrieved from /home/manisha/airflow_env/lib/python3.10/site-packages/airflow/example_dags/example_display_name.py
[2024-06-18T11:02:41.800+0545] {logging_mixin.py:188} INFO - [2024-06-18T11:02:41.799+0545] {dag.py:3096} INFO - Sync 1 DAGs
[2024-06-18T11:02:41.811+0545] {logging_mixin.py:188} INFO - [2024-06-18T11:02:41.811+0545] {dag.py:3954} INFO - Setting next_dagrun for example_display_name to None, run_after=None
[2024-06-18T11:02:41.926+0545] {processor.py:183} INFO - Processing /home/manisha/airflow_env/lib/python3.10/site-packages/airflow/example_dags/example_display_name.py took 0.218 seconds
[2024-06-18T11:03:40.867+0545] {processor.py:161} INFO - Started process (PID=4517) to work on /home/manisha/airflow_env/lib/python3.10/site-packages/airflow/example_dags/example_display_name.py
[2024-06-18T11:03:40.869+0545] {processor.py:830} INFO - Processing file /home/manisha/airflow_env/lib/python3.10/site-packages/airflow/example_dags/example_display_name.py for tasks to queue
[2024-06-18T11:03:40.871+0545] {logging_mixin.py:188} INFO - [2024-06-18T11:03:40.870+0545] {dagbag.py:545} INFO - Filling up the DagBag from /home/manisha/airflow_env/lib/python3.10/site-packages/airflow/example_dags/example_display_name.py
[2024-06-18T11:03:40.877+0545] {processor.py:840} INFO - DAG(s) 'example_display_name' retrieved from /home/manisha/airflow_env/lib/python3.10/site-packages/airflow/example_dags/example_display_name.py
[2024-06-18T11:03:40.892+0545] {logging_mixin.py:188} INFO - [2024-06-18T11:03:40.891+0545] {dag.py:3096} INFO - Sync 1 DAGs
[2024-06-18T11:03:40.903+0545] {logging_mixin.py:188} INFO - [2024-06-18T11:03:40.903+0545] {dag.py:3954} INFO - Setting next_dagrun for example_display_name to None, run_after=None
[2024-06-18T11:03:41.031+0545] {processor.py:183} INFO - Processing /home/manisha/airflow_env/lib/python3.10/site-packages/airflow/example_dags/example_display_name.py took 0.171 seconds
[2024-06-18T11:04:42.254+0545] {processor.py:161} INFO - Started process (PID=4578) to work on /home/manisha/airflow_env/lib/python3.10/site-packages/airflow/example_dags/example_display_name.py
[2024-06-18T11:04:42.283+0545] {processor.py:830} INFO - Processing file /home/manisha/airflow_env/lib/python3.10/site-packages/airflow/example_dags/example_display_name.py for tasks to queue
[2024-06-18T11:04:42.285+0545] {logging_mixin.py:188} INFO - [2024-06-18T11:04:42.285+0545] {dagbag.py:545} INFO - Filling up the DagBag from /home/manisha/airflow_env/lib/python3.10/site-packages/airflow/example_dags/example_display_name.py
[2024-06-18T11:04:42.294+0545] {processor.py:840} INFO - DAG(s) 'example_display_name' retrieved from /home/manisha/airflow_env/lib/python3.10/site-packages/airflow/example_dags/example_display_name.py
[2024-06-18T11:04:43.260+0545] {logging_mixin.py:188} INFO - [2024-06-18T11:04:43.259+0545] {dag.py:3096} INFO - Sync 1 DAGs
[2024-06-18T11:04:43.511+0545] {logging_mixin.py:188} INFO - [2024-06-18T11:04:43.510+0545] {dag.py:3954} INFO - Setting next_dagrun for example_display_name to None, run_after=None
[2024-06-18T11:04:43.775+0545] {processor.py:183} INFO - Processing /home/manisha/airflow_env/lib/python3.10/site-packages/airflow/example_dags/example_display_name.py took 1.527 seconds
[2024-06-18T11:06:26.056+0545] {processor.py:161} INFO - Started process (PID=4789) to work on /home/manisha/airflow_env/lib/python3.10/site-packages/airflow/example_dags/example_display_name.py
[2024-06-18T11:06:26.137+0545] {processor.py:830} INFO - Processing file /home/manisha/airflow_env/lib/python3.10/site-packages/airflow/example_dags/example_display_name.py for tasks to queue
[2024-06-18T11:06:26.143+0545] {logging_mixin.py:188} INFO - [2024-06-18T11:06:26.141+0545] {dagbag.py:545} INFO - Filling up the DagBag from /home/manisha/airflow_env/lib/python3.10/site-packages/airflow/example_dags/example_display_name.py
[2024-06-18T11:06:26.163+0545] {processor.py:840} INFO - DAG(s) 'example_display_name' retrieved from /home/manisha/airflow_env/lib/python3.10/site-packages/airflow/example_dags/example_display_name.py
[2024-06-18T11:06:26.188+0545] {logging_mixin.py:188} INFO - [2024-06-18T11:06:26.187+0545] {dag.py:3096} INFO - Sync 1 DAGs
[2024-06-18T11:06:26.200+0545] {logging_mixin.py:188} INFO - [2024-06-18T11:06:26.199+0545] {dag.py:3954} INFO - Setting next_dagrun for example_display_name to None, run_after=None
[2024-06-18T11:06:26.295+0545] {processor.py:183} INFO - Processing /home/manisha/airflow_env/lib/python3.10/site-packages/airflow/example_dags/example_display_name.py took 0.245 seconds
[2024-06-18T11:07:24.477+0545] {processor.py:161} INFO - Started process (PID=4937) to work on /home/manisha/airflow_env/lib/python3.10/site-packages/airflow/example_dags/example_display_name.py
[2024-06-18T11:07:24.479+0545] {processor.py:830} INFO - Processing file /home/manisha/airflow_env/lib/python3.10/site-packages/airflow/example_dags/example_display_name.py for tasks to queue
[2024-06-18T11:07:24.481+0545] {logging_mixin.py:188} INFO - [2024-06-18T11:07:24.480+0545] {dagbag.py:545} INFO - Filling up the DagBag from /home/manisha/airflow_env/lib/python3.10/site-packages/airflow/example_dags/example_display_name.py
[2024-06-18T11:07:24.488+0545] {processor.py:840} INFO - DAG(s) 'example_display_name' retrieved from /home/manisha/airflow_env/lib/python3.10/site-packages/airflow/example_dags/example_display_name.py
[2024-06-18T11:07:24.505+0545] {logging_mixin.py:188} INFO - [2024-06-18T11:07:24.505+0545] {dag.py:3096} INFO - Sync 1 DAGs
[2024-06-18T11:07:24.517+0545] {logging_mixin.py:188} INFO - [2024-06-18T11:07:24.517+0545] {dag.py:3954} INFO - Setting next_dagrun for example_display_name to None, run_after=None
[2024-06-18T11:07:24.625+0545] {processor.py:183} INFO - Processing /home/manisha/airflow_env/lib/python3.10/site-packages/airflow/example_dags/example_display_name.py took 0.154 seconds
[2024-06-18T11:08:23.069+0545] {processor.py:161} INFO - Started process (PID=5165) to work on /home/manisha/airflow_env/lib/python3.10/site-packages/airflow/example_dags/example_display_name.py
[2024-06-18T11:08:23.298+0545] {processor.py:830} INFO - Processing file /home/manisha/airflow_env/lib/python3.10/site-packages/airflow/example_dags/example_display_name.py for tasks to queue
[2024-06-18T11:08:23.304+0545] {logging_mixin.py:188} INFO - [2024-06-18T11:08:23.303+0545] {dagbag.py:545} INFO - Filling up the DagBag from /home/manisha/airflow_env/lib/python3.10/site-packages/airflow/example_dags/example_display_name.py
[2024-06-18T11:08:23.322+0545] {processor.py:840} INFO - DAG(s) 'example_display_name' retrieved from /home/manisha/airflow_env/lib/python3.10/site-packages/airflow/example_dags/example_display_name.py
[2024-06-18T11:08:23.345+0545] {logging_mixin.py:188} INFO - [2024-06-18T11:08:23.345+0545] {dag.py:3096} INFO - Sync 1 DAGs
[2024-06-18T11:08:23.356+0545] {logging_mixin.py:188} INFO - [2024-06-18T11:08:23.356+0545] {dag.py:3954} INFO - Setting next_dagrun for example_display_name to None, run_after=None
[2024-06-18T11:08:23.721+0545] {processor.py:183} INFO - Processing /home/manisha/airflow_env/lib/python3.10/site-packages/airflow/example_dags/example_display_name.py took 0.656 seconds
[2024-06-18T11:09:23.542+0545] {processor.py:161} INFO - Started process (PID=5637) to work on /home/manisha/airflow_env/lib/python3.10/site-packages/airflow/example_dags/example_display_name.py
[2024-06-18T11:09:23.580+0545] {processor.py:830} INFO - Processing file /home/manisha/airflow_env/lib/python3.10/site-packages/airflow/example_dags/example_display_name.py for tasks to queue
[2024-06-18T11:09:23.585+0545] {logging_mixin.py:188} INFO - [2024-06-18T11:09:23.584+0545] {dagbag.py:545} INFO - Filling up the DagBag from /home/manisha/airflow_env/lib/python3.10/site-packages/airflow/example_dags/example_display_name.py
[2024-06-18T11:09:23.604+0545] {processor.py:840} INFO - DAG(s) 'example_display_name' retrieved from /home/manisha/airflow_env/lib/python3.10/site-packages/airflow/example_dags/example_display_name.py
[2024-06-18T11:09:23.632+0545] {logging_mixin.py:188} INFO - [2024-06-18T11:09:23.631+0545] {dag.py:3096} INFO - Sync 1 DAGs
[2024-06-18T11:09:23.645+0545] {logging_mixin.py:188} INFO - [2024-06-18T11:09:23.645+0545] {dag.py:3954} INFO - Setting next_dagrun for example_display_name to None, run_after=None
[2024-06-18T11:09:23.739+0545] {processor.py:183} INFO - Processing /home/manisha/airflow_env/lib/python3.10/site-packages/airflow/example_dags/example_display_name.py took 0.203 seconds
[2024-06-18T11:44:01.640+0545] {processor.py:161} INFO - Started process (PID=8325) to work on /home/manisha/airflow_env/lib/python3.10/site-packages/airflow/example_dags/example_display_name.py
[2024-06-18T11:44:01.650+0545] {processor.py:830} INFO - Processing file /home/manisha/airflow_env/lib/python3.10/site-packages/airflow/example_dags/example_display_name.py for tasks to queue
[2024-06-18T11:44:01.656+0545] {logging_mixin.py:188} INFO - [2024-06-18T11:44:01.655+0545] {dagbag.py:545} INFO - Filling up the DagBag from /home/manisha/airflow_env/lib/python3.10/site-packages/airflow/example_dags/example_display_name.py
[2024-06-18T11:44:01.666+0545] {processor.py:840} INFO - DAG(s) 'example_display_name' retrieved from /home/manisha/airflow_env/lib/python3.10/site-packages/airflow/example_dags/example_display_name.py
[2024-06-18T11:44:01.683+0545] {logging_mixin.py:188} INFO - [2024-06-18T11:44:01.683+0545] {dag.py:3096} INFO - Sync 1 DAGs
[2024-06-18T11:44:01.696+0545] {logging_mixin.py:188} INFO - [2024-06-18T11:44:01.695+0545] {dag.py:3954} INFO - Setting next_dagrun for example_display_name to None, run_after=None
[2024-06-18T11:44:01.814+0545] {processor.py:183} INFO - Processing /home/manisha/airflow_env/lib/python3.10/site-packages/airflow/example_dags/example_display_name.py took 0.180 seconds
[2024-06-18T11:44:34.832+0545] {processor.py:161} INFO - Started process (PID=8381) to work on /home/manisha/airflow_env/lib/python3.10/site-packages/airflow/example_dags/example_display_name.py
[2024-06-18T11:44:34.858+0545] {processor.py:830} INFO - Processing file /home/manisha/airflow_env/lib/python3.10/site-packages/airflow/example_dags/example_display_name.py for tasks to queue
[2024-06-18T11:44:34.859+0545] {logging_mixin.py:188} INFO - [2024-06-18T11:44:34.859+0545] {dagbag.py:545} INFO - Filling up the DagBag from /home/manisha/airflow_env/lib/python3.10/site-packages/airflow/example_dags/example_display_name.py
[2024-06-18T11:44:34.864+0545] {processor.py:840} INFO - DAG(s) 'example_display_name' retrieved from /home/manisha/airflow_env/lib/python3.10/site-packages/airflow/example_dags/example_display_name.py
[2024-06-18T11:44:35.060+0545] {logging_mixin.py:188} INFO - [2024-06-18T11:44:35.060+0545] {dag.py:3096} INFO - Sync 1 DAGs
[2024-06-18T11:44:35.072+0545] {logging_mixin.py:188} INFO - [2024-06-18T11:44:35.071+0545] {dag.py:3954} INFO - Setting next_dagrun for example_display_name to None, run_after=None
[2024-06-18T11:44:35.241+0545] {processor.py:183} INFO - Processing /home/manisha/airflow_env/lib/python3.10/site-packages/airflow/example_dags/example_display_name.py took 0.415 seconds
[2024-06-18T11:45:05.509+0545] {processor.py:161} INFO - Started process (PID=8435) to work on /home/manisha/airflow_env/lib/python3.10/site-packages/airflow/example_dags/example_display_name.py
[2024-06-18T11:45:05.543+0545] {processor.py:830} INFO - Processing file /home/manisha/airflow_env/lib/python3.10/site-packages/airflow/example_dags/example_display_name.py for tasks to queue
[2024-06-18T11:45:05.545+0545] {logging_mixin.py:188} INFO - [2024-06-18T11:45:05.545+0545] {dagbag.py:545} INFO - Filling up the DagBag from /home/manisha/airflow_env/lib/python3.10/site-packages/airflow/example_dags/example_display_name.py
[2024-06-18T11:45:05.553+0545] {processor.py:840} INFO - DAG(s) 'example_display_name' retrieved from /home/manisha/airflow_env/lib/python3.10/site-packages/airflow/example_dags/example_display_name.py
[2024-06-18T11:45:05.677+0545] {logging_mixin.py:188} INFO - [2024-06-18T11:45:05.677+0545] {dag.py:3096} INFO - Sync 1 DAGs
[2024-06-18T11:45:05.691+0545] {logging_mixin.py:188} INFO - [2024-06-18T11:45:05.690+0545] {dag.py:3954} INFO - Setting next_dagrun for example_display_name to None, run_after=None
[2024-06-18T11:45:05.788+0545] {processor.py:183} INFO - Processing /home/manisha/airflow_env/lib/python3.10/site-packages/airflow/example_dags/example_display_name.py took 0.284 seconds
[2024-06-18T11:45:36.215+0545] {processor.py:161} INFO - Started process (PID=8486) to work on /home/manisha/airflow_env/lib/python3.10/site-packages/airflow/example_dags/example_display_name.py
[2024-06-18T11:45:36.216+0545] {processor.py:830} INFO - Processing file /home/manisha/airflow_env/lib/python3.10/site-packages/airflow/example_dags/example_display_name.py for tasks to queue
[2024-06-18T11:45:36.217+0545] {logging_mixin.py:188} INFO - [2024-06-18T11:45:36.217+0545] {dagbag.py:545} INFO - Filling up the DagBag from /home/manisha/airflow_env/lib/python3.10/site-packages/airflow/example_dags/example_display_name.py
[2024-06-18T11:45:36.222+0545] {processor.py:840} INFO - DAG(s) 'example_display_name' retrieved from /home/manisha/airflow_env/lib/python3.10/site-packages/airflow/example_dags/example_display_name.py
[2024-06-18T11:45:36.243+0545] {logging_mixin.py:188} INFO - [2024-06-18T11:45:36.243+0545] {dag.py:3096} INFO - Sync 1 DAGs
[2024-06-18T11:45:36.254+0545] {logging_mixin.py:188} INFO - [2024-06-18T11:45:36.254+0545] {dag.py:3954} INFO - Setting next_dagrun for example_display_name to None, run_after=None
[2024-06-18T11:45:36.312+0545] {processor.py:183} INFO - Processing /home/manisha/airflow_env/lib/python3.10/site-packages/airflow/example_dags/example_display_name.py took 0.103 seconds
[2024-06-18T11:46:06.699+0545] {processor.py:161} INFO - Started process (PID=8539) to work on /home/manisha/airflow_env/lib/python3.10/site-packages/airflow/example_dags/example_display_name.py
[2024-06-18T11:46:06.717+0545] {processor.py:830} INFO - Processing file /home/manisha/airflow_env/lib/python3.10/site-packages/airflow/example_dags/example_display_name.py for tasks to queue
[2024-06-18T11:46:06.718+0545] {logging_mixin.py:188} INFO - [2024-06-18T11:46:06.718+0545] {dagbag.py:545} INFO - Filling up the DagBag from /home/manisha/airflow_env/lib/python3.10/site-packages/airflow/example_dags/example_display_name.py
[2024-06-18T11:46:06.723+0545] {processor.py:840} INFO - DAG(s) 'example_display_name' retrieved from /home/manisha/airflow_env/lib/python3.10/site-packages/airflow/example_dags/example_display_name.py
[2024-06-18T11:46:06.743+0545] {logging_mixin.py:188} INFO - [2024-06-18T11:46:06.743+0545] {dag.py:3096} INFO - Sync 1 DAGs
[2024-06-18T11:46:06.755+0545] {logging_mixin.py:188} INFO - [2024-06-18T11:46:06.755+0545] {dag.py:3954} INFO - Setting next_dagrun for example_display_name to None, run_after=None
[2024-06-18T11:46:06.932+0545] {processor.py:183} INFO - Processing /home/manisha/airflow_env/lib/python3.10/site-packages/airflow/example_dags/example_display_name.py took 0.239 seconds
[2024-06-18T11:46:37.330+0545] {processor.py:161} INFO - Started process (PID=8590) to work on /home/manisha/airflow_env/lib/python3.10/site-packages/airflow/example_dags/example_display_name.py
[2024-06-18T11:46:37.331+0545] {processor.py:830} INFO - Processing file /home/manisha/airflow_env/lib/python3.10/site-packages/airflow/example_dags/example_display_name.py for tasks to queue
[2024-06-18T11:46:37.332+0545] {logging_mixin.py:188} INFO - [2024-06-18T11:46:37.332+0545] {dagbag.py:545} INFO - Filling up the DagBag from /home/manisha/airflow_env/lib/python3.10/site-packages/airflow/example_dags/example_display_name.py
[2024-06-18T11:46:37.336+0545] {processor.py:840} INFO - DAG(s) 'example_display_name' retrieved from /home/manisha/airflow_env/lib/python3.10/site-packages/airflow/example_dags/example_display_name.py
[2024-06-18T11:46:37.355+0545] {logging_mixin.py:188} INFO - [2024-06-18T11:46:37.355+0545] {dag.py:3096} INFO - Sync 1 DAGs
[2024-06-18T11:46:37.366+0545] {logging_mixin.py:188} INFO - [2024-06-18T11:46:37.366+0545] {dag.py:3954} INFO - Setting next_dagrun for example_display_name to None, run_after=None
[2024-06-18T11:46:37.427+0545] {processor.py:183} INFO - Processing /home/manisha/airflow_env/lib/python3.10/site-packages/airflow/example_dags/example_display_name.py took 0.102 seconds
[2024-06-18T11:47:07.962+0545] {processor.py:161} INFO - Started process (PID=8641) to work on /home/manisha/airflow_env/lib/python3.10/site-packages/airflow/example_dags/example_display_name.py
[2024-06-18T11:47:07.978+0545] {processor.py:830} INFO - Processing file /home/manisha/airflow_env/lib/python3.10/site-packages/airflow/example_dags/example_display_name.py for tasks to queue
[2024-06-18T11:47:07.979+0545] {logging_mixin.py:188} INFO - [2024-06-18T11:47:07.979+0545] {dagbag.py:545} INFO - Filling up the DagBag from /home/manisha/airflow_env/lib/python3.10/site-packages/airflow/example_dags/example_display_name.py
[2024-06-18T11:47:07.984+0545] {processor.py:840} INFO - DAG(s) 'example_display_name' retrieved from /home/manisha/airflow_env/lib/python3.10/site-packages/airflow/example_dags/example_display_name.py
[2024-06-18T11:47:08.005+0545] {logging_mixin.py:188} INFO - [2024-06-18T11:47:08.005+0545] {dag.py:3096} INFO - Sync 1 DAGs
[2024-06-18T11:47:08.018+0545] {logging_mixin.py:188} INFO - [2024-06-18T11:47:08.018+0545] {dag.py:3954} INFO - Setting next_dagrun for example_display_name to None, run_after=None
[2024-06-18T11:47:08.109+0545] {processor.py:183} INFO - Processing /home/manisha/airflow_env/lib/python3.10/site-packages/airflow/example_dags/example_display_name.py took 0.153 seconds
[2024-06-18T11:47:38.217+0545] {processor.py:161} INFO - Started process (PID=8693) to work on /home/manisha/airflow_env/lib/python3.10/site-packages/airflow/example_dags/example_display_name.py
[2024-06-18T11:47:38.218+0545] {processor.py:830} INFO - Processing file /home/manisha/airflow_env/lib/python3.10/site-packages/airflow/example_dags/example_display_name.py for tasks to queue
[2024-06-18T11:47:38.219+0545] {logging_mixin.py:188} INFO - [2024-06-18T11:47:38.219+0545] {dagbag.py:545} INFO - Filling up the DagBag from /home/manisha/airflow_env/lib/python3.10/site-packages/airflow/example_dags/example_display_name.py
[2024-06-18T11:47:38.225+0545] {processor.py:840} INFO - DAG(s) 'example_display_name' retrieved from /home/manisha/airflow_env/lib/python3.10/site-packages/airflow/example_dags/example_display_name.py
[2024-06-18T11:47:38.247+0545] {logging_mixin.py:188} INFO - [2024-06-18T11:47:38.247+0545] {dag.py:3096} INFO - Sync 1 DAGs
[2024-06-18T11:47:38.258+0545] {logging_mixin.py:188} INFO - [2024-06-18T11:47:38.258+0545] {dag.py:3954} INFO - Setting next_dagrun for example_display_name to None, run_after=None
[2024-06-18T11:47:38.358+0545] {processor.py:183} INFO - Processing /home/manisha/airflow_env/lib/python3.10/site-packages/airflow/example_dags/example_display_name.py took 0.147 seconds
[2024-06-18T11:48:31.706+0545] {processor.py:161} INFO - Started process (PID=8774) to work on /home/manisha/airflow_env/lib/python3.10/site-packages/airflow/example_dags/example_display_name.py
[2024-06-18T11:48:31.729+0545] {processor.py:830} INFO - Processing file /home/manisha/airflow_env/lib/python3.10/site-packages/airflow/example_dags/example_display_name.py for tasks to queue
[2024-06-18T11:48:31.731+0545] {logging_mixin.py:188} INFO - [2024-06-18T11:48:31.730+0545] {dagbag.py:545} INFO - Filling up the DagBag from /home/manisha/airflow_env/lib/python3.10/site-packages/airflow/example_dags/example_display_name.py
[2024-06-18T11:48:31.735+0545] {processor.py:840} INFO - DAG(s) 'example_display_name' retrieved from /home/manisha/airflow_env/lib/python3.10/site-packages/airflow/example_dags/example_display_name.py
[2024-06-18T11:48:31.751+0545] {logging_mixin.py:188} INFO - [2024-06-18T11:48:31.751+0545] {dag.py:3096} INFO - Sync 1 DAGs
[2024-06-18T11:48:31.766+0545] {logging_mixin.py:188} INFO - [2024-06-18T11:48:31.766+0545] {dag.py:3954} INFO - Setting next_dagrun for example_display_name to None, run_after=None
[2024-06-18T11:48:31.869+0545] {processor.py:183} INFO - Processing /home/manisha/airflow_env/lib/python3.10/site-packages/airflow/example_dags/example_display_name.py took 0.168 seconds
[2024-06-18T11:49:06.116+0545] {processor.py:161} INFO - Started process (PID=8885) to work on /home/manisha/airflow_env/lib/python3.10/site-packages/airflow/example_dags/example_display_name.py
[2024-06-18T11:49:06.141+0545] {processor.py:830} INFO - Processing file /home/manisha/airflow_env/lib/python3.10/site-packages/airflow/example_dags/example_display_name.py for tasks to queue
[2024-06-18T11:49:06.146+0545] {logging_mixin.py:188} INFO - [2024-06-18T11:49:06.145+0545] {dagbag.py:545} INFO - Filling up the DagBag from /home/manisha/airflow_env/lib/python3.10/site-packages/airflow/example_dags/example_display_name.py
[2024-06-18T11:49:06.168+0545] {processor.py:840} INFO - DAG(s) 'example_display_name' retrieved from /home/manisha/airflow_env/lib/python3.10/site-packages/airflow/example_dags/example_display_name.py
[2024-06-18T11:49:06.528+0545] {logging_mixin.py:188} INFO - [2024-06-18T11:49:06.527+0545] {dag.py:3096} INFO - Sync 1 DAGs
[2024-06-18T11:49:06.545+0545] {logging_mixin.py:188} INFO - [2024-06-18T11:49:06.545+0545] {dag.py:3954} INFO - Setting next_dagrun for example_display_name to None, run_after=None
[2024-06-18T11:49:06.631+0545] {processor.py:183} INFO - Processing /home/manisha/airflow_env/lib/python3.10/site-packages/airflow/example_dags/example_display_name.py took 0.522 seconds
[2024-06-18T11:49:36.991+0545] {processor.py:161} INFO - Started process (PID=8953) to work on /home/manisha/airflow_env/lib/python3.10/site-packages/airflow/example_dags/example_display_name.py
[2024-06-18T11:49:37.014+0545] {processor.py:830} INFO - Processing file /home/manisha/airflow_env/lib/python3.10/site-packages/airflow/example_dags/example_display_name.py for tasks to queue
[2024-06-18T11:49:37.015+0545] {logging_mixin.py:188} INFO - [2024-06-18T11:49:37.015+0545] {dagbag.py:545} INFO - Filling up the DagBag from /home/manisha/airflow_env/lib/python3.10/site-packages/airflow/example_dags/example_display_name.py
[2024-06-18T11:49:37.022+0545] {processor.py:840} INFO - DAG(s) 'example_display_name' retrieved from /home/manisha/airflow_env/lib/python3.10/site-packages/airflow/example_dags/example_display_name.py
[2024-06-18T11:49:37.136+0545] {logging_mixin.py:188} INFO - [2024-06-18T11:49:37.135+0545] {dag.py:3096} INFO - Sync 1 DAGs
[2024-06-18T11:49:37.152+0545] {logging_mixin.py:188} INFO - [2024-06-18T11:49:37.151+0545] {dag.py:3954} INFO - Setting next_dagrun for example_display_name to None, run_after=None
[2024-06-18T11:49:37.310+0545] {processor.py:183} INFO - Processing /home/manisha/airflow_env/lib/python3.10/site-packages/airflow/example_dags/example_display_name.py took 0.329 seconds
[2024-06-18T11:50:07.549+0545] {processor.py:161} INFO - Started process (PID=9009) to work on /home/manisha/airflow_env/lib/python3.10/site-packages/airflow/example_dags/example_display_name.py
[2024-06-18T11:50:07.549+0545] {processor.py:830} INFO - Processing file /home/manisha/airflow_env/lib/python3.10/site-packages/airflow/example_dags/example_display_name.py for tasks to queue
[2024-06-18T11:50:07.551+0545] {logging_mixin.py:188} INFO - [2024-06-18T11:50:07.551+0545] {dagbag.py:545} INFO - Filling up the DagBag from /home/manisha/airflow_env/lib/python3.10/site-packages/airflow/example_dags/example_display_name.py
[2024-06-18T11:50:07.557+0545] {processor.py:840} INFO - DAG(s) 'example_display_name' retrieved from /home/manisha/airflow_env/lib/python3.10/site-packages/airflow/example_dags/example_display_name.py
[2024-06-18T11:50:07.578+0545] {logging_mixin.py:188} INFO - [2024-06-18T11:50:07.578+0545] {dag.py:3096} INFO - Sync 1 DAGs
[2024-06-18T11:50:07.590+0545] {logging_mixin.py:188} INFO - [2024-06-18T11:50:07.590+0545] {dag.py:3954} INFO - Setting next_dagrun for example_display_name to None, run_after=None
[2024-06-18T11:50:07.804+0545] {processor.py:183} INFO - Processing /home/manisha/airflow_env/lib/python3.10/site-packages/airflow/example_dags/example_display_name.py took 0.264 seconds
[2024-06-18T11:50:37.931+0545] {processor.py:161} INFO - Started process (PID=9068) to work on /home/manisha/airflow_env/lib/python3.10/site-packages/airflow/example_dags/example_display_name.py
[2024-06-18T11:50:37.975+0545] {processor.py:830} INFO - Processing file /home/manisha/airflow_env/lib/python3.10/site-packages/airflow/example_dags/example_display_name.py for tasks to queue
[2024-06-18T11:50:37.981+0545] {logging_mixin.py:188} INFO - [2024-06-18T11:50:37.980+0545] {dagbag.py:545} INFO - Filling up the DagBag from /home/manisha/airflow_env/lib/python3.10/site-packages/airflow/example_dags/example_display_name.py
[2024-06-18T11:50:37.999+0545] {processor.py:840} INFO - DAG(s) 'example_display_name' retrieved from /home/manisha/airflow_env/lib/python3.10/site-packages/airflow/example_dags/example_display_name.py
[2024-06-18T11:50:38.027+0545] {logging_mixin.py:188} INFO - [2024-06-18T11:50:38.027+0545] {dag.py:3096} INFO - Sync 1 DAGs
[2024-06-18T11:50:38.042+0545] {logging_mixin.py:188} INFO - [2024-06-18T11:50:38.041+0545] {dag.py:3954} INFO - Setting next_dagrun for example_display_name to None, run_after=None
[2024-06-18T11:50:38.204+0545] {processor.py:183} INFO - Processing /home/manisha/airflow_env/lib/python3.10/site-packages/airflow/example_dags/example_display_name.py took 0.279 seconds
[2024-06-18T11:50:59.613+0545] {processor.py:161} INFO - Started process (PID=9410) to work on /home/manisha/airflow_env/lib/python3.10/site-packages/airflow/example_dags/example_display_name.py
[2024-06-18T11:50:59.615+0545] {processor.py:830} INFO - Processing file /home/manisha/airflow_env/lib/python3.10/site-packages/airflow/example_dags/example_display_name.py for tasks to queue
[2024-06-18T11:50:59.618+0545] {logging_mixin.py:188} INFO - [2024-06-18T11:50:59.617+0545] {dagbag.py:545} INFO - Filling up the DagBag from /home/manisha/airflow_env/lib/python3.10/site-packages/airflow/example_dags/example_display_name.py
[2024-06-18T11:50:59.626+0545] {processor.py:840} INFO - DAG(s) 'example_display_name' retrieved from /home/manisha/airflow_env/lib/python3.10/site-packages/airflow/example_dags/example_display_name.py
[2024-06-18T11:50:59.650+0545] {logging_mixin.py:188} INFO - [2024-06-18T11:50:59.650+0545] {dag.py:3096} INFO - Sync 1 DAGs
[2024-06-18T11:50:59.667+0545] {logging_mixin.py:188} INFO - [2024-06-18T11:50:59.666+0545] {dag.py:3954} INFO - Setting next_dagrun for example_display_name to None, run_after=None
[2024-06-18T11:50:59.946+0545] {processor.py:183} INFO - Processing /home/manisha/airflow_env/lib/python3.10/site-packages/airflow/example_dags/example_display_name.py took 0.345 seconds
[2024-06-18T11:51:33.841+0545] {processor.py:161} INFO - Started process (PID=9679) to work on /home/manisha/airflow_env/lib/python3.10/site-packages/airflow/example_dags/example_display_name.py
[2024-06-18T11:51:33.879+0545] {processor.py:830} INFO - Processing file /home/manisha/airflow_env/lib/python3.10/site-packages/airflow/example_dags/example_display_name.py for tasks to queue
[2024-06-18T11:51:33.881+0545] {logging_mixin.py:188} INFO - [2024-06-18T11:51:33.881+0545] {dagbag.py:545} INFO - Filling up the DagBag from /home/manisha/airflow_env/lib/python3.10/site-packages/airflow/example_dags/example_display_name.py
[2024-06-18T11:51:33.886+0545] {processor.py:840} INFO - DAG(s) 'example_display_name' retrieved from /home/manisha/airflow_env/lib/python3.10/site-packages/airflow/example_dags/example_display_name.py
[2024-06-18T11:51:34.092+0545] {logging_mixin.py:188} INFO - [2024-06-18T11:51:34.092+0545] {dag.py:3096} INFO - Sync 1 DAGs
[2024-06-18T11:51:34.103+0545] {logging_mixin.py:188} INFO - [2024-06-18T11:51:34.103+0545] {dag.py:3954} INFO - Setting next_dagrun for example_display_name to None, run_after=None
[2024-06-18T11:51:34.295+0545] {processor.py:183} INFO - Processing /home/manisha/airflow_env/lib/python3.10/site-packages/airflow/example_dags/example_display_name.py took 0.465 seconds
