[2024-06-18T10:57:53.026+0545] {processor.py:161} INFO - Started process (PID=4068) to work on /home/manisha/airflow_env/lib/python3.10/site-packages/airflow/example_dags/example_kubernetes_executor.py
[2024-06-18T10:57:53.027+0545] {processor.py:830} INFO - Processing file /home/manisha/airflow_env/lib/python3.10/site-packages/airflow/example_dags/example_kubernetes_executor.py for tasks to queue
[2024-06-18T10:57:53.030+0545] {logging_mixin.py:188} INFO - [2024-06-18T10:57:53.029+0545] {dagbag.py:545} INFO - Filling up the DagBag from /home/manisha/airflow_env/lib/python3.10/site-packages/airflow/example_dags/example_kubernetes_executor.py
[2024-06-18T10:57:53.035+0545] {logging_mixin.py:188} INFO - [2024-06-18T10:57:53.035+0545] {example_kubernetes_executor.py:39} WARNING - The example_kubernetes_executor example DAG requires the kubernetes provider. Please install it with: pip install apache-airflow[cncf.kubernetes]
[2024-06-18T10:57:53.036+0545] {processor.py:842} WARNING - No viable dags retrieved from /home/manisha/airflow_env/lib/python3.10/site-packages/airflow/example_dags/example_kubernetes_executor.py
[2024-06-18T10:57:53.049+0545] {processor.py:183} INFO - Processing /home/manisha/airflow_env/lib/python3.10/site-packages/airflow/example_dags/example_kubernetes_executor.py took 0.034 seconds
[2024-06-18T10:59:06.644+0545] {processor.py:161} INFO - Started process (PID=4189) to work on /home/manisha/airflow_env/lib/python3.10/site-packages/airflow/example_dags/example_kubernetes_executor.py
[2024-06-18T10:59:06.675+0545] {processor.py:830} INFO - Processing file /home/manisha/airflow_env/lib/python3.10/site-packages/airflow/example_dags/example_kubernetes_executor.py for tasks to queue
[2024-06-18T10:59:06.681+0545] {logging_mixin.py:188} INFO - [2024-06-18T10:59:06.679+0545] {dagbag.py:545} INFO - Filling up the DagBag from /home/manisha/airflow_env/lib/python3.10/site-packages/airflow/example_dags/example_kubernetes_executor.py
[2024-06-18T10:59:06.690+0545] {logging_mixin.py:188} INFO - [2024-06-18T10:59:06.689+0545] {example_kubernetes_executor.py:39} WARNING - The example_kubernetes_executor example DAG requires the kubernetes provider. Please install it with: pip install apache-airflow[cncf.kubernetes]
[2024-06-18T10:59:06.691+0545] {processor.py:842} WARNING - No viable dags retrieved from /home/manisha/airflow_env/lib/python3.10/site-packages/airflow/example_dags/example_kubernetes_executor.py
[2024-06-18T10:59:06.715+0545] {processor.py:183} INFO - Processing /home/manisha/airflow_env/lib/python3.10/site-packages/airflow/example_dags/example_kubernetes_executor.py took 0.078 seconds
[2024-06-18T11:00:11.426+0545] {processor.py:161} INFO - Started process (PID=4244) to work on /home/manisha/airflow_env/lib/python3.10/site-packages/airflow/example_dags/example_kubernetes_executor.py
[2024-06-18T11:00:11.467+0545] {processor.py:830} INFO - Processing file /home/manisha/airflow_env/lib/python3.10/site-packages/airflow/example_dags/example_kubernetes_executor.py for tasks to queue
[2024-06-18T11:00:11.470+0545] {logging_mixin.py:188} INFO - [2024-06-18T11:00:11.469+0545] {dagbag.py:545} INFO - Filling up the DagBag from /home/manisha/airflow_env/lib/python3.10/site-packages/airflow/example_dags/example_kubernetes_executor.py
[2024-06-18T11:00:11.474+0545] {logging_mixin.py:188} INFO - [2024-06-18T11:00:11.474+0545] {example_kubernetes_executor.py:39} WARNING - The example_kubernetes_executor example DAG requires the kubernetes provider. Please install it with: pip install apache-airflow[cncf.kubernetes]
[2024-06-18T11:00:11.475+0545] {processor.py:842} WARNING - No viable dags retrieved from /home/manisha/airflow_env/lib/python3.10/site-packages/airflow/example_dags/example_kubernetes_executor.py
[2024-06-18T11:00:11.491+0545] {processor.py:183} INFO - Processing /home/manisha/airflow_env/lib/python3.10/site-packages/airflow/example_dags/example_kubernetes_executor.py took 0.072 seconds
[2024-06-18T11:01:11.440+0545] {processor.py:161} INFO - Started process (PID=4386) to work on /home/manisha/airflow_env/lib/python3.10/site-packages/airflow/example_dags/example_kubernetes_executor.py
[2024-06-18T11:01:11.446+0545] {processor.py:830} INFO - Processing file /home/manisha/airflow_env/lib/python3.10/site-packages/airflow/example_dags/example_kubernetes_executor.py for tasks to queue
[2024-06-18T11:01:11.448+0545] {logging_mixin.py:188} INFO - [2024-06-18T11:01:11.448+0545] {dagbag.py:545} INFO - Filling up the DagBag from /home/manisha/airflow_env/lib/python3.10/site-packages/airflow/example_dags/example_kubernetes_executor.py
[2024-06-18T11:01:11.452+0545] {logging_mixin.py:188} INFO - [2024-06-18T11:01:11.451+0545] {example_kubernetes_executor.py:39} WARNING - The example_kubernetes_executor example DAG requires the kubernetes provider. Please install it with: pip install apache-airflow[cncf.kubernetes]
[2024-06-18T11:01:11.452+0545] {processor.py:842} WARNING - No viable dags retrieved from /home/manisha/airflow_env/lib/python3.10/site-packages/airflow/example_dags/example_kubernetes_executor.py
[2024-06-18T11:01:11.464+0545] {processor.py:183} INFO - Processing /home/manisha/airflow_env/lib/python3.10/site-packages/airflow/example_dags/example_kubernetes_executor.py took 0.030 seconds
[2024-06-18T11:02:13.787+0545] {processor.py:161} INFO - Started process (PID=4438) to work on /home/manisha/airflow_env/lib/python3.10/site-packages/airflow/example_dags/example_kubernetes_executor.py
[2024-06-18T11:02:13.825+0545] {processor.py:830} INFO - Processing file /home/manisha/airflow_env/lib/python3.10/site-packages/airflow/example_dags/example_kubernetes_executor.py for tasks to queue
[2024-06-18T11:02:13.830+0545] {logging_mixin.py:188} INFO - [2024-06-18T11:02:13.829+0545] {dagbag.py:545} INFO - Filling up the DagBag from /home/manisha/airflow_env/lib/python3.10/site-packages/airflow/example_dags/example_kubernetes_executor.py
[2024-06-18T11:02:13.840+0545] {logging_mixin.py:188} INFO - [2024-06-18T11:02:13.839+0545] {example_kubernetes_executor.py:39} WARNING - The example_kubernetes_executor example DAG requires the kubernetes provider. Please install it with: pip install apache-airflow[cncf.kubernetes]
[2024-06-18T11:02:13.841+0545] {processor.py:842} WARNING - No viable dags retrieved from /home/manisha/airflow_env/lib/python3.10/site-packages/airflow/example_dags/example_kubernetes_executor.py
[2024-06-18T11:02:13.864+0545] {processor.py:183} INFO - Processing /home/manisha/airflow_env/lib/python3.10/site-packages/airflow/example_dags/example_kubernetes_executor.py took 0.084 seconds
[2024-06-18T11:03:11.596+0545] {processor.py:161} INFO - Started process (PID=4492) to work on /home/manisha/airflow_env/lib/python3.10/site-packages/airflow/example_dags/example_kubernetes_executor.py
[2024-06-18T11:03:11.618+0545] {processor.py:830} INFO - Processing file /home/manisha/airflow_env/lib/python3.10/site-packages/airflow/example_dags/example_kubernetes_executor.py for tasks to queue
[2024-06-18T11:03:11.620+0545] {logging_mixin.py:188} INFO - [2024-06-18T11:03:11.620+0545] {dagbag.py:545} INFO - Filling up the DagBag from /home/manisha/airflow_env/lib/python3.10/site-packages/airflow/example_dags/example_kubernetes_executor.py
[2024-06-18T11:03:11.625+0545] {logging_mixin.py:188} INFO - [2024-06-18T11:03:11.624+0545] {example_kubernetes_executor.py:39} WARNING - The example_kubernetes_executor example DAG requires the kubernetes provider. Please install it with: pip install apache-airflow[cncf.kubernetes]
[2024-06-18T11:03:11.625+0545] {processor.py:842} WARNING - No viable dags retrieved from /home/manisha/airflow_env/lib/python3.10/site-packages/airflow/example_dags/example_kubernetes_executor.py
[2024-06-18T11:03:11.640+0545] {processor.py:183} INFO - Processing /home/manisha/airflow_env/lib/python3.10/site-packages/airflow/example_dags/example_kubernetes_executor.py took 0.050 seconds
[2024-06-18T11:04:12.945+0545] {processor.py:161} INFO - Started process (PID=4545) to work on /home/manisha/airflow_env/lib/python3.10/site-packages/airflow/example_dags/example_kubernetes_executor.py
[2024-06-18T11:04:12.987+0545] {processor.py:830} INFO - Processing file /home/manisha/airflow_env/lib/python3.10/site-packages/airflow/example_dags/example_kubernetes_executor.py for tasks to queue
[2024-06-18T11:04:12.992+0545] {logging_mixin.py:188} INFO - [2024-06-18T11:04:12.991+0545] {dagbag.py:545} INFO - Filling up the DagBag from /home/manisha/airflow_env/lib/python3.10/site-packages/airflow/example_dags/example_kubernetes_executor.py
[2024-06-18T11:04:13.002+0545] {logging_mixin.py:188} INFO - [2024-06-18T11:04:13.001+0545] {example_kubernetes_executor.py:39} WARNING - The example_kubernetes_executor example DAG requires the kubernetes provider. Please install it with: pip install apache-airflow[cncf.kubernetes]
[2024-06-18T11:04:13.003+0545] {processor.py:842} WARNING - No viable dags retrieved from /home/manisha/airflow_env/lib/python3.10/site-packages/airflow/example_dags/example_kubernetes_executor.py
[2024-06-18T11:04:13.025+0545] {processor.py:183} INFO - Processing /home/manisha/airflow_env/lib/python3.10/site-packages/airflow/example_dags/example_kubernetes_executor.py took 0.087 seconds
[2024-06-18T11:05:49.323+0545] {processor.py:161} INFO - Started process (PID=4750) to work on /home/manisha/airflow_env/lib/python3.10/site-packages/airflow/example_dags/example_kubernetes_executor.py
[2024-06-18T11:05:49.346+0545] {processor.py:830} INFO - Processing file /home/manisha/airflow_env/lib/python3.10/site-packages/airflow/example_dags/example_kubernetes_executor.py for tasks to queue
[2024-06-18T11:05:49.349+0545] {logging_mixin.py:188} INFO - [2024-06-18T11:05:49.348+0545] {dagbag.py:545} INFO - Filling up the DagBag from /home/manisha/airflow_env/lib/python3.10/site-packages/airflow/example_dags/example_kubernetes_executor.py
[2024-06-18T11:05:49.353+0545] {logging_mixin.py:188} INFO - [2024-06-18T11:05:49.353+0545] {example_kubernetes_executor.py:39} WARNING - The example_kubernetes_executor example DAG requires the kubernetes provider. Please install it with: pip install apache-airflow[cncf.kubernetes]
[2024-06-18T11:05:49.354+0545] {processor.py:842} WARNING - No viable dags retrieved from /home/manisha/airflow_env/lib/python3.10/site-packages/airflow/example_dags/example_kubernetes_executor.py
[2024-06-18T11:05:49.369+0545] {processor.py:183} INFO - Processing /home/manisha/airflow_env/lib/python3.10/site-packages/airflow/example_dags/example_kubernetes_executor.py took 0.056 seconds
[2024-06-18T11:06:57.841+0545] {processor.py:161} INFO - Started process (PID=4912) to work on /home/manisha/airflow_env/lib/python3.10/site-packages/airflow/example_dags/example_kubernetes_executor.py
[2024-06-18T11:06:57.842+0545] {processor.py:830} INFO - Processing file /home/manisha/airflow_env/lib/python3.10/site-packages/airflow/example_dags/example_kubernetes_executor.py for tasks to queue
[2024-06-18T11:06:57.843+0545] {logging_mixin.py:188} INFO - [2024-06-18T11:06:57.843+0545] {dagbag.py:545} INFO - Filling up the DagBag from /home/manisha/airflow_env/lib/python3.10/site-packages/airflow/example_dags/example_kubernetes_executor.py
[2024-06-18T11:06:57.846+0545] {logging_mixin.py:188} INFO - [2024-06-18T11:06:57.846+0545] {example_kubernetes_executor.py:39} WARNING - The example_kubernetes_executor example DAG requires the kubernetes provider. Please install it with: pip install apache-airflow[cncf.kubernetes]
[2024-06-18T11:06:57.847+0545] {processor.py:842} WARNING - No viable dags retrieved from /home/manisha/airflow_env/lib/python3.10/site-packages/airflow/example_dags/example_kubernetes_executor.py
[2024-06-18T11:06:57.857+0545] {processor.py:183} INFO - Processing /home/manisha/airflow_env/lib/python3.10/site-packages/airflow/example_dags/example_kubernetes_executor.py took 0.022 seconds
[2024-06-18T11:07:54.753+0545] {processor.py:161} INFO - Started process (PID=4965) to work on /home/manisha/airflow_env/lib/python3.10/site-packages/airflow/example_dags/example_kubernetes_executor.py
[2024-06-18T11:07:54.788+0545] {processor.py:830} INFO - Processing file /home/manisha/airflow_env/lib/python3.10/site-packages/airflow/example_dags/example_kubernetes_executor.py for tasks to queue
[2024-06-18T11:07:54.794+0545] {logging_mixin.py:188} INFO - [2024-06-18T11:07:54.793+0545] {dagbag.py:545} INFO - Filling up the DagBag from /home/manisha/airflow_env/lib/python3.10/site-packages/airflow/example_dags/example_kubernetes_executor.py
[2024-06-18T11:07:54.804+0545] {logging_mixin.py:188} INFO - [2024-06-18T11:07:54.803+0545] {example_kubernetes_executor.py:39} WARNING - The example_kubernetes_executor example DAG requires the kubernetes provider. Please install it with: pip install apache-airflow[cncf.kubernetes]
[2024-06-18T11:07:54.805+0545] {processor.py:842} WARNING - No viable dags retrieved from /home/manisha/airflow_env/lib/python3.10/site-packages/airflow/example_dags/example_kubernetes_executor.py
[2024-06-18T11:07:54.826+0545] {processor.py:183} INFO - Processing /home/manisha/airflow_env/lib/python3.10/site-packages/airflow/example_dags/example_kubernetes_executor.py took 0.079 seconds
[2024-06-18T11:08:53.953+0545] {processor.py:161} INFO - Started process (PID=5596) to work on /home/manisha/airflow_env/lib/python3.10/site-packages/airflow/example_dags/example_kubernetes_executor.py
[2024-06-18T11:08:53.962+0545] {processor.py:830} INFO - Processing file /home/manisha/airflow_env/lib/python3.10/site-packages/airflow/example_dags/example_kubernetes_executor.py for tasks to queue
[2024-06-18T11:08:53.963+0545] {logging_mixin.py:188} INFO - [2024-06-18T11:08:53.963+0545] {dagbag.py:545} INFO - Filling up the DagBag from /home/manisha/airflow_env/lib/python3.10/site-packages/airflow/example_dags/example_kubernetes_executor.py
[2024-06-18T11:08:53.966+0545] {logging_mixin.py:188} INFO - [2024-06-18T11:08:53.966+0545] {example_kubernetes_executor.py:39} WARNING - The example_kubernetes_executor example DAG requires the kubernetes provider. Please install it with: pip install apache-airflow[cncf.kubernetes]
[2024-06-18T11:08:53.966+0545] {processor.py:842} WARNING - No viable dags retrieved from /home/manisha/airflow_env/lib/python3.10/site-packages/airflow/example_dags/example_kubernetes_executor.py
[2024-06-18T11:08:53.974+0545] {processor.py:183} INFO - Processing /home/manisha/airflow_env/lib/python3.10/site-packages/airflow/example_dags/example_kubernetes_executor.py took 0.025 seconds
[2024-06-18T11:09:54.413+0545] {processor.py:161} INFO - Started process (PID=5666) to work on /home/manisha/airflow_env/lib/python3.10/site-packages/airflow/example_dags/example_kubernetes_executor.py
[2024-06-18T11:09:54.446+0545] {processor.py:830} INFO - Processing file /home/manisha/airflow_env/lib/python3.10/site-packages/airflow/example_dags/example_kubernetes_executor.py for tasks to queue
[2024-06-18T11:09:54.449+0545] {logging_mixin.py:188} INFO - [2024-06-18T11:09:54.448+0545] {dagbag.py:545} INFO - Filling up the DagBag from /home/manisha/airflow_env/lib/python3.10/site-packages/airflow/example_dags/example_kubernetes_executor.py
[2024-06-18T11:09:54.457+0545] {logging_mixin.py:188} INFO - [2024-06-18T11:09:54.456+0545] {example_kubernetes_executor.py:39} WARNING - The example_kubernetes_executor example DAG requires the kubernetes provider. Please install it with: pip install apache-airflow[cncf.kubernetes]
[2024-06-18T11:09:54.458+0545] {processor.py:842} WARNING - No viable dags retrieved from /home/manisha/airflow_env/lib/python3.10/site-packages/airflow/example_dags/example_kubernetes_executor.py
[2024-06-18T11:09:54.481+0545] {processor.py:183} INFO - Processing /home/manisha/airflow_env/lib/python3.10/site-packages/airflow/example_dags/example_kubernetes_executor.py took 0.074 seconds
[2024-06-18T11:44:03.671+0545] {processor.py:161} INFO - Started process (PID=8343) to work on /home/manisha/airflow_env/lib/python3.10/site-packages/airflow/example_dags/example_kubernetes_executor.py
[2024-06-18T11:44:03.673+0545] {processor.py:830} INFO - Processing file /home/manisha/airflow_env/lib/python3.10/site-packages/airflow/example_dags/example_kubernetes_executor.py for tasks to queue
[2024-06-18T11:44:03.675+0545] {logging_mixin.py:188} INFO - [2024-06-18T11:44:03.674+0545] {dagbag.py:545} INFO - Filling up the DagBag from /home/manisha/airflow_env/lib/python3.10/site-packages/airflow/example_dags/example_kubernetes_executor.py
[2024-06-18T11:44:03.678+0545] {logging_mixin.py:188} INFO - [2024-06-18T11:44:03.678+0545] {example_kubernetes_executor.py:39} WARNING - The example_kubernetes_executor example DAG requires the kubernetes provider. Please install it with: pip install apache-airflow[cncf.kubernetes]
[2024-06-18T11:44:03.678+0545] {processor.py:842} WARNING - No viable dags retrieved from /home/manisha/airflow_env/lib/python3.10/site-packages/airflow/example_dags/example_kubernetes_executor.py
[2024-06-18T11:44:03.701+0545] {processor.py:183} INFO - Processing /home/manisha/airflow_env/lib/python3.10/site-packages/airflow/example_dags/example_kubernetes_executor.py took 0.038 seconds
[2024-06-18T11:44:39.214+0545] {processor.py:161} INFO - Started process (PID=8398) to work on /home/manisha/airflow_env/lib/python3.10/site-packages/airflow/example_dags/example_kubernetes_executor.py
[2024-06-18T11:44:39.236+0545] {processor.py:830} INFO - Processing file /home/manisha/airflow_env/lib/python3.10/site-packages/airflow/example_dags/example_kubernetes_executor.py for tasks to queue
[2024-06-18T11:44:39.237+0545] {logging_mixin.py:188} INFO - [2024-06-18T11:44:39.237+0545] {dagbag.py:545} INFO - Filling up the DagBag from /home/manisha/airflow_env/lib/python3.10/site-packages/airflow/example_dags/example_kubernetes_executor.py
[2024-06-18T11:44:39.240+0545] {logging_mixin.py:188} INFO - [2024-06-18T11:44:39.240+0545] {example_kubernetes_executor.py:39} WARNING - The example_kubernetes_executor example DAG requires the kubernetes provider. Please install it with: pip install apache-airflow[cncf.kubernetes]
[2024-06-18T11:44:39.240+0545] {processor.py:842} WARNING - No viable dags retrieved from /home/manisha/airflow_env/lib/python3.10/site-packages/airflow/example_dags/example_kubernetes_executor.py
[2024-06-18T11:44:39.258+0545] {processor.py:183} INFO - Processing /home/manisha/airflow_env/lib/python3.10/site-packages/airflow/example_dags/example_kubernetes_executor.py took 0.051 seconds
[2024-06-18T11:45:10.010+0545] {processor.py:161} INFO - Started process (PID=8452) to work on /home/manisha/airflow_env/lib/python3.10/site-packages/airflow/example_dags/example_kubernetes_executor.py
[2024-06-18T11:45:10.011+0545] {processor.py:830} INFO - Processing file /home/manisha/airflow_env/lib/python3.10/site-packages/airflow/example_dags/example_kubernetes_executor.py for tasks to queue
[2024-06-18T11:45:10.013+0545] {logging_mixin.py:188} INFO - [2024-06-18T11:45:10.012+0545] {dagbag.py:545} INFO - Filling up the DagBag from /home/manisha/airflow_env/lib/python3.10/site-packages/airflow/example_dags/example_kubernetes_executor.py
[2024-06-18T11:45:10.017+0545] {logging_mixin.py:188} INFO - [2024-06-18T11:45:10.016+0545] {example_kubernetes_executor.py:39} WARNING - The example_kubernetes_executor example DAG requires the kubernetes provider. Please install it with: pip install apache-airflow[cncf.kubernetes]
[2024-06-18T11:45:10.017+0545] {processor.py:842} WARNING - No viable dags retrieved from /home/manisha/airflow_env/lib/python3.10/site-packages/airflow/example_dags/example_kubernetes_executor.py
[2024-06-18T11:45:10.044+0545] {processor.py:183} INFO - Processing /home/manisha/airflow_env/lib/python3.10/site-packages/airflow/example_dags/example_kubernetes_executor.py took 0.042 seconds
[2024-06-18T11:45:41.011+0545] {processor.py:161} INFO - Started process (PID=8504) to work on /home/manisha/airflow_env/lib/python3.10/site-packages/airflow/example_dags/example_kubernetes_executor.py
[2024-06-18T11:45:41.018+0545] {processor.py:830} INFO - Processing file /home/manisha/airflow_env/lib/python3.10/site-packages/airflow/example_dags/example_kubernetes_executor.py for tasks to queue
[2024-06-18T11:45:41.019+0545] {logging_mixin.py:188} INFO - [2024-06-18T11:45:41.019+0545] {dagbag.py:545} INFO - Filling up the DagBag from /home/manisha/airflow_env/lib/python3.10/site-packages/airflow/example_dags/example_kubernetes_executor.py
[2024-06-18T11:45:41.022+0545] {logging_mixin.py:188} INFO - [2024-06-18T11:45:41.022+0545] {example_kubernetes_executor.py:39} WARNING - The example_kubernetes_executor example DAG requires the kubernetes provider. Please install it with: pip install apache-airflow[cncf.kubernetes]
[2024-06-18T11:45:41.022+0545] {processor.py:842} WARNING - No viable dags retrieved from /home/manisha/airflow_env/lib/python3.10/site-packages/airflow/example_dags/example_kubernetes_executor.py
[2024-06-18T11:45:41.039+0545] {processor.py:183} INFO - Processing /home/manisha/airflow_env/lib/python3.10/site-packages/airflow/example_dags/example_kubernetes_executor.py took 0.035 seconds
[2024-06-18T11:46:11.647+0545] {processor.py:161} INFO - Started process (PID=8556) to work on /home/manisha/airflow_env/lib/python3.10/site-packages/airflow/example_dags/example_kubernetes_executor.py
[2024-06-18T11:46:11.648+0545] {processor.py:830} INFO - Processing file /home/manisha/airflow_env/lib/python3.10/site-packages/airflow/example_dags/example_kubernetes_executor.py for tasks to queue
[2024-06-18T11:46:11.649+0545] {logging_mixin.py:188} INFO - [2024-06-18T11:46:11.649+0545] {dagbag.py:545} INFO - Filling up the DagBag from /home/manisha/airflow_env/lib/python3.10/site-packages/airflow/example_dags/example_kubernetes_executor.py
[2024-06-18T11:46:11.651+0545] {logging_mixin.py:188} INFO - [2024-06-18T11:46:11.651+0545] {example_kubernetes_executor.py:39} WARNING - The example_kubernetes_executor example DAG requires the kubernetes provider. Please install it with: pip install apache-airflow[cncf.kubernetes]
[2024-06-18T11:46:11.651+0545] {processor.py:842} WARNING - No viable dags retrieved from /home/manisha/airflow_env/lib/python3.10/site-packages/airflow/example_dags/example_kubernetes_executor.py
[2024-06-18T11:46:11.668+0545] {processor.py:183} INFO - Processing /home/manisha/airflow_env/lib/python3.10/site-packages/airflow/example_dags/example_kubernetes_executor.py took 0.026 seconds
[2024-06-18T11:46:42.267+0545] {processor.py:161} INFO - Started process (PID=8607) to work on /home/manisha/airflow_env/lib/python3.10/site-packages/airflow/example_dags/example_kubernetes_executor.py
[2024-06-18T11:46:42.296+0545] {processor.py:830} INFO - Processing file /home/manisha/airflow_env/lib/python3.10/site-packages/airflow/example_dags/example_kubernetes_executor.py for tasks to queue
[2024-06-18T11:46:42.297+0545] {logging_mixin.py:188} INFO - [2024-06-18T11:46:42.297+0545] {dagbag.py:545} INFO - Filling up the DagBag from /home/manisha/airflow_env/lib/python3.10/site-packages/airflow/example_dags/example_kubernetes_executor.py
[2024-06-18T11:46:42.300+0545] {logging_mixin.py:188} INFO - [2024-06-18T11:46:42.300+0545] {example_kubernetes_executor.py:39} WARNING - The example_kubernetes_executor example DAG requires the kubernetes provider. Please install it with: pip install apache-airflow[cncf.kubernetes]
[2024-06-18T11:46:42.300+0545] {processor.py:842} WARNING - No viable dags retrieved from /home/manisha/airflow_env/lib/python3.10/site-packages/airflow/example_dags/example_kubernetes_executor.py
[2024-06-18T11:46:42.316+0545] {processor.py:183} INFO - Processing /home/manisha/airflow_env/lib/python3.10/site-packages/airflow/example_dags/example_kubernetes_executor.py took 0.055 seconds
[2024-06-18T11:47:12.819+0545] {processor.py:161} INFO - Started process (PID=8658) to work on /home/manisha/airflow_env/lib/python3.10/site-packages/airflow/example_dags/example_kubernetes_executor.py
[2024-06-18T11:47:12.820+0545] {processor.py:830} INFO - Processing file /home/manisha/airflow_env/lib/python3.10/site-packages/airflow/example_dags/example_kubernetes_executor.py for tasks to queue
[2024-06-18T11:47:12.821+0545] {logging_mixin.py:188} INFO - [2024-06-18T11:47:12.821+0545] {dagbag.py:545} INFO - Filling up the DagBag from /home/manisha/airflow_env/lib/python3.10/site-packages/airflow/example_dags/example_kubernetes_executor.py
[2024-06-18T11:47:12.824+0545] {logging_mixin.py:188} INFO - [2024-06-18T11:47:12.824+0545] {example_kubernetes_executor.py:39} WARNING - The example_kubernetes_executor example DAG requires the kubernetes provider. Please install it with: pip install apache-airflow[cncf.kubernetes]
[2024-06-18T11:47:12.825+0545] {processor.py:842} WARNING - No viable dags retrieved from /home/manisha/airflow_env/lib/python3.10/site-packages/airflow/example_dags/example_kubernetes_executor.py
[2024-06-18T11:47:12.841+0545] {processor.py:183} INFO - Processing /home/manisha/airflow_env/lib/python3.10/site-packages/airflow/example_dags/example_kubernetes_executor.py took 0.031 seconds
[2024-06-18T11:47:43.104+0545] {processor.py:161} INFO - Started process (PID=8710) to work on /home/manisha/airflow_env/lib/python3.10/site-packages/airflow/example_dags/example_kubernetes_executor.py
[2024-06-18T11:47:43.115+0545] {processor.py:830} INFO - Processing file /home/manisha/airflow_env/lib/python3.10/site-packages/airflow/example_dags/example_kubernetes_executor.py for tasks to queue
[2024-06-18T11:47:43.116+0545] {logging_mixin.py:188} INFO - [2024-06-18T11:47:43.116+0545] {dagbag.py:545} INFO - Filling up the DagBag from /home/manisha/airflow_env/lib/python3.10/site-packages/airflow/example_dags/example_kubernetes_executor.py
[2024-06-18T11:47:43.119+0545] {logging_mixin.py:188} INFO - [2024-06-18T11:47:43.118+0545] {example_kubernetes_executor.py:39} WARNING - The example_kubernetes_executor example DAG requires the kubernetes provider. Please install it with: pip install apache-airflow[cncf.kubernetes]
[2024-06-18T11:47:43.119+0545] {processor.py:842} WARNING - No viable dags retrieved from /home/manisha/airflow_env/lib/python3.10/site-packages/airflow/example_dags/example_kubernetes_executor.py
[2024-06-18T11:47:43.136+0545] {processor.py:183} INFO - Processing /home/manisha/airflow_env/lib/python3.10/site-packages/airflow/example_dags/example_kubernetes_executor.py took 0.039 seconds
[2024-06-18T11:48:33.398+0545] {processor.py:161} INFO - Started process (PID=8795) to work on /home/manisha/airflow_env/lib/python3.10/site-packages/airflow/example_dags/example_kubernetes_executor.py
[2024-06-18T11:48:33.410+0545] {processor.py:830} INFO - Processing file /home/manisha/airflow_env/lib/python3.10/site-packages/airflow/example_dags/example_kubernetes_executor.py for tasks to queue
[2024-06-18T11:48:33.412+0545] {logging_mixin.py:188} INFO - [2024-06-18T11:48:33.411+0545] {dagbag.py:545} INFO - Filling up the DagBag from /home/manisha/airflow_env/lib/python3.10/site-packages/airflow/example_dags/example_kubernetes_executor.py
[2024-06-18T11:48:33.414+0545] {logging_mixin.py:188} INFO - [2024-06-18T11:48:33.414+0545] {example_kubernetes_executor.py:39} WARNING - The example_kubernetes_executor example DAG requires the kubernetes provider. Please install it with: pip install apache-airflow[cncf.kubernetes]
[2024-06-18T11:48:33.414+0545] {processor.py:842} WARNING - No viable dags retrieved from /home/manisha/airflow_env/lib/python3.10/site-packages/airflow/example_dags/example_kubernetes_executor.py
[2024-06-18T11:48:33.428+0545] {processor.py:183} INFO - Processing /home/manisha/airflow_env/lib/python3.10/site-packages/airflow/example_dags/example_kubernetes_executor.py took 0.035 seconds
[2024-06-18T11:49:12.217+0545] {processor.py:161} INFO - Started process (PID=8908) to work on /home/manisha/airflow_env/lib/python3.10/site-packages/airflow/example_dags/example_kubernetes_executor.py
[2024-06-18T11:49:12.229+0545] {processor.py:830} INFO - Processing file /home/manisha/airflow_env/lib/python3.10/site-packages/airflow/example_dags/example_kubernetes_executor.py for tasks to queue
[2024-06-18T11:49:12.231+0545] {logging_mixin.py:188} INFO - [2024-06-18T11:49:12.230+0545] {dagbag.py:545} INFO - Filling up the DagBag from /home/manisha/airflow_env/lib/python3.10/site-packages/airflow/example_dags/example_kubernetes_executor.py
[2024-06-18T11:49:12.234+0545] {logging_mixin.py:188} INFO - [2024-06-18T11:49:12.234+0545] {example_kubernetes_executor.py:39} WARNING - The example_kubernetes_executor example DAG requires the kubernetes provider. Please install it with: pip install apache-airflow[cncf.kubernetes]
[2024-06-18T11:49:12.234+0545] {processor.py:842} WARNING - No viable dags retrieved from /home/manisha/airflow_env/lib/python3.10/site-packages/airflow/example_dags/example_kubernetes_executor.py
[2024-06-18T11:49:12.251+0545] {processor.py:183} INFO - Processing /home/manisha/airflow_env/lib/python3.10/site-packages/airflow/example_dags/example_kubernetes_executor.py took 0.039 seconds
[2024-06-18T11:49:42.454+0545] {processor.py:161} INFO - Started process (PID=8973) to work on /home/manisha/airflow_env/lib/python3.10/site-packages/airflow/example_dags/example_kubernetes_executor.py
[2024-06-18T11:49:42.456+0545] {processor.py:830} INFO - Processing file /home/manisha/airflow_env/lib/python3.10/site-packages/airflow/example_dags/example_kubernetes_executor.py for tasks to queue
[2024-06-18T11:49:42.460+0545] {logging_mixin.py:188} INFO - [2024-06-18T11:49:42.460+0545] {dagbag.py:545} INFO - Filling up the DagBag from /home/manisha/airflow_env/lib/python3.10/site-packages/airflow/example_dags/example_kubernetes_executor.py
[2024-06-18T11:49:42.465+0545] {logging_mixin.py:188} INFO - [2024-06-18T11:49:42.465+0545] {example_kubernetes_executor.py:39} WARNING - The example_kubernetes_executor example DAG requires the kubernetes provider. Please install it with: pip install apache-airflow[cncf.kubernetes]
[2024-06-18T11:49:42.465+0545] {processor.py:842} WARNING - No viable dags retrieved from /home/manisha/airflow_env/lib/python3.10/site-packages/airflow/example_dags/example_kubernetes_executor.py
[2024-06-18T11:49:42.485+0545] {processor.py:183} INFO - Processing /home/manisha/airflow_env/lib/python3.10/site-packages/airflow/example_dags/example_kubernetes_executor.py took 0.041 seconds
[2024-06-18T11:50:13.135+0545] {processor.py:161} INFO - Started process (PID=9026) to work on /home/manisha/airflow_env/lib/python3.10/site-packages/airflow/example_dags/example_kubernetes_executor.py
[2024-06-18T11:50:13.174+0545] {processor.py:830} INFO - Processing file /home/manisha/airflow_env/lib/python3.10/site-packages/airflow/example_dags/example_kubernetes_executor.py for tasks to queue
[2024-06-18T11:50:13.175+0545] {logging_mixin.py:188} INFO - [2024-06-18T11:50:13.175+0545] {dagbag.py:545} INFO - Filling up the DagBag from /home/manisha/airflow_env/lib/python3.10/site-packages/airflow/example_dags/example_kubernetes_executor.py
[2024-06-18T11:50:13.178+0545] {logging_mixin.py:188} INFO - [2024-06-18T11:50:13.178+0545] {example_kubernetes_executor.py:39} WARNING - The example_kubernetes_executor example DAG requires the kubernetes provider. Please install it with: pip install apache-airflow[cncf.kubernetes]
[2024-06-18T11:50:13.178+0545] {processor.py:842} WARNING - No viable dags retrieved from /home/manisha/airflow_env/lib/python3.10/site-packages/airflow/example_dags/example_kubernetes_executor.py
[2024-06-18T11:50:13.194+0545] {processor.py:183} INFO - Processing /home/manisha/airflow_env/lib/python3.10/site-packages/airflow/example_dags/example_kubernetes_executor.py took 0.064 seconds
[2024-06-18T11:50:43.675+0545] {processor.py:161} INFO - Started process (PID=9084) to work on /home/manisha/airflow_env/lib/python3.10/site-packages/airflow/example_dags/example_kubernetes_executor.py
[2024-06-18T11:50:43.675+0545] {processor.py:830} INFO - Processing file /home/manisha/airflow_env/lib/python3.10/site-packages/airflow/example_dags/example_kubernetes_executor.py for tasks to queue
[2024-06-18T11:50:43.676+0545] {logging_mixin.py:188} INFO - [2024-06-18T11:50:43.676+0545] {dagbag.py:545} INFO - Filling up the DagBag from /home/manisha/airflow_env/lib/python3.10/site-packages/airflow/example_dags/example_kubernetes_executor.py
[2024-06-18T11:50:43.678+0545] {logging_mixin.py:188} INFO - [2024-06-18T11:50:43.678+0545] {example_kubernetes_executor.py:39} WARNING - The example_kubernetes_executor example DAG requires the kubernetes provider. Please install it with: pip install apache-airflow[cncf.kubernetes]
[2024-06-18T11:50:43.679+0545] {processor.py:842} WARNING - No viable dags retrieved from /home/manisha/airflow_env/lib/python3.10/site-packages/airflow/example_dags/example_kubernetes_executor.py
[2024-06-18T11:50:43.694+0545] {processor.py:183} INFO - Processing /home/manisha/airflow_env/lib/python3.10/site-packages/airflow/example_dags/example_kubernetes_executor.py took 0.024 seconds
[2024-06-18T11:51:03.361+0545] {processor.py:161} INFO - Started process (PID=9504) to work on /home/manisha/airflow_env/lib/python3.10/site-packages/airflow/example_dags/example_kubernetes_executor.py
[2024-06-18T11:51:03.405+0545] {processor.py:830} INFO - Processing file /home/manisha/airflow_env/lib/python3.10/site-packages/airflow/example_dags/example_kubernetes_executor.py for tasks to queue
[2024-06-18T11:51:03.407+0545] {logging_mixin.py:188} INFO - [2024-06-18T11:51:03.407+0545] {dagbag.py:545} INFO - Filling up the DagBag from /home/manisha/airflow_env/lib/python3.10/site-packages/airflow/example_dags/example_kubernetes_executor.py
[2024-06-18T11:51:03.415+0545] {logging_mixin.py:188} INFO - [2024-06-18T11:51:03.414+0545] {example_kubernetes_executor.py:39} WARNING - The example_kubernetes_executor example DAG requires the kubernetes provider. Please install it with: pip install apache-airflow[cncf.kubernetes]
[2024-06-18T11:51:03.416+0545] {processor.py:842} WARNING - No viable dags retrieved from /home/manisha/airflow_env/lib/python3.10/site-packages/airflow/example_dags/example_kubernetes_executor.py
[2024-06-18T11:51:03.454+0545] {processor.py:183} INFO - Processing /home/manisha/airflow_env/lib/python3.10/site-packages/airflow/example_dags/example_kubernetes_executor.py took 0.111 seconds
[2024-06-18T11:51:38.300+0545] {processor.py:161} INFO - Started process (PID=9764) to work on /home/manisha/airflow_env/lib/python3.10/site-packages/airflow/example_dags/example_kubernetes_executor.py
[2024-06-18T11:51:38.309+0545] {processor.py:830} INFO - Processing file /home/manisha/airflow_env/lib/python3.10/site-packages/airflow/example_dags/example_kubernetes_executor.py for tasks to queue
[2024-06-18T11:51:38.311+0545] {logging_mixin.py:188} INFO - [2024-06-18T11:51:38.310+0545] {dagbag.py:545} INFO - Filling up the DagBag from /home/manisha/airflow_env/lib/python3.10/site-packages/airflow/example_dags/example_kubernetes_executor.py
[2024-06-18T11:51:38.314+0545] {logging_mixin.py:188} INFO - [2024-06-18T11:51:38.313+0545] {example_kubernetes_executor.py:39} WARNING - The example_kubernetes_executor example DAG requires the kubernetes provider. Please install it with: pip install apache-airflow[cncf.kubernetes]
[2024-06-18T11:51:38.315+0545] {processor.py:842} WARNING - No viable dags retrieved from /home/manisha/airflow_env/lib/python3.10/site-packages/airflow/example_dags/example_kubernetes_executor.py
[2024-06-18T11:51:38.339+0545] {processor.py:183} INFO - Processing /home/manisha/airflow_env/lib/python3.10/site-packages/airflow/example_dags/example_kubernetes_executor.py took 0.047 seconds
