[2024-06-18T10:56:36.942+0545] {processor.py:161} INFO - Started process (PID=4020) to work on /home/manisha/airflow_env/lib/python3.10/site-packages/airflow/example_dags/example_short_circuit_decorator.py
[2024-06-18T10:56:36.943+0545] {processor.py:830} INFO - Processing file /home/manisha/airflow_env/lib/python3.10/site-packages/airflow/example_dags/example_short_circuit_decorator.py for tasks to queue
[2024-06-18T10:56:36.944+0545] {logging_mixin.py:188} INFO - [2024-06-18T10:56:36.944+0545] {dagbag.py:545} INFO - Filling up the DagBag from /home/manisha/airflow_env/lib/python3.10/site-packages/airflow/example_dags/example_short_circuit_decorator.py
[2024-06-18T10:56:36.958+0545] {processor.py:840} INFO - DAG(s) 'example_short_circuit_decorator' retrieved from /home/manisha/airflow_env/lib/python3.10/site-packages/airflow/example_dags/example_short_circuit_decorator.py
[2024-06-18T10:56:37.213+0545] {logging_mixin.py:188} INFO - [2024-06-18T10:56:37.211+0545] {override.py:1829} INFO - Created Permission View: can edit on DAG:example_short_circuit_decorator
[2024-06-18T10:56:37.291+0545] {logging_mixin.py:188} INFO - [2024-06-18T10:56:37.289+0545] {override.py:1829} INFO - Created Permission View: can read on DAG:example_short_circuit_decorator
[2024-06-18T10:56:37.359+0545] {logging_mixin.py:188} INFO - [2024-06-18T10:56:37.357+0545] {override.py:1829} INFO - Created Permission View: can delete on DAG:example_short_circuit_decorator
[2024-06-18T10:56:37.361+0545] {logging_mixin.py:188} INFO - [2024-06-18T10:56:37.360+0545] {dag.py:3096} INFO - Sync 1 DAGs
[2024-06-18T10:56:37.394+0545] {logging_mixin.py:188} INFO - [2024-06-18T10:56:37.393+0545] {dag.py:3118} INFO - Creating ORM DAG for example_short_circuit_decorator
[2024-06-18T10:56:37.405+0545] {logging_mixin.py:188} INFO - [2024-06-18T10:56:37.404+0545] {dag.py:3954} INFO - Setting next_dagrun for example_short_circuit_decorator to 2024-06-17 00:00:00+00:00, run_after=2024-06-18 00:00:00+00:00
[2024-06-18T10:56:37.477+0545] {processor.py:183} INFO - Processing /home/manisha/airflow_env/lib/python3.10/site-packages/airflow/example_dags/example_short_circuit_decorator.py took 0.540 seconds
[2024-06-18T10:58:01.820+0545] {processor.py:161} INFO - Started process (PID=4110) to work on /home/manisha/airflow_env/lib/python3.10/site-packages/airflow/example_dags/example_short_circuit_decorator.py
[2024-06-18T10:58:01.822+0545] {processor.py:830} INFO - Processing file /home/manisha/airflow_env/lib/python3.10/site-packages/airflow/example_dags/example_short_circuit_decorator.py for tasks to queue
[2024-06-18T10:58:01.824+0545] {logging_mixin.py:188} INFO - [2024-06-18T10:58:01.823+0545] {dagbag.py:545} INFO - Filling up the DagBag from /home/manisha/airflow_env/lib/python3.10/site-packages/airflow/example_dags/example_short_circuit_decorator.py
[2024-06-18T10:58:01.838+0545] {processor.py:840} INFO - DAG(s) 'example_short_circuit_decorator' retrieved from /home/manisha/airflow_env/lib/python3.10/site-packages/airflow/example_dags/example_short_circuit_decorator.py
[2024-06-18T10:58:01.859+0545] {logging_mixin.py:188} INFO - [2024-06-18T10:58:01.859+0545] {dag.py:3096} INFO - Sync 1 DAGs
[2024-06-18T10:58:01.884+0545] {logging_mixin.py:188} INFO - [2024-06-18T10:58:01.883+0545] {dag.py:3954} INFO - Setting next_dagrun for example_short_circuit_decorator to 2024-06-17 00:00:00+00:00, run_after=2024-06-18 00:00:00+00:00
[2024-06-18T10:58:02.020+0545] {processor.py:183} INFO - Processing /home/manisha/airflow_env/lib/python3.10/site-packages/airflow/example_dags/example_short_circuit_decorator.py took 0.211 seconds
[2024-06-18T10:58:41.787+0545] {processor.py:161} INFO - Started process (PID=4170) to work on /home/manisha/airflow_env/lib/python3.10/site-packages/airflow/example_dags/example_short_circuit_decorator.py
[2024-06-18T10:58:41.789+0545] {processor.py:830} INFO - Processing file /home/manisha/airflow_env/lib/python3.10/site-packages/airflow/example_dags/example_short_circuit_decorator.py for tasks to queue
[2024-06-18T10:58:41.791+0545] {logging_mixin.py:188} INFO - [2024-06-18T10:58:41.790+0545] {dagbag.py:545} INFO - Filling up the DagBag from /home/manisha/airflow_env/lib/python3.10/site-packages/airflow/example_dags/example_short_circuit_decorator.py
[2024-06-18T10:58:41.801+0545] {processor.py:840} INFO - DAG(s) 'example_short_circuit_decorator' retrieved from /home/manisha/airflow_env/lib/python3.10/site-packages/airflow/example_dags/example_short_circuit_decorator.py
[2024-06-18T10:58:41.821+0545] {logging_mixin.py:188} INFO - [2024-06-18T10:58:41.821+0545] {dag.py:3096} INFO - Sync 1 DAGs
[2024-06-18T10:58:41.838+0545] {logging_mixin.py:188} INFO - [2024-06-18T10:58:41.838+0545] {dag.py:3954} INFO - Setting next_dagrun for example_short_circuit_decorator to 2024-06-17 00:00:00+00:00, run_after=2024-06-18 00:00:00+00:00
[2024-06-18T10:58:41.970+0545] {processor.py:183} INFO - Processing /home/manisha/airflow_env/lib/python3.10/site-packages/airflow/example_dags/example_short_circuit_decorator.py took 0.189 seconds
[2024-06-18T10:59:45.639+0545] {processor.py:161} INFO - Started process (PID=4223) to work on /home/manisha/airflow_env/lib/python3.10/site-packages/airflow/example_dags/example_short_circuit_decorator.py
[2024-06-18T10:59:45.676+0545] {processor.py:830} INFO - Processing file /home/manisha/airflow_env/lib/python3.10/site-packages/airflow/example_dags/example_short_circuit_decorator.py for tasks to queue
[2024-06-18T10:59:45.682+0545] {logging_mixin.py:188} INFO - [2024-06-18T10:59:45.681+0545] {dagbag.py:545} INFO - Filling up the DagBag from /home/manisha/airflow_env/lib/python3.10/site-packages/airflow/example_dags/example_short_circuit_decorator.py
[2024-06-18T10:59:45.713+0545] {processor.py:840} INFO - DAG(s) 'example_short_circuit_decorator' retrieved from /home/manisha/airflow_env/lib/python3.10/site-packages/airflow/example_dags/example_short_circuit_decorator.py
[2024-06-18T10:59:45.734+0545] {logging_mixin.py:188} INFO - [2024-06-18T10:59:45.734+0545] {dag.py:3096} INFO - Sync 1 DAGs
[2024-06-18T10:59:45.836+0545] {logging_mixin.py:188} INFO - [2024-06-18T10:59:45.835+0545] {dag.py:3954} INFO - Setting next_dagrun for example_short_circuit_decorator to 2024-06-17 00:00:00+00:00, run_after=2024-06-18 00:00:00+00:00
[2024-06-18T10:59:45.955+0545] {processor.py:183} INFO - Processing /home/manisha/airflow_env/lib/python3.10/site-packages/airflow/example_dags/example_short_circuit_decorator.py took 0.322 seconds
[2024-06-18T11:00:47.380+0545] {processor.py:161} INFO - Started process (PID=4366) to work on /home/manisha/airflow_env/lib/python3.10/site-packages/airflow/example_dags/example_short_circuit_decorator.py
[2024-06-18T11:00:47.412+0545] {processor.py:830} INFO - Processing file /home/manisha/airflow_env/lib/python3.10/site-packages/airflow/example_dags/example_short_circuit_decorator.py for tasks to queue
[2024-06-18T11:00:47.418+0545] {logging_mixin.py:188} INFO - [2024-06-18T11:00:47.416+0545] {dagbag.py:545} INFO - Filling up the DagBag from /home/manisha/airflow_env/lib/python3.10/site-packages/airflow/example_dags/example_short_circuit_decorator.py
[2024-06-18T11:00:47.448+0545] {processor.py:840} INFO - DAG(s) 'example_short_circuit_decorator' retrieved from /home/manisha/airflow_env/lib/python3.10/site-packages/airflow/example_dags/example_short_circuit_decorator.py
[2024-06-18T11:00:47.470+0545] {logging_mixin.py:188} INFO - [2024-06-18T11:00:47.470+0545] {dag.py:3096} INFO - Sync 1 DAGs
[2024-06-18T11:00:47.487+0545] {logging_mixin.py:188} INFO - [2024-06-18T11:00:47.487+0545] {dag.py:3954} INFO - Setting next_dagrun for example_short_circuit_decorator to 2024-06-17 00:00:00+00:00, run_after=2024-06-18 00:00:00+00:00
[2024-06-18T11:00:47.590+0545] {processor.py:183} INFO - Processing /home/manisha/airflow_env/lib/python3.10/site-packages/airflow/example_dags/example_short_circuit_decorator.py took 0.217 seconds
[2024-06-18T11:01:49.437+0545] {processor.py:161} INFO - Started process (PID=4418) to work on /home/manisha/airflow_env/lib/python3.10/site-packages/airflow/example_dags/example_short_circuit_decorator.py
[2024-06-18T11:01:49.468+0545] {processor.py:830} INFO - Processing file /home/manisha/airflow_env/lib/python3.10/site-packages/airflow/example_dags/example_short_circuit_decorator.py for tasks to queue
[2024-06-18T11:01:49.474+0545] {logging_mixin.py:188} INFO - [2024-06-18T11:01:49.472+0545] {dagbag.py:545} INFO - Filling up the DagBag from /home/manisha/airflow_env/lib/python3.10/site-packages/airflow/example_dags/example_short_circuit_decorator.py
[2024-06-18T11:01:49.505+0545] {processor.py:840} INFO - DAG(s) 'example_short_circuit_decorator' retrieved from /home/manisha/airflow_env/lib/python3.10/site-packages/airflow/example_dags/example_short_circuit_decorator.py
[2024-06-18T11:01:49.527+0545] {logging_mixin.py:188} INFO - [2024-06-18T11:01:49.527+0545] {dag.py:3096} INFO - Sync 1 DAGs
[2024-06-18T11:01:49.543+0545] {logging_mixin.py:188} INFO - [2024-06-18T11:01:49.543+0545] {dag.py:3954} INFO - Setting next_dagrun for example_short_circuit_decorator to 2024-06-17 00:00:00+00:00, run_after=2024-06-18 00:00:00+00:00
[2024-06-18T11:01:49.655+0545] {processor.py:183} INFO - Processing /home/manisha/airflow_env/lib/python3.10/site-packages/airflow/example_dags/example_short_circuit_decorator.py took 0.224 seconds
[2024-06-18T11:02:47.483+0545] {processor.py:161} INFO - Started process (PID=4469) to work on /home/manisha/airflow_env/lib/python3.10/site-packages/airflow/example_dags/example_short_circuit_decorator.py
[2024-06-18T11:02:47.518+0545] {processor.py:830} INFO - Processing file /home/manisha/airflow_env/lib/python3.10/site-packages/airflow/example_dags/example_short_circuit_decorator.py for tasks to queue
[2024-06-18T11:02:47.523+0545] {logging_mixin.py:188} INFO - [2024-06-18T11:02:47.522+0545] {dagbag.py:545} INFO - Filling up the DagBag from /home/manisha/airflow_env/lib/python3.10/site-packages/airflow/example_dags/example_short_circuit_decorator.py
[2024-06-18T11:02:47.553+0545] {processor.py:840} INFO - DAG(s) 'example_short_circuit_decorator' retrieved from /home/manisha/airflow_env/lib/python3.10/site-packages/airflow/example_dags/example_short_circuit_decorator.py
[2024-06-18T11:02:47.574+0545] {logging_mixin.py:188} INFO - [2024-06-18T11:02:47.574+0545] {dag.py:3096} INFO - Sync 1 DAGs
[2024-06-18T11:02:47.591+0545] {logging_mixin.py:188} INFO - [2024-06-18T11:02:47.591+0545] {dag.py:3954} INFO - Setting next_dagrun for example_short_circuit_decorator to 2024-06-17 00:00:00+00:00, run_after=2024-06-18 00:00:00+00:00
[2024-06-18T11:02:47.696+0545] {processor.py:183} INFO - Processing /home/manisha/airflow_env/lib/python3.10/site-packages/airflow/example_dags/example_short_circuit_decorator.py took 0.219 seconds
[2024-06-18T11:03:46.351+0545] {processor.py:161} INFO - Started process (PID=4522) to work on /home/manisha/airflow_env/lib/python3.10/site-packages/airflow/example_dags/example_short_circuit_decorator.py
[2024-06-18T11:03:46.352+0545] {processor.py:830} INFO - Processing file /home/manisha/airflow_env/lib/python3.10/site-packages/airflow/example_dags/example_short_circuit_decorator.py for tasks to queue
[2024-06-18T11:03:46.354+0545] {logging_mixin.py:188} INFO - [2024-06-18T11:03:46.353+0545] {dagbag.py:545} INFO - Filling up the DagBag from /home/manisha/airflow_env/lib/python3.10/site-packages/airflow/example_dags/example_short_circuit_decorator.py
[2024-06-18T11:03:46.364+0545] {processor.py:840} INFO - DAG(s) 'example_short_circuit_decorator' retrieved from /home/manisha/airflow_env/lib/python3.10/site-packages/airflow/example_dags/example_short_circuit_decorator.py
[2024-06-18T11:03:46.382+0545] {logging_mixin.py:188} INFO - [2024-06-18T11:03:46.382+0545] {dag.py:3096} INFO - Sync 1 DAGs
[2024-06-18T11:03:46.399+0545] {logging_mixin.py:188} INFO - [2024-06-18T11:03:46.399+0545] {dag.py:3954} INFO - Setting next_dagrun for example_short_circuit_decorator to 2024-06-17 00:00:00+00:00, run_after=2024-06-18 00:00:00+00:00
[2024-06-18T11:03:46.524+0545] {processor.py:183} INFO - Processing /home/manisha/airflow_env/lib/python3.10/site-packages/airflow/example_dags/example_short_circuit_decorator.py took 0.180 seconds
[2024-06-18T11:05:05.725+0545] {processor.py:161} INFO - Started process (PID=4587) to work on /home/manisha/airflow_env/lib/python3.10/site-packages/airflow/example_dags/example_short_circuit_decorator.py
[2024-06-18T11:05:05.751+0545] {processor.py:830} INFO - Processing file /home/manisha/airflow_env/lib/python3.10/site-packages/airflow/example_dags/example_short_circuit_decorator.py for tasks to queue
[2024-06-18T11:05:05.753+0545] {logging_mixin.py:188} INFO - [2024-06-18T11:05:05.753+0545] {dagbag.py:545} INFO - Filling up the DagBag from /home/manisha/airflow_env/lib/python3.10/site-packages/airflow/example_dags/example_short_circuit_decorator.py
[2024-06-18T11:05:05.770+0545] {processor.py:840} INFO - DAG(s) 'example_short_circuit_decorator' retrieved from /home/manisha/airflow_env/lib/python3.10/site-packages/airflow/example_dags/example_short_circuit_decorator.py
[2024-06-18T11:05:05.932+0545] {logging_mixin.py:188} INFO - [2024-06-18T11:05:05.931+0545] {dag.py:3096} INFO - Sync 1 DAGs
[2024-06-18T11:05:06.099+0545] {logging_mixin.py:188} INFO - [2024-06-18T11:05:06.098+0545] {dag.py:3954} INFO - Setting next_dagrun for example_short_circuit_decorator to 2024-06-17 00:00:00+00:00, run_after=2024-06-18 00:00:00+00:00
[2024-06-18T11:05:07.634+0545] {processor.py:183} INFO - Processing /home/manisha/airflow_env/lib/python3.10/site-packages/airflow/example_dags/example_short_circuit_decorator.py took 1.928 seconds
[2024-06-18T11:05:55.449+0545] {processor.py:161} INFO - Started process (PID=4760) to work on /home/manisha/airflow_env/lib/python3.10/site-packages/airflow/example_dags/example_short_circuit_decorator.py
[2024-06-18T11:05:55.521+0545] {processor.py:830} INFO - Processing file /home/manisha/airflow_env/lib/python3.10/site-packages/airflow/example_dags/example_short_circuit_decorator.py for tasks to queue
[2024-06-18T11:05:55.525+0545] {logging_mixin.py:188} INFO - [2024-06-18T11:05:55.524+0545] {dagbag.py:545} INFO - Filling up the DagBag from /home/manisha/airflow_env/lib/python3.10/site-packages/airflow/example_dags/example_short_circuit_decorator.py
[2024-06-18T11:05:55.553+0545] {processor.py:840} INFO - DAG(s) 'example_short_circuit_decorator' retrieved from /home/manisha/airflow_env/lib/python3.10/site-packages/airflow/example_dags/example_short_circuit_decorator.py
[2024-06-18T11:05:55.575+0545] {logging_mixin.py:188} INFO - [2024-06-18T11:05:55.575+0545] {dag.py:3096} INFO - Sync 1 DAGs
[2024-06-18T11:05:55.593+0545] {logging_mixin.py:188} INFO - [2024-06-18T11:05:55.592+0545] {dag.py:3954} INFO - Setting next_dagrun for example_short_circuit_decorator to 2024-06-17 00:00:00+00:00, run_after=2024-06-18 00:00:00+00:00
[2024-06-18T11:05:55.680+0545] {processor.py:183} INFO - Processing /home/manisha/airflow_env/lib/python3.10/site-packages/airflow/example_dags/example_short_circuit_decorator.py took 0.238 seconds
[2024-06-18T11:06:32.864+0545] {processor.py:161} INFO - Started process (PID=4796) to work on /home/manisha/airflow_env/lib/python3.10/site-packages/airflow/example_dags/example_short_circuit_decorator.py
[2024-06-18T11:06:32.903+0545] {processor.py:830} INFO - Processing file /home/manisha/airflow_env/lib/python3.10/site-packages/airflow/example_dags/example_short_circuit_decorator.py for tasks to queue
[2024-06-18T11:06:32.908+0545] {logging_mixin.py:188} INFO - [2024-06-18T11:06:32.907+0545] {dagbag.py:545} INFO - Filling up the DagBag from /home/manisha/airflow_env/lib/python3.10/site-packages/airflow/example_dags/example_short_circuit_decorator.py
[2024-06-18T11:06:32.937+0545] {processor.py:840} INFO - DAG(s) 'example_short_circuit_decorator' retrieved from /home/manisha/airflow_env/lib/python3.10/site-packages/airflow/example_dags/example_short_circuit_decorator.py
[2024-06-18T11:06:32.964+0545] {logging_mixin.py:188} INFO - [2024-06-18T11:06:32.963+0545] {dag.py:3096} INFO - Sync 1 DAGs
[2024-06-18T11:06:32.987+0545] {logging_mixin.py:188} INFO - [2024-06-18T11:06:32.986+0545] {dag.py:3954} INFO - Setting next_dagrun for example_short_circuit_decorator to 2024-06-17 00:00:00+00:00, run_after=2024-06-18 00:00:00+00:00
[2024-06-18T11:06:33.066+0545] {processor.py:183} INFO - Processing /home/manisha/airflow_env/lib/python3.10/site-packages/airflow/example_dags/example_short_circuit_decorator.py took 0.210 seconds
[2024-06-18T11:07:30.721+0545] {processor.py:161} INFO - Started process (PID=4942) to work on /home/manisha/airflow_env/lib/python3.10/site-packages/airflow/example_dags/example_short_circuit_decorator.py
[2024-06-18T11:07:30.724+0545] {processor.py:830} INFO - Processing file /home/manisha/airflow_env/lib/python3.10/site-packages/airflow/example_dags/example_short_circuit_decorator.py for tasks to queue
[2024-06-18T11:07:30.727+0545] {logging_mixin.py:188} INFO - [2024-06-18T11:07:30.726+0545] {dagbag.py:545} INFO - Filling up the DagBag from /home/manisha/airflow_env/lib/python3.10/site-packages/airflow/example_dags/example_short_circuit_decorator.py
[2024-06-18T11:07:30.741+0545] {processor.py:840} INFO - DAG(s) 'example_short_circuit_decorator' retrieved from /home/manisha/airflow_env/lib/python3.10/site-packages/airflow/example_dags/example_short_circuit_decorator.py
[2024-06-18T11:07:30.759+0545] {logging_mixin.py:188} INFO - [2024-06-18T11:07:30.758+0545] {dag.py:3096} INFO - Sync 1 DAGs
[2024-06-18T11:07:30.774+0545] {logging_mixin.py:188} INFO - [2024-06-18T11:07:30.774+0545] {dag.py:3954} INFO - Setting next_dagrun for example_short_circuit_decorator to 2024-06-17 00:00:00+00:00, run_after=2024-06-18 00:00:00+00:00
[2024-06-18T11:07:30.886+0545] {processor.py:183} INFO - Processing /home/manisha/airflow_env/lib/python3.10/site-packages/airflow/example_dags/example_short_circuit_decorator.py took 0.183 seconds
[2024-06-18T11:08:27.760+0545] {processor.py:161} INFO - Started process (PID=5188) to work on /home/manisha/airflow_env/lib/python3.10/site-packages/airflow/example_dags/example_short_circuit_decorator.py
[2024-06-18T11:08:27.785+0545] {processor.py:830} INFO - Processing file /home/manisha/airflow_env/lib/python3.10/site-packages/airflow/example_dags/example_short_circuit_decorator.py for tasks to queue
[2024-06-18T11:08:27.791+0545] {logging_mixin.py:188} INFO - [2024-06-18T11:08:27.790+0545] {dagbag.py:545} INFO - Filling up the DagBag from /home/manisha/airflow_env/lib/python3.10/site-packages/airflow/example_dags/example_short_circuit_decorator.py
[2024-06-18T11:08:27.818+0545] {processor.py:840} INFO - DAG(s) 'example_short_circuit_decorator' retrieved from /home/manisha/airflow_env/lib/python3.10/site-packages/airflow/example_dags/example_short_circuit_decorator.py
[2024-06-18T11:08:27.846+0545] {logging_mixin.py:188} INFO - [2024-06-18T11:08:27.845+0545] {dag.py:3096} INFO - Sync 1 DAGs
[2024-06-18T11:08:27.868+0545] {logging_mixin.py:188} INFO - [2024-06-18T11:08:27.868+0545] {dag.py:3954} INFO - Setting next_dagrun for example_short_circuit_decorator to 2024-06-17 00:00:00+00:00, run_after=2024-06-18 00:00:00+00:00
[2024-06-18T11:08:27.936+0545] {processor.py:183} INFO - Processing /home/manisha/airflow_env/lib/python3.10/site-packages/airflow/example_dags/example_short_circuit_decorator.py took 0.183 seconds
[2024-06-18T11:09:26.598+0545] {processor.py:161} INFO - Started process (PID=5640) to work on /home/manisha/airflow_env/lib/python3.10/site-packages/airflow/example_dags/example_short_circuit_decorator.py
[2024-06-18T11:09:26.635+0545] {processor.py:830} INFO - Processing file /home/manisha/airflow_env/lib/python3.10/site-packages/airflow/example_dags/example_short_circuit_decorator.py for tasks to queue
[2024-06-18T11:09:26.640+0545] {logging_mixin.py:188} INFO - [2024-06-18T11:09:26.638+0545] {dagbag.py:545} INFO - Filling up the DagBag from /home/manisha/airflow_env/lib/python3.10/site-packages/airflow/example_dags/example_short_circuit_decorator.py
[2024-06-18T11:09:26.667+0545] {processor.py:840} INFO - DAG(s) 'example_short_circuit_decorator' retrieved from /home/manisha/airflow_env/lib/python3.10/site-packages/airflow/example_dags/example_short_circuit_decorator.py
[2024-06-18T11:09:26.688+0545] {logging_mixin.py:188} INFO - [2024-06-18T11:09:26.688+0545] {dag.py:3096} INFO - Sync 1 DAGs
[2024-06-18T11:09:26.704+0545] {logging_mixin.py:188} INFO - [2024-06-18T11:09:26.704+0545] {dag.py:3954} INFO - Setting next_dagrun for example_short_circuit_decorator to 2024-06-17 00:00:00+00:00, run_after=2024-06-18 00:00:00+00:00
[2024-06-18T11:09:26.774+0545] {processor.py:183} INFO - Processing /home/manisha/airflow_env/lib/python3.10/site-packages/airflow/example_dags/example_short_circuit_decorator.py took 0.184 seconds
[2024-06-18T11:09:59.273+0545] {processor.py:161} INFO - Started process (PID=5671) to work on /home/manisha/airflow_env/lib/python3.10/site-packages/airflow/example_dags/example_short_circuit_decorator.py
[2024-06-18T11:09:59.275+0545] {processor.py:830} INFO - Processing file /home/manisha/airflow_env/lib/python3.10/site-packages/airflow/example_dags/example_short_circuit_decorator.py for tasks to queue
[2024-06-18T11:09:59.277+0545] {logging_mixin.py:188} INFO - [2024-06-18T11:09:59.276+0545] {dagbag.py:545} INFO - Filling up the DagBag from /home/manisha/airflow_env/lib/python3.10/site-packages/airflow/example_dags/example_short_circuit_decorator.py
[2024-06-18T11:09:59.288+0545] {processor.py:840} INFO - DAG(s) 'example_short_circuit_decorator' retrieved from /home/manisha/airflow_env/lib/python3.10/site-packages/airflow/example_dags/example_short_circuit_decorator.py
[2024-06-18T11:09:59.308+0545] {logging_mixin.py:188} INFO - [2024-06-18T11:09:59.307+0545] {dag.py:3096} INFO - Sync 1 DAGs
[2024-06-18T11:09:59.327+0545] {logging_mixin.py:188} INFO - [2024-06-18T11:09:59.327+0545] {dag.py:3954} INFO - Setting next_dagrun for example_short_circuit_decorator to 2024-06-17 00:00:00+00:00, run_after=2024-06-18 00:00:00+00:00
[2024-06-18T11:09:59.443+0545] {processor.py:183} INFO - Processing /home/manisha/airflow_env/lib/python3.10/site-packages/airflow/example_dags/example_short_circuit_decorator.py took 0.176 seconds
[2024-06-18T11:43:59.015+0545] {processor.py:161} INFO - Started process (PID=8290) to work on /home/manisha/airflow_env/lib/python3.10/site-packages/airflow/example_dags/example_short_circuit_decorator.py
[2024-06-18T11:43:59.063+0545] {processor.py:830} INFO - Processing file /home/manisha/airflow_env/lib/python3.10/site-packages/airflow/example_dags/example_short_circuit_decorator.py for tasks to queue
[2024-06-18T11:43:59.065+0545] {logging_mixin.py:188} INFO - [2024-06-18T11:43:59.065+0545] {dagbag.py:545} INFO - Filling up the DagBag from /home/manisha/airflow_env/lib/python3.10/site-packages/airflow/example_dags/example_short_circuit_decorator.py
[2024-06-18T11:43:59.075+0545] {processor.py:840} INFO - DAG(s) 'example_short_circuit_decorator' retrieved from /home/manisha/airflow_env/lib/python3.10/site-packages/airflow/example_dags/example_short_circuit_decorator.py
[2024-06-18T11:43:59.088+0545] {logging_mixin.py:188} INFO - [2024-06-18T11:43:59.088+0545] {dag.py:3096} INFO - Sync 1 DAGs
[2024-06-18T11:43:59.108+0545] {logging_mixin.py:188} INFO - [2024-06-18T11:43:59.108+0545] {dag.py:3954} INFO - Setting next_dagrun for example_short_circuit_decorator to 2024-06-17 00:00:00+00:00, run_after=2024-06-18 00:00:00+00:00
[2024-06-18T11:43:59.215+0545] {processor.py:183} INFO - Processing /home/manisha/airflow_env/lib/python3.10/site-packages/airflow/example_dags/example_short_circuit_decorator.py took 0.205 seconds
[2024-06-18T11:44:29.341+0545] {processor.py:161} INFO - Started process (PID=8353) to work on /home/manisha/airflow_env/lib/python3.10/site-packages/airflow/example_dags/example_short_circuit_decorator.py
[2024-06-18T11:44:29.343+0545] {processor.py:830} INFO - Processing file /home/manisha/airflow_env/lib/python3.10/site-packages/airflow/example_dags/example_short_circuit_decorator.py for tasks to queue
[2024-06-18T11:44:29.345+0545] {logging_mixin.py:188} INFO - [2024-06-18T11:44:29.344+0545] {dagbag.py:545} INFO - Filling up the DagBag from /home/manisha/airflow_env/lib/python3.10/site-packages/airflow/example_dags/example_short_circuit_decorator.py
[2024-06-18T11:44:29.353+0545] {processor.py:840} INFO - DAG(s) 'example_short_circuit_decorator' retrieved from /home/manisha/airflow_env/lib/python3.10/site-packages/airflow/example_dags/example_short_circuit_decorator.py
[2024-06-18T11:44:29.549+0545] {logging_mixin.py:188} INFO - [2024-06-18T11:44:29.549+0545] {dag.py:3096} INFO - Sync 1 DAGs
[2024-06-18T11:44:29.568+0545] {logging_mixin.py:188} INFO - [2024-06-18T11:44:29.568+0545] {dag.py:3954} INFO - Setting next_dagrun for example_short_circuit_decorator to 2024-06-17 00:00:00+00:00, run_after=2024-06-18 00:00:00+00:00
[2024-06-18T11:44:29.735+0545] {processor.py:183} INFO - Processing /home/manisha/airflow_env/lib/python3.10/site-packages/airflow/example_dags/example_short_circuit_decorator.py took 0.400 seconds
[2024-06-18T11:45:00.369+0545] {processor.py:161} INFO - Started process (PID=8404) to work on /home/manisha/airflow_env/lib/python3.10/site-packages/airflow/example_dags/example_short_circuit_decorator.py
[2024-06-18T11:45:00.382+0545] {processor.py:830} INFO - Processing file /home/manisha/airflow_env/lib/python3.10/site-packages/airflow/example_dags/example_short_circuit_decorator.py for tasks to queue
[2024-06-18T11:45:00.384+0545] {logging_mixin.py:188} INFO - [2024-06-18T11:45:00.383+0545] {dagbag.py:545} INFO - Filling up the DagBag from /home/manisha/airflow_env/lib/python3.10/site-packages/airflow/example_dags/example_short_circuit_decorator.py
[2024-06-18T11:45:00.393+0545] {processor.py:840} INFO - DAG(s) 'example_short_circuit_decorator' retrieved from /home/manisha/airflow_env/lib/python3.10/site-packages/airflow/example_dags/example_short_circuit_decorator.py
[2024-06-18T11:45:00.423+0545] {logging_mixin.py:188} INFO - [2024-06-18T11:45:00.423+0545] {dag.py:3096} INFO - Sync 1 DAGs
[2024-06-18T11:45:00.531+0545] {logging_mixin.py:188} INFO - [2024-06-18T11:45:00.531+0545] {dag.py:3954} INFO - Setting next_dagrun for example_short_circuit_decorator to 2024-06-17 00:00:00+00:00, run_after=2024-06-18 00:00:00+00:00
[2024-06-18T11:45:00.624+0545] {processor.py:183} INFO - Processing /home/manisha/airflow_env/lib/python3.10/site-packages/airflow/example_dags/example_short_circuit_decorator.py took 0.261 seconds
[2024-06-18T11:45:30.688+0545] {processor.py:161} INFO - Started process (PID=8458) to work on /home/manisha/airflow_env/lib/python3.10/site-packages/airflow/example_dags/example_short_circuit_decorator.py
[2024-06-18T11:45:30.689+0545] {processor.py:830} INFO - Processing file /home/manisha/airflow_env/lib/python3.10/site-packages/airflow/example_dags/example_short_circuit_decorator.py for tasks to queue
[2024-06-18T11:45:30.690+0545] {logging_mixin.py:188} INFO - [2024-06-18T11:45:30.690+0545] {dagbag.py:545} INFO - Filling up the DagBag from /home/manisha/airflow_env/lib/python3.10/site-packages/airflow/example_dags/example_short_circuit_decorator.py
[2024-06-18T11:45:30.700+0545] {processor.py:840} INFO - DAG(s) 'example_short_circuit_decorator' retrieved from /home/manisha/airflow_env/lib/python3.10/site-packages/airflow/example_dags/example_short_circuit_decorator.py
[2024-06-18T11:45:30.736+0545] {logging_mixin.py:188} INFO - [2024-06-18T11:45:30.736+0545] {dag.py:3096} INFO - Sync 1 DAGs
[2024-06-18T11:45:30.757+0545] {logging_mixin.py:188} INFO - [2024-06-18T11:45:30.757+0545] {dag.py:3954} INFO - Setting next_dagrun for example_short_circuit_decorator to 2024-06-17 00:00:00+00:00, run_after=2024-06-18 00:00:00+00:00
[2024-06-18T11:45:30.882+0545] {processor.py:183} INFO - Processing /home/manisha/airflow_env/lib/python3.10/site-packages/airflow/example_dags/example_short_circuit_decorator.py took 0.200 seconds
[2024-06-18T11:46:01.510+0545] {processor.py:161} INFO - Started process (PID=8511) to work on /home/manisha/airflow_env/lib/python3.10/site-packages/airflow/example_dags/example_short_circuit_decorator.py
[2024-06-18T11:46:01.511+0545] {processor.py:830} INFO - Processing file /home/manisha/airflow_env/lib/python3.10/site-packages/airflow/example_dags/example_short_circuit_decorator.py for tasks to queue
[2024-06-18T11:46:01.513+0545] {logging_mixin.py:188} INFO - [2024-06-18T11:46:01.512+0545] {dagbag.py:545} INFO - Filling up the DagBag from /home/manisha/airflow_env/lib/python3.10/site-packages/airflow/example_dags/example_short_circuit_decorator.py
[2024-06-18T11:46:01.521+0545] {processor.py:840} INFO - DAG(s) 'example_short_circuit_decorator' retrieved from /home/manisha/airflow_env/lib/python3.10/site-packages/airflow/example_dags/example_short_circuit_decorator.py
[2024-06-18T11:46:01.546+0545] {logging_mixin.py:188} INFO - [2024-06-18T11:46:01.546+0545] {dag.py:3096} INFO - Sync 1 DAGs
[2024-06-18T11:46:01.564+0545] {logging_mixin.py:188} INFO - [2024-06-18T11:46:01.564+0545] {dag.py:3954} INFO - Setting next_dagrun for example_short_circuit_decorator to 2024-06-17 00:00:00+00:00, run_after=2024-06-18 00:00:00+00:00
[2024-06-18T11:46:01.629+0545] {processor.py:183} INFO - Processing /home/manisha/airflow_env/lib/python3.10/site-packages/airflow/example_dags/example_short_circuit_decorator.py took 0.123 seconds
[2024-06-18T11:46:32.320+0545] {processor.py:161} INFO - Started process (PID=8562) to work on /home/manisha/airflow_env/lib/python3.10/site-packages/airflow/example_dags/example_short_circuit_decorator.py
[2024-06-18T11:46:32.321+0545] {processor.py:830} INFO - Processing file /home/manisha/airflow_env/lib/python3.10/site-packages/airflow/example_dags/example_short_circuit_decorator.py for tasks to queue
[2024-06-18T11:46:32.322+0545] {logging_mixin.py:188} INFO - [2024-06-18T11:46:32.322+0545] {dagbag.py:545} INFO - Filling up the DagBag from /home/manisha/airflow_env/lib/python3.10/site-packages/airflow/example_dags/example_short_circuit_decorator.py
[2024-06-18T11:46:32.330+0545] {processor.py:840} INFO - DAG(s) 'example_short_circuit_decorator' retrieved from /home/manisha/airflow_env/lib/python3.10/site-packages/airflow/example_dags/example_short_circuit_decorator.py
[2024-06-18T11:46:32.356+0545] {logging_mixin.py:188} INFO - [2024-06-18T11:46:32.355+0545] {dag.py:3096} INFO - Sync 1 DAGs
[2024-06-18T11:46:32.374+0545] {logging_mixin.py:188} INFO - [2024-06-18T11:46:32.374+0545] {dag.py:3954} INFO - Setting next_dagrun for example_short_circuit_decorator to 2024-06-17 00:00:00+00:00, run_after=2024-06-18 00:00:00+00:00
[2024-06-18T11:46:32.461+0545] {processor.py:183} INFO - Processing /home/manisha/airflow_env/lib/python3.10/site-packages/airflow/example_dags/example_short_circuit_decorator.py took 0.147 seconds
[2024-06-18T11:47:02.820+0545] {processor.py:161} INFO - Started process (PID=8613) to work on /home/manisha/airflow_env/lib/python3.10/site-packages/airflow/example_dags/example_short_circuit_decorator.py
[2024-06-18T11:47:02.845+0545] {processor.py:830} INFO - Processing file /home/manisha/airflow_env/lib/python3.10/site-packages/airflow/example_dags/example_short_circuit_decorator.py for tasks to queue
[2024-06-18T11:47:02.846+0545] {logging_mixin.py:188} INFO - [2024-06-18T11:47:02.846+0545] {dagbag.py:545} INFO - Filling up the DagBag from /home/manisha/airflow_env/lib/python3.10/site-packages/airflow/example_dags/example_short_circuit_decorator.py
[2024-06-18T11:47:02.855+0545] {processor.py:840} INFO - DAG(s) 'example_short_circuit_decorator' retrieved from /home/manisha/airflow_env/lib/python3.10/site-packages/airflow/example_dags/example_short_circuit_decorator.py
[2024-06-18T11:47:02.878+0545] {logging_mixin.py:188} INFO - [2024-06-18T11:47:02.878+0545] {dag.py:3096} INFO - Sync 1 DAGs
[2024-06-18T11:47:02.896+0545] {logging_mixin.py:188} INFO - [2024-06-18T11:47:02.896+0545] {dag.py:3954} INFO - Setting next_dagrun for example_short_circuit_decorator to 2024-06-17 00:00:00+00:00, run_after=2024-06-18 00:00:00+00:00
[2024-06-18T11:47:03.001+0545] {processor.py:183} INFO - Processing /home/manisha/airflow_env/lib/python3.10/site-packages/airflow/example_dags/example_short_circuit_decorator.py took 0.187 seconds
[2024-06-18T11:47:33.267+0545] {processor.py:161} INFO - Started process (PID=8664) to work on /home/manisha/airflow_env/lib/python3.10/site-packages/airflow/example_dags/example_short_circuit_decorator.py
[2024-06-18T11:47:33.267+0545] {processor.py:830} INFO - Processing file /home/manisha/airflow_env/lib/python3.10/site-packages/airflow/example_dags/example_short_circuit_decorator.py for tasks to queue
[2024-06-18T11:47:33.269+0545] {logging_mixin.py:188} INFO - [2024-06-18T11:47:33.268+0545] {dagbag.py:545} INFO - Filling up the DagBag from /home/manisha/airflow_env/lib/python3.10/site-packages/airflow/example_dags/example_short_circuit_decorator.py
[2024-06-18T11:47:33.277+0545] {processor.py:840} INFO - DAG(s) 'example_short_circuit_decorator' retrieved from /home/manisha/airflow_env/lib/python3.10/site-packages/airflow/example_dags/example_short_circuit_decorator.py
[2024-06-18T11:47:33.302+0545] {logging_mixin.py:188} INFO - [2024-06-18T11:47:33.301+0545] {dag.py:3096} INFO - Sync 1 DAGs
[2024-06-18T11:47:33.320+0545] {logging_mixin.py:188} INFO - [2024-06-18T11:47:33.320+0545] {dag.py:3954} INFO - Setting next_dagrun for example_short_circuit_decorator to 2024-06-17 00:00:00+00:00, run_after=2024-06-18 00:00:00+00:00
[2024-06-18T11:47:33.424+0545] {processor.py:183} INFO - Processing /home/manisha/airflow_env/lib/python3.10/site-packages/airflow/example_dags/example_short_circuit_decorator.py took 0.163 seconds
[2024-06-18T11:48:29.514+0545] {processor.py:161} INFO - Started process (PID=8739) to work on /home/manisha/airflow_env/lib/python3.10/site-packages/airflow/example_dags/example_short_circuit_decorator.py
[2024-06-18T11:48:29.516+0545] {processor.py:830} INFO - Processing file /home/manisha/airflow_env/lib/python3.10/site-packages/airflow/example_dags/example_short_circuit_decorator.py for tasks to queue
[2024-06-18T11:48:29.518+0545] {logging_mixin.py:188} INFO - [2024-06-18T11:48:29.517+0545] {dagbag.py:545} INFO - Filling up the DagBag from /home/manisha/airflow_env/lib/python3.10/site-packages/airflow/example_dags/example_short_circuit_decorator.py
[2024-06-18T11:48:29.528+0545] {processor.py:840} INFO - DAG(s) 'example_short_circuit_decorator' retrieved from /home/manisha/airflow_env/lib/python3.10/site-packages/airflow/example_dags/example_short_circuit_decorator.py
[2024-06-18T11:48:29.543+0545] {logging_mixin.py:188} INFO - [2024-06-18T11:48:29.543+0545] {dag.py:3096} INFO - Sync 1 DAGs
[2024-06-18T11:48:29.563+0545] {logging_mixin.py:188} INFO - [2024-06-18T11:48:29.562+0545] {dag.py:3954} INFO - Setting next_dagrun for example_short_circuit_decorator to 2024-06-17 00:00:00+00:00, run_after=2024-06-18 00:00:00+00:00
[2024-06-18T11:48:29.638+0545] {processor.py:183} INFO - Processing /home/manisha/airflow_env/lib/python3.10/site-packages/airflow/example_dags/example_short_circuit_decorator.py took 0.130 seconds
[2024-06-18T11:48:59.967+0545] {processor.py:161} INFO - Started process (PID=8854) to work on /home/manisha/airflow_env/lib/python3.10/site-packages/airflow/example_dags/example_short_circuit_decorator.py
[2024-06-18T11:48:59.993+0545] {processor.py:830} INFO - Processing file /home/manisha/airflow_env/lib/python3.10/site-packages/airflow/example_dags/example_short_circuit_decorator.py for tasks to queue
[2024-06-18T11:48:59.995+0545] {logging_mixin.py:188} INFO - [2024-06-18T11:48:59.994+0545] {dagbag.py:545} INFO - Filling up the DagBag from /home/manisha/airflow_env/lib/python3.10/site-packages/airflow/example_dags/example_short_circuit_decorator.py
[2024-06-18T11:49:00.010+0545] {processor.py:840} INFO - DAG(s) 'example_short_circuit_decorator' retrieved from /home/manisha/airflow_env/lib/python3.10/site-packages/airflow/example_dags/example_short_circuit_decorator.py
[2024-06-18T11:49:00.263+0545] {logging_mixin.py:188} INFO - [2024-06-18T11:49:00.263+0545] {dag.py:3096} INFO - Sync 1 DAGs
[2024-06-18T11:49:00.283+0545] {logging_mixin.py:188} INFO - [2024-06-18T11:49:00.283+0545] {dag.py:3954} INFO - Setting next_dagrun for example_short_circuit_decorator to 2024-06-17 00:00:00+00:00, run_after=2024-06-18 00:00:00+00:00
[2024-06-18T11:49:00.380+0545] {processor.py:183} INFO - Processing /home/manisha/airflow_env/lib/python3.10/site-packages/airflow/example_dags/example_short_circuit_decorator.py took 0.423 seconds
[2024-06-18T11:49:31.216+0545] {processor.py:161} INFO - Started process (PID=8925) to work on /home/manisha/airflow_env/lib/python3.10/site-packages/airflow/example_dags/example_short_circuit_decorator.py
[2024-06-18T11:49:31.217+0545] {processor.py:830} INFO - Processing file /home/manisha/airflow_env/lib/python3.10/site-packages/airflow/example_dags/example_short_circuit_decorator.py for tasks to queue
[2024-06-18T11:49:31.219+0545] {logging_mixin.py:188} INFO - [2024-06-18T11:49:31.219+0545] {dagbag.py:545} INFO - Filling up the DagBag from /home/manisha/airflow_env/lib/python3.10/site-packages/airflow/example_dags/example_short_circuit_decorator.py
[2024-06-18T11:49:31.229+0545] {processor.py:840} INFO - DAG(s) 'example_short_circuit_decorator' retrieved from /home/manisha/airflow_env/lib/python3.10/site-packages/airflow/example_dags/example_short_circuit_decorator.py
[2024-06-18T11:49:31.258+0545] {logging_mixin.py:188} INFO - [2024-06-18T11:49:31.257+0545] {dag.py:3096} INFO - Sync 1 DAGs
[2024-06-18T11:49:31.370+0545] {logging_mixin.py:188} INFO - [2024-06-18T11:49:31.369+0545] {dag.py:3954} INFO - Setting next_dagrun for example_short_circuit_decorator to 2024-06-17 00:00:00+00:00, run_after=2024-06-18 00:00:00+00:00
[2024-06-18T11:49:31.440+0545] {processor.py:183} INFO - Processing /home/manisha/airflow_env/lib/python3.10/site-packages/airflow/example_dags/example_short_circuit_decorator.py took 0.231 seconds
[2024-06-18T11:50:01.549+0545] {processor.py:161} INFO - Started process (PID=8981) to work on /home/manisha/airflow_env/lib/python3.10/site-packages/airflow/example_dags/example_short_circuit_decorator.py
[2024-06-18T11:50:01.550+0545] {processor.py:830} INFO - Processing file /home/manisha/airflow_env/lib/python3.10/site-packages/airflow/example_dags/example_short_circuit_decorator.py for tasks to queue
[2024-06-18T11:50:01.552+0545] {logging_mixin.py:188} INFO - [2024-06-18T11:50:01.551+0545] {dagbag.py:545} INFO - Filling up the DagBag from /home/manisha/airflow_env/lib/python3.10/site-packages/airflow/example_dags/example_short_circuit_decorator.py
[2024-06-18T11:50:01.569+0545] {processor.py:840} INFO - DAG(s) 'example_short_circuit_decorator' retrieved from /home/manisha/airflow_env/lib/python3.10/site-packages/airflow/example_dags/example_short_circuit_decorator.py
[2024-06-18T11:50:01.614+0545] {logging_mixin.py:188} INFO - [2024-06-18T11:50:01.613+0545] {dag.py:3096} INFO - Sync 1 DAGs
[2024-06-18T11:50:01.650+0545] {logging_mixin.py:188} INFO - [2024-06-18T11:50:01.650+0545] {dag.py:3954} INFO - Setting next_dagrun for example_short_circuit_decorator to 2024-06-17 00:00:00+00:00, run_after=2024-06-18 00:00:00+00:00
[2024-06-18T11:50:01.848+0545] {processor.py:183} INFO - Processing /home/manisha/airflow_env/lib/python3.10/site-packages/airflow/example_dags/example_short_circuit_decorator.py took 0.310 seconds
[2024-06-18T11:50:32.076+0545] {processor.py:161} INFO - Started process (PID=9040) to work on /home/manisha/airflow_env/lib/python3.10/site-packages/airflow/example_dags/example_short_circuit_decorator.py
[2024-06-18T11:50:32.111+0545] {processor.py:830} INFO - Processing file /home/manisha/airflow_env/lib/python3.10/site-packages/airflow/example_dags/example_short_circuit_decorator.py for tasks to queue
[2024-06-18T11:50:32.113+0545] {logging_mixin.py:188} INFO - [2024-06-18T11:50:32.113+0545] {dagbag.py:545} INFO - Filling up the DagBag from /home/manisha/airflow_env/lib/python3.10/site-packages/airflow/example_dags/example_short_circuit_decorator.py
[2024-06-18T11:50:32.125+0545] {processor.py:840} INFO - DAG(s) 'example_short_circuit_decorator' retrieved from /home/manisha/airflow_env/lib/python3.10/site-packages/airflow/example_dags/example_short_circuit_decorator.py
[2024-06-18T11:50:32.158+0545] {logging_mixin.py:188} INFO - [2024-06-18T11:50:32.157+0545] {dag.py:3096} INFO - Sync 1 DAGs
[2024-06-18T11:50:32.179+0545] {logging_mixin.py:188} INFO - [2024-06-18T11:50:32.178+0545] {dag.py:3954} INFO - Setting next_dagrun for example_short_circuit_decorator to 2024-06-17 00:00:00+00:00, run_after=2024-06-18 00:00:00+00:00
[2024-06-18T11:50:32.317+0545] {processor.py:183} INFO - Processing /home/manisha/airflow_env/lib/python3.10/site-packages/airflow/example_dags/example_short_circuit_decorator.py took 0.248 seconds
[2024-06-18T11:50:55.537+0545] {processor.py:161} INFO - Started process (PID=9259) to work on /home/manisha/airflow_env/lib/python3.10/site-packages/airflow/example_dags/example_short_circuit_decorator.py
[2024-06-18T11:50:55.538+0545] {processor.py:830} INFO - Processing file /home/manisha/airflow_env/lib/python3.10/site-packages/airflow/example_dags/example_short_circuit_decorator.py for tasks to queue
[2024-06-18T11:50:55.539+0545] {logging_mixin.py:188} INFO - [2024-06-18T11:50:55.539+0545] {dagbag.py:545} INFO - Filling up the DagBag from /home/manisha/airflow_env/lib/python3.10/site-packages/airflow/example_dags/example_short_circuit_decorator.py
[2024-06-18T11:50:55.550+0545] {processor.py:840} INFO - DAG(s) 'example_short_circuit_decorator' retrieved from /home/manisha/airflow_env/lib/python3.10/site-packages/airflow/example_dags/example_short_circuit_decorator.py
[2024-06-18T11:50:55.564+0545] {logging_mixin.py:188} INFO - [2024-06-18T11:50:55.563+0545] {dag.py:3096} INFO - Sync 1 DAGs
[2024-06-18T11:50:55.586+0545] {logging_mixin.py:188} INFO - [2024-06-18T11:50:55.585+0545] {dag.py:3954} INFO - Setting next_dagrun for example_short_circuit_decorator to 2024-06-17 00:00:00+00:00, run_after=2024-06-18 00:00:00+00:00
[2024-06-18T11:50:55.898+0545] {processor.py:183} INFO - Processing /home/manisha/airflow_env/lib/python3.10/site-packages/airflow/example_dags/example_short_circuit_decorator.py took 0.367 seconds
[2024-06-18T11:51:26.194+0545] {processor.py:161} INFO - Started process (PID=9539) to work on /home/manisha/airflow_env/lib/python3.10/site-packages/airflow/example_dags/example_short_circuit_decorator.py
[2024-06-18T11:51:26.209+0545] {processor.py:830} INFO - Processing file /home/manisha/airflow_env/lib/python3.10/site-packages/airflow/example_dags/example_short_circuit_decorator.py for tasks to queue
[2024-06-18T11:51:26.210+0545] {logging_mixin.py:188} INFO - [2024-06-18T11:51:26.210+0545] {dagbag.py:545} INFO - Filling up the DagBag from /home/manisha/airflow_env/lib/python3.10/site-packages/airflow/example_dags/example_short_circuit_decorator.py
[2024-06-18T11:51:26.222+0545] {processor.py:840} INFO - DAG(s) 'example_short_circuit_decorator' retrieved from /home/manisha/airflow_env/lib/python3.10/site-packages/airflow/example_dags/example_short_circuit_decorator.py
[2024-06-18T11:51:26.558+0545] {logging_mixin.py:188} INFO - [2024-06-18T11:51:26.558+0545] {dag.py:3096} INFO - Sync 1 DAGs
[2024-06-18T11:51:26.585+0545] {logging_mixin.py:188} INFO - [2024-06-18T11:51:26.585+0545] {dag.py:3954} INFO - Setting next_dagrun for example_short_circuit_decorator to 2024-06-17 00:00:00+00:00, run_after=2024-06-18 00:00:00+00:00
[2024-06-18T11:51:26.812+0545] {processor.py:183} INFO - Processing /home/manisha/airflow_env/lib/python3.10/site-packages/airflow/example_dags/example_short_circuit_decorator.py took 0.624 seconds
[2024-06-18T11:51:57.672+0545] {processor.py:161} INFO - Started process (PID=9796) to work on /home/manisha/airflow_env/lib/python3.10/site-packages/airflow/example_dags/example_short_circuit_decorator.py
[2024-06-18T11:51:57.672+0545] {processor.py:830} INFO - Processing file /home/manisha/airflow_env/lib/python3.10/site-packages/airflow/example_dags/example_short_circuit_decorator.py for tasks to queue
[2024-06-18T11:51:57.674+0545] {logging_mixin.py:188} INFO - [2024-06-18T11:51:57.674+0545] {dagbag.py:545} INFO - Filling up the DagBag from /home/manisha/airflow_env/lib/python3.10/site-packages/airflow/example_dags/example_short_circuit_decorator.py
[2024-06-18T11:51:57.817+0545] {processor.py:840} INFO - DAG(s) 'example_short_circuit_decorator' retrieved from /home/manisha/airflow_env/lib/python3.10/site-packages/airflow/example_dags/example_short_circuit_decorator.py
[2024-06-18T11:51:57.850+0545] {logging_mixin.py:188} INFO - [2024-06-18T11:51:57.849+0545] {dag.py:3096} INFO - Sync 1 DAGs
[2024-06-18T11:51:57.871+0545] {logging_mixin.py:188} INFO - [2024-06-18T11:51:57.871+0545] {dag.py:3954} INFO - Setting next_dagrun for example_short_circuit_decorator to 2024-06-17 00:00:00+00:00, run_after=2024-06-18 00:00:00+00:00
[2024-06-18T11:51:58.070+0545] {processor.py:183} INFO - Processing /home/manisha/airflow_env/lib/python3.10/site-packages/airflow/example_dags/example_short_circuit_decorator.py took 0.408 seconds
