[2024-06-18T10:57:23.261+0545] {processor.py:161} INFO - Started process (PID=4049) to work on /home/manisha/airflow_env/lib/python3.10/site-packages/airflow/example_dags/example_params_trigger_ui.py
[2024-06-18T10:57:23.261+0545] {processor.py:830} INFO - Processing file /home/manisha/airflow_env/lib/python3.10/site-packages/airflow/example_dags/example_params_trigger_ui.py for tasks to queue
[2024-06-18T10:57:23.263+0545] {logging_mixin.py:188} INFO - [2024-06-18T10:57:23.263+0545] {dagbag.py:545} INFO - Filling up the DagBag from /home/manisha/airflow_env/lib/python3.10/site-packages/airflow/example_dags/example_params_trigger_ui.py
[2024-06-18T10:57:23.278+0545] {processor.py:840} INFO - DAG(s) 'example_params_trigger_ui' retrieved from /home/manisha/airflow_env/lib/python3.10/site-packages/airflow/example_dags/example_params_trigger_ui.py
[2024-06-18T10:57:23.502+0545] {logging_mixin.py:188} INFO - [2024-06-18T10:57:23.499+0545] {override.py:1829} INFO - Created Permission View: can edit on DAG:example_params_trigger_ui
[2024-06-18T10:57:23.579+0545] {logging_mixin.py:188} INFO - [2024-06-18T10:57:23.578+0545] {override.py:1829} INFO - Created Permission View: can read on DAG:example_params_trigger_ui
[2024-06-18T10:57:23.647+0545] {logging_mixin.py:188} INFO - [2024-06-18T10:57:23.645+0545] {override.py:1829} INFO - Created Permission View: can delete on DAG:example_params_trigger_ui
[2024-06-18T10:57:23.649+0545] {logging_mixin.py:188} INFO - [2024-06-18T10:57:23.648+0545] {dag.py:3096} INFO - Sync 1 DAGs
[2024-06-18T10:57:23.682+0545] {logging_mixin.py:188} INFO - [2024-06-18T10:57:23.681+0545] {dag.py:3118} INFO - Creating ORM DAG for example_params_trigger_ui
[2024-06-18T10:57:23.683+0545] {logging_mixin.py:188} INFO - [2024-06-18T10:57:23.682+0545] {dag.py:3954} INFO - Setting next_dagrun for example_params_trigger_ui to None, run_after=None
[2024-06-18T10:57:23.793+0545] {processor.py:183} INFO - Processing /home/manisha/airflow_env/lib/python3.10/site-packages/airflow/example_dags/example_params_trigger_ui.py took 0.538 seconds
[2024-06-18T10:58:37.269+0545] {processor.py:161} INFO - Started process (PID=4165) to work on /home/manisha/airflow_env/lib/python3.10/site-packages/airflow/example_dags/example_params_trigger_ui.py
[2024-06-18T10:58:37.299+0545] {processor.py:830} INFO - Processing file /home/manisha/airflow_env/lib/python3.10/site-packages/airflow/example_dags/example_params_trigger_ui.py for tasks to queue
[2024-06-18T10:58:37.301+0545] {logging_mixin.py:188} INFO - [2024-06-18T10:58:37.301+0545] {dagbag.py:545} INFO - Filling up the DagBag from /home/manisha/airflow_env/lib/python3.10/site-packages/airflow/example_dags/example_params_trigger_ui.py
[2024-06-18T10:58:37.329+0545] {processor.py:840} INFO - DAG(s) 'example_params_trigger_ui' retrieved from /home/manisha/airflow_env/lib/python3.10/site-packages/airflow/example_dags/example_params_trigger_ui.py
[2024-06-18T10:58:37.375+0545] {logging_mixin.py:188} INFO - [2024-06-18T10:58:37.374+0545] {dag.py:3096} INFO - Sync 1 DAGs
[2024-06-18T10:58:37.383+0545] {logging_mixin.py:188} INFO - [2024-06-18T10:58:37.383+0545] {dag.py:3954} INFO - Setting next_dagrun for example_params_trigger_ui to None, run_after=None
[2024-06-18T10:58:37.501+0545] {processor.py:183} INFO - Processing /home/manisha/airflow_env/lib/python3.10/site-packages/airflow/example_dags/example_params_trigger_ui.py took 0.238 seconds
[2024-06-18T10:59:40.322+0545] {processor.py:161} INFO - Started process (PID=4218) to work on /home/manisha/airflow_env/lib/python3.10/site-packages/airflow/example_dags/example_params_trigger_ui.py
[2024-06-18T10:59:40.360+0545] {processor.py:830} INFO - Processing file /home/manisha/airflow_env/lib/python3.10/site-packages/airflow/example_dags/example_params_trigger_ui.py for tasks to queue
[2024-06-18T10:59:40.366+0545] {logging_mixin.py:188} INFO - [2024-06-18T10:59:40.365+0545] {dagbag.py:545} INFO - Filling up the DagBag from /home/manisha/airflow_env/lib/python3.10/site-packages/airflow/example_dags/example_params_trigger_ui.py
[2024-06-18T10:59:40.402+0545] {processor.py:840} INFO - DAG(s) 'example_params_trigger_ui' retrieved from /home/manisha/airflow_env/lib/python3.10/site-packages/airflow/example_dags/example_params_trigger_ui.py
[2024-06-18T10:59:40.447+0545] {logging_mixin.py:188} INFO - [2024-06-18T10:59:40.447+0545] {dag.py:3096} INFO - Sync 1 DAGs
[2024-06-18T10:59:40.531+0545] {logging_mixin.py:188} INFO - [2024-06-18T10:59:40.531+0545] {dag.py:3954} INFO - Setting next_dagrun for example_params_trigger_ui to None, run_after=None
[2024-06-18T10:59:40.648+0545] {processor.py:183} INFO - Processing /home/manisha/airflow_env/lib/python3.10/site-packages/airflow/example_dags/example_params_trigger_ui.py took 0.333 seconds
[2024-06-18T11:00:42.642+0545] {processor.py:161} INFO - Started process (PID=4362) to work on /home/manisha/airflow_env/lib/python3.10/site-packages/airflow/example_dags/example_params_trigger_ui.py
[2024-06-18T11:00:42.684+0545] {processor.py:830} INFO - Processing file /home/manisha/airflow_env/lib/python3.10/site-packages/airflow/example_dags/example_params_trigger_ui.py for tasks to queue
[2024-06-18T11:00:42.690+0545] {logging_mixin.py:188} INFO - [2024-06-18T11:00:42.689+0545] {dagbag.py:545} INFO - Filling up the DagBag from /home/manisha/airflow_env/lib/python3.10/site-packages/airflow/example_dags/example_params_trigger_ui.py
[2024-06-18T11:00:42.729+0545] {processor.py:840} INFO - DAG(s) 'example_params_trigger_ui' retrieved from /home/manisha/airflow_env/lib/python3.10/site-packages/airflow/example_dags/example_params_trigger_ui.py
[2024-06-18T11:00:42.774+0545] {logging_mixin.py:188} INFO - [2024-06-18T11:00:42.774+0545] {dag.py:3096} INFO - Sync 1 DAGs
[2024-06-18T11:00:42.783+0545] {logging_mixin.py:188} INFO - [2024-06-18T11:00:42.782+0545] {dag.py:3954} INFO - Setting next_dagrun for example_params_trigger_ui to None, run_after=None
[2024-06-18T11:00:42.889+0545] {processor.py:183} INFO - Processing /home/manisha/airflow_env/lib/python3.10/site-packages/airflow/example_dags/example_params_trigger_ui.py took 0.253 seconds
[2024-06-18T11:01:43.312+0545] {processor.py:161} INFO - Started process (PID=4413) to work on /home/manisha/airflow_env/lib/python3.10/site-packages/airflow/example_dags/example_params_trigger_ui.py
[2024-06-18T11:01:43.313+0545] {processor.py:830} INFO - Processing file /home/manisha/airflow_env/lib/python3.10/site-packages/airflow/example_dags/example_params_trigger_ui.py for tasks to queue
[2024-06-18T11:01:43.315+0545] {logging_mixin.py:188} INFO - [2024-06-18T11:01:43.315+0545] {dagbag.py:545} INFO - Filling up the DagBag from /home/manisha/airflow_env/lib/python3.10/site-packages/airflow/example_dags/example_params_trigger_ui.py
[2024-06-18T11:01:43.330+0545] {processor.py:840} INFO - DAG(s) 'example_params_trigger_ui' retrieved from /home/manisha/airflow_env/lib/python3.10/site-packages/airflow/example_dags/example_params_trigger_ui.py
[2024-06-18T11:01:43.376+0545] {logging_mixin.py:188} INFO - [2024-06-18T11:01:43.376+0545] {dag.py:3096} INFO - Sync 1 DAGs
[2024-06-18T11:01:43.385+0545] {logging_mixin.py:188} INFO - [2024-06-18T11:01:43.384+0545] {dag.py:3954} INFO - Setting next_dagrun for example_params_trigger_ui to None, run_after=None
[2024-06-18T11:01:43.518+0545] {processor.py:183} INFO - Processing /home/manisha/airflow_env/lib/python3.10/site-packages/airflow/example_dags/example_params_trigger_ui.py took 0.212 seconds
[2024-06-18T11:02:43.088+0545] {processor.py:161} INFO - Started process (PID=4465) to work on /home/manisha/airflow_env/lib/python3.10/site-packages/airflow/example_dags/example_params_trigger_ui.py
[2024-06-18T11:02:43.128+0545] {processor.py:830} INFO - Processing file /home/manisha/airflow_env/lib/python3.10/site-packages/airflow/example_dags/example_params_trigger_ui.py for tasks to queue
[2024-06-18T11:02:43.134+0545] {logging_mixin.py:188} INFO - [2024-06-18T11:02:43.133+0545] {dagbag.py:545} INFO - Filling up the DagBag from /home/manisha/airflow_env/lib/python3.10/site-packages/airflow/example_dags/example_params_trigger_ui.py
[2024-06-18T11:02:43.170+0545] {processor.py:840} INFO - DAG(s) 'example_params_trigger_ui' retrieved from /home/manisha/airflow_env/lib/python3.10/site-packages/airflow/example_dags/example_params_trigger_ui.py
[2024-06-18T11:02:43.215+0545] {logging_mixin.py:188} INFO - [2024-06-18T11:02:43.215+0545] {dag.py:3096} INFO - Sync 1 DAGs
[2024-06-18T11:02:43.224+0545] {logging_mixin.py:188} INFO - [2024-06-18T11:02:43.224+0545] {dag.py:3954} INFO - Setting next_dagrun for example_params_trigger_ui to None, run_after=None
[2024-06-18T11:02:43.338+0545] {processor.py:183} INFO - Processing /home/manisha/airflow_env/lib/python3.10/site-packages/airflow/example_dags/example_params_trigger_ui.py took 0.256 seconds
[2024-06-18T11:03:42.111+0545] {processor.py:161} INFO - Started process (PID=4518) to work on /home/manisha/airflow_env/lib/python3.10/site-packages/airflow/example_dags/example_params_trigger_ui.py
[2024-06-18T11:03:42.112+0545] {processor.py:830} INFO - Processing file /home/manisha/airflow_env/lib/python3.10/site-packages/airflow/example_dags/example_params_trigger_ui.py for tasks to queue
[2024-06-18T11:03:42.114+0545] {logging_mixin.py:188} INFO - [2024-06-18T11:03:42.114+0545] {dagbag.py:545} INFO - Filling up the DagBag from /home/manisha/airflow_env/lib/python3.10/site-packages/airflow/example_dags/example_params_trigger_ui.py
[2024-06-18T11:03:42.129+0545] {processor.py:840} INFO - DAG(s) 'example_params_trigger_ui' retrieved from /home/manisha/airflow_env/lib/python3.10/site-packages/airflow/example_dags/example_params_trigger_ui.py
[2024-06-18T11:03:42.176+0545] {logging_mixin.py:188} INFO - [2024-06-18T11:03:42.175+0545] {dag.py:3096} INFO - Sync 1 DAGs
[2024-06-18T11:03:42.185+0545] {logging_mixin.py:188} INFO - [2024-06-18T11:03:42.184+0545] {dag.py:3954} INFO - Setting next_dagrun for example_params_trigger_ui to None, run_after=None
[2024-06-18T11:03:42.310+0545] {processor.py:183} INFO - Processing /home/manisha/airflow_env/lib/python3.10/site-packages/airflow/example_dags/example_params_trigger_ui.py took 0.205 seconds
[2024-06-18T11:04:46.099+0545] {processor.py:161} INFO - Started process (PID=4579) to work on /home/manisha/airflow_env/lib/python3.10/site-packages/airflow/example_dags/example_params_trigger_ui.py
[2024-06-18T11:04:46.110+0545] {processor.py:830} INFO - Processing file /home/manisha/airflow_env/lib/python3.10/site-packages/airflow/example_dags/example_params_trigger_ui.py for tasks to queue
[2024-06-18T11:04:46.111+0545] {logging_mixin.py:188} INFO - [2024-06-18T11:04:46.111+0545] {dagbag.py:545} INFO - Filling up the DagBag from /home/manisha/airflow_env/lib/python3.10/site-packages/airflow/example_dags/example_params_trigger_ui.py
[2024-06-18T11:04:46.127+0545] {processor.py:840} INFO - DAG(s) 'example_params_trigger_ui' retrieved from /home/manisha/airflow_env/lib/python3.10/site-packages/airflow/example_dags/example_params_trigger_ui.py
[2024-06-18T11:04:46.603+0545] {logging_mixin.py:188} INFO - [2024-06-18T11:04:46.602+0545] {dag.py:3096} INFO - Sync 1 DAGs
[2024-06-18T11:04:46.680+0545] {logging_mixin.py:188} INFO - [2024-06-18T11:04:46.680+0545] {dag.py:3954} INFO - Setting next_dagrun for example_params_trigger_ui to None, run_after=None
[2024-06-18T11:04:47.034+0545] {processor.py:183} INFO - Processing /home/manisha/airflow_env/lib/python3.10/site-packages/airflow/example_dags/example_params_trigger_ui.py took 0.941 seconds
[2024-06-18T11:06:27.437+0545] {processor.py:161} INFO - Started process (PID=4791) to work on /home/manisha/airflow_env/lib/python3.10/site-packages/airflow/example_dags/example_params_trigger_ui.py
[2024-06-18T11:06:27.439+0545] {processor.py:830} INFO - Processing file /home/manisha/airflow_env/lib/python3.10/site-packages/airflow/example_dags/example_params_trigger_ui.py for tasks to queue
[2024-06-18T11:06:27.441+0545] {logging_mixin.py:188} INFO - [2024-06-18T11:06:27.441+0545] {dagbag.py:545} INFO - Filling up the DagBag from /home/manisha/airflow_env/lib/python3.10/site-packages/airflow/example_dags/example_params_trigger_ui.py
[2024-06-18T11:06:27.460+0545] {processor.py:840} INFO - DAG(s) 'example_params_trigger_ui' retrieved from /home/manisha/airflow_env/lib/python3.10/site-packages/airflow/example_dags/example_params_trigger_ui.py
[2024-06-18T11:06:27.521+0545] {logging_mixin.py:188} INFO - [2024-06-18T11:06:27.521+0545] {dag.py:3096} INFO - Sync 1 DAGs
[2024-06-18T11:06:27.535+0545] {logging_mixin.py:188} INFO - [2024-06-18T11:06:27.535+0545] {dag.py:3954} INFO - Setting next_dagrun for example_params_trigger_ui to None, run_after=None
[2024-06-18T11:06:27.630+0545] {processor.py:183} INFO - Processing /home/manisha/airflow_env/lib/python3.10/site-packages/airflow/example_dags/example_params_trigger_ui.py took 0.214 seconds
[2024-06-18T11:07:25.687+0545] {processor.py:161} INFO - Started process (PID=4938) to work on /home/manisha/airflow_env/lib/python3.10/site-packages/airflow/example_dags/example_params_trigger_ui.py
[2024-06-18T11:07:25.726+0545] {processor.py:830} INFO - Processing file /home/manisha/airflow_env/lib/python3.10/site-packages/airflow/example_dags/example_params_trigger_ui.py for tasks to queue
[2024-06-18T11:07:25.731+0545] {logging_mixin.py:188} INFO - [2024-06-18T11:07:25.730+0545] {dagbag.py:545} INFO - Filling up the DagBag from /home/manisha/airflow_env/lib/python3.10/site-packages/airflow/example_dags/example_params_trigger_ui.py
[2024-06-18T11:07:25.769+0545] {processor.py:840} INFO - DAG(s) 'example_params_trigger_ui' retrieved from /home/manisha/airflow_env/lib/python3.10/site-packages/airflow/example_dags/example_params_trigger_ui.py
[2024-06-18T11:07:25.815+0545] {logging_mixin.py:188} INFO - [2024-06-18T11:07:25.815+0545] {dag.py:3096} INFO - Sync 1 DAGs
[2024-06-18T11:07:25.823+0545] {logging_mixin.py:188} INFO - [2024-06-18T11:07:25.823+0545] {dag.py:3954} INFO - Setting next_dagrun for example_params_trigger_ui to None, run_after=None
[2024-06-18T11:07:25.905+0545] {processor.py:183} INFO - Processing /home/manisha/airflow_env/lib/python3.10/site-packages/airflow/example_dags/example_params_trigger_ui.py took 0.224 seconds
[2024-06-18T11:08:23.960+0545] {processor.py:161} INFO - Started process (PID=5170) to work on /home/manisha/airflow_env/lib/python3.10/site-packages/airflow/example_dags/example_params_trigger_ui.py
[2024-06-18T11:08:23.975+0545] {processor.py:830} INFO - Processing file /home/manisha/airflow_env/lib/python3.10/site-packages/airflow/example_dags/example_params_trigger_ui.py for tasks to queue
[2024-06-18T11:08:23.977+0545] {logging_mixin.py:188} INFO - [2024-06-18T11:08:23.977+0545] {dagbag.py:545} INFO - Filling up the DagBag from /home/manisha/airflow_env/lib/python3.10/site-packages/airflow/example_dags/example_params_trigger_ui.py
[2024-06-18T11:08:23.993+0545] {processor.py:840} INFO - DAG(s) 'example_params_trigger_ui' retrieved from /home/manisha/airflow_env/lib/python3.10/site-packages/airflow/example_dags/example_params_trigger_ui.py
[2024-06-18T11:08:24.056+0545] {logging_mixin.py:188} INFO - [2024-06-18T11:08:24.056+0545] {dag.py:3096} INFO - Sync 1 DAGs
[2024-06-18T11:08:24.065+0545] {logging_mixin.py:188} INFO - [2024-06-18T11:08:24.065+0545] {dag.py:3954} INFO - Setting next_dagrun for example_params_trigger_ui to None, run_after=None
[2024-06-18T11:08:24.354+0545] {processor.py:183} INFO - Processing /home/manisha/airflow_env/lib/python3.10/site-packages/airflow/example_dags/example_params_trigger_ui.py took 0.400 seconds
[2024-06-18T11:09:24.494+0545] {processor.py:161} INFO - Started process (PID=5638) to work on /home/manisha/airflow_env/lib/python3.10/site-packages/airflow/example_dags/example_params_trigger_ui.py
[2024-06-18T11:09:24.535+0545] {processor.py:830} INFO - Processing file /home/manisha/airflow_env/lib/python3.10/site-packages/airflow/example_dags/example_params_trigger_ui.py for tasks to queue
[2024-06-18T11:09:24.538+0545] {logging_mixin.py:188} INFO - [2024-06-18T11:09:24.537+0545] {dagbag.py:545} INFO - Filling up the DagBag from /home/manisha/airflow_env/lib/python3.10/site-packages/airflow/example_dags/example_params_trigger_ui.py
[2024-06-18T11:09:24.573+0545] {processor.py:840} INFO - DAG(s) 'example_params_trigger_ui' retrieved from /home/manisha/airflow_env/lib/python3.10/site-packages/airflow/example_dags/example_params_trigger_ui.py
[2024-06-18T11:09:24.620+0545] {logging_mixin.py:188} INFO - [2024-06-18T11:09:24.619+0545] {dag.py:3096} INFO - Sync 1 DAGs
[2024-06-18T11:09:24.629+0545] {logging_mixin.py:188} INFO - [2024-06-18T11:09:24.628+0545] {dag.py:3954} INFO - Setting next_dagrun for example_params_trigger_ui to None, run_after=None
[2024-06-18T11:09:24.705+0545] {processor.py:183} INFO - Processing /home/manisha/airflow_env/lib/python3.10/site-packages/airflow/example_dags/example_params_trigger_ui.py took 0.217 seconds
[2024-06-18T11:44:01.841+0545] {processor.py:161} INFO - Started process (PID=8326) to work on /home/manisha/airflow_env/lib/python3.10/site-packages/airflow/example_dags/example_params_trigger_ui.py
[2024-06-18T11:44:01.853+0545] {processor.py:830} INFO - Processing file /home/manisha/airflow_env/lib/python3.10/site-packages/airflow/example_dags/example_params_trigger_ui.py for tasks to queue
[2024-06-18T11:44:01.859+0545] {logging_mixin.py:188} INFO - [2024-06-18T11:44:01.857+0545] {dagbag.py:545} INFO - Filling up the DagBag from /home/manisha/airflow_env/lib/python3.10/site-packages/airflow/example_dags/example_params_trigger_ui.py
[2024-06-18T11:44:01.888+0545] {processor.py:840} INFO - DAG(s) 'example_params_trigger_ui' retrieved from /home/manisha/airflow_env/lib/python3.10/site-packages/airflow/example_dags/example_params_trigger_ui.py
[2024-06-18T11:44:01.904+0545] {logging_mixin.py:188} INFO - [2024-06-18T11:44:01.903+0545] {dag.py:3096} INFO - Sync 1 DAGs
[2024-06-18T11:44:01.917+0545] {logging_mixin.py:188} INFO - [2024-06-18T11:44:01.916+0545] {dag.py:3954} INFO - Setting next_dagrun for example_params_trigger_ui to None, run_after=None
[2024-06-18T11:44:01.988+0545] {processor.py:183} INFO - Processing /home/manisha/airflow_env/lib/python3.10/site-packages/airflow/example_dags/example_params_trigger_ui.py took 0.154 seconds
[2024-06-18T11:44:35.205+0545] {processor.py:161} INFO - Started process (PID=8382) to work on /home/manisha/airflow_env/lib/python3.10/site-packages/airflow/example_dags/example_params_trigger_ui.py
[2024-06-18T11:44:35.224+0545] {processor.py:830} INFO - Processing file /home/manisha/airflow_env/lib/python3.10/site-packages/airflow/example_dags/example_params_trigger_ui.py for tasks to queue
[2024-06-18T11:44:35.227+0545] {logging_mixin.py:188} INFO - [2024-06-18T11:44:35.226+0545] {dagbag.py:545} INFO - Filling up the DagBag from /home/manisha/airflow_env/lib/python3.10/site-packages/airflow/example_dags/example_params_trigger_ui.py
[2024-06-18T11:44:35.251+0545] {processor.py:840} INFO - DAG(s) 'example_params_trigger_ui' retrieved from /home/manisha/airflow_env/lib/python3.10/site-packages/airflow/example_dags/example_params_trigger_ui.py
[2024-06-18T11:44:35.499+0545] {logging_mixin.py:188} INFO - [2024-06-18T11:44:35.499+0545] {dag.py:3096} INFO - Sync 1 DAGs
[2024-06-18T11:44:35.509+0545] {logging_mixin.py:188} INFO - [2024-06-18T11:44:35.509+0545] {dag.py:3954} INFO - Setting next_dagrun for example_params_trigger_ui to None, run_after=None
[2024-06-18T11:44:35.640+0545] {processor.py:183} INFO - Processing /home/manisha/airflow_env/lib/python3.10/site-packages/airflow/example_dags/example_params_trigger_ui.py took 0.443 seconds
[2024-06-18T11:45:05.825+0545] {processor.py:161} INFO - Started process (PID=8436) to work on /home/manisha/airflow_env/lib/python3.10/site-packages/airflow/example_dags/example_params_trigger_ui.py
[2024-06-18T11:45:05.831+0545] {processor.py:830} INFO - Processing file /home/manisha/airflow_env/lib/python3.10/site-packages/airflow/example_dags/example_params_trigger_ui.py for tasks to queue
[2024-06-18T11:45:05.833+0545] {logging_mixin.py:188} INFO - [2024-06-18T11:45:05.832+0545] {dagbag.py:545} INFO - Filling up the DagBag from /home/manisha/airflow_env/lib/python3.10/site-packages/airflow/example_dags/example_params_trigger_ui.py
[2024-06-18T11:45:05.934+0545] {processor.py:840} INFO - DAG(s) 'example_params_trigger_ui' retrieved from /home/manisha/airflow_env/lib/python3.10/site-packages/airflow/example_dags/example_params_trigger_ui.py
[2024-06-18T11:45:05.997+0545] {logging_mixin.py:188} INFO - [2024-06-18T11:45:05.997+0545] {dag.py:3096} INFO - Sync 1 DAGs
[2024-06-18T11:45:06.007+0545] {logging_mixin.py:188} INFO - [2024-06-18T11:45:06.006+0545] {dag.py:3954} INFO - Setting next_dagrun for example_params_trigger_ui to None, run_after=None
[2024-06-18T11:45:06.126+0545] {processor.py:183} INFO - Processing /home/manisha/airflow_env/lib/python3.10/site-packages/airflow/example_dags/example_params_trigger_ui.py took 0.307 seconds
[2024-06-18T11:45:36.333+0545] {processor.py:161} INFO - Started process (PID=8488) to work on /home/manisha/airflow_env/lib/python3.10/site-packages/airflow/example_dags/example_params_trigger_ui.py
[2024-06-18T11:45:36.333+0545] {processor.py:830} INFO - Processing file /home/manisha/airflow_env/lib/python3.10/site-packages/airflow/example_dags/example_params_trigger_ui.py for tasks to queue
[2024-06-18T11:45:36.334+0545] {logging_mixin.py:188} INFO - [2024-06-18T11:45:36.334+0545] {dagbag.py:545} INFO - Filling up the DagBag from /home/manisha/airflow_env/lib/python3.10/site-packages/airflow/example_dags/example_params_trigger_ui.py
[2024-06-18T11:45:36.348+0545] {processor.py:840} INFO - DAG(s) 'example_params_trigger_ui' retrieved from /home/manisha/airflow_env/lib/python3.10/site-packages/airflow/example_dags/example_params_trigger_ui.py
[2024-06-18T11:45:36.404+0545] {logging_mixin.py:188} INFO - [2024-06-18T11:45:36.403+0545] {dag.py:3096} INFO - Sync 1 DAGs
[2024-06-18T11:45:36.414+0545] {logging_mixin.py:188} INFO - [2024-06-18T11:45:36.413+0545] {dag.py:3954} INFO - Setting next_dagrun for example_params_trigger_ui to None, run_after=None
[2024-06-18T11:45:36.503+0545] {processor.py:183} INFO - Processing /home/manisha/airflow_env/lib/python3.10/site-packages/airflow/example_dags/example_params_trigger_ui.py took 0.176 seconds
[2024-06-18T11:46:06.931+0545] {processor.py:161} INFO - Started process (PID=8540) to work on /home/manisha/airflow_env/lib/python3.10/site-packages/airflow/example_dags/example_params_trigger_ui.py
[2024-06-18T11:46:06.956+0545] {processor.py:830} INFO - Processing file /home/manisha/airflow_env/lib/python3.10/site-packages/airflow/example_dags/example_params_trigger_ui.py for tasks to queue
[2024-06-18T11:46:06.958+0545] {logging_mixin.py:188} INFO - [2024-06-18T11:46:06.958+0545] {dagbag.py:545} INFO - Filling up the DagBag from /home/manisha/airflow_env/lib/python3.10/site-packages/airflow/example_dags/example_params_trigger_ui.py
[2024-06-18T11:46:06.974+0545] {processor.py:840} INFO - DAG(s) 'example_params_trigger_ui' retrieved from /home/manisha/airflow_env/lib/python3.10/site-packages/airflow/example_dags/example_params_trigger_ui.py
[2024-06-18T11:46:07.034+0545] {logging_mixin.py:188} INFO - [2024-06-18T11:46:07.033+0545] {dag.py:3096} INFO - Sync 1 DAGs
[2024-06-18T11:46:07.045+0545] {logging_mixin.py:188} INFO - [2024-06-18T11:46:07.045+0545] {dag.py:3954} INFO - Setting next_dagrun for example_params_trigger_ui to None, run_after=None
[2024-06-18T11:46:07.146+0545] {processor.py:183} INFO - Processing /home/manisha/airflow_env/lib/python3.10/site-packages/airflow/example_dags/example_params_trigger_ui.py took 0.221 seconds
[2024-06-18T11:46:37.399+0545] {processor.py:161} INFO - Started process (PID=8591) to work on /home/manisha/airflow_env/lib/python3.10/site-packages/airflow/example_dags/example_params_trigger_ui.py
[2024-06-18T11:46:37.399+0545] {processor.py:830} INFO - Processing file /home/manisha/airflow_env/lib/python3.10/site-packages/airflow/example_dags/example_params_trigger_ui.py for tasks to queue
[2024-06-18T11:46:37.400+0545] {logging_mixin.py:188} INFO - [2024-06-18T11:46:37.400+0545] {dagbag.py:545} INFO - Filling up the DagBag from /home/manisha/airflow_env/lib/python3.10/site-packages/airflow/example_dags/example_params_trigger_ui.py
[2024-06-18T11:46:37.412+0545] {processor.py:840} INFO - DAG(s) 'example_params_trigger_ui' retrieved from /home/manisha/airflow_env/lib/python3.10/site-packages/airflow/example_dags/example_params_trigger_ui.py
[2024-06-18T11:46:37.471+0545] {logging_mixin.py:188} INFO - [2024-06-18T11:46:37.470+0545] {dag.py:3096} INFO - Sync 1 DAGs
[2024-06-18T11:46:37.482+0545] {logging_mixin.py:188} INFO - [2024-06-18T11:46:37.482+0545] {dag.py:3954} INFO - Setting next_dagrun for example_params_trigger_ui to None, run_after=None
[2024-06-18T11:46:37.541+0545] {processor.py:183} INFO - Processing /home/manisha/airflow_env/lib/python3.10/site-packages/airflow/example_dags/example_params_trigger_ui.py took 0.147 seconds
[2024-06-18T11:47:08.119+0545] {processor.py:161} INFO - Started process (PID=8642) to work on /home/manisha/airflow_env/lib/python3.10/site-packages/airflow/example_dags/example_params_trigger_ui.py
[2024-06-18T11:47:08.143+0545] {processor.py:830} INFO - Processing file /home/manisha/airflow_env/lib/python3.10/site-packages/airflow/example_dags/example_params_trigger_ui.py for tasks to queue
[2024-06-18T11:47:08.145+0545] {logging_mixin.py:188} INFO - [2024-06-18T11:47:08.145+0545] {dagbag.py:545} INFO - Filling up the DagBag from /home/manisha/airflow_env/lib/python3.10/site-packages/airflow/example_dags/example_params_trigger_ui.py
[2024-06-18T11:47:08.168+0545] {processor.py:840} INFO - DAG(s) 'example_params_trigger_ui' retrieved from /home/manisha/airflow_env/lib/python3.10/site-packages/airflow/example_dags/example_params_trigger_ui.py
[2024-06-18T11:47:08.232+0545] {logging_mixin.py:188} INFO - [2024-06-18T11:47:08.232+0545] {dag.py:3096} INFO - Sync 1 DAGs
[2024-06-18T11:47:08.242+0545] {logging_mixin.py:188} INFO - [2024-06-18T11:47:08.242+0545] {dag.py:3954} INFO - Setting next_dagrun for example_params_trigger_ui to None, run_after=None
[2024-06-18T11:47:08.317+0545] {processor.py:183} INFO - Processing /home/manisha/airflow_env/lib/python3.10/site-packages/airflow/example_dags/example_params_trigger_ui.py took 0.209 seconds
[2024-06-18T11:47:38.388+0545] {processor.py:161} INFO - Started process (PID=8694) to work on /home/manisha/airflow_env/lib/python3.10/site-packages/airflow/example_dags/example_params_trigger_ui.py
[2024-06-18T11:47:38.389+0545] {processor.py:830} INFO - Processing file /home/manisha/airflow_env/lib/python3.10/site-packages/airflow/example_dags/example_params_trigger_ui.py for tasks to queue
[2024-06-18T11:47:38.391+0545] {logging_mixin.py:188} INFO - [2024-06-18T11:47:38.391+0545] {dagbag.py:545} INFO - Filling up the DagBag from /home/manisha/airflow_env/lib/python3.10/site-packages/airflow/example_dags/example_params_trigger_ui.py
[2024-06-18T11:47:38.411+0545] {processor.py:840} INFO - DAG(s) 'example_params_trigger_ui' retrieved from /home/manisha/airflow_env/lib/python3.10/site-packages/airflow/example_dags/example_params_trigger_ui.py
[2024-06-18T11:47:38.467+0545] {logging_mixin.py:188} INFO - [2024-06-18T11:47:38.467+0545] {dag.py:3096} INFO - Sync 1 DAGs
[2024-06-18T11:47:38.477+0545] {logging_mixin.py:188} INFO - [2024-06-18T11:47:38.477+0545] {dag.py:3954} INFO - Setting next_dagrun for example_params_trigger_ui to None, run_after=None
[2024-06-18T11:47:38.639+0545] {processor.py:183} INFO - Processing /home/manisha/airflow_env/lib/python3.10/site-packages/airflow/example_dags/example_params_trigger_ui.py took 0.258 seconds
[2024-06-18T11:48:31.791+0545] {processor.py:161} INFO - Started process (PID=8775) to work on /home/manisha/airflow_env/lib/python3.10/site-packages/airflow/example_dags/example_params_trigger_ui.py
[2024-06-18T11:48:31.817+0545] {processor.py:830} INFO - Processing file /home/manisha/airflow_env/lib/python3.10/site-packages/airflow/example_dags/example_params_trigger_ui.py for tasks to queue
[2024-06-18T11:48:31.818+0545] {logging_mixin.py:188} INFO - [2024-06-18T11:48:31.818+0545] {dagbag.py:545} INFO - Filling up the DagBag from /home/manisha/airflow_env/lib/python3.10/site-packages/airflow/example_dags/example_params_trigger_ui.py
[2024-06-18T11:48:31.832+0545] {processor.py:840} INFO - DAG(s) 'example_params_trigger_ui' retrieved from /home/manisha/airflow_env/lib/python3.10/site-packages/airflow/example_dags/example_params_trigger_ui.py
[2024-06-18T11:48:31.846+0545] {logging_mixin.py:188} INFO - [2024-06-18T11:48:31.845+0545] {dag.py:3096} INFO - Sync 1 DAGs
[2024-06-18T11:48:31.858+0545] {logging_mixin.py:188} INFO - [2024-06-18T11:48:31.858+0545] {dag.py:3954} INFO - Setting next_dagrun for example_params_trigger_ui to None, run_after=None
[2024-06-18T11:48:31.957+0545] {processor.py:183} INFO - Processing /home/manisha/airflow_env/lib/python3.10/site-packages/airflow/example_dags/example_params_trigger_ui.py took 0.172 seconds
[2024-06-18T11:49:06.246+0545] {processor.py:161} INFO - Started process (PID=8886) to work on /home/manisha/airflow_env/lib/python3.10/site-packages/airflow/example_dags/example_params_trigger_ui.py
[2024-06-18T11:49:06.247+0545] {processor.py:830} INFO - Processing file /home/manisha/airflow_env/lib/python3.10/site-packages/airflow/example_dags/example_params_trigger_ui.py for tasks to queue
[2024-06-18T11:49:06.250+0545] {logging_mixin.py:188} INFO - [2024-06-18T11:49:06.249+0545] {dagbag.py:545} INFO - Filling up the DagBag from /home/manisha/airflow_env/lib/python3.10/site-packages/airflow/example_dags/example_params_trigger_ui.py
[2024-06-18T11:49:06.277+0545] {processor.py:840} INFO - DAG(s) 'example_params_trigger_ui' retrieved from /home/manisha/airflow_env/lib/python3.10/site-packages/airflow/example_dags/example_params_trigger_ui.py
[2024-06-18T11:49:06.676+0545] {logging_mixin.py:188} INFO - [2024-06-18T11:49:06.676+0545] {dag.py:3096} INFO - Sync 1 DAGs
[2024-06-18T11:49:06.689+0545] {logging_mixin.py:188} INFO - [2024-06-18T11:49:06.689+0545] {dag.py:3954} INFO - Setting next_dagrun for example_params_trigger_ui to None, run_after=None
[2024-06-18T11:49:06.815+0545] {processor.py:183} INFO - Processing /home/manisha/airflow_env/lib/python3.10/site-packages/airflow/example_dags/example_params_trigger_ui.py took 0.577 seconds
[2024-06-18T11:49:37.177+0545] {processor.py:161} INFO - Started process (PID=8954) to work on /home/manisha/airflow_env/lib/python3.10/site-packages/airflow/example_dags/example_params_trigger_ui.py
[2024-06-18T11:49:37.178+0545] {processor.py:830} INFO - Processing file /home/manisha/airflow_env/lib/python3.10/site-packages/airflow/example_dags/example_params_trigger_ui.py for tasks to queue
[2024-06-18T11:49:37.180+0545] {logging_mixin.py:188} INFO - [2024-06-18T11:49:37.179+0545] {dagbag.py:545} INFO - Filling up the DagBag from /home/manisha/airflow_env/lib/python3.10/site-packages/airflow/example_dags/example_params_trigger_ui.py
[2024-06-18T11:49:37.275+0545] {processor.py:840} INFO - DAG(s) 'example_params_trigger_ui' retrieved from /home/manisha/airflow_env/lib/python3.10/site-packages/airflow/example_dags/example_params_trigger_ui.py
[2024-06-18T11:49:37.337+0545] {logging_mixin.py:188} INFO - [2024-06-18T11:49:37.337+0545] {dag.py:3096} INFO - Sync 1 DAGs
[2024-06-18T11:49:37.347+0545] {logging_mixin.py:188} INFO - [2024-06-18T11:49:37.347+0545] {dag.py:3954} INFO - Setting next_dagrun for example_params_trigger_ui to None, run_after=None
[2024-06-18T11:49:37.490+0545] {processor.py:183} INFO - Processing /home/manisha/airflow_env/lib/python3.10/site-packages/airflow/example_dags/example_params_trigger_ui.py took 0.319 seconds
[2024-06-18T11:50:07.555+0545] {processor.py:161} INFO - Started process (PID=9010) to work on /home/manisha/airflow_env/lib/python3.10/site-packages/airflow/example_dags/example_params_trigger_ui.py
[2024-06-18T11:50:07.556+0545] {processor.py:830} INFO - Processing file /home/manisha/airflow_env/lib/python3.10/site-packages/airflow/example_dags/example_params_trigger_ui.py for tasks to queue
[2024-06-18T11:50:07.558+0545] {logging_mixin.py:188} INFO - [2024-06-18T11:50:07.557+0545] {dagbag.py:545} INFO - Filling up the DagBag from /home/manisha/airflow_env/lib/python3.10/site-packages/airflow/example_dags/example_params_trigger_ui.py
[2024-06-18T11:50:07.571+0545] {processor.py:840} INFO - DAG(s) 'example_params_trigger_ui' retrieved from /home/manisha/airflow_env/lib/python3.10/site-packages/airflow/example_dags/example_params_trigger_ui.py
[2024-06-18T11:50:07.624+0545] {logging_mixin.py:188} INFO - [2024-06-18T11:50:07.624+0545] {dag.py:3096} INFO - Sync 1 DAGs
[2024-06-18T11:50:07.635+0545] {logging_mixin.py:188} INFO - [2024-06-18T11:50:07.634+0545] {dag.py:3954} INFO - Setting next_dagrun for example_params_trigger_ui to None, run_after=None
[2024-06-18T11:50:07.869+0545] {processor.py:183} INFO - Processing /home/manisha/airflow_env/lib/python3.10/site-packages/airflow/example_dags/example_params_trigger_ui.py took 0.321 seconds
[2024-06-18T11:50:38.030+0545] {processor.py:161} INFO - Started process (PID=9069) to work on /home/manisha/airflow_env/lib/python3.10/site-packages/airflow/example_dags/example_params_trigger_ui.py
[2024-06-18T11:50:38.058+0545] {processor.py:830} INFO - Processing file /home/manisha/airflow_env/lib/python3.10/site-packages/airflow/example_dags/example_params_trigger_ui.py for tasks to queue
[2024-06-18T11:50:38.060+0545] {logging_mixin.py:188} INFO - [2024-06-18T11:50:38.059+0545] {dagbag.py:545} INFO - Filling up the DagBag from /home/manisha/airflow_env/lib/python3.10/site-packages/airflow/example_dags/example_params_trigger_ui.py
[2024-06-18T11:50:38.074+0545] {processor.py:840} INFO - DAG(s) 'example_params_trigger_ui' retrieved from /home/manisha/airflow_env/lib/python3.10/site-packages/airflow/example_dags/example_params_trigger_ui.py
[2024-06-18T11:50:38.133+0545] {logging_mixin.py:188} INFO - [2024-06-18T11:50:38.132+0545] {dag.py:3096} INFO - Sync 1 DAGs
[2024-06-18T11:50:38.143+0545] {logging_mixin.py:188} INFO - [2024-06-18T11:50:38.143+0545] {dag.py:3954} INFO - Setting next_dagrun for example_params_trigger_ui to None, run_after=None
[2024-06-18T11:50:38.316+0545] {processor.py:183} INFO - Processing /home/manisha/airflow_env/lib/python3.10/site-packages/airflow/example_dags/example_params_trigger_ui.py took 0.293 seconds
[2024-06-18T11:50:59.705+0545] {processor.py:161} INFO - Started process (PID=9415) to work on /home/manisha/airflow_env/lib/python3.10/site-packages/airflow/example_dags/example_params_trigger_ui.py
[2024-06-18T11:50:59.706+0545] {processor.py:830} INFO - Processing file /home/manisha/airflow_env/lib/python3.10/site-packages/airflow/example_dags/example_params_trigger_ui.py for tasks to queue
[2024-06-18T11:50:59.708+0545] {logging_mixin.py:188} INFO - [2024-06-18T11:50:59.707+0545] {dagbag.py:545} INFO - Filling up the DagBag from /home/manisha/airflow_env/lib/python3.10/site-packages/airflow/example_dags/example_params_trigger_ui.py
[2024-06-18T11:50:59.729+0545] {processor.py:840} INFO - DAG(s) 'example_params_trigger_ui' retrieved from /home/manisha/airflow_env/lib/python3.10/site-packages/airflow/example_dags/example_params_trigger_ui.py
[2024-06-18T11:50:59.751+0545] {logging_mixin.py:188} INFO - [2024-06-18T11:50:59.750+0545] {dag.py:3096} INFO - Sync 1 DAGs
[2024-06-18T11:50:59.770+0545] {logging_mixin.py:188} INFO - [2024-06-18T11:50:59.769+0545] {dag.py:3954} INFO - Setting next_dagrun for example_params_trigger_ui to None, run_after=None
[2024-06-18T11:50:59.983+0545] {processor.py:183} INFO - Processing /home/manisha/airflow_env/lib/python3.10/site-packages/airflow/example_dags/example_params_trigger_ui.py took 0.284 seconds
[2024-06-18T11:51:33.888+0545] {processor.py:161} INFO - Started process (PID=9684) to work on /home/manisha/airflow_env/lib/python3.10/site-packages/airflow/example_dags/example_params_trigger_ui.py
[2024-06-18T11:51:33.908+0545] {processor.py:830} INFO - Processing file /home/manisha/airflow_env/lib/python3.10/site-packages/airflow/example_dags/example_params_trigger_ui.py for tasks to queue
[2024-06-18T11:51:33.909+0545] {logging_mixin.py:188} INFO - [2024-06-18T11:51:33.909+0545] {dagbag.py:545} INFO - Filling up the DagBag from /home/manisha/airflow_env/lib/python3.10/site-packages/airflow/example_dags/example_params_trigger_ui.py
[2024-06-18T11:51:33.925+0545] {processor.py:840} INFO - DAG(s) 'example_params_trigger_ui' retrieved from /home/manisha/airflow_env/lib/python3.10/site-packages/airflow/example_dags/example_params_trigger_ui.py
[2024-06-18T11:51:34.149+0545] {logging_mixin.py:188} INFO - [2024-06-18T11:51:34.149+0545] {dag.py:3096} INFO - Sync 1 DAGs
[2024-06-18T11:51:34.159+0545] {logging_mixin.py:188} INFO - [2024-06-18T11:51:34.159+0545] {dag.py:3954} INFO - Setting next_dagrun for example_params_trigger_ui to None, run_after=None
[2024-06-18T11:51:34.335+0545] {processor.py:183} INFO - Processing /home/manisha/airflow_env/lib/python3.10/site-packages/airflow/example_dags/example_params_trigger_ui.py took 0.453 seconds
