[2024-06-18T10:56:48.645+0545] {processor.py:161} INFO - Started process (PID=4027) to work on /home/manisha/airflow_env/lib/python3.10/site-packages/airflow/example_dags/example_task_group.py
[2024-06-18T10:56:48.646+0545] {processor.py:830} INFO - Processing file /home/manisha/airflow_env/lib/python3.10/site-packages/airflow/example_dags/example_task_group.py for tasks to queue
[2024-06-18T10:56:48.648+0545] {logging_mixin.py:188} INFO - [2024-06-18T10:56:48.647+0545] {dagbag.py:545} INFO - Filling up the DagBag from /home/manisha/airflow_env/lib/python3.10/site-packages/airflow/example_dags/example_task_group.py
[2024-06-18T10:56:48.658+0545] {processor.py:840} INFO - DAG(s) 'example_task_group' retrieved from /home/manisha/airflow_env/lib/python3.10/site-packages/airflow/example_dags/example_task_group.py
[2024-06-18T10:56:48.915+0545] {logging_mixin.py:188} INFO - [2024-06-18T10:56:48.913+0545] {override.py:1829} INFO - Created Permission View: can edit on DAG:example_task_group
[2024-06-18T10:56:48.994+0545] {logging_mixin.py:188} INFO - [2024-06-18T10:56:48.992+0545] {override.py:1829} INFO - Created Permission View: can read on DAG:example_task_group
[2024-06-18T10:56:49.061+0545] {logging_mixin.py:188} INFO - [2024-06-18T10:56:49.059+0545] {override.py:1829} INFO - Created Permission View: can delete on DAG:example_task_group
[2024-06-18T10:56:49.063+0545] {logging_mixin.py:188} INFO - [2024-06-18T10:56:49.062+0545] {dag.py:3096} INFO - Sync 1 DAGs
[2024-06-18T10:56:49.097+0545] {logging_mixin.py:188} INFO - [2024-06-18T10:56:49.097+0545] {dag.py:3118} INFO - Creating ORM DAG for example_task_group
[2024-06-18T10:56:49.108+0545] {logging_mixin.py:188} INFO - [2024-06-18T10:56:49.108+0545] {dag.py:3954} INFO - Setting next_dagrun for example_task_group to 2024-06-17 00:00:00+00:00, run_after=2024-06-18 00:00:00+00:00
[2024-06-18T10:56:49.213+0545] {processor.py:183} INFO - Processing /home/manisha/airflow_env/lib/python3.10/site-packages/airflow/example_dags/example_task_group.py took 0.574 seconds
[2024-06-18T10:58:10.854+0545] {processor.py:161} INFO - Started process (PID=4143) to work on /home/manisha/airflow_env/lib/python3.10/site-packages/airflow/example_dags/example_task_group.py
[2024-06-18T10:58:10.855+0545] {processor.py:830} INFO - Processing file /home/manisha/airflow_env/lib/python3.10/site-packages/airflow/example_dags/example_task_group.py for tasks to queue
[2024-06-18T10:58:10.857+0545] {logging_mixin.py:188} INFO - [2024-06-18T10:58:10.856+0545] {dagbag.py:545} INFO - Filling up the DagBag from /home/manisha/airflow_env/lib/python3.10/site-packages/airflow/example_dags/example_task_group.py
[2024-06-18T10:58:10.867+0545] {processor.py:840} INFO - DAG(s) 'example_task_group' retrieved from /home/manisha/airflow_env/lib/python3.10/site-packages/airflow/example_dags/example_task_group.py
[2024-06-18T10:58:10.888+0545] {logging_mixin.py:188} INFO - [2024-06-18T10:58:10.888+0545] {dag.py:3096} INFO - Sync 1 DAGs
[2024-06-18T10:58:10.911+0545] {logging_mixin.py:188} INFO - [2024-06-18T10:58:10.911+0545] {dag.py:3954} INFO - Setting next_dagrun for example_task_group to 2024-06-17 00:00:00+00:00, run_after=2024-06-18 00:00:00+00:00
[2024-06-18T10:58:11.019+0545] {processor.py:183} INFO - Processing /home/manisha/airflow_env/lib/python3.10/site-packages/airflow/example_dags/example_task_group.py took 0.173 seconds
[2024-06-18T10:59:13.209+0545] {processor.py:161} INFO - Started process (PID=4196) to work on /home/manisha/airflow_env/lib/python3.10/site-packages/airflow/example_dags/example_task_group.py
[2024-06-18T10:59:13.211+0545] {processor.py:830} INFO - Processing file /home/manisha/airflow_env/lib/python3.10/site-packages/airflow/example_dags/example_task_group.py for tasks to queue
[2024-06-18T10:59:13.212+0545] {logging_mixin.py:188} INFO - [2024-06-18T10:59:13.212+0545] {dagbag.py:545} INFO - Filling up the DagBag from /home/manisha/airflow_env/lib/python3.10/site-packages/airflow/example_dags/example_task_group.py
[2024-06-18T10:59:13.221+0545] {processor.py:840} INFO - DAG(s) 'example_task_group' retrieved from /home/manisha/airflow_env/lib/python3.10/site-packages/airflow/example_dags/example_task_group.py
[2024-06-18T10:59:13.245+0545] {logging_mixin.py:188} INFO - [2024-06-18T10:59:13.245+0545] {dag.py:3096} INFO - Sync 1 DAGs
[2024-06-18T10:59:13.263+0545] {logging_mixin.py:188} INFO - [2024-06-18T10:59:13.263+0545] {dag.py:3954} INFO - Setting next_dagrun for example_task_group to 2024-06-17 00:00:00+00:00, run_after=2024-06-18 00:00:00+00:00
[2024-06-18T10:59:13.445+0545] {processor.py:183} INFO - Processing /home/manisha/airflow_env/lib/python3.10/site-packages/airflow/example_dags/example_task_group.py took 0.242 seconds
[2024-06-18T11:00:17.958+0545] {processor.py:161} INFO - Started process (PID=4250) to work on /home/manisha/airflow_env/lib/python3.10/site-packages/airflow/example_dags/example_task_group.py
[2024-06-18T11:00:17.994+0545] {processor.py:830} INFO - Processing file /home/manisha/airflow_env/lib/python3.10/site-packages/airflow/example_dags/example_task_group.py for tasks to queue
[2024-06-18T11:00:17.998+0545] {logging_mixin.py:188} INFO - [2024-06-18T11:00:17.997+0545] {dagbag.py:545} INFO - Filling up the DagBag from /home/manisha/airflow_env/lib/python3.10/site-packages/airflow/example_dags/example_task_group.py
[2024-06-18T11:00:18.019+0545] {processor.py:840} INFO - DAG(s) 'example_task_group' retrieved from /home/manisha/airflow_env/lib/python3.10/site-packages/airflow/example_dags/example_task_group.py
[2024-06-18T11:00:18.040+0545] {logging_mixin.py:188} INFO - [2024-06-18T11:00:18.040+0545] {dag.py:3096} INFO - Sync 1 DAGs
[2024-06-18T11:00:18.057+0545] {logging_mixin.py:188} INFO - [2024-06-18T11:00:18.057+0545] {dag.py:3954} INFO - Setting next_dagrun for example_task_group to 2024-06-17 00:00:00+00:00, run_after=2024-06-18 00:00:00+00:00
[2024-06-18T11:00:18.162+0545] {processor.py:183} INFO - Processing /home/manisha/airflow_env/lib/python3.10/site-packages/airflow/example_dags/example_task_group.py took 0.225 seconds
[2024-06-18T11:01:17.287+0545] {processor.py:161} INFO - Started process (PID=4391) to work on /home/manisha/airflow_env/lib/python3.10/site-packages/airflow/example_dags/example_task_group.py
[2024-06-18T11:01:17.320+0545] {processor.py:830} INFO - Processing file /home/manisha/airflow_env/lib/python3.10/site-packages/airflow/example_dags/example_task_group.py for tasks to queue
[2024-06-18T11:01:17.326+0545] {logging_mixin.py:188} INFO - [2024-06-18T11:01:17.325+0545] {dagbag.py:545} INFO - Filling up the DagBag from /home/manisha/airflow_env/lib/python3.10/site-packages/airflow/example_dags/example_task_group.py
[2024-06-18T11:01:17.352+0545] {processor.py:840} INFO - DAG(s) 'example_task_group' retrieved from /home/manisha/airflow_env/lib/python3.10/site-packages/airflow/example_dags/example_task_group.py
[2024-06-18T11:01:17.375+0545] {logging_mixin.py:188} INFO - [2024-06-18T11:01:17.375+0545] {dag.py:3096} INFO - Sync 1 DAGs
[2024-06-18T11:01:17.393+0545] {logging_mixin.py:188} INFO - [2024-06-18T11:01:17.393+0545] {dag.py:3954} INFO - Setting next_dagrun for example_task_group to 2024-06-17 00:00:00+00:00, run_after=2024-06-18 00:00:00+00:00
[2024-06-18T11:01:17.500+0545] {processor.py:183} INFO - Processing /home/manisha/airflow_env/lib/python3.10/site-packages/airflow/example_dags/example_task_group.py took 0.219 seconds
[2024-06-18T11:02:19.010+0545] {processor.py:161} INFO - Started process (PID=4443) to work on /home/manisha/airflow_env/lib/python3.10/site-packages/airflow/example_dags/example_task_group.py
[2024-06-18T11:02:19.047+0545] {processor.py:830} INFO - Processing file /home/manisha/airflow_env/lib/python3.10/site-packages/airflow/example_dags/example_task_group.py for tasks to queue
[2024-06-18T11:02:19.053+0545] {logging_mixin.py:188} INFO - [2024-06-18T11:02:19.052+0545] {dagbag.py:545} INFO - Filling up the DagBag from /home/manisha/airflow_env/lib/python3.10/site-packages/airflow/example_dags/example_task_group.py
[2024-06-18T11:02:19.079+0545] {processor.py:840} INFO - DAG(s) 'example_task_group' retrieved from /home/manisha/airflow_env/lib/python3.10/site-packages/airflow/example_dags/example_task_group.py
[2024-06-18T11:02:19.101+0545] {logging_mixin.py:188} INFO - [2024-06-18T11:02:19.101+0545] {dag.py:3096} INFO - Sync 1 DAGs
[2024-06-18T11:02:19.119+0545] {logging_mixin.py:188} INFO - [2024-06-18T11:02:19.118+0545] {dag.py:3954} INFO - Setting next_dagrun for example_task_group to 2024-06-17 00:00:00+00:00, run_after=2024-06-18 00:00:00+00:00
[2024-06-18T11:02:19.272+0545] {processor.py:183} INFO - Processing /home/manisha/airflow_env/lib/python3.10/site-packages/airflow/example_dags/example_task_group.py took 0.268 seconds
[2024-06-18T11:03:16.354+0545] {processor.py:161} INFO - Started process (PID=4496) to work on /home/manisha/airflow_env/lib/python3.10/site-packages/airflow/example_dags/example_task_group.py
[2024-06-18T11:03:16.392+0545] {processor.py:830} INFO - Processing file /home/manisha/airflow_env/lib/python3.10/site-packages/airflow/example_dags/example_task_group.py for tasks to queue
[2024-06-18T11:03:16.398+0545] {logging_mixin.py:188} INFO - [2024-06-18T11:03:16.397+0545] {dagbag.py:545} INFO - Filling up the DagBag from /home/manisha/airflow_env/lib/python3.10/site-packages/airflow/example_dags/example_task_group.py
[2024-06-18T11:03:16.421+0545] {processor.py:840} INFO - DAG(s) 'example_task_group' retrieved from /home/manisha/airflow_env/lib/python3.10/site-packages/airflow/example_dags/example_task_group.py
[2024-06-18T11:03:16.446+0545] {logging_mixin.py:188} INFO - [2024-06-18T11:03:16.446+0545] {dag.py:3096} INFO - Sync 1 DAGs
[2024-06-18T11:03:16.464+0545] {logging_mixin.py:188} INFO - [2024-06-18T11:03:16.464+0545] {dag.py:3954} INFO - Setting next_dagrun for example_task_group to 2024-06-17 00:00:00+00:00, run_after=2024-06-18 00:00:00+00:00
[2024-06-18T11:03:16.572+0545] {processor.py:183} INFO - Processing /home/manisha/airflow_env/lib/python3.10/site-packages/airflow/example_dags/example_task_group.py took 0.224 seconds
[2024-06-18T11:04:18.258+0545] {processor.py:161} INFO - Started process (PID=4550) to work on /home/manisha/airflow_env/lib/python3.10/site-packages/airflow/example_dags/example_task_group.py
[2024-06-18T11:04:18.299+0545] {processor.py:830} INFO - Processing file /home/manisha/airflow_env/lib/python3.10/site-packages/airflow/example_dags/example_task_group.py for tasks to queue
[2024-06-18T11:04:18.304+0545] {logging_mixin.py:188} INFO - [2024-06-18T11:04:18.303+0545] {dagbag.py:545} INFO - Filling up the DagBag from /home/manisha/airflow_env/lib/python3.10/site-packages/airflow/example_dags/example_task_group.py
[2024-06-18T11:04:18.330+0545] {processor.py:840} INFO - DAG(s) 'example_task_group' retrieved from /home/manisha/airflow_env/lib/python3.10/site-packages/airflow/example_dags/example_task_group.py
[2024-06-18T11:04:18.352+0545] {logging_mixin.py:188} INFO - [2024-06-18T11:04:18.352+0545] {dag.py:3096} INFO - Sync 1 DAGs
[2024-06-18T11:04:18.370+0545] {logging_mixin.py:188} INFO - [2024-06-18T11:04:18.370+0545] {dag.py:3954} INFO - Setting next_dagrun for example_task_group to 2024-06-17 00:00:00+00:00, run_after=2024-06-18 00:00:00+00:00
[2024-06-18T11:04:18.482+0545] {processor.py:183} INFO - Processing /home/manisha/airflow_env/lib/python3.10/site-packages/airflow/example_dags/example_task_group.py took 0.230 seconds
[2024-06-18T11:05:19.508+0545] {processor.py:161} INFO - Started process (PID=4672) to work on /home/manisha/airflow_env/lib/python3.10/site-packages/airflow/example_dags/example_task_group.py
[2024-06-18T11:05:19.597+0545] {processor.py:830} INFO - Processing file /home/manisha/airflow_env/lib/python3.10/site-packages/airflow/example_dags/example_task_group.py for tasks to queue
[2024-06-18T11:05:19.605+0545] {logging_mixin.py:188} INFO - [2024-06-18T11:05:19.604+0545] {dagbag.py:545} INFO - Filling up the DagBag from /home/manisha/airflow_env/lib/python3.10/site-packages/airflow/example_dags/example_task_group.py
[2024-06-18T11:05:19.630+0545] {processor.py:840} INFO - DAG(s) 'example_task_group' retrieved from /home/manisha/airflow_env/lib/python3.10/site-packages/airflow/example_dags/example_task_group.py
[2024-06-18T11:05:19.653+0545] {logging_mixin.py:188} INFO - [2024-06-18T11:05:19.653+0545] {dag.py:3096} INFO - Sync 1 DAGs
[2024-06-18T11:05:19.671+0545] {logging_mixin.py:188} INFO - [2024-06-18T11:05:19.671+0545] {dag.py:3954} INFO - Setting next_dagrun for example_task_group to 2024-06-17 00:00:00+00:00, run_after=2024-06-18 00:00:00+00:00
[2024-06-18T11:05:19.770+0545] {processor.py:183} INFO - Processing /home/manisha/airflow_env/lib/python3.10/site-packages/airflow/example_dags/example_task_group.py took 0.269 seconds
[2024-06-18T11:06:04.683+0545] {processor.py:161} INFO - Started process (PID=4771) to work on /home/manisha/airflow_env/lib/python3.10/site-packages/airflow/example_dags/example_task_group.py
[2024-06-18T11:06:04.684+0545] {processor.py:830} INFO - Processing file /home/manisha/airflow_env/lib/python3.10/site-packages/airflow/example_dags/example_task_group.py for tasks to queue
[2024-06-18T11:06:04.689+0545] {logging_mixin.py:188} INFO - [2024-06-18T11:06:04.687+0545] {dagbag.py:545} INFO - Filling up the DagBag from /home/manisha/airflow_env/lib/python3.10/site-packages/airflow/example_dags/example_task_group.py
[2024-06-18T11:06:04.700+0545] {processor.py:840} INFO - DAG(s) 'example_task_group' retrieved from /home/manisha/airflow_env/lib/python3.10/site-packages/airflow/example_dags/example_task_group.py
[2024-06-18T11:06:04.722+0545] {logging_mixin.py:188} INFO - [2024-06-18T11:06:04.721+0545] {dag.py:3096} INFO - Sync 1 DAGs
[2024-06-18T11:06:04.747+0545] {logging_mixin.py:188} INFO - [2024-06-18T11:06:04.747+0545] {dag.py:3954} INFO - Setting next_dagrun for example_task_group to 2024-06-17 00:00:00+00:00, run_after=2024-06-18 00:00:00+00:00
[2024-06-18T11:06:04.845+0545] {processor.py:183} INFO - Processing /home/manisha/airflow_env/lib/python3.10/site-packages/airflow/example_dags/example_task_group.py took 0.176 seconds
[2024-06-18T11:07:05.806+0545] {processor.py:161} INFO - Started process (PID=4919) to work on /home/manisha/airflow_env/lib/python3.10/site-packages/airflow/example_dags/example_task_group.py
[2024-06-18T11:07:05.807+0545] {processor.py:830} INFO - Processing file /home/manisha/airflow_env/lib/python3.10/site-packages/airflow/example_dags/example_task_group.py for tasks to queue
[2024-06-18T11:07:05.809+0545] {logging_mixin.py:188} INFO - [2024-06-18T11:07:05.808+0545] {dagbag.py:545} INFO - Filling up the DagBag from /home/manisha/airflow_env/lib/python3.10/site-packages/airflow/example_dags/example_task_group.py
[2024-06-18T11:07:05.818+0545] {processor.py:840} INFO - DAG(s) 'example_task_group' retrieved from /home/manisha/airflow_env/lib/python3.10/site-packages/airflow/example_dags/example_task_group.py
[2024-06-18T11:07:05.839+0545] {logging_mixin.py:188} INFO - [2024-06-18T11:07:05.839+0545] {dag.py:3096} INFO - Sync 1 DAGs
[2024-06-18T11:07:05.858+0545] {logging_mixin.py:188} INFO - [2024-06-18T11:07:05.858+0545] {dag.py:3954} INFO - Setting next_dagrun for example_task_group to 2024-06-17 00:00:00+00:00, run_after=2024-06-18 00:00:00+00:00
[2024-06-18T11:07:05.943+0545] {processor.py:183} INFO - Processing /home/manisha/airflow_env/lib/python3.10/site-packages/airflow/example_dags/example_task_group.py took 0.144 seconds
[2024-06-18T11:08:01.407+0545] {processor.py:161} INFO - Started process (PID=4971) to work on /home/manisha/airflow_env/lib/python3.10/site-packages/airflow/example_dags/example_task_group.py
[2024-06-18T11:08:01.447+0545] {processor.py:830} INFO - Processing file /home/manisha/airflow_env/lib/python3.10/site-packages/airflow/example_dags/example_task_group.py for tasks to queue
[2024-06-18T11:08:01.452+0545] {logging_mixin.py:188} INFO - [2024-06-18T11:08:01.451+0545] {dagbag.py:545} INFO - Filling up the DagBag from /home/manisha/airflow_env/lib/python3.10/site-packages/airflow/example_dags/example_task_group.py
[2024-06-18T11:08:01.477+0545] {processor.py:840} INFO - DAG(s) 'example_task_group' retrieved from /home/manisha/airflow_env/lib/python3.10/site-packages/airflow/example_dags/example_task_group.py
[2024-06-18T11:08:01.499+0545] {logging_mixin.py:188} INFO - [2024-06-18T11:08:01.498+0545] {dag.py:3096} INFO - Sync 1 DAGs
[2024-06-18T11:08:01.515+0545] {logging_mixin.py:188} INFO - [2024-06-18T11:08:01.515+0545] {dag.py:3954} INFO - Setting next_dagrun for example_task_group to 2024-06-17 00:00:00+00:00, run_after=2024-06-18 00:00:00+00:00
[2024-06-18T11:08:01.574+0545] {processor.py:183} INFO - Processing /home/manisha/airflow_env/lib/python3.10/site-packages/airflow/example_dags/example_task_group.py took 0.173 seconds
[2024-06-18T11:09:02.985+0545] {processor.py:161} INFO - Started process (PID=5616) to work on /home/manisha/airflow_env/lib/python3.10/site-packages/airflow/example_dags/example_task_group.py
[2024-06-18T11:09:03.007+0545] {processor.py:830} INFO - Processing file /home/manisha/airflow_env/lib/python3.10/site-packages/airflow/example_dags/example_task_group.py for tasks to queue
[2024-06-18T11:09:03.009+0545] {logging_mixin.py:188} INFO - [2024-06-18T11:09:03.009+0545] {dagbag.py:545} INFO - Filling up the DagBag from /home/manisha/airflow_env/lib/python3.10/site-packages/airflow/example_dags/example_task_group.py
[2024-06-18T11:09:03.017+0545] {processor.py:840} INFO - DAG(s) 'example_task_group' retrieved from /home/manisha/airflow_env/lib/python3.10/site-packages/airflow/example_dags/example_task_group.py
[2024-06-18T11:09:03.035+0545] {logging_mixin.py:188} INFO - [2024-06-18T11:09:03.035+0545] {dag.py:3096} INFO - Sync 1 DAGs
[2024-06-18T11:09:03.054+0545] {logging_mixin.py:188} INFO - [2024-06-18T11:09:03.054+0545] {dag.py:3954} INFO - Setting next_dagrun for example_task_group to 2024-06-17 00:00:00+00:00, run_after=2024-06-18 00:00:00+00:00
[2024-06-18T11:09:03.136+0545] {processor.py:183} INFO - Processing /home/manisha/airflow_env/lib/python3.10/site-packages/airflow/example_dags/example_task_group.py took 0.164 seconds
[2024-06-18T11:10:04.037+0545] {processor.py:161} INFO - Started process (PID=5675) to work on /home/manisha/airflow_env/lib/python3.10/site-packages/airflow/example_dags/example_task_group.py
[2024-06-18T11:10:04.066+0545] {processor.py:830} INFO - Processing file /home/manisha/airflow_env/lib/python3.10/site-packages/airflow/example_dags/example_task_group.py for tasks to queue
[2024-06-18T11:10:04.071+0545] {logging_mixin.py:188} INFO - [2024-06-18T11:10:04.070+0545] {dagbag.py:545} INFO - Filling up the DagBag from /home/manisha/airflow_env/lib/python3.10/site-packages/airflow/example_dags/example_task_group.py
[2024-06-18T11:10:04.094+0545] {processor.py:840} INFO - DAG(s) 'example_task_group' retrieved from /home/manisha/airflow_env/lib/python3.10/site-packages/airflow/example_dags/example_task_group.py
[2024-06-18T11:10:04.118+0545] {logging_mixin.py:188} INFO - [2024-06-18T11:10:04.118+0545] {dag.py:3096} INFO - Sync 1 DAGs
[2024-06-18T11:10:04.138+0545] {logging_mixin.py:188} INFO - [2024-06-18T11:10:04.138+0545] {dag.py:3954} INFO - Setting next_dagrun for example_task_group to 2024-06-17 00:00:00+00:00, run_after=2024-06-18 00:00:00+00:00
[2024-06-18T11:10:04.223+0545] {processor.py:183} INFO - Processing /home/manisha/airflow_env/lib/python3.10/site-packages/airflow/example_dags/example_task_group.py took 0.192 seconds
[2024-06-18T11:43:59.639+0545] {processor.py:161} INFO - Started process (PID=8298) to work on /home/manisha/airflow_env/lib/python3.10/site-packages/airflow/example_dags/example_task_group.py
[2024-06-18T11:43:59.723+0545] {processor.py:830} INFO - Processing file /home/manisha/airflow_env/lib/python3.10/site-packages/airflow/example_dags/example_task_group.py for tasks to queue
[2024-06-18T11:43:59.724+0545] {logging_mixin.py:188} INFO - [2024-06-18T11:43:59.724+0545] {dagbag.py:545} INFO - Filling up the DagBag from /home/manisha/airflow_env/lib/python3.10/site-packages/airflow/example_dags/example_task_group.py
[2024-06-18T11:43:59.732+0545] {processor.py:840} INFO - DAG(s) 'example_task_group' retrieved from /home/manisha/airflow_env/lib/python3.10/site-packages/airflow/example_dags/example_task_group.py
[2024-06-18T11:43:59.747+0545] {logging_mixin.py:188} INFO - [2024-06-18T11:43:59.746+0545] {dag.py:3096} INFO - Sync 1 DAGs
[2024-06-18T11:43:59.768+0545] {logging_mixin.py:188} INFO - [2024-06-18T11:43:59.768+0545] {dag.py:3954} INFO - Setting next_dagrun for example_task_group to 2024-06-17 00:00:00+00:00, run_after=2024-06-18 00:00:00+00:00
[2024-06-18T11:43:59.834+0545] {processor.py:183} INFO - Processing /home/manisha/airflow_env/lib/python3.10/site-packages/airflow/example_dags/example_task_group.py took 0.200 seconds
[2024-06-18T11:44:31.136+0545] {processor.py:161} INFO - Started process (PID=8360) to work on /home/manisha/airflow_env/lib/python3.10/site-packages/airflow/example_dags/example_task_group.py
[2024-06-18T11:44:31.146+0545] {processor.py:830} INFO - Processing file /home/manisha/airflow_env/lib/python3.10/site-packages/airflow/example_dags/example_task_group.py for tasks to queue
[2024-06-18T11:44:31.150+0545] {logging_mixin.py:188} INFO - [2024-06-18T11:44:31.149+0545] {dagbag.py:545} INFO - Filling up the DagBag from /home/manisha/airflow_env/lib/python3.10/site-packages/airflow/example_dags/example_task_group.py
[2024-06-18T11:44:31.172+0545] {processor.py:840} INFO - DAG(s) 'example_task_group' retrieved from /home/manisha/airflow_env/lib/python3.10/site-packages/airflow/example_dags/example_task_group.py
[2024-06-18T11:44:31.379+0545] {logging_mixin.py:188} INFO - [2024-06-18T11:44:31.379+0545] {dag.py:3096} INFO - Sync 1 DAGs
[2024-06-18T11:44:31.399+0545] {logging_mixin.py:188} INFO - [2024-06-18T11:44:31.399+0545] {dag.py:3954} INFO - Setting next_dagrun for example_task_group to 2024-06-17 00:00:00+00:00, run_after=2024-06-18 00:00:00+00:00
[2024-06-18T11:44:31.605+0545] {processor.py:183} INFO - Processing /home/manisha/airflow_env/lib/python3.10/site-packages/airflow/example_dags/example_task_group.py took 0.474 seconds
[2024-06-18T11:45:02.200+0545] {processor.py:161} INFO - Started process (PID=8414) to work on /home/manisha/airflow_env/lib/python3.10/site-packages/airflow/example_dags/example_task_group.py
[2024-06-18T11:45:02.266+0545] {processor.py:830} INFO - Processing file /home/manisha/airflow_env/lib/python3.10/site-packages/airflow/example_dags/example_task_group.py for tasks to queue
[2024-06-18T11:45:02.271+0545] {logging_mixin.py:188} INFO - [2024-06-18T11:45:02.270+0545] {dagbag.py:545} INFO - Filling up the DagBag from /home/manisha/airflow_env/lib/python3.10/site-packages/airflow/example_dags/example_task_group.py
[2024-06-18T11:45:02.295+0545] {processor.py:840} INFO - DAG(s) 'example_task_group' retrieved from /home/manisha/airflow_env/lib/python3.10/site-packages/airflow/example_dags/example_task_group.py
[2024-06-18T11:45:02.328+0545] {logging_mixin.py:188} INFO - [2024-06-18T11:45:02.328+0545] {dag.py:3096} INFO - Sync 1 DAGs
[2024-06-18T11:45:02.439+0545] {logging_mixin.py:188} INFO - [2024-06-18T11:45:02.439+0545] {dag.py:3954} INFO - Setting next_dagrun for example_task_group to 2024-06-17 00:00:00+00:00, run_after=2024-06-18 00:00:00+00:00
[2024-06-18T11:45:02.586+0545] {processor.py:183} INFO - Processing /home/manisha/airflow_env/lib/python3.10/site-packages/airflow/example_dags/example_task_group.py took 0.391 seconds
[2024-06-18T11:45:32.711+0545] {processor.py:161} INFO - Started process (PID=8465) to work on /home/manisha/airflow_env/lib/python3.10/site-packages/airflow/example_dags/example_task_group.py
[2024-06-18T11:45:32.712+0545] {processor.py:830} INFO - Processing file /home/manisha/airflow_env/lib/python3.10/site-packages/airflow/example_dags/example_task_group.py for tasks to queue
[2024-06-18T11:45:32.714+0545] {logging_mixin.py:188} INFO - [2024-06-18T11:45:32.714+0545] {dagbag.py:545} INFO - Filling up the DagBag from /home/manisha/airflow_env/lib/python3.10/site-packages/airflow/example_dags/example_task_group.py
[2024-06-18T11:45:32.721+0545] {processor.py:840} INFO - DAG(s) 'example_task_group' retrieved from /home/manisha/airflow_env/lib/python3.10/site-packages/airflow/example_dags/example_task_group.py
[2024-06-18T11:45:32.747+0545] {logging_mixin.py:188} INFO - [2024-06-18T11:45:32.747+0545] {dag.py:3096} INFO - Sync 1 DAGs
[2024-06-18T11:45:32.768+0545] {logging_mixin.py:188} INFO - [2024-06-18T11:45:32.768+0545] {dag.py:3954} INFO - Setting next_dagrun for example_task_group to 2024-06-17 00:00:00+00:00, run_after=2024-06-18 00:00:00+00:00
[2024-06-18T11:45:32.911+0545] {processor.py:183} INFO - Processing /home/manisha/airflow_env/lib/python3.10/site-packages/airflow/example_dags/example_task_group.py took 0.206 seconds
[2024-06-18T11:46:03.077+0545] {processor.py:161} INFO - Started process (PID=8518) to work on /home/manisha/airflow_env/lib/python3.10/site-packages/airflow/example_dags/example_task_group.py
[2024-06-18T11:46:03.078+0545] {processor.py:830} INFO - Processing file /home/manisha/airflow_env/lib/python3.10/site-packages/airflow/example_dags/example_task_group.py for tasks to queue
[2024-06-18T11:46:03.079+0545] {logging_mixin.py:188} INFO - [2024-06-18T11:46:03.079+0545] {dagbag.py:545} INFO - Filling up the DagBag from /home/manisha/airflow_env/lib/python3.10/site-packages/airflow/example_dags/example_task_group.py
[2024-06-18T11:46:03.086+0545] {processor.py:840} INFO - DAG(s) 'example_task_group' retrieved from /home/manisha/airflow_env/lib/python3.10/site-packages/airflow/example_dags/example_task_group.py
[2024-06-18T11:46:03.108+0545] {logging_mixin.py:188} INFO - [2024-06-18T11:46:03.108+0545] {dag.py:3096} INFO - Sync 1 DAGs
[2024-06-18T11:46:03.127+0545] {logging_mixin.py:188} INFO - [2024-06-18T11:46:03.127+0545] {dag.py:3954} INFO - Setting next_dagrun for example_task_group to 2024-06-17 00:00:00+00:00, run_after=2024-06-18 00:00:00+00:00
[2024-06-18T11:46:03.204+0545] {processor.py:183} INFO - Processing /home/manisha/airflow_env/lib/python3.10/site-packages/airflow/example_dags/example_task_group.py took 0.133 seconds
[2024-06-18T11:46:33.779+0545] {processor.py:161} INFO - Started process (PID=8569) to work on /home/manisha/airflow_env/lib/python3.10/site-packages/airflow/example_dags/example_task_group.py
[2024-06-18T11:46:33.801+0545] {processor.py:830} INFO - Processing file /home/manisha/airflow_env/lib/python3.10/site-packages/airflow/example_dags/example_task_group.py for tasks to queue
[2024-06-18T11:46:33.803+0545] {logging_mixin.py:188} INFO - [2024-06-18T11:46:33.802+0545] {dagbag.py:545} INFO - Filling up the DagBag from /home/manisha/airflow_env/lib/python3.10/site-packages/airflow/example_dags/example_task_group.py
[2024-06-18T11:46:33.811+0545] {processor.py:840} INFO - DAG(s) 'example_task_group' retrieved from /home/manisha/airflow_env/lib/python3.10/site-packages/airflow/example_dags/example_task_group.py
[2024-06-18T11:46:33.836+0545] {logging_mixin.py:188} INFO - [2024-06-18T11:46:33.836+0545] {dag.py:3096} INFO - Sync 1 DAGs
[2024-06-18T11:46:33.855+0545] {logging_mixin.py:188} INFO - [2024-06-18T11:46:33.855+0545] {dag.py:3954} INFO - Setting next_dagrun for example_task_group to 2024-06-17 00:00:00+00:00, run_after=2024-06-18 00:00:00+00:00
[2024-06-18T11:46:34.002+0545] {processor.py:183} INFO - Processing /home/manisha/airflow_env/lib/python3.10/site-packages/airflow/example_dags/example_task_group.py took 0.229 seconds
[2024-06-18T11:47:04.434+0545] {processor.py:161} INFO - Started process (PID=8620) to work on /home/manisha/airflow_env/lib/python3.10/site-packages/airflow/example_dags/example_task_group.py
[2024-06-18T11:47:04.435+0545] {processor.py:830} INFO - Processing file /home/manisha/airflow_env/lib/python3.10/site-packages/airflow/example_dags/example_task_group.py for tasks to queue
[2024-06-18T11:47:04.436+0545] {logging_mixin.py:188} INFO - [2024-06-18T11:47:04.436+0545] {dagbag.py:545} INFO - Filling up the DagBag from /home/manisha/airflow_env/lib/python3.10/site-packages/airflow/example_dags/example_task_group.py
[2024-06-18T11:47:04.444+0545] {processor.py:840} INFO - DAG(s) 'example_task_group' retrieved from /home/manisha/airflow_env/lib/python3.10/site-packages/airflow/example_dags/example_task_group.py
[2024-06-18T11:47:04.468+0545] {logging_mixin.py:188} INFO - [2024-06-18T11:47:04.468+0545] {dag.py:3096} INFO - Sync 1 DAGs
[2024-06-18T11:47:04.488+0545] {logging_mixin.py:188} INFO - [2024-06-18T11:47:04.488+0545] {dag.py:3954} INFO - Setting next_dagrun for example_task_group to 2024-06-17 00:00:00+00:00, run_after=2024-06-18 00:00:00+00:00
[2024-06-18T11:47:04.565+0545] {processor.py:183} INFO - Processing /home/manisha/airflow_env/lib/python3.10/site-packages/airflow/example_dags/example_task_group.py took 0.137 seconds
[2024-06-18T11:47:34.724+0545] {processor.py:161} INFO - Started process (PID=8671) to work on /home/manisha/airflow_env/lib/python3.10/site-packages/airflow/example_dags/example_task_group.py
[2024-06-18T11:47:34.806+0545] {processor.py:830} INFO - Processing file /home/manisha/airflow_env/lib/python3.10/site-packages/airflow/example_dags/example_task_group.py for tasks to queue
[2024-06-18T11:47:34.811+0545] {logging_mixin.py:188} INFO - [2024-06-18T11:47:34.810+0545] {dagbag.py:545} INFO - Filling up the DagBag from /home/manisha/airflow_env/lib/python3.10/site-packages/airflow/example_dags/example_task_group.py
[2024-06-18T11:47:34.833+0545] {processor.py:840} INFO - DAG(s) 'example_task_group' retrieved from /home/manisha/airflow_env/lib/python3.10/site-packages/airflow/example_dags/example_task_group.py
[2024-06-18T11:47:34.862+0545] {logging_mixin.py:188} INFO - [2024-06-18T11:47:34.861+0545] {dag.py:3096} INFO - Sync 1 DAGs
[2024-06-18T11:47:34.882+0545] {logging_mixin.py:188} INFO - [2024-06-18T11:47:34.882+0545] {dag.py:3954} INFO - Setting next_dagrun for example_task_group to 2024-06-17 00:00:00+00:00, run_after=2024-06-18 00:00:00+00:00
[2024-06-18T11:47:34.957+0545] {processor.py:183} INFO - Processing /home/manisha/airflow_env/lib/python3.10/site-packages/airflow/example_dags/example_task_group.py took 0.239 seconds
[2024-06-18T11:48:30.123+0545] {processor.py:161} INFO - Started process (PID=8747) to work on /home/manisha/airflow_env/lib/python3.10/site-packages/airflow/example_dags/example_task_group.py
[2024-06-18T11:48:30.151+0545] {processor.py:830} INFO - Processing file /home/manisha/airflow_env/lib/python3.10/site-packages/airflow/example_dags/example_task_group.py for tasks to queue
[2024-06-18T11:48:30.152+0545] {logging_mixin.py:188} INFO - [2024-06-18T11:48:30.152+0545] {dagbag.py:545} INFO - Filling up the DagBag from /home/manisha/airflow_env/lib/python3.10/site-packages/airflow/example_dags/example_task_group.py
[2024-06-18T11:48:30.159+0545] {processor.py:840} INFO - DAG(s) 'example_task_group' retrieved from /home/manisha/airflow_env/lib/python3.10/site-packages/airflow/example_dags/example_task_group.py
[2024-06-18T11:48:30.172+0545] {logging_mixin.py:188} INFO - [2024-06-18T11:48:30.172+0545] {dag.py:3096} INFO - Sync 1 DAGs
[2024-06-18T11:48:30.193+0545] {logging_mixin.py:188} INFO - [2024-06-18T11:48:30.193+0545] {dag.py:3954} INFO - Setting next_dagrun for example_task_group to 2024-06-17 00:00:00+00:00, run_after=2024-06-18 00:00:00+00:00
[2024-06-18T11:48:30.251+0545] {processor.py:183} INFO - Processing /home/manisha/airflow_env/lib/python3.10/site-packages/airflow/example_dags/example_task_group.py took 0.134 seconds
[2024-06-18T11:49:01.983+0545] {processor.py:161} INFO - Started process (PID=8861) to work on /home/manisha/airflow_env/lib/python3.10/site-packages/airflow/example_dags/example_task_group.py
[2024-06-18T11:49:01.985+0545] {processor.py:830} INFO - Processing file /home/manisha/airflow_env/lib/python3.10/site-packages/airflow/example_dags/example_task_group.py for tasks to queue
[2024-06-18T11:49:01.988+0545] {logging_mixin.py:188} INFO - [2024-06-18T11:49:01.987+0545] {dagbag.py:545} INFO - Filling up the DagBag from /home/manisha/airflow_env/lib/python3.10/site-packages/airflow/example_dags/example_task_group.py
[2024-06-18T11:49:01.997+0545] {processor.py:840} INFO - DAG(s) 'example_task_group' retrieved from /home/manisha/airflow_env/lib/python3.10/site-packages/airflow/example_dags/example_task_group.py
[2024-06-18T11:49:02.196+0545] {logging_mixin.py:188} INFO - [2024-06-18T11:49:02.196+0545] {dag.py:3096} INFO - Sync 1 DAGs
[2024-06-18T11:49:02.218+0545] {logging_mixin.py:188} INFO - [2024-06-18T11:49:02.218+0545] {dag.py:3954} INFO - Setting next_dagrun for example_task_group to 2024-06-17 00:00:00+00:00, run_after=2024-06-18 00:00:00+00:00
[2024-06-18T11:49:02.398+0545] {processor.py:183} INFO - Processing /home/manisha/airflow_env/lib/python3.10/site-packages/airflow/example_dags/example_task_group.py took 0.429 seconds
[2024-06-18T11:49:32.767+0545] {processor.py:161} INFO - Started process (PID=8932) to work on /home/manisha/airflow_env/lib/python3.10/site-packages/airflow/example_dags/example_task_group.py
[2024-06-18T11:49:32.771+0545] {processor.py:830} INFO - Processing file /home/manisha/airflow_env/lib/python3.10/site-packages/airflow/example_dags/example_task_group.py for tasks to queue
[2024-06-18T11:49:32.773+0545] {logging_mixin.py:188} INFO - [2024-06-18T11:49:32.772+0545] {dagbag.py:545} INFO - Filling up the DagBag from /home/manisha/airflow_env/lib/python3.10/site-packages/airflow/example_dags/example_task_group.py
[2024-06-18T11:49:32.781+0545] {processor.py:840} INFO - DAG(s) 'example_task_group' retrieved from /home/manisha/airflow_env/lib/python3.10/site-packages/airflow/example_dags/example_task_group.py
[2024-06-18T11:49:32.807+0545] {logging_mixin.py:188} INFO - [2024-06-18T11:49:32.807+0545] {dag.py:3096} INFO - Sync 1 DAGs
[2024-06-18T11:49:32.920+0545] {logging_mixin.py:188} INFO - [2024-06-18T11:49:32.920+0545] {dag.py:3954} INFO - Setting next_dagrun for example_task_group to 2024-06-17 00:00:00+00:00, run_after=2024-06-18 00:00:00+00:00
[2024-06-18T11:49:33.014+0545] {processor.py:183} INFO - Processing /home/manisha/airflow_env/lib/python3.10/site-packages/airflow/example_dags/example_task_group.py took 0.255 seconds
[2024-06-18T11:50:03.386+0545] {processor.py:161} INFO - Started process (PID=8988) to work on /home/manisha/airflow_env/lib/python3.10/site-packages/airflow/example_dags/example_task_group.py
[2024-06-18T11:50:03.387+0545] {processor.py:830} INFO - Processing file /home/manisha/airflow_env/lib/python3.10/site-packages/airflow/example_dags/example_task_group.py for tasks to queue
[2024-06-18T11:50:03.388+0545] {logging_mixin.py:188} INFO - [2024-06-18T11:50:03.388+0545] {dagbag.py:545} INFO - Filling up the DagBag from /home/manisha/airflow_env/lib/python3.10/site-packages/airflow/example_dags/example_task_group.py
[2024-06-18T11:50:03.397+0545] {processor.py:840} INFO - DAG(s) 'example_task_group' retrieved from /home/manisha/airflow_env/lib/python3.10/site-packages/airflow/example_dags/example_task_group.py
[2024-06-18T11:50:03.425+0545] {logging_mixin.py:188} INFO - [2024-06-18T11:50:03.425+0545] {dag.py:3096} INFO - Sync 1 DAGs
[2024-06-18T11:50:03.447+0545] {logging_mixin.py:188} INFO - [2024-06-18T11:50:03.447+0545] {dag.py:3954} INFO - Setting next_dagrun for example_task_group to 2024-06-17 00:00:00+00:00, run_after=2024-06-18 00:00:00+00:00
[2024-06-18T11:50:03.648+0545] {processor.py:183} INFO - Processing /home/manisha/airflow_env/lib/python3.10/site-packages/airflow/example_dags/example_task_group.py took 0.268 seconds
[2024-06-18T11:50:34.076+0545] {processor.py:161} INFO - Started process (PID=9047) to work on /home/manisha/airflow_env/lib/python3.10/site-packages/airflow/example_dags/example_task_group.py
[2024-06-18T11:50:34.112+0545] {processor.py:830} INFO - Processing file /home/manisha/airflow_env/lib/python3.10/site-packages/airflow/example_dags/example_task_group.py for tasks to queue
[2024-06-18T11:50:34.113+0545] {logging_mixin.py:188} INFO - [2024-06-18T11:50:34.113+0545] {dagbag.py:545} INFO - Filling up the DagBag from /home/manisha/airflow_env/lib/python3.10/site-packages/airflow/example_dags/example_task_group.py
[2024-06-18T11:50:34.120+0545] {processor.py:840} INFO - DAG(s) 'example_task_group' retrieved from /home/manisha/airflow_env/lib/python3.10/site-packages/airflow/example_dags/example_task_group.py
[2024-06-18T11:50:34.145+0545] {logging_mixin.py:188} INFO - [2024-06-18T11:50:34.145+0545] {dag.py:3096} INFO - Sync 1 DAGs
[2024-06-18T11:50:34.165+0545] {logging_mixin.py:188} INFO - [2024-06-18T11:50:34.165+0545] {dag.py:3954} INFO - Setting next_dagrun for example_task_group to 2024-06-17 00:00:00+00:00, run_after=2024-06-18 00:00:00+00:00
[2024-06-18T11:50:34.376+0545] {processor.py:183} INFO - Processing /home/manisha/airflow_env/lib/python3.10/site-packages/airflow/example_dags/example_task_group.py took 0.308 seconds
[2024-06-18T11:50:56.853+0545] {processor.py:161} INFO - Started process (PID=9301) to work on /home/manisha/airflow_env/lib/python3.10/site-packages/airflow/example_dags/example_task_group.py
[2024-06-18T11:50:56.854+0545] {processor.py:830} INFO - Processing file /home/manisha/airflow_env/lib/python3.10/site-packages/airflow/example_dags/example_task_group.py for tasks to queue
[2024-06-18T11:50:56.855+0545] {logging_mixin.py:188} INFO - [2024-06-18T11:50:56.855+0545] {dagbag.py:545} INFO - Filling up the DagBag from /home/manisha/airflow_env/lib/python3.10/site-packages/airflow/example_dags/example_task_group.py
[2024-06-18T11:50:56.864+0545] {processor.py:840} INFO - DAG(s) 'example_task_group' retrieved from /home/manisha/airflow_env/lib/python3.10/site-packages/airflow/example_dags/example_task_group.py
[2024-06-18T11:50:56.878+0545] {logging_mixin.py:188} INFO - [2024-06-18T11:50:56.878+0545] {dag.py:3096} INFO - Sync 1 DAGs
[2024-06-18T11:50:56.901+0545] {logging_mixin.py:188} INFO - [2024-06-18T11:50:56.901+0545] {dag.py:3954} INFO - Setting next_dagrun for example_task_group to 2024-06-17 00:00:00+00:00, run_after=2024-06-18 00:00:00+00:00
[2024-06-18T11:50:57.170+0545] {processor.py:183} INFO - Processing /home/manisha/airflow_env/lib/python3.10/site-packages/airflow/example_dags/example_task_group.py took 0.322 seconds
[2024-06-18T11:51:28.704+0545] {processor.py:161} INFO - Started process (PID=9574) to work on /home/manisha/airflow_env/lib/python3.10/site-packages/airflow/example_dags/example_task_group.py
[2024-06-18T11:51:28.782+0545] {processor.py:830} INFO - Processing file /home/manisha/airflow_env/lib/python3.10/site-packages/airflow/example_dags/example_task_group.py for tasks to queue
[2024-06-18T11:51:28.788+0545] {logging_mixin.py:188} INFO - [2024-06-18T11:51:28.787+0545] {dagbag.py:545} INFO - Filling up the DagBag from /home/manisha/airflow_env/lib/python3.10/site-packages/airflow/example_dags/example_task_group.py
[2024-06-18T11:51:28.813+0545] {processor.py:840} INFO - DAG(s) 'example_task_group' retrieved from /home/manisha/airflow_env/lib/python3.10/site-packages/airflow/example_dags/example_task_group.py
[2024-06-18T11:51:29.046+0545] {logging_mixin.py:188} INFO - [2024-06-18T11:51:29.046+0545] {dag.py:3096} INFO - Sync 1 DAGs
[2024-06-18T11:51:29.075+0545] {logging_mixin.py:188} INFO - [2024-06-18T11:51:29.075+0545] {dag.py:3954} INFO - Setting next_dagrun for example_task_group to 2024-06-17 00:00:00+00:00, run_after=2024-06-18 00:00:00+00:00
[2024-06-18T11:51:29.273+0545] {processor.py:183} INFO - Processing /home/manisha/airflow_env/lib/python3.10/site-packages/airflow/example_dags/example_task_group.py took 0.577 seconds
[2024-06-18T11:51:59.411+0545] {processor.py:161} INFO - Started process (PID=9895) to work on /home/manisha/airflow_env/lib/python3.10/site-packages/airflow/example_dags/example_task_group.py
[2024-06-18T11:51:59.412+0545] {processor.py:830} INFO - Processing file /home/manisha/airflow_env/lib/python3.10/site-packages/airflow/example_dags/example_task_group.py for tasks to queue
[2024-06-18T11:51:59.416+0545] {logging_mixin.py:188} INFO - [2024-06-18T11:51:59.415+0545] {dagbag.py:545} INFO - Filling up the DagBag from /home/manisha/airflow_env/lib/python3.10/site-packages/airflow/example_dags/example_task_group.py
[2024-06-18T11:51:59.665+0545] {processor.py:840} INFO - DAG(s) 'example_task_group' retrieved from /home/manisha/airflow_env/lib/python3.10/site-packages/airflow/example_dags/example_task_group.py
[2024-06-18T11:51:59.742+0545] {logging_mixin.py:188} INFO - [2024-06-18T11:51:59.741+0545] {dag.py:3096} INFO - Sync 1 DAGs
[2024-06-18T11:51:59.800+0545] {logging_mixin.py:188} INFO - [2024-06-18T11:51:59.799+0545] {dag.py:3954} INFO - Setting next_dagrun for example_task_group to 2024-06-17 00:00:00+00:00, run_after=2024-06-18 00:00:00+00:00
[2024-06-18T11:52:00.021+0545] {processor.py:183} INFO - Processing /home/manisha/airflow_env/lib/python3.10/site-packages/airflow/example_dags/example_task_group.py took 0.626 seconds
