[2024-06-18T10:57:40.932+0545] {processor.py:161} INFO - Started process (PID=4061) to work on /home/manisha/airflow_env/lib/python3.10/site-packages/airflow/example_dags/example_branch_operator_decorator.py
[2024-06-18T10:57:40.933+0545] {processor.py:830} INFO - Processing file /home/manisha/airflow_env/lib/python3.10/site-packages/airflow/example_dags/example_branch_operator_decorator.py for tasks to queue
[2024-06-18T10:57:40.936+0545] {logging_mixin.py:188} INFO - [2024-06-18T10:57:40.935+0545] {dagbag.py:545} INFO - Filling up the DagBag from /home/manisha/airflow_env/lib/python3.10/site-packages/airflow/example_dags/example_branch_operator_decorator.py
[2024-06-18T10:57:40.968+0545] {processor.py:840} INFO - DAG(s) 'example_branch_python_operator_decorator' retrieved from /home/manisha/airflow_env/lib/python3.10/site-packages/airflow/example_dags/example_branch_operator_decorator.py
[2024-06-18T10:57:41.349+0545] {logging_mixin.py:188} INFO - [2024-06-18T10:57:41.347+0545] {override.py:1829} INFO - Created Permission View: can edit on DAG:example_branch_python_operator_decorator
[2024-06-18T10:57:41.427+0545] {logging_mixin.py:188} INFO - [2024-06-18T10:57:41.425+0545] {override.py:1829} INFO - Created Permission View: can read on DAG:example_branch_python_operator_decorator
[2024-06-18T10:57:41.495+0545] {logging_mixin.py:188} INFO - [2024-06-18T10:57:41.493+0545] {override.py:1829} INFO - Created Permission View: can delete on DAG:example_branch_python_operator_decorator
[2024-06-18T10:57:41.497+0545] {logging_mixin.py:188} INFO - [2024-06-18T10:57:41.496+0545] {dag.py:3096} INFO - Sync 1 DAGs
[2024-06-18T10:57:41.534+0545] {logging_mixin.py:188} INFO - [2024-06-18T10:57:41.533+0545] {dag.py:3118} INFO - Creating ORM DAG for example_branch_python_operator_decorator
[2024-06-18T10:57:41.626+0545] {logging_mixin.py:188} INFO - [2024-06-18T10:57:41.626+0545] {dag.py:3954} INFO - Setting next_dagrun for example_branch_python_operator_decorator to 2024-06-17 00:00:00+00:00, run_after=2024-06-18 00:00:00+00:00
[2024-06-18T10:57:41.725+0545] {processor.py:183} INFO - Processing /home/manisha/airflow_env/lib/python3.10/site-packages/airflow/example_dags/example_branch_operator_decorator.py took 0.805 seconds
[2024-06-18T10:58:57.128+0545] {processor.py:161} INFO - Started process (PID=4182) to work on /home/manisha/airflow_env/lib/python3.10/site-packages/airflow/example_dags/example_branch_operator_decorator.py
[2024-06-18T10:58:57.130+0545] {processor.py:830} INFO - Processing file /home/manisha/airflow_env/lib/python3.10/site-packages/airflow/example_dags/example_branch_operator_decorator.py for tasks to queue
[2024-06-18T10:58:57.132+0545] {logging_mixin.py:188} INFO - [2024-06-18T10:58:57.131+0545] {dagbag.py:545} INFO - Filling up the DagBag from /home/manisha/airflow_env/lib/python3.10/site-packages/airflow/example_dags/example_branch_operator_decorator.py
[2024-06-18T10:58:57.161+0545] {processor.py:840} INFO - DAG(s) 'example_branch_python_operator_decorator' retrieved from /home/manisha/airflow_env/lib/python3.10/site-packages/airflow/example_dags/example_branch_operator_decorator.py
[2024-06-18T10:58:57.185+0545] {logging_mixin.py:188} INFO - [2024-06-18T10:58:57.185+0545] {dag.py:3096} INFO - Sync 1 DAGs
[2024-06-18T10:58:57.201+0545] {logging_mixin.py:188} INFO - [2024-06-18T10:58:57.201+0545] {dag.py:3954} INFO - Setting next_dagrun for example_branch_python_operator_decorator to 2024-06-17 00:00:00+00:00, run_after=2024-06-18 00:00:00+00:00
[2024-06-18T10:58:57.330+0545] {processor.py:183} INFO - Processing /home/manisha/airflow_env/lib/python3.10/site-packages/airflow/example_dags/example_branch_operator_decorator.py took 0.209 seconds
[2024-06-18T11:00:01.434+0545] {processor.py:161} INFO - Started process (PID=4237) to work on /home/manisha/airflow_env/lib/python3.10/site-packages/airflow/example_dags/example_branch_operator_decorator.py
[2024-06-18T11:00:01.446+0545] {processor.py:830} INFO - Processing file /home/manisha/airflow_env/lib/python3.10/site-packages/airflow/example_dags/example_branch_operator_decorator.py for tasks to queue
[2024-06-18T11:00:01.448+0545] {logging_mixin.py:188} INFO - [2024-06-18T11:00:01.448+0545] {dagbag.py:545} INFO - Filling up the DagBag from /home/manisha/airflow_env/lib/python3.10/site-packages/airflow/example_dags/example_branch_operator_decorator.py
[2024-06-18T11:00:01.476+0545] {processor.py:840} INFO - DAG(s) 'example_branch_python_operator_decorator' retrieved from /home/manisha/airflow_env/lib/python3.10/site-packages/airflow/example_dags/example_branch_operator_decorator.py
[2024-06-18T11:00:01.583+0545] {logging_mixin.py:188} INFO - [2024-06-18T11:00:01.583+0545] {dag.py:3096} INFO - Sync 1 DAGs
[2024-06-18T11:00:01.602+0545] {logging_mixin.py:188} INFO - [2024-06-18T11:00:01.602+0545] {dag.py:3954} INFO - Setting next_dagrun for example_branch_python_operator_decorator to 2024-06-17 00:00:00+00:00, run_after=2024-06-18 00:00:00+00:00
[2024-06-18T11:00:01.740+0545] {processor.py:183} INFO - Processing /home/manisha/airflow_env/lib/python3.10/site-packages/airflow/example_dags/example_branch_operator_decorator.py took 0.313 seconds
[2024-06-18T11:01:03.277+0545] {processor.py:161} INFO - Started process (PID=4379) to work on /home/manisha/airflow_env/lib/python3.10/site-packages/airflow/example_dags/example_branch_operator_decorator.py
[2024-06-18T11:01:03.309+0545] {processor.py:830} INFO - Processing file /home/manisha/airflow_env/lib/python3.10/site-packages/airflow/example_dags/example_branch_operator_decorator.py for tasks to queue
[2024-06-18T11:01:03.315+0545] {logging_mixin.py:188} INFO - [2024-06-18T11:01:03.313+0545] {dagbag.py:545} INFO - Filling up the DagBag from /home/manisha/airflow_env/lib/python3.10/site-packages/airflow/example_dags/example_branch_operator_decorator.py
[2024-06-18T11:01:03.363+0545] {processor.py:840} INFO - DAG(s) 'example_branch_python_operator_decorator' retrieved from /home/manisha/airflow_env/lib/python3.10/site-packages/airflow/example_dags/example_branch_operator_decorator.py
[2024-06-18T11:01:03.385+0545] {logging_mixin.py:188} INFO - [2024-06-18T11:01:03.384+0545] {dag.py:3096} INFO - Sync 1 DAGs
[2024-06-18T11:01:03.401+0545] {logging_mixin.py:188} INFO - [2024-06-18T11:01:03.401+0545] {dag.py:3954} INFO - Setting next_dagrun for example_branch_python_operator_decorator to 2024-06-17 00:00:00+00:00, run_after=2024-06-18 00:00:00+00:00
[2024-06-18T11:01:03.506+0545] {processor.py:183} INFO - Processing /home/manisha/airflow_env/lib/python3.10/site-packages/airflow/example_dags/example_branch_operator_decorator.py took 0.236 seconds
[2024-06-18T11:02:06.392+0545] {processor.py:161} INFO - Started process (PID=4431) to work on /home/manisha/airflow_env/lib/python3.10/site-packages/airflow/example_dags/example_branch_operator_decorator.py
[2024-06-18T11:02:06.435+0545] {processor.py:830} INFO - Processing file /home/manisha/airflow_env/lib/python3.10/site-packages/airflow/example_dags/example_branch_operator_decorator.py for tasks to queue
[2024-06-18T11:02:06.440+0545] {logging_mixin.py:188} INFO - [2024-06-18T11:02:06.439+0545] {dagbag.py:545} INFO - Filling up the DagBag from /home/manisha/airflow_env/lib/python3.10/site-packages/airflow/example_dags/example_branch_operator_decorator.py
[2024-06-18T11:02:06.491+0545] {processor.py:840} INFO - DAG(s) 'example_branch_python_operator_decorator' retrieved from /home/manisha/airflow_env/lib/python3.10/site-packages/airflow/example_dags/example_branch_operator_decorator.py
[2024-06-18T11:02:06.513+0545] {logging_mixin.py:188} INFO - [2024-06-18T11:02:06.512+0545] {dag.py:3096} INFO - Sync 1 DAGs
[2024-06-18T11:02:06.530+0545] {logging_mixin.py:188} INFO - [2024-06-18T11:02:06.529+0545] {dag.py:3954} INFO - Setting next_dagrun for example_branch_python_operator_decorator to 2024-06-17 00:00:00+00:00, run_after=2024-06-18 00:00:00+00:00
[2024-06-18T11:02:06.636+0545] {processor.py:183} INFO - Processing /home/manisha/airflow_env/lib/python3.10/site-packages/airflow/example_dags/example_branch_operator_decorator.py took 0.250 seconds
[2024-06-18T11:03:03.385+0545] {processor.py:161} INFO - Started process (PID=4485) to work on /home/manisha/airflow_env/lib/python3.10/site-packages/airflow/example_dags/example_branch_operator_decorator.py
[2024-06-18T11:03:03.387+0545] {processor.py:830} INFO - Processing file /home/manisha/airflow_env/lib/python3.10/site-packages/airflow/example_dags/example_branch_operator_decorator.py for tasks to queue
[2024-06-18T11:03:03.389+0545] {logging_mixin.py:188} INFO - [2024-06-18T11:03:03.388+0545] {dagbag.py:545} INFO - Filling up the DagBag from /home/manisha/airflow_env/lib/python3.10/site-packages/airflow/example_dags/example_branch_operator_decorator.py
[2024-06-18T11:03:03.415+0545] {processor.py:840} INFO - DAG(s) 'example_branch_python_operator_decorator' retrieved from /home/manisha/airflow_env/lib/python3.10/site-packages/airflow/example_dags/example_branch_operator_decorator.py
[2024-06-18T11:03:03.438+0545] {logging_mixin.py:188} INFO - [2024-06-18T11:03:03.437+0545] {dag.py:3096} INFO - Sync 1 DAGs
[2024-06-18T11:03:03.454+0545] {logging_mixin.py:188} INFO - [2024-06-18T11:03:03.454+0545] {dag.py:3954} INFO - Setting next_dagrun for example_branch_python_operator_decorator to 2024-06-17 00:00:00+00:00, run_after=2024-06-18 00:00:00+00:00
[2024-06-18T11:03:03.584+0545] {processor.py:183} INFO - Processing /home/manisha/airflow_env/lib/python3.10/site-packages/airflow/example_dags/example_branch_operator_decorator.py took 0.205 seconds
[2024-06-18T11:04:03.609+0545] {processor.py:161} INFO - Started process (PID=4538) to work on /home/manisha/airflow_env/lib/python3.10/site-packages/airflow/example_dags/example_branch_operator_decorator.py
[2024-06-18T11:04:03.644+0545] {processor.py:830} INFO - Processing file /home/manisha/airflow_env/lib/python3.10/site-packages/airflow/example_dags/example_branch_operator_decorator.py for tasks to queue
[2024-06-18T11:04:03.649+0545] {logging_mixin.py:188} INFO - [2024-06-18T11:04:03.648+0545] {dagbag.py:545} INFO - Filling up the DagBag from /home/manisha/airflow_env/lib/python3.10/site-packages/airflow/example_dags/example_branch_operator_decorator.py
[2024-06-18T11:04:03.699+0545] {processor.py:840} INFO - DAG(s) 'example_branch_python_operator_decorator' retrieved from /home/manisha/airflow_env/lib/python3.10/site-packages/airflow/example_dags/example_branch_operator_decorator.py
[2024-06-18T11:04:03.721+0545] {logging_mixin.py:188} INFO - [2024-06-18T11:04:03.720+0545] {dag.py:3096} INFO - Sync 1 DAGs
[2024-06-18T11:04:03.737+0545] {logging_mixin.py:188} INFO - [2024-06-18T11:04:03.736+0545] {dag.py:3954} INFO - Setting next_dagrun for example_branch_python_operator_decorator to 2024-06-17 00:00:00+00:00, run_after=2024-06-18 00:00:00+00:00
[2024-06-18T11:04:03.843+0545] {processor.py:183} INFO - Processing /home/manisha/airflow_env/lib/python3.10/site-packages/airflow/example_dags/example_branch_operator_decorator.py took 0.241 seconds
[2024-06-18T11:05:40.272+0545] {processor.py:161} INFO - Started process (PID=4743) to work on /home/manisha/airflow_env/lib/python3.10/site-packages/airflow/example_dags/example_branch_operator_decorator.py
[2024-06-18T11:05:40.309+0545] {processor.py:830} INFO - Processing file /home/manisha/airflow_env/lib/python3.10/site-packages/airflow/example_dags/example_branch_operator_decorator.py for tasks to queue
[2024-06-18T11:05:40.310+0545] {logging_mixin.py:188} INFO - [2024-06-18T11:05:40.310+0545] {dagbag.py:545} INFO - Filling up the DagBag from /home/manisha/airflow_env/lib/python3.10/site-packages/airflow/example_dags/example_branch_operator_decorator.py
[2024-06-18T11:05:40.335+0545] {processor.py:840} INFO - DAG(s) 'example_branch_python_operator_decorator' retrieved from /home/manisha/airflow_env/lib/python3.10/site-packages/airflow/example_dags/example_branch_operator_decorator.py
[2024-06-18T11:05:40.357+0545] {logging_mixin.py:188} INFO - [2024-06-18T11:05:40.357+0545] {dag.py:3096} INFO - Sync 1 DAGs
[2024-06-18T11:05:40.374+0545] {logging_mixin.py:188} INFO - [2024-06-18T11:05:40.374+0545] {dag.py:3954} INFO - Setting next_dagrun for example_branch_python_operator_decorator to 2024-06-17 00:00:00+00:00, run_after=2024-06-18 00:00:00+00:00
[2024-06-18T11:05:40.473+0545] {processor.py:183} INFO - Processing /home/manisha/airflow_env/lib/python3.10/site-packages/airflow/example_dags/example_branch_operator_decorator.py took 0.208 seconds
[2024-06-18T11:06:48.471+0545] {processor.py:161} INFO - Started process (PID=4810) to work on /home/manisha/airflow_env/lib/python3.10/site-packages/airflow/example_dags/example_branch_operator_decorator.py
[2024-06-18T11:06:48.472+0545] {processor.py:830} INFO - Processing file /home/manisha/airflow_env/lib/python3.10/site-packages/airflow/example_dags/example_branch_operator_decorator.py for tasks to queue
[2024-06-18T11:06:48.473+0545] {logging_mixin.py:188} INFO - [2024-06-18T11:06:48.473+0545] {dagbag.py:545} INFO - Filling up the DagBag from /home/manisha/airflow_env/lib/python3.10/site-packages/airflow/example_dags/example_branch_operator_decorator.py
[2024-06-18T11:06:48.503+0545] {processor.py:840} INFO - DAG(s) 'example_branch_python_operator_decorator' retrieved from /home/manisha/airflow_env/lib/python3.10/site-packages/airflow/example_dags/example_branch_operator_decorator.py
[2024-06-18T11:06:48.531+0545] {logging_mixin.py:188} INFO - [2024-06-18T11:06:48.531+0545] {dag.py:3096} INFO - Sync 1 DAGs
[2024-06-18T11:06:48.551+0545] {logging_mixin.py:188} INFO - [2024-06-18T11:06:48.551+0545] {dag.py:3954} INFO - Setting next_dagrun for example_branch_python_operator_decorator to 2024-06-17 00:00:00+00:00, run_after=2024-06-18 00:00:00+00:00
[2024-06-18T11:06:48.622+0545] {processor.py:183} INFO - Processing /home/manisha/airflow_env/lib/python3.10/site-packages/airflow/example_dags/example_branch_operator_decorator.py took 0.157 seconds
[2024-06-18T11:07:46.782+0545] {processor.py:161} INFO - Started process (PID=4956) to work on /home/manisha/airflow_env/lib/python3.10/site-packages/airflow/example_dags/example_branch_operator_decorator.py
[2024-06-18T11:07:46.814+0545] {processor.py:830} INFO - Processing file /home/manisha/airflow_env/lib/python3.10/site-packages/airflow/example_dags/example_branch_operator_decorator.py for tasks to queue
[2024-06-18T11:07:46.819+0545] {logging_mixin.py:188} INFO - [2024-06-18T11:07:46.818+0545] {dagbag.py:545} INFO - Filling up the DagBag from /home/manisha/airflow_env/lib/python3.10/site-packages/airflow/example_dags/example_branch_operator_decorator.py
[2024-06-18T11:07:46.867+0545] {processor.py:840} INFO - DAG(s) 'example_branch_python_operator_decorator' retrieved from /home/manisha/airflow_env/lib/python3.10/site-packages/airflow/example_dags/example_branch_operator_decorator.py
[2024-06-18T11:07:46.888+0545] {logging_mixin.py:188} INFO - [2024-06-18T11:07:46.888+0545] {dag.py:3096} INFO - Sync 1 DAGs
[2024-06-18T11:07:46.905+0545] {logging_mixin.py:188} INFO - [2024-06-18T11:07:46.905+0545] {dag.py:3954} INFO - Setting next_dagrun for example_branch_python_operator_decorator to 2024-06-17 00:00:00+00:00, run_after=2024-06-18 00:00:00+00:00
[2024-06-18T11:07:46.961+0545] {processor.py:183} INFO - Processing /home/manisha/airflow_env/lib/python3.10/site-packages/airflow/example_dags/example_branch_operator_decorator.py took 0.186 seconds
[2024-06-18T11:08:44.811+0545] {processor.py:161} INFO - Started process (PID=5547) to work on /home/manisha/airflow_env/lib/python3.10/site-packages/airflow/example_dags/example_branch_operator_decorator.py
[2024-06-18T11:08:44.831+0545] {processor.py:830} INFO - Processing file /home/manisha/airflow_env/lib/python3.10/site-packages/airflow/example_dags/example_branch_operator_decorator.py for tasks to queue
[2024-06-18T11:08:44.832+0545] {logging_mixin.py:188} INFO - [2024-06-18T11:08:44.832+0545] {dagbag.py:545} INFO - Filling up the DagBag from /home/manisha/airflow_env/lib/python3.10/site-packages/airflow/example_dags/example_branch_operator_decorator.py
[2024-06-18T11:08:44.857+0545] {processor.py:840} INFO - DAG(s) 'example_branch_python_operator_decorator' retrieved from /home/manisha/airflow_env/lib/python3.10/site-packages/airflow/example_dags/example_branch_operator_decorator.py
[2024-06-18T11:08:44.886+0545] {logging_mixin.py:188} INFO - [2024-06-18T11:08:44.886+0545] {dag.py:3096} INFO - Sync 1 DAGs
[2024-06-18T11:08:44.915+0545] {logging_mixin.py:188} INFO - [2024-06-18T11:08:44.914+0545] {dag.py:3954} INFO - Setting next_dagrun for example_branch_python_operator_decorator to 2024-06-17 00:00:00+00:00, run_after=2024-06-18 00:00:00+00:00
[2024-06-18T11:08:45.094+0545] {processor.py:183} INFO - Processing /home/manisha/airflow_env/lib/python3.10/site-packages/airflow/example_dags/example_branch_operator_decorator.py took 0.290 seconds
[2024-06-18T11:09:45.397+0545] {processor.py:161} INFO - Started process (PID=5655) to work on /home/manisha/airflow_env/lib/python3.10/site-packages/airflow/example_dags/example_branch_operator_decorator.py
[2024-06-18T11:09:45.427+0545] {processor.py:830} INFO - Processing file /home/manisha/airflow_env/lib/python3.10/site-packages/airflow/example_dags/example_branch_operator_decorator.py for tasks to queue
[2024-06-18T11:09:45.432+0545] {logging_mixin.py:188} INFO - [2024-06-18T11:09:45.431+0545] {dagbag.py:545} INFO - Filling up the DagBag from /home/manisha/airflow_env/lib/python3.10/site-packages/airflow/example_dags/example_branch_operator_decorator.py
[2024-06-18T11:09:45.474+0545] {processor.py:840} INFO - DAG(s) 'example_branch_python_operator_decorator' retrieved from /home/manisha/airflow_env/lib/python3.10/site-packages/airflow/example_dags/example_branch_operator_decorator.py
[2024-06-18T11:09:45.499+0545] {logging_mixin.py:188} INFO - [2024-06-18T11:09:45.499+0545] {dag.py:3096} INFO - Sync 1 DAGs
[2024-06-18T11:09:45.517+0545] {logging_mixin.py:188} INFO - [2024-06-18T11:09:45.517+0545] {dag.py:3954} INFO - Setting next_dagrun for example_branch_python_operator_decorator to 2024-06-17 00:00:00+00:00, run_after=2024-06-18 00:00:00+00:00
[2024-06-18T11:09:45.597+0545] {processor.py:183} INFO - Processing /home/manisha/airflow_env/lib/python3.10/site-packages/airflow/example_dags/example_branch_operator_decorator.py took 0.206 seconds
[2024-06-18T11:44:02.870+0545] {processor.py:161} INFO - Started process (PID=8336) to work on /home/manisha/airflow_env/lib/python3.10/site-packages/airflow/example_dags/example_branch_operator_decorator.py
[2024-06-18T11:44:02.871+0545] {processor.py:830} INFO - Processing file /home/manisha/airflow_env/lib/python3.10/site-packages/airflow/example_dags/example_branch_operator_decorator.py for tasks to queue
[2024-06-18T11:44:02.872+0545] {logging_mixin.py:188} INFO - [2024-06-18T11:44:02.872+0545] {dagbag.py:545} INFO - Filling up the DagBag from /home/manisha/airflow_env/lib/python3.10/site-packages/airflow/example_dags/example_branch_operator_decorator.py
[2024-06-18T11:44:02.895+0545] {processor.py:840} INFO - DAG(s) 'example_branch_python_operator_decorator' retrieved from /home/manisha/airflow_env/lib/python3.10/site-packages/airflow/example_dags/example_branch_operator_decorator.py
[2024-06-18T11:44:02.911+0545] {logging_mixin.py:188} INFO - [2024-06-18T11:44:02.910+0545] {dag.py:3096} INFO - Sync 1 DAGs
[2024-06-18T11:44:02.935+0545] {logging_mixin.py:188} INFO - [2024-06-18T11:44:02.934+0545] {dag.py:3954} INFO - Setting next_dagrun for example_branch_python_operator_decorator to 2024-06-17 00:00:00+00:00, run_after=2024-06-18 00:00:00+00:00
[2024-06-18T11:44:03.114+0545] {processor.py:183} INFO - Processing /home/manisha/airflow_env/lib/python3.10/site-packages/airflow/example_dags/example_branch_operator_decorator.py took 0.249 seconds
[2024-06-18T11:44:37.447+0545] {processor.py:161} INFO - Started process (PID=8391) to work on /home/manisha/airflow_env/lib/python3.10/site-packages/airflow/example_dags/example_branch_operator_decorator.py
[2024-06-18T11:44:37.470+0545] {processor.py:830} INFO - Processing file /home/manisha/airflow_env/lib/python3.10/site-packages/airflow/example_dags/example_branch_operator_decorator.py for tasks to queue
[2024-06-18T11:44:37.472+0545] {logging_mixin.py:188} INFO - [2024-06-18T11:44:37.472+0545] {dagbag.py:545} INFO - Filling up the DagBag from /home/manisha/airflow_env/lib/python3.10/site-packages/airflow/example_dags/example_branch_operator_decorator.py
[2024-06-18T11:44:37.507+0545] {processor.py:840} INFO - DAG(s) 'example_branch_python_operator_decorator' retrieved from /home/manisha/airflow_env/lib/python3.10/site-packages/airflow/example_dags/example_branch_operator_decorator.py
[2024-06-18T11:44:37.691+0545] {logging_mixin.py:188} INFO - [2024-06-18T11:44:37.690+0545] {dag.py:3096} INFO - Sync 1 DAGs
[2024-06-18T11:44:37.707+0545] {logging_mixin.py:188} INFO - [2024-06-18T11:44:37.707+0545] {dag.py:3954} INFO - Setting next_dagrun for example_branch_python_operator_decorator to 2024-06-17 00:00:00+00:00, run_after=2024-06-18 00:00:00+00:00
[2024-06-18T11:44:37.805+0545] {processor.py:183} INFO - Processing /home/manisha/airflow_env/lib/python3.10/site-packages/airflow/example_dags/example_branch_operator_decorator.py took 0.364 seconds
[2024-06-18T11:45:08.179+0545] {processor.py:161} INFO - Started process (PID=8445) to work on /home/manisha/airflow_env/lib/python3.10/site-packages/airflow/example_dags/example_branch_operator_decorator.py
[2024-06-18T11:45:08.179+0545] {processor.py:830} INFO - Processing file /home/manisha/airflow_env/lib/python3.10/site-packages/airflow/example_dags/example_branch_operator_decorator.py for tasks to queue
[2024-06-18T11:45:08.180+0545] {logging_mixin.py:188} INFO - [2024-06-18T11:45:08.180+0545] {dagbag.py:545} INFO - Filling up the DagBag from /home/manisha/airflow_env/lib/python3.10/site-packages/airflow/example_dags/example_branch_operator_decorator.py
[2024-06-18T11:45:08.200+0545] {processor.py:840} INFO - DAG(s) 'example_branch_python_operator_decorator' retrieved from /home/manisha/airflow_env/lib/python3.10/site-packages/airflow/example_dags/example_branch_operator_decorator.py
[2024-06-18T11:45:08.230+0545] {logging_mixin.py:188} INFO - [2024-06-18T11:45:08.230+0545] {dag.py:3096} INFO - Sync 1 DAGs
[2024-06-18T11:45:08.250+0545] {logging_mixin.py:188} INFO - [2024-06-18T11:45:08.250+0545] {dag.py:3954} INFO - Setting next_dagrun for example_branch_python_operator_decorator to 2024-06-17 00:00:00+00:00, run_after=2024-06-18 00:00:00+00:00
[2024-06-18T11:45:08.344+0545] {processor.py:183} INFO - Processing /home/manisha/airflow_env/lib/python3.10/site-packages/airflow/example_dags/example_branch_operator_decorator.py took 0.170 seconds
[2024-06-18T11:45:39.181+0545] {processor.py:161} INFO - Started process (PID=8497) to work on /home/manisha/airflow_env/lib/python3.10/site-packages/airflow/example_dags/example_branch_operator_decorator.py
[2024-06-18T11:45:39.184+0545] {processor.py:830} INFO - Processing file /home/manisha/airflow_env/lib/python3.10/site-packages/airflow/example_dags/example_branch_operator_decorator.py for tasks to queue
[2024-06-18T11:45:39.186+0545] {logging_mixin.py:188} INFO - [2024-06-18T11:45:39.186+0545] {dagbag.py:545} INFO - Filling up the DagBag from /home/manisha/airflow_env/lib/python3.10/site-packages/airflow/example_dags/example_branch_operator_decorator.py
[2024-06-18T11:45:39.214+0545] {processor.py:840} INFO - DAG(s) 'example_branch_python_operator_decorator' retrieved from /home/manisha/airflow_env/lib/python3.10/site-packages/airflow/example_dags/example_branch_operator_decorator.py
[2024-06-18T11:45:39.245+0545] {logging_mixin.py:188} INFO - [2024-06-18T11:45:39.245+0545] {dag.py:3096} INFO - Sync 1 DAGs
[2024-06-18T11:45:39.265+0545] {logging_mixin.py:188} INFO - [2024-06-18T11:45:39.265+0545] {dag.py:3954} INFO - Setting next_dagrun for example_branch_python_operator_decorator to 2024-06-17 00:00:00+00:00, run_after=2024-06-18 00:00:00+00:00
[2024-06-18T11:45:39.332+0545] {processor.py:183} INFO - Processing /home/manisha/airflow_env/lib/python3.10/site-packages/airflow/example_dags/example_branch_operator_decorator.py took 0.163 seconds
[2024-06-18T11:46:09.951+0545] {processor.py:161} INFO - Started process (PID=8549) to work on /home/manisha/airflow_env/lib/python3.10/site-packages/airflow/example_dags/example_branch_operator_decorator.py
[2024-06-18T11:46:09.952+0545] {processor.py:830} INFO - Processing file /home/manisha/airflow_env/lib/python3.10/site-packages/airflow/example_dags/example_branch_operator_decorator.py for tasks to queue
[2024-06-18T11:46:09.953+0545] {logging_mixin.py:188} INFO - [2024-06-18T11:46:09.953+0545] {dagbag.py:545} INFO - Filling up the DagBag from /home/manisha/airflow_env/lib/python3.10/site-packages/airflow/example_dags/example_branch_operator_decorator.py
[2024-06-18T11:46:09.980+0545] {processor.py:840} INFO - DAG(s) 'example_branch_python_operator_decorator' retrieved from /home/manisha/airflow_env/lib/python3.10/site-packages/airflow/example_dags/example_branch_operator_decorator.py
[2024-06-18T11:46:10.008+0545] {logging_mixin.py:188} INFO - [2024-06-18T11:46:10.008+0545] {dag.py:3096} INFO - Sync 1 DAGs
[2024-06-18T11:46:10.025+0545] {logging_mixin.py:188} INFO - [2024-06-18T11:46:10.025+0545] {dag.py:3954} INFO - Setting next_dagrun for example_branch_python_operator_decorator to 2024-06-17 00:00:00+00:00, run_after=2024-06-18 00:00:00+00:00
[2024-06-18T11:46:10.127+0545] {processor.py:183} INFO - Processing /home/manisha/airflow_env/lib/python3.10/site-packages/airflow/example_dags/example_branch_operator_decorator.py took 0.184 seconds
[2024-06-18T11:46:40.280+0545] {processor.py:161} INFO - Started process (PID=8600) to work on /home/manisha/airflow_env/lib/python3.10/site-packages/airflow/example_dags/example_branch_operator_decorator.py
[2024-06-18T11:46:40.306+0545] {processor.py:830} INFO - Processing file /home/manisha/airflow_env/lib/python3.10/site-packages/airflow/example_dags/example_branch_operator_decorator.py for tasks to queue
[2024-06-18T11:46:40.308+0545] {logging_mixin.py:188} INFO - [2024-06-18T11:46:40.308+0545] {dagbag.py:545} INFO - Filling up the DagBag from /home/manisha/airflow_env/lib/python3.10/site-packages/airflow/example_dags/example_branch_operator_decorator.py
[2024-06-18T11:46:40.342+0545] {processor.py:840} INFO - DAG(s) 'example_branch_python_operator_decorator' retrieved from /home/manisha/airflow_env/lib/python3.10/site-packages/airflow/example_dags/example_branch_operator_decorator.py
[2024-06-18T11:46:40.372+0545] {logging_mixin.py:188} INFO - [2024-06-18T11:46:40.371+0545] {dag.py:3096} INFO - Sync 1 DAGs
[2024-06-18T11:46:40.389+0545] {logging_mixin.py:188} INFO - [2024-06-18T11:46:40.389+0545] {dag.py:3954} INFO - Setting next_dagrun for example_branch_python_operator_decorator to 2024-06-17 00:00:00+00:00, run_after=2024-06-18 00:00:00+00:00
[2024-06-18T11:46:40.487+0545] {processor.py:183} INFO - Processing /home/manisha/airflow_env/lib/python3.10/site-packages/airflow/example_dags/example_branch_operator_decorator.py took 0.216 seconds
[2024-06-18T11:47:11.126+0545] {processor.py:161} INFO - Started process (PID=8651) to work on /home/manisha/airflow_env/lib/python3.10/site-packages/airflow/example_dags/example_branch_operator_decorator.py
[2024-06-18T11:47:11.127+0545] {processor.py:830} INFO - Processing file /home/manisha/airflow_env/lib/python3.10/site-packages/airflow/example_dags/example_branch_operator_decorator.py for tasks to queue
[2024-06-18T11:47:11.128+0545] {logging_mixin.py:188} INFO - [2024-06-18T11:47:11.128+0545] {dagbag.py:545} INFO - Filling up the DagBag from /home/manisha/airflow_env/lib/python3.10/site-packages/airflow/example_dags/example_branch_operator_decorator.py
[2024-06-18T11:47:11.150+0545] {processor.py:840} INFO - DAG(s) 'example_branch_python_operator_decorator' retrieved from /home/manisha/airflow_env/lib/python3.10/site-packages/airflow/example_dags/example_branch_operator_decorator.py
[2024-06-18T11:47:11.178+0545] {logging_mixin.py:188} INFO - [2024-06-18T11:47:11.178+0545] {dag.py:3096} INFO - Sync 1 DAGs
[2024-06-18T11:47:11.197+0545] {logging_mixin.py:188} INFO - [2024-06-18T11:47:11.196+0545] {dag.py:3954} INFO - Setting next_dagrun for example_branch_python_operator_decorator to 2024-06-17 00:00:00+00:00, run_after=2024-06-18 00:00:00+00:00
[2024-06-18T11:47:11.303+0545] {processor.py:183} INFO - Processing /home/manisha/airflow_env/lib/python3.10/site-packages/airflow/example_dags/example_branch_operator_decorator.py took 0.184 seconds
[2024-06-18T11:47:41.373+0545] {processor.py:161} INFO - Started process (PID=8703) to work on /home/manisha/airflow_env/lib/python3.10/site-packages/airflow/example_dags/example_branch_operator_decorator.py
[2024-06-18T11:47:41.382+0545] {processor.py:830} INFO - Processing file /home/manisha/airflow_env/lib/python3.10/site-packages/airflow/example_dags/example_branch_operator_decorator.py for tasks to queue
[2024-06-18T11:47:41.386+0545] {logging_mixin.py:188} INFO - [2024-06-18T11:47:41.385+0545] {dagbag.py:545} INFO - Filling up the DagBag from /home/manisha/airflow_env/lib/python3.10/site-packages/airflow/example_dags/example_branch_operator_decorator.py
[2024-06-18T11:47:41.421+0545] {processor.py:840} INFO - DAG(s) 'example_branch_python_operator_decorator' retrieved from /home/manisha/airflow_env/lib/python3.10/site-packages/airflow/example_dags/example_branch_operator_decorator.py
[2024-06-18T11:47:41.450+0545] {logging_mixin.py:188} INFO - [2024-06-18T11:47:41.450+0545] {dag.py:3096} INFO - Sync 1 DAGs
[2024-06-18T11:47:41.468+0545] {logging_mixin.py:188} INFO - [2024-06-18T11:47:41.468+0545] {dag.py:3954} INFO - Setting next_dagrun for example_branch_python_operator_decorator to 2024-06-17 00:00:00+00:00, run_after=2024-06-18 00:00:00+00:00
[2024-06-18T11:47:41.555+0545] {processor.py:183} INFO - Processing /home/manisha/airflow_env/lib/python3.10/site-packages/airflow/example_dags/example_branch_operator_decorator.py took 0.190 seconds
[2024-06-18T11:48:32.601+0545] {processor.py:161} INFO - Started process (PID=8784) to work on /home/manisha/airflow_env/lib/python3.10/site-packages/airflow/example_dags/example_branch_operator_decorator.py
[2024-06-18T11:48:32.624+0545] {processor.py:830} INFO - Processing file /home/manisha/airflow_env/lib/python3.10/site-packages/airflow/example_dags/example_branch_operator_decorator.py for tasks to queue
[2024-06-18T11:48:32.626+0545] {logging_mixin.py:188} INFO - [2024-06-18T11:48:32.625+0545] {dagbag.py:545} INFO - Filling up the DagBag from /home/manisha/airflow_env/lib/python3.10/site-packages/airflow/example_dags/example_branch_operator_decorator.py
[2024-06-18T11:48:32.648+0545] {processor.py:840} INFO - DAG(s) 'example_branch_python_operator_decorator' retrieved from /home/manisha/airflow_env/lib/python3.10/site-packages/airflow/example_dags/example_branch_operator_decorator.py
[2024-06-18T11:48:32.661+0545] {logging_mixin.py:188} INFO - [2024-06-18T11:48:32.661+0545] {dag.py:3096} INFO - Sync 1 DAGs
[2024-06-18T11:48:32.682+0545] {logging_mixin.py:188} INFO - [2024-06-18T11:48:32.681+0545] {dag.py:3954} INFO - Setting next_dagrun for example_branch_python_operator_decorator to 2024-06-17 00:00:00+00:00, run_after=2024-06-18 00:00:00+00:00
[2024-06-18T11:48:32.771+0545] {processor.py:183} INFO - Processing /home/manisha/airflow_env/lib/python3.10/site-packages/airflow/example_dags/example_branch_operator_decorator.py took 0.175 seconds
[2024-06-18T11:49:09.528+0545] {processor.py:161} INFO - Started process (PID=8901) to work on /home/manisha/airflow_env/lib/python3.10/site-packages/airflow/example_dags/example_branch_operator_decorator.py
[2024-06-18T11:49:09.529+0545] {processor.py:830} INFO - Processing file /home/manisha/airflow_env/lib/python3.10/site-packages/airflow/example_dags/example_branch_operator_decorator.py for tasks to queue
[2024-06-18T11:49:09.533+0545] {logging_mixin.py:188} INFO - [2024-06-18T11:49:09.532+0545] {dagbag.py:545} INFO - Filling up the DagBag from /home/manisha/airflow_env/lib/python3.10/site-packages/airflow/example_dags/example_branch_operator_decorator.py
[2024-06-18T11:49:09.599+0545] {processor.py:840} INFO - DAG(s) 'example_branch_python_operator_decorator' retrieved from /home/manisha/airflow_env/lib/python3.10/site-packages/airflow/example_dags/example_branch_operator_decorator.py
[2024-06-18T11:49:10.063+0545] {logging_mixin.py:188} INFO - [2024-06-18T11:49:10.062+0545] {dag.py:3096} INFO - Sync 1 DAGs
[2024-06-18T11:49:10.129+0545] {logging_mixin.py:188} INFO - [2024-06-18T11:49:10.129+0545] {dag.py:3954} INFO - Setting next_dagrun for example_branch_python_operator_decorator to 2024-06-17 00:00:00+00:00, run_after=2024-06-18 00:00:00+00:00
[2024-06-18T11:49:10.219+0545] {processor.py:183} INFO - Processing /home/manisha/airflow_env/lib/python3.10/site-packages/airflow/example_dags/example_branch_operator_decorator.py took 0.706 seconds
[2024-06-18T11:49:40.445+0545] {processor.py:161} INFO - Started process (PID=8964) to work on /home/manisha/airflow_env/lib/python3.10/site-packages/airflow/example_dags/example_branch_operator_decorator.py
[2024-06-18T11:49:40.451+0545] {processor.py:830} INFO - Processing file /home/manisha/airflow_env/lib/python3.10/site-packages/airflow/example_dags/example_branch_operator_decorator.py for tasks to queue
[2024-06-18T11:49:40.453+0545] {logging_mixin.py:188} INFO - [2024-06-18T11:49:40.452+0545] {dagbag.py:545} INFO - Filling up the DagBag from /home/manisha/airflow_env/lib/python3.10/site-packages/airflow/example_dags/example_branch_operator_decorator.py
[2024-06-18T11:49:40.478+0545] {processor.py:840} INFO - DAG(s) 'example_branch_python_operator_decorator' retrieved from /home/manisha/airflow_env/lib/python3.10/site-packages/airflow/example_dags/example_branch_operator_decorator.py
[2024-06-18T11:49:40.513+0545] {logging_mixin.py:188} INFO - [2024-06-18T11:49:40.512+0545] {dag.py:3096} INFO - Sync 1 DAGs
[2024-06-18T11:49:40.533+0545] {logging_mixin.py:188} INFO - [2024-06-18T11:49:40.533+0545] {dag.py:3954} INFO - Setting next_dagrun for example_branch_python_operator_decorator to 2024-06-17 00:00:00+00:00, run_after=2024-06-18 00:00:00+00:00
[2024-06-18T11:49:40.731+0545] {processor.py:183} INFO - Processing /home/manisha/airflow_env/lib/python3.10/site-packages/airflow/example_dags/example_branch_operator_decorator.py took 0.292 seconds
[2024-06-18T11:50:10.872+0545] {processor.py:161} INFO - Started process (PID=9019) to work on /home/manisha/airflow_env/lib/python3.10/site-packages/airflow/example_dags/example_branch_operator_decorator.py
[2024-06-18T11:50:10.872+0545] {processor.py:830} INFO - Processing file /home/manisha/airflow_env/lib/python3.10/site-packages/airflow/example_dags/example_branch_operator_decorator.py for tasks to queue
[2024-06-18T11:50:10.874+0545] {logging_mixin.py:188} INFO - [2024-06-18T11:50:10.873+0545] {dagbag.py:545} INFO - Filling up the DagBag from /home/manisha/airflow_env/lib/python3.10/site-packages/airflow/example_dags/example_branch_operator_decorator.py
[2024-06-18T11:50:10.895+0545] {processor.py:840} INFO - DAG(s) 'example_branch_python_operator_decorator' retrieved from /home/manisha/airflow_env/lib/python3.10/site-packages/airflow/example_dags/example_branch_operator_decorator.py
[2024-06-18T11:50:10.928+0545] {logging_mixin.py:188} INFO - [2024-06-18T11:50:10.927+0545] {dag.py:3096} INFO - Sync 1 DAGs
[2024-06-18T11:50:10.948+0545] {logging_mixin.py:188} INFO - [2024-06-18T11:50:10.948+0545] {dag.py:3954} INFO - Setting next_dagrun for example_branch_python_operator_decorator to 2024-06-17 00:00:00+00:00, run_after=2024-06-18 00:00:00+00:00
[2024-06-18T11:50:11.161+0545] {processor.py:183} INFO - Processing /home/manisha/airflow_env/lib/python3.10/site-packages/airflow/example_dags/example_branch_operator_decorator.py took 0.295 seconds
[2024-06-18T11:50:41.280+0545] {processor.py:161} INFO - Started process (PID=9078) to work on /home/manisha/airflow_env/lib/python3.10/site-packages/airflow/example_dags/example_branch_operator_decorator.py
[2024-06-18T11:50:41.280+0545] {processor.py:830} INFO - Processing file /home/manisha/airflow_env/lib/python3.10/site-packages/airflow/example_dags/example_branch_operator_decorator.py for tasks to queue
[2024-06-18T11:50:41.283+0545] {logging_mixin.py:188} INFO - [2024-06-18T11:50:41.283+0545] {dagbag.py:545} INFO - Filling up the DagBag from /home/manisha/airflow_env/lib/python3.10/site-packages/airflow/example_dags/example_branch_operator_decorator.py
[2024-06-18T11:50:41.313+0545] {processor.py:840} INFO - DAG(s) 'example_branch_python_operator_decorator' retrieved from /home/manisha/airflow_env/lib/python3.10/site-packages/airflow/example_dags/example_branch_operator_decorator.py
[2024-06-18T11:50:41.357+0545] {logging_mixin.py:188} INFO - [2024-06-18T11:50:41.357+0545] {dag.py:3096} INFO - Sync 1 DAGs
[2024-06-18T11:50:41.378+0545] {logging_mixin.py:188} INFO - [2024-06-18T11:50:41.377+0545] {dag.py:3954} INFO - Setting next_dagrun for example_branch_python_operator_decorator to 2024-06-17 00:00:00+00:00, run_after=2024-06-18 00:00:00+00:00
[2024-06-18T11:50:41.538+0545] {processor.py:183} INFO - Processing /home/manisha/airflow_env/lib/python3.10/site-packages/airflow/example_dags/example_branch_operator_decorator.py took 0.266 seconds
[2024-06-18T11:51:01.256+0545] {processor.py:161} INFO - Started process (PID=9463) to work on /home/manisha/airflow_env/lib/python3.10/site-packages/airflow/example_dags/example_branch_operator_decorator.py
[2024-06-18T11:51:01.330+0545] {processor.py:830} INFO - Processing file /home/manisha/airflow_env/lib/python3.10/site-packages/airflow/example_dags/example_branch_operator_decorator.py for tasks to queue
[2024-06-18T11:51:01.337+0545] {logging_mixin.py:188} INFO - [2024-06-18T11:51:01.336+0545] {dagbag.py:545} INFO - Filling up the DagBag from /home/manisha/airflow_env/lib/python3.10/site-packages/airflow/example_dags/example_branch_operator_decorator.py
[2024-06-18T11:51:01.403+0545] {processor.py:840} INFO - DAG(s) 'example_branch_python_operator_decorator' retrieved from /home/manisha/airflow_env/lib/python3.10/site-packages/airflow/example_dags/example_branch_operator_decorator.py
[2024-06-18T11:51:01.425+0545] {logging_mixin.py:188} INFO - [2024-06-18T11:51:01.425+0545] {dag.py:3096} INFO - Sync 1 DAGs
[2024-06-18T11:51:01.457+0545] {logging_mixin.py:188} INFO - [2024-06-18T11:51:01.457+0545] {dag.py:3954} INFO - Setting next_dagrun for example_branch_python_operator_decorator to 2024-06-17 00:00:00+00:00, run_after=2024-06-18 00:00:00+00:00
[2024-06-18T11:51:01.684+0545] {processor.py:183} INFO - Processing /home/manisha/airflow_env/lib/python3.10/site-packages/airflow/example_dags/example_branch_operator_decorator.py took 0.437 seconds
[2024-06-18T11:51:36.452+0545] {processor.py:161} INFO - Started process (PID=9729) to work on /home/manisha/airflow_env/lib/python3.10/site-packages/airflow/example_dags/example_branch_operator_decorator.py
[2024-06-18T11:51:36.477+0545] {processor.py:830} INFO - Processing file /home/manisha/airflow_env/lib/python3.10/site-packages/airflow/example_dags/example_branch_operator_decorator.py for tasks to queue
[2024-06-18T11:51:36.479+0545] {logging_mixin.py:188} INFO - [2024-06-18T11:51:36.478+0545] {dagbag.py:545} INFO - Filling up the DagBag from /home/manisha/airflow_env/lib/python3.10/site-packages/airflow/example_dags/example_branch_operator_decorator.py
[2024-06-18T11:51:36.504+0545] {processor.py:840} INFO - DAG(s) 'example_branch_python_operator_decorator' retrieved from /home/manisha/airflow_env/lib/python3.10/site-packages/airflow/example_dags/example_branch_operator_decorator.py
[2024-06-18T11:51:36.708+0545] {logging_mixin.py:188} INFO - [2024-06-18T11:51:36.707+0545] {dag.py:3096} INFO - Sync 1 DAGs
[2024-06-18T11:51:36.726+0545] {logging_mixin.py:188} INFO - [2024-06-18T11:51:36.726+0545] {dag.py:3954} INFO - Setting next_dagrun for example_branch_python_operator_decorator to 2024-06-17 00:00:00+00:00, run_after=2024-06-18 00:00:00+00:00
[2024-06-18T11:51:36.973+0545] {processor.py:183} INFO - Processing /home/manisha/airflow_env/lib/python3.10/site-packages/airflow/example_dags/example_branch_operator_decorator.py took 0.530 seconds
