[2024-06-18T10:56:57.136+0545] {processor.py:161} INFO - Started process (PID=4032) to work on /home/manisha/airflow_env/lib/python3.10/site-packages/airflow/example_dags/example_short_circuit_operator.py
[2024-06-18T10:56:57.137+0545] {processor.py:830} INFO - Processing file /home/manisha/airflow_env/lib/python3.10/site-packages/airflow/example_dags/example_short_circuit_operator.py for tasks to queue
[2024-06-18T10:56:57.138+0545] {logging_mixin.py:188} INFO - [2024-06-18T10:56:57.138+0545] {dagbag.py:545} INFO - Filling up the DagBag from /home/manisha/airflow_env/lib/python3.10/site-packages/airflow/example_dags/example_short_circuit_operator.py
[2024-06-18T10:56:57.149+0545] {processor.py:840} INFO - DAG(s) 'example_short_circuit_operator' retrieved from /home/manisha/airflow_env/lib/python3.10/site-packages/airflow/example_dags/example_short_circuit_operator.py
[2024-06-18T10:56:57.365+0545] {logging_mixin.py:188} INFO - [2024-06-18T10:56:57.363+0545] {override.py:1829} INFO - Created Permission View: can edit on DAG:example_short_circuit_operator
[2024-06-18T10:56:57.443+0545] {logging_mixin.py:188} INFO - [2024-06-18T10:56:57.441+0545] {override.py:1829} INFO - Created Permission View: can read on DAG:example_short_circuit_operator
[2024-06-18T10:56:57.511+0545] {logging_mixin.py:188} INFO - [2024-06-18T10:56:57.509+0545] {override.py:1829} INFO - Created Permission View: can delete on DAG:example_short_circuit_operator
[2024-06-18T10:56:57.513+0545] {logging_mixin.py:188} INFO - [2024-06-18T10:56:57.512+0545] {dag.py:3096} INFO - Sync 1 DAGs
[2024-06-18T10:56:57.546+0545] {logging_mixin.py:188} INFO - [2024-06-18T10:56:57.546+0545] {dag.py:3118} INFO - Creating ORM DAG for example_short_circuit_operator
[2024-06-18T10:56:57.558+0545] {logging_mixin.py:188} INFO - [2024-06-18T10:56:57.558+0545] {dag.py:3954} INFO - Setting next_dagrun for example_short_circuit_operator to 2024-06-17 00:00:00+00:00, run_after=2024-06-18 00:00:00+00:00
[2024-06-18T10:56:57.667+0545] {processor.py:183} INFO - Processing /home/manisha/airflow_env/lib/python3.10/site-packages/airflow/example_dags/example_short_circuit_operator.py took 0.537 seconds
[2024-06-18T10:58:17.166+0545] {processor.py:161} INFO - Started process (PID=4148) to work on /home/manisha/airflow_env/lib/python3.10/site-packages/airflow/example_dags/example_short_circuit_operator.py
[2024-06-18T10:58:17.169+0545] {processor.py:830} INFO - Processing file /home/manisha/airflow_env/lib/python3.10/site-packages/airflow/example_dags/example_short_circuit_operator.py for tasks to queue
[2024-06-18T10:58:17.170+0545] {logging_mixin.py:188} INFO - [2024-06-18T10:58:17.170+0545] {dagbag.py:545} INFO - Filling up the DagBag from /home/manisha/airflow_env/lib/python3.10/site-packages/airflow/example_dags/example_short_circuit_operator.py
[2024-06-18T10:58:17.182+0545] {processor.py:840} INFO - DAG(s) 'example_short_circuit_operator' retrieved from /home/manisha/airflow_env/lib/python3.10/site-packages/airflow/example_dags/example_short_circuit_operator.py
[2024-06-18T10:58:17.203+0545] {logging_mixin.py:188} INFO - [2024-06-18T10:58:17.202+0545] {dag.py:3096} INFO - Sync 1 DAGs
[2024-06-18T10:58:17.228+0545] {logging_mixin.py:188} INFO - [2024-06-18T10:58:17.227+0545] {dag.py:3954} INFO - Setting next_dagrun for example_short_circuit_operator to 2024-06-17 00:00:00+00:00, run_after=2024-06-18 00:00:00+00:00
[2024-06-18T10:58:17.453+0545] {processor.py:183} INFO - Processing /home/manisha/airflow_env/lib/python3.10/site-packages/airflow/example_dags/example_short_circuit_operator.py took 0.296 seconds
[2024-06-18T10:59:20.042+0545] {processor.py:161} INFO - Started process (PID=4201) to work on /home/manisha/airflow_env/lib/python3.10/site-packages/airflow/example_dags/example_short_circuit_operator.py
[2024-06-18T10:59:20.044+0545] {processor.py:830} INFO - Processing file /home/manisha/airflow_env/lib/python3.10/site-packages/airflow/example_dags/example_short_circuit_operator.py for tasks to queue
[2024-06-18T10:59:20.046+0545] {logging_mixin.py:188} INFO - [2024-06-18T10:59:20.045+0545] {dagbag.py:545} INFO - Filling up the DagBag from /home/manisha/airflow_env/lib/python3.10/site-packages/airflow/example_dags/example_short_circuit_operator.py
[2024-06-18T10:59:20.055+0545] {processor.py:840} INFO - DAG(s) 'example_short_circuit_operator' retrieved from /home/manisha/airflow_env/lib/python3.10/site-packages/airflow/example_dags/example_short_circuit_operator.py
[2024-06-18T10:59:20.078+0545] {logging_mixin.py:188} INFO - [2024-06-18T10:59:20.078+0545] {dag.py:3096} INFO - Sync 1 DAGs
[2024-06-18T10:59:20.094+0545] {logging_mixin.py:188} INFO - [2024-06-18T10:59:20.094+0545] {dag.py:3954} INFO - Setting next_dagrun for example_short_circuit_operator to 2024-06-17 00:00:00+00:00, run_after=2024-06-18 00:00:00+00:00
[2024-06-18T10:59:20.321+0545] {processor.py:183} INFO - Processing /home/manisha/airflow_env/lib/python3.10/site-packages/airflow/example_dags/example_short_circuit_operator.py took 0.285 seconds
[2024-06-18T11:00:24.774+0545] {processor.py:161} INFO - Started process (PID=4343) to work on /home/manisha/airflow_env/lib/python3.10/site-packages/airflow/example_dags/example_short_circuit_operator.py
[2024-06-18T11:00:24.813+0545] {processor.py:830} INFO - Processing file /home/manisha/airflow_env/lib/python3.10/site-packages/airflow/example_dags/example_short_circuit_operator.py for tasks to queue
[2024-06-18T11:00:24.818+0545] {logging_mixin.py:188} INFO - [2024-06-18T11:00:24.817+0545] {dagbag.py:545} INFO - Filling up the DagBag from /home/manisha/airflow_env/lib/python3.10/site-packages/airflow/example_dags/example_short_circuit_operator.py
[2024-06-18T11:00:24.844+0545] {processor.py:840} INFO - DAG(s) 'example_short_circuit_operator' retrieved from /home/manisha/airflow_env/lib/python3.10/site-packages/airflow/example_dags/example_short_circuit_operator.py
[2024-06-18T11:00:24.867+0545] {logging_mixin.py:188} INFO - [2024-06-18T11:00:24.867+0545] {dag.py:3096} INFO - Sync 1 DAGs
[2024-06-18T11:00:24.884+0545] {logging_mixin.py:188} INFO - [2024-06-18T11:00:24.883+0545] {dag.py:3954} INFO - Setting next_dagrun for example_short_circuit_operator to 2024-06-17 00:00:00+00:00, run_after=2024-06-18 00:00:00+00:00
[2024-06-18T11:00:25.110+0545] {processor.py:183} INFO - Processing /home/manisha/airflow_env/lib/python3.10/site-packages/airflow/example_dags/example_short_circuit_operator.py took 0.342 seconds
[2024-06-18T11:01:23.932+0545] {processor.py:161} INFO - Started process (PID=4396) to work on /home/manisha/airflow_env/lib/python3.10/site-packages/airflow/example_dags/example_short_circuit_operator.py
[2024-06-18T11:01:23.963+0545] {processor.py:830} INFO - Processing file /home/manisha/airflow_env/lib/python3.10/site-packages/airflow/example_dags/example_short_circuit_operator.py for tasks to queue
[2024-06-18T11:01:23.968+0545] {logging_mixin.py:188} INFO - [2024-06-18T11:01:23.967+0545] {dagbag.py:545} INFO - Filling up the DagBag from /home/manisha/airflow_env/lib/python3.10/site-packages/airflow/example_dags/example_short_circuit_operator.py
[2024-06-18T11:01:23.996+0545] {processor.py:840} INFO - DAG(s) 'example_short_circuit_operator' retrieved from /home/manisha/airflow_env/lib/python3.10/site-packages/airflow/example_dags/example_short_circuit_operator.py
[2024-06-18T11:01:24.018+0545] {logging_mixin.py:188} INFO - [2024-06-18T11:01:24.018+0545] {dag.py:3096} INFO - Sync 1 DAGs
[2024-06-18T11:01:24.036+0545] {logging_mixin.py:188} INFO - [2024-06-18T11:01:24.036+0545] {dag.py:3954} INFO - Setting next_dagrun for example_short_circuit_operator to 2024-06-17 00:00:00+00:00, run_after=2024-06-18 00:00:00+00:00
[2024-06-18T11:01:24.142+0545] {processor.py:183} INFO - Processing /home/manisha/airflow_env/lib/python3.10/site-packages/airflow/example_dags/example_short_circuit_operator.py took 0.216 seconds
[2024-06-18T11:02:25.738+0545] {processor.py:161} INFO - Started process (PID=4448) to work on /home/manisha/airflow_env/lib/python3.10/site-packages/airflow/example_dags/example_short_circuit_operator.py
[2024-06-18T11:02:25.773+0545] {processor.py:830} INFO - Processing file /home/manisha/airflow_env/lib/python3.10/site-packages/airflow/example_dags/example_short_circuit_operator.py for tasks to queue
[2024-06-18T11:02:25.778+0545] {logging_mixin.py:188} INFO - [2024-06-18T11:02:25.778+0545] {dagbag.py:545} INFO - Filling up the DagBag from /home/manisha/airflow_env/lib/python3.10/site-packages/airflow/example_dags/example_short_circuit_operator.py
[2024-06-18T11:02:25.787+0545] {processor.py:840} INFO - DAG(s) 'example_short_circuit_operator' retrieved from /home/manisha/airflow_env/lib/python3.10/site-packages/airflow/example_dags/example_short_circuit_operator.py
[2024-06-18T11:02:25.807+0545] {logging_mixin.py:188} INFO - [2024-06-18T11:02:25.807+0545] {dag.py:3096} INFO - Sync 1 DAGs
[2024-06-18T11:02:25.825+0545] {logging_mixin.py:188} INFO - [2024-06-18T11:02:25.825+0545] {dag.py:3954} INFO - Setting next_dagrun for example_short_circuit_operator to 2024-06-17 00:00:00+00:00, run_after=2024-06-18 00:00:00+00:00
[2024-06-18T11:02:25.934+0545] {processor.py:183} INFO - Processing /home/manisha/airflow_env/lib/python3.10/site-packages/airflow/example_dags/example_short_circuit_operator.py took 0.202 seconds
[2024-06-18T11:03:22.500+0545] {processor.py:161} INFO - Started process (PID=4501) to work on /home/manisha/airflow_env/lib/python3.10/site-packages/airflow/example_dags/example_short_circuit_operator.py
[2024-06-18T11:03:22.518+0545] {processor.py:830} INFO - Processing file /home/manisha/airflow_env/lib/python3.10/site-packages/airflow/example_dags/example_short_circuit_operator.py for tasks to queue
[2024-06-18T11:03:22.524+0545] {logging_mixin.py:188} INFO - [2024-06-18T11:03:22.522+0545] {dagbag.py:545} INFO - Filling up the DagBag from /home/manisha/airflow_env/lib/python3.10/site-packages/airflow/example_dags/example_short_circuit_operator.py
[2024-06-18T11:03:22.550+0545] {processor.py:840} INFO - DAG(s) 'example_short_circuit_operator' retrieved from /home/manisha/airflow_env/lib/python3.10/site-packages/airflow/example_dags/example_short_circuit_operator.py
[2024-06-18T11:03:22.573+0545] {logging_mixin.py:188} INFO - [2024-06-18T11:03:22.573+0545] {dag.py:3096} INFO - Sync 1 DAGs
[2024-06-18T11:03:22.590+0545] {logging_mixin.py:188} INFO - [2024-06-18T11:03:22.589+0545] {dag.py:3954} INFO - Setting next_dagrun for example_short_circuit_operator to 2024-06-17 00:00:00+00:00, run_after=2024-06-18 00:00:00+00:00
[2024-06-18T11:03:22.689+0545] {processor.py:183} INFO - Processing /home/manisha/airflow_env/lib/python3.10/site-packages/airflow/example_dags/example_short_circuit_operator.py took 0.196 seconds
[2024-06-18T11:04:24.660+0545] {processor.py:161} INFO - Started process (PID=4555) to work on /home/manisha/airflow_env/lib/python3.10/site-packages/airflow/example_dags/example_short_circuit_operator.py
[2024-06-18T11:04:24.662+0545] {processor.py:830} INFO - Processing file /home/manisha/airflow_env/lib/python3.10/site-packages/airflow/example_dags/example_short_circuit_operator.py for tasks to queue
[2024-06-18T11:04:24.664+0545] {logging_mixin.py:188} INFO - [2024-06-18T11:04:24.663+0545] {dagbag.py:545} INFO - Filling up the DagBag from /home/manisha/airflow_env/lib/python3.10/site-packages/airflow/example_dags/example_short_circuit_operator.py
[2024-06-18T11:04:24.672+0545] {processor.py:840} INFO - DAG(s) 'example_short_circuit_operator' retrieved from /home/manisha/airflow_env/lib/python3.10/site-packages/airflow/example_dags/example_short_circuit_operator.py
[2024-06-18T11:04:24.693+0545] {logging_mixin.py:188} INFO - [2024-06-18T11:04:24.693+0545] {dag.py:3096} INFO - Sync 1 DAGs
[2024-06-18T11:04:24.711+0545] {logging_mixin.py:188} INFO - [2024-06-18T11:04:24.711+0545] {dag.py:3954} INFO - Setting next_dagrun for example_short_circuit_operator to 2024-06-17 00:00:00+00:00, run_after=2024-06-18 00:00:00+00:00
[2024-06-18T11:04:24.848+0545] {processor.py:183} INFO - Processing /home/manisha/airflow_env/lib/python3.10/site-packages/airflow/example_dags/example_short_circuit_operator.py took 0.195 seconds
[2024-06-18T11:05:26.363+0545] {processor.py:161} INFO - Started process (PID=4724) to work on /home/manisha/airflow_env/lib/python3.10/site-packages/airflow/example_dags/example_short_circuit_operator.py
[2024-06-18T11:05:26.437+0545] {processor.py:830} INFO - Processing file /home/manisha/airflow_env/lib/python3.10/site-packages/airflow/example_dags/example_short_circuit_operator.py for tasks to queue
[2024-06-18T11:05:26.441+0545] {logging_mixin.py:188} INFO - [2024-06-18T11:05:26.440+0545] {dagbag.py:545} INFO - Filling up the DagBag from /home/manisha/airflow_env/lib/python3.10/site-packages/airflow/example_dags/example_short_circuit_operator.py
[2024-06-18T11:05:26.467+0545] {processor.py:840} INFO - DAG(s) 'example_short_circuit_operator' retrieved from /home/manisha/airflow_env/lib/python3.10/site-packages/airflow/example_dags/example_short_circuit_operator.py
[2024-06-18T11:05:26.490+0545] {logging_mixin.py:188} INFO - [2024-06-18T11:05:26.490+0545] {dag.py:3096} INFO - Sync 1 DAGs
[2024-06-18T11:05:26.510+0545] {logging_mixin.py:188} INFO - [2024-06-18T11:05:26.509+0545] {dag.py:3954} INFO - Setting next_dagrun for example_short_circuit_operator to 2024-06-17 00:00:00+00:00, run_after=2024-06-18 00:00:00+00:00
[2024-06-18T11:05:26.636+0545] {processor.py:183} INFO - Processing /home/manisha/airflow_env/lib/python3.10/site-packages/airflow/example_dags/example_short_circuit_operator.py took 0.290 seconds
[2024-06-18T11:06:38.804+0545] {processor.py:161} INFO - Started process (PID=4802) to work on /home/manisha/airflow_env/lib/python3.10/site-packages/airflow/example_dags/example_short_circuit_operator.py
[2024-06-18T11:06:38.806+0545] {processor.py:830} INFO - Processing file /home/manisha/airflow_env/lib/python3.10/site-packages/airflow/example_dags/example_short_circuit_operator.py for tasks to queue
[2024-06-18T11:06:38.809+0545] {logging_mixin.py:188} INFO - [2024-06-18T11:06:38.809+0545] {dagbag.py:545} INFO - Filling up the DagBag from /home/manisha/airflow_env/lib/python3.10/site-packages/airflow/example_dags/example_short_circuit_operator.py
[2024-06-18T11:06:38.818+0545] {processor.py:840} INFO - DAG(s) 'example_short_circuit_operator' retrieved from /home/manisha/airflow_env/lib/python3.10/site-packages/airflow/example_dags/example_short_circuit_operator.py
[2024-06-18T11:06:38.844+0545] {logging_mixin.py:188} INFO - [2024-06-18T11:06:38.844+0545] {dag.py:3096} INFO - Sync 1 DAGs
[2024-06-18T11:06:38.868+0545] {logging_mixin.py:188} INFO - [2024-06-18T11:06:38.867+0545] {dag.py:3954} INFO - Setting next_dagrun for example_short_circuit_operator to 2024-06-17 00:00:00+00:00, run_after=2024-06-18 00:00:00+00:00
[2024-06-18T11:06:38.989+0545] {processor.py:183} INFO - Processing /home/manisha/airflow_env/lib/python3.10/site-packages/airflow/example_dags/example_short_circuit_operator.py took 0.192 seconds
[2024-06-18T11:07:37.723+0545] {processor.py:161} INFO - Started process (PID=4948) to work on /home/manisha/airflow_env/lib/python3.10/site-packages/airflow/example_dags/example_short_circuit_operator.py
[2024-06-18T11:07:37.724+0545] {processor.py:830} INFO - Processing file /home/manisha/airflow_env/lib/python3.10/site-packages/airflow/example_dags/example_short_circuit_operator.py for tasks to queue
[2024-06-18T11:07:37.726+0545] {logging_mixin.py:188} INFO - [2024-06-18T11:07:37.725+0545] {dagbag.py:545} INFO - Filling up the DagBag from /home/manisha/airflow_env/lib/python3.10/site-packages/airflow/example_dags/example_short_circuit_operator.py
[2024-06-18T11:07:37.734+0545] {processor.py:840} INFO - DAG(s) 'example_short_circuit_operator' retrieved from /home/manisha/airflow_env/lib/python3.10/site-packages/airflow/example_dags/example_short_circuit_operator.py
[2024-06-18T11:07:37.754+0545] {logging_mixin.py:188} INFO - [2024-06-18T11:07:37.754+0545] {dag.py:3096} INFO - Sync 1 DAGs
[2024-06-18T11:07:37.771+0545] {logging_mixin.py:188} INFO - [2024-06-18T11:07:37.771+0545] {dag.py:3954} INFO - Setting next_dagrun for example_short_circuit_operator to 2024-06-17 00:00:00+00:00, run_after=2024-06-18 00:00:00+00:00
[2024-06-18T11:07:37.877+0545] {processor.py:183} INFO - Processing /home/manisha/airflow_env/lib/python3.10/site-packages/airflow/example_dags/example_short_circuit_operator.py took 0.160 seconds
[2024-06-18T11:08:34.597+0545] {processor.py:161} INFO - Started process (PID=5215) to work on /home/manisha/airflow_env/lib/python3.10/site-packages/airflow/example_dags/example_short_circuit_operator.py
[2024-06-18T11:08:34.622+0545] {processor.py:830} INFO - Processing file /home/manisha/airflow_env/lib/python3.10/site-packages/airflow/example_dags/example_short_circuit_operator.py for tasks to queue
[2024-06-18T11:08:34.624+0545] {logging_mixin.py:188} INFO - [2024-06-18T11:08:34.623+0545] {dagbag.py:545} INFO - Filling up the DagBag from /home/manisha/airflow_env/lib/python3.10/site-packages/airflow/example_dags/example_short_circuit_operator.py
[2024-06-18T11:08:34.634+0545] {processor.py:840} INFO - DAG(s) 'example_short_circuit_operator' retrieved from /home/manisha/airflow_env/lib/python3.10/site-packages/airflow/example_dags/example_short_circuit_operator.py
[2024-06-18T11:08:34.659+0545] {logging_mixin.py:188} INFO - [2024-06-18T11:08:34.659+0545] {dag.py:3096} INFO - Sync 1 DAGs
[2024-06-18T11:08:34.687+0545] {logging_mixin.py:188} INFO - [2024-06-18T11:08:34.687+0545] {dag.py:3954} INFO - Setting next_dagrun for example_short_circuit_operator to 2024-06-17 00:00:00+00:00, run_after=2024-06-18 00:00:00+00:00
[2024-06-18T11:08:34.809+0545] {processor.py:183} INFO - Processing /home/manisha/airflow_env/lib/python3.10/site-packages/airflow/example_dags/example_short_circuit_operator.py took 0.227 seconds
[2024-06-18T11:09:33.918+0545] {processor.py:161} INFO - Started process (PID=5646) to work on /home/manisha/airflow_env/lib/python3.10/site-packages/airflow/example_dags/example_short_circuit_operator.py
[2024-06-18T11:09:33.952+0545] {processor.py:830} INFO - Processing file /home/manisha/airflow_env/lib/python3.10/site-packages/airflow/example_dags/example_short_circuit_operator.py for tasks to queue
[2024-06-18T11:09:33.959+0545] {logging_mixin.py:188} INFO - [2024-06-18T11:09:33.957+0545] {dagbag.py:545} INFO - Filling up the DagBag from /home/manisha/airflow_env/lib/python3.10/site-packages/airflow/example_dags/example_short_circuit_operator.py
[2024-06-18T11:09:33.985+0545] {processor.py:840} INFO - DAG(s) 'example_short_circuit_operator' retrieved from /home/manisha/airflow_env/lib/python3.10/site-packages/airflow/example_dags/example_short_circuit_operator.py
[2024-06-18T11:09:34.008+0545] {logging_mixin.py:188} INFO - [2024-06-18T11:09:34.008+0545] {dag.py:3096} INFO - Sync 1 DAGs
[2024-06-18T11:09:34.026+0545] {logging_mixin.py:188} INFO - [2024-06-18T11:09:34.026+0545] {dag.py:3954} INFO - Setting next_dagrun for example_short_circuit_operator to 2024-06-17 00:00:00+00:00, run_after=2024-06-18 00:00:00+00:00
[2024-06-18T11:09:34.093+0545] {processor.py:183} INFO - Processing /home/manisha/airflow_env/lib/python3.10/site-packages/airflow/example_dags/example_short_circuit_operator.py took 0.181 seconds
[2024-06-18T11:44:00.125+0545] {processor.py:161} INFO - Started process (PID=8309) to work on /home/manisha/airflow_env/lib/python3.10/site-packages/airflow/example_dags/example_short_circuit_operator.py
[2024-06-18T11:44:00.155+0545] {processor.py:830} INFO - Processing file /home/manisha/airflow_env/lib/python3.10/site-packages/airflow/example_dags/example_short_circuit_operator.py for tasks to queue
[2024-06-18T11:44:00.157+0545] {logging_mixin.py:188} INFO - [2024-06-18T11:44:00.157+0545] {dagbag.py:545} INFO - Filling up the DagBag from /home/manisha/airflow_env/lib/python3.10/site-packages/airflow/example_dags/example_short_circuit_operator.py
[2024-06-18T11:44:00.166+0545] {processor.py:840} INFO - DAG(s) 'example_short_circuit_operator' retrieved from /home/manisha/airflow_env/lib/python3.10/site-packages/airflow/example_dags/example_short_circuit_operator.py
[2024-06-18T11:44:00.182+0545] {logging_mixin.py:188} INFO - [2024-06-18T11:44:00.181+0545] {dag.py:3096} INFO - Sync 1 DAGs
[2024-06-18T11:44:00.207+0545] {logging_mixin.py:188} INFO - [2024-06-18T11:44:00.206+0545] {dag.py:3954} INFO - Setting next_dagrun for example_short_circuit_operator to 2024-06-17 00:00:00+00:00, run_after=2024-06-18 00:00:00+00:00
[2024-06-18T11:44:00.275+0545] {processor.py:183} INFO - Processing /home/manisha/airflow_env/lib/python3.10/site-packages/airflow/example_dags/example_short_circuit_operator.py took 0.156 seconds
[2024-06-18T11:44:32.444+0545] {processor.py:161} INFO - Started process (PID=8365) to work on /home/manisha/airflow_env/lib/python3.10/site-packages/airflow/example_dags/example_short_circuit_operator.py
[2024-06-18T11:44:32.468+0545] {processor.py:830} INFO - Processing file /home/manisha/airflow_env/lib/python3.10/site-packages/airflow/example_dags/example_short_circuit_operator.py for tasks to queue
[2024-06-18T11:44:32.469+0545] {logging_mixin.py:188} INFO - [2024-06-18T11:44:32.469+0545] {dagbag.py:545} INFO - Filling up the DagBag from /home/manisha/airflow_env/lib/python3.10/site-packages/airflow/example_dags/example_short_circuit_operator.py
[2024-06-18T11:44:32.476+0545] {processor.py:840} INFO - DAG(s) 'example_short_circuit_operator' retrieved from /home/manisha/airflow_env/lib/python3.10/site-packages/airflow/example_dags/example_short_circuit_operator.py
[2024-06-18T11:44:32.689+0545] {logging_mixin.py:188} INFO - [2024-06-18T11:44:32.688+0545] {dag.py:3096} INFO - Sync 1 DAGs
[2024-06-18T11:44:32.712+0545] {logging_mixin.py:188} INFO - [2024-06-18T11:44:32.712+0545] {dag.py:3954} INFO - Setting next_dagrun for example_short_circuit_operator to 2024-06-17 00:00:00+00:00, run_after=2024-06-18 00:00:00+00:00
[2024-06-18T11:44:32.899+0545] {processor.py:183} INFO - Processing /home/manisha/airflow_env/lib/python3.10/site-packages/airflow/example_dags/example_short_circuit_operator.py took 0.460 seconds
[2024-06-18T11:45:03.417+0545] {processor.py:161} INFO - Started process (PID=8419) to work on /home/manisha/airflow_env/lib/python3.10/site-packages/airflow/example_dags/example_short_circuit_operator.py
[2024-06-18T11:45:03.429+0545] {processor.py:830} INFO - Processing file /home/manisha/airflow_env/lib/python3.10/site-packages/airflow/example_dags/example_short_circuit_operator.py for tasks to queue
[2024-06-18T11:45:03.430+0545] {logging_mixin.py:188} INFO - [2024-06-18T11:45:03.430+0545] {dagbag.py:545} INFO - Filling up the DagBag from /home/manisha/airflow_env/lib/python3.10/site-packages/airflow/example_dags/example_short_circuit_operator.py
[2024-06-18T11:45:03.436+0545] {processor.py:840} INFO - DAG(s) 'example_short_circuit_operator' retrieved from /home/manisha/airflow_env/lib/python3.10/site-packages/airflow/example_dags/example_short_circuit_operator.py
[2024-06-18T11:45:03.548+0545] {logging_mixin.py:188} INFO - [2024-06-18T11:45:03.548+0545] {dag.py:3096} INFO - Sync 1 DAGs
[2024-06-18T11:45:03.574+0545] {logging_mixin.py:188} INFO - [2024-06-18T11:45:03.574+0545] {dag.py:3954} INFO - Setting next_dagrun for example_short_circuit_operator to 2024-06-17 00:00:00+00:00, run_after=2024-06-18 00:00:00+00:00
[2024-06-18T11:45:03.771+0545] {processor.py:183} INFO - Processing /home/manisha/airflow_env/lib/python3.10/site-packages/airflow/example_dags/example_short_circuit_operator.py took 0.360 seconds
[2024-06-18T11:45:34.137+0545] {processor.py:161} INFO - Started process (PID=8470) to work on /home/manisha/airflow_env/lib/python3.10/site-packages/airflow/example_dags/example_short_circuit_operator.py
[2024-06-18T11:45:34.138+0545] {processor.py:830} INFO - Processing file /home/manisha/airflow_env/lib/python3.10/site-packages/airflow/example_dags/example_short_circuit_operator.py for tasks to queue
[2024-06-18T11:45:34.139+0545] {logging_mixin.py:188} INFO - [2024-06-18T11:45:34.139+0545] {dagbag.py:545} INFO - Filling up the DagBag from /home/manisha/airflow_env/lib/python3.10/site-packages/airflow/example_dags/example_short_circuit_operator.py
[2024-06-18T11:45:34.146+0545] {processor.py:840} INFO - DAG(s) 'example_short_circuit_operator' retrieved from /home/manisha/airflow_env/lib/python3.10/site-packages/airflow/example_dags/example_short_circuit_operator.py
[2024-06-18T11:45:34.174+0545] {logging_mixin.py:188} INFO - [2024-06-18T11:45:34.173+0545] {dag.py:3096} INFO - Sync 1 DAGs
[2024-06-18T11:45:34.193+0545] {logging_mixin.py:188} INFO - [2024-06-18T11:45:34.193+0545] {dag.py:3954} INFO - Setting next_dagrun for example_short_circuit_operator to 2024-06-17 00:00:00+00:00, run_after=2024-06-18 00:00:00+00:00
[2024-06-18T11:45:34.292+0545] {processor.py:183} INFO - Processing /home/manisha/airflow_env/lib/python3.10/site-packages/airflow/example_dags/example_short_circuit_operator.py took 0.161 seconds
[2024-06-18T11:46:04.456+0545] {processor.py:161} INFO - Started process (PID=8523) to work on /home/manisha/airflow_env/lib/python3.10/site-packages/airflow/example_dags/example_short_circuit_operator.py
[2024-06-18T11:46:04.467+0545] {processor.py:830} INFO - Processing file /home/manisha/airflow_env/lib/python3.10/site-packages/airflow/example_dags/example_short_circuit_operator.py for tasks to queue
[2024-06-18T11:46:04.469+0545] {logging_mixin.py:188} INFO - [2024-06-18T11:46:04.468+0545] {dagbag.py:545} INFO - Filling up the DagBag from /home/manisha/airflow_env/lib/python3.10/site-packages/airflow/example_dags/example_short_circuit_operator.py
[2024-06-18T11:46:04.477+0545] {processor.py:840} INFO - DAG(s) 'example_short_circuit_operator' retrieved from /home/manisha/airflow_env/lib/python3.10/site-packages/airflow/example_dags/example_short_circuit_operator.py
[2024-06-18T11:46:04.502+0545] {logging_mixin.py:188} INFO - [2024-06-18T11:46:04.502+0545] {dag.py:3096} INFO - Sync 1 DAGs
[2024-06-18T11:46:04.521+0545] {logging_mixin.py:188} INFO - [2024-06-18T11:46:04.521+0545] {dag.py:3954} INFO - Setting next_dagrun for example_short_circuit_operator to 2024-06-17 00:00:00+00:00, run_after=2024-06-18 00:00:00+00:00
[2024-06-18T11:46:04.597+0545] {processor.py:183} INFO - Processing /home/manisha/airflow_env/lib/python3.10/site-packages/airflow/example_dags/example_short_circuit_operator.py took 0.147 seconds
[2024-06-18T11:46:35.265+0545] {processor.py:161} INFO - Started process (PID=8574) to work on /home/manisha/airflow_env/lib/python3.10/site-packages/airflow/example_dags/example_short_circuit_operator.py
[2024-06-18T11:46:35.266+0545] {processor.py:830} INFO - Processing file /home/manisha/airflow_env/lib/python3.10/site-packages/airflow/example_dags/example_short_circuit_operator.py for tasks to queue
[2024-06-18T11:46:35.267+0545] {logging_mixin.py:188} INFO - [2024-06-18T11:46:35.267+0545] {dagbag.py:545} INFO - Filling up the DagBag from /home/manisha/airflow_env/lib/python3.10/site-packages/airflow/example_dags/example_short_circuit_operator.py
[2024-06-18T11:46:35.274+0545] {processor.py:840} INFO - DAG(s) 'example_short_circuit_operator' retrieved from /home/manisha/airflow_env/lib/python3.10/site-packages/airflow/example_dags/example_short_circuit_operator.py
[2024-06-18T11:46:35.299+0545] {logging_mixin.py:188} INFO - [2024-06-18T11:46:35.299+0545] {dag.py:3096} INFO - Sync 1 DAGs
[2024-06-18T11:46:35.319+0545] {logging_mixin.py:188} INFO - [2024-06-18T11:46:35.319+0545] {dag.py:3954} INFO - Setting next_dagrun for example_short_circuit_operator to 2024-06-17 00:00:00+00:00, run_after=2024-06-18 00:00:00+00:00
[2024-06-18T11:46:35.405+0545] {processor.py:183} INFO - Processing /home/manisha/airflow_env/lib/python3.10/site-packages/airflow/example_dags/example_short_circuit_operator.py took 0.145 seconds
[2024-06-18T11:47:05.838+0545] {processor.py:161} INFO - Started process (PID=8625) to work on /home/manisha/airflow_env/lib/python3.10/site-packages/airflow/example_dags/example_short_circuit_operator.py
[2024-06-18T11:47:05.854+0545] {processor.py:830} INFO - Processing file /home/manisha/airflow_env/lib/python3.10/site-packages/airflow/example_dags/example_short_circuit_operator.py for tasks to queue
[2024-06-18T11:47:05.856+0545] {logging_mixin.py:188} INFO - [2024-06-18T11:47:05.855+0545] {dagbag.py:545} INFO - Filling up the DagBag from /home/manisha/airflow_env/lib/python3.10/site-packages/airflow/example_dags/example_short_circuit_operator.py
[2024-06-18T11:47:05.866+0545] {processor.py:840} INFO - DAG(s) 'example_short_circuit_operator' retrieved from /home/manisha/airflow_env/lib/python3.10/site-packages/airflow/example_dags/example_short_circuit_operator.py
[2024-06-18T11:47:05.895+0545] {logging_mixin.py:188} INFO - [2024-06-18T11:47:05.895+0545] {dag.py:3096} INFO - Sync 1 DAGs
[2024-06-18T11:47:05.915+0545] {logging_mixin.py:188} INFO - [2024-06-18T11:47:05.914+0545] {dag.py:3954} INFO - Setting next_dagrun for example_short_circuit_operator to 2024-06-17 00:00:00+00:00, run_after=2024-06-18 00:00:00+00:00
[2024-06-18T11:47:06.002+0545] {processor.py:183} INFO - Processing /home/manisha/airflow_env/lib/python3.10/site-packages/airflow/example_dags/example_short_circuit_operator.py took 0.172 seconds
[2024-06-18T11:47:36.250+0545] {processor.py:161} INFO - Started process (PID=8676) to work on /home/manisha/airflow_env/lib/python3.10/site-packages/airflow/example_dags/example_short_circuit_operator.py
[2024-06-18T11:47:36.251+0545] {processor.py:830} INFO - Processing file /home/manisha/airflow_env/lib/python3.10/site-packages/airflow/example_dags/example_short_circuit_operator.py for tasks to queue
[2024-06-18T11:47:36.252+0545] {logging_mixin.py:188} INFO - [2024-06-18T11:47:36.252+0545] {dagbag.py:545} INFO - Filling up the DagBag from /home/manisha/airflow_env/lib/python3.10/site-packages/airflow/example_dags/example_short_circuit_operator.py
[2024-06-18T11:47:36.261+0545] {processor.py:840} INFO - DAG(s) 'example_short_circuit_operator' retrieved from /home/manisha/airflow_env/lib/python3.10/site-packages/airflow/example_dags/example_short_circuit_operator.py
[2024-06-18T11:47:36.286+0545] {logging_mixin.py:188} INFO - [2024-06-18T11:47:36.286+0545] {dag.py:3096} INFO - Sync 1 DAGs
[2024-06-18T11:47:36.305+0545] {logging_mixin.py:188} INFO - [2024-06-18T11:47:36.305+0545] {dag.py:3954} INFO - Setting next_dagrun for example_short_circuit_operator to 2024-06-17 00:00:00+00:00, run_after=2024-06-18 00:00:00+00:00
[2024-06-18T11:47:36.381+0545] {processor.py:183} INFO - Processing /home/manisha/airflow_env/lib/python3.10/site-packages/airflow/example_dags/example_short_circuit_operator.py took 0.138 seconds
[2024-06-18T11:48:30.521+0545] {processor.py:161} INFO - Started process (PID=8758) to work on /home/manisha/airflow_env/lib/python3.10/site-packages/airflow/example_dags/example_short_circuit_operator.py
[2024-06-18T11:48:30.527+0545] {processor.py:830} INFO - Processing file /home/manisha/airflow_env/lib/python3.10/site-packages/airflow/example_dags/example_short_circuit_operator.py for tasks to queue
[2024-06-18T11:48:30.529+0545] {logging_mixin.py:188} INFO - [2024-06-18T11:48:30.529+0545] {dagbag.py:545} INFO - Filling up the DagBag from /home/manisha/airflow_env/lib/python3.10/site-packages/airflow/example_dags/example_short_circuit_operator.py
[2024-06-18T11:48:30.544+0545] {processor.py:840} INFO - DAG(s) 'example_short_circuit_operator' retrieved from /home/manisha/airflow_env/lib/python3.10/site-packages/airflow/example_dags/example_short_circuit_operator.py
[2024-06-18T11:48:30.561+0545] {logging_mixin.py:188} INFO - [2024-06-18T11:48:30.560+0545] {dag.py:3096} INFO - Sync 1 DAGs
[2024-06-18T11:48:30.587+0545] {logging_mixin.py:188} INFO - [2024-06-18T11:48:30.587+0545] {dag.py:3954} INFO - Setting next_dagrun for example_short_circuit_operator to 2024-06-17 00:00:00+00:00, run_after=2024-06-18 00:00:00+00:00
[2024-06-18T11:48:30.682+0545] {processor.py:183} INFO - Processing /home/manisha/airflow_env/lib/python3.10/site-packages/airflow/example_dags/example_short_circuit_operator.py took 0.168 seconds
[2024-06-18T11:49:03.412+0545] {processor.py:161} INFO - Started process (PID=8866) to work on /home/manisha/airflow_env/lib/python3.10/site-packages/airflow/example_dags/example_short_circuit_operator.py
[2024-06-18T11:49:03.413+0545] {processor.py:830} INFO - Processing file /home/manisha/airflow_env/lib/python3.10/site-packages/airflow/example_dags/example_short_circuit_operator.py for tasks to queue
[2024-06-18T11:49:03.415+0545] {logging_mixin.py:188} INFO - [2024-06-18T11:49:03.414+0545] {dagbag.py:545} INFO - Filling up the DagBag from /home/manisha/airflow_env/lib/python3.10/site-packages/airflow/example_dags/example_short_circuit_operator.py
[2024-06-18T11:49:03.428+0545] {processor.py:840} INFO - DAG(s) 'example_short_circuit_operator' retrieved from /home/manisha/airflow_env/lib/python3.10/site-packages/airflow/example_dags/example_short_circuit_operator.py
[2024-06-18T11:49:03.734+0545] {logging_mixin.py:188} INFO - [2024-06-18T11:49:03.734+0545] {dag.py:3096} INFO - Sync 1 DAGs
[2024-06-18T11:49:03.768+0545] {logging_mixin.py:188} INFO - [2024-06-18T11:49:03.768+0545] {dag.py:3954} INFO - Setting next_dagrun for example_short_circuit_operator to 2024-06-17 00:00:00+00:00, run_after=2024-06-18 00:00:00+00:00
[2024-06-18T11:49:03.871+0545] {processor.py:183} INFO - Processing /home/manisha/airflow_env/lib/python3.10/site-packages/airflow/example_dags/example_short_circuit_operator.py took 0.466 seconds
[2024-06-18T11:49:34.531+0545] {processor.py:161} INFO - Started process (PID=8937) to work on /home/manisha/airflow_env/lib/python3.10/site-packages/airflow/example_dags/example_short_circuit_operator.py
[2024-06-18T11:49:34.549+0545] {processor.py:830} INFO - Processing file /home/manisha/airflow_env/lib/python3.10/site-packages/airflow/example_dags/example_short_circuit_operator.py for tasks to queue
[2024-06-18T11:49:34.551+0545] {logging_mixin.py:188} INFO - [2024-06-18T11:49:34.551+0545] {dagbag.py:545} INFO - Filling up the DagBag from /home/manisha/airflow_env/lib/python3.10/site-packages/airflow/example_dags/example_short_circuit_operator.py
[2024-06-18T11:49:34.559+0545] {processor.py:840} INFO - DAG(s) 'example_short_circuit_operator' retrieved from /home/manisha/airflow_env/lib/python3.10/site-packages/airflow/example_dags/example_short_circuit_operator.py
[2024-06-18T11:49:34.663+0545] {logging_mixin.py:188} INFO - [2024-06-18T11:49:34.663+0545] {dag.py:3096} INFO - Sync 1 DAGs
[2024-06-18T11:49:34.686+0545] {logging_mixin.py:188} INFO - [2024-06-18T11:49:34.685+0545] {dag.py:3954} INFO - Setting next_dagrun for example_short_circuit_operator to 2024-06-17 00:00:00+00:00, run_after=2024-06-18 00:00:00+00:00
[2024-06-18T11:49:34.773+0545] {processor.py:183} INFO - Processing /home/manisha/airflow_env/lib/python3.10/site-packages/airflow/example_dags/example_short_circuit_operator.py took 0.248 seconds
[2024-06-18T11:50:05.146+0545] {processor.py:161} INFO - Started process (PID=8993) to work on /home/manisha/airflow_env/lib/python3.10/site-packages/airflow/example_dags/example_short_circuit_operator.py
[2024-06-18T11:50:05.147+0545] {processor.py:830} INFO - Processing file /home/manisha/airflow_env/lib/python3.10/site-packages/airflow/example_dags/example_short_circuit_operator.py for tasks to queue
[2024-06-18T11:50:05.148+0545] {logging_mixin.py:188} INFO - [2024-06-18T11:50:05.148+0545] {dagbag.py:545} INFO - Filling up the DagBag from /home/manisha/airflow_env/lib/python3.10/site-packages/airflow/example_dags/example_short_circuit_operator.py
[2024-06-18T11:50:05.158+0545] {processor.py:840} INFO - DAG(s) 'example_short_circuit_operator' retrieved from /home/manisha/airflow_env/lib/python3.10/site-packages/airflow/example_dags/example_short_circuit_operator.py
[2024-06-18T11:50:05.187+0545] {logging_mixin.py:188} INFO - [2024-06-18T11:50:05.187+0545] {dag.py:3096} INFO - Sync 1 DAGs
[2024-06-18T11:50:05.213+0545] {logging_mixin.py:188} INFO - [2024-06-18T11:50:05.213+0545] {dag.py:3954} INFO - Setting next_dagrun for example_short_circuit_operator to 2024-06-17 00:00:00+00:00, run_after=2024-06-18 00:00:00+00:00
[2024-06-18T11:50:05.411+0545] {processor.py:183} INFO - Processing /home/manisha/airflow_env/lib/python3.10/site-packages/airflow/example_dags/example_short_circuit_operator.py took 0.273 seconds
[2024-06-18T11:50:35.735+0545] {processor.py:161} INFO - Started process (PID=9052) to work on /home/manisha/airflow_env/lib/python3.10/site-packages/airflow/example_dags/example_short_circuit_operator.py
[2024-06-18T11:50:35.757+0545] {processor.py:830} INFO - Processing file /home/manisha/airflow_env/lib/python3.10/site-packages/airflow/example_dags/example_short_circuit_operator.py for tasks to queue
[2024-06-18T11:50:35.758+0545] {logging_mixin.py:188} INFO - [2024-06-18T11:50:35.758+0545] {dagbag.py:545} INFO - Filling up the DagBag from /home/manisha/airflow_env/lib/python3.10/site-packages/airflow/example_dags/example_short_circuit_operator.py
[2024-06-18T11:50:35.767+0545] {processor.py:840} INFO - DAG(s) 'example_short_circuit_operator' retrieved from /home/manisha/airflow_env/lib/python3.10/site-packages/airflow/example_dags/example_short_circuit_operator.py
[2024-06-18T11:50:35.796+0545] {logging_mixin.py:188} INFO - [2024-06-18T11:50:35.796+0545] {dag.py:3096} INFO - Sync 1 DAGs
[2024-06-18T11:50:35.816+0545] {logging_mixin.py:188} INFO - [2024-06-18T11:50:35.816+0545] {dag.py:3954} INFO - Setting next_dagrun for example_short_circuit_operator to 2024-06-17 00:00:00+00:00, run_after=2024-06-18 00:00:00+00:00
[2024-06-18T11:50:36.069+0545] {processor.py:183} INFO - Processing /home/manisha/airflow_env/lib/python3.10/site-packages/airflow/example_dags/example_short_circuit_operator.py took 0.341 seconds
[2024-06-18T11:50:57.651+0545] {processor.py:161} INFO - Started process (PID=9326) to work on /home/manisha/airflow_env/lib/python3.10/site-packages/airflow/example_dags/example_short_circuit_operator.py
[2024-06-18T11:50:57.651+0545] {processor.py:830} INFO - Processing file /home/manisha/airflow_env/lib/python3.10/site-packages/airflow/example_dags/example_short_circuit_operator.py for tasks to queue
[2024-06-18T11:50:57.653+0545] {logging_mixin.py:188} INFO - [2024-06-18T11:50:57.652+0545] {dagbag.py:545} INFO - Filling up the DagBag from /home/manisha/airflow_env/lib/python3.10/site-packages/airflow/example_dags/example_short_circuit_operator.py
[2024-06-18T11:50:57.666+0545] {processor.py:840} INFO - DAG(s) 'example_short_circuit_operator' retrieved from /home/manisha/airflow_env/lib/python3.10/site-packages/airflow/example_dags/example_short_circuit_operator.py
[2024-06-18T11:50:57.689+0545] {logging_mixin.py:188} INFO - [2024-06-18T11:50:57.688+0545] {dag.py:3096} INFO - Sync 1 DAGs
[2024-06-18T11:50:57.721+0545] {logging_mixin.py:188} INFO - [2024-06-18T11:50:57.720+0545] {dag.py:3954} INFO - Setting next_dagrun for example_short_circuit_operator to 2024-06-17 00:00:00+00:00, run_after=2024-06-18 00:00:00+00:00
[2024-06-18T11:50:58.126+0545] {processor.py:183} INFO - Processing /home/manisha/airflow_env/lib/python3.10/site-packages/airflow/example_dags/example_short_circuit_operator.py took 0.482 seconds
[2024-06-18T11:51:30.090+0545] {processor.py:161} INFO - Started process (PID=9599) to work on /home/manisha/airflow_env/lib/python3.10/site-packages/airflow/example_dags/example_short_circuit_operator.py
[2024-06-18T11:51:30.135+0545] {processor.py:830} INFO - Processing file /home/manisha/airflow_env/lib/python3.10/site-packages/airflow/example_dags/example_short_circuit_operator.py for tasks to queue
[2024-06-18T11:51:30.137+0545] {logging_mixin.py:188} INFO - [2024-06-18T11:51:30.137+0545] {dagbag.py:545} INFO - Filling up the DagBag from /home/manisha/airflow_env/lib/python3.10/site-packages/airflow/example_dags/example_short_circuit_operator.py
[2024-06-18T11:51:30.144+0545] {processor.py:840} INFO - DAG(s) 'example_short_circuit_operator' retrieved from /home/manisha/airflow_env/lib/python3.10/site-packages/airflow/example_dags/example_short_circuit_operator.py
[2024-06-18T11:51:30.350+0545] {logging_mixin.py:188} INFO - [2024-06-18T11:51:30.350+0545] {dag.py:3096} INFO - Sync 1 DAGs
[2024-06-18T11:51:30.366+0545] {logging_mixin.py:188} INFO - [2024-06-18T11:51:30.366+0545] {dag.py:3954} INFO - Setting next_dagrun for example_short_circuit_operator to 2024-06-17 00:00:00+00:00, run_after=2024-06-18 00:00:00+00:00
[2024-06-18T11:51:30.596+0545] {processor.py:183} INFO - Processing /home/manisha/airflow_env/lib/python3.10/site-packages/airflow/example_dags/example_short_circuit_operator.py took 0.513 seconds
