[2024-06-18T10:56:41.977+0545] {processor.py:161} INFO - Started process (PID=4023) to work on /home/manisha/airflow_env/lib/python3.10/site-packages/airflow/example_dags/example_skip_dag.py
[2024-06-18T10:56:41.978+0545] {processor.py:830} INFO - Processing file /home/manisha/airflow_env/lib/python3.10/site-packages/airflow/example_dags/example_skip_dag.py for tasks to queue
[2024-06-18T10:56:41.979+0545] {logging_mixin.py:188} INFO - [2024-06-18T10:56:41.979+0545] {dagbag.py:545} INFO - Filling up the DagBag from /home/manisha/airflow_env/lib/python3.10/site-packages/airflow/example_dags/example_skip_dag.py
[2024-06-18T10:56:41.992+0545] {processor.py:840} INFO - DAG(s) 'example_skip_dag' retrieved from /home/manisha/airflow_env/lib/python3.10/site-packages/airflow/example_dags/example_skip_dag.py
[2024-06-18T10:56:42.231+0545] {logging_mixin.py:188} INFO - [2024-06-18T10:56:42.229+0545] {override.py:1829} INFO - Created Permission View: can edit on DAG:example_skip_dag
[2024-06-18T10:56:42.309+0545] {logging_mixin.py:188} INFO - [2024-06-18T10:56:42.307+0545] {override.py:1829} INFO - Created Permission View: can read on DAG:example_skip_dag
[2024-06-18T10:56:42.377+0545] {logging_mixin.py:188} INFO - [2024-06-18T10:56:42.375+0545] {override.py:1829} INFO - Created Permission View: can delete on DAG:example_skip_dag
[2024-06-18T10:56:42.379+0545] {logging_mixin.py:188} INFO - [2024-06-18T10:56:42.378+0545] {dag.py:3096} INFO - Sync 1 DAGs
[2024-06-18T10:56:42.412+0545] {logging_mixin.py:188} INFO - [2024-06-18T10:56:42.411+0545] {dag.py:3118} INFO - Creating ORM DAG for example_skip_dag
[2024-06-18T10:56:42.422+0545] {logging_mixin.py:188} INFO - [2024-06-18T10:56:42.422+0545] {dag.py:3954} INFO - Setting next_dagrun for example_skip_dag to 2024-06-17 00:00:00+00:00, run_after=2024-06-18 00:00:00+00:00
[2024-06-18T10:56:42.534+0545] {processor.py:183} INFO - Processing /home/manisha/airflow_env/lib/python3.10/site-packages/airflow/example_dags/example_skip_dag.py took 0.563 seconds
[2024-06-18T10:58:05.760+0545] {processor.py:161} INFO - Started process (PID=4123) to work on /home/manisha/airflow_env/lib/python3.10/site-packages/airflow/example_dags/example_skip_dag.py
[2024-06-18T10:58:05.797+0545] {processor.py:830} INFO - Processing file /home/manisha/airflow_env/lib/python3.10/site-packages/airflow/example_dags/example_skip_dag.py for tasks to queue
[2024-06-18T10:58:05.802+0545] {logging_mixin.py:188} INFO - [2024-06-18T10:58:05.801+0545] {dagbag.py:545} INFO - Filling up the DagBag from /home/manisha/airflow_env/lib/python3.10/site-packages/airflow/example_dags/example_skip_dag.py
[2024-06-18T10:58:05.824+0545] {processor.py:840} INFO - DAG(s) 'example_skip_dag' retrieved from /home/manisha/airflow_env/lib/python3.10/site-packages/airflow/example_dags/example_skip_dag.py
[2024-06-18T10:58:05.846+0545] {logging_mixin.py:188} INFO - [2024-06-18T10:58:05.846+0545] {dag.py:3096} INFO - Sync 1 DAGs
[2024-06-18T10:58:05.865+0545] {logging_mixin.py:188} INFO - [2024-06-18T10:58:05.865+0545] {dag.py:3954} INFO - Setting next_dagrun for example_skip_dag to 2024-06-17 00:00:00+00:00, run_after=2024-06-18 00:00:00+00:00
[2024-06-18T10:58:05.938+0545] {processor.py:183} INFO - Processing /home/manisha/airflow_env/lib/python3.10/site-packages/airflow/example_dags/example_skip_dag.py took 0.184 seconds
[2024-06-18T10:58:45.508+0545] {processor.py:161} INFO - Started process (PID=4173) to work on /home/manisha/airflow_env/lib/python3.10/site-packages/airflow/example_dags/example_skip_dag.py
[2024-06-18T10:58:45.510+0545] {processor.py:830} INFO - Processing file /home/manisha/airflow_env/lib/python3.10/site-packages/airflow/example_dags/example_skip_dag.py for tasks to queue
[2024-06-18T10:58:45.512+0545] {logging_mixin.py:188} INFO - [2024-06-18T10:58:45.512+0545] {dagbag.py:545} INFO - Filling up the DagBag from /home/manisha/airflow_env/lib/python3.10/site-packages/airflow/example_dags/example_skip_dag.py
[2024-06-18T10:58:45.523+0545] {processor.py:840} INFO - DAG(s) 'example_skip_dag' retrieved from /home/manisha/airflow_env/lib/python3.10/site-packages/airflow/example_dags/example_skip_dag.py
[2024-06-18T10:58:45.544+0545] {logging_mixin.py:188} INFO - [2024-06-18T10:58:45.544+0545] {dag.py:3096} INFO - Sync 1 DAGs
[2024-06-18T10:58:45.561+0545] {logging_mixin.py:188} INFO - [2024-06-18T10:58:45.561+0545] {dag.py:3954} INFO - Setting next_dagrun for example_skip_dag to 2024-06-17 00:00:00+00:00, run_after=2024-06-18 00:00:00+00:00
[2024-06-18T10:58:45.698+0545] {processor.py:183} INFO - Processing /home/manisha/airflow_env/lib/python3.10/site-packages/airflow/example_dags/example_skip_dag.py took 0.197 seconds
[2024-06-18T10:59:49.615+0545] {processor.py:161} INFO - Started process (PID=4226) to work on /home/manisha/airflow_env/lib/python3.10/site-packages/airflow/example_dags/example_skip_dag.py
[2024-06-18T10:59:49.617+0545] {processor.py:830} INFO - Processing file /home/manisha/airflow_env/lib/python3.10/site-packages/airflow/example_dags/example_skip_dag.py for tasks to queue
[2024-06-18T10:59:49.618+0545] {logging_mixin.py:188} INFO - [2024-06-18T10:59:49.618+0545] {dagbag.py:545} INFO - Filling up the DagBag from /home/manisha/airflow_env/lib/python3.10/site-packages/airflow/example_dags/example_skip_dag.py
[2024-06-18T10:59:49.625+0545] {processor.py:840} INFO - DAG(s) 'example_skip_dag' retrieved from /home/manisha/airflow_env/lib/python3.10/site-packages/airflow/example_dags/example_skip_dag.py
[2024-06-18T10:59:49.643+0545] {logging_mixin.py:188} INFO - [2024-06-18T10:59:49.643+0545] {dag.py:3096} INFO - Sync 1 DAGs
[2024-06-18T10:59:49.748+0545] {logging_mixin.py:188} INFO - [2024-06-18T10:59:49.748+0545] {dag.py:3954} INFO - Setting next_dagrun for example_skip_dag to 2024-06-17 00:00:00+00:00, run_after=2024-06-18 00:00:00+00:00
[2024-06-18T10:59:49.881+0545] {processor.py:183} INFO - Processing /home/manisha/airflow_env/lib/python3.10/site-packages/airflow/example_dags/example_skip_dag.py took 0.272 seconds
[2024-06-18T11:00:51.551+0545] {processor.py:161} INFO - Started process (PID=4369) to work on /home/manisha/airflow_env/lib/python3.10/site-packages/airflow/example_dags/example_skip_dag.py
[2024-06-18T11:00:51.553+0545] {processor.py:830} INFO - Processing file /home/manisha/airflow_env/lib/python3.10/site-packages/airflow/example_dags/example_skip_dag.py for tasks to queue
[2024-06-18T11:00:51.554+0545] {logging_mixin.py:188} INFO - [2024-06-18T11:00:51.554+0545] {dagbag.py:545} INFO - Filling up the DagBag from /home/manisha/airflow_env/lib/python3.10/site-packages/airflow/example_dags/example_skip_dag.py
[2024-06-18T11:00:51.562+0545] {processor.py:840} INFO - DAG(s) 'example_skip_dag' retrieved from /home/manisha/airflow_env/lib/python3.10/site-packages/airflow/example_dags/example_skip_dag.py
[2024-06-18T11:00:51.580+0545] {logging_mixin.py:188} INFO - [2024-06-18T11:00:51.580+0545] {dag.py:3096} INFO - Sync 1 DAGs
[2024-06-18T11:00:51.599+0545] {logging_mixin.py:188} INFO - [2024-06-18T11:00:51.598+0545] {dag.py:3954} INFO - Setting next_dagrun for example_skip_dag to 2024-06-17 00:00:00+00:00, run_after=2024-06-18 00:00:00+00:00
[2024-06-18T11:00:51.728+0545] {processor.py:183} INFO - Processing /home/manisha/airflow_env/lib/python3.10/site-packages/airflow/example_dags/example_skip_dag.py took 0.183 seconds
[2024-06-18T11:01:53.427+0545] {processor.py:161} INFO - Started process (PID=4421) to work on /home/manisha/airflow_env/lib/python3.10/site-packages/airflow/example_dags/example_skip_dag.py
[2024-06-18T11:01:53.428+0545] {processor.py:830} INFO - Processing file /home/manisha/airflow_env/lib/python3.10/site-packages/airflow/example_dags/example_skip_dag.py for tasks to queue
[2024-06-18T11:01:53.430+0545] {logging_mixin.py:188} INFO - [2024-06-18T11:01:53.430+0545] {dagbag.py:545} INFO - Filling up the DagBag from /home/manisha/airflow_env/lib/python3.10/site-packages/airflow/example_dags/example_skip_dag.py
[2024-06-18T11:01:53.437+0545] {processor.py:840} INFO - DAG(s) 'example_skip_dag' retrieved from /home/manisha/airflow_env/lib/python3.10/site-packages/airflow/example_dags/example_skip_dag.py
[2024-06-18T11:01:53.455+0545] {logging_mixin.py:188} INFO - [2024-06-18T11:01:53.455+0545] {dag.py:3096} INFO - Sync 1 DAGs
[2024-06-18T11:01:53.475+0545] {logging_mixin.py:188} INFO - [2024-06-18T11:01:53.475+0545] {dag.py:3954} INFO - Setting next_dagrun for example_skip_dag to 2024-06-17 00:00:00+00:00, run_after=2024-06-18 00:00:00+00:00
[2024-06-18T11:01:53.618+0545] {processor.py:183} INFO - Processing /home/manisha/airflow_env/lib/python3.10/site-packages/airflow/example_dags/example_skip_dag.py took 0.197 seconds
[2024-06-18T11:02:51.207+0545] {processor.py:161} INFO - Started process (PID=4472) to work on /home/manisha/airflow_env/lib/python3.10/site-packages/airflow/example_dags/example_skip_dag.py
[2024-06-18T11:02:51.208+0545] {processor.py:830} INFO - Processing file /home/manisha/airflow_env/lib/python3.10/site-packages/airflow/example_dags/example_skip_dag.py for tasks to queue
[2024-06-18T11:02:51.210+0545] {logging_mixin.py:188} INFO - [2024-06-18T11:02:51.210+0545] {dagbag.py:545} INFO - Filling up the DagBag from /home/manisha/airflow_env/lib/python3.10/site-packages/airflow/example_dags/example_skip_dag.py
[2024-06-18T11:02:51.217+0545] {processor.py:840} INFO - DAG(s) 'example_skip_dag' retrieved from /home/manisha/airflow_env/lib/python3.10/site-packages/airflow/example_dags/example_skip_dag.py
[2024-06-18T11:02:51.235+0545] {logging_mixin.py:188} INFO - [2024-06-18T11:02:51.234+0545] {dag.py:3096} INFO - Sync 1 DAGs
[2024-06-18T11:02:51.252+0545] {logging_mixin.py:188} INFO - [2024-06-18T11:02:51.252+0545] {dag.py:3954} INFO - Setting next_dagrun for example_skip_dag to 2024-06-17 00:00:00+00:00, run_after=2024-06-18 00:00:00+00:00
[2024-06-18T11:02:51.388+0545] {processor.py:183} INFO - Processing /home/manisha/airflow_env/lib/python3.10/site-packages/airflow/example_dags/example_skip_dag.py took 0.188 seconds
[2024-06-18T11:03:49.428+0545] {processor.py:161} INFO - Started process (PID=4525) to work on /home/manisha/airflow_env/lib/python3.10/site-packages/airflow/example_dags/example_skip_dag.py
[2024-06-18T11:03:49.429+0545] {processor.py:830} INFO - Processing file /home/manisha/airflow_env/lib/python3.10/site-packages/airflow/example_dags/example_skip_dag.py for tasks to queue
[2024-06-18T11:03:49.431+0545] {logging_mixin.py:188} INFO - [2024-06-18T11:03:49.430+0545] {dagbag.py:545} INFO - Filling up the DagBag from /home/manisha/airflow_env/lib/python3.10/site-packages/airflow/example_dags/example_skip_dag.py
[2024-06-18T11:03:49.438+0545] {processor.py:840} INFO - DAG(s) 'example_skip_dag' retrieved from /home/manisha/airflow_env/lib/python3.10/site-packages/airflow/example_dags/example_skip_dag.py
[2024-06-18T11:03:49.456+0545] {logging_mixin.py:188} INFO - [2024-06-18T11:03:49.456+0545] {dag.py:3096} INFO - Sync 1 DAGs
[2024-06-18T11:03:49.475+0545] {logging_mixin.py:188} INFO - [2024-06-18T11:03:49.475+0545] {dag.py:3954} INFO - Setting next_dagrun for example_skip_dag to 2024-06-17 00:00:00+00:00, run_after=2024-06-18 00:00:00+00:00
[2024-06-18T11:03:49.595+0545] {processor.py:183} INFO - Processing /home/manisha/airflow_env/lib/python3.10/site-packages/airflow/example_dags/example_skip_dag.py took 0.173 seconds
[2024-06-18T11:05:14.620+0545] {processor.py:161} INFO - Started process (PID=4635) to work on /home/manisha/airflow_env/lib/python3.10/site-packages/airflow/example_dags/example_skip_dag.py
[2024-06-18T11:05:14.622+0545] {processor.py:830} INFO - Processing file /home/manisha/airflow_env/lib/python3.10/site-packages/airflow/example_dags/example_skip_dag.py for tasks to queue
[2024-06-18T11:05:14.626+0545] {logging_mixin.py:188} INFO - [2024-06-18T11:05:14.625+0545] {dagbag.py:545} INFO - Filling up the DagBag from /home/manisha/airflow_env/lib/python3.10/site-packages/airflow/example_dags/example_skip_dag.py
[2024-06-18T11:05:14.637+0545] {processor.py:840} INFO - DAG(s) 'example_skip_dag' retrieved from /home/manisha/airflow_env/lib/python3.10/site-packages/airflow/example_dags/example_skip_dag.py
[2024-06-18T11:05:14.653+0545] {logging_mixin.py:188} INFO - [2024-06-18T11:05:14.653+0545] {dag.py:3096} INFO - Sync 1 DAGs
[2024-06-18T11:05:14.670+0545] {logging_mixin.py:188} INFO - [2024-06-18T11:05:14.670+0545] {dag.py:3954} INFO - Setting next_dagrun for example_skip_dag to 2024-06-17 00:00:00+00:00, run_after=2024-06-18 00:00:00+00:00
[2024-06-18T11:05:14.846+0545] {processor.py:183} INFO - Processing /home/manisha/airflow_env/lib/python3.10/site-packages/airflow/example_dags/example_skip_dag.py took 0.244 seconds
[2024-06-18T11:05:59.571+0545] {processor.py:161} INFO - Started process (PID=4767) to work on /home/manisha/airflow_env/lib/python3.10/site-packages/airflow/example_dags/example_skip_dag.py
[2024-06-18T11:05:59.594+0545] {processor.py:830} INFO - Processing file /home/manisha/airflow_env/lib/python3.10/site-packages/airflow/example_dags/example_skip_dag.py for tasks to queue
[2024-06-18T11:05:59.599+0545] {logging_mixin.py:188} INFO - [2024-06-18T11:05:59.598+0545] {dagbag.py:545} INFO - Filling up the DagBag from /home/manisha/airflow_env/lib/python3.10/site-packages/airflow/example_dags/example_skip_dag.py
[2024-06-18T11:05:59.623+0545] {processor.py:840} INFO - DAG(s) 'example_skip_dag' retrieved from /home/manisha/airflow_env/lib/python3.10/site-packages/airflow/example_dags/example_skip_dag.py
[2024-06-18T11:05:59.646+0545] {logging_mixin.py:188} INFO - [2024-06-18T11:05:59.645+0545] {dag.py:3096} INFO - Sync 1 DAGs
[2024-06-18T11:05:59.663+0545] {logging_mixin.py:188} INFO - [2024-06-18T11:05:59.663+0545] {dag.py:3954} INFO - Setting next_dagrun for example_skip_dag to 2024-06-17 00:00:00+00:00, run_after=2024-06-18 00:00:00+00:00
[2024-06-18T11:05:59.728+0545] {processor.py:183} INFO - Processing /home/manisha/airflow_env/lib/python3.10/site-packages/airflow/example_dags/example_skip_dag.py took 0.163 seconds
[2024-06-18T11:06:36.132+0545] {processor.py:161} INFO - Started process (PID=4799) to work on /home/manisha/airflow_env/lib/python3.10/site-packages/airflow/example_dags/example_skip_dag.py
[2024-06-18T11:06:36.168+0545] {processor.py:830} INFO - Processing file /home/manisha/airflow_env/lib/python3.10/site-packages/airflow/example_dags/example_skip_dag.py for tasks to queue
[2024-06-18T11:06:36.174+0545] {logging_mixin.py:188} INFO - [2024-06-18T11:06:36.172+0545] {dagbag.py:545} INFO - Filling up the DagBag from /home/manisha/airflow_env/lib/python3.10/site-packages/airflow/example_dags/example_skip_dag.py
[2024-06-18T11:06:36.198+0545] {processor.py:840} INFO - DAG(s) 'example_skip_dag' retrieved from /home/manisha/airflow_env/lib/python3.10/site-packages/airflow/example_dags/example_skip_dag.py
[2024-06-18T11:06:36.221+0545] {logging_mixin.py:188} INFO - [2024-06-18T11:06:36.221+0545] {dag.py:3096} INFO - Sync 1 DAGs
[2024-06-18T11:06:36.239+0545] {logging_mixin.py:188} INFO - [2024-06-18T11:06:36.238+0545] {dag.py:3954} INFO - Setting next_dagrun for example_skip_dag to 2024-06-17 00:00:00+00:00, run_after=2024-06-18 00:00:00+00:00
[2024-06-18T11:06:36.308+0545] {processor.py:183} INFO - Processing /home/manisha/airflow_env/lib/python3.10/site-packages/airflow/example_dags/example_skip_dag.py took 0.183 seconds
[2024-06-18T11:07:33.695+0545] {processor.py:161} INFO - Started process (PID=4945) to work on /home/manisha/airflow_env/lib/python3.10/site-packages/airflow/example_dags/example_skip_dag.py
[2024-06-18T11:07:33.730+0545] {processor.py:830} INFO - Processing file /home/manisha/airflow_env/lib/python3.10/site-packages/airflow/example_dags/example_skip_dag.py for tasks to queue
[2024-06-18T11:07:33.733+0545] {logging_mixin.py:188} INFO - [2024-06-18T11:07:33.732+0545] {dagbag.py:545} INFO - Filling up the DagBag from /home/manisha/airflow_env/lib/python3.10/site-packages/airflow/example_dags/example_skip_dag.py
[2024-06-18T11:07:33.748+0545] {processor.py:840} INFO - DAG(s) 'example_skip_dag' retrieved from /home/manisha/airflow_env/lib/python3.10/site-packages/airflow/example_dags/example_skip_dag.py
[2024-06-18T11:07:33.775+0545] {logging_mixin.py:188} INFO - [2024-06-18T11:07:33.775+0545] {dag.py:3096} INFO - Sync 1 DAGs
[2024-06-18T11:07:33.792+0545] {logging_mixin.py:188} INFO - [2024-06-18T11:07:33.792+0545] {dag.py:3954} INFO - Setting next_dagrun for example_skip_dag to 2024-06-17 00:00:00+00:00, run_after=2024-06-18 00:00:00+00:00
[2024-06-18T11:07:33.887+0545] {processor.py:183} INFO - Processing /home/manisha/airflow_env/lib/python3.10/site-packages/airflow/example_dags/example_skip_dag.py took 0.197 seconds
[2024-06-18T11:08:31.194+0545] {processor.py:161} INFO - Started process (PID=5192) to work on /home/manisha/airflow_env/lib/python3.10/site-packages/airflow/example_dags/example_skip_dag.py
[2024-06-18T11:08:31.262+0545] {processor.py:830} INFO - Processing file /home/manisha/airflow_env/lib/python3.10/site-packages/airflow/example_dags/example_skip_dag.py for tasks to queue
[2024-06-18T11:08:31.267+0545] {logging_mixin.py:188} INFO - [2024-06-18T11:08:31.266+0545] {dagbag.py:545} INFO - Filling up the DagBag from /home/manisha/airflow_env/lib/python3.10/site-packages/airflow/example_dags/example_skip_dag.py
[2024-06-18T11:08:31.294+0545] {processor.py:840} INFO - DAG(s) 'example_skip_dag' retrieved from /home/manisha/airflow_env/lib/python3.10/site-packages/airflow/example_dags/example_skip_dag.py
[2024-06-18T11:08:31.314+0545] {logging_mixin.py:188} INFO - [2024-06-18T11:08:31.314+0545] {dag.py:3096} INFO - Sync 1 DAGs
[2024-06-18T11:08:31.332+0545] {logging_mixin.py:188} INFO - [2024-06-18T11:08:31.332+0545] {dag.py:3954} INFO - Setting next_dagrun for example_skip_dag to 2024-06-17 00:00:00+00:00, run_after=2024-06-18 00:00:00+00:00
[2024-06-18T11:08:31.414+0545] {processor.py:183} INFO - Processing /home/manisha/airflow_env/lib/python3.10/site-packages/airflow/example_dags/example_skip_dag.py took 0.225 seconds
[2024-06-18T11:09:29.956+0545] {processor.py:161} INFO - Started process (PID=5643) to work on /home/manisha/airflow_env/lib/python3.10/site-packages/airflow/example_dags/example_skip_dag.py
[2024-06-18T11:09:29.990+0545] {processor.py:830} INFO - Processing file /home/manisha/airflow_env/lib/python3.10/site-packages/airflow/example_dags/example_skip_dag.py for tasks to queue
[2024-06-18T11:09:29.996+0545] {logging_mixin.py:188} INFO - [2024-06-18T11:09:29.994+0545] {dagbag.py:545} INFO - Filling up the DagBag from /home/manisha/airflow_env/lib/python3.10/site-packages/airflow/example_dags/example_skip_dag.py
[2024-06-18T11:09:30.018+0545] {processor.py:840} INFO - DAG(s) 'example_skip_dag' retrieved from /home/manisha/airflow_env/lib/python3.10/site-packages/airflow/example_dags/example_skip_dag.py
[2024-06-18T11:09:30.040+0545] {logging_mixin.py:188} INFO - [2024-06-18T11:09:30.040+0545] {dag.py:3096} INFO - Sync 1 DAGs
[2024-06-18T11:09:30.058+0545] {logging_mixin.py:188} INFO - [2024-06-18T11:09:30.058+0545] {dag.py:3954} INFO - Setting next_dagrun for example_skip_dag to 2024-06-17 00:00:00+00:00, run_after=2024-06-18 00:00:00+00:00
[2024-06-18T11:09:30.140+0545] {processor.py:183} INFO - Processing /home/manisha/airflow_env/lib/python3.10/site-packages/airflow/example_dags/example_skip_dag.py took 0.191 seconds
[2024-06-18T11:43:59.299+0545] {processor.py:161} INFO - Started process (PID=8294) to work on /home/manisha/airflow_env/lib/python3.10/site-packages/airflow/example_dags/example_skip_dag.py
[2024-06-18T11:43:59.306+0545] {processor.py:830} INFO - Processing file /home/manisha/airflow_env/lib/python3.10/site-packages/airflow/example_dags/example_skip_dag.py for tasks to queue
[2024-06-18T11:43:59.308+0545] {logging_mixin.py:188} INFO - [2024-06-18T11:43:59.307+0545] {dagbag.py:545} INFO - Filling up the DagBag from /home/manisha/airflow_env/lib/python3.10/site-packages/airflow/example_dags/example_skip_dag.py
[2024-06-18T11:43:59.315+0545] {processor.py:840} INFO - DAG(s) 'example_skip_dag' retrieved from /home/manisha/airflow_env/lib/python3.10/site-packages/airflow/example_dags/example_skip_dag.py
[2024-06-18T11:43:59.329+0545] {logging_mixin.py:188} INFO - [2024-06-18T11:43:59.329+0545] {dag.py:3096} INFO - Sync 1 DAGs
[2024-06-18T11:43:59.351+0545] {logging_mixin.py:188} INFO - [2024-06-18T11:43:59.351+0545] {dag.py:3954} INFO - Setting next_dagrun for example_skip_dag to 2024-06-17 00:00:00+00:00, run_after=2024-06-18 00:00:00+00:00
[2024-06-18T11:43:59.441+0545] {processor.py:183} INFO - Processing /home/manisha/airflow_env/lib/python3.10/site-packages/airflow/example_dags/example_skip_dag.py took 0.147 seconds
[2024-06-18T11:44:30.141+0545] {processor.py:161} INFO - Started process (PID=8356) to work on /home/manisha/airflow_env/lib/python3.10/site-packages/airflow/example_dags/example_skip_dag.py
[2024-06-18T11:44:30.156+0545] {processor.py:830} INFO - Processing file /home/manisha/airflow_env/lib/python3.10/site-packages/airflow/example_dags/example_skip_dag.py for tasks to queue
[2024-06-18T11:44:30.161+0545] {logging_mixin.py:188} INFO - [2024-06-18T11:44:30.160+0545] {dagbag.py:545} INFO - Filling up the DagBag from /home/manisha/airflow_env/lib/python3.10/site-packages/airflow/example_dags/example_skip_dag.py
[2024-06-18T11:44:30.180+0545] {processor.py:840} INFO - DAG(s) 'example_skip_dag' retrieved from /home/manisha/airflow_env/lib/python3.10/site-packages/airflow/example_dags/example_skip_dag.py
[2024-06-18T11:44:30.407+0545] {logging_mixin.py:188} INFO - [2024-06-18T11:44:30.406+0545] {dag.py:3096} INFO - Sync 1 DAGs
[2024-06-18T11:44:30.430+0545] {logging_mixin.py:188} INFO - [2024-06-18T11:44:30.430+0545] {dag.py:3954} INFO - Setting next_dagrun for example_skip_dag to 2024-06-17 00:00:00+00:00, run_after=2024-06-18 00:00:00+00:00
[2024-06-18T11:44:30.665+0545] {processor.py:183} INFO - Processing /home/manisha/airflow_env/lib/python3.10/site-packages/airflow/example_dags/example_skip_dag.py took 0.529 seconds
[2024-06-18T11:45:00.899+0545] {processor.py:161} INFO - Started process (PID=8407) to work on /home/manisha/airflow_env/lib/python3.10/site-packages/airflow/example_dags/example_skip_dag.py
[2024-06-18T11:45:00.905+0545] {processor.py:830} INFO - Processing file /home/manisha/airflow_env/lib/python3.10/site-packages/airflow/example_dags/example_skip_dag.py for tasks to queue
[2024-06-18T11:45:00.907+0545] {logging_mixin.py:188} INFO - [2024-06-18T11:45:00.906+0545] {dagbag.py:545} INFO - Filling up the DagBag from /home/manisha/airflow_env/lib/python3.10/site-packages/airflow/example_dags/example_skip_dag.py
[2024-06-18T11:45:00.913+0545] {processor.py:840} INFO - DAG(s) 'example_skip_dag' retrieved from /home/manisha/airflow_env/lib/python3.10/site-packages/airflow/example_dags/example_skip_dag.py
[2024-06-18T11:45:00.937+0545] {logging_mixin.py:188} INFO - [2024-06-18T11:45:00.936+0545] {dag.py:3096} INFO - Sync 1 DAGs
[2024-06-18T11:45:01.039+0545] {logging_mixin.py:188} INFO - [2024-06-18T11:45:01.039+0545] {dag.py:3954} INFO - Setting next_dagrun for example_skip_dag to 2024-06-17 00:00:00+00:00, run_after=2024-06-18 00:00:00+00:00
[2024-06-18T11:45:01.102+0545] {processor.py:183} INFO - Processing /home/manisha/airflow_env/lib/python3.10/site-packages/airflow/example_dags/example_skip_dag.py took 0.208 seconds
[2024-06-18T11:45:31.185+0545] {processor.py:161} INFO - Started process (PID=8461) to work on /home/manisha/airflow_env/lib/python3.10/site-packages/airflow/example_dags/example_skip_dag.py
[2024-06-18T11:45:31.186+0545] {processor.py:830} INFO - Processing file /home/manisha/airflow_env/lib/python3.10/site-packages/airflow/example_dags/example_skip_dag.py for tasks to queue
[2024-06-18T11:45:31.187+0545] {logging_mixin.py:188} INFO - [2024-06-18T11:45:31.187+0545] {dagbag.py:545} INFO - Filling up the DagBag from /home/manisha/airflow_env/lib/python3.10/site-packages/airflow/example_dags/example_skip_dag.py
[2024-06-18T11:45:31.193+0545] {processor.py:840} INFO - DAG(s) 'example_skip_dag' retrieved from /home/manisha/airflow_env/lib/python3.10/site-packages/airflow/example_dags/example_skip_dag.py
[2024-06-18T11:45:31.218+0545] {logging_mixin.py:188} INFO - [2024-06-18T11:45:31.218+0545] {dag.py:3096} INFO - Sync 1 DAGs
[2024-06-18T11:45:31.239+0545] {logging_mixin.py:188} INFO - [2024-06-18T11:45:31.239+0545] {dag.py:3954} INFO - Setting next_dagrun for example_skip_dag to 2024-06-17 00:00:00+00:00, run_after=2024-06-18 00:00:00+00:00
[2024-06-18T11:45:31.319+0545] {processor.py:183} INFO - Processing /home/manisha/airflow_env/lib/python3.10/site-packages/airflow/example_dags/example_skip_dag.py took 0.140 seconds
[2024-06-18T11:46:01.733+0545] {processor.py:161} INFO - Started process (PID=8514) to work on /home/manisha/airflow_env/lib/python3.10/site-packages/airflow/example_dags/example_skip_dag.py
[2024-06-18T11:46:01.775+0545] {processor.py:830} INFO - Processing file /home/manisha/airflow_env/lib/python3.10/site-packages/airflow/example_dags/example_skip_dag.py for tasks to queue
[2024-06-18T11:46:01.777+0545] {logging_mixin.py:188} INFO - [2024-06-18T11:46:01.776+0545] {dagbag.py:545} INFO - Filling up the DagBag from /home/manisha/airflow_env/lib/python3.10/site-packages/airflow/example_dags/example_skip_dag.py
[2024-06-18T11:46:01.785+0545] {processor.py:840} INFO - DAG(s) 'example_skip_dag' retrieved from /home/manisha/airflow_env/lib/python3.10/site-packages/airflow/example_dags/example_skip_dag.py
[2024-06-18T11:46:01.823+0545] {logging_mixin.py:188} INFO - [2024-06-18T11:46:01.823+0545] {dag.py:3096} INFO - Sync 1 DAGs
[2024-06-18T11:46:01.846+0545] {logging_mixin.py:188} INFO - [2024-06-18T11:46:01.846+0545] {dag.py:3954} INFO - Setting next_dagrun for example_skip_dag to 2024-06-17 00:00:00+00:00, run_after=2024-06-18 00:00:00+00:00
[2024-06-18T11:46:01.942+0545] {processor.py:183} INFO - Processing /home/manisha/airflow_env/lib/python3.10/site-packages/airflow/example_dags/example_skip_dag.py took 0.214 seconds
[2024-06-18T11:46:32.551+0545] {processor.py:161} INFO - Started process (PID=8565) to work on /home/manisha/airflow_env/lib/python3.10/site-packages/airflow/example_dags/example_skip_dag.py
[2024-06-18T11:46:32.551+0545] {processor.py:830} INFO - Processing file /home/manisha/airflow_env/lib/python3.10/site-packages/airflow/example_dags/example_skip_dag.py for tasks to queue
[2024-06-18T11:46:32.552+0545] {logging_mixin.py:188} INFO - [2024-06-18T11:46:32.552+0545] {dagbag.py:545} INFO - Filling up the DagBag from /home/manisha/airflow_env/lib/python3.10/site-packages/airflow/example_dags/example_skip_dag.py
[2024-06-18T11:46:32.558+0545] {processor.py:840} INFO - DAG(s) 'example_skip_dag' retrieved from /home/manisha/airflow_env/lib/python3.10/site-packages/airflow/example_dags/example_skip_dag.py
[2024-06-18T11:46:32.582+0545] {logging_mixin.py:188} INFO - [2024-06-18T11:46:32.582+0545] {dag.py:3096} INFO - Sync 1 DAGs
[2024-06-18T11:46:32.603+0545] {logging_mixin.py:188} INFO - [2024-06-18T11:46:32.603+0545] {dag.py:3954} INFO - Setting next_dagrun for example_skip_dag to 2024-06-17 00:00:00+00:00, run_after=2024-06-18 00:00:00+00:00
[2024-06-18T11:46:32.667+0545] {processor.py:183} INFO - Processing /home/manisha/airflow_env/lib/python3.10/site-packages/airflow/example_dags/example_skip_dag.py took 0.121 seconds
[2024-06-18T11:47:03.129+0545] {processor.py:161} INFO - Started process (PID=8616) to work on /home/manisha/airflow_env/lib/python3.10/site-packages/airflow/example_dags/example_skip_dag.py
[2024-06-18T11:47:03.152+0545] {processor.py:830} INFO - Processing file /home/manisha/airflow_env/lib/python3.10/site-packages/airflow/example_dags/example_skip_dag.py for tasks to queue
[2024-06-18T11:47:03.154+0545] {logging_mixin.py:188} INFO - [2024-06-18T11:47:03.153+0545] {dagbag.py:545} INFO - Filling up the DagBag from /home/manisha/airflow_env/lib/python3.10/site-packages/airflow/example_dags/example_skip_dag.py
[2024-06-18T11:47:03.160+0545] {processor.py:840} INFO - DAG(s) 'example_skip_dag' retrieved from /home/manisha/airflow_env/lib/python3.10/site-packages/airflow/example_dags/example_skip_dag.py
[2024-06-18T11:47:03.184+0545] {logging_mixin.py:188} INFO - [2024-06-18T11:47:03.184+0545] {dag.py:3096} INFO - Sync 1 DAGs
[2024-06-18T11:47:03.205+0545] {logging_mixin.py:188} INFO - [2024-06-18T11:47:03.205+0545] {dag.py:3954} INFO - Setting next_dagrun for example_skip_dag to 2024-06-17 00:00:00+00:00, run_after=2024-06-18 00:00:00+00:00
[2024-06-18T11:47:03.393+0545] {processor.py:183} INFO - Processing /home/manisha/airflow_env/lib/python3.10/site-packages/airflow/example_dags/example_skip_dag.py took 0.270 seconds
[2024-06-18T11:47:33.493+0545] {processor.py:161} INFO - Started process (PID=8667) to work on /home/manisha/airflow_env/lib/python3.10/site-packages/airflow/example_dags/example_skip_dag.py
[2024-06-18T11:47:33.493+0545] {processor.py:830} INFO - Processing file /home/manisha/airflow_env/lib/python3.10/site-packages/airflow/example_dags/example_skip_dag.py for tasks to queue
[2024-06-18T11:47:33.495+0545] {logging_mixin.py:188} INFO - [2024-06-18T11:47:33.494+0545] {dagbag.py:545} INFO - Filling up the DagBag from /home/manisha/airflow_env/lib/python3.10/site-packages/airflow/example_dags/example_skip_dag.py
[2024-06-18T11:47:33.501+0545] {processor.py:840} INFO - DAG(s) 'example_skip_dag' retrieved from /home/manisha/airflow_env/lib/python3.10/site-packages/airflow/example_dags/example_skip_dag.py
[2024-06-18T11:47:33.526+0545] {logging_mixin.py:188} INFO - [2024-06-18T11:47:33.526+0545] {dag.py:3096} INFO - Sync 1 DAGs
[2024-06-18T11:47:33.544+0545] {logging_mixin.py:188} INFO - [2024-06-18T11:47:33.544+0545] {dag.py:3954} INFO - Setting next_dagrun for example_skip_dag to 2024-06-17 00:00:00+00:00, run_after=2024-06-18 00:00:00+00:00
[2024-06-18T11:47:33.618+0545] {processor.py:183} INFO - Processing /home/manisha/airflow_env/lib/python3.10/site-packages/airflow/example_dags/example_skip_dag.py took 0.131 seconds
[2024-06-18T11:48:29.770+0545] {processor.py:161} INFO - Started process (PID=8743) to work on /home/manisha/airflow_env/lib/python3.10/site-packages/airflow/example_dags/example_skip_dag.py
[2024-06-18T11:48:29.795+0545] {processor.py:830} INFO - Processing file /home/manisha/airflow_env/lib/python3.10/site-packages/airflow/example_dags/example_skip_dag.py for tasks to queue
[2024-06-18T11:48:29.796+0545] {logging_mixin.py:188} INFO - [2024-06-18T11:48:29.796+0545] {dagbag.py:545} INFO - Filling up the DagBag from /home/manisha/airflow_env/lib/python3.10/site-packages/airflow/example_dags/example_skip_dag.py
[2024-06-18T11:48:29.805+0545] {processor.py:840} INFO - DAG(s) 'example_skip_dag' retrieved from /home/manisha/airflow_env/lib/python3.10/site-packages/airflow/example_dags/example_skip_dag.py
[2024-06-18T11:48:29.821+0545] {logging_mixin.py:188} INFO - [2024-06-18T11:48:29.821+0545] {dag.py:3096} INFO - Sync 1 DAGs
[2024-06-18T11:48:29.842+0545] {logging_mixin.py:188} INFO - [2024-06-18T11:48:29.842+0545] {dag.py:3954} INFO - Setting next_dagrun for example_skip_dag to 2024-06-17 00:00:00+00:00, run_after=2024-06-18 00:00:00+00:00
[2024-06-18T11:48:29.914+0545] {processor.py:183} INFO - Processing /home/manisha/airflow_env/lib/python3.10/site-packages/airflow/example_dags/example_skip_dag.py took 0.148 seconds
[2024-06-18T11:49:00.717+0545] {processor.py:161} INFO - Started process (PID=8857) to work on /home/manisha/airflow_env/lib/python3.10/site-packages/airflow/example_dags/example_skip_dag.py
[2024-06-18T11:49:00.727+0545] {processor.py:830} INFO - Processing file /home/manisha/airflow_env/lib/python3.10/site-packages/airflow/example_dags/example_skip_dag.py for tasks to queue
[2024-06-18T11:49:00.728+0545] {logging_mixin.py:188} INFO - [2024-06-18T11:49:00.728+0545] {dagbag.py:545} INFO - Filling up the DagBag from /home/manisha/airflow_env/lib/python3.10/site-packages/airflow/example_dags/example_skip_dag.py
[2024-06-18T11:49:00.734+0545] {processor.py:840} INFO - DAG(s) 'example_skip_dag' retrieved from /home/manisha/airflow_env/lib/python3.10/site-packages/airflow/example_dags/example_skip_dag.py
[2024-06-18T11:49:01.076+0545] {logging_mixin.py:188} INFO - [2024-06-18T11:49:01.075+0545] {dag.py:3096} INFO - Sync 1 DAGs
[2024-06-18T11:49:01.142+0545] {logging_mixin.py:188} INFO - [2024-06-18T11:49:01.142+0545] {dag.py:3954} INFO - Setting next_dagrun for example_skip_dag to 2024-06-17 00:00:00+00:00, run_after=2024-06-18 00:00:00+00:00
[2024-06-18T11:49:01.404+0545] {processor.py:183} INFO - Processing /home/manisha/airflow_env/lib/python3.10/site-packages/airflow/example_dags/example_skip_dag.py took 0.692 seconds
[2024-06-18T11:49:31.696+0545] {processor.py:161} INFO - Started process (PID=8928) to work on /home/manisha/airflow_env/lib/python3.10/site-packages/airflow/example_dags/example_skip_dag.py
[2024-06-18T11:49:31.704+0545] {processor.py:830} INFO - Processing file /home/manisha/airflow_env/lib/python3.10/site-packages/airflow/example_dags/example_skip_dag.py for tasks to queue
[2024-06-18T11:49:31.706+0545] {logging_mixin.py:188} INFO - [2024-06-18T11:49:31.705+0545] {dagbag.py:545} INFO - Filling up the DagBag from /home/manisha/airflow_env/lib/python3.10/site-packages/airflow/example_dags/example_skip_dag.py
[2024-06-18T11:49:31.712+0545] {processor.py:840} INFO - DAG(s) 'example_skip_dag' retrieved from /home/manisha/airflow_env/lib/python3.10/site-packages/airflow/example_dags/example_skip_dag.py
[2024-06-18T11:49:31.738+0545] {logging_mixin.py:188} INFO - [2024-06-18T11:49:31.738+0545] {dag.py:3096} INFO - Sync 1 DAGs
[2024-06-18T11:49:31.851+0545] {logging_mixin.py:188} INFO - [2024-06-18T11:49:31.850+0545] {dag.py:3954} INFO - Setting next_dagrun for example_skip_dag to 2024-06-17 00:00:00+00:00, run_after=2024-06-18 00:00:00+00:00
[2024-06-18T11:49:31.995+0545] {processor.py:183} INFO - Processing /home/manisha/airflow_env/lib/python3.10/site-packages/airflow/example_dags/example_skip_dag.py took 0.306 seconds
[2024-06-18T11:50:02.103+0545] {processor.py:161} INFO - Started process (PID=8984) to work on /home/manisha/airflow_env/lib/python3.10/site-packages/airflow/example_dags/example_skip_dag.py
[2024-06-18T11:50:02.105+0545] {processor.py:830} INFO - Processing file /home/manisha/airflow_env/lib/python3.10/site-packages/airflow/example_dags/example_skip_dag.py for tasks to queue
[2024-06-18T11:50:02.107+0545] {logging_mixin.py:188} INFO - [2024-06-18T11:50:02.107+0545] {dagbag.py:545} INFO - Filling up the DagBag from /home/manisha/airflow_env/lib/python3.10/site-packages/airflow/example_dags/example_skip_dag.py
[2024-06-18T11:50:02.116+0545] {processor.py:840} INFO - DAG(s) 'example_skip_dag' retrieved from /home/manisha/airflow_env/lib/python3.10/site-packages/airflow/example_dags/example_skip_dag.py
[2024-06-18T11:50:02.148+0545] {logging_mixin.py:188} INFO - [2024-06-18T11:50:02.148+0545] {dag.py:3096} INFO - Sync 1 DAGs
[2024-06-18T11:50:02.175+0545] {logging_mixin.py:188} INFO - [2024-06-18T11:50:02.175+0545] {dag.py:3954} INFO - Setting next_dagrun for example_skip_dag to 2024-06-17 00:00:00+00:00, run_after=2024-06-18 00:00:00+00:00
[2024-06-18T11:50:02.336+0545] {processor.py:183} INFO - Processing /home/manisha/airflow_env/lib/python3.10/site-packages/airflow/example_dags/example_skip_dag.py took 0.241 seconds
[2024-06-18T11:50:32.631+0545] {processor.py:161} INFO - Started process (PID=9043) to work on /home/manisha/airflow_env/lib/python3.10/site-packages/airflow/example_dags/example_skip_dag.py
[2024-06-18T11:50:32.690+0545] {processor.py:830} INFO - Processing file /home/manisha/airflow_env/lib/python3.10/site-packages/airflow/example_dags/example_skip_dag.py for tasks to queue
[2024-06-18T11:50:32.695+0545] {logging_mixin.py:188} INFO - [2024-06-18T11:50:32.694+0545] {dagbag.py:545} INFO - Filling up the DagBag from /home/manisha/airflow_env/lib/python3.10/site-packages/airflow/example_dags/example_skip_dag.py
[2024-06-18T11:50:32.716+0545] {processor.py:840} INFO - DAG(s) 'example_skip_dag' retrieved from /home/manisha/airflow_env/lib/python3.10/site-packages/airflow/example_dags/example_skip_dag.py
[2024-06-18T11:50:32.750+0545] {logging_mixin.py:188} INFO - [2024-06-18T11:50:32.750+0545] {dag.py:3096} INFO - Sync 1 DAGs
[2024-06-18T11:50:32.773+0545] {logging_mixin.py:188} INFO - [2024-06-18T11:50:32.773+0545] {dag.py:3954} INFO - Setting next_dagrun for example_skip_dag to 2024-06-17 00:00:00+00:00, run_after=2024-06-18 00:00:00+00:00
[2024-06-18T11:50:32.924+0545] {processor.py:183} INFO - Processing /home/manisha/airflow_env/lib/python3.10/site-packages/airflow/example_dags/example_skip_dag.py took 0.300 seconds
[2024-06-18T11:50:56.154+0545] {processor.py:161} INFO - Started process (PID=9281) to work on /home/manisha/airflow_env/lib/python3.10/site-packages/airflow/example_dags/example_skip_dag.py
[2024-06-18T11:50:56.155+0545] {processor.py:830} INFO - Processing file /home/manisha/airflow_env/lib/python3.10/site-packages/airflow/example_dags/example_skip_dag.py for tasks to queue
[2024-06-18T11:50:56.156+0545] {logging_mixin.py:188} INFO - [2024-06-18T11:50:56.156+0545] {dagbag.py:545} INFO - Filling up the DagBag from /home/manisha/airflow_env/lib/python3.10/site-packages/airflow/example_dags/example_skip_dag.py
[2024-06-18T11:50:56.168+0545] {processor.py:840} INFO - DAG(s) 'example_skip_dag' retrieved from /home/manisha/airflow_env/lib/python3.10/site-packages/airflow/example_dags/example_skip_dag.py
[2024-06-18T11:50:56.187+0545] {logging_mixin.py:188} INFO - [2024-06-18T11:50:56.187+0545] {dag.py:3096} INFO - Sync 1 DAGs
[2024-06-18T11:50:56.208+0545] {logging_mixin.py:188} INFO - [2024-06-18T11:50:56.208+0545] {dag.py:3954} INFO - Setting next_dagrun for example_skip_dag to 2024-06-17 00:00:00+00:00, run_after=2024-06-18 00:00:00+00:00
[2024-06-18T11:50:56.447+0545] {processor.py:183} INFO - Processing /home/manisha/airflow_env/lib/python3.10/site-packages/airflow/example_dags/example_skip_dag.py took 0.300 seconds
[2024-06-18T11:51:27.364+0545] {processor.py:161} INFO - Started process (PID=9554) to work on /home/manisha/airflow_env/lib/python3.10/site-packages/airflow/example_dags/example_skip_dag.py
[2024-06-18T11:51:27.391+0545] {processor.py:830} INFO - Processing file /home/manisha/airflow_env/lib/python3.10/site-packages/airflow/example_dags/example_skip_dag.py for tasks to queue
[2024-06-18T11:51:27.392+0545] {logging_mixin.py:188} INFO - [2024-06-18T11:51:27.392+0545] {dagbag.py:545} INFO - Filling up the DagBag from /home/manisha/airflow_env/lib/python3.10/site-packages/airflow/example_dags/example_skip_dag.py
[2024-06-18T11:51:27.399+0545] {processor.py:840} INFO - DAG(s) 'example_skip_dag' retrieved from /home/manisha/airflow_env/lib/python3.10/site-packages/airflow/example_dags/example_skip_dag.py
[2024-06-18T11:51:27.629+0545] {logging_mixin.py:188} INFO - [2024-06-18T11:51:27.629+0545] {dag.py:3096} INFO - Sync 1 DAGs
[2024-06-18T11:51:27.655+0545] {logging_mixin.py:188} INFO - [2024-06-18T11:51:27.655+0545] {dag.py:3954} INFO - Setting next_dagrun for example_skip_dag to 2024-06-17 00:00:00+00:00, run_after=2024-06-18 00:00:00+00:00
[2024-06-18T11:51:27.975+0545] {processor.py:183} INFO - Processing /home/manisha/airflow_env/lib/python3.10/site-packages/airflow/example_dags/example_skip_dag.py took 0.617 seconds
[2024-06-18T11:51:58.560+0545] {processor.py:161} INFO - Started process (PID=9813) to work on /home/manisha/airflow_env/lib/python3.10/site-packages/airflow/example_dags/example_skip_dag.py
[2024-06-18T11:51:58.579+0545] {processor.py:830} INFO - Processing file /home/manisha/airflow_env/lib/python3.10/site-packages/airflow/example_dags/example_skip_dag.py for tasks to queue
[2024-06-18T11:51:58.584+0545] {logging_mixin.py:188} INFO - [2024-06-18T11:51:58.583+0545] {dagbag.py:545} INFO - Filling up the DagBag from /home/manisha/airflow_env/lib/python3.10/site-packages/airflow/example_dags/example_skip_dag.py
[2024-06-18T11:51:58.689+0545] {processor.py:840} INFO - DAG(s) 'example_skip_dag' retrieved from /home/manisha/airflow_env/lib/python3.10/site-packages/airflow/example_dags/example_skip_dag.py
[2024-06-18T11:51:58.717+0545] {logging_mixin.py:188} INFO - [2024-06-18T11:51:58.717+0545] {dag.py:3096} INFO - Sync 1 DAGs
[2024-06-18T11:51:58.739+0545] {logging_mixin.py:188} INFO - [2024-06-18T11:51:58.739+0545] {dag.py:3954} INFO - Setting next_dagrun for example_skip_dag to 2024-06-17 00:00:00+00:00, run_after=2024-06-18 00:00:00+00:00
[2024-06-18T11:51:58.952+0545] {processor.py:183} INFO - Processing /home/manisha/airflow_env/lib/python3.10/site-packages/airflow/example_dags/example_skip_dag.py took 0.399 seconds
