[2024-06-18T10:57:35.465+0545] {processor.py:161} INFO - Started process (PID=4056) to work on /home/manisha/airflow_env/lib/python3.10/site-packages/airflow/example_dags/example_branch_operator.py
[2024-06-18T10:57:35.466+0545] {processor.py:830} INFO - Processing file /home/manisha/airflow_env/lib/python3.10/site-packages/airflow/example_dags/example_branch_operator.py for tasks to queue
[2024-06-18T10:57:35.468+0545] {logging_mixin.py:188} INFO - [2024-06-18T10:57:35.468+0545] {dagbag.py:545} INFO - Filling up the DagBag from /home/manisha/airflow_env/lib/python3.10/site-packages/airflow/example_dags/example_branch_operator.py
[2024-06-18T10:57:35.494+0545] {processor.py:840} INFO - DAG(s) 'example_branch_operator' retrieved from /home/manisha/airflow_env/lib/python3.10/site-packages/airflow/example_dags/example_branch_operator.py
[2024-06-18T10:57:35.708+0545] {logging_mixin.py:188} INFO - [2024-06-18T10:57:35.705+0545] {override.py:1829} INFO - Created Permission View: can edit on DAG:example_branch_operator
[2024-06-18T10:57:35.787+0545] {logging_mixin.py:188} INFO - [2024-06-18T10:57:35.785+0545] {override.py:1829} INFO - Created Permission View: can read on DAG:example_branch_operator
[2024-06-18T10:57:35.854+0545] {logging_mixin.py:188} INFO - [2024-06-18T10:57:35.853+0545] {override.py:1829} INFO - Created Permission View: can delete on DAG:example_branch_operator
[2024-06-18T10:57:35.856+0545] {logging_mixin.py:188} INFO - [2024-06-18T10:57:35.855+0545] {dag.py:3096} INFO - Sync 1 DAGs
[2024-06-18T10:57:35.888+0545] {logging_mixin.py:188} INFO - [2024-06-18T10:57:35.888+0545] {dag.py:3118} INFO - Creating ORM DAG for example_branch_operator
[2024-06-18T10:57:35.982+0545] {logging_mixin.py:188} INFO - [2024-06-18T10:57:35.982+0545] {dag.py:3954} INFO - Setting next_dagrun for example_branch_operator to 2024-06-17 00:00:00+00:00, run_after=2024-06-18 00:00:00+00:00
[2024-06-18T10:57:36.110+0545] {processor.py:183} INFO - Processing /home/manisha/airflow_env/lib/python3.10/site-packages/airflow/example_dags/example_branch_operator.py took 0.654 seconds
[2024-06-18T10:58:53.064+0545] {processor.py:161} INFO - Started process (PID=4179) to work on /home/manisha/airflow_env/lib/python3.10/site-packages/airflow/example_dags/example_branch_operator.py
[2024-06-18T10:58:53.066+0545] {processor.py:830} INFO - Processing file /home/manisha/airflow_env/lib/python3.10/site-packages/airflow/example_dags/example_branch_operator.py for tasks to queue
[2024-06-18T10:58:53.068+0545] {logging_mixin.py:188} INFO - [2024-06-18T10:58:53.067+0545] {dagbag.py:545} INFO - Filling up the DagBag from /home/manisha/airflow_env/lib/python3.10/site-packages/airflow/example_dags/example_branch_operator.py
[2024-06-18T10:58:53.088+0545] {processor.py:840} INFO - DAG(s) 'example_branch_operator' retrieved from /home/manisha/airflow_env/lib/python3.10/site-packages/airflow/example_dags/example_branch_operator.py
[2024-06-18T10:58:53.113+0545] {logging_mixin.py:188} INFO - [2024-06-18T10:58:53.112+0545] {dag.py:3096} INFO - Sync 1 DAGs
[2024-06-18T10:58:53.131+0545] {logging_mixin.py:188} INFO - [2024-06-18T10:58:53.131+0545] {dag.py:3954} INFO - Setting next_dagrun for example_branch_operator to 2024-06-17 00:00:00+00:00, run_after=2024-06-18 00:00:00+00:00
[2024-06-18T10:58:53.299+0545] {processor.py:183} INFO - Processing /home/manisha/airflow_env/lib/python3.10/site-packages/airflow/example_dags/example_branch_operator.py took 0.241 seconds
[2024-06-18T10:59:58.580+0545] {processor.py:161} INFO - Started process (PID=4233) to work on /home/manisha/airflow_env/lib/python3.10/site-packages/airflow/example_dags/example_branch_operator.py
[2024-06-18T10:59:58.606+0545] {processor.py:830} INFO - Processing file /home/manisha/airflow_env/lib/python3.10/site-packages/airflow/example_dags/example_branch_operator.py for tasks to queue
[2024-06-18T10:59:58.608+0545] {logging_mixin.py:188} INFO - [2024-06-18T10:59:58.608+0545] {dagbag.py:545} INFO - Filling up the DagBag from /home/manisha/airflow_env/lib/python3.10/site-packages/airflow/example_dags/example_branch_operator.py
[2024-06-18T10:59:58.637+0545] {processor.py:840} INFO - DAG(s) 'example_branch_operator' retrieved from /home/manisha/airflow_env/lib/python3.10/site-packages/airflow/example_dags/example_branch_operator.py
[2024-06-18T10:59:58.746+0545] {logging_mixin.py:188} INFO - [2024-06-18T10:59:58.746+0545] {dag.py:3096} INFO - Sync 1 DAGs
[2024-06-18T10:59:58.766+0545] {logging_mixin.py:188} INFO - [2024-06-18T10:59:58.765+0545] {dag.py:3954} INFO - Setting next_dagrun for example_branch_operator to 2024-06-17 00:00:00+00:00, run_after=2024-06-18 00:00:00+00:00
[2024-06-18T10:59:58.893+0545] {processor.py:183} INFO - Processing /home/manisha/airflow_env/lib/python3.10/site-packages/airflow/example_dags/example_branch_operator.py took 0.318 seconds
[2024-06-18T11:00:59.739+0545] {processor.py:161} INFO - Started process (PID=4376) to work on /home/manisha/airflow_env/lib/python3.10/site-packages/airflow/example_dags/example_branch_operator.py
[2024-06-18T11:00:59.775+0545] {processor.py:830} INFO - Processing file /home/manisha/airflow_env/lib/python3.10/site-packages/airflow/example_dags/example_branch_operator.py for tasks to queue
[2024-06-18T11:00:59.780+0545] {logging_mixin.py:188} INFO - [2024-06-18T11:00:59.779+0545] {dagbag.py:545} INFO - Filling up the DagBag from /home/manisha/airflow_env/lib/python3.10/site-packages/airflow/example_dags/example_branch_operator.py
[2024-06-18T11:00:59.823+0545] {processor.py:840} INFO - DAG(s) 'example_branch_operator' retrieved from /home/manisha/airflow_env/lib/python3.10/site-packages/airflow/example_dags/example_branch_operator.py
[2024-06-18T11:00:59.846+0545] {logging_mixin.py:188} INFO - [2024-06-18T11:00:59.846+0545] {dag.py:3096} INFO - Sync 1 DAGs
[2024-06-18T11:00:59.863+0545] {logging_mixin.py:188} INFO - [2024-06-18T11:00:59.863+0545] {dag.py:3954} INFO - Setting next_dagrun for example_branch_operator to 2024-06-17 00:00:00+00:00, run_after=2024-06-18 00:00:00+00:00
[2024-06-18T11:00:59.970+0545] {processor.py:183} INFO - Processing /home/manisha/airflow_env/lib/python3.10/site-packages/airflow/example_dags/example_branch_operator.py took 0.237 seconds
[2024-06-18T11:02:02.807+0545] {processor.py:161} INFO - Started process (PID=4428) to work on /home/manisha/airflow_env/lib/python3.10/site-packages/airflow/example_dags/example_branch_operator.py
[2024-06-18T11:02:02.847+0545] {processor.py:830} INFO - Processing file /home/manisha/airflow_env/lib/python3.10/site-packages/airflow/example_dags/example_branch_operator.py for tasks to queue
[2024-06-18T11:02:02.853+0545] {logging_mixin.py:188} INFO - [2024-06-18T11:02:02.852+0545] {dagbag.py:545} INFO - Filling up the DagBag from /home/manisha/airflow_env/lib/python3.10/site-packages/airflow/example_dags/example_branch_operator.py
[2024-06-18T11:02:02.894+0545] {processor.py:840} INFO - DAG(s) 'example_branch_operator' retrieved from /home/manisha/airflow_env/lib/python3.10/site-packages/airflow/example_dags/example_branch_operator.py
[2024-06-18T11:02:02.918+0545] {logging_mixin.py:188} INFO - [2024-06-18T11:02:02.918+0545] {dag.py:3096} INFO - Sync 1 DAGs
[2024-06-18T11:02:02.935+0545] {logging_mixin.py:188} INFO - [2024-06-18T11:02:02.935+0545] {dag.py:3954} INFO - Setting next_dagrun for example_branch_operator to 2024-06-17 00:00:00+00:00, run_after=2024-06-18 00:00:00+00:00
[2024-06-18T11:02:03.042+0545] {processor.py:183} INFO - Processing /home/manisha/airflow_env/lib/python3.10/site-packages/airflow/example_dags/example_branch_operator.py took 0.241 seconds
[2024-06-18T11:02:59.812+0545] {processor.py:161} INFO - Started process (PID=4481) to work on /home/manisha/airflow_env/lib/python3.10/site-packages/airflow/example_dags/example_branch_operator.py
[2024-06-18T11:02:59.850+0545] {processor.py:830} INFO - Processing file /home/manisha/airflow_env/lib/python3.10/site-packages/airflow/example_dags/example_branch_operator.py for tasks to queue
[2024-06-18T11:02:59.856+0545] {logging_mixin.py:188} INFO - [2024-06-18T11:02:59.855+0545] {dagbag.py:545} INFO - Filling up the DagBag from /home/manisha/airflow_env/lib/python3.10/site-packages/airflow/example_dags/example_branch_operator.py
[2024-06-18T11:02:59.898+0545] {processor.py:840} INFO - DAG(s) 'example_branch_operator' retrieved from /home/manisha/airflow_env/lib/python3.10/site-packages/airflow/example_dags/example_branch_operator.py
[2024-06-18T11:02:59.921+0545] {logging_mixin.py:188} INFO - [2024-06-18T11:02:59.921+0545] {dag.py:3096} INFO - Sync 1 DAGs
[2024-06-18T11:02:59.938+0545] {logging_mixin.py:188} INFO - [2024-06-18T11:02:59.937+0545] {dag.py:3954} INFO - Setting next_dagrun for example_branch_operator to 2024-06-17 00:00:00+00:00, run_after=2024-06-18 00:00:00+00:00
[2024-06-18T11:03:00.057+0545] {processor.py:183} INFO - Processing /home/manisha/airflow_env/lib/python3.10/site-packages/airflow/example_dags/example_branch_operator.py took 0.251 seconds
[2024-06-18T11:03:59.688+0545] {processor.py:161} INFO - Started process (PID=4535) to work on /home/manisha/airflow_env/lib/python3.10/site-packages/airflow/example_dags/example_branch_operator.py
[2024-06-18T11:03:59.689+0545] {processor.py:830} INFO - Processing file /home/manisha/airflow_env/lib/python3.10/site-packages/airflow/example_dags/example_branch_operator.py for tasks to queue
[2024-06-18T11:03:59.691+0545] {logging_mixin.py:188} INFO - [2024-06-18T11:03:59.691+0545] {dagbag.py:545} INFO - Filling up the DagBag from /home/manisha/airflow_env/lib/python3.10/site-packages/airflow/example_dags/example_branch_operator.py
[2024-06-18T11:03:59.712+0545] {processor.py:840} INFO - DAG(s) 'example_branch_operator' retrieved from /home/manisha/airflow_env/lib/python3.10/site-packages/airflow/example_dags/example_branch_operator.py
[2024-06-18T11:03:59.737+0545] {logging_mixin.py:188} INFO - [2024-06-18T11:03:59.736+0545] {dag.py:3096} INFO - Sync 1 DAGs
[2024-06-18T11:03:59.753+0545] {logging_mixin.py:188} INFO - [2024-06-18T11:03:59.753+0545] {dag.py:3954} INFO - Setting next_dagrun for example_branch_operator to 2024-06-17 00:00:00+00:00, run_after=2024-06-18 00:00:00+00:00
[2024-06-18T11:03:59.887+0545] {processor.py:183} INFO - Processing /home/manisha/airflow_env/lib/python3.10/site-packages/airflow/example_dags/example_branch_operator.py took 0.205 seconds
[2024-06-18T11:05:33.073+0545] {processor.py:161} INFO - Started process (PID=4730) to work on /home/manisha/airflow_env/lib/python3.10/site-packages/airflow/example_dags/example_branch_operator.py
[2024-06-18T11:05:33.111+0545] {processor.py:830} INFO - Processing file /home/manisha/airflow_env/lib/python3.10/site-packages/airflow/example_dags/example_branch_operator.py for tasks to queue
[2024-06-18T11:05:33.117+0545] {logging_mixin.py:188} INFO - [2024-06-18T11:05:33.116+0545] {dagbag.py:545} INFO - Filling up the DagBag from /home/manisha/airflow_env/lib/python3.10/site-packages/airflow/example_dags/example_branch_operator.py
[2024-06-18T11:05:33.156+0545] {processor.py:840} INFO - DAG(s) 'example_branch_operator' retrieved from /home/manisha/airflow_env/lib/python3.10/site-packages/airflow/example_dags/example_branch_operator.py
[2024-06-18T11:05:33.181+0545] {logging_mixin.py:188} INFO - [2024-06-18T11:05:33.181+0545] {dag.py:3096} INFO - Sync 1 DAGs
[2024-06-18T11:05:33.197+0545] {logging_mixin.py:188} INFO - [2024-06-18T11:05:33.197+0545] {dag.py:3954} INFO - Setting next_dagrun for example_branch_operator to 2024-06-17 00:00:00+00:00, run_after=2024-06-18 00:00:00+00:00
[2024-06-18T11:05:33.519+0545] {processor.py:183} INFO - Processing /home/manisha/airflow_env/lib/python3.10/site-packages/airflow/example_dags/example_branch_operator.py took 0.452 seconds
[2024-06-18T11:06:44.699+0545] {processor.py:161} INFO - Started process (PID=4807) to work on /home/manisha/airflow_env/lib/python3.10/site-packages/airflow/example_dags/example_branch_operator.py
[2024-06-18T11:06:44.701+0545] {processor.py:830} INFO - Processing file /home/manisha/airflow_env/lib/python3.10/site-packages/airflow/example_dags/example_branch_operator.py for tasks to queue
[2024-06-18T11:06:44.705+0545] {logging_mixin.py:188} INFO - [2024-06-18T11:06:44.705+0545] {dagbag.py:545} INFO - Filling up the DagBag from /home/manisha/airflow_env/lib/python3.10/site-packages/airflow/example_dags/example_branch_operator.py
[2024-06-18T11:06:44.741+0545] {processor.py:840} INFO - DAG(s) 'example_branch_operator' retrieved from /home/manisha/airflow_env/lib/python3.10/site-packages/airflow/example_dags/example_branch_operator.py
[2024-06-18T11:06:44.774+0545] {logging_mixin.py:188} INFO - [2024-06-18T11:06:44.774+0545] {dag.py:3096} INFO - Sync 1 DAGs
[2024-06-18T11:06:44.800+0545] {logging_mixin.py:188} INFO - [2024-06-18T11:06:44.800+0545] {dag.py:3954} INFO - Setting next_dagrun for example_branch_operator to 2024-06-17 00:00:00+00:00, run_after=2024-06-18 00:00:00+00:00
[2024-06-18T11:06:44.884+0545] {processor.py:183} INFO - Processing /home/manisha/airflow_env/lib/python3.10/site-packages/airflow/example_dags/example_branch_operator.py took 0.193 seconds
[2024-06-18T11:07:43.025+0545] {processor.py:161} INFO - Started process (PID=4953) to work on /home/manisha/airflow_env/lib/python3.10/site-packages/airflow/example_dags/example_branch_operator.py
[2024-06-18T11:07:43.027+0545] {processor.py:830} INFO - Processing file /home/manisha/airflow_env/lib/python3.10/site-packages/airflow/example_dags/example_branch_operator.py for tasks to queue
[2024-06-18T11:07:43.029+0545] {logging_mixin.py:188} INFO - [2024-06-18T11:07:43.028+0545] {dagbag.py:545} INFO - Filling up the DagBag from /home/manisha/airflow_env/lib/python3.10/site-packages/airflow/example_dags/example_branch_operator.py
[2024-06-18T11:07:43.054+0545] {processor.py:840} INFO - DAG(s) 'example_branch_operator' retrieved from /home/manisha/airflow_env/lib/python3.10/site-packages/airflow/example_dags/example_branch_operator.py
[2024-06-18T11:07:43.077+0545] {logging_mixin.py:188} INFO - [2024-06-18T11:07:43.077+0545] {dag.py:3096} INFO - Sync 1 DAGs
[2024-06-18T11:07:43.095+0545] {logging_mixin.py:188} INFO - [2024-06-18T11:07:43.095+0545] {dag.py:3954} INFO - Setting next_dagrun for example_branch_operator to 2024-06-17 00:00:00+00:00, run_after=2024-06-18 00:00:00+00:00
[2024-06-18T11:07:43.206+0545] {processor.py:183} INFO - Processing /home/manisha/airflow_env/lib/python3.10/site-packages/airflow/example_dags/example_branch_operator.py took 0.188 seconds
[2024-06-18T11:08:40.435+0545] {processor.py:161} INFO - Started process (PID=5238) to work on /home/manisha/airflow_env/lib/python3.10/site-packages/airflow/example_dags/example_branch_operator.py
[2024-06-18T11:08:40.442+0545] {processor.py:830} INFO - Processing file /home/manisha/airflow_env/lib/python3.10/site-packages/airflow/example_dags/example_branch_operator.py for tasks to queue
[2024-06-18T11:08:40.444+0545] {logging_mixin.py:188} INFO - [2024-06-18T11:08:40.444+0545] {dagbag.py:545} INFO - Filling up the DagBag from /home/manisha/airflow_env/lib/python3.10/site-packages/airflow/example_dags/example_branch_operator.py
[2024-06-18T11:08:40.467+0545] {processor.py:840} INFO - DAG(s) 'example_branch_operator' retrieved from /home/manisha/airflow_env/lib/python3.10/site-packages/airflow/example_dags/example_branch_operator.py
[2024-06-18T11:08:40.502+0545] {logging_mixin.py:188} INFO - [2024-06-18T11:08:40.501+0545] {dag.py:3096} INFO - Sync 1 DAGs
[2024-06-18T11:08:40.530+0545] {logging_mixin.py:188} INFO - [2024-06-18T11:08:40.530+0545] {dag.py:3954} INFO - Setting next_dagrun for example_branch_operator to 2024-06-17 00:00:00+00:00, run_after=2024-06-18 00:00:00+00:00
[2024-06-18T11:08:40.730+0545] {processor.py:183} INFO - Processing /home/manisha/airflow_env/lib/python3.10/site-packages/airflow/example_dags/example_branch_operator.py took 0.301 seconds
[2024-06-18T11:09:41.527+0545] {processor.py:161} INFO - Started process (PID=5652) to work on /home/manisha/airflow_env/lib/python3.10/site-packages/airflow/example_dags/example_branch_operator.py
[2024-06-18T11:09:41.561+0545] {processor.py:830} INFO - Processing file /home/manisha/airflow_env/lib/python3.10/site-packages/airflow/example_dags/example_branch_operator.py for tasks to queue
[2024-06-18T11:09:41.567+0545] {logging_mixin.py:188} INFO - [2024-06-18T11:09:41.565+0545] {dagbag.py:545} INFO - Filling up the DagBag from /home/manisha/airflow_env/lib/python3.10/site-packages/airflow/example_dags/example_branch_operator.py
[2024-06-18T11:09:41.609+0545] {processor.py:840} INFO - DAG(s) 'example_branch_operator' retrieved from /home/manisha/airflow_env/lib/python3.10/site-packages/airflow/example_dags/example_branch_operator.py
[2024-06-18T11:09:41.633+0545] {logging_mixin.py:188} INFO - [2024-06-18T11:09:41.632+0545] {dag.py:3096} INFO - Sync 1 DAGs
[2024-06-18T11:09:41.650+0545] {logging_mixin.py:188} INFO - [2024-06-18T11:09:41.650+0545] {dag.py:3954} INFO - Setting next_dagrun for example_branch_operator to 2024-06-17 00:00:00+00:00, run_after=2024-06-18 00:00:00+00:00
[2024-06-18T11:09:41.724+0545] {processor.py:183} INFO - Processing /home/manisha/airflow_env/lib/python3.10/site-packages/airflow/example_dags/example_branch_operator.py took 0.203 seconds
[2024-06-18T11:44:02.496+0545] {processor.py:161} INFO - Started process (PID=8333) to work on /home/manisha/airflow_env/lib/python3.10/site-packages/airflow/example_dags/example_branch_operator.py
[2024-06-18T11:44:02.497+0545] {processor.py:830} INFO - Processing file /home/manisha/airflow_env/lib/python3.10/site-packages/airflow/example_dags/example_branch_operator.py for tasks to queue
[2024-06-18T11:44:02.498+0545] {logging_mixin.py:188} INFO - [2024-06-18T11:44:02.498+0545] {dagbag.py:545} INFO - Filling up the DagBag from /home/manisha/airflow_env/lib/python3.10/site-packages/airflow/example_dags/example_branch_operator.py
[2024-06-18T11:44:02.516+0545] {processor.py:840} INFO - DAG(s) 'example_branch_operator' retrieved from /home/manisha/airflow_env/lib/python3.10/site-packages/airflow/example_dags/example_branch_operator.py
[2024-06-18T11:44:02.530+0545] {logging_mixin.py:188} INFO - [2024-06-18T11:44:02.530+0545] {dag.py:3096} INFO - Sync 1 DAGs
[2024-06-18T11:44:02.550+0545] {logging_mixin.py:188} INFO - [2024-06-18T11:44:02.550+0545] {dag.py:3954} INFO - Setting next_dagrun for example_branch_operator to 2024-06-17 00:00:00+00:00, run_after=2024-06-18 00:00:00+00:00
[2024-06-18T11:44:02.653+0545] {processor.py:183} INFO - Processing /home/manisha/airflow_env/lib/python3.10/site-packages/airflow/example_dags/example_branch_operator.py took 0.162 seconds
[2024-06-18T11:44:36.626+0545] {processor.py:161} INFO - Started process (PID=8388) to work on /home/manisha/airflow_env/lib/python3.10/site-packages/airflow/example_dags/example_branch_operator.py
[2024-06-18T11:44:36.631+0545] {processor.py:830} INFO - Processing file /home/manisha/airflow_env/lib/python3.10/site-packages/airflow/example_dags/example_branch_operator.py for tasks to queue
[2024-06-18T11:44:36.632+0545] {logging_mixin.py:188} INFO - [2024-06-18T11:44:36.632+0545] {dagbag.py:545} INFO - Filling up the DagBag from /home/manisha/airflow_env/lib/python3.10/site-packages/airflow/example_dags/example_branch_operator.py
[2024-06-18T11:44:36.648+0545] {processor.py:840} INFO - DAG(s) 'example_branch_operator' retrieved from /home/manisha/airflow_env/lib/python3.10/site-packages/airflow/example_dags/example_branch_operator.py
[2024-06-18T11:44:36.854+0545] {logging_mixin.py:188} INFO - [2024-06-18T11:44:36.854+0545] {dag.py:3096} INFO - Sync 1 DAGs
[2024-06-18T11:44:36.875+0545] {logging_mixin.py:188} INFO - [2024-06-18T11:44:36.875+0545] {dag.py:3954} INFO - Setting next_dagrun for example_branch_operator to 2024-06-17 00:00:00+00:00, run_after=2024-06-18 00:00:00+00:00
[2024-06-18T11:44:37.039+0545] {processor.py:183} INFO - Processing /home/manisha/airflow_env/lib/python3.10/site-packages/airflow/example_dags/example_branch_operator.py took 0.421 seconds
[2024-06-18T11:45:07.918+0545] {processor.py:161} INFO - Started process (PID=8442) to work on /home/manisha/airflow_env/lib/python3.10/site-packages/airflow/example_dags/example_branch_operator.py
[2024-06-18T11:45:07.927+0545] {processor.py:830} INFO - Processing file /home/manisha/airflow_env/lib/python3.10/site-packages/airflow/example_dags/example_branch_operator.py for tasks to queue
[2024-06-18T11:45:07.928+0545] {logging_mixin.py:188} INFO - [2024-06-18T11:45:07.928+0545] {dagbag.py:545} INFO - Filling up the DagBag from /home/manisha/airflow_env/lib/python3.10/site-packages/airflow/example_dags/example_branch_operator.py
[2024-06-18T11:45:07.948+0545] {processor.py:840} INFO - DAG(s) 'example_branch_operator' retrieved from /home/manisha/airflow_env/lib/python3.10/site-packages/airflow/example_dags/example_branch_operator.py
[2024-06-18T11:45:07.979+0545] {logging_mixin.py:188} INFO - [2024-06-18T11:45:07.979+0545] {dag.py:3096} INFO - Sync 1 DAGs
[2024-06-18T11:45:07.999+0545] {logging_mixin.py:188} INFO - [2024-06-18T11:45:07.999+0545] {dag.py:3954} INFO - Setting next_dagrun for example_branch_operator to 2024-06-17 00:00:00+00:00, run_after=2024-06-18 00:00:00+00:00
[2024-06-18T11:45:08.071+0545] {processor.py:183} INFO - Processing /home/manisha/airflow_env/lib/python3.10/site-packages/airflow/example_dags/example_branch_operator.py took 0.159 seconds
[2024-06-18T11:45:38.749+0545] {processor.py:161} INFO - Started process (PID=8494) to work on /home/manisha/airflow_env/lib/python3.10/site-packages/airflow/example_dags/example_branch_operator.py
[2024-06-18T11:45:38.750+0545] {processor.py:830} INFO - Processing file /home/manisha/airflow_env/lib/python3.10/site-packages/airflow/example_dags/example_branch_operator.py for tasks to queue
[2024-06-18T11:45:38.752+0545] {logging_mixin.py:188} INFO - [2024-06-18T11:45:38.751+0545] {dagbag.py:545} INFO - Filling up the DagBag from /home/manisha/airflow_env/lib/python3.10/site-packages/airflow/example_dags/example_branch_operator.py
[2024-06-18T11:45:38.770+0545] {processor.py:840} INFO - DAG(s) 'example_branch_operator' retrieved from /home/manisha/airflow_env/lib/python3.10/site-packages/airflow/example_dags/example_branch_operator.py
[2024-06-18T11:45:38.804+0545] {logging_mixin.py:188} INFO - [2024-06-18T11:45:38.804+0545] {dag.py:3096} INFO - Sync 1 DAGs
[2024-06-18T11:45:38.825+0545] {logging_mixin.py:188} INFO - [2024-06-18T11:45:38.825+0545] {dag.py:3954} INFO - Setting next_dagrun for example_branch_operator to 2024-06-17 00:00:00+00:00, run_after=2024-06-18 00:00:00+00:00
[2024-06-18T11:45:38.979+0545] {processor.py:183} INFO - Processing /home/manisha/airflow_env/lib/python3.10/site-packages/airflow/example_dags/example_branch_operator.py took 0.237 seconds
[2024-06-18T11:46:09.518+0545] {processor.py:161} INFO - Started process (PID=8546) to work on /home/manisha/airflow_env/lib/python3.10/site-packages/airflow/example_dags/example_branch_operator.py
[2024-06-18T11:46:09.533+0545] {processor.py:830} INFO - Processing file /home/manisha/airflow_env/lib/python3.10/site-packages/airflow/example_dags/example_branch_operator.py for tasks to queue
[2024-06-18T11:46:09.535+0545] {logging_mixin.py:188} INFO - [2024-06-18T11:46:09.535+0545] {dagbag.py:545} INFO - Filling up the DagBag from /home/manisha/airflow_env/lib/python3.10/site-packages/airflow/example_dags/example_branch_operator.py
[2024-06-18T11:46:09.555+0545] {processor.py:840} INFO - DAG(s) 'example_branch_operator' retrieved from /home/manisha/airflow_env/lib/python3.10/site-packages/airflow/example_dags/example_branch_operator.py
[2024-06-18T11:46:09.587+0545] {logging_mixin.py:188} INFO - [2024-06-18T11:46:09.587+0545] {dag.py:3096} INFO - Sync 1 DAGs
[2024-06-18T11:46:09.607+0545] {logging_mixin.py:188} INFO - [2024-06-18T11:46:09.607+0545] {dag.py:3954} INFO - Setting next_dagrun for example_branch_operator to 2024-06-17 00:00:00+00:00, run_after=2024-06-18 00:00:00+00:00
[2024-06-18T11:46:09.733+0545] {processor.py:183} INFO - Processing /home/manisha/airflow_env/lib/python3.10/site-packages/airflow/example_dags/example_branch_operator.py took 0.221 seconds
[2024-06-18T11:46:39.939+0545] {processor.py:161} INFO - Started process (PID=8597) to work on /home/manisha/airflow_env/lib/python3.10/site-packages/airflow/example_dags/example_branch_operator.py
[2024-06-18T11:46:39.940+0545] {processor.py:830} INFO - Processing file /home/manisha/airflow_env/lib/python3.10/site-packages/airflow/example_dags/example_branch_operator.py for tasks to queue
[2024-06-18T11:46:39.942+0545] {logging_mixin.py:188} INFO - [2024-06-18T11:46:39.942+0545] {dagbag.py:545} INFO - Filling up the DagBag from /home/manisha/airflow_env/lib/python3.10/site-packages/airflow/example_dags/example_branch_operator.py
[2024-06-18T11:46:39.962+0545] {processor.py:840} INFO - DAG(s) 'example_branch_operator' retrieved from /home/manisha/airflow_env/lib/python3.10/site-packages/airflow/example_dags/example_branch_operator.py
[2024-06-18T11:46:39.994+0545] {logging_mixin.py:188} INFO - [2024-06-18T11:46:39.994+0545] {dag.py:3096} INFO - Sync 1 DAGs
[2024-06-18T11:46:40.014+0545] {logging_mixin.py:188} INFO - [2024-06-18T11:46:40.014+0545] {dag.py:3954} INFO - Setting next_dagrun for example_branch_operator to 2024-06-17 00:00:00+00:00, run_after=2024-06-18 00:00:00+00:00
[2024-06-18T11:46:40.098+0545] {processor.py:183} INFO - Processing /home/manisha/airflow_env/lib/python3.10/site-packages/airflow/example_dags/example_branch_operator.py took 0.168 seconds
[2024-06-18T11:47:10.741+0545] {processor.py:161} INFO - Started process (PID=8648) to work on /home/manisha/airflow_env/lib/python3.10/site-packages/airflow/example_dags/example_branch_operator.py
[2024-06-18T11:47:10.767+0545] {processor.py:830} INFO - Processing file /home/manisha/airflow_env/lib/python3.10/site-packages/airflow/example_dags/example_branch_operator.py for tasks to queue
[2024-06-18T11:47:10.769+0545] {logging_mixin.py:188} INFO - [2024-06-18T11:47:10.769+0545] {dagbag.py:545} INFO - Filling up the DagBag from /home/manisha/airflow_env/lib/python3.10/site-packages/airflow/example_dags/example_branch_operator.py
[2024-06-18T11:47:10.788+0545] {processor.py:840} INFO - DAG(s) 'example_branch_operator' retrieved from /home/manisha/airflow_env/lib/python3.10/site-packages/airflow/example_dags/example_branch_operator.py
[2024-06-18T11:47:10.820+0545] {logging_mixin.py:188} INFO - [2024-06-18T11:47:10.820+0545] {dag.py:3096} INFO - Sync 1 DAGs
[2024-06-18T11:47:10.840+0545] {logging_mixin.py:188} INFO - [2024-06-18T11:47:10.840+0545] {dag.py:3954} INFO - Setting next_dagrun for example_branch_operator to 2024-06-17 00:00:00+00:00, run_after=2024-06-18 00:00:00+00:00
[2024-06-18T11:47:10.921+0545] {processor.py:183} INFO - Processing /home/manisha/airflow_env/lib/python3.10/site-packages/airflow/example_dags/example_branch_operator.py took 0.187 seconds
[2024-06-18T11:47:41.025+0545] {processor.py:161} INFO - Started process (PID=8700) to work on /home/manisha/airflow_env/lib/python3.10/site-packages/airflow/example_dags/example_branch_operator.py
[2024-06-18T11:47:41.026+0545] {processor.py:830} INFO - Processing file /home/manisha/airflow_env/lib/python3.10/site-packages/airflow/example_dags/example_branch_operator.py for tasks to queue
[2024-06-18T11:47:41.027+0545] {logging_mixin.py:188} INFO - [2024-06-18T11:47:41.027+0545] {dagbag.py:545} INFO - Filling up the DagBag from /home/manisha/airflow_env/lib/python3.10/site-packages/airflow/example_dags/example_branch_operator.py
[2024-06-18T11:47:41.047+0545] {processor.py:840} INFO - DAG(s) 'example_branch_operator' retrieved from /home/manisha/airflow_env/lib/python3.10/site-packages/airflow/example_dags/example_branch_operator.py
[2024-06-18T11:47:41.081+0545] {logging_mixin.py:188} INFO - [2024-06-18T11:47:41.081+0545] {dag.py:3096} INFO - Sync 1 DAGs
[2024-06-18T11:47:41.102+0545] {logging_mixin.py:188} INFO - [2024-06-18T11:47:41.102+0545] {dag.py:3954} INFO - Setting next_dagrun for example_branch_operator to 2024-06-17 00:00:00+00:00, run_after=2024-06-18 00:00:00+00:00
[2024-06-18T11:47:41.184+0545] {processor.py:183} INFO - Processing /home/manisha/airflow_env/lib/python3.10/site-packages/airflow/example_dags/example_branch_operator.py took 0.166 seconds
[2024-06-18T11:48:32.372+0545] {processor.py:161} INFO - Started process (PID=8781) to work on /home/manisha/airflow_env/lib/python3.10/site-packages/airflow/example_dags/example_branch_operator.py
[2024-06-18T11:48:32.401+0545] {processor.py:830} INFO - Processing file /home/manisha/airflow_env/lib/python3.10/site-packages/airflow/example_dags/example_branch_operator.py for tasks to queue
[2024-06-18T11:48:32.402+0545] {logging_mixin.py:188} INFO - [2024-06-18T11:48:32.402+0545] {dagbag.py:545} INFO - Filling up the DagBag from /home/manisha/airflow_env/lib/python3.10/site-packages/airflow/example_dags/example_branch_operator.py
[2024-06-18T11:48:32.420+0545] {processor.py:840} INFO - DAG(s) 'example_branch_operator' retrieved from /home/manisha/airflow_env/lib/python3.10/site-packages/airflow/example_dags/example_branch_operator.py
[2024-06-18T11:48:32.438+0545] {logging_mixin.py:188} INFO - [2024-06-18T11:48:32.438+0545] {dag.py:3096} INFO - Sync 1 DAGs
[2024-06-18T11:48:32.459+0545] {logging_mixin.py:188} INFO - [2024-06-18T11:48:32.459+0545] {dag.py:3954} INFO - Setting next_dagrun for example_branch_operator to 2024-06-17 00:00:00+00:00, run_after=2024-06-18 00:00:00+00:00
[2024-06-18T11:48:32.523+0545] {processor.py:183} INFO - Processing /home/manisha/airflow_env/lib/python3.10/site-packages/airflow/example_dags/example_branch_operator.py took 0.156 seconds
[2024-06-18T11:49:08.446+0545] {processor.py:161} INFO - Started process (PID=8897) to work on /home/manisha/airflow_env/lib/python3.10/site-packages/airflow/example_dags/example_branch_operator.py
[2024-06-18T11:49:08.450+0545] {processor.py:830} INFO - Processing file /home/manisha/airflow_env/lib/python3.10/site-packages/airflow/example_dags/example_branch_operator.py for tasks to queue
[2024-06-18T11:49:08.455+0545] {logging_mixin.py:188} INFO - [2024-06-18T11:49:08.454+0545] {dagbag.py:545} INFO - Filling up the DagBag from /home/manisha/airflow_env/lib/python3.10/site-packages/airflow/example_dags/example_branch_operator.py
[2024-06-18T11:49:08.502+0545] {processor.py:840} INFO - DAG(s) 'example_branch_operator' retrieved from /home/manisha/airflow_env/lib/python3.10/site-packages/airflow/example_dags/example_branch_operator.py
[2024-06-18T11:49:09.021+0545] {logging_mixin.py:188} INFO - [2024-06-18T11:49:09.020+0545] {dag.py:3096} INFO - Sync 1 DAGs
[2024-06-18T11:49:09.071+0545] {logging_mixin.py:188} INFO - [2024-06-18T11:49:09.070+0545] {dag.py:3954} INFO - Setting next_dagrun for example_branch_operator to 2024-06-17 00:00:00+00:00, run_after=2024-06-18 00:00:00+00:00
[2024-06-18T11:49:09.286+0545] {processor.py:183} INFO - Processing /home/manisha/airflow_env/lib/python3.10/site-packages/airflow/example_dags/example_branch_operator.py took 0.854 seconds
[2024-06-18T11:49:39.811+0545] {processor.py:161} INFO - Started process (PID=8961) to work on /home/manisha/airflow_env/lib/python3.10/site-packages/airflow/example_dags/example_branch_operator.py
[2024-06-18T11:49:39.850+0545] {processor.py:830} INFO - Processing file /home/manisha/airflow_env/lib/python3.10/site-packages/airflow/example_dags/example_branch_operator.py for tasks to queue
[2024-06-18T11:49:39.856+0545] {logging_mixin.py:188} INFO - [2024-06-18T11:49:39.855+0545] {dagbag.py:545} INFO - Filling up the DagBag from /home/manisha/airflow_env/lib/python3.10/site-packages/airflow/example_dags/example_branch_operator.py
[2024-06-18T11:49:39.894+0545] {processor.py:840} INFO - DAG(s) 'example_branch_operator' retrieved from /home/manisha/airflow_env/lib/python3.10/site-packages/airflow/example_dags/example_branch_operator.py
[2024-06-18T11:49:39.946+0545] {logging_mixin.py:188} INFO - [2024-06-18T11:49:39.946+0545] {dag.py:3096} INFO - Sync 1 DAGs
[2024-06-18T11:49:39.984+0545] {logging_mixin.py:188} INFO - [2024-06-18T11:49:39.984+0545] {dag.py:3954} INFO - Setting next_dagrun for example_branch_operator to 2024-06-17 00:00:00+00:00, run_after=2024-06-18 00:00:00+00:00
[2024-06-18T11:49:40.172+0545] {processor.py:183} INFO - Processing /home/manisha/airflow_env/lib/python3.10/site-packages/airflow/example_dags/example_branch_operator.py took 0.371 seconds
[2024-06-18T11:50:10.539+0545] {processor.py:161} INFO - Started process (PID=9016) to work on /home/manisha/airflow_env/lib/python3.10/site-packages/airflow/example_dags/example_branch_operator.py
[2024-06-18T11:50:10.540+0545] {processor.py:830} INFO - Processing file /home/manisha/airflow_env/lib/python3.10/site-packages/airflow/example_dags/example_branch_operator.py for tasks to queue
[2024-06-18T11:50:10.541+0545] {logging_mixin.py:188} INFO - [2024-06-18T11:50:10.541+0545] {dagbag.py:545} INFO - Filling up the DagBag from /home/manisha/airflow_env/lib/python3.10/site-packages/airflow/example_dags/example_branch_operator.py
[2024-06-18T11:50:10.561+0545] {processor.py:840} INFO - DAG(s) 'example_branch_operator' retrieved from /home/manisha/airflow_env/lib/python3.10/site-packages/airflow/example_dags/example_branch_operator.py
[2024-06-18T11:50:10.594+0545] {logging_mixin.py:188} INFO - [2024-06-18T11:50:10.594+0545] {dag.py:3096} INFO - Sync 1 DAGs
[2024-06-18T11:50:10.615+0545] {logging_mixin.py:188} INFO - [2024-06-18T11:50:10.615+0545] {dag.py:3954} INFO - Setting next_dagrun for example_branch_operator to 2024-06-17 00:00:00+00:00, run_after=2024-06-18 00:00:00+00:00
[2024-06-18T11:50:10.841+0545] {processor.py:183} INFO - Processing /home/manisha/airflow_env/lib/python3.10/site-packages/airflow/example_dags/example_branch_operator.py took 0.309 seconds
[2024-06-18T11:50:40.931+0545] {processor.py:161} INFO - Started process (PID=9075) to work on /home/manisha/airflow_env/lib/python3.10/site-packages/airflow/example_dags/example_branch_operator.py
[2024-06-18T11:50:40.976+0545] {processor.py:830} INFO - Processing file /home/manisha/airflow_env/lib/python3.10/site-packages/airflow/example_dags/example_branch_operator.py for tasks to queue
[2024-06-18T11:50:40.980+0545] {logging_mixin.py:188} INFO - [2024-06-18T11:50:40.979+0545] {dagbag.py:545} INFO - Filling up the DagBag from /home/manisha/airflow_env/lib/python3.10/site-packages/airflow/example_dags/example_branch_operator.py
[2024-06-18T11:50:41.020+0545] {processor.py:840} INFO - DAG(s) 'example_branch_operator' retrieved from /home/manisha/airflow_env/lib/python3.10/site-packages/airflow/example_dags/example_branch_operator.py
[2024-06-18T11:50:41.062+0545] {logging_mixin.py:188} INFO - [2024-06-18T11:50:41.061+0545] {dag.py:3096} INFO - Sync 1 DAGs
[2024-06-18T11:50:41.108+0545] {logging_mixin.py:188} INFO - [2024-06-18T11:50:41.107+0545] {dag.py:3954} INFO - Setting next_dagrun for example_branch_operator to 2024-06-17 00:00:00+00:00, run_after=2024-06-18 00:00:00+00:00
[2024-06-18T11:50:41.247+0545] {processor.py:183} INFO - Processing /home/manisha/airflow_env/lib/python3.10/site-packages/airflow/example_dags/example_branch_operator.py took 0.329 seconds
[2024-06-18T11:51:00.843+0545] {processor.py:161} INFO - Started process (PID=9447) to work on /home/manisha/airflow_env/lib/python3.10/site-packages/airflow/example_dags/example_branch_operator.py
[2024-06-18T11:51:00.845+0545] {processor.py:830} INFO - Processing file /home/manisha/airflow_env/lib/python3.10/site-packages/airflow/example_dags/example_branch_operator.py for tasks to queue
[2024-06-18T11:51:00.848+0545] {logging_mixin.py:188} INFO - [2024-06-18T11:51:00.848+0545] {dagbag.py:545} INFO - Filling up the DagBag from /home/manisha/airflow_env/lib/python3.10/site-packages/airflow/example_dags/example_branch_operator.py
[2024-06-18T11:51:00.871+0545] {processor.py:840} INFO - DAG(s) 'example_branch_operator' retrieved from /home/manisha/airflow_env/lib/python3.10/site-packages/airflow/example_dags/example_branch_operator.py
[2024-06-18T11:51:00.890+0545] {logging_mixin.py:188} INFO - [2024-06-18T11:51:00.890+0545] {dag.py:3096} INFO - Sync 1 DAGs
[2024-06-18T11:51:00.922+0545] {logging_mixin.py:188} INFO - [2024-06-18T11:51:00.921+0545] {dag.py:3954} INFO - Setting next_dagrun for example_branch_operator to 2024-06-17 00:00:00+00:00, run_after=2024-06-18 00:00:00+00:00
[2024-06-18T11:51:01.102+0545] {processor.py:183} INFO - Processing /home/manisha/airflow_env/lib/python3.10/site-packages/airflow/example_dags/example_branch_operator.py took 0.268 seconds
[2024-06-18T11:51:35.518+0545] {processor.py:161} INFO - Started process (PID=9714) to work on /home/manisha/airflow_env/lib/python3.10/site-packages/airflow/example_dags/example_branch_operator.py
[2024-06-18T11:51:35.546+0545] {processor.py:830} INFO - Processing file /home/manisha/airflow_env/lib/python3.10/site-packages/airflow/example_dags/example_branch_operator.py for tasks to queue
[2024-06-18T11:51:35.547+0545] {logging_mixin.py:188} INFO - [2024-06-18T11:51:35.547+0545] {dagbag.py:545} INFO - Filling up the DagBag from /home/manisha/airflow_env/lib/python3.10/site-packages/airflow/example_dags/example_branch_operator.py
[2024-06-18T11:51:35.568+0545] {processor.py:840} INFO - DAG(s) 'example_branch_operator' retrieved from /home/manisha/airflow_env/lib/python3.10/site-packages/airflow/example_dags/example_branch_operator.py
[2024-06-18T11:51:35.767+0545] {logging_mixin.py:188} INFO - [2024-06-18T11:51:35.767+0545] {dag.py:3096} INFO - Sync 1 DAGs
[2024-06-18T11:51:35.783+0545] {logging_mixin.py:188} INFO - [2024-06-18T11:51:35.782+0545] {dag.py:3954} INFO - Setting next_dagrun for example_branch_operator to 2024-06-17 00:00:00+00:00, run_after=2024-06-18 00:00:00+00:00
[2024-06-18T11:51:35.990+0545] {processor.py:183} INFO - Processing /home/manisha/airflow_env/lib/python3.10/site-packages/airflow/example_dags/example_branch_operator.py took 0.478 seconds
