[2024-06-18T10:56:45.352+0545] {processor.py:161} INFO - Started process (PID=4025) to work on /home/manisha/airflow_env/lib/python3.10/site-packages/airflow/example_dags/example_task_group_decorator.py
[2024-06-18T10:56:45.353+0545] {processor.py:830} INFO - Processing file /home/manisha/airflow_env/lib/python3.10/site-packages/airflow/example_dags/example_task_group_decorator.py for tasks to queue
[2024-06-18T10:56:45.354+0545] {logging_mixin.py:188} INFO - [2024-06-18T10:56:45.354+0545] {dagbag.py:545} INFO - Filling up the DagBag from /home/manisha/airflow_env/lib/python3.10/site-packages/airflow/example_dags/example_task_group_decorator.py
[2024-06-18T10:56:45.374+0545] {processor.py:840} INFO - DAG(s) 'example_task_group_decorator' retrieved from /home/manisha/airflow_env/lib/python3.10/site-packages/airflow/example_dags/example_task_group_decorator.py
[2024-06-18T10:56:45.613+0545] {logging_mixin.py:188} INFO - [2024-06-18T10:56:45.611+0545] {override.py:1829} INFO - Created Permission View: can edit on DAG:example_task_group_decorator
[2024-06-18T10:56:45.691+0545] {logging_mixin.py:188} INFO - [2024-06-18T10:56:45.689+0545] {override.py:1829} INFO - Created Permission View: can read on DAG:example_task_group_decorator
[2024-06-18T10:56:45.759+0545] {logging_mixin.py:188} INFO - [2024-06-18T10:56:45.757+0545] {override.py:1829} INFO - Created Permission View: can delete on DAG:example_task_group_decorator
[2024-06-18T10:56:45.761+0545] {logging_mixin.py:188} INFO - [2024-06-18T10:56:45.760+0545] {dag.py:3096} INFO - Sync 1 DAGs
[2024-06-18T10:56:45.796+0545] {logging_mixin.py:188} INFO - [2024-06-18T10:56:45.795+0545] {dag.py:3118} INFO - Creating ORM DAG for example_task_group_decorator
[2024-06-18T10:56:45.808+0545] {logging_mixin.py:188} INFO - [2024-06-18T10:56:45.808+0545] {dag.py:3954} INFO - Setting next_dagrun for example_task_group_decorator to 2024-06-17 00:00:00+00:00, run_after=2024-06-18 00:00:00+00:00
[2024-06-18T10:56:45.913+0545] {processor.py:183} INFO - Processing /home/manisha/airflow_env/lib/python3.10/site-packages/airflow/example_dags/example_task_group_decorator.py took 0.567 seconds
[2024-06-18T10:58:08.371+0545] {processor.py:161} INFO - Started process (PID=4125) to work on /home/manisha/airflow_env/lib/python3.10/site-packages/airflow/example_dags/example_task_group_decorator.py
[2024-06-18T10:58:08.402+0545] {processor.py:830} INFO - Processing file /home/manisha/airflow_env/lib/python3.10/site-packages/airflow/example_dags/example_task_group_decorator.py for tasks to queue
[2024-06-18T10:58:08.406+0545] {logging_mixin.py:188} INFO - [2024-06-18T10:58:08.405+0545] {dagbag.py:545} INFO - Filling up the DagBag from /home/manisha/airflow_env/lib/python3.10/site-packages/airflow/example_dags/example_task_group_decorator.py
[2024-06-18T10:58:08.446+0545] {processor.py:840} INFO - DAG(s) 'example_task_group_decorator' retrieved from /home/manisha/airflow_env/lib/python3.10/site-packages/airflow/example_dags/example_task_group_decorator.py
[2024-06-18T10:58:08.466+0545] {logging_mixin.py:188} INFO - [2024-06-18T10:58:08.466+0545] {dag.py:3096} INFO - Sync 1 DAGs
[2024-06-18T10:58:08.481+0545] {logging_mixin.py:188} INFO - [2024-06-18T10:58:08.481+0545] {dag.py:3954} INFO - Setting next_dagrun for example_task_group_decorator to 2024-06-17 00:00:00+00:00, run_after=2024-06-18 00:00:00+00:00
[2024-06-18T10:58:08.540+0545] {processor.py:183} INFO - Processing /home/manisha/airflow_env/lib/python3.10/site-packages/airflow/example_dags/example_task_group_decorator.py took 0.176 seconds
[2024-06-18T10:58:47.999+0545] {processor.py:161} INFO - Started process (PID=4175) to work on /home/manisha/airflow_env/lib/python3.10/site-packages/airflow/example_dags/example_task_group_decorator.py
[2024-06-18T10:58:48.001+0545] {processor.py:830} INFO - Processing file /home/manisha/airflow_env/lib/python3.10/site-packages/airflow/example_dags/example_task_group_decorator.py for tasks to queue
[2024-06-18T10:58:48.002+0545] {logging_mixin.py:188} INFO - [2024-06-18T10:58:48.002+0545] {dagbag.py:545} INFO - Filling up the DagBag from /home/manisha/airflow_env/lib/python3.10/site-packages/airflow/example_dags/example_task_group_decorator.py
[2024-06-18T10:58:48.021+0545] {processor.py:840} INFO - DAG(s) 'example_task_group_decorator' retrieved from /home/manisha/airflow_env/lib/python3.10/site-packages/airflow/example_dags/example_task_group_decorator.py
[2024-06-18T10:58:48.041+0545] {logging_mixin.py:188} INFO - [2024-06-18T10:58:48.041+0545] {dag.py:3096} INFO - Sync 1 DAGs
[2024-06-18T10:58:48.057+0545] {logging_mixin.py:188} INFO - [2024-06-18T10:58:48.057+0545] {dag.py:3954} INFO - Setting next_dagrun for example_task_group_decorator to 2024-06-17 00:00:00+00:00, run_after=2024-06-18 00:00:00+00:00
[2024-06-18T10:58:48.205+0545] {processor.py:183} INFO - Processing /home/manisha/airflow_env/lib/python3.10/site-packages/airflow/example_dags/example_task_group_decorator.py took 0.212 seconds
[2024-06-18T10:59:52.425+0545] {processor.py:161} INFO - Started process (PID=4228) to work on /home/manisha/airflow_env/lib/python3.10/site-packages/airflow/example_dags/example_task_group_decorator.py
[2024-06-18T10:59:52.465+0545] {processor.py:830} INFO - Processing file /home/manisha/airflow_env/lib/python3.10/site-packages/airflow/example_dags/example_task_group_decorator.py for tasks to queue
[2024-06-18T10:59:52.469+0545] {logging_mixin.py:188} INFO - [2024-06-18T10:59:52.468+0545] {dagbag.py:545} INFO - Filling up the DagBag from /home/manisha/airflow_env/lib/python3.10/site-packages/airflow/example_dags/example_task_group_decorator.py
[2024-06-18T10:59:52.510+0545] {processor.py:840} INFO - DAG(s) 'example_task_group_decorator' retrieved from /home/manisha/airflow_env/lib/python3.10/site-packages/airflow/example_dags/example_task_group_decorator.py
[2024-06-18T10:59:52.531+0545] {logging_mixin.py:188} INFO - [2024-06-18T10:59:52.530+0545] {dag.py:3096} INFO - Sync 1 DAGs
[2024-06-18T10:59:52.626+0545] {logging_mixin.py:188} INFO - [2024-06-18T10:59:52.626+0545] {dag.py:3954} INFO - Setting next_dagrun for example_task_group_decorator to 2024-06-17 00:00:00+00:00, run_after=2024-06-18 00:00:00+00:00
[2024-06-18T10:59:52.854+0545] {processor.py:183} INFO - Processing /home/manisha/airflow_env/lib/python3.10/site-packages/airflow/example_dags/example_task_group_decorator.py took 0.436 seconds
[2024-06-18T11:00:54.272+0545] {processor.py:161} INFO - Started process (PID=4371) to work on /home/manisha/airflow_env/lib/python3.10/site-packages/airflow/example_dags/example_task_group_decorator.py
[2024-06-18T11:00:54.303+0545] {processor.py:830} INFO - Processing file /home/manisha/airflow_env/lib/python3.10/site-packages/airflow/example_dags/example_task_group_decorator.py for tasks to queue
[2024-06-18T11:00:54.308+0545] {logging_mixin.py:188} INFO - [2024-06-18T11:00:54.307+0545] {dagbag.py:545} INFO - Filling up the DagBag from /home/manisha/airflow_env/lib/python3.10/site-packages/airflow/example_dags/example_task_group_decorator.py
[2024-06-18T11:00:54.348+0545] {processor.py:840} INFO - DAG(s) 'example_task_group_decorator' retrieved from /home/manisha/airflow_env/lib/python3.10/site-packages/airflow/example_dags/example_task_group_decorator.py
[2024-06-18T11:00:54.368+0545] {logging_mixin.py:188} INFO - [2024-06-18T11:00:54.367+0545] {dag.py:3096} INFO - Sync 1 DAGs
[2024-06-18T11:00:54.383+0545] {logging_mixin.py:188} INFO - [2024-06-18T11:00:54.383+0545] {dag.py:3954} INFO - Setting next_dagrun for example_task_group_decorator to 2024-06-17 00:00:00+00:00, run_after=2024-06-18 00:00:00+00:00
[2024-06-18T11:00:54.499+0545] {processor.py:183} INFO - Processing /home/manisha/airflow_env/lib/python3.10/site-packages/airflow/example_dags/example_task_group_decorator.py took 0.233 seconds
[2024-06-18T11:01:56.011+0545] {processor.py:161} INFO - Started process (PID=4423) to work on /home/manisha/airflow_env/lib/python3.10/site-packages/airflow/example_dags/example_task_group_decorator.py
[2024-06-18T11:01:56.047+0545] {processor.py:830} INFO - Processing file /home/manisha/airflow_env/lib/python3.10/site-packages/airflow/example_dags/example_task_group_decorator.py for tasks to queue
[2024-06-18T11:01:56.053+0545] {logging_mixin.py:188} INFO - [2024-06-18T11:01:56.051+0545] {dagbag.py:545} INFO - Filling up the DagBag from /home/manisha/airflow_env/lib/python3.10/site-packages/airflow/example_dags/example_task_group_decorator.py
[2024-06-18T11:01:56.094+0545] {processor.py:840} INFO - DAG(s) 'example_task_group_decorator' retrieved from /home/manisha/airflow_env/lib/python3.10/site-packages/airflow/example_dags/example_task_group_decorator.py
[2024-06-18T11:01:56.114+0545] {logging_mixin.py:188} INFO - [2024-06-18T11:01:56.114+0545] {dag.py:3096} INFO - Sync 1 DAGs
[2024-06-18T11:01:56.130+0545] {logging_mixin.py:188} INFO - [2024-06-18T11:01:56.130+0545] {dag.py:3954} INFO - Setting next_dagrun for example_task_group_decorator to 2024-06-17 00:00:00+00:00, run_after=2024-06-18 00:00:00+00:00
[2024-06-18T11:01:56.249+0545] {processor.py:183} INFO - Processing /home/manisha/airflow_env/lib/python3.10/site-packages/airflow/example_dags/example_task_group_decorator.py took 0.244 seconds
[2024-06-18T11:02:53.879+0545] {processor.py:161} INFO - Started process (PID=4474) to work on /home/manisha/airflow_env/lib/python3.10/site-packages/airflow/example_dags/example_task_group_decorator.py
[2024-06-18T11:02:53.880+0545] {processor.py:830} INFO - Processing file /home/manisha/airflow_env/lib/python3.10/site-packages/airflow/example_dags/example_task_group_decorator.py for tasks to queue
[2024-06-18T11:02:53.882+0545] {logging_mixin.py:188} INFO - [2024-06-18T11:02:53.881+0545] {dagbag.py:545} INFO - Filling up the DagBag from /home/manisha/airflow_env/lib/python3.10/site-packages/airflow/example_dags/example_task_group_decorator.py
[2024-06-18T11:02:53.900+0545] {processor.py:840} INFO - DAG(s) 'example_task_group_decorator' retrieved from /home/manisha/airflow_env/lib/python3.10/site-packages/airflow/example_dags/example_task_group_decorator.py
[2024-06-18T11:02:53.920+0545] {logging_mixin.py:188} INFO - [2024-06-18T11:02:53.920+0545] {dag.py:3096} INFO - Sync 1 DAGs
[2024-06-18T11:02:53.936+0545] {logging_mixin.py:188} INFO - [2024-06-18T11:02:53.936+0545] {dag.py:3954} INFO - Setting next_dagrun for example_task_group_decorator to 2024-06-17 00:00:00+00:00, run_after=2024-06-18 00:00:00+00:00
[2024-06-18T11:02:54.040+0545] {processor.py:183} INFO - Processing /home/manisha/airflow_env/lib/python3.10/site-packages/airflow/example_dags/example_task_group_decorator.py took 0.168 seconds
[2024-06-18T11:03:51.665+0545] {processor.py:161} INFO - Started process (PID=4527) to work on /home/manisha/airflow_env/lib/python3.10/site-packages/airflow/example_dags/example_task_group_decorator.py
[2024-06-18T11:03:51.667+0545] {processor.py:830} INFO - Processing file /home/manisha/airflow_env/lib/python3.10/site-packages/airflow/example_dags/example_task_group_decorator.py for tasks to queue
[2024-06-18T11:03:51.668+0545] {logging_mixin.py:188} INFO - [2024-06-18T11:03:51.668+0545] {dagbag.py:545} INFO - Filling up the DagBag from /home/manisha/airflow_env/lib/python3.10/site-packages/airflow/example_dags/example_task_group_decorator.py
[2024-06-18T11:03:51.688+0545] {processor.py:840} INFO - DAG(s) 'example_task_group_decorator' retrieved from /home/manisha/airflow_env/lib/python3.10/site-packages/airflow/example_dags/example_task_group_decorator.py
[2024-06-18T11:03:51.708+0545] {logging_mixin.py:188} INFO - [2024-06-18T11:03:51.708+0545] {dag.py:3096} INFO - Sync 1 DAGs
[2024-06-18T11:03:51.724+0545] {logging_mixin.py:188} INFO - [2024-06-18T11:03:51.724+0545] {dag.py:3954} INFO - Setting next_dagrun for example_task_group_decorator to 2024-06-17 00:00:00+00:00, run_after=2024-06-18 00:00:00+00:00
[2024-06-18T11:03:51.854+0545] {processor.py:183} INFO - Processing /home/manisha/airflow_env/lib/python3.10/site-packages/airflow/example_dags/example_task_group_decorator.py took 0.195 seconds
[2024-06-18T11:05:16.613+0545] {processor.py:161} INFO - Started process (PID=4660) to work on /home/manisha/airflow_env/lib/python3.10/site-packages/airflow/example_dags/example_task_group_decorator.py
[2024-06-18T11:05:16.614+0545] {processor.py:830} INFO - Processing file /home/manisha/airflow_env/lib/python3.10/site-packages/airflow/example_dags/example_task_group_decorator.py for tasks to queue
[2024-06-18T11:05:16.616+0545] {logging_mixin.py:188} INFO - [2024-06-18T11:05:16.616+0545] {dagbag.py:545} INFO - Filling up the DagBag from /home/manisha/airflow_env/lib/python3.10/site-packages/airflow/example_dags/example_task_group_decorator.py
[2024-06-18T11:05:16.634+0545] {processor.py:840} INFO - DAG(s) 'example_task_group_decorator' retrieved from /home/manisha/airflow_env/lib/python3.10/site-packages/airflow/example_dags/example_task_group_decorator.py
[2024-06-18T11:05:16.656+0545] {logging_mixin.py:188} INFO - [2024-06-18T11:05:16.656+0545] {dag.py:3096} INFO - Sync 1 DAGs
[2024-06-18T11:05:16.676+0545] {logging_mixin.py:188} INFO - [2024-06-18T11:05:16.675+0545] {dag.py:3954} INFO - Setting next_dagrun for example_task_group_decorator to 2024-06-17 00:00:00+00:00, run_after=2024-06-18 00:00:00+00:00
[2024-06-18T11:05:16.808+0545] {processor.py:183} INFO - Processing /home/manisha/airflow_env/lib/python3.10/site-packages/airflow/example_dags/example_task_group_decorator.py took 0.200 seconds
[2024-06-18T11:06:02.133+0545] {processor.py:161} INFO - Started process (PID=4769) to work on /home/manisha/airflow_env/lib/python3.10/site-packages/airflow/example_dags/example_task_group_decorator.py
[2024-06-18T11:06:02.134+0545] {processor.py:830} INFO - Processing file /home/manisha/airflow_env/lib/python3.10/site-packages/airflow/example_dags/example_task_group_decorator.py for tasks to queue
[2024-06-18T11:06:02.136+0545] {logging_mixin.py:188} INFO - [2024-06-18T11:06:02.135+0545] {dagbag.py:545} INFO - Filling up the DagBag from /home/manisha/airflow_env/lib/python3.10/site-packages/airflow/example_dags/example_task_group_decorator.py
[2024-06-18T11:06:02.151+0545] {processor.py:840} INFO - DAG(s) 'example_task_group_decorator' retrieved from /home/manisha/airflow_env/lib/python3.10/site-packages/airflow/example_dags/example_task_group_decorator.py
[2024-06-18T11:06:02.172+0545] {logging_mixin.py:188} INFO - [2024-06-18T11:06:02.172+0545] {dag.py:3096} INFO - Sync 1 DAGs
[2024-06-18T11:06:02.189+0545] {logging_mixin.py:188} INFO - [2024-06-18T11:06:02.189+0545] {dag.py:3954} INFO - Setting next_dagrun for example_task_group_decorator to 2024-06-17 00:00:00+00:00, run_after=2024-06-18 00:00:00+00:00
[2024-06-18T11:06:02.274+0545] {processor.py:183} INFO - Processing /home/manisha/airflow_env/lib/python3.10/site-packages/airflow/example_dags/example_task_group_decorator.py took 0.147 seconds
[2024-06-18T11:07:03.870+0545] {processor.py:161} INFO - Started process (PID=4917) to work on /home/manisha/airflow_env/lib/python3.10/site-packages/airflow/example_dags/example_task_group_decorator.py
[2024-06-18T11:07:03.871+0545] {processor.py:830} INFO - Processing file /home/manisha/airflow_env/lib/python3.10/site-packages/airflow/example_dags/example_task_group_decorator.py for tasks to queue
[2024-06-18T11:07:03.873+0545] {logging_mixin.py:188} INFO - [2024-06-18T11:07:03.872+0545] {dagbag.py:545} INFO - Filling up the DagBag from /home/manisha/airflow_env/lib/python3.10/site-packages/airflow/example_dags/example_task_group_decorator.py
[2024-06-18T11:07:03.892+0545] {processor.py:840} INFO - DAG(s) 'example_task_group_decorator' retrieved from /home/manisha/airflow_env/lib/python3.10/site-packages/airflow/example_dags/example_task_group_decorator.py
[2024-06-18T11:07:03.913+0545] {logging_mixin.py:188} INFO - [2024-06-18T11:07:03.912+0545] {dag.py:3096} INFO - Sync 1 DAGs
[2024-06-18T11:07:03.929+0545] {logging_mixin.py:188} INFO - [2024-06-18T11:07:03.928+0545] {dag.py:3954} INFO - Setting next_dagrun for example_task_group_decorator to 2024-06-17 00:00:00+00:00, run_after=2024-06-18 00:00:00+00:00
[2024-06-18T11:07:04.024+0545] {processor.py:183} INFO - Processing /home/manisha/airflow_env/lib/python3.10/site-packages/airflow/example_dags/example_task_group_decorator.py took 0.160 seconds
[2024-06-18T11:07:58.802+0545] {processor.py:161} INFO - Started process (PID=4969) to work on /home/manisha/airflow_env/lib/python3.10/site-packages/airflow/example_dags/example_task_group_decorator.py
[2024-06-18T11:07:58.803+0545] {processor.py:830} INFO - Processing file /home/manisha/airflow_env/lib/python3.10/site-packages/airflow/example_dags/example_task_group_decorator.py for tasks to queue
[2024-06-18T11:07:58.805+0545] {logging_mixin.py:188} INFO - [2024-06-18T11:07:58.805+0545] {dagbag.py:545} INFO - Filling up the DagBag from /home/manisha/airflow_env/lib/python3.10/site-packages/airflow/example_dags/example_task_group_decorator.py
[2024-06-18T11:07:58.827+0545] {processor.py:840} INFO - DAG(s) 'example_task_group_decorator' retrieved from /home/manisha/airflow_env/lib/python3.10/site-packages/airflow/example_dags/example_task_group_decorator.py
[2024-06-18T11:07:58.848+0545] {logging_mixin.py:188} INFO - [2024-06-18T11:07:58.848+0545] {dag.py:3096} INFO - Sync 1 DAGs
[2024-06-18T11:07:58.864+0545] {logging_mixin.py:188} INFO - [2024-06-18T11:07:58.864+0545] {dag.py:3954} INFO - Setting next_dagrun for example_task_group_decorator to 2024-06-17 00:00:00+00:00, run_after=2024-06-18 00:00:00+00:00
[2024-06-18T11:07:58.971+0545] {processor.py:183} INFO - Processing /home/manisha/airflow_env/lib/python3.10/site-packages/airflow/example_dags/example_task_group_decorator.py took 0.176 seconds
[2024-06-18T11:09:01.151+0545] {processor.py:161} INFO - Started process (PID=5614) to work on /home/manisha/airflow_env/lib/python3.10/site-packages/airflow/example_dags/example_task_group_decorator.py
[2024-06-18T11:09:01.153+0545] {processor.py:830} INFO - Processing file /home/manisha/airflow_env/lib/python3.10/site-packages/airflow/example_dags/example_task_group_decorator.py for tasks to queue
[2024-06-18T11:09:01.157+0545] {logging_mixin.py:188} INFO - [2024-06-18T11:09:01.156+0545] {dagbag.py:545} INFO - Filling up the DagBag from /home/manisha/airflow_env/lib/python3.10/site-packages/airflow/example_dags/example_task_group_decorator.py
[2024-06-18T11:09:01.179+0545] {processor.py:840} INFO - DAG(s) 'example_task_group_decorator' retrieved from /home/manisha/airflow_env/lib/python3.10/site-packages/airflow/example_dags/example_task_group_decorator.py
[2024-06-18T11:09:01.202+0545] {logging_mixin.py:188} INFO - [2024-06-18T11:09:01.201+0545] {dag.py:3096} INFO - Sync 1 DAGs
[2024-06-18T11:09:01.226+0545] {logging_mixin.py:188} INFO - [2024-06-18T11:09:01.226+0545] {dag.py:3954} INFO - Setting next_dagrun for example_task_group_decorator to 2024-06-17 00:00:00+00:00, run_after=2024-06-18 00:00:00+00:00
[2024-06-18T11:09:01.303+0545] {processor.py:183} INFO - Processing /home/manisha/airflow_env/lib/python3.10/site-packages/airflow/example_dags/example_task_group_decorator.py took 0.170 seconds
[2024-06-18T11:10:01.483+0545] {processor.py:161} INFO - Started process (PID=5673) to work on /home/manisha/airflow_env/lib/python3.10/site-packages/airflow/example_dags/example_task_group_decorator.py
[2024-06-18T11:10:01.486+0545] {processor.py:830} INFO - Processing file /home/manisha/airflow_env/lib/python3.10/site-packages/airflow/example_dags/example_task_group_decorator.py for tasks to queue
[2024-06-18T11:10:01.489+0545] {logging_mixin.py:188} INFO - [2024-06-18T11:10:01.488+0545] {dagbag.py:545} INFO - Filling up the DagBag from /home/manisha/airflow_env/lib/python3.10/site-packages/airflow/example_dags/example_task_group_decorator.py
[2024-06-18T11:10:01.511+0545] {processor.py:840} INFO - DAG(s) 'example_task_group_decorator' retrieved from /home/manisha/airflow_env/lib/python3.10/site-packages/airflow/example_dags/example_task_group_decorator.py
[2024-06-18T11:10:01.531+0545] {logging_mixin.py:188} INFO - [2024-06-18T11:10:01.531+0545] {dag.py:3096} INFO - Sync 1 DAGs
[2024-06-18T11:10:01.549+0545] {logging_mixin.py:188} INFO - [2024-06-18T11:10:01.549+0545] {dag.py:3954} INFO - Setting next_dagrun for example_task_group_decorator to 2024-06-17 00:00:00+00:00, run_after=2024-06-18 00:00:00+00:00
[2024-06-18T11:10:01.654+0545] {processor.py:183} INFO - Processing /home/manisha/airflow_env/lib/python3.10/site-packages/airflow/example_dags/example_task_group_decorator.py took 0.190 seconds
[2024-06-18T11:43:59.460+0545] {processor.py:161} INFO - Started process (PID=8296) to work on /home/manisha/airflow_env/lib/python3.10/site-packages/airflow/example_dags/example_task_group_decorator.py
[2024-06-18T11:43:59.496+0545] {processor.py:830} INFO - Processing file /home/manisha/airflow_env/lib/python3.10/site-packages/airflow/example_dags/example_task_group_decorator.py for tasks to queue
[2024-06-18T11:43:59.497+0545] {logging_mixin.py:188} INFO - [2024-06-18T11:43:59.497+0545] {dagbag.py:545} INFO - Filling up the DagBag from /home/manisha/airflow_env/lib/python3.10/site-packages/airflow/example_dags/example_task_group_decorator.py
[2024-06-18T11:43:59.513+0545] {processor.py:840} INFO - DAG(s) 'example_task_group_decorator' retrieved from /home/manisha/airflow_env/lib/python3.10/site-packages/airflow/example_dags/example_task_group_decorator.py
[2024-06-18T11:43:59.527+0545] {logging_mixin.py:188} INFO - [2024-06-18T11:43:59.527+0545] {dag.py:3096} INFO - Sync 1 DAGs
[2024-06-18T11:43:59.547+0545] {logging_mixin.py:188} INFO - [2024-06-18T11:43:59.547+0545] {dag.py:3954} INFO - Setting next_dagrun for example_task_group_decorator to 2024-06-17 00:00:00+00:00, run_after=2024-06-18 00:00:00+00:00
[2024-06-18T11:43:59.621+0545] {processor.py:183} INFO - Processing /home/manisha/airflow_env/lib/python3.10/site-packages/airflow/example_dags/example_task_group_decorator.py took 0.166 seconds
[2024-06-18T11:44:30.708+0545] {processor.py:161} INFO - Started process (PID=8358) to work on /home/manisha/airflow_env/lib/python3.10/site-packages/airflow/example_dags/example_task_group_decorator.py
[2024-06-18T11:44:30.734+0545] {processor.py:830} INFO - Processing file /home/manisha/airflow_env/lib/python3.10/site-packages/airflow/example_dags/example_task_group_decorator.py for tasks to queue
[2024-06-18T11:44:30.736+0545] {logging_mixin.py:188} INFO - [2024-06-18T11:44:30.736+0545] {dagbag.py:545} INFO - Filling up the DagBag from /home/manisha/airflow_env/lib/python3.10/site-packages/airflow/example_dags/example_task_group_decorator.py
[2024-06-18T11:44:30.760+0545] {processor.py:840} INFO - DAG(s) 'example_task_group_decorator' retrieved from /home/manisha/airflow_env/lib/python3.10/site-packages/airflow/example_dags/example_task_group_decorator.py
[2024-06-18T11:44:30.955+0545] {logging_mixin.py:188} INFO - [2024-06-18T11:44:30.955+0545] {dag.py:3096} INFO - Sync 1 DAGs
[2024-06-18T11:44:30.974+0545] {logging_mixin.py:188} INFO - [2024-06-18T11:44:30.973+0545] {dag.py:3954} INFO - Setting next_dagrun for example_task_group_decorator to 2024-06-17 00:00:00+00:00, run_after=2024-06-18 00:00:00+00:00
[2024-06-18T11:44:31.096+0545] {processor.py:183} INFO - Processing /home/manisha/airflow_env/lib/python3.10/site-packages/airflow/example_dags/example_task_group_decorator.py took 0.394 seconds
[2024-06-18T11:45:01.130+0545] {processor.py:161} INFO - Started process (PID=8409) to work on /home/manisha/airflow_env/lib/python3.10/site-packages/airflow/example_dags/example_task_group_decorator.py
[2024-06-18T11:45:01.142+0545] {processor.py:830} INFO - Processing file /home/manisha/airflow_env/lib/python3.10/site-packages/airflow/example_dags/example_task_group_decorator.py for tasks to queue
[2024-06-18T11:45:01.144+0545] {logging_mixin.py:188} INFO - [2024-06-18T11:45:01.143+0545] {dagbag.py:545} INFO - Filling up the DagBag from /home/manisha/airflow_env/lib/python3.10/site-packages/airflow/example_dags/example_task_group_decorator.py
[2024-06-18T11:45:01.160+0545] {processor.py:840} INFO - DAG(s) 'example_task_group_decorator' retrieved from /home/manisha/airflow_env/lib/python3.10/site-packages/airflow/example_dags/example_task_group_decorator.py
[2024-06-18T11:45:01.264+0545] {logging_mixin.py:188} INFO - [2024-06-18T11:45:01.264+0545] {dag.py:3096} INFO - Sync 1 DAGs
[2024-06-18T11:45:01.286+0545] {logging_mixin.py:188} INFO - [2024-06-18T11:45:01.286+0545] {dag.py:3954} INFO - Setting next_dagrun for example_task_group_decorator to 2024-06-17 00:00:00+00:00, run_after=2024-06-18 00:00:00+00:00
[2024-06-18T11:45:01.368+0545] {processor.py:183} INFO - Processing /home/manisha/airflow_env/lib/python3.10/site-packages/airflow/example_dags/example_task_group_decorator.py took 0.243 seconds
[2024-06-18T11:45:31.504+0545] {processor.py:161} INFO - Started process (PID=8463) to work on /home/manisha/airflow_env/lib/python3.10/site-packages/airflow/example_dags/example_task_group_decorator.py
[2024-06-18T11:45:31.504+0545] {processor.py:830} INFO - Processing file /home/manisha/airflow_env/lib/python3.10/site-packages/airflow/example_dags/example_task_group_decorator.py for tasks to queue
[2024-06-18T11:45:31.506+0545] {logging_mixin.py:188} INFO - [2024-06-18T11:45:31.506+0545] {dagbag.py:545} INFO - Filling up the DagBag from /home/manisha/airflow_env/lib/python3.10/site-packages/airflow/example_dags/example_task_group_decorator.py
[2024-06-18T11:45:31.523+0545] {processor.py:840} INFO - DAG(s) 'example_task_group_decorator' retrieved from /home/manisha/airflow_env/lib/python3.10/site-packages/airflow/example_dags/example_task_group_decorator.py
[2024-06-18T11:45:31.551+0545] {logging_mixin.py:188} INFO - [2024-06-18T11:45:31.551+0545] {dag.py:3096} INFO - Sync 1 DAGs
[2024-06-18T11:45:31.569+0545] {logging_mixin.py:188} INFO - [2024-06-18T11:45:31.569+0545] {dag.py:3954} INFO - Setting next_dagrun for example_task_group_decorator to 2024-06-17 00:00:00+00:00, run_after=2024-06-18 00:00:00+00:00
[2024-06-18T11:45:31.658+0545] {processor.py:183} INFO - Processing /home/manisha/airflow_env/lib/python3.10/site-packages/airflow/example_dags/example_task_group_decorator.py took 0.162 seconds
[2024-06-18T11:46:01.960+0545] {processor.py:161} INFO - Started process (PID=8516) to work on /home/manisha/airflow_env/lib/python3.10/site-packages/airflow/example_dags/example_task_group_decorator.py
[2024-06-18T11:46:01.989+0545] {processor.py:830} INFO - Processing file /home/manisha/airflow_env/lib/python3.10/site-packages/airflow/example_dags/example_task_group_decorator.py for tasks to queue
[2024-06-18T11:46:01.994+0545] {logging_mixin.py:188} INFO - [2024-06-18T11:46:01.993+0545] {dagbag.py:545} INFO - Filling up the DagBag from /home/manisha/airflow_env/lib/python3.10/site-packages/airflow/example_dags/example_task_group_decorator.py
[2024-06-18T11:46:02.033+0545] {processor.py:840} INFO - DAG(s) 'example_task_group_decorator' retrieved from /home/manisha/airflow_env/lib/python3.10/site-packages/airflow/example_dags/example_task_group_decorator.py
[2024-06-18T11:46:02.063+0545] {logging_mixin.py:188} INFO - [2024-06-18T11:46:02.063+0545] {dag.py:3096} INFO - Sync 1 DAGs
[2024-06-18T11:46:02.082+0545] {logging_mixin.py:188} INFO - [2024-06-18T11:46:02.082+0545] {dag.py:3954} INFO - Setting next_dagrun for example_task_group_decorator to 2024-06-17 00:00:00+00:00, run_after=2024-06-18 00:00:00+00:00
[2024-06-18T11:46:02.147+0545] {processor.py:183} INFO - Processing /home/manisha/airflow_env/lib/python3.10/site-packages/airflow/example_dags/example_task_group_decorator.py took 0.192 seconds
[2024-06-18T11:46:32.684+0545] {processor.py:161} INFO - Started process (PID=8567) to work on /home/manisha/airflow_env/lib/python3.10/site-packages/airflow/example_dags/example_task_group_decorator.py
[2024-06-18T11:46:32.685+0545] {processor.py:830} INFO - Processing file /home/manisha/airflow_env/lib/python3.10/site-packages/airflow/example_dags/example_task_group_decorator.py for tasks to queue
[2024-06-18T11:46:32.686+0545] {logging_mixin.py:188} INFO - [2024-06-18T11:46:32.686+0545] {dagbag.py:545} INFO - Filling up the DagBag from /home/manisha/airflow_env/lib/python3.10/site-packages/airflow/example_dags/example_task_group_decorator.py
[2024-06-18T11:46:32.700+0545] {processor.py:840} INFO - DAG(s) 'example_task_group_decorator' retrieved from /home/manisha/airflow_env/lib/python3.10/site-packages/airflow/example_dags/example_task_group_decorator.py
[2024-06-18T11:46:32.725+0545] {logging_mixin.py:188} INFO - [2024-06-18T11:46:32.725+0545] {dag.py:3096} INFO - Sync 1 DAGs
[2024-06-18T11:46:32.746+0545] {logging_mixin.py:188} INFO - [2024-06-18T11:46:32.745+0545] {dag.py:3954} INFO - Setting next_dagrun for example_task_group_decorator to 2024-06-17 00:00:00+00:00, run_after=2024-06-18 00:00:00+00:00
[2024-06-18T11:46:32.907+0545] {processor.py:183} INFO - Processing /home/manisha/airflow_env/lib/python3.10/site-packages/airflow/example_dags/example_task_group_decorator.py took 0.228 seconds
[2024-06-18T11:47:03.412+0545] {processor.py:161} INFO - Started process (PID=8618) to work on /home/manisha/airflow_env/lib/python3.10/site-packages/airflow/example_dags/example_task_group_decorator.py
[2024-06-18T11:47:03.419+0545] {processor.py:830} INFO - Processing file /home/manisha/airflow_env/lib/python3.10/site-packages/airflow/example_dags/example_task_group_decorator.py for tasks to queue
[2024-06-18T11:47:03.420+0545] {logging_mixin.py:188} INFO - [2024-06-18T11:47:03.420+0545] {dagbag.py:545} INFO - Filling up the DagBag from /home/manisha/airflow_env/lib/python3.10/site-packages/airflow/example_dags/example_task_group_decorator.py
[2024-06-18T11:47:03.434+0545] {processor.py:840} INFO - DAG(s) 'example_task_group_decorator' retrieved from /home/manisha/airflow_env/lib/python3.10/site-packages/airflow/example_dags/example_task_group_decorator.py
[2024-06-18T11:47:03.460+0545] {logging_mixin.py:188} INFO - [2024-06-18T11:47:03.460+0545] {dag.py:3096} INFO - Sync 1 DAGs
[2024-06-18T11:47:03.477+0545] {logging_mixin.py:188} INFO - [2024-06-18T11:47:03.477+0545] {dag.py:3954} INFO - Setting next_dagrun for example_task_group_decorator to 2024-06-17 00:00:00+00:00, run_after=2024-06-18 00:00:00+00:00
[2024-06-18T11:47:03.544+0545] {processor.py:183} INFO - Processing /home/manisha/airflow_env/lib/python3.10/site-packages/airflow/example_dags/example_task_group_decorator.py took 0.137 seconds
[2024-06-18T11:47:33.635+0545] {processor.py:161} INFO - Started process (PID=8669) to work on /home/manisha/airflow_env/lib/python3.10/site-packages/airflow/example_dags/example_task_group_decorator.py
[2024-06-18T11:47:33.636+0545] {processor.py:830} INFO - Processing file /home/manisha/airflow_env/lib/python3.10/site-packages/airflow/example_dags/example_task_group_decorator.py for tasks to queue
[2024-06-18T11:47:33.637+0545] {logging_mixin.py:188} INFO - [2024-06-18T11:47:33.637+0545] {dagbag.py:545} INFO - Filling up the DagBag from /home/manisha/airflow_env/lib/python3.10/site-packages/airflow/example_dags/example_task_group_decorator.py
[2024-06-18T11:47:33.651+0545] {processor.py:840} INFO - DAG(s) 'example_task_group_decorator' retrieved from /home/manisha/airflow_env/lib/python3.10/site-packages/airflow/example_dags/example_task_group_decorator.py
[2024-06-18T11:47:33.680+0545] {logging_mixin.py:188} INFO - [2024-06-18T11:47:33.680+0545] {dag.py:3096} INFO - Sync 1 DAGs
[2024-06-18T11:47:33.701+0545] {logging_mixin.py:188} INFO - [2024-06-18T11:47:33.701+0545] {dag.py:3954} INFO - Setting next_dagrun for example_task_group_decorator to 2024-06-17 00:00:00+00:00, run_after=2024-06-18 00:00:00+00:00
[2024-06-18T11:47:33.911+0545] {processor.py:183} INFO - Processing /home/manisha/airflow_env/lib/python3.10/site-packages/airflow/example_dags/example_task_group_decorator.py took 0.280 seconds
[2024-06-18T11:48:29.931+0545] {processor.py:161} INFO - Started process (PID=8745) to work on /home/manisha/airflow_env/lib/python3.10/site-packages/airflow/example_dags/example_task_group_decorator.py
[2024-06-18T11:48:29.963+0545] {processor.py:830} INFO - Processing file /home/manisha/airflow_env/lib/python3.10/site-packages/airflow/example_dags/example_task_group_decorator.py for tasks to queue
[2024-06-18T11:48:29.966+0545] {logging_mixin.py:188} INFO - [2024-06-18T11:48:29.966+0545] {dagbag.py:545} INFO - Filling up the DagBag from /home/manisha/airflow_env/lib/python3.10/site-packages/airflow/example_dags/example_task_group_decorator.py
[2024-06-18T11:48:29.983+0545] {processor.py:840} INFO - DAG(s) 'example_task_group_decorator' retrieved from /home/manisha/airflow_env/lib/python3.10/site-packages/airflow/example_dags/example_task_group_decorator.py
[2024-06-18T11:48:30.000+0545] {logging_mixin.py:188} INFO - [2024-06-18T11:48:29.999+0545] {dag.py:3096} INFO - Sync 1 DAGs
[2024-06-18T11:48:30.023+0545] {logging_mixin.py:188} INFO - [2024-06-18T11:48:30.023+0545] {dag.py:3954} INFO - Setting next_dagrun for example_task_group_decorator to 2024-06-17 00:00:00+00:00, run_after=2024-06-18 00:00:00+00:00
[2024-06-18T11:48:30.105+0545] {processor.py:183} INFO - Processing /home/manisha/airflow_env/lib/python3.10/site-packages/airflow/example_dags/example_task_group_decorator.py took 0.179 seconds
[2024-06-18T11:49:01.433+0545] {processor.py:161} INFO - Started process (PID=8859) to work on /home/manisha/airflow_env/lib/python3.10/site-packages/airflow/example_dags/example_task_group_decorator.py
[2024-06-18T11:49:01.439+0545] {processor.py:830} INFO - Processing file /home/manisha/airflow_env/lib/python3.10/site-packages/airflow/example_dags/example_task_group_decorator.py for tasks to queue
[2024-06-18T11:49:01.441+0545] {logging_mixin.py:188} INFO - [2024-06-18T11:49:01.441+0545] {dagbag.py:545} INFO - Filling up the DagBag from /home/manisha/airflow_env/lib/python3.10/site-packages/airflow/example_dags/example_task_group_decorator.py
[2024-06-18T11:49:01.467+0545] {processor.py:840} INFO - DAG(s) 'example_task_group_decorator' retrieved from /home/manisha/airflow_env/lib/python3.10/site-packages/airflow/example_dags/example_task_group_decorator.py
[2024-06-18T11:49:01.786+0545] {logging_mixin.py:188} INFO - [2024-06-18T11:49:01.786+0545] {dag.py:3096} INFO - Sync 1 DAGs
[2024-06-18T11:49:01.819+0545] {logging_mixin.py:188} INFO - [2024-06-18T11:49:01.819+0545] {dag.py:3954} INFO - Setting next_dagrun for example_task_group_decorator to 2024-06-17 00:00:00+00:00, run_after=2024-06-18 00:00:00+00:00
[2024-06-18T11:49:01.920+0545] {processor.py:183} INFO - Processing /home/manisha/airflow_env/lib/python3.10/site-packages/airflow/example_dags/example_task_group_decorator.py took 0.492 seconds
[2024-06-18T11:49:32.028+0545] {processor.py:161} INFO - Started process (PID=8930) to work on /home/manisha/airflow_env/lib/python3.10/site-packages/airflow/example_dags/example_task_group_decorator.py
[2024-06-18T11:49:32.030+0545] {processor.py:830} INFO - Processing file /home/manisha/airflow_env/lib/python3.10/site-packages/airflow/example_dags/example_task_group_decorator.py for tasks to queue
[2024-06-18T11:49:32.032+0545] {logging_mixin.py:188} INFO - [2024-06-18T11:49:32.031+0545] {dagbag.py:545} INFO - Filling up the DagBag from /home/manisha/airflow_env/lib/python3.10/site-packages/airflow/example_dags/example_task_group_decorator.py
[2024-06-18T11:49:32.046+0545] {processor.py:840} INFO - DAG(s) 'example_task_group_decorator' retrieved from /home/manisha/airflow_env/lib/python3.10/site-packages/airflow/example_dags/example_task_group_decorator.py
[2024-06-18T11:49:32.146+0545] {logging_mixin.py:188} INFO - [2024-06-18T11:49:32.146+0545] {dag.py:3096} INFO - Sync 1 DAGs
[2024-06-18T11:49:32.168+0545] {logging_mixin.py:188} INFO - [2024-06-18T11:49:32.167+0545] {dag.py:3954} INFO - Setting next_dagrun for example_task_group_decorator to 2024-06-17 00:00:00+00:00, run_after=2024-06-18 00:00:00+00:00
[2024-06-18T11:49:32.275+0545] {processor.py:183} INFO - Processing /home/manisha/airflow_env/lib/python3.10/site-packages/airflow/example_dags/example_task_group_decorator.py took 0.252 seconds
[2024-06-18T11:50:02.369+0545] {processor.py:161} INFO - Started process (PID=8986) to work on /home/manisha/airflow_env/lib/python3.10/site-packages/airflow/example_dags/example_task_group_decorator.py
[2024-06-18T11:50:02.370+0545] {processor.py:830} INFO - Processing file /home/manisha/airflow_env/lib/python3.10/site-packages/airflow/example_dags/example_task_group_decorator.py for tasks to queue
[2024-06-18T11:50:02.372+0545] {logging_mixin.py:188} INFO - [2024-06-18T11:50:02.371+0545] {dagbag.py:545} INFO - Filling up the DagBag from /home/manisha/airflow_env/lib/python3.10/site-packages/airflow/example_dags/example_task_group_decorator.py
[2024-06-18T11:50:02.388+0545] {processor.py:840} INFO - DAG(s) 'example_task_group_decorator' retrieved from /home/manisha/airflow_env/lib/python3.10/site-packages/airflow/example_dags/example_task_group_decorator.py
[2024-06-18T11:50:02.414+0545] {logging_mixin.py:188} INFO - [2024-06-18T11:50:02.414+0545] {dag.py:3096} INFO - Sync 1 DAGs
[2024-06-18T11:50:02.433+0545] {logging_mixin.py:188} INFO - [2024-06-18T11:50:02.433+0545] {dag.py:3954} INFO - Setting next_dagrun for example_task_group_decorator to 2024-06-17 00:00:00+00:00, run_after=2024-06-18 00:00:00+00:00
[2024-06-18T11:50:02.642+0545] {processor.py:183} INFO - Processing /home/manisha/airflow_env/lib/python3.10/site-packages/airflow/example_dags/example_task_group_decorator.py took 0.281 seconds
[2024-06-18T11:50:33.317+0545] {processor.py:161} INFO - Started process (PID=9045) to work on /home/manisha/airflow_env/lib/python3.10/site-packages/airflow/example_dags/example_task_group_decorator.py
[2024-06-18T11:50:33.337+0545] {processor.py:830} INFO - Processing file /home/manisha/airflow_env/lib/python3.10/site-packages/airflow/example_dags/example_task_group_decorator.py for tasks to queue
[2024-06-18T11:50:33.338+0545] {logging_mixin.py:188} INFO - [2024-06-18T11:50:33.338+0545] {dagbag.py:545} INFO - Filling up the DagBag from /home/manisha/airflow_env/lib/python3.10/site-packages/airflow/example_dags/example_task_group_decorator.py
[2024-06-18T11:50:33.356+0545] {processor.py:840} INFO - DAG(s) 'example_task_group_decorator' retrieved from /home/manisha/airflow_env/lib/python3.10/site-packages/airflow/example_dags/example_task_group_decorator.py
[2024-06-18T11:50:33.383+0545] {logging_mixin.py:188} INFO - [2024-06-18T11:50:33.383+0545] {dag.py:3096} INFO - Sync 1 DAGs
[2024-06-18T11:50:33.400+0545] {logging_mixin.py:188} INFO - [2024-06-18T11:50:33.400+0545] {dag.py:3954} INFO - Setting next_dagrun for example_task_group_decorator to 2024-06-17 00:00:00+00:00, run_after=2024-06-18 00:00:00+00:00
[2024-06-18T11:50:33.621+0545] {processor.py:183} INFO - Processing /home/manisha/airflow_env/lib/python3.10/site-packages/airflow/example_dags/example_task_group_decorator.py took 0.313 seconds
[2024-06-18T11:50:56.483+0545] {processor.py:161} INFO - Started process (PID=9291) to work on /home/manisha/airflow_env/lib/python3.10/site-packages/airflow/example_dags/example_task_group_decorator.py
[2024-06-18T11:50:56.484+0545] {processor.py:830} INFO - Processing file /home/manisha/airflow_env/lib/python3.10/site-packages/airflow/example_dags/example_task_group_decorator.py for tasks to queue
[2024-06-18T11:50:56.487+0545] {logging_mixin.py:188} INFO - [2024-06-18T11:50:56.486+0545] {dagbag.py:545} INFO - Filling up the DagBag from /home/manisha/airflow_env/lib/python3.10/site-packages/airflow/example_dags/example_task_group_decorator.py
[2024-06-18T11:50:56.519+0545] {processor.py:840} INFO - DAG(s) 'example_task_group_decorator' retrieved from /home/manisha/airflow_env/lib/python3.10/site-packages/airflow/example_dags/example_task_group_decorator.py
[2024-06-18T11:50:56.538+0545] {logging_mixin.py:188} INFO - [2024-06-18T11:50:56.538+0545] {dag.py:3096} INFO - Sync 1 DAGs
[2024-06-18T11:50:56.589+0545] {logging_mixin.py:188} INFO - [2024-06-18T11:50:56.588+0545] {dag.py:3954} INFO - Setting next_dagrun for example_task_group_decorator to 2024-06-17 00:00:00+00:00, run_after=2024-06-18 00:00:00+00:00
[2024-06-18T11:50:56.831+0545] {processor.py:183} INFO - Processing /home/manisha/airflow_env/lib/python3.10/site-packages/airflow/example_dags/example_task_group_decorator.py took 0.360 seconds
[2024-06-18T11:51:28.015+0545] {processor.py:161} INFO - Started process (PID=9564) to work on /home/manisha/airflow_env/lib/python3.10/site-packages/airflow/example_dags/example_task_group_decorator.py
[2024-06-18T11:51:28.059+0545] {processor.py:830} INFO - Processing file /home/manisha/airflow_env/lib/python3.10/site-packages/airflow/example_dags/example_task_group_decorator.py for tasks to queue
[2024-06-18T11:51:28.063+0545] {logging_mixin.py:188} INFO - [2024-06-18T11:51:28.063+0545] {dagbag.py:545} INFO - Filling up the DagBag from /home/manisha/airflow_env/lib/python3.10/site-packages/airflow/example_dags/example_task_group_decorator.py
[2024-06-18T11:51:28.104+0545] {processor.py:840} INFO - DAG(s) 'example_task_group_decorator' retrieved from /home/manisha/airflow_env/lib/python3.10/site-packages/airflow/example_dags/example_task_group_decorator.py
[2024-06-18T11:51:28.311+0545] {logging_mixin.py:188} INFO - [2024-06-18T11:51:28.310+0545] {dag.py:3096} INFO - Sync 1 DAGs
[2024-06-18T11:51:28.330+0545] {logging_mixin.py:188} INFO - [2024-06-18T11:51:28.330+0545] {dag.py:3954} INFO - Setting next_dagrun for example_task_group_decorator to 2024-06-17 00:00:00+00:00, run_after=2024-06-18 00:00:00+00:00
[2024-06-18T11:51:28.655+0545] {processor.py:183} INFO - Processing /home/manisha/airflow_env/lib/python3.10/site-packages/airflow/example_dags/example_task_group_decorator.py took 0.646 seconds
[2024-06-18T11:51:58.956+0545] {processor.py:161} INFO - Started process (PID=9821) to work on /home/manisha/airflow_env/lib/python3.10/site-packages/airflow/example_dags/example_task_group_decorator.py
[2024-06-18T11:51:58.957+0545] {processor.py:830} INFO - Processing file /home/manisha/airflow_env/lib/python3.10/site-packages/airflow/example_dags/example_task_group_decorator.py for tasks to queue
[2024-06-18T11:51:58.958+0545] {logging_mixin.py:188} INFO - [2024-06-18T11:51:58.958+0545] {dagbag.py:545} INFO - Filling up the DagBag from /home/manisha/airflow_env/lib/python3.10/site-packages/airflow/example_dags/example_task_group_decorator.py
[2024-06-18T11:51:59.063+0545] {processor.py:840} INFO - DAG(s) 'example_task_group_decorator' retrieved from /home/manisha/airflow_env/lib/python3.10/site-packages/airflow/example_dags/example_task_group_decorator.py
[2024-06-18T11:51:59.119+0545] {logging_mixin.py:188} INFO - [2024-06-18T11:51:59.118+0545] {dag.py:3096} INFO - Sync 1 DAGs
[2024-06-18T11:51:59.154+0545] {logging_mixin.py:188} INFO - [2024-06-18T11:51:59.154+0545] {dag.py:3954} INFO - Setting next_dagrun for example_task_group_decorator to 2024-06-17 00:00:00+00:00, run_after=2024-06-18 00:00:00+00:00
[2024-06-18T11:51:59.326+0545] {processor.py:183} INFO - Processing /home/manisha/airflow_env/lib/python3.10/site-packages/airflow/example_dags/example_task_group_decorator.py took 0.377 seconds
