[2024-06-18T10:56:55.484+0545] {processor.py:161} INFO - Started process (PID=4031) to work on /home/manisha/airflow_env/lib/python3.10/site-packages/airflow/example_dags/example_python_operator.py
[2024-06-18T10:56:55.484+0545] {processor.py:830} INFO - Processing file /home/manisha/airflow_env/lib/python3.10/site-packages/airflow/example_dags/example_python_operator.py for tasks to queue
[2024-06-18T10:56:55.486+0545] {logging_mixin.py:188} INFO - [2024-06-18T10:56:55.486+0545] {dagbag.py:545} INFO - Filling up the DagBag from /home/manisha/airflow_env/lib/python3.10/site-packages/airflow/example_dags/example_python_operator.py
[2024-06-18T10:56:55.498+0545] {processor.py:840} INFO - DAG(s) 'example_python_operator' retrieved from /home/manisha/airflow_env/lib/python3.10/site-packages/airflow/example_dags/example_python_operator.py
[2024-06-18T10:56:55.715+0545] {logging_mixin.py:188} INFO - [2024-06-18T10:56:55.712+0545] {override.py:1829} INFO - Created Permission View: can edit on DAG:example_python_operator
[2024-06-18T10:56:55.794+0545] {logging_mixin.py:188} INFO - [2024-06-18T10:56:55.792+0545] {override.py:1829} INFO - Created Permission View: can read on DAG:example_python_operator
[2024-06-18T10:56:55.862+0545] {logging_mixin.py:188} INFO - [2024-06-18T10:56:55.860+0545] {override.py:1829} INFO - Created Permission View: can delete on DAG:example_python_operator
[2024-06-18T10:56:55.864+0545] {logging_mixin.py:188} INFO - [2024-06-18T10:56:55.863+0545] {dag.py:3096} INFO - Sync 1 DAGs
[2024-06-18T10:56:55.898+0545] {logging_mixin.py:188} INFO - [2024-06-18T10:56:55.898+0545] {dag.py:3118} INFO - Creating ORM DAG for example_python_operator
[2024-06-18T10:56:55.899+0545] {logging_mixin.py:188} INFO - [2024-06-18T10:56:55.899+0545] {dag.py:3954} INFO - Setting next_dagrun for example_python_operator to None, run_after=None
[2024-06-18T10:56:56.005+0545] {processor.py:183} INFO - Processing /home/manisha/airflow_env/lib/python3.10/site-packages/airflow/example_dags/example_python_operator.py took 0.527 seconds
[2024-06-18T10:58:15.922+0545] {processor.py:161} INFO - Started process (PID=4147) to work on /home/manisha/airflow_env/lib/python3.10/site-packages/airflow/example_dags/example_python_operator.py
[2024-06-18T10:58:15.924+0545] {processor.py:830} INFO - Processing file /home/manisha/airflow_env/lib/python3.10/site-packages/airflow/example_dags/example_python_operator.py for tasks to queue
[2024-06-18T10:58:15.927+0545] {logging_mixin.py:188} INFO - [2024-06-18T10:58:15.927+0545] {dagbag.py:545} INFO - Filling up the DagBag from /home/manisha/airflow_env/lib/python3.10/site-packages/airflow/example_dags/example_python_operator.py
[2024-06-18T10:58:15.944+0545] {processor.py:840} INFO - DAG(s) 'example_python_operator' retrieved from /home/manisha/airflow_env/lib/python3.10/site-packages/airflow/example_dags/example_python_operator.py
[2024-06-18T10:58:15.968+0545] {logging_mixin.py:188} INFO - [2024-06-18T10:58:15.968+0545] {dag.py:3096} INFO - Sync 1 DAGs
[2024-06-18T10:58:15.982+0545] {logging_mixin.py:188} INFO - [2024-06-18T10:58:15.982+0545] {dag.py:3954} INFO - Setting next_dagrun for example_python_operator to None, run_after=None
[2024-06-18T10:58:16.096+0545] {processor.py:183} INFO - Processing /home/manisha/airflow_env/lib/python3.10/site-packages/airflow/example_dags/example_python_operator.py took 0.184 seconds
[2024-06-18T10:59:18.698+0545] {processor.py:161} INFO - Started process (PID=4200) to work on /home/manisha/airflow_env/lib/python3.10/site-packages/airflow/example_dags/example_python_operator.py
[2024-06-18T10:59:18.699+0545] {processor.py:830} INFO - Processing file /home/manisha/airflow_env/lib/python3.10/site-packages/airflow/example_dags/example_python_operator.py for tasks to queue
[2024-06-18T10:59:18.701+0545] {logging_mixin.py:188} INFO - [2024-06-18T10:59:18.701+0545] {dagbag.py:545} INFO - Filling up the DagBag from /home/manisha/airflow_env/lib/python3.10/site-packages/airflow/example_dags/example_python_operator.py
[2024-06-18T10:59:18.714+0545] {processor.py:840} INFO - DAG(s) 'example_python_operator' retrieved from /home/manisha/airflow_env/lib/python3.10/site-packages/airflow/example_dags/example_python_operator.py
[2024-06-18T10:59:18.735+0545] {logging_mixin.py:188} INFO - [2024-06-18T10:59:18.734+0545] {dag.py:3096} INFO - Sync 1 DAGs
[2024-06-18T10:59:18.745+0545] {logging_mixin.py:188} INFO - [2024-06-18T10:59:18.745+0545] {dag.py:3954} INFO - Setting next_dagrun for example_python_operator to None, run_after=None
[2024-06-18T10:59:18.970+0545] {processor.py:183} INFO - Processing /home/manisha/airflow_env/lib/python3.10/site-packages/airflow/example_dags/example_python_operator.py took 0.279 seconds
[2024-06-18T11:00:23.426+0545] {processor.py:161} INFO - Started process (PID=4342) to work on /home/manisha/airflow_env/lib/python3.10/site-packages/airflow/example_dags/example_python_operator.py
[2024-06-18T11:00:23.468+0545] {processor.py:830} INFO - Processing file /home/manisha/airflow_env/lib/python3.10/site-packages/airflow/example_dags/example_python_operator.py for tasks to queue
[2024-06-18T11:00:23.473+0545] {logging_mixin.py:188} INFO - [2024-06-18T11:00:23.472+0545] {dagbag.py:545} INFO - Filling up the DagBag from /home/manisha/airflow_env/lib/python3.10/site-packages/airflow/example_dags/example_python_operator.py
[2024-06-18T11:00:23.503+0545] {processor.py:840} INFO - DAG(s) 'example_python_operator' retrieved from /home/manisha/airflow_env/lib/python3.10/site-packages/airflow/example_dags/example_python_operator.py
[2024-06-18T11:00:23.523+0545] {logging_mixin.py:188} INFO - [2024-06-18T11:00:23.522+0545] {dag.py:3096} INFO - Sync 1 DAGs
[2024-06-18T11:00:23.534+0545] {logging_mixin.py:188} INFO - [2024-06-18T11:00:23.533+0545] {dag.py:3954} INFO - Setting next_dagrun for example_python_operator to None, run_after=None
[2024-06-18T11:00:23.659+0545] {processor.py:183} INFO - Processing /home/manisha/airflow_env/lib/python3.10/site-packages/airflow/example_dags/example_python_operator.py took 0.253 seconds
[2024-06-18T11:01:22.689+0545] {processor.py:161} INFO - Started process (PID=4395) to work on /home/manisha/airflow_env/lib/python3.10/site-packages/airflow/example_dags/example_python_operator.py
[2024-06-18T11:01:22.707+0545] {processor.py:830} INFO - Processing file /home/manisha/airflow_env/lib/python3.10/site-packages/airflow/example_dags/example_python_operator.py for tasks to queue
[2024-06-18T11:01:22.709+0545] {logging_mixin.py:188} INFO - [2024-06-18T11:01:22.709+0545] {dagbag.py:545} INFO - Filling up the DagBag from /home/manisha/airflow_env/lib/python3.10/site-packages/airflow/example_dags/example_python_operator.py
[2024-06-18T11:01:22.733+0545] {processor.py:840} INFO - DAG(s) 'example_python_operator' retrieved from /home/manisha/airflow_env/lib/python3.10/site-packages/airflow/example_dags/example_python_operator.py
[2024-06-18T11:01:22.756+0545] {logging_mixin.py:188} INFO - [2024-06-18T11:01:22.756+0545] {dag.py:3096} INFO - Sync 1 DAGs
[2024-06-18T11:01:22.766+0545] {logging_mixin.py:188} INFO - [2024-06-18T11:01:22.766+0545] {dag.py:3954} INFO - Setting next_dagrun for example_python_operator to None, run_after=None
[2024-06-18T11:01:22.873+0545] {processor.py:183} INFO - Processing /home/manisha/airflow_env/lib/python3.10/site-packages/airflow/example_dags/example_python_operator.py took 0.190 seconds
[2024-06-18T11:02:24.409+0545] {processor.py:161} INFO - Started process (PID=4447) to work on /home/manisha/airflow_env/lib/python3.10/site-packages/airflow/example_dags/example_python_operator.py
[2024-06-18T11:02:24.449+0545] {processor.py:830} INFO - Processing file /home/manisha/airflow_env/lib/python3.10/site-packages/airflow/example_dags/example_python_operator.py for tasks to queue
[2024-06-18T11:02:24.454+0545] {logging_mixin.py:188} INFO - [2024-06-18T11:02:24.453+0545] {dagbag.py:545} INFO - Filling up the DagBag from /home/manisha/airflow_env/lib/python3.10/site-packages/airflow/example_dags/example_python_operator.py
[2024-06-18T11:02:24.486+0545] {processor.py:840} INFO - DAG(s) 'example_python_operator' retrieved from /home/manisha/airflow_env/lib/python3.10/site-packages/airflow/example_dags/example_python_operator.py
[2024-06-18T11:02:24.507+0545] {logging_mixin.py:188} INFO - [2024-06-18T11:02:24.507+0545] {dag.py:3096} INFO - Sync 1 DAGs
[2024-06-18T11:02:24.517+0545] {logging_mixin.py:188} INFO - [2024-06-18T11:02:24.517+0545] {dag.py:3954} INFO - Setting next_dagrun for example_python_operator to None, run_after=None
[2024-06-18T11:02:24.622+0545] {processor.py:183} INFO - Processing /home/manisha/airflow_env/lib/python3.10/site-packages/airflow/example_dags/example_python_operator.py took 0.219 seconds
[2024-06-18T11:03:21.141+0545] {processor.py:161} INFO - Started process (PID=4500) to work on /home/manisha/airflow_env/lib/python3.10/site-packages/airflow/example_dags/example_python_operator.py
[2024-06-18T11:03:21.185+0545] {processor.py:830} INFO - Processing file /home/manisha/airflow_env/lib/python3.10/site-packages/airflow/example_dags/example_python_operator.py for tasks to queue
[2024-06-18T11:03:21.190+0545] {logging_mixin.py:188} INFO - [2024-06-18T11:03:21.189+0545] {dagbag.py:545} INFO - Filling up the DagBag from /home/manisha/airflow_env/lib/python3.10/site-packages/airflow/example_dags/example_python_operator.py
[2024-06-18T11:03:21.221+0545] {processor.py:840} INFO - DAG(s) 'example_python_operator' retrieved from /home/manisha/airflow_env/lib/python3.10/site-packages/airflow/example_dags/example_python_operator.py
[2024-06-18T11:03:21.240+0545] {logging_mixin.py:188} INFO - [2024-06-18T11:03:21.240+0545] {dag.py:3096} INFO - Sync 1 DAGs
[2024-06-18T11:03:21.251+0545] {logging_mixin.py:188} INFO - [2024-06-18T11:03:21.251+0545] {dag.py:3954} INFO - Setting next_dagrun for example_python_operator to None, run_after=None
[2024-06-18T11:03:21.355+0545] {processor.py:183} INFO - Processing /home/manisha/airflow_env/lib/python3.10/site-packages/airflow/example_dags/example_python_operator.py took 0.232 seconds
[2024-06-18T11:04:23.308+0545] {processor.py:161} INFO - Started process (PID=4554) to work on /home/manisha/airflow_env/lib/python3.10/site-packages/airflow/example_dags/example_python_operator.py
[2024-06-18T11:04:23.344+0545] {processor.py:830} INFO - Processing file /home/manisha/airflow_env/lib/python3.10/site-packages/airflow/example_dags/example_python_operator.py for tasks to queue
[2024-06-18T11:04:23.350+0545] {logging_mixin.py:188} INFO - [2024-06-18T11:04:23.348+0545] {dagbag.py:545} INFO - Filling up the DagBag from /home/manisha/airflow_env/lib/python3.10/site-packages/airflow/example_dags/example_python_operator.py
[2024-06-18T11:04:23.381+0545] {processor.py:840} INFO - DAG(s) 'example_python_operator' retrieved from /home/manisha/airflow_env/lib/python3.10/site-packages/airflow/example_dags/example_python_operator.py
[2024-06-18T11:04:23.402+0545] {logging_mixin.py:188} INFO - [2024-06-18T11:04:23.402+0545] {dag.py:3096} INFO - Sync 1 DAGs
[2024-06-18T11:04:23.412+0545] {logging_mixin.py:188} INFO - [2024-06-18T11:04:23.412+0545] {dag.py:3954} INFO - Setting next_dagrun for example_python_operator to None, run_after=None
[2024-06-18T11:04:23.519+0545] {processor.py:183} INFO - Processing /home/manisha/airflow_env/lib/python3.10/site-packages/airflow/example_dags/example_python_operator.py took 0.218 seconds
[2024-06-18T11:05:24.971+0545] {processor.py:161} INFO - Started process (PID=4704) to work on /home/manisha/airflow_env/lib/python3.10/site-packages/airflow/example_dags/example_python_operator.py
[2024-06-18T11:05:24.992+0545] {processor.py:830} INFO - Processing file /home/manisha/airflow_env/lib/python3.10/site-packages/airflow/example_dags/example_python_operator.py for tasks to queue
[2024-06-18T11:05:24.994+0545] {logging_mixin.py:188} INFO - [2024-06-18T11:05:24.993+0545] {dagbag.py:545} INFO - Filling up the DagBag from /home/manisha/airflow_env/lib/python3.10/site-packages/airflow/example_dags/example_python_operator.py
[2024-06-18T11:05:25.006+0545] {processor.py:840} INFO - DAG(s) 'example_python_operator' retrieved from /home/manisha/airflow_env/lib/python3.10/site-packages/airflow/example_dags/example_python_operator.py
[2024-06-18T11:05:25.029+0545] {logging_mixin.py:188} INFO - [2024-06-18T11:05:25.029+0545] {dag.py:3096} INFO - Sync 1 DAGs
[2024-06-18T11:05:25.043+0545] {logging_mixin.py:188} INFO - [2024-06-18T11:05:25.042+0545] {dag.py:3954} INFO - Setting next_dagrun for example_python_operator to None, run_after=None
[2024-06-18T11:05:25.256+0545] {processor.py:183} INFO - Processing /home/manisha/airflow_env/lib/python3.10/site-packages/airflow/example_dags/example_python_operator.py took 0.294 seconds
[2024-06-18T11:06:38.031+0545] {processor.py:161} INFO - Started process (PID=4801) to work on /home/manisha/airflow_env/lib/python3.10/site-packages/airflow/example_dags/example_python_operator.py
[2024-06-18T11:06:38.032+0545] {processor.py:830} INFO - Processing file /home/manisha/airflow_env/lib/python3.10/site-packages/airflow/example_dags/example_python_operator.py for tasks to queue
[2024-06-18T11:06:38.034+0545] {logging_mixin.py:188} INFO - [2024-06-18T11:06:38.033+0545] {dagbag.py:545} INFO - Filling up the DagBag from /home/manisha/airflow_env/lib/python3.10/site-packages/airflow/example_dags/example_python_operator.py
[2024-06-18T11:06:38.045+0545] {processor.py:840} INFO - DAG(s) 'example_python_operator' retrieved from /home/manisha/airflow_env/lib/python3.10/site-packages/airflow/example_dags/example_python_operator.py
[2024-06-18T11:06:38.066+0545] {logging_mixin.py:188} INFO - [2024-06-18T11:06:38.066+0545] {dag.py:3096} INFO - Sync 1 DAGs
[2024-06-18T11:06:38.079+0545] {logging_mixin.py:188} INFO - [2024-06-18T11:06:38.079+0545] {dag.py:3954} INFO - Setting next_dagrun for example_python_operator to None, run_after=None
[2024-06-18T11:06:38.142+0545] {processor.py:183} INFO - Processing /home/manisha/airflow_env/lib/python3.10/site-packages/airflow/example_dags/example_python_operator.py took 0.118 seconds
[2024-06-18T11:07:36.449+0545] {processor.py:161} INFO - Started process (PID=4947) to work on /home/manisha/airflow_env/lib/python3.10/site-packages/airflow/example_dags/example_python_operator.py
[2024-06-18T11:07:36.452+0545] {processor.py:830} INFO - Processing file /home/manisha/airflow_env/lib/python3.10/site-packages/airflow/example_dags/example_python_operator.py for tasks to queue
[2024-06-18T11:07:36.455+0545] {logging_mixin.py:188} INFO - [2024-06-18T11:07:36.455+0545] {dagbag.py:545} INFO - Filling up the DagBag from /home/manisha/airflow_env/lib/python3.10/site-packages/airflow/example_dags/example_python_operator.py
[2024-06-18T11:07:36.470+0545] {processor.py:840} INFO - DAG(s) 'example_python_operator' retrieved from /home/manisha/airflow_env/lib/python3.10/site-packages/airflow/example_dags/example_python_operator.py
[2024-06-18T11:07:36.488+0545] {logging_mixin.py:188} INFO - [2024-06-18T11:07:36.487+0545] {dag.py:3096} INFO - Sync 1 DAGs
[2024-06-18T11:07:36.497+0545] {logging_mixin.py:188} INFO - [2024-06-18T11:07:36.497+0545] {dag.py:3954} INFO - Setting next_dagrun for example_python_operator to None, run_after=None
[2024-06-18T11:07:36.606+0545] {processor.py:183} INFO - Processing /home/manisha/airflow_env/lib/python3.10/site-packages/airflow/example_dags/example_python_operator.py took 0.174 seconds
[2024-06-18T11:08:33.341+0545] {processor.py:161} INFO - Started process (PID=5212) to work on /home/manisha/airflow_env/lib/python3.10/site-packages/airflow/example_dags/example_python_operator.py
[2024-06-18T11:08:33.355+0545] {processor.py:830} INFO - Processing file /home/manisha/airflow_env/lib/python3.10/site-packages/airflow/example_dags/example_python_operator.py for tasks to queue
[2024-06-18T11:08:33.358+0545] {logging_mixin.py:188} INFO - [2024-06-18T11:08:33.358+0545] {dagbag.py:545} INFO - Filling up the DagBag from /home/manisha/airflow_env/lib/python3.10/site-packages/airflow/example_dags/example_python_operator.py
[2024-06-18T11:08:33.381+0545] {processor.py:840} INFO - DAG(s) 'example_python_operator' retrieved from /home/manisha/airflow_env/lib/python3.10/site-packages/airflow/example_dags/example_python_operator.py
[2024-06-18T11:08:33.403+0545] {logging_mixin.py:188} INFO - [2024-06-18T11:08:33.403+0545] {dag.py:3096} INFO - Sync 1 DAGs
[2024-06-18T11:08:33.415+0545] {logging_mixin.py:188} INFO - [2024-06-18T11:08:33.415+0545] {dag.py:3954} INFO - Setting next_dagrun for example_python_operator to None, run_after=None
[2024-06-18T11:08:33.511+0545] {processor.py:183} INFO - Processing /home/manisha/airflow_env/lib/python3.10/site-packages/airflow/example_dags/example_python_operator.py took 0.181 seconds
[2024-06-18T11:09:32.727+0545] {processor.py:161} INFO - Started process (PID=5645) to work on /home/manisha/airflow_env/lib/python3.10/site-packages/airflow/example_dags/example_python_operator.py
[2024-06-18T11:09:32.741+0545] {processor.py:830} INFO - Processing file /home/manisha/airflow_env/lib/python3.10/site-packages/airflow/example_dags/example_python_operator.py for tasks to queue
[2024-06-18T11:09:32.746+0545] {logging_mixin.py:188} INFO - [2024-06-18T11:09:32.745+0545] {dagbag.py:545} INFO - Filling up the DagBag from /home/manisha/airflow_env/lib/python3.10/site-packages/airflow/example_dags/example_python_operator.py
[2024-06-18T11:09:32.775+0545] {processor.py:840} INFO - DAG(s) 'example_python_operator' retrieved from /home/manisha/airflow_env/lib/python3.10/site-packages/airflow/example_dags/example_python_operator.py
[2024-06-18T11:09:32.795+0545] {logging_mixin.py:188} INFO - [2024-06-18T11:09:32.795+0545] {dag.py:3096} INFO - Sync 1 DAGs
[2024-06-18T11:09:32.805+0545] {logging_mixin.py:188} INFO - [2024-06-18T11:09:32.805+0545] {dag.py:3954} INFO - Setting next_dagrun for example_python_operator to None, run_after=None
[2024-06-18T11:09:32.892+0545] {processor.py:183} INFO - Processing /home/manisha/airflow_env/lib/python3.10/site-packages/airflow/example_dags/example_python_operator.py took 0.172 seconds
[2024-06-18T11:44:00.020+0545] {processor.py:161} INFO - Started process (PID=8308) to work on /home/manisha/airflow_env/lib/python3.10/site-packages/airflow/example_dags/example_python_operator.py
[2024-06-18T11:44:00.049+0545] {processor.py:830} INFO - Processing file /home/manisha/airflow_env/lib/python3.10/site-packages/airflow/example_dags/example_python_operator.py for tasks to queue
[2024-06-18T11:44:00.050+0545] {logging_mixin.py:188} INFO - [2024-06-18T11:44:00.050+0545] {dagbag.py:545} INFO - Filling up the DagBag from /home/manisha/airflow_env/lib/python3.10/site-packages/airflow/example_dags/example_python_operator.py
[2024-06-18T11:44:00.062+0545] {processor.py:840} INFO - DAG(s) 'example_python_operator' retrieved from /home/manisha/airflow_env/lib/python3.10/site-packages/airflow/example_dags/example_python_operator.py
[2024-06-18T11:44:00.077+0545] {logging_mixin.py:188} INFO - [2024-06-18T11:44:00.076+0545] {dag.py:3096} INFO - Sync 1 DAGs
[2024-06-18T11:44:00.088+0545] {logging_mixin.py:188} INFO - [2024-06-18T11:44:00.088+0545] {dag.py:3954} INFO - Setting next_dagrun for example_python_operator to None, run_after=None
[2024-06-18T11:44:00.197+0545] {processor.py:183} INFO - Processing /home/manisha/airflow_env/lib/python3.10/site-packages/airflow/example_dags/example_python_operator.py took 0.183 seconds
[2024-06-18T11:44:32.048+0545] {processor.py:161} INFO - Started process (PID=8364) to work on /home/manisha/airflow_env/lib/python3.10/site-packages/airflow/example_dags/example_python_operator.py
[2024-06-18T11:44:32.078+0545] {processor.py:830} INFO - Processing file /home/manisha/airflow_env/lib/python3.10/site-packages/airflow/example_dags/example_python_operator.py for tasks to queue
[2024-06-18T11:44:32.080+0545] {logging_mixin.py:188} INFO - [2024-06-18T11:44:32.079+0545] {dagbag.py:545} INFO - Filling up the DagBag from /home/manisha/airflow_env/lib/python3.10/site-packages/airflow/example_dags/example_python_operator.py
[2024-06-18T11:44:32.089+0545] {processor.py:840} INFO - DAG(s) 'example_python_operator' retrieved from /home/manisha/airflow_env/lib/python3.10/site-packages/airflow/example_dags/example_python_operator.py
[2024-06-18T11:44:32.306+0545] {logging_mixin.py:188} INFO - [2024-06-18T11:44:32.306+0545] {dag.py:3096} INFO - Sync 1 DAGs
[2024-06-18T11:44:32.317+0545] {logging_mixin.py:188} INFO - [2024-06-18T11:44:32.316+0545] {dag.py:3954} INFO - Setting next_dagrun for example_python_operator to None, run_after=None
[2024-06-18T11:44:32.502+0545] {processor.py:183} INFO - Processing /home/manisha/airflow_env/lib/python3.10/site-packages/airflow/example_dags/example_python_operator.py took 0.461 seconds
[2024-06-18T11:45:03.185+0545] {processor.py:161} INFO - Started process (PID=8418) to work on /home/manisha/airflow_env/lib/python3.10/site-packages/airflow/example_dags/example_python_operator.py
[2024-06-18T11:45:03.186+0545] {processor.py:830} INFO - Processing file /home/manisha/airflow_env/lib/python3.10/site-packages/airflow/example_dags/example_python_operator.py for tasks to queue
[2024-06-18T11:45:03.188+0545] {logging_mixin.py:188} INFO - [2024-06-18T11:45:03.187+0545] {dagbag.py:545} INFO - Filling up the DagBag from /home/manisha/airflow_env/lib/python3.10/site-packages/airflow/example_dags/example_python_operator.py
[2024-06-18T11:45:03.198+0545] {processor.py:840} INFO - DAG(s) 'example_python_operator' retrieved from /home/manisha/airflow_env/lib/python3.10/site-packages/airflow/example_dags/example_python_operator.py
[2024-06-18T11:45:03.312+0545] {logging_mixin.py:188} INFO - [2024-06-18T11:45:03.312+0545] {dag.py:3096} INFO - Sync 1 DAGs
[2024-06-18T11:45:03.326+0545] {logging_mixin.py:188} INFO - [2024-06-18T11:45:03.325+0545] {dag.py:3954} INFO - Setting next_dagrun for example_python_operator to None, run_after=None
[2024-06-18T11:45:03.408+0545] {processor.py:183} INFO - Processing /home/manisha/airflow_env/lib/python3.10/site-packages/airflow/example_dags/example_python_operator.py took 0.232 seconds
[2024-06-18T11:45:34.129+0545] {processor.py:161} INFO - Started process (PID=8469) to work on /home/manisha/airflow_env/lib/python3.10/site-packages/airflow/example_dags/example_python_operator.py
[2024-06-18T11:45:34.129+0545] {processor.py:830} INFO - Processing file /home/manisha/airflow_env/lib/python3.10/site-packages/airflow/example_dags/example_python_operator.py for tasks to queue
[2024-06-18T11:45:34.130+0545] {logging_mixin.py:188} INFO - [2024-06-18T11:45:34.130+0545] {dagbag.py:545} INFO - Filling up the DagBag from /home/manisha/airflow_env/lib/python3.10/site-packages/airflow/example_dags/example_python_operator.py
[2024-06-18T11:45:34.140+0545] {processor.py:840} INFO - DAG(s) 'example_python_operator' retrieved from /home/manisha/airflow_env/lib/python3.10/site-packages/airflow/example_dags/example_python_operator.py
[2024-06-18T11:45:34.166+0545] {logging_mixin.py:188} INFO - [2024-06-18T11:45:34.166+0545] {dag.py:3096} INFO - Sync 1 DAGs
[2024-06-18T11:45:34.178+0545] {logging_mixin.py:188} INFO - [2024-06-18T11:45:34.178+0545] {dag.py:3954} INFO - Setting next_dagrun for example_python_operator to None, run_after=None
[2024-06-18T11:45:34.273+0545] {processor.py:183} INFO - Processing /home/manisha/airflow_env/lib/python3.10/site-packages/airflow/example_dags/example_python_operator.py took 0.151 seconds
[2024-06-18T11:46:04.446+0545] {processor.py:161} INFO - Started process (PID=8522) to work on /home/manisha/airflow_env/lib/python3.10/site-packages/airflow/example_dags/example_python_operator.py
[2024-06-18T11:46:04.463+0545] {processor.py:830} INFO - Processing file /home/manisha/airflow_env/lib/python3.10/site-packages/airflow/example_dags/example_python_operator.py for tasks to queue
[2024-06-18T11:46:04.465+0545] {logging_mixin.py:188} INFO - [2024-06-18T11:46:04.464+0545] {dagbag.py:545} INFO - Filling up the DagBag from /home/manisha/airflow_env/lib/python3.10/site-packages/airflow/example_dags/example_python_operator.py
[2024-06-18T11:46:04.476+0545] {processor.py:840} INFO - DAG(s) 'example_python_operator' retrieved from /home/manisha/airflow_env/lib/python3.10/site-packages/airflow/example_dags/example_python_operator.py
[2024-06-18T11:46:04.501+0545] {logging_mixin.py:188} INFO - [2024-06-18T11:46:04.501+0545] {dag.py:3096} INFO - Sync 1 DAGs
[2024-06-18T11:46:04.513+0545] {logging_mixin.py:188} INFO - [2024-06-18T11:46:04.513+0545] {dag.py:3954} INFO - Setting next_dagrun for example_python_operator to None, run_after=None
[2024-06-18T11:46:04.573+0545] {processor.py:183} INFO - Processing /home/manisha/airflow_env/lib/python3.10/site-packages/airflow/example_dags/example_python_operator.py took 0.134 seconds
[2024-06-18T11:46:35.255+0545] {processor.py:161} INFO - Started process (PID=8573) to work on /home/manisha/airflow_env/lib/python3.10/site-packages/airflow/example_dags/example_python_operator.py
[2024-06-18T11:46:35.256+0545] {processor.py:830} INFO - Processing file /home/manisha/airflow_env/lib/python3.10/site-packages/airflow/example_dags/example_python_operator.py for tasks to queue
[2024-06-18T11:46:35.258+0545] {logging_mixin.py:188} INFO - [2024-06-18T11:46:35.257+0545] {dagbag.py:545} INFO - Filling up the DagBag from /home/manisha/airflow_env/lib/python3.10/site-packages/airflow/example_dags/example_python_operator.py
[2024-06-18T11:46:35.268+0545] {processor.py:840} INFO - DAG(s) 'example_python_operator' retrieved from /home/manisha/airflow_env/lib/python3.10/site-packages/airflow/example_dags/example_python_operator.py
[2024-06-18T11:46:35.293+0545] {logging_mixin.py:188} INFO - [2024-06-18T11:46:35.292+0545] {dag.py:3096} INFO - Sync 1 DAGs
[2024-06-18T11:46:35.305+0545] {logging_mixin.py:188} INFO - [2024-06-18T11:46:35.305+0545] {dag.py:3954} INFO - Setting next_dagrun for example_python_operator to None, run_after=None
[2024-06-18T11:46:35.393+0545] {processor.py:183} INFO - Processing /home/manisha/airflow_env/lib/python3.10/site-packages/airflow/example_dags/example_python_operator.py took 0.146 seconds
[2024-06-18T11:47:05.826+0545] {processor.py:161} INFO - Started process (PID=8624) to work on /home/manisha/airflow_env/lib/python3.10/site-packages/airflow/example_dags/example_python_operator.py
[2024-06-18T11:47:05.842+0545] {processor.py:830} INFO - Processing file /home/manisha/airflow_env/lib/python3.10/site-packages/airflow/example_dags/example_python_operator.py for tasks to queue
[2024-06-18T11:47:05.844+0545] {logging_mixin.py:188} INFO - [2024-06-18T11:47:05.844+0545] {dagbag.py:545} INFO - Filling up the DagBag from /home/manisha/airflow_env/lib/python3.10/site-packages/airflow/example_dags/example_python_operator.py
[2024-06-18T11:47:05.857+0545] {processor.py:840} INFO - DAG(s) 'example_python_operator' retrieved from /home/manisha/airflow_env/lib/python3.10/site-packages/airflow/example_dags/example_python_operator.py
[2024-06-18T11:47:05.888+0545] {logging_mixin.py:188} INFO - [2024-06-18T11:47:05.887+0545] {dag.py:3096} INFO - Sync 1 DAGs
[2024-06-18T11:47:05.899+0545] {logging_mixin.py:188} INFO - [2024-06-18T11:47:05.898+0545] {dag.py:3954} INFO - Setting next_dagrun for example_python_operator to None, run_after=None
[2024-06-18T11:47:05.989+0545] {processor.py:183} INFO - Processing /home/manisha/airflow_env/lib/python3.10/site-packages/airflow/example_dags/example_python_operator.py took 0.170 seconds
[2024-06-18T11:47:36.238+0545] {processor.py:161} INFO - Started process (PID=8675) to work on /home/manisha/airflow_env/lib/python3.10/site-packages/airflow/example_dags/example_python_operator.py
[2024-06-18T11:47:36.239+0545] {processor.py:830} INFO - Processing file /home/manisha/airflow_env/lib/python3.10/site-packages/airflow/example_dags/example_python_operator.py for tasks to queue
[2024-06-18T11:47:36.240+0545] {logging_mixin.py:188} INFO - [2024-06-18T11:47:36.240+0545] {dagbag.py:545} INFO - Filling up the DagBag from /home/manisha/airflow_env/lib/python3.10/site-packages/airflow/example_dags/example_python_operator.py
[2024-06-18T11:47:36.251+0545] {processor.py:840} INFO - DAG(s) 'example_python_operator' retrieved from /home/manisha/airflow_env/lib/python3.10/site-packages/airflow/example_dags/example_python_operator.py
[2024-06-18T11:47:36.278+0545] {logging_mixin.py:188} INFO - [2024-06-18T11:47:36.278+0545] {dag.py:3096} INFO - Sync 1 DAGs
[2024-06-18T11:47:36.290+0545] {logging_mixin.py:188} INFO - [2024-06-18T11:47:36.289+0545] {dag.py:3954} INFO - Setting next_dagrun for example_python_operator to None, run_after=None
[2024-06-18T11:47:36.356+0545] {processor.py:183} INFO - Processing /home/manisha/airflow_env/lib/python3.10/site-packages/airflow/example_dags/example_python_operator.py took 0.125 seconds
[2024-06-18T11:48:30.454+0545] {processor.py:161} INFO - Started process (PID=8751) to work on /home/manisha/airflow_env/lib/python3.10/site-packages/airflow/example_dags/example_python_operator.py
[2024-06-18T11:48:30.472+0545] {processor.py:830} INFO - Processing file /home/manisha/airflow_env/lib/python3.10/site-packages/airflow/example_dags/example_python_operator.py for tasks to queue
[2024-06-18T11:48:30.473+0545] {logging_mixin.py:188} INFO - [2024-06-18T11:48:30.473+0545] {dagbag.py:545} INFO - Filling up the DagBag from /home/manisha/airflow_env/lib/python3.10/site-packages/airflow/example_dags/example_python_operator.py
[2024-06-18T11:48:30.488+0545] {processor.py:840} INFO - DAG(s) 'example_python_operator' retrieved from /home/manisha/airflow_env/lib/python3.10/site-packages/airflow/example_dags/example_python_operator.py
[2024-06-18T11:48:30.504+0545] {logging_mixin.py:188} INFO - [2024-06-18T11:48:30.504+0545] {dag.py:3096} INFO - Sync 1 DAGs
[2024-06-18T11:48:30.520+0545] {logging_mixin.py:188} INFO - [2024-06-18T11:48:30.519+0545] {dag.py:3954} INFO - Setting next_dagrun for example_python_operator to None, run_after=None
[2024-06-18T11:48:30.602+0545] {processor.py:183} INFO - Processing /home/manisha/airflow_env/lib/python3.10/site-packages/airflow/example_dags/example_python_operator.py took 0.154 seconds
[2024-06-18T11:49:02.853+0545] {processor.py:161} INFO - Started process (PID=8865) to work on /home/manisha/airflow_env/lib/python3.10/site-packages/airflow/example_dags/example_python_operator.py
[2024-06-18T11:49:02.859+0545] {processor.py:830} INFO - Processing file /home/manisha/airflow_env/lib/python3.10/site-packages/airflow/example_dags/example_python_operator.py for tasks to queue
[2024-06-18T11:49:02.861+0545] {logging_mixin.py:188} INFO - [2024-06-18T11:49:02.861+0545] {dagbag.py:545} INFO - Filling up the DagBag from /home/manisha/airflow_env/lib/python3.10/site-packages/airflow/example_dags/example_python_operator.py
[2024-06-18T11:49:02.872+0545] {processor.py:840} INFO - DAG(s) 'example_python_operator' retrieved from /home/manisha/airflow_env/lib/python3.10/site-packages/airflow/example_dags/example_python_operator.py
[2024-06-18T11:49:03.218+0545] {logging_mixin.py:188} INFO - [2024-06-18T11:49:03.218+0545] {dag.py:3096} INFO - Sync 1 DAGs
[2024-06-18T11:49:03.240+0545] {logging_mixin.py:188} INFO - [2024-06-18T11:49:03.240+0545] {dag.py:3954} INFO - Setting next_dagrun for example_python_operator to None, run_after=None
[2024-06-18T11:49:03.373+0545] {processor.py:183} INFO - Processing /home/manisha/airflow_env/lib/python3.10/site-packages/airflow/example_dags/example_python_operator.py took 0.527 seconds
[2024-06-18T11:49:34.074+0545] {processor.py:161} INFO - Started process (PID=8936) to work on /home/manisha/airflow_env/lib/python3.10/site-packages/airflow/example_dags/example_python_operator.py
[2024-06-18T11:49:34.182+0545] {processor.py:830} INFO - Processing file /home/manisha/airflow_env/lib/python3.10/site-packages/airflow/example_dags/example_python_operator.py for tasks to queue
[2024-06-18T11:49:34.187+0545] {logging_mixin.py:188} INFO - [2024-06-18T11:49:34.186+0545] {dagbag.py:545} INFO - Filling up the DagBag from /home/manisha/airflow_env/lib/python3.10/site-packages/airflow/example_dags/example_python_operator.py
[2024-06-18T11:49:34.214+0545] {processor.py:840} INFO - DAG(s) 'example_python_operator' retrieved from /home/manisha/airflow_env/lib/python3.10/site-packages/airflow/example_dags/example_python_operator.py
[2024-06-18T11:49:34.355+0545] {logging_mixin.py:188} INFO - [2024-06-18T11:49:34.355+0545] {dag.py:3096} INFO - Sync 1 DAGs
[2024-06-18T11:49:34.369+0545] {logging_mixin.py:188} INFO - [2024-06-18T11:49:34.369+0545] {dag.py:3954} INFO - Setting next_dagrun for example_python_operator to None, run_after=None
[2024-06-18T11:49:34.498+0545] {processor.py:183} INFO - Processing /home/manisha/airflow_env/lib/python3.10/site-packages/airflow/example_dags/example_python_operator.py took 0.431 seconds
[2024-06-18T11:50:04.875+0545] {processor.py:161} INFO - Started process (PID=8992) to work on /home/manisha/airflow_env/lib/python3.10/site-packages/airflow/example_dags/example_python_operator.py
[2024-06-18T11:50:04.876+0545] {processor.py:830} INFO - Processing file /home/manisha/airflow_env/lib/python3.10/site-packages/airflow/example_dags/example_python_operator.py for tasks to queue
[2024-06-18T11:50:04.879+0545] {logging_mixin.py:188} INFO - [2024-06-18T11:50:04.878+0545] {dagbag.py:545} INFO - Filling up the DagBag from /home/manisha/airflow_env/lib/python3.10/site-packages/airflow/example_dags/example_python_operator.py
[2024-06-18T11:50:04.890+0545] {processor.py:840} INFO - DAG(s) 'example_python_operator' retrieved from /home/manisha/airflow_env/lib/python3.10/site-packages/airflow/example_dags/example_python_operator.py
[2024-06-18T11:50:04.919+0545] {logging_mixin.py:188} INFO - [2024-06-18T11:50:04.918+0545] {dag.py:3096} INFO - Sync 1 DAGs
[2024-06-18T11:50:04.930+0545] {logging_mixin.py:188} INFO - [2024-06-18T11:50:04.930+0545] {dag.py:3954} INFO - Setting next_dagrun for example_python_operator to None, run_after=None
[2024-06-18T11:50:05.174+0545] {processor.py:183} INFO - Processing /home/manisha/airflow_env/lib/python3.10/site-packages/airflow/example_dags/example_python_operator.py took 0.310 seconds
[2024-06-18T11:50:35.439+0545] {processor.py:161} INFO - Started process (PID=9051) to work on /home/manisha/airflow_env/lib/python3.10/site-packages/airflow/example_dags/example_python_operator.py
[2024-06-18T11:50:35.490+0545] {processor.py:830} INFO - Processing file /home/manisha/airflow_env/lib/python3.10/site-packages/airflow/example_dags/example_python_operator.py for tasks to queue
[2024-06-18T11:50:35.495+0545] {logging_mixin.py:188} INFO - [2024-06-18T11:50:35.494+0545] {dagbag.py:545} INFO - Filling up the DagBag from /home/manisha/airflow_env/lib/python3.10/site-packages/airflow/example_dags/example_python_operator.py
[2024-06-18T11:50:35.522+0545] {processor.py:840} INFO - DAG(s) 'example_python_operator' retrieved from /home/manisha/airflow_env/lib/python3.10/site-packages/airflow/example_dags/example_python_operator.py
[2024-06-18T11:50:35.554+0545] {logging_mixin.py:188} INFO - [2024-06-18T11:50:35.554+0545] {dag.py:3096} INFO - Sync 1 DAGs
[2024-06-18T11:50:35.567+0545] {logging_mixin.py:188} INFO - [2024-06-18T11:50:35.567+0545] {dag.py:3954} INFO - Setting next_dagrun for example_python_operator to None, run_after=None
[2024-06-18T11:50:35.709+0545] {processor.py:183} INFO - Processing /home/manisha/airflow_env/lib/python3.10/site-packages/airflow/example_dags/example_python_operator.py took 0.280 seconds
[2024-06-18T11:50:57.475+0545] {processor.py:161} INFO - Started process (PID=9321) to work on /home/manisha/airflow_env/lib/python3.10/site-packages/airflow/example_dags/example_python_operator.py
[2024-06-18T11:50:57.489+0545] {processor.py:830} INFO - Processing file /home/manisha/airflow_env/lib/python3.10/site-packages/airflow/example_dags/example_python_operator.py for tasks to queue
[2024-06-18T11:50:57.492+0545] {logging_mixin.py:188} INFO - [2024-06-18T11:50:57.492+0545] {dagbag.py:545} INFO - Filling up the DagBag from /home/manisha/airflow_env/lib/python3.10/site-packages/airflow/example_dags/example_python_operator.py
[2024-06-18T11:50:57.520+0545] {processor.py:840} INFO - DAG(s) 'example_python_operator' retrieved from /home/manisha/airflow_env/lib/python3.10/site-packages/airflow/example_dags/example_python_operator.py
[2024-06-18T11:50:57.541+0545] {logging_mixin.py:188} INFO - [2024-06-18T11:50:57.541+0545] {dag.py:3096} INFO - Sync 1 DAGs
[2024-06-18T11:50:57.559+0545] {logging_mixin.py:188} INFO - [2024-06-18T11:50:57.559+0545] {dag.py:3954} INFO - Setting next_dagrun for example_python_operator to None, run_after=None
[2024-06-18T11:50:57.824+0545] {processor.py:183} INFO - Processing /home/manisha/airflow_env/lib/python3.10/site-packages/airflow/example_dags/example_python_operator.py took 0.361 seconds
[2024-06-18T11:51:29.963+0545] {processor.py:161} INFO - Started process (PID=9594) to work on /home/manisha/airflow_env/lib/python3.10/site-packages/airflow/example_dags/example_python_operator.py
[2024-06-18T11:51:30.008+0545] {processor.py:830} INFO - Processing file /home/manisha/airflow_env/lib/python3.10/site-packages/airflow/example_dags/example_python_operator.py for tasks to queue
[2024-06-18T11:51:30.011+0545] {logging_mixin.py:188} INFO - [2024-06-18T11:51:30.010+0545] {dagbag.py:545} INFO - Filling up the DagBag from /home/manisha/airflow_env/lib/python3.10/site-packages/airflow/example_dags/example_python_operator.py
[2024-06-18T11:51:30.030+0545] {processor.py:840} INFO - DAG(s) 'example_python_operator' retrieved from /home/manisha/airflow_env/lib/python3.10/site-packages/airflow/example_dags/example_python_operator.py
[2024-06-18T11:51:30.251+0545] {logging_mixin.py:188} INFO - [2024-06-18T11:51:30.250+0545] {dag.py:3096} INFO - Sync 1 DAGs
[2024-06-18T11:51:30.262+0545] {logging_mixin.py:188} INFO - [2024-06-18T11:51:30.262+0545] {dag.py:3954} INFO - Setting next_dagrun for example_python_operator to None, run_after=None
[2024-06-18T11:51:30.406+0545] {processor.py:183} INFO - Processing /home/manisha/airflow_env/lib/python3.10/site-packages/airflow/example_dags/example_python_operator.py took 0.449 seconds
