[2024-06-18T10:57:02.250+0545] {processor.py:161} INFO - Started process (PID=4035) to work on /home/manisha/airflow_env/lib/python3.10/site-packages/airflow/example_dags/example_time_delta_sensor_async.py
[2024-06-18T10:57:02.251+0545] {processor.py:830} INFO - Processing file /home/manisha/airflow_env/lib/python3.10/site-packages/airflow/example_dags/example_time_delta_sensor_async.py for tasks to queue
[2024-06-18T10:57:02.252+0545] {logging_mixin.py:188} INFO - [2024-06-18T10:57:02.252+0545] {dagbag.py:545} INFO - Filling up the DagBag from /home/manisha/airflow_env/lib/python3.10/site-packages/airflow/example_dags/example_time_delta_sensor_async.py
[2024-06-18T10:57:02.257+0545] {processor.py:840} INFO - DAG(s) 'example_time_delta_sensor_async' retrieved from /home/manisha/airflow_env/lib/python3.10/site-packages/airflow/example_dags/example_time_delta_sensor_async.py
[2024-06-18T10:57:02.542+0545] {logging_mixin.py:188} INFO - [2024-06-18T10:57:02.540+0545] {override.py:1829} INFO - Created Permission View: can edit on DAG:example_time_delta_sensor_async
[2024-06-18T10:57:02.620+0545] {logging_mixin.py:188} INFO - [2024-06-18T10:57:02.618+0545] {override.py:1829} INFO - Created Permission View: can read on DAG:example_time_delta_sensor_async
[2024-06-18T10:57:02.676+0545] {logging_mixin.py:188} INFO - [2024-06-18T10:57:02.675+0545] {override.py:1829} INFO - Created Permission View: can delete on DAG:example_time_delta_sensor_async
[2024-06-18T10:57:02.678+0545] {logging_mixin.py:188} INFO - [2024-06-18T10:57:02.678+0545] {dag.py:3096} INFO - Sync 1 DAGs
[2024-06-18T10:57:02.713+0545] {logging_mixin.py:188} INFO - [2024-06-18T10:57:02.713+0545] {dag.py:3118} INFO - Creating ORM DAG for example_time_delta_sensor_async
[2024-06-18T10:57:02.714+0545] {logging_mixin.py:188} INFO - [2024-06-18T10:57:02.714+0545] {dag.py:3954} INFO - Setting next_dagrun for example_time_delta_sensor_async to None, run_after=None
[2024-06-18T10:57:02.804+0545] {processor.py:183} INFO - Processing /home/manisha/airflow_env/lib/python3.10/site-packages/airflow/example_dags/example_time_delta_sensor_async.py took 0.560 seconds
[2024-06-18T10:58:21.459+0545] {processor.py:161} INFO - Started process (PID=4151) to work on /home/manisha/airflow_env/lib/python3.10/site-packages/airflow/example_dags/example_time_delta_sensor_async.py
[2024-06-18T10:58:21.460+0545] {processor.py:830} INFO - Processing file /home/manisha/airflow_env/lib/python3.10/site-packages/airflow/example_dags/example_time_delta_sensor_async.py for tasks to queue
[2024-06-18T10:58:21.462+0545] {logging_mixin.py:188} INFO - [2024-06-18T10:58:21.461+0545] {dagbag.py:545} INFO - Filling up the DagBag from /home/manisha/airflow_env/lib/python3.10/site-packages/airflow/example_dags/example_time_delta_sensor_async.py
[2024-06-18T10:58:21.466+0545] {processor.py:840} INFO - DAG(s) 'example_time_delta_sensor_async' retrieved from /home/manisha/airflow_env/lib/python3.10/site-packages/airflow/example_dags/example_time_delta_sensor_async.py
[2024-06-18T10:58:21.482+0545] {logging_mixin.py:188} INFO - [2024-06-18T10:58:21.481+0545] {dag.py:3096} INFO - Sync 1 DAGs
[2024-06-18T10:58:21.494+0545] {logging_mixin.py:188} INFO - [2024-06-18T10:58:21.494+0545] {dag.py:3954} INFO - Setting next_dagrun for example_time_delta_sensor_async to None, run_after=None
[2024-06-18T10:58:21.642+0545] {processor.py:183} INFO - Processing /home/manisha/airflow_env/lib/python3.10/site-packages/airflow/example_dags/example_time_delta_sensor_async.py took 0.189 seconds
[2024-06-18T10:59:23.871+0545] {processor.py:161} INFO - Started process (PID=4204) to work on /home/manisha/airflow_env/lib/python3.10/site-packages/airflow/example_dags/example_time_delta_sensor_async.py
[2024-06-18T10:59:23.912+0545] {processor.py:830} INFO - Processing file /home/manisha/airflow_env/lib/python3.10/site-packages/airflow/example_dags/example_time_delta_sensor_async.py for tasks to queue
[2024-06-18T10:59:23.918+0545] {logging_mixin.py:188} INFO - [2024-06-18T10:59:23.916+0545] {dagbag.py:545} INFO - Filling up the DagBag from /home/manisha/airflow_env/lib/python3.10/site-packages/airflow/example_dags/example_time_delta_sensor_async.py
[2024-06-18T10:59:23.933+0545] {processor.py:840} INFO - DAG(s) 'example_time_delta_sensor_async' retrieved from /home/manisha/airflow_env/lib/python3.10/site-packages/airflow/example_dags/example_time_delta_sensor_async.py
[2024-06-18T10:59:23.962+0545] {logging_mixin.py:188} INFO - [2024-06-18T10:59:23.962+0545] {dag.py:3096} INFO - Sync 1 DAGs
[2024-06-18T10:59:23.974+0545] {logging_mixin.py:188} INFO - [2024-06-18T10:59:23.974+0545] {dag.py:3954} INFO - Setting next_dagrun for example_time_delta_sensor_async to None, run_after=None
[2024-06-18T10:59:24.095+0545] {processor.py:183} INFO - Processing /home/manisha/airflow_env/lib/python3.10/site-packages/airflow/example_dags/example_time_delta_sensor_async.py took 0.230 seconds
[2024-06-18T11:00:27.480+0545] {processor.py:161} INFO - Started process (PID=4346) to work on /home/manisha/airflow_env/lib/python3.10/site-packages/airflow/example_dags/example_time_delta_sensor_async.py
[2024-06-18T11:00:27.518+0545] {processor.py:830} INFO - Processing file /home/manisha/airflow_env/lib/python3.10/site-packages/airflow/example_dags/example_time_delta_sensor_async.py for tasks to queue
[2024-06-18T11:00:27.524+0545] {logging_mixin.py:188} INFO - [2024-06-18T11:00:27.522+0545] {dagbag.py:545} INFO - Filling up the DagBag from /home/manisha/airflow_env/lib/python3.10/site-packages/airflow/example_dags/example_time_delta_sensor_async.py
[2024-06-18T11:00:27.541+0545] {processor.py:840} INFO - DAG(s) 'example_time_delta_sensor_async' retrieved from /home/manisha/airflow_env/lib/python3.10/site-packages/airflow/example_dags/example_time_delta_sensor_async.py
[2024-06-18T11:00:27.565+0545] {logging_mixin.py:188} INFO - [2024-06-18T11:00:27.564+0545] {dag.py:3096} INFO - Sync 1 DAGs
[2024-06-18T11:00:27.576+0545] {logging_mixin.py:188} INFO - [2024-06-18T11:00:27.576+0545] {dag.py:3954} INFO - Setting next_dagrun for example_time_delta_sensor_async to None, run_after=None
[2024-06-18T11:00:27.679+0545] {processor.py:183} INFO - Processing /home/manisha/airflow_env/lib/python3.10/site-packages/airflow/example_dags/example_time_delta_sensor_async.py took 0.206 seconds
[2024-06-18T11:01:27.960+0545] {processor.py:161} INFO - Started process (PID=4399) to work on /home/manisha/airflow_env/lib/python3.10/site-packages/airflow/example_dags/example_time_delta_sensor_async.py
[2024-06-18T11:01:28.002+0545] {processor.py:830} INFO - Processing file /home/manisha/airflow_env/lib/python3.10/site-packages/airflow/example_dags/example_time_delta_sensor_async.py for tasks to queue
[2024-06-18T11:01:28.008+0545] {logging_mixin.py:188} INFO - [2024-06-18T11:01:28.007+0545] {dagbag.py:545} INFO - Filling up the DagBag from /home/manisha/airflow_env/lib/python3.10/site-packages/airflow/example_dags/example_time_delta_sensor_async.py
[2024-06-18T11:01:28.025+0545] {processor.py:840} INFO - DAG(s) 'example_time_delta_sensor_async' retrieved from /home/manisha/airflow_env/lib/python3.10/site-packages/airflow/example_dags/example_time_delta_sensor_async.py
[2024-06-18T11:01:28.052+0545] {logging_mixin.py:188} INFO - [2024-06-18T11:01:28.051+0545] {dag.py:3096} INFO - Sync 1 DAGs
[2024-06-18T11:01:28.063+0545] {logging_mixin.py:188} INFO - [2024-06-18T11:01:28.063+0545] {dag.py:3954} INFO - Setting next_dagrun for example_time_delta_sensor_async to None, run_after=None
[2024-06-18T11:01:28.167+0545] {processor.py:183} INFO - Processing /home/manisha/airflow_env/lib/python3.10/site-packages/airflow/example_dags/example_time_delta_sensor_async.py took 0.214 seconds
[2024-06-18T11:02:29.393+0545] {processor.py:161} INFO - Started process (PID=4451) to work on /home/manisha/airflow_env/lib/python3.10/site-packages/airflow/example_dags/example_time_delta_sensor_async.py
[2024-06-18T11:02:29.430+0545] {processor.py:830} INFO - Processing file /home/manisha/airflow_env/lib/python3.10/site-packages/airflow/example_dags/example_time_delta_sensor_async.py for tasks to queue
[2024-06-18T11:02:29.436+0545] {logging_mixin.py:188} INFO - [2024-06-18T11:02:29.434+0545] {dagbag.py:545} INFO - Filling up the DagBag from /home/manisha/airflow_env/lib/python3.10/site-packages/airflow/example_dags/example_time_delta_sensor_async.py
[2024-06-18T11:02:29.451+0545] {processor.py:840} INFO - DAG(s) 'example_time_delta_sensor_async' retrieved from /home/manisha/airflow_env/lib/python3.10/site-packages/airflow/example_dags/example_time_delta_sensor_async.py
[2024-06-18T11:02:29.479+0545] {logging_mixin.py:188} INFO - [2024-06-18T11:02:29.479+0545] {dag.py:3096} INFO - Sync 1 DAGs
[2024-06-18T11:02:29.491+0545] {logging_mixin.py:188} INFO - [2024-06-18T11:02:29.490+0545] {dag.py:3954} INFO - Setting next_dagrun for example_time_delta_sensor_async to None, run_after=None
[2024-06-18T11:02:29.591+0545] {processor.py:183} INFO - Processing /home/manisha/airflow_env/lib/python3.10/site-packages/airflow/example_dags/example_time_delta_sensor_async.py took 0.205 seconds
[2024-06-18T11:03:26.560+0545] {processor.py:161} INFO - Started process (PID=4504) to work on /home/manisha/airflow_env/lib/python3.10/site-packages/airflow/example_dags/example_time_delta_sensor_async.py
[2024-06-18T11:03:26.603+0545] {processor.py:830} INFO - Processing file /home/manisha/airflow_env/lib/python3.10/site-packages/airflow/example_dags/example_time_delta_sensor_async.py for tasks to queue
[2024-06-18T11:03:26.608+0545] {logging_mixin.py:188} INFO - [2024-06-18T11:03:26.607+0545] {dagbag.py:545} INFO - Filling up the DagBag from /home/manisha/airflow_env/lib/python3.10/site-packages/airflow/example_dags/example_time_delta_sensor_async.py
[2024-06-18T11:03:26.625+0545] {processor.py:840} INFO - DAG(s) 'example_time_delta_sensor_async' retrieved from /home/manisha/airflow_env/lib/python3.10/site-packages/airflow/example_dags/example_time_delta_sensor_async.py
[2024-06-18T11:03:26.647+0545] {logging_mixin.py:188} INFO - [2024-06-18T11:03:26.647+0545] {dag.py:3096} INFO - Sync 1 DAGs
[2024-06-18T11:03:26.660+0545] {logging_mixin.py:188} INFO - [2024-06-18T11:03:26.660+0545] {dag.py:3954} INFO - Setting next_dagrun for example_time_delta_sensor_async to None, run_after=None
[2024-06-18T11:03:26.773+0545] {processor.py:183} INFO - Processing /home/manisha/airflow_env/lib/python3.10/site-packages/airflow/example_dags/example_time_delta_sensor_async.py took 0.232 seconds
[2024-06-18T11:04:28.693+0545] {processor.py:161} INFO - Started process (PID=4560) to work on /home/manisha/airflow_env/lib/python3.10/site-packages/airflow/example_dags/example_time_delta_sensor_async.py
[2024-06-18T11:04:28.734+0545] {processor.py:830} INFO - Processing file /home/manisha/airflow_env/lib/python3.10/site-packages/airflow/example_dags/example_time_delta_sensor_async.py for tasks to queue
[2024-06-18T11:04:28.739+0545] {logging_mixin.py:188} INFO - [2024-06-18T11:04:28.738+0545] {dagbag.py:545} INFO - Filling up the DagBag from /home/manisha/airflow_env/lib/python3.10/site-packages/airflow/example_dags/example_time_delta_sensor_async.py
[2024-06-18T11:04:28.755+0545] {processor.py:840} INFO - DAG(s) 'example_time_delta_sensor_async' retrieved from /home/manisha/airflow_env/lib/python3.10/site-packages/airflow/example_dags/example_time_delta_sensor_async.py
[2024-06-18T11:04:28.783+0545] {logging_mixin.py:188} INFO - [2024-06-18T11:04:28.783+0545] {dag.py:3096} INFO - Sync 1 DAGs
[2024-06-18T11:04:28.795+0545] {logging_mixin.py:188} INFO - [2024-06-18T11:04:28.795+0545] {dag.py:3954} INFO - Setting next_dagrun for example_time_delta_sensor_async to None, run_after=None
[2024-06-18T11:04:28.915+0545] {processor.py:183} INFO - Processing /home/manisha/airflow_env/lib/python3.10/site-packages/airflow/example_dags/example_time_delta_sensor_async.py took 0.228 seconds
[2024-06-18T11:06:09.966+0545] {processor.py:161} INFO - Started process (PID=4776) to work on /home/manisha/airflow_env/lib/python3.10/site-packages/airflow/example_dags/example_time_delta_sensor_async.py
[2024-06-18T11:06:09.995+0545] {processor.py:830} INFO - Processing file /home/manisha/airflow_env/lib/python3.10/site-packages/airflow/example_dags/example_time_delta_sensor_async.py for tasks to queue
[2024-06-18T11:06:09.998+0545] {logging_mixin.py:188} INFO - [2024-06-18T11:06:09.997+0545] {dagbag.py:545} INFO - Filling up the DagBag from /home/manisha/airflow_env/lib/python3.10/site-packages/airflow/example_dags/example_time_delta_sensor_async.py
[2024-06-18T11:06:10.010+0545] {processor.py:840} INFO - DAG(s) 'example_time_delta_sensor_async' retrieved from /home/manisha/airflow_env/lib/python3.10/site-packages/airflow/example_dags/example_time_delta_sensor_async.py
[2024-06-18T11:06:10.035+0545] {logging_mixin.py:188} INFO - [2024-06-18T11:06:10.035+0545] {dag.py:3096} INFO - Sync 1 DAGs
[2024-06-18T11:06:10.050+0545] {logging_mixin.py:188} INFO - [2024-06-18T11:06:10.050+0545] {dag.py:3954} INFO - Setting next_dagrun for example_time_delta_sensor_async to None, run_after=None
[2024-06-18T11:06:10.142+0545] {processor.py:183} INFO - Processing /home/manisha/airflow_env/lib/python3.10/site-packages/airflow/example_dags/example_time_delta_sensor_async.py took 0.191 seconds
[2024-06-18T11:07:10.371+0545] {processor.py:161} INFO - Started process (PID=4924) to work on /home/manisha/airflow_env/lib/python3.10/site-packages/airflow/example_dags/example_time_delta_sensor_async.py
[2024-06-18T11:07:10.373+0545] {processor.py:830} INFO - Processing file /home/manisha/airflow_env/lib/python3.10/site-packages/airflow/example_dags/example_time_delta_sensor_async.py for tasks to queue
[2024-06-18T11:07:10.376+0545] {logging_mixin.py:188} INFO - [2024-06-18T11:07:10.375+0545] {dagbag.py:545} INFO - Filling up the DagBag from /home/manisha/airflow_env/lib/python3.10/site-packages/airflow/example_dags/example_time_delta_sensor_async.py
[2024-06-18T11:07:10.383+0545] {processor.py:840} INFO - DAG(s) 'example_time_delta_sensor_async' retrieved from /home/manisha/airflow_env/lib/python3.10/site-packages/airflow/example_dags/example_time_delta_sensor_async.py
[2024-06-18T11:07:10.400+0545] {logging_mixin.py:188} INFO - [2024-06-18T11:07:10.400+0545] {dag.py:3096} INFO - Sync 1 DAGs
[2024-06-18T11:07:10.412+0545] {logging_mixin.py:188} INFO - [2024-06-18T11:07:10.412+0545] {dag.py:3954} INFO - Setting next_dagrun for example_time_delta_sensor_async to None, run_after=None
[2024-06-18T11:07:10.487+0545] {processor.py:183} INFO - Processing /home/manisha/airflow_env/lib/python3.10/site-packages/airflow/example_dags/example_time_delta_sensor_async.py took 0.134 seconds
[2024-06-18T11:08:07.683+0545] {processor.py:161} INFO - Started process (PID=4977) to work on /home/manisha/airflow_env/lib/python3.10/site-packages/airflow/example_dags/example_time_delta_sensor_async.py
[2024-06-18T11:08:07.724+0545] {processor.py:830} INFO - Processing file /home/manisha/airflow_env/lib/python3.10/site-packages/airflow/example_dags/example_time_delta_sensor_async.py for tasks to queue
[2024-06-18T11:08:07.729+0545] {logging_mixin.py:188} INFO - [2024-06-18T11:08:07.728+0545] {dagbag.py:545} INFO - Filling up the DagBag from /home/manisha/airflow_env/lib/python3.10/site-packages/airflow/example_dags/example_time_delta_sensor_async.py
[2024-06-18T11:08:07.744+0545] {processor.py:840} INFO - DAG(s) 'example_time_delta_sensor_async' retrieved from /home/manisha/airflow_env/lib/python3.10/site-packages/airflow/example_dags/example_time_delta_sensor_async.py
[2024-06-18T11:08:07.771+0545] {logging_mixin.py:188} INFO - [2024-06-18T11:08:07.771+0545] {dag.py:3096} INFO - Sync 1 DAGs
[2024-06-18T11:08:07.783+0545] {logging_mixin.py:188} INFO - [2024-06-18T11:08:07.783+0545] {dag.py:3954} INFO - Setting next_dagrun for example_time_delta_sensor_async to None, run_after=None
[2024-06-18T11:08:07.849+0545] {processor.py:183} INFO - Processing /home/manisha/airflow_env/lib/python3.10/site-packages/airflow/example_dags/example_time_delta_sensor_async.py took 0.172 seconds
[2024-06-18T11:09:10.066+0545] {processor.py:161} INFO - Started process (PID=5621) to work on /home/manisha/airflow_env/lib/python3.10/site-packages/airflow/example_dags/example_time_delta_sensor_async.py
[2024-06-18T11:09:10.085+0545] {processor.py:830} INFO - Processing file /home/manisha/airflow_env/lib/python3.10/site-packages/airflow/example_dags/example_time_delta_sensor_async.py for tasks to queue
[2024-06-18T11:09:10.086+0545] {logging_mixin.py:188} INFO - [2024-06-18T11:09:10.086+0545] {dagbag.py:545} INFO - Filling up the DagBag from /home/manisha/airflow_env/lib/python3.10/site-packages/airflow/example_dags/example_time_delta_sensor_async.py
[2024-06-18T11:09:10.092+0545] {processor.py:840} INFO - DAG(s) 'example_time_delta_sensor_async' retrieved from /home/manisha/airflow_env/lib/python3.10/site-packages/airflow/example_dags/example_time_delta_sensor_async.py
[2024-06-18T11:09:10.109+0545] {logging_mixin.py:188} INFO - [2024-06-18T11:09:10.109+0545] {dag.py:3096} INFO - Sync 1 DAGs
[2024-06-18T11:09:10.123+0545] {logging_mixin.py:188} INFO - [2024-06-18T11:09:10.122+0545] {dag.py:3954} INFO - Setting next_dagrun for example_time_delta_sensor_async to None, run_after=None
[2024-06-18T11:09:10.218+0545] {processor.py:183} INFO - Processing /home/manisha/airflow_env/lib/python3.10/site-packages/airflow/example_dags/example_time_delta_sensor_async.py took 0.161 seconds
[2024-06-18T11:10:09.466+0545] {processor.py:161} INFO - Started process (PID=5680) to work on /home/manisha/airflow_env/lib/python3.10/site-packages/airflow/example_dags/example_time_delta_sensor_async.py
[2024-06-18T11:10:09.467+0545] {processor.py:830} INFO - Processing file /home/manisha/airflow_env/lib/python3.10/site-packages/airflow/example_dags/example_time_delta_sensor_async.py for tasks to queue
[2024-06-18T11:10:09.469+0545] {logging_mixin.py:188} INFO - [2024-06-18T11:10:09.469+0545] {dagbag.py:545} INFO - Filling up the DagBag from /home/manisha/airflow_env/lib/python3.10/site-packages/airflow/example_dags/example_time_delta_sensor_async.py
[2024-06-18T11:10:09.474+0545] {processor.py:840} INFO - DAG(s) 'example_time_delta_sensor_async' retrieved from /home/manisha/airflow_env/lib/python3.10/site-packages/airflow/example_dags/example_time_delta_sensor_async.py
[2024-06-18T11:10:09.490+0545] {logging_mixin.py:188} INFO - [2024-06-18T11:10:09.489+0545] {dag.py:3096} INFO - Sync 1 DAGs
[2024-06-18T11:10:09.502+0545] {logging_mixin.py:188} INFO - [2024-06-18T11:10:09.501+0545] {dag.py:3954} INFO - Setting next_dagrun for example_time_delta_sensor_async to None, run_after=None
[2024-06-18T11:10:09.615+0545] {processor.py:183} INFO - Processing /home/manisha/airflow_env/lib/python3.10/site-packages/airflow/example_dags/example_time_delta_sensor_async.py took 0.156 seconds
[2024-06-18T11:44:00.356+0545] {processor.py:161} INFO - Started process (PID=8312) to work on /home/manisha/airflow_env/lib/python3.10/site-packages/airflow/example_dags/example_time_delta_sensor_async.py
[2024-06-18T11:44:00.366+0545] {processor.py:830} INFO - Processing file /home/manisha/airflow_env/lib/python3.10/site-packages/airflow/example_dags/example_time_delta_sensor_async.py for tasks to queue
[2024-06-18T11:44:00.368+0545] {logging_mixin.py:188} INFO - [2024-06-18T11:44:00.367+0545] {dagbag.py:545} INFO - Filling up the DagBag from /home/manisha/airflow_env/lib/python3.10/site-packages/airflow/example_dags/example_time_delta_sensor_async.py
[2024-06-18T11:44:00.371+0545] {processor.py:840} INFO - DAG(s) 'example_time_delta_sensor_async' retrieved from /home/manisha/airflow_env/lib/python3.10/site-packages/airflow/example_dags/example_time_delta_sensor_async.py
[2024-06-18T11:44:00.386+0545] {logging_mixin.py:188} INFO - [2024-06-18T11:44:00.386+0545] {dag.py:3096} INFO - Sync 1 DAGs
[2024-06-18T11:44:00.398+0545] {logging_mixin.py:188} INFO - [2024-06-18T11:44:00.398+0545] {dag.py:3954} INFO - Setting next_dagrun for example_time_delta_sensor_async to None, run_after=None
[2024-06-18T11:44:00.549+0545] {processor.py:183} INFO - Processing /home/manisha/airflow_env/lib/python3.10/site-packages/airflow/example_dags/example_time_delta_sensor_async.py took 0.198 seconds
[2024-06-18T11:44:32.955+0545] {processor.py:161} INFO - Started process (PID=8368) to work on /home/manisha/airflow_env/lib/python3.10/site-packages/airflow/example_dags/example_time_delta_sensor_async.py
[2024-06-18T11:44:32.957+0545] {processor.py:830} INFO - Processing file /home/manisha/airflow_env/lib/python3.10/site-packages/airflow/example_dags/example_time_delta_sensor_async.py for tasks to queue
[2024-06-18T11:44:32.959+0545] {logging_mixin.py:188} INFO - [2024-06-18T11:44:32.958+0545] {dagbag.py:545} INFO - Filling up the DagBag from /home/manisha/airflow_env/lib/python3.10/site-packages/airflow/example_dags/example_time_delta_sensor_async.py
[2024-06-18T11:44:32.963+0545] {processor.py:840} INFO - DAG(s) 'example_time_delta_sensor_async' retrieved from /home/manisha/airflow_env/lib/python3.10/site-packages/airflow/example_dags/example_time_delta_sensor_async.py
[2024-06-18T11:44:33.171+0545] {logging_mixin.py:188} INFO - [2024-06-18T11:44:33.171+0545] {dag.py:3096} INFO - Sync 1 DAGs
[2024-06-18T11:44:33.183+0545] {logging_mixin.py:188} INFO - [2024-06-18T11:44:33.183+0545] {dag.py:3954} INFO - Setting next_dagrun for example_time_delta_sensor_async to None, run_after=None
[2024-06-18T11:44:33.371+0545] {processor.py:183} INFO - Processing /home/manisha/airflow_env/lib/python3.10/site-packages/airflow/example_dags/example_time_delta_sensor_async.py took 0.423 seconds
[2024-06-18T11:45:04.114+0545] {processor.py:161} INFO - Started process (PID=8422) to work on /home/manisha/airflow_env/lib/python3.10/site-packages/airflow/example_dags/example_time_delta_sensor_async.py
[2024-06-18T11:45:04.115+0545] {processor.py:830} INFO - Processing file /home/manisha/airflow_env/lib/python3.10/site-packages/airflow/example_dags/example_time_delta_sensor_async.py for tasks to queue
[2024-06-18T11:45:04.117+0545] {logging_mixin.py:188} INFO - [2024-06-18T11:45:04.117+0545] {dagbag.py:545} INFO - Filling up the DagBag from /home/manisha/airflow_env/lib/python3.10/site-packages/airflow/example_dags/example_time_delta_sensor_async.py
[2024-06-18T11:45:04.122+0545] {processor.py:840} INFO - DAG(s) 'example_time_delta_sensor_async' retrieved from /home/manisha/airflow_env/lib/python3.10/site-packages/airflow/example_dags/example_time_delta_sensor_async.py
[2024-06-18T11:45:04.220+0545] {logging_mixin.py:188} INFO - [2024-06-18T11:45:04.220+0545] {dag.py:3096} INFO - Sync 1 DAGs
[2024-06-18T11:45:04.234+0545] {logging_mixin.py:188} INFO - [2024-06-18T11:45:04.234+0545] {dag.py:3954} INFO - Setting next_dagrun for example_time_delta_sensor_async to None, run_after=None
[2024-06-18T11:45:04.315+0545] {processor.py:183} INFO - Processing /home/manisha/airflow_env/lib/python3.10/site-packages/airflow/example_dags/example_time_delta_sensor_async.py took 0.208 seconds
[2024-06-18T11:45:34.433+0545] {processor.py:161} INFO - Started process (PID=8473) to work on /home/manisha/airflow_env/lib/python3.10/site-packages/airflow/example_dags/example_time_delta_sensor_async.py
[2024-06-18T11:45:34.433+0545] {processor.py:830} INFO - Processing file /home/manisha/airflow_env/lib/python3.10/site-packages/airflow/example_dags/example_time_delta_sensor_async.py for tasks to queue
[2024-06-18T11:45:34.435+0545] {logging_mixin.py:188} INFO - [2024-06-18T11:45:34.434+0545] {dagbag.py:545} INFO - Filling up the DagBag from /home/manisha/airflow_env/lib/python3.10/site-packages/airflow/example_dags/example_time_delta_sensor_async.py
[2024-06-18T11:45:34.439+0545] {processor.py:840} INFO - DAG(s) 'example_time_delta_sensor_async' retrieved from /home/manisha/airflow_env/lib/python3.10/site-packages/airflow/example_dags/example_time_delta_sensor_async.py
[2024-06-18T11:45:34.460+0545] {logging_mixin.py:188} INFO - [2024-06-18T11:45:34.460+0545] {dag.py:3096} INFO - Sync 1 DAGs
[2024-06-18T11:45:34.472+0545] {logging_mixin.py:188} INFO - [2024-06-18T11:45:34.472+0545] {dag.py:3954} INFO - Setting next_dagrun for example_time_delta_sensor_async to None, run_after=None
[2024-06-18T11:45:34.560+0545] {processor.py:183} INFO - Processing /home/manisha/airflow_env/lib/python3.10/site-packages/airflow/example_dags/example_time_delta_sensor_async.py took 0.133 seconds
[2024-06-18T11:46:04.811+0545] {processor.py:161} INFO - Started process (PID=8526) to work on /home/manisha/airflow_env/lib/python3.10/site-packages/airflow/example_dags/example_time_delta_sensor_async.py
[2024-06-18T11:46:04.833+0545] {processor.py:830} INFO - Processing file /home/manisha/airflow_env/lib/python3.10/site-packages/airflow/example_dags/example_time_delta_sensor_async.py for tasks to queue
[2024-06-18T11:46:04.835+0545] {logging_mixin.py:188} INFO - [2024-06-18T11:46:04.835+0545] {dagbag.py:545} INFO - Filling up the DagBag from /home/manisha/airflow_env/lib/python3.10/site-packages/airflow/example_dags/example_time_delta_sensor_async.py
[2024-06-18T11:46:04.839+0545] {processor.py:840} INFO - DAG(s) 'example_time_delta_sensor_async' retrieved from /home/manisha/airflow_env/lib/python3.10/site-packages/airflow/example_dags/example_time_delta_sensor_async.py
[2024-06-18T11:46:04.865+0545] {logging_mixin.py:188} INFO - [2024-06-18T11:46:04.864+0545] {dag.py:3096} INFO - Sync 1 DAGs
[2024-06-18T11:46:04.879+0545] {logging_mixin.py:188} INFO - [2024-06-18T11:46:04.879+0545] {dag.py:3954} INFO - Setting next_dagrun for example_time_delta_sensor_async to None, run_after=None
[2024-06-18T11:46:04.935+0545] {processor.py:183} INFO - Processing /home/manisha/airflow_env/lib/python3.10/site-packages/airflow/example_dags/example_time_delta_sensor_async.py took 0.130 seconds
[2024-06-18T11:46:35.561+0545] {processor.py:161} INFO - Started process (PID=8577) to work on /home/manisha/airflow_env/lib/python3.10/site-packages/airflow/example_dags/example_time_delta_sensor_async.py
[2024-06-18T11:46:35.562+0545] {processor.py:830} INFO - Processing file /home/manisha/airflow_env/lib/python3.10/site-packages/airflow/example_dags/example_time_delta_sensor_async.py for tasks to queue
[2024-06-18T11:46:35.563+0545] {logging_mixin.py:188} INFO - [2024-06-18T11:46:35.563+0545] {dagbag.py:545} INFO - Filling up the DagBag from /home/manisha/airflow_env/lib/python3.10/site-packages/airflow/example_dags/example_time_delta_sensor_async.py
[2024-06-18T11:46:35.567+0545] {processor.py:840} INFO - DAG(s) 'example_time_delta_sensor_async' retrieved from /home/manisha/airflow_env/lib/python3.10/site-packages/airflow/example_dags/example_time_delta_sensor_async.py
[2024-06-18T11:46:35.589+0545] {logging_mixin.py:188} INFO - [2024-06-18T11:46:35.589+0545] {dag.py:3096} INFO - Sync 1 DAGs
[2024-06-18T11:46:35.600+0545] {logging_mixin.py:188} INFO - [2024-06-18T11:46:35.600+0545] {dag.py:3954} INFO - Setting next_dagrun for example_time_delta_sensor_async to None, run_after=None
[2024-06-18T11:46:35.673+0545] {processor.py:183} INFO - Processing /home/manisha/airflow_env/lib/python3.10/site-packages/airflow/example_dags/example_time_delta_sensor_async.py took 0.117 seconds
[2024-06-18T11:47:06.164+0545] {processor.py:161} INFO - Started process (PID=8628) to work on /home/manisha/airflow_env/lib/python3.10/site-packages/airflow/example_dags/example_time_delta_sensor_async.py
[2024-06-18T11:47:06.177+0545] {processor.py:830} INFO - Processing file /home/manisha/airflow_env/lib/python3.10/site-packages/airflow/example_dags/example_time_delta_sensor_async.py for tasks to queue
[2024-06-18T11:47:06.182+0545] {logging_mixin.py:188} INFO - [2024-06-18T11:47:06.181+0545] {dagbag.py:545} INFO - Filling up the DagBag from /home/manisha/airflow_env/lib/python3.10/site-packages/airflow/example_dags/example_time_delta_sensor_async.py
[2024-06-18T11:47:06.195+0545] {processor.py:840} INFO - DAG(s) 'example_time_delta_sensor_async' retrieved from /home/manisha/airflow_env/lib/python3.10/site-packages/airflow/example_dags/example_time_delta_sensor_async.py
[2024-06-18T11:47:06.229+0545] {logging_mixin.py:188} INFO - [2024-06-18T11:47:06.229+0545] {dag.py:3096} INFO - Sync 1 DAGs
[2024-06-18T11:47:06.240+0545] {logging_mixin.py:188} INFO - [2024-06-18T11:47:06.240+0545] {dag.py:3954} INFO - Setting next_dagrun for example_time_delta_sensor_async to None, run_after=None
[2024-06-18T11:47:06.310+0545] {processor.py:183} INFO - Processing /home/manisha/airflow_env/lib/python3.10/site-packages/airflow/example_dags/example_time_delta_sensor_async.py took 0.151 seconds
[2024-06-18T11:47:36.517+0545] {processor.py:161} INFO - Started process (PID=8679) to work on /home/manisha/airflow_env/lib/python3.10/site-packages/airflow/example_dags/example_time_delta_sensor_async.py
[2024-06-18T11:47:36.518+0545] {processor.py:830} INFO - Processing file /home/manisha/airflow_env/lib/python3.10/site-packages/airflow/example_dags/example_time_delta_sensor_async.py for tasks to queue
[2024-06-18T11:47:36.519+0545] {logging_mixin.py:188} INFO - [2024-06-18T11:47:36.519+0545] {dagbag.py:545} INFO - Filling up the DagBag from /home/manisha/airflow_env/lib/python3.10/site-packages/airflow/example_dags/example_time_delta_sensor_async.py
[2024-06-18T11:47:36.523+0545] {processor.py:840} INFO - DAG(s) 'example_time_delta_sensor_async' retrieved from /home/manisha/airflow_env/lib/python3.10/site-packages/airflow/example_dags/example_time_delta_sensor_async.py
[2024-06-18T11:47:36.546+0545] {logging_mixin.py:188} INFO - [2024-06-18T11:47:36.545+0545] {dag.py:3096} INFO - Sync 1 DAGs
[2024-06-18T11:47:36.557+0545] {logging_mixin.py:188} INFO - [2024-06-18T11:47:36.556+0545] {dag.py:3954} INFO - Setting next_dagrun for example_time_delta_sensor_async to None, run_after=None
[2024-06-18T11:47:36.661+0545] {processor.py:183} INFO - Processing /home/manisha/airflow_env/lib/python3.10/site-packages/airflow/example_dags/example_time_delta_sensor_async.py took 0.149 seconds
[2024-06-18T11:48:30.835+0545] {processor.py:161} INFO - Started process (PID=8761) to work on /home/manisha/airflow_env/lib/python3.10/site-packages/airflow/example_dags/example_time_delta_sensor_async.py
[2024-06-18T11:48:30.857+0545] {processor.py:830} INFO - Processing file /home/manisha/airflow_env/lib/python3.10/site-packages/airflow/example_dags/example_time_delta_sensor_async.py for tasks to queue
[2024-06-18T11:48:30.859+0545] {logging_mixin.py:188} INFO - [2024-06-18T11:48:30.858+0545] {dagbag.py:545} INFO - Filling up the DagBag from /home/manisha/airflow_env/lib/python3.10/site-packages/airflow/example_dags/example_time_delta_sensor_async.py
[2024-06-18T11:48:30.863+0545] {processor.py:840} INFO - DAG(s) 'example_time_delta_sensor_async' retrieved from /home/manisha/airflow_env/lib/python3.10/site-packages/airflow/example_dags/example_time_delta_sensor_async.py
[2024-06-18T11:48:30.877+0545] {logging_mixin.py:188} INFO - [2024-06-18T11:48:30.877+0545] {dag.py:3096} INFO - Sync 1 DAGs
[2024-06-18T11:48:30.890+0545] {logging_mixin.py:188} INFO - [2024-06-18T11:48:30.890+0545] {dag.py:3954} INFO - Setting next_dagrun for example_time_delta_sensor_async to None, run_after=None
[2024-06-18T11:48:30.998+0545] {processor.py:183} INFO - Processing /home/manisha/airflow_env/lib/python3.10/site-packages/airflow/example_dags/example_time_delta_sensor_async.py took 0.168 seconds
[2024-06-18T11:49:04.470+0545] {processor.py:161} INFO - Started process (PID=8872) to work on /home/manisha/airflow_env/lib/python3.10/site-packages/airflow/example_dags/example_time_delta_sensor_async.py
[2024-06-18T11:49:04.496+0545] {processor.py:830} INFO - Processing file /home/manisha/airflow_env/lib/python3.10/site-packages/airflow/example_dags/example_time_delta_sensor_async.py for tasks to queue
[2024-06-18T11:49:04.497+0545] {logging_mixin.py:188} INFO - [2024-06-18T11:49:04.497+0545] {dagbag.py:545} INFO - Filling up the DagBag from /home/manisha/airflow_env/lib/python3.10/site-packages/airflow/example_dags/example_time_delta_sensor_async.py
[2024-06-18T11:49:04.505+0545] {processor.py:840} INFO - DAG(s) 'example_time_delta_sensor_async' retrieved from /home/manisha/airflow_env/lib/python3.10/site-packages/airflow/example_dags/example_time_delta_sensor_async.py
[2024-06-18T11:49:04.718+0545] {logging_mixin.py:188} INFO - [2024-06-18T11:49:04.717+0545] {dag.py:3096} INFO - Sync 1 DAGs
[2024-06-18T11:49:04.730+0545] {logging_mixin.py:188} INFO - [2024-06-18T11:49:04.730+0545] {dag.py:3954} INFO - Setting next_dagrun for example_time_delta_sensor_async to None, run_after=None
[2024-06-18T11:49:04.817+0545] {processor.py:183} INFO - Processing /home/manisha/airflow_env/lib/python3.10/site-packages/airflow/example_dags/example_time_delta_sensor_async.py took 0.360 seconds
[2024-06-18T11:49:35.223+0545] {processor.py:161} INFO - Started process (PID=8940) to work on /home/manisha/airflow_env/lib/python3.10/site-packages/airflow/example_dags/example_time_delta_sensor_async.py
[2024-06-18T11:49:35.247+0545] {processor.py:830} INFO - Processing file /home/manisha/airflow_env/lib/python3.10/site-packages/airflow/example_dags/example_time_delta_sensor_async.py for tasks to queue
[2024-06-18T11:49:35.252+0545] {logging_mixin.py:188} INFO - [2024-06-18T11:49:35.251+0545] {dagbag.py:545} INFO - Filling up the DagBag from /home/manisha/airflow_env/lib/python3.10/site-packages/airflow/example_dags/example_time_delta_sensor_async.py
[2024-06-18T11:49:35.265+0545] {processor.py:840} INFO - DAG(s) 'example_time_delta_sensor_async' retrieved from /home/manisha/airflow_env/lib/python3.10/site-packages/airflow/example_dags/example_time_delta_sensor_async.py
[2024-06-18T11:49:35.373+0545] {logging_mixin.py:188} INFO - [2024-06-18T11:49:35.373+0545] {dag.py:3096} INFO - Sync 1 DAGs
[2024-06-18T11:49:35.387+0545] {logging_mixin.py:188} INFO - [2024-06-18T11:49:35.387+0545] {dag.py:3954} INFO - Setting next_dagrun for example_time_delta_sensor_async to None, run_after=None
[2024-06-18T11:49:35.496+0545] {processor.py:183} INFO - Processing /home/manisha/airflow_env/lib/python3.10/site-packages/airflow/example_dags/example_time_delta_sensor_async.py took 0.278 seconds
[2024-06-18T11:50:05.842+0545] {processor.py:161} INFO - Started process (PID=8996) to work on /home/manisha/airflow_env/lib/python3.10/site-packages/airflow/example_dags/example_time_delta_sensor_async.py
[2024-06-18T11:50:05.843+0545] {processor.py:830} INFO - Processing file /home/manisha/airflow_env/lib/python3.10/site-packages/airflow/example_dags/example_time_delta_sensor_async.py for tasks to queue
[2024-06-18T11:50:05.844+0545] {logging_mixin.py:188} INFO - [2024-06-18T11:50:05.844+0545] {dagbag.py:545} INFO - Filling up the DagBag from /home/manisha/airflow_env/lib/python3.10/site-packages/airflow/example_dags/example_time_delta_sensor_async.py
[2024-06-18T11:50:05.850+0545] {processor.py:840} INFO - DAG(s) 'example_time_delta_sensor_async' retrieved from /home/manisha/airflow_env/lib/python3.10/site-packages/airflow/example_dags/example_time_delta_sensor_async.py
[2024-06-18T11:50:05.880+0545] {logging_mixin.py:188} INFO - [2024-06-18T11:50:05.880+0545] {dag.py:3096} INFO - Sync 1 DAGs
[2024-06-18T11:50:05.893+0545] {logging_mixin.py:188} INFO - [2024-06-18T11:50:05.893+0545] {dag.py:3954} INFO - Setting next_dagrun for example_time_delta_sensor_async to None, run_after=None
[2024-06-18T11:50:06.066+0545] {processor.py:183} INFO - Processing /home/manisha/airflow_env/lib/python3.10/site-packages/airflow/example_dags/example_time_delta_sensor_async.py took 0.232 seconds
[2024-06-18T11:50:36.541+0545] {processor.py:161} INFO - Started process (PID=9055) to work on /home/manisha/airflow_env/lib/python3.10/site-packages/airflow/example_dags/example_time_delta_sensor_async.py
[2024-06-18T11:50:36.542+0545] {processor.py:830} INFO - Processing file /home/manisha/airflow_env/lib/python3.10/site-packages/airflow/example_dags/example_time_delta_sensor_async.py for tasks to queue
[2024-06-18T11:50:36.544+0545] {logging_mixin.py:188} INFO - [2024-06-18T11:50:36.543+0545] {dagbag.py:545} INFO - Filling up the DagBag from /home/manisha/airflow_env/lib/python3.10/site-packages/airflow/example_dags/example_time_delta_sensor_async.py
[2024-06-18T11:50:36.553+0545] {processor.py:840} INFO - DAG(s) 'example_time_delta_sensor_async' retrieved from /home/manisha/airflow_env/lib/python3.10/site-packages/airflow/example_dags/example_time_delta_sensor_async.py
[2024-06-18T11:50:36.578+0545] {logging_mixin.py:188} INFO - [2024-06-18T11:50:36.578+0545] {dag.py:3096} INFO - Sync 1 DAGs
[2024-06-18T11:50:36.591+0545] {logging_mixin.py:188} INFO - [2024-06-18T11:50:36.591+0545] {dag.py:3954} INFO - Setting next_dagrun for example_time_delta_sensor_async to None, run_after=None
[2024-06-18T11:50:36.800+0545] {processor.py:183} INFO - Processing /home/manisha/airflow_env/lib/python3.10/site-packages/airflow/example_dags/example_time_delta_sensor_async.py took 0.266 seconds
[2024-06-18T11:50:58.149+0545] {processor.py:161} INFO - Started process (PID=9341) to work on /home/manisha/airflow_env/lib/python3.10/site-packages/airflow/example_dags/example_time_delta_sensor_async.py
[2024-06-18T11:50:58.149+0545] {processor.py:830} INFO - Processing file /home/manisha/airflow_env/lib/python3.10/site-packages/airflow/example_dags/example_time_delta_sensor_async.py for tasks to queue
[2024-06-18T11:50:58.151+0545] {logging_mixin.py:188} INFO - [2024-06-18T11:50:58.151+0545] {dagbag.py:545} INFO - Filling up the DagBag from /home/manisha/airflow_env/lib/python3.10/site-packages/airflow/example_dags/example_time_delta_sensor_async.py
[2024-06-18T11:50:58.155+0545] {processor.py:840} INFO - DAG(s) 'example_time_delta_sensor_async' retrieved from /home/manisha/airflow_env/lib/python3.10/site-packages/airflow/example_dags/example_time_delta_sensor_async.py
[2024-06-18T11:50:58.171+0545] {logging_mixin.py:188} INFO - [2024-06-18T11:50:58.171+0545] {dag.py:3096} INFO - Sync 1 DAGs
[2024-06-18T11:50:58.184+0545] {logging_mixin.py:188} INFO - [2024-06-18T11:50:58.184+0545] {dag.py:3954} INFO - Setting next_dagrun for example_time_delta_sensor_async to None, run_after=None
[2024-06-18T11:50:58.345+0545] {processor.py:183} INFO - Processing /home/manisha/airflow_env/lib/python3.10/site-packages/airflow/example_dags/example_time_delta_sensor_async.py took 0.203 seconds
[2024-06-18T11:51:31.085+0545] {processor.py:161} INFO - Started process (PID=9614) to work on /home/manisha/airflow_env/lib/python3.10/site-packages/airflow/example_dags/example_time_delta_sensor_async.py
[2024-06-18T11:51:31.159+0545] {processor.py:830} INFO - Processing file /home/manisha/airflow_env/lib/python3.10/site-packages/airflow/example_dags/example_time_delta_sensor_async.py for tasks to queue
[2024-06-18T11:51:31.164+0545] {logging_mixin.py:188} INFO - [2024-06-18T11:51:31.163+0545] {dagbag.py:545} INFO - Filling up the DagBag from /home/manisha/airflow_env/lib/python3.10/site-packages/airflow/example_dags/example_time_delta_sensor_async.py
[2024-06-18T11:51:31.178+0545] {processor.py:840} INFO - DAG(s) 'example_time_delta_sensor_async' retrieved from /home/manisha/airflow_env/lib/python3.10/site-packages/airflow/example_dags/example_time_delta_sensor_async.py
[2024-06-18T11:51:31.457+0545] {logging_mixin.py:188} INFO - [2024-06-18T11:51:31.456+0545] {dag.py:3096} INFO - Sync 1 DAGs
[2024-06-18T11:51:31.475+0545] {logging_mixin.py:188} INFO - [2024-06-18T11:51:31.474+0545] {dag.py:3954} INFO - Setting next_dagrun for example_time_delta_sensor_async to None, run_after=None
[2024-06-18T11:51:31.742+0545] {processor.py:183} INFO - Processing /home/manisha/airflow_env/lib/python3.10/site-packages/airflow/example_dags/example_time_delta_sensor_async.py took 0.669 seconds
