[2024-06-18T10:57:48.002+0545] {processor.py:161} INFO - Started process (PID=4065) to work on /home/manisha/airflow_env/lib/python3.10/site-packages/airflow/example_dags/example_params_ui_tutorial.py
[2024-06-18T10:57:48.003+0545] {processor.py:830} INFO - Processing file /home/manisha/airflow_env/lib/python3.10/site-packages/airflow/example_dags/example_params_ui_tutorial.py for tasks to queue
[2024-06-18T10:57:48.005+0545] {logging_mixin.py:188} INFO - [2024-06-18T10:57:48.005+0545] {dagbag.py:545} INFO - Filling up the DagBag from /home/manisha/airflow_env/lib/python3.10/site-packages/airflow/example_dags/example_params_ui_tutorial.py
[2024-06-18T10:57:48.021+0545] {processor.py:840} INFO - DAG(s) 'example_params_ui_tutorial' retrieved from /home/manisha/airflow_env/lib/python3.10/site-packages/airflow/example_dags/example_params_ui_tutorial.py
[2024-06-18T10:57:48.310+0545] {logging_mixin.py:188} INFO - [2024-06-18T10:57:48.307+0545] {override.py:1829} INFO - Created Permission View: can edit on DAG:example_params_ui_tutorial
[2024-06-18T10:57:48.387+0545] {logging_mixin.py:188} INFO - [2024-06-18T10:57:48.386+0545] {override.py:1829} INFO - Created Permission View: can read on DAG:example_params_ui_tutorial
[2024-06-18T10:57:48.543+0545] {logging_mixin.py:188} INFO - [2024-06-18T10:57:48.542+0545] {override.py:1829} INFO - Created Permission View: can delete on DAG:example_params_ui_tutorial
[2024-06-18T10:57:48.545+0545] {logging_mixin.py:188} INFO - [2024-06-18T10:57:48.544+0545] {dag.py:3096} INFO - Sync 1 DAGs
[2024-06-18T10:57:48.659+0545] {logging_mixin.py:188} INFO - [2024-06-18T10:57:48.658+0545] {dag.py:3118} INFO - Creating ORM DAG for example_params_ui_tutorial
[2024-06-18T10:57:48.659+0545] {logging_mixin.py:188} INFO - [2024-06-18T10:57:48.659+0545] {dag.py:3954} INFO - Setting next_dagrun for example_params_ui_tutorial to None, run_after=None
[2024-06-18T10:57:48.762+0545] {processor.py:183} INFO - Processing /home/manisha/airflow_env/lib/python3.10/site-packages/airflow/example_dags/example_params_ui_tutorial.py took 0.771 seconds
[2024-06-18T10:59:02.662+0545] {processor.py:161} INFO - Started process (PID=4186) to work on /home/manisha/airflow_env/lib/python3.10/site-packages/airflow/example_dags/example_params_ui_tutorial.py
[2024-06-18T10:59:02.664+0545] {processor.py:830} INFO - Processing file /home/manisha/airflow_env/lib/python3.10/site-packages/airflow/example_dags/example_params_ui_tutorial.py for tasks to queue
[2024-06-18T10:59:02.666+0545] {logging_mixin.py:188} INFO - [2024-06-18T10:59:02.665+0545] {dagbag.py:545} INFO - Filling up the DagBag from /home/manisha/airflow_env/lib/python3.10/site-packages/airflow/example_dags/example_params_ui_tutorial.py
[2024-06-18T10:59:02.680+0545] {processor.py:840} INFO - DAG(s) 'example_params_ui_tutorial' retrieved from /home/manisha/airflow_env/lib/python3.10/site-packages/airflow/example_dags/example_params_ui_tutorial.py
[2024-06-18T10:59:02.731+0545] {logging_mixin.py:188} INFO - [2024-06-18T10:59:02.731+0545] {dag.py:3096} INFO - Sync 1 DAGs
[2024-06-18T10:59:02.740+0545] {logging_mixin.py:188} INFO - [2024-06-18T10:59:02.740+0545] {dag.py:3954} INFO - Setting next_dagrun for example_params_ui_tutorial to None, run_after=None
[2024-06-18T10:59:02.880+0545] {processor.py:183} INFO - Processing /home/manisha/airflow_env/lib/python3.10/site-packages/airflow/example_dags/example_params_ui_tutorial.py took 0.225 seconds
[2024-06-18T11:00:07.151+0545] {processor.py:161} INFO - Started process (PID=4241) to work on /home/manisha/airflow_env/lib/python3.10/site-packages/airflow/example_dags/example_params_ui_tutorial.py
[2024-06-18T11:00:07.184+0545] {processor.py:830} INFO - Processing file /home/manisha/airflow_env/lib/python3.10/site-packages/airflow/example_dags/example_params_ui_tutorial.py for tasks to queue
[2024-06-18T11:00:07.187+0545] {logging_mixin.py:188} INFO - [2024-06-18T11:00:07.186+0545] {dagbag.py:545} INFO - Filling up the DagBag from /home/manisha/airflow_env/lib/python3.10/site-packages/airflow/example_dags/example_params_ui_tutorial.py
[2024-06-18T11:00:07.313+0545] {processor.py:840} INFO - DAG(s) 'example_params_ui_tutorial' retrieved from /home/manisha/airflow_env/lib/python3.10/site-packages/airflow/example_dags/example_params_ui_tutorial.py
[2024-06-18T11:00:07.367+0545] {logging_mixin.py:188} INFO - [2024-06-18T11:00:07.367+0545] {dag.py:3096} INFO - Sync 1 DAGs
[2024-06-18T11:00:07.376+0545] {logging_mixin.py:188} INFO - [2024-06-18T11:00:07.375+0545] {dag.py:3954} INFO - Setting next_dagrun for example_params_ui_tutorial to None, run_after=None
[2024-06-18T11:00:07.512+0545] {processor.py:183} INFO - Processing /home/manisha/airflow_env/lib/python3.10/site-packages/airflow/example_dags/example_params_ui_tutorial.py took 0.367 seconds
[2024-06-18T11:01:07.711+0545] {processor.py:161} INFO - Started process (PID=4383) to work on /home/manisha/airflow_env/lib/python3.10/site-packages/airflow/example_dags/example_params_ui_tutorial.py
[2024-06-18T11:01:07.747+0545] {processor.py:830} INFO - Processing file /home/manisha/airflow_env/lib/python3.10/site-packages/airflow/example_dags/example_params_ui_tutorial.py for tasks to queue
[2024-06-18T11:01:07.751+0545] {logging_mixin.py:188} INFO - [2024-06-18T11:01:07.750+0545] {dagbag.py:545} INFO - Filling up the DagBag from /home/manisha/airflow_env/lib/python3.10/site-packages/airflow/example_dags/example_params_ui_tutorial.py
[2024-06-18T11:01:07.786+0545] {processor.py:840} INFO - DAG(s) 'example_params_ui_tutorial' retrieved from /home/manisha/airflow_env/lib/python3.10/site-packages/airflow/example_dags/example_params_ui_tutorial.py
[2024-06-18T11:01:07.838+0545] {logging_mixin.py:188} INFO - [2024-06-18T11:01:07.838+0545] {dag.py:3096} INFO - Sync 1 DAGs
[2024-06-18T11:01:07.847+0545] {logging_mixin.py:188} INFO - [2024-06-18T11:01:07.846+0545] {dag.py:3954} INFO - Setting next_dagrun for example_params_ui_tutorial to None, run_after=None
[2024-06-18T11:01:07.940+0545] {processor.py:183} INFO - Processing /home/manisha/airflow_env/lib/python3.10/site-packages/airflow/example_dags/example_params_ui_tutorial.py took 0.235 seconds
[2024-06-18T11:02:11.035+0545] {processor.py:161} INFO - Started process (PID=4435) to work on /home/manisha/airflow_env/lib/python3.10/site-packages/airflow/example_dags/example_params_ui_tutorial.py
[2024-06-18T11:02:11.068+0545] {processor.py:830} INFO - Processing file /home/manisha/airflow_env/lib/python3.10/site-packages/airflow/example_dags/example_params_ui_tutorial.py for tasks to queue
[2024-06-18T11:02:11.074+0545] {logging_mixin.py:188} INFO - [2024-06-18T11:02:11.073+0545] {dagbag.py:545} INFO - Filling up the DagBag from /home/manisha/airflow_env/lib/python3.10/site-packages/airflow/example_dags/example_params_ui_tutorial.py
[2024-06-18T11:02:11.107+0545] {processor.py:840} INFO - DAG(s) 'example_params_ui_tutorial' retrieved from /home/manisha/airflow_env/lib/python3.10/site-packages/airflow/example_dags/example_params_ui_tutorial.py
[2024-06-18T11:02:11.156+0545] {logging_mixin.py:188} INFO - [2024-06-18T11:02:11.156+0545] {dag.py:3096} INFO - Sync 1 DAGs
[2024-06-18T11:02:11.165+0545] {logging_mixin.py:188} INFO - [2024-06-18T11:02:11.165+0545] {dag.py:3954} INFO - Setting next_dagrun for example_params_ui_tutorial to None, run_after=None
[2024-06-18T11:02:11.273+0545] {processor.py:183} INFO - Processing /home/manisha/airflow_env/lib/python3.10/site-packages/airflow/example_dags/example_params_ui_tutorial.py took 0.245 seconds
[2024-06-18T11:03:07.414+0545] {processor.py:161} INFO - Started process (PID=4489) to work on /home/manisha/airflow_env/lib/python3.10/site-packages/airflow/example_dags/example_params_ui_tutorial.py
[2024-06-18T11:03:07.451+0545] {processor.py:830} INFO - Processing file /home/manisha/airflow_env/lib/python3.10/site-packages/airflow/example_dags/example_params_ui_tutorial.py for tasks to queue
[2024-06-18T11:03:07.456+0545] {logging_mixin.py:188} INFO - [2024-06-18T11:03:07.455+0545] {dagbag.py:545} INFO - Filling up the DagBag from /home/manisha/airflow_env/lib/python3.10/site-packages/airflow/example_dags/example_params_ui_tutorial.py
[2024-06-18T11:03:07.486+0545] {processor.py:840} INFO - DAG(s) 'example_params_ui_tutorial' retrieved from /home/manisha/airflow_env/lib/python3.10/site-packages/airflow/example_dags/example_params_ui_tutorial.py
[2024-06-18T11:03:07.540+0545] {logging_mixin.py:188} INFO - [2024-06-18T11:03:07.540+0545] {dag.py:3096} INFO - Sync 1 DAGs
[2024-06-18T11:03:07.549+0545] {logging_mixin.py:188} INFO - [2024-06-18T11:03:07.549+0545] {dag.py:3954} INFO - Setting next_dagrun for example_params_ui_tutorial to None, run_after=None
[2024-06-18T11:03:07.634+0545] {processor.py:183} INFO - Processing /home/manisha/airflow_env/lib/python3.10/site-packages/airflow/example_dags/example_params_ui_tutorial.py took 0.238 seconds
[2024-06-18T11:04:08.689+0545] {processor.py:161} INFO - Started process (PID=4542) to work on /home/manisha/airflow_env/lib/python3.10/site-packages/airflow/example_dags/example_params_ui_tutorial.py
[2024-06-18T11:04:08.693+0545] {processor.py:830} INFO - Processing file /home/manisha/airflow_env/lib/python3.10/site-packages/airflow/example_dags/example_params_ui_tutorial.py for tasks to queue
[2024-06-18T11:04:08.694+0545] {logging_mixin.py:188} INFO - [2024-06-18T11:04:08.694+0545] {dagbag.py:545} INFO - Filling up the DagBag from /home/manisha/airflow_env/lib/python3.10/site-packages/airflow/example_dags/example_params_ui_tutorial.py
[2024-06-18T11:04:08.708+0545] {processor.py:840} INFO - DAG(s) 'example_params_ui_tutorial' retrieved from /home/manisha/airflow_env/lib/python3.10/site-packages/airflow/example_dags/example_params_ui_tutorial.py
[2024-06-18T11:04:08.758+0545] {logging_mixin.py:188} INFO - [2024-06-18T11:04:08.758+0545] {dag.py:3096} INFO - Sync 1 DAGs
[2024-06-18T11:04:08.767+0545] {logging_mixin.py:188} INFO - [2024-06-18T11:04:08.767+0545] {dag.py:3954} INFO - Setting next_dagrun for example_params_ui_tutorial to None, run_after=None
[2024-06-18T11:04:08.985+0545] {processor.py:183} INFO - Processing /home/manisha/airflow_env/lib/python3.10/site-packages/airflow/example_dags/example_params_ui_tutorial.py took 0.302 seconds
[2024-06-18T11:05:45.916+0545] {processor.py:161} INFO - Started process (PID=4747) to work on /home/manisha/airflow_env/lib/python3.10/site-packages/airflow/example_dags/example_params_ui_tutorial.py
[2024-06-18T11:05:45.941+0545] {processor.py:830} INFO - Processing file /home/manisha/airflow_env/lib/python3.10/site-packages/airflow/example_dags/example_params_ui_tutorial.py for tasks to queue
[2024-06-18T11:05:45.946+0545] {logging_mixin.py:188} INFO - [2024-06-18T11:05:45.945+0545] {dagbag.py:545} INFO - Filling up the DagBag from /home/manisha/airflow_env/lib/python3.10/site-packages/airflow/example_dags/example_params_ui_tutorial.py
[2024-06-18T11:05:45.974+0545] {processor.py:840} INFO - DAG(s) 'example_params_ui_tutorial' retrieved from /home/manisha/airflow_env/lib/python3.10/site-packages/airflow/example_dags/example_params_ui_tutorial.py
[2024-06-18T11:05:46.039+0545] {logging_mixin.py:188} INFO - [2024-06-18T11:05:46.039+0545] {dag.py:3096} INFO - Sync 1 DAGs
[2024-06-18T11:05:46.051+0545] {logging_mixin.py:188} INFO - [2024-06-18T11:05:46.050+0545] {dag.py:3954} INFO - Setting next_dagrun for example_params_ui_tutorial to None, run_after=None
[2024-06-18T11:05:46.123+0545] {processor.py:183} INFO - Processing /home/manisha/airflow_env/lib/python3.10/site-packages/airflow/example_dags/example_params_ui_tutorial.py took 0.215 seconds
[2024-06-18T11:06:53.796+0545] {processor.py:161} INFO - Started process (PID=4908) to work on /home/manisha/airflow_env/lib/python3.10/site-packages/airflow/example_dags/example_params_ui_tutorial.py
[2024-06-18T11:06:53.800+0545] {processor.py:830} INFO - Processing file /home/manisha/airflow_env/lib/python3.10/site-packages/airflow/example_dags/example_params_ui_tutorial.py for tasks to queue
[2024-06-18T11:06:53.802+0545] {logging_mixin.py:188} INFO - [2024-06-18T11:06:53.802+0545] {dagbag.py:545} INFO - Filling up the DagBag from /home/manisha/airflow_env/lib/python3.10/site-packages/airflow/example_dags/example_params_ui_tutorial.py
[2024-06-18T11:06:53.818+0545] {processor.py:840} INFO - DAG(s) 'example_params_ui_tutorial' retrieved from /home/manisha/airflow_env/lib/python3.10/site-packages/airflow/example_dags/example_params_ui_tutorial.py
[2024-06-18T11:06:53.873+0545] {logging_mixin.py:188} INFO - [2024-06-18T11:06:53.873+0545] {dag.py:3096} INFO - Sync 1 DAGs
[2024-06-18T11:06:53.882+0545] {logging_mixin.py:188} INFO - [2024-06-18T11:06:53.882+0545] {dag.py:3954} INFO - Setting next_dagrun for example_params_ui_tutorial to None, run_after=None
[2024-06-18T11:06:53.956+0545] {processor.py:183} INFO - Processing /home/manisha/airflow_env/lib/python3.10/site-packages/airflow/example_dags/example_params_ui_tutorial.py took 0.166 seconds
[2024-06-18T11:07:51.161+0545] {processor.py:161} INFO - Started process (PID=4962) to work on /home/manisha/airflow_env/lib/python3.10/site-packages/airflow/example_dags/example_params_ui_tutorial.py
[2024-06-18T11:07:51.193+0545] {processor.py:830} INFO - Processing file /home/manisha/airflow_env/lib/python3.10/site-packages/airflow/example_dags/example_params_ui_tutorial.py for tasks to queue
[2024-06-18T11:07:51.199+0545] {logging_mixin.py:188} INFO - [2024-06-18T11:07:51.197+0545] {dagbag.py:545} INFO - Filling up the DagBag from /home/manisha/airflow_env/lib/python3.10/site-packages/airflow/example_dags/example_params_ui_tutorial.py
[2024-06-18T11:07:51.230+0545] {processor.py:840} INFO - DAG(s) 'example_params_ui_tutorial' retrieved from /home/manisha/airflow_env/lib/python3.10/site-packages/airflow/example_dags/example_params_ui_tutorial.py
[2024-06-18T11:07:51.281+0545] {logging_mixin.py:188} INFO - [2024-06-18T11:07:51.280+0545] {dag.py:3096} INFO - Sync 1 DAGs
[2024-06-18T11:07:51.289+0545] {logging_mixin.py:188} INFO - [2024-06-18T11:07:51.289+0545] {dag.py:3954} INFO - Setting next_dagrun for example_params_ui_tutorial to None, run_after=None
[2024-06-18T11:07:51.360+0545] {processor.py:183} INFO - Processing /home/manisha/airflow_env/lib/python3.10/site-packages/airflow/example_dags/example_params_ui_tutorial.py took 0.219 seconds
[2024-06-18T11:08:50.364+0545] {processor.py:161} INFO - Started process (PID=5584) to work on /home/manisha/airflow_env/lib/python3.10/site-packages/airflow/example_dags/example_params_ui_tutorial.py
[2024-06-18T11:08:50.397+0545] {processor.py:830} INFO - Processing file /home/manisha/airflow_env/lib/python3.10/site-packages/airflow/example_dags/example_params_ui_tutorial.py for tasks to queue
[2024-06-18T11:08:50.400+0545] {logging_mixin.py:188} INFO - [2024-06-18T11:08:50.399+0545] {dagbag.py:545} INFO - Filling up the DagBag from /home/manisha/airflow_env/lib/python3.10/site-packages/airflow/example_dags/example_params_ui_tutorial.py
[2024-06-18T11:08:50.424+0545] {processor.py:840} INFO - DAG(s) 'example_params_ui_tutorial' retrieved from /home/manisha/airflow_env/lib/python3.10/site-packages/airflow/example_dags/example_params_ui_tutorial.py
[2024-06-18T11:08:50.478+0545] {logging_mixin.py:188} INFO - [2024-06-18T11:08:50.478+0545] {dag.py:3096} INFO - Sync 1 DAGs
[2024-06-18T11:08:50.488+0545] {logging_mixin.py:188} INFO - [2024-06-18T11:08:50.487+0545] {dag.py:3954} INFO - Setting next_dagrun for example_params_ui_tutorial to None, run_after=None
[2024-06-18T11:08:50.617+0545] {processor.py:183} INFO - Processing /home/manisha/airflow_env/lib/python3.10/site-packages/airflow/example_dags/example_params_ui_tutorial.py took 0.259 seconds
[2024-06-18T11:09:50.690+0545] {processor.py:161} INFO - Started process (PID=5659) to work on /home/manisha/airflow_env/lib/python3.10/site-packages/airflow/example_dags/example_params_ui_tutorial.py
[2024-06-18T11:09:50.725+0545] {processor.py:830} INFO - Processing file /home/manisha/airflow_env/lib/python3.10/site-packages/airflow/example_dags/example_params_ui_tutorial.py for tasks to queue
[2024-06-18T11:09:50.730+0545] {logging_mixin.py:188} INFO - [2024-06-18T11:09:50.729+0545] {dagbag.py:545} INFO - Filling up the DagBag from /home/manisha/airflow_env/lib/python3.10/site-packages/airflow/example_dags/example_params_ui_tutorial.py
[2024-06-18T11:09:50.764+0545] {processor.py:840} INFO - DAG(s) 'example_params_ui_tutorial' retrieved from /home/manisha/airflow_env/lib/python3.10/site-packages/airflow/example_dags/example_params_ui_tutorial.py
[2024-06-18T11:09:50.815+0545] {logging_mixin.py:188} INFO - [2024-06-18T11:09:50.814+0545] {dag.py:3096} INFO - Sync 1 DAGs
[2024-06-18T11:09:50.823+0545] {logging_mixin.py:188} INFO - [2024-06-18T11:09:50.823+0545] {dag.py:3954} INFO - Setting next_dagrun for example_params_ui_tutorial to None, run_after=None
[2024-06-18T11:09:50.899+0545] {processor.py:183} INFO - Processing /home/manisha/airflow_env/lib/python3.10/site-packages/airflow/example_dags/example_params_ui_tutorial.py took 0.215 seconds
[2024-06-18T11:44:03.449+0545] {processor.py:161} INFO - Started process (PID=8340) to work on /home/manisha/airflow_env/lib/python3.10/site-packages/airflow/example_dags/example_params_ui_tutorial.py
[2024-06-18T11:44:03.459+0545] {processor.py:830} INFO - Processing file /home/manisha/airflow_env/lib/python3.10/site-packages/airflow/example_dags/example_params_ui_tutorial.py for tasks to queue
[2024-06-18T11:44:03.460+0545] {logging_mixin.py:188} INFO - [2024-06-18T11:44:03.460+0545] {dagbag.py:545} INFO - Filling up the DagBag from /home/manisha/airflow_env/lib/python3.10/site-packages/airflow/example_dags/example_params_ui_tutorial.py
[2024-06-18T11:44:03.470+0545] {processor.py:840} INFO - DAG(s) 'example_params_ui_tutorial' retrieved from /home/manisha/airflow_env/lib/python3.10/site-packages/airflow/example_dags/example_params_ui_tutorial.py
[2024-06-18T11:44:03.485+0545] {logging_mixin.py:188} INFO - [2024-06-18T11:44:03.484+0545] {dag.py:3096} INFO - Sync 1 DAGs
[2024-06-18T11:44:03.497+0545] {logging_mixin.py:188} INFO - [2024-06-18T11:44:03.497+0545] {dag.py:3954} INFO - Setting next_dagrun for example_params_ui_tutorial to None, run_after=None
[2024-06-18T11:44:03.616+0545] {processor.py:183} INFO - Processing /home/manisha/airflow_env/lib/python3.10/site-packages/airflow/example_dags/example_params_ui_tutorial.py took 0.172 seconds
[2024-06-18T11:44:38.769+0545] {processor.py:161} INFO - Started process (PID=8395) to work on /home/manisha/airflow_env/lib/python3.10/site-packages/airflow/example_dags/example_params_ui_tutorial.py
[2024-06-18T11:44:38.780+0545] {processor.py:830} INFO - Processing file /home/manisha/airflow_env/lib/python3.10/site-packages/airflow/example_dags/example_params_ui_tutorial.py for tasks to queue
[2024-06-18T11:44:38.781+0545] {logging_mixin.py:188} INFO - [2024-06-18T11:44:38.781+0545] {dagbag.py:545} INFO - Filling up the DagBag from /home/manisha/airflow_env/lib/python3.10/site-packages/airflow/example_dags/example_params_ui_tutorial.py
[2024-06-18T11:44:38.792+0545] {processor.py:840} INFO - DAG(s) 'example_params_ui_tutorial' retrieved from /home/manisha/airflow_env/lib/python3.10/site-packages/airflow/example_dags/example_params_ui_tutorial.py
[2024-06-18T11:44:39.028+0545] {logging_mixin.py:188} INFO - [2024-06-18T11:44:39.028+0545] {dag.py:3096} INFO - Sync 1 DAGs
[2024-06-18T11:44:39.038+0545] {logging_mixin.py:188} INFO - [2024-06-18T11:44:39.038+0545] {dag.py:3954} INFO - Setting next_dagrun for example_params_ui_tutorial to None, run_after=None
[2024-06-18T11:44:39.188+0545] {processor.py:183} INFO - Processing /home/manisha/airflow_env/lib/python3.10/site-packages/airflow/example_dags/example_params_ui_tutorial.py took 0.425 seconds
[2024-06-18T11:45:09.597+0545] {processor.py:161} INFO - Started process (PID=8449) to work on /home/manisha/airflow_env/lib/python3.10/site-packages/airflow/example_dags/example_params_ui_tutorial.py
[2024-06-18T11:45:09.598+0545] {processor.py:830} INFO - Processing file /home/manisha/airflow_env/lib/python3.10/site-packages/airflow/example_dags/example_params_ui_tutorial.py for tasks to queue
[2024-06-18T11:45:09.599+0545] {logging_mixin.py:188} INFO - [2024-06-18T11:45:09.599+0545] {dagbag.py:545} INFO - Filling up the DagBag from /home/manisha/airflow_env/lib/python3.10/site-packages/airflow/example_dags/example_params_ui_tutorial.py
[2024-06-18T11:45:09.611+0545] {processor.py:840} INFO - DAG(s) 'example_params_ui_tutorial' retrieved from /home/manisha/airflow_env/lib/python3.10/site-packages/airflow/example_dags/example_params_ui_tutorial.py
[2024-06-18T11:45:09.667+0545] {logging_mixin.py:188} INFO - [2024-06-18T11:45:09.667+0545] {dag.py:3096} INFO - Sync 1 DAGs
[2024-06-18T11:45:09.677+0545] {logging_mixin.py:188} INFO - [2024-06-18T11:45:09.677+0545] {dag.py:3954} INFO - Setting next_dagrun for example_params_ui_tutorial to None, run_after=None
[2024-06-18T11:45:09.803+0545] {processor.py:183} INFO - Processing /home/manisha/airflow_env/lib/python3.10/site-packages/airflow/example_dags/example_params_ui_tutorial.py took 0.213 seconds
[2024-06-18T11:45:40.590+0545] {processor.py:161} INFO - Started process (PID=8501) to work on /home/manisha/airflow_env/lib/python3.10/site-packages/airflow/example_dags/example_params_ui_tutorial.py
[2024-06-18T11:45:40.593+0545] {processor.py:830} INFO - Processing file /home/manisha/airflow_env/lib/python3.10/site-packages/airflow/example_dags/example_params_ui_tutorial.py for tasks to queue
[2024-06-18T11:45:40.594+0545] {logging_mixin.py:188} INFO - [2024-06-18T11:45:40.594+0545] {dagbag.py:545} INFO - Filling up the DagBag from /home/manisha/airflow_env/lib/python3.10/site-packages/airflow/example_dags/example_params_ui_tutorial.py
[2024-06-18T11:45:40.605+0545] {processor.py:840} INFO - DAG(s) 'example_params_ui_tutorial' retrieved from /home/manisha/airflow_env/lib/python3.10/site-packages/airflow/example_dags/example_params_ui_tutorial.py
[2024-06-18T11:45:40.658+0545] {logging_mixin.py:188} INFO - [2024-06-18T11:45:40.658+0545] {dag.py:3096} INFO - Sync 1 DAGs
[2024-06-18T11:45:40.669+0545] {logging_mixin.py:188} INFO - [2024-06-18T11:45:40.669+0545] {dag.py:3954} INFO - Setting next_dagrun for example_params_ui_tutorial to None, run_after=None
[2024-06-18T11:45:40.812+0545] {processor.py:183} INFO - Processing /home/manisha/airflow_env/lib/python3.10/site-packages/airflow/example_dags/example_params_ui_tutorial.py took 0.229 seconds
[2024-06-18T11:46:11.361+0545] {processor.py:161} INFO - Started process (PID=8553) to work on /home/manisha/airflow_env/lib/python3.10/site-packages/airflow/example_dags/example_params_ui_tutorial.py
[2024-06-18T11:46:11.361+0545] {processor.py:830} INFO - Processing file /home/manisha/airflow_env/lib/python3.10/site-packages/airflow/example_dags/example_params_ui_tutorial.py for tasks to queue
[2024-06-18T11:46:11.362+0545] {logging_mixin.py:188} INFO - [2024-06-18T11:46:11.362+0545] {dagbag.py:545} INFO - Filling up the DagBag from /home/manisha/airflow_env/lib/python3.10/site-packages/airflow/example_dags/example_params_ui_tutorial.py
[2024-06-18T11:46:11.373+0545] {processor.py:840} INFO - DAG(s) 'example_params_ui_tutorial' retrieved from /home/manisha/airflow_env/lib/python3.10/site-packages/airflow/example_dags/example_params_ui_tutorial.py
[2024-06-18T11:46:11.431+0545] {logging_mixin.py:188} INFO - [2024-06-18T11:46:11.430+0545] {dag.py:3096} INFO - Sync 1 DAGs
[2024-06-18T11:46:11.441+0545] {logging_mixin.py:188} INFO - [2024-06-18T11:46:11.441+0545] {dag.py:3954} INFO - Setting next_dagrun for example_params_ui_tutorial to None, run_after=None
[2024-06-18T11:46:11.536+0545] {processor.py:183} INFO - Processing /home/manisha/airflow_env/lib/python3.10/site-packages/airflow/example_dags/example_params_ui_tutorial.py took 0.181 seconds
[2024-06-18T11:46:41.988+0545] {processor.py:161} INFO - Started process (PID=8604) to work on /home/manisha/airflow_env/lib/python3.10/site-packages/airflow/example_dags/example_params_ui_tutorial.py
[2024-06-18T11:46:41.989+0545] {processor.py:830} INFO - Processing file /home/manisha/airflow_env/lib/python3.10/site-packages/airflow/example_dags/example_params_ui_tutorial.py for tasks to queue
[2024-06-18T11:46:41.990+0545] {logging_mixin.py:188} INFO - [2024-06-18T11:46:41.990+0545] {dagbag.py:545} INFO - Filling up the DagBag from /home/manisha/airflow_env/lib/python3.10/site-packages/airflow/example_dags/example_params_ui_tutorial.py
[2024-06-18T11:46:42.001+0545] {processor.py:840} INFO - DAG(s) 'example_params_ui_tutorial' retrieved from /home/manisha/airflow_env/lib/python3.10/site-packages/airflow/example_dags/example_params_ui_tutorial.py
[2024-06-18T11:46:42.055+0545] {logging_mixin.py:188} INFO - [2024-06-18T11:46:42.055+0545] {dag.py:3096} INFO - Sync 1 DAGs
[2024-06-18T11:46:42.065+0545] {logging_mixin.py:188} INFO - [2024-06-18T11:46:42.065+0545] {dag.py:3954} INFO - Setting next_dagrun for example_params_ui_tutorial to None, run_after=None
[2024-06-18T11:46:42.124+0545] {processor.py:183} INFO - Processing /home/manisha/airflow_env/lib/python3.10/site-packages/airflow/example_dags/example_params_ui_tutorial.py took 0.142 seconds
[2024-06-18T11:47:12.463+0545] {processor.py:161} INFO - Started process (PID=8655) to work on /home/manisha/airflow_env/lib/python3.10/site-packages/airflow/example_dags/example_params_ui_tutorial.py
[2024-06-18T11:47:12.463+0545] {processor.py:830} INFO - Processing file /home/manisha/airflow_env/lib/python3.10/site-packages/airflow/example_dags/example_params_ui_tutorial.py for tasks to queue
[2024-06-18T11:47:12.465+0545] {logging_mixin.py:188} INFO - [2024-06-18T11:47:12.465+0545] {dagbag.py:545} INFO - Filling up the DagBag from /home/manisha/airflow_env/lib/python3.10/site-packages/airflow/example_dags/example_params_ui_tutorial.py
[2024-06-18T11:47:12.476+0545] {processor.py:840} INFO - DAG(s) 'example_params_ui_tutorial' retrieved from /home/manisha/airflow_env/lib/python3.10/site-packages/airflow/example_dags/example_params_ui_tutorial.py
[2024-06-18T11:47:12.535+0545] {logging_mixin.py:188} INFO - [2024-06-18T11:47:12.535+0545] {dag.py:3096} INFO - Sync 1 DAGs
[2024-06-18T11:47:12.545+0545] {logging_mixin.py:188} INFO - [2024-06-18T11:47:12.545+0545] {dag.py:3954} INFO - Setting next_dagrun for example_params_ui_tutorial to None, run_after=None
[2024-06-18T11:47:12.601+0545] {processor.py:183} INFO - Processing /home/manisha/airflow_env/lib/python3.10/site-packages/airflow/example_dags/example_params_ui_tutorial.py took 0.146 seconds
[2024-06-18T11:47:42.862+0545] {processor.py:161} INFO - Started process (PID=8707) to work on /home/manisha/airflow_env/lib/python3.10/site-packages/airflow/example_dags/example_params_ui_tutorial.py
[2024-06-18T11:47:42.882+0545] {processor.py:830} INFO - Processing file /home/manisha/airflow_env/lib/python3.10/site-packages/airflow/example_dags/example_params_ui_tutorial.py for tasks to queue
[2024-06-18T11:47:42.884+0545] {logging_mixin.py:188} INFO - [2024-06-18T11:47:42.884+0545] {dagbag.py:545} INFO - Filling up the DagBag from /home/manisha/airflow_env/lib/python3.10/site-packages/airflow/example_dags/example_params_ui_tutorial.py
[2024-06-18T11:47:42.896+0545] {processor.py:840} INFO - DAG(s) 'example_params_ui_tutorial' retrieved from /home/manisha/airflow_env/lib/python3.10/site-packages/airflow/example_dags/example_params_ui_tutorial.py
[2024-06-18T11:47:42.953+0545] {logging_mixin.py:188} INFO - [2024-06-18T11:47:42.953+0545] {dag.py:3096} INFO - Sync 1 DAGs
[2024-06-18T11:47:42.964+0545] {logging_mixin.py:188} INFO - [2024-06-18T11:47:42.963+0545] {dag.py:3954} INFO - Setting next_dagrun for example_params_ui_tutorial to None, run_after=None
[2024-06-18T11:47:43.069+0545] {processor.py:183} INFO - Processing /home/manisha/airflow_env/lib/python3.10/site-packages/airflow/example_dags/example_params_ui_tutorial.py took 0.219 seconds
[2024-06-18T11:48:33.112+0545] {processor.py:161} INFO - Started process (PID=8792) to work on /home/manisha/airflow_env/lib/python3.10/site-packages/airflow/example_dags/example_params_ui_tutorial.py
[2024-06-18T11:48:33.133+0545] {processor.py:830} INFO - Processing file /home/manisha/airflow_env/lib/python3.10/site-packages/airflow/example_dags/example_params_ui_tutorial.py for tasks to queue
[2024-06-18T11:48:33.135+0545] {logging_mixin.py:188} INFO - [2024-06-18T11:48:33.135+0545] {dagbag.py:545} INFO - Filling up the DagBag from /home/manisha/airflow_env/lib/python3.10/site-packages/airflow/example_dags/example_params_ui_tutorial.py
[2024-06-18T11:48:33.150+0545] {processor.py:840} INFO - DAG(s) 'example_params_ui_tutorial' retrieved from /home/manisha/airflow_env/lib/python3.10/site-packages/airflow/example_dags/example_params_ui_tutorial.py
[2024-06-18T11:48:33.171+0545] {logging_mixin.py:188} INFO - [2024-06-18T11:48:33.170+0545] {dag.py:3096} INFO - Sync 1 DAGs
[2024-06-18T11:48:33.188+0545] {logging_mixin.py:188} INFO - [2024-06-18T11:48:33.188+0545] {dag.py:3954} INFO - Setting next_dagrun for example_params_ui_tutorial to None, run_after=None
[2024-06-18T11:48:33.278+0545] {processor.py:183} INFO - Processing /home/manisha/airflow_env/lib/python3.10/site-packages/airflow/example_dags/example_params_ui_tutorial.py took 0.171 seconds
[2024-06-18T11:49:11.171+0545] {processor.py:161} INFO - Started process (PID=8905) to work on /home/manisha/airflow_env/lib/python3.10/site-packages/airflow/example_dags/example_params_ui_tutorial.py
[2024-06-18T11:49:11.175+0545] {processor.py:830} INFO - Processing file /home/manisha/airflow_env/lib/python3.10/site-packages/airflow/example_dags/example_params_ui_tutorial.py for tasks to queue
[2024-06-18T11:49:11.179+0545] {logging_mixin.py:188} INFO - [2024-06-18T11:49:11.178+0545] {dagbag.py:545} INFO - Filling up the DagBag from /home/manisha/airflow_env/lib/python3.10/site-packages/airflow/example_dags/example_params_ui_tutorial.py
[2024-06-18T11:49:11.208+0545] {processor.py:840} INFO - DAG(s) 'example_params_ui_tutorial' retrieved from /home/manisha/airflow_env/lib/python3.10/site-packages/airflow/example_dags/example_params_ui_tutorial.py
[2024-06-18T11:49:11.717+0545] {logging_mixin.py:188} INFO - [2024-06-18T11:49:11.717+0545] {dag.py:3096} INFO - Sync 1 DAGs
[2024-06-18T11:49:11.737+0545] {logging_mixin.py:188} INFO - [2024-06-18T11:49:11.736+0545] {dag.py:3954} INFO - Setting next_dagrun for example_params_ui_tutorial to None, run_after=None
[2024-06-18T11:49:11.833+0545] {processor.py:183} INFO - Processing /home/manisha/airflow_env/lib/python3.10/site-packages/airflow/example_dags/example_params_ui_tutorial.py took 0.677 seconds
[2024-06-18T11:49:41.885+0545] {processor.py:161} INFO - Started process (PID=8969) to work on /home/manisha/airflow_env/lib/python3.10/site-packages/airflow/example_dags/example_params_ui_tutorial.py
[2024-06-18T11:49:41.886+0545] {processor.py:830} INFO - Processing file /home/manisha/airflow_env/lib/python3.10/site-packages/airflow/example_dags/example_params_ui_tutorial.py for tasks to queue
[2024-06-18T11:49:41.888+0545] {logging_mixin.py:188} INFO - [2024-06-18T11:49:41.887+0545] {dagbag.py:545} INFO - Filling up the DagBag from /home/manisha/airflow_env/lib/python3.10/site-packages/airflow/example_dags/example_params_ui_tutorial.py
[2024-06-18T11:49:41.902+0545] {processor.py:840} INFO - DAG(s) 'example_params_ui_tutorial' retrieved from /home/manisha/airflow_env/lib/python3.10/site-packages/airflow/example_dags/example_params_ui_tutorial.py
[2024-06-18T11:49:41.960+0545] {logging_mixin.py:188} INFO - [2024-06-18T11:49:41.960+0545] {dag.py:3096} INFO - Sync 1 DAGs
[2024-06-18T11:49:41.972+0545] {logging_mixin.py:188} INFO - [2024-06-18T11:49:41.972+0545] {dag.py:3954} INFO - Setting next_dagrun for example_params_ui_tutorial to None, run_after=None
[2024-06-18T11:49:42.216+0545] {processor.py:183} INFO - Processing /home/manisha/airflow_env/lib/python3.10/site-packages/airflow/example_dags/example_params_ui_tutorial.py took 0.339 seconds
[2024-06-18T11:50:12.736+0545] {processor.py:161} INFO - Started process (PID=9023) to work on /home/manisha/airflow_env/lib/python3.10/site-packages/airflow/example_dags/example_params_ui_tutorial.py
[2024-06-18T11:50:12.797+0545] {processor.py:830} INFO - Processing file /home/manisha/airflow_env/lib/python3.10/site-packages/airflow/example_dags/example_params_ui_tutorial.py for tasks to queue
[2024-06-18T11:50:12.803+0545] {logging_mixin.py:188} INFO - [2024-06-18T11:50:12.802+0545] {dagbag.py:545} INFO - Filling up the DagBag from /home/manisha/airflow_env/lib/python3.10/site-packages/airflow/example_dags/example_params_ui_tutorial.py
[2024-06-18T11:50:12.838+0545] {processor.py:840} INFO - DAG(s) 'example_params_ui_tutorial' retrieved from /home/manisha/airflow_env/lib/python3.10/site-packages/airflow/example_dags/example_params_ui_tutorial.py
[2024-06-18T11:50:12.904+0545] {logging_mixin.py:188} INFO - [2024-06-18T11:50:12.904+0545] {dag.py:3096} INFO - Sync 1 DAGs
[2024-06-18T11:50:12.916+0545] {logging_mixin.py:188} INFO - [2024-06-18T11:50:12.915+0545] {dag.py:3954} INFO - Setting next_dagrun for example_params_ui_tutorial to None, run_after=None
[2024-06-18T11:50:13.108+0545] {processor.py:183} INFO - Processing /home/manisha/airflow_env/lib/python3.10/site-packages/airflow/example_dags/example_params_ui_tutorial.py took 0.378 seconds
[2024-06-18T11:50:43.283+0545] {processor.py:161} INFO - Started process (PID=9082) to work on /home/manisha/airflow_env/lib/python3.10/site-packages/airflow/example_dags/example_params_ui_tutorial.py
[2024-06-18T11:50:43.284+0545] {processor.py:830} INFO - Processing file /home/manisha/airflow_env/lib/python3.10/site-packages/airflow/example_dags/example_params_ui_tutorial.py for tasks to queue
[2024-06-18T11:50:43.285+0545] {logging_mixin.py:188} INFO - [2024-06-18T11:50:43.285+0545] {dagbag.py:545} INFO - Filling up the DagBag from /home/manisha/airflow_env/lib/python3.10/site-packages/airflow/example_dags/example_params_ui_tutorial.py
[2024-06-18T11:50:43.295+0545] {processor.py:840} INFO - DAG(s) 'example_params_ui_tutorial' retrieved from /home/manisha/airflow_env/lib/python3.10/site-packages/airflow/example_dags/example_params_ui_tutorial.py
[2024-06-18T11:50:43.365+0545] {logging_mixin.py:188} INFO - [2024-06-18T11:50:43.365+0545] {dag.py:3096} INFO - Sync 1 DAGs
[2024-06-18T11:50:43.381+0545] {logging_mixin.py:188} INFO - [2024-06-18T11:50:43.380+0545] {dag.py:3954} INFO - Setting next_dagrun for example_params_ui_tutorial to None, run_after=None
[2024-06-18T11:50:43.655+0545] {processor.py:183} INFO - Processing /home/manisha/airflow_env/lib/python3.10/site-packages/airflow/example_dags/example_params_ui_tutorial.py took 0.377 seconds
[2024-06-18T11:51:02.630+0545] {processor.py:161} INFO - Started process (PID=9490) to work on /home/manisha/airflow_env/lib/python3.10/site-packages/airflow/example_dags/example_params_ui_tutorial.py
[2024-06-18T11:51:02.682+0545] {processor.py:830} INFO - Processing file /home/manisha/airflow_env/lib/python3.10/site-packages/airflow/example_dags/example_params_ui_tutorial.py for tasks to queue
[2024-06-18T11:51:02.686+0545] {logging_mixin.py:188} INFO - [2024-06-18T11:51:02.685+0545] {dagbag.py:545} INFO - Filling up the DagBag from /home/manisha/airflow_env/lib/python3.10/site-packages/airflow/example_dags/example_params_ui_tutorial.py
[2024-06-18T11:51:02.718+0545] {processor.py:840} INFO - DAG(s) 'example_params_ui_tutorial' retrieved from /home/manisha/airflow_env/lib/python3.10/site-packages/airflow/example_dags/example_params_ui_tutorial.py
[2024-06-18T11:51:02.752+0545] {logging_mixin.py:188} INFO - [2024-06-18T11:51:02.751+0545] {dag.py:3096} INFO - Sync 1 DAGs
[2024-06-18T11:51:02.786+0545] {logging_mixin.py:188} INFO - [2024-06-18T11:51:02.785+0545] {dag.py:3954} INFO - Setting next_dagrun for example_params_ui_tutorial to None, run_after=None
[2024-06-18T11:51:02.982+0545] {processor.py:183} INFO - Processing /home/manisha/airflow_env/lib/python3.10/site-packages/airflow/example_dags/example_params_ui_tutorial.py took 0.364 seconds
[2024-06-18T11:51:37.579+0545] {processor.py:161} INFO - Started process (PID=9749) to work on /home/manisha/airflow_env/lib/python3.10/site-packages/airflow/example_dags/example_params_ui_tutorial.py
[2024-06-18T11:51:37.599+0545] {processor.py:830} INFO - Processing file /home/manisha/airflow_env/lib/python3.10/site-packages/airflow/example_dags/example_params_ui_tutorial.py for tasks to queue
[2024-06-18T11:51:37.601+0545] {logging_mixin.py:188} INFO - [2024-06-18T11:51:37.601+0545] {dagbag.py:545} INFO - Filling up the DagBag from /home/manisha/airflow_env/lib/python3.10/site-packages/airflow/example_dags/example_params_ui_tutorial.py
[2024-06-18T11:51:37.616+0545] {processor.py:840} INFO - DAG(s) 'example_params_ui_tutorial' retrieved from /home/manisha/airflow_env/lib/python3.10/site-packages/airflow/example_dags/example_params_ui_tutorial.py
[2024-06-18T11:51:37.880+0545] {logging_mixin.py:188} INFO - [2024-06-18T11:51:37.880+0545] {dag.py:3096} INFO - Sync 1 DAGs
[2024-06-18T11:51:37.893+0545] {logging_mixin.py:188} INFO - [2024-06-18T11:51:37.893+0545] {dag.py:3954} INFO - Setting next_dagrun for example_params_ui_tutorial to None, run_after=None
[2024-06-18T11:51:38.262+0545] {processor.py:183} INFO - Processing /home/manisha/airflow_env/lib/python3.10/site-packages/airflow/example_dags/example_params_ui_tutorial.py took 0.691 seconds
