[2024-06-18T10:57:10.857+0545] {processor.py:161} INFO - Started process (PID=4040) to work on /home/manisha/airflow_env/lib/python3.10/site-packages/airflow/example_dags/example_xcomargs.py
[2024-06-18T10:57:10.857+0545] {processor.py:830} INFO - Processing file /home/manisha/airflow_env/lib/python3.10/site-packages/airflow/example_dags/example_xcomargs.py for tasks to queue
[2024-06-18T10:57:10.859+0545] {logging_mixin.py:188} INFO - [2024-06-18T10:57:10.859+0545] {dagbag.py:545} INFO - Filling up the DagBag from /home/manisha/airflow_env/lib/python3.10/site-packages/airflow/example_dags/example_xcomargs.py
[2024-06-18T10:57:10.868+0545] {processor.py:840} INFO - DAG(s) 'example_xcom_args_with_operators', 'example_xcom_args' retrieved from /home/manisha/airflow_env/lib/python3.10/site-packages/airflow/example_dags/example_xcomargs.py
[2024-06-18T10:57:11.071+0545] {logging_mixin.py:188} INFO - [2024-06-18T10:57:11.069+0545] {override.py:1829} INFO - Created Permission View: can edit on DAG:example_xcom_args_with_operators
[2024-06-18T10:57:11.150+0545] {logging_mixin.py:188} INFO - [2024-06-18T10:57:11.149+0545] {override.py:1829} INFO - Created Permission View: can read on DAG:example_xcom_args_with_operators
[2024-06-18T10:57:11.218+0545] {logging_mixin.py:188} INFO - [2024-06-18T10:57:11.217+0545] {override.py:1829} INFO - Created Permission View: can delete on DAG:example_xcom_args_with_operators
[2024-06-18T10:57:11.365+0545] {logging_mixin.py:188} INFO - [2024-06-18T10:57:11.363+0545] {override.py:1829} INFO - Created Permission View: can edit on DAG:example_xcom_args
[2024-06-18T10:57:11.432+0545] {logging_mixin.py:188} INFO - [2024-06-18T10:57:11.431+0545] {override.py:1829} INFO - Created Permission View: can read on DAG:example_xcom_args
[2024-06-18T10:57:11.499+0545] {logging_mixin.py:188} INFO - [2024-06-18T10:57:11.498+0545] {override.py:1829} INFO - Created Permission View: can delete on DAG:example_xcom_args
[2024-06-18T10:57:11.501+0545] {logging_mixin.py:188} INFO - [2024-06-18T10:57:11.501+0545] {dag.py:3096} INFO - Sync 2 DAGs
[2024-06-18T10:57:11.534+0545] {logging_mixin.py:188} INFO - [2024-06-18T10:57:11.533+0545] {dag.py:3118} INFO - Creating ORM DAG for example_xcom_args_with_operators
[2024-06-18T10:57:11.535+0545] {logging_mixin.py:188} INFO - [2024-06-18T10:57:11.534+0545] {dag.py:3118} INFO - Creating ORM DAG for example_xcom_args
[2024-06-18T10:57:11.535+0545] {logging_mixin.py:188} INFO - [2024-06-18T10:57:11.535+0545] {dag.py:3954} INFO - Setting next_dagrun for example_xcom_args to None, run_after=None
[2024-06-18T10:57:11.536+0545] {logging_mixin.py:188} INFO - [2024-06-18T10:57:11.536+0545] {dag.py:3954} INFO - Setting next_dagrun for example_xcom_args_with_operators to None, run_after=None
[2024-06-18T10:57:11.644+0545] {processor.py:183} INFO - Processing /home/manisha/airflow_env/lib/python3.10/site-packages/airflow/example_dags/example_xcomargs.py took 0.793 seconds
[2024-06-18T10:58:27.816+0545] {processor.py:161} INFO - Started process (PID=4156) to work on /home/manisha/airflow_env/lib/python3.10/site-packages/airflow/example_dags/example_xcomargs.py
[2024-06-18T10:58:27.827+0545] {processor.py:830} INFO - Processing file /home/manisha/airflow_env/lib/python3.10/site-packages/airflow/example_dags/example_xcomargs.py for tasks to queue
[2024-06-18T10:58:27.829+0545] {logging_mixin.py:188} INFO - [2024-06-18T10:58:27.828+0545] {dagbag.py:545} INFO - Filling up the DagBag from /home/manisha/airflow_env/lib/python3.10/site-packages/airflow/example_dags/example_xcomargs.py
[2024-06-18T10:58:27.841+0545] {processor.py:840} INFO - DAG(s) 'example_xcom_args_with_operators', 'example_xcom_args' retrieved from /home/manisha/airflow_env/lib/python3.10/site-packages/airflow/example_dags/example_xcomargs.py
[2024-06-18T10:58:27.865+0545] {logging_mixin.py:188} INFO - [2024-06-18T10:58:27.864+0545] {dag.py:3096} INFO - Sync 2 DAGs
[2024-06-18T10:58:27.876+0545] {logging_mixin.py:188} INFO - [2024-06-18T10:58:27.876+0545] {dag.py:3954} INFO - Setting next_dagrun for example_xcom_args to None, run_after=None
[2024-06-18T10:58:27.879+0545] {logging_mixin.py:188} INFO - [2024-06-18T10:58:27.879+0545] {dag.py:3954} INFO - Setting next_dagrun for example_xcom_args_with_operators to None, run_after=None
[2024-06-18T10:58:28.099+0545] {processor.py:183} INFO - Processing /home/manisha/airflow_env/lib/python3.10/site-packages/airflow/example_dags/example_xcomargs.py took 0.289 seconds
[2024-06-18T10:59:30.388+0545] {processor.py:161} INFO - Started process (PID=4209) to work on /home/manisha/airflow_env/lib/python3.10/site-packages/airflow/example_dags/example_xcomargs.py
[2024-06-18T10:59:30.428+0545] {processor.py:830} INFO - Processing file /home/manisha/airflow_env/lib/python3.10/site-packages/airflow/example_dags/example_xcomargs.py for tasks to queue
[2024-06-18T10:59:30.434+0545] {logging_mixin.py:188} INFO - [2024-06-18T10:59:30.433+0545] {dagbag.py:545} INFO - Filling up the DagBag from /home/manisha/airflow_env/lib/python3.10/site-packages/airflow/example_dags/example_xcomargs.py
[2024-06-18T10:59:30.462+0545] {processor.py:840} INFO - DAG(s) 'example_xcom_args', 'example_xcom_args_with_operators' retrieved from /home/manisha/airflow_env/lib/python3.10/site-packages/airflow/example_dags/example_xcomargs.py
[2024-06-18T10:59:30.484+0545] {logging_mixin.py:188} INFO - [2024-06-18T10:59:30.484+0545] {dag.py:3096} INFO - Sync 2 DAGs
[2024-06-18T10:59:30.495+0545] {logging_mixin.py:188} INFO - [2024-06-18T10:59:30.495+0545] {dag.py:3954} INFO - Setting next_dagrun for example_xcom_args to None, run_after=None
[2024-06-18T10:59:30.498+0545] {logging_mixin.py:188} INFO - [2024-06-18T10:59:30.497+0545] {dag.py:3954} INFO - Setting next_dagrun for example_xcom_args_with_operators to None, run_after=None
[2024-06-18T10:59:30.695+0545] {processor.py:183} INFO - Processing /home/manisha/airflow_env/lib/python3.10/site-packages/airflow/example_dags/example_xcomargs.py took 0.313 seconds
[2024-06-18T11:00:33.669+0545] {processor.py:161} INFO - Started process (PID=4351) to work on /home/manisha/airflow_env/lib/python3.10/site-packages/airflow/example_dags/example_xcomargs.py
[2024-06-18T11:00:33.700+0545] {processor.py:830} INFO - Processing file /home/manisha/airflow_env/lib/python3.10/site-packages/airflow/example_dags/example_xcomargs.py for tasks to queue
[2024-06-18T11:00:33.705+0545] {logging_mixin.py:188} INFO - [2024-06-18T11:00:33.703+0545] {dagbag.py:545} INFO - Filling up the DagBag from /home/manisha/airflow_env/lib/python3.10/site-packages/airflow/example_dags/example_xcomargs.py
[2024-06-18T11:00:33.728+0545] {processor.py:840} INFO - DAG(s) 'example_xcom_args', 'example_xcom_args_with_operators' retrieved from /home/manisha/airflow_env/lib/python3.10/site-packages/airflow/example_dags/example_xcomargs.py
[2024-06-18T11:00:33.749+0545] {logging_mixin.py:188} INFO - [2024-06-18T11:00:33.749+0545] {dag.py:3096} INFO - Sync 2 DAGs
[2024-06-18T11:00:33.760+0545] {logging_mixin.py:188} INFO - [2024-06-18T11:00:33.760+0545] {dag.py:3954} INFO - Setting next_dagrun for example_xcom_args to None, run_after=None
[2024-06-18T11:00:33.763+0545] {logging_mixin.py:188} INFO - [2024-06-18T11:00:33.763+0545] {dag.py:3954} INFO - Setting next_dagrun for example_xcom_args_with_operators to None, run_after=None
[2024-06-18T11:00:33.876+0545] {processor.py:183} INFO - Processing /home/manisha/airflow_env/lib/python3.10/site-packages/airflow/example_dags/example_xcomargs.py took 0.227 seconds
[2024-06-18T11:01:34.054+0545] {processor.py:161} INFO - Started process (PID=4404) to work on /home/manisha/airflow_env/lib/python3.10/site-packages/airflow/example_dags/example_xcomargs.py
[2024-06-18T11:01:34.091+0545] {processor.py:830} INFO - Processing file /home/manisha/airflow_env/lib/python3.10/site-packages/airflow/example_dags/example_xcomargs.py for tasks to queue
[2024-06-18T11:01:34.093+0545] {logging_mixin.py:188} INFO - [2024-06-18T11:01:34.092+0545] {dagbag.py:545} INFO - Filling up the DagBag from /home/manisha/airflow_env/lib/python3.10/site-packages/airflow/example_dags/example_xcomargs.py
[2024-06-18T11:01:34.110+0545] {processor.py:840} INFO - DAG(s) 'example_xcom_args_with_operators', 'example_xcom_args' retrieved from /home/manisha/airflow_env/lib/python3.10/site-packages/airflow/example_dags/example_xcomargs.py
[2024-06-18T11:01:34.140+0545] {logging_mixin.py:188} INFO - [2024-06-18T11:01:34.140+0545] {dag.py:3096} INFO - Sync 2 DAGs
[2024-06-18T11:01:34.151+0545] {logging_mixin.py:188} INFO - [2024-06-18T11:01:34.151+0545] {dag.py:3954} INFO - Setting next_dagrun for example_xcom_args to None, run_after=None
[2024-06-18T11:01:34.154+0545] {logging_mixin.py:188} INFO - [2024-06-18T11:01:34.154+0545] {dag.py:3954} INFO - Setting next_dagrun for example_xcom_args_with_operators to None, run_after=None
[2024-06-18T11:01:34.295+0545] {processor.py:183} INFO - Processing /home/manisha/airflow_env/lib/python3.10/site-packages/airflow/example_dags/example_xcomargs.py took 0.246 seconds
[2024-06-18T11:02:34.366+0545] {processor.py:161} INFO - Started process (PID=4456) to work on /home/manisha/airflow_env/lib/python3.10/site-packages/airflow/example_dags/example_xcomargs.py
[2024-06-18T11:02:34.401+0545] {processor.py:830} INFO - Processing file /home/manisha/airflow_env/lib/python3.10/site-packages/airflow/example_dags/example_xcomargs.py for tasks to queue
[2024-06-18T11:02:34.407+0545] {logging_mixin.py:188} INFO - [2024-06-18T11:02:34.406+0545] {dagbag.py:545} INFO - Filling up the DagBag from /home/manisha/airflow_env/lib/python3.10/site-packages/airflow/example_dags/example_xcomargs.py
[2024-06-18T11:02:34.432+0545] {processor.py:840} INFO - DAG(s) 'example_xcom_args_with_operators', 'example_xcom_args' retrieved from /home/manisha/airflow_env/lib/python3.10/site-packages/airflow/example_dags/example_xcomargs.py
[2024-06-18T11:02:34.453+0545] {logging_mixin.py:188} INFO - [2024-06-18T11:02:34.453+0545] {dag.py:3096} INFO - Sync 2 DAGs
[2024-06-18T11:02:34.464+0545] {logging_mixin.py:188} INFO - [2024-06-18T11:02:34.464+0545] {dag.py:3954} INFO - Setting next_dagrun for example_xcom_args to None, run_after=None
[2024-06-18T11:02:34.467+0545] {logging_mixin.py:188} INFO - [2024-06-18T11:02:34.467+0545] {dag.py:3954} INFO - Setting next_dagrun for example_xcom_args_with_operators to None, run_after=None
[2024-06-18T11:02:34.577+0545] {processor.py:183} INFO - Processing /home/manisha/airflow_env/lib/python3.10/site-packages/airflow/example_dags/example_xcomargs.py took 0.230 seconds
[2024-06-18T11:03:33.064+0545] {processor.py:161} INFO - Started process (PID=4509) to work on /home/manisha/airflow_env/lib/python3.10/site-packages/airflow/example_dags/example_xcomargs.py
[2024-06-18T11:03:33.098+0545] {processor.py:830} INFO - Processing file /home/manisha/airflow_env/lib/python3.10/site-packages/airflow/example_dags/example_xcomargs.py for tasks to queue
[2024-06-18T11:03:33.100+0545] {logging_mixin.py:188} INFO - [2024-06-18T11:03:33.099+0545] {dagbag.py:545} INFO - Filling up the DagBag from /home/manisha/airflow_env/lib/python3.10/site-packages/airflow/example_dags/example_xcomargs.py
[2024-06-18T11:03:33.110+0545] {processor.py:840} INFO - DAG(s) 'example_xcom_args_with_operators', 'example_xcom_args' retrieved from /home/manisha/airflow_env/lib/python3.10/site-packages/airflow/example_dags/example_xcomargs.py
[2024-06-18T11:03:33.129+0545] {logging_mixin.py:188} INFO - [2024-06-18T11:03:33.129+0545] {dag.py:3096} INFO - Sync 2 DAGs
[2024-06-18T11:03:33.139+0545] {logging_mixin.py:188} INFO - [2024-06-18T11:03:33.139+0545] {dag.py:3954} INFO - Setting next_dagrun for example_xcom_args to None, run_after=None
[2024-06-18T11:03:33.142+0545] {logging_mixin.py:188} INFO - [2024-06-18T11:03:33.142+0545] {dag.py:3954} INFO - Setting next_dagrun for example_xcom_args_with_operators to None, run_after=None
[2024-06-18T11:03:33.244+0545] {processor.py:183} INFO - Processing /home/manisha/airflow_env/lib/python3.10/site-packages/airflow/example_dags/example_xcomargs.py took 0.196 seconds
[2024-06-18T11:04:34.172+0545] {processor.py:161} INFO - Started process (PID=4565) to work on /home/manisha/airflow_env/lib/python3.10/site-packages/airflow/example_dags/example_xcomargs.py
[2024-06-18T11:04:34.213+0545] {processor.py:830} INFO - Processing file /home/manisha/airflow_env/lib/python3.10/site-packages/airflow/example_dags/example_xcomargs.py for tasks to queue
[2024-06-18T11:04:34.218+0545] {logging_mixin.py:188} INFO - [2024-06-18T11:04:34.217+0545] {dagbag.py:545} INFO - Filling up the DagBag from /home/manisha/airflow_env/lib/python3.10/site-packages/airflow/example_dags/example_xcomargs.py
[2024-06-18T11:04:34.247+0545] {processor.py:840} INFO - DAG(s) 'example_xcom_args', 'example_xcom_args_with_operators' retrieved from /home/manisha/airflow_env/lib/python3.10/site-packages/airflow/example_dags/example_xcomargs.py
[2024-06-18T11:04:34.269+0545] {logging_mixin.py:188} INFO - [2024-06-18T11:04:34.269+0545] {dag.py:3096} INFO - Sync 2 DAGs
[2024-06-18T11:04:34.279+0545] {logging_mixin.py:188} INFO - [2024-06-18T11:04:34.279+0545] {dag.py:3954} INFO - Setting next_dagrun for example_xcom_args to None, run_after=None
[2024-06-18T11:04:34.282+0545] {logging_mixin.py:188} INFO - [2024-06-18T11:04:34.282+0545] {dag.py:3954} INFO - Setting next_dagrun for example_xcom_args_with_operators to None, run_after=None
[2024-06-18T11:04:34.396+0545] {processor.py:183} INFO - Processing /home/manisha/airflow_env/lib/python3.10/site-packages/airflow/example_dags/example_xcomargs.py took 0.231 seconds
[2024-06-18T11:06:16.615+0545] {processor.py:161} INFO - Started process (PID=4781) to work on /home/manisha/airflow_env/lib/python3.10/site-packages/airflow/example_dags/example_xcomargs.py
[2024-06-18T11:06:16.667+0545] {processor.py:830} INFO - Processing file /home/manisha/airflow_env/lib/python3.10/site-packages/airflow/example_dags/example_xcomargs.py for tasks to queue
[2024-06-18T11:06:16.672+0545] {logging_mixin.py:188} INFO - [2024-06-18T11:06:16.671+0545] {dagbag.py:545} INFO - Filling up the DagBag from /home/manisha/airflow_env/lib/python3.10/site-packages/airflow/example_dags/example_xcomargs.py
[2024-06-18T11:06:16.699+0545] {processor.py:840} INFO - DAG(s) 'example_xcom_args', 'example_xcom_args_with_operators' retrieved from /home/manisha/airflow_env/lib/python3.10/site-packages/airflow/example_dags/example_xcomargs.py
[2024-06-18T11:06:16.726+0545] {logging_mixin.py:188} INFO - [2024-06-18T11:06:16.726+0545] {dag.py:3096} INFO - Sync 2 DAGs
[2024-06-18T11:06:16.741+0545] {logging_mixin.py:188} INFO - [2024-06-18T11:06:16.740+0545] {dag.py:3954} INFO - Setting next_dagrun for example_xcom_args to None, run_after=None
[2024-06-18T11:06:16.745+0545] {logging_mixin.py:188} INFO - [2024-06-18T11:06:16.744+0545] {dag.py:3954} INFO - Setting next_dagrun for example_xcom_args_with_operators to None, run_after=None
[2024-06-18T11:06:16.829+0545] {processor.py:183} INFO - Processing /home/manisha/airflow_env/lib/python3.10/site-packages/airflow/example_dags/example_xcomargs.py took 0.224 seconds
[2024-06-18T11:07:16.444+0545] {processor.py:161} INFO - Started process (PID=4929) to work on /home/manisha/airflow_env/lib/python3.10/site-packages/airflow/example_dags/example_xcomargs.py
[2024-06-18T11:07:16.446+0545] {processor.py:830} INFO - Processing file /home/manisha/airflow_env/lib/python3.10/site-packages/airflow/example_dags/example_xcomargs.py for tasks to queue
[2024-06-18T11:07:16.447+0545] {logging_mixin.py:188} INFO - [2024-06-18T11:07:16.447+0545] {dagbag.py:545} INFO - Filling up the DagBag from /home/manisha/airflow_env/lib/python3.10/site-packages/airflow/example_dags/example_xcomargs.py
[2024-06-18T11:07:16.456+0545] {processor.py:840} INFO - DAG(s) 'example_xcom_args', 'example_xcom_args_with_operators' retrieved from /home/manisha/airflow_env/lib/python3.10/site-packages/airflow/example_dags/example_xcomargs.py
[2024-06-18T11:07:16.473+0545] {logging_mixin.py:188} INFO - [2024-06-18T11:07:16.473+0545] {dag.py:3096} INFO - Sync 2 DAGs
[2024-06-18T11:07:16.484+0545] {logging_mixin.py:188} INFO - [2024-06-18T11:07:16.484+0545] {dag.py:3954} INFO - Setting next_dagrun for example_xcom_args to None, run_after=None
[2024-06-18T11:07:16.487+0545] {logging_mixin.py:188} INFO - [2024-06-18T11:07:16.487+0545] {dag.py:3954} INFO - Setting next_dagrun for example_xcom_args_with_operators to None, run_after=None
[2024-06-18T11:07:16.588+0545] {processor.py:183} INFO - Processing /home/manisha/airflow_env/lib/python3.10/site-packages/airflow/example_dags/example_xcomargs.py took 0.150 seconds
[2024-06-18T11:08:12.980+0545] {processor.py:161} INFO - Started process (PID=4999) to work on /home/manisha/airflow_env/lib/python3.10/site-packages/airflow/example_dags/example_xcomargs.py
[2024-06-18T11:08:13.021+0545] {processor.py:830} INFO - Processing file /home/manisha/airflow_env/lib/python3.10/site-packages/airflow/example_dags/example_xcomargs.py for tasks to queue
[2024-06-18T11:08:13.023+0545] {logging_mixin.py:188} INFO - [2024-06-18T11:08:13.022+0545] {dagbag.py:545} INFO - Filling up the DagBag from /home/manisha/airflow_env/lib/python3.10/site-packages/airflow/example_dags/example_xcomargs.py
[2024-06-18T11:08:13.035+0545] {processor.py:840} INFO - DAG(s) 'example_xcom_args', 'example_xcom_args_with_operators' retrieved from /home/manisha/airflow_env/lib/python3.10/site-packages/airflow/example_dags/example_xcomargs.py
[2024-06-18T11:08:13.059+0545] {logging_mixin.py:188} INFO - [2024-06-18T11:08:13.059+0545] {dag.py:3096} INFO - Sync 2 DAGs
[2024-06-18T11:08:13.070+0545] {logging_mixin.py:188} INFO - [2024-06-18T11:08:13.070+0545] {dag.py:3954} INFO - Setting next_dagrun for example_xcom_args to None, run_after=None
[2024-06-18T11:08:13.074+0545] {logging_mixin.py:188} INFO - [2024-06-18T11:08:13.073+0545] {dag.py:3954} INFO - Setting next_dagrun for example_xcom_args_with_operators to None, run_after=None
[2024-06-18T11:08:13.194+0545] {processor.py:183} INFO - Processing /home/manisha/airflow_env/lib/python3.10/site-packages/airflow/example_dags/example_xcomargs.py took 0.219 seconds
[2024-06-18T11:09:15.350+0545] {processor.py:161} INFO - Started process (PID=5626) to work on /home/manisha/airflow_env/lib/python3.10/site-packages/airflow/example_dags/example_xcomargs.py
[2024-06-18T11:09:15.384+0545] {processor.py:830} INFO - Processing file /home/manisha/airflow_env/lib/python3.10/site-packages/airflow/example_dags/example_xcomargs.py for tasks to queue
[2024-06-18T11:09:15.389+0545] {logging_mixin.py:188} INFO - [2024-06-18T11:09:15.388+0545] {dagbag.py:545} INFO - Filling up the DagBag from /home/manisha/airflow_env/lib/python3.10/site-packages/airflow/example_dags/example_xcomargs.py
[2024-06-18T11:09:15.416+0545] {processor.py:840} INFO - DAG(s) 'example_xcom_args', 'example_xcom_args_with_operators' retrieved from /home/manisha/airflow_env/lib/python3.10/site-packages/airflow/example_dags/example_xcomargs.py
[2024-06-18T11:09:15.446+0545] {logging_mixin.py:188} INFO - [2024-06-18T11:09:15.445+0545] {dag.py:3096} INFO - Sync 2 DAGs
[2024-06-18T11:09:15.463+0545] {logging_mixin.py:188} INFO - [2024-06-18T11:09:15.462+0545] {dag.py:3954} INFO - Setting next_dagrun for example_xcom_args to None, run_after=None
[2024-06-18T11:09:15.466+0545] {logging_mixin.py:188} INFO - [2024-06-18T11:09:15.466+0545] {dag.py:3954} INFO - Setting next_dagrun for example_xcom_args_with_operators to None, run_after=None
[2024-06-18T11:09:15.529+0545] {processor.py:183} INFO - Processing /home/manisha/airflow_env/lib/python3.10/site-packages/airflow/example_dags/example_xcomargs.py took 0.193 seconds
[2024-06-18T11:44:00.986+0545] {processor.py:161} INFO - Started process (PID=8317) to work on /home/manisha/airflow_env/lib/python3.10/site-packages/airflow/example_dags/example_xcomargs.py
[2024-06-18T11:44:01.011+0545] {processor.py:830} INFO - Processing file /home/manisha/airflow_env/lib/python3.10/site-packages/airflow/example_dags/example_xcomargs.py for tasks to queue
[2024-06-18T11:44:01.012+0545] {logging_mixin.py:188} INFO - [2024-06-18T11:44:01.012+0545] {dagbag.py:545} INFO - Filling up the DagBag from /home/manisha/airflow_env/lib/python3.10/site-packages/airflow/example_dags/example_xcomargs.py
[2024-06-18T11:44:01.023+0545] {processor.py:840} INFO - DAG(s) 'example_xcom_args', 'example_xcom_args_with_operators' retrieved from /home/manisha/airflow_env/lib/python3.10/site-packages/airflow/example_dags/example_xcomargs.py
[2024-06-18T11:44:01.040+0545] {logging_mixin.py:188} INFO - [2024-06-18T11:44:01.039+0545] {dag.py:3096} INFO - Sync 2 DAGs
[2024-06-18T11:44:01.111+0545] {logging_mixin.py:188} INFO - [2024-06-18T11:44:01.111+0545] {dag.py:3954} INFO - Setting next_dagrun for example_xcom_args to None, run_after=None
[2024-06-18T11:44:01.118+0545] {logging_mixin.py:188} INFO - [2024-06-18T11:44:01.118+0545] {dag.py:3954} INFO - Setting next_dagrun for example_xcom_args_with_operators to None, run_after=None
[2024-06-18T11:44:01.218+0545] {processor.py:183} INFO - Processing /home/manisha/airflow_env/lib/python3.10/site-packages/airflow/example_dags/example_xcomargs.py took 0.244 seconds
[2024-06-18T11:44:34.158+0545] {processor.py:161} INFO - Started process (PID=8373) to work on /home/manisha/airflow_env/lib/python3.10/site-packages/airflow/example_dags/example_xcomargs.py
[2024-06-18T11:44:34.180+0545] {processor.py:830} INFO - Processing file /home/manisha/airflow_env/lib/python3.10/site-packages/airflow/example_dags/example_xcomargs.py for tasks to queue
[2024-06-18T11:44:34.181+0545] {logging_mixin.py:188} INFO - [2024-06-18T11:44:34.181+0545] {dagbag.py:545} INFO - Filling up the DagBag from /home/manisha/airflow_env/lib/python3.10/site-packages/airflow/example_dags/example_xcomargs.py
[2024-06-18T11:44:34.189+0545] {processor.py:840} INFO - DAG(s) 'example_xcom_args', 'example_xcom_args_with_operators' retrieved from /home/manisha/airflow_env/lib/python3.10/site-packages/airflow/example_dags/example_xcomargs.py
[2024-06-18T11:44:34.392+0545] {logging_mixin.py:188} INFO - [2024-06-18T11:44:34.392+0545] {dag.py:3096} INFO - Sync 2 DAGs
[2024-06-18T11:44:34.402+0545] {logging_mixin.py:188} INFO - [2024-06-18T11:44:34.402+0545] {dag.py:3954} INFO - Setting next_dagrun for example_xcom_args to None, run_after=None
[2024-06-18T11:44:34.404+0545] {logging_mixin.py:188} INFO - [2024-06-18T11:44:34.404+0545] {dag.py:3954} INFO - Setting next_dagrun for example_xcom_args_with_operators to None, run_after=None
[2024-06-18T11:44:34.603+0545] {processor.py:183} INFO - Processing /home/manisha/airflow_env/lib/python3.10/site-packages/airflow/example_dags/example_xcomargs.py took 0.450 seconds
[2024-06-18T11:45:04.883+0545] {processor.py:161} INFO - Started process (PID=8427) to work on /home/manisha/airflow_env/lib/python3.10/site-packages/airflow/example_dags/example_xcomargs.py
[2024-06-18T11:45:04.887+0545] {processor.py:830} INFO - Processing file /home/manisha/airflow_env/lib/python3.10/site-packages/airflow/example_dags/example_xcomargs.py for tasks to queue
[2024-06-18T11:45:04.889+0545] {logging_mixin.py:188} INFO - [2024-06-18T11:45:04.889+0545] {dagbag.py:545} INFO - Filling up the DagBag from /home/manisha/airflow_env/lib/python3.10/site-packages/airflow/example_dags/example_xcomargs.py
[2024-06-18T11:45:04.897+0545] {processor.py:840} INFO - DAG(s) 'example_xcom_args_with_operators', 'example_xcom_args' retrieved from /home/manisha/airflow_env/lib/python3.10/site-packages/airflow/example_dags/example_xcomargs.py
[2024-06-18T11:45:05.014+0545] {logging_mixin.py:188} INFO - [2024-06-18T11:45:05.014+0545] {dag.py:3096} INFO - Sync 2 DAGs
[2024-06-18T11:45:05.029+0545] {logging_mixin.py:188} INFO - [2024-06-18T11:45:05.028+0545] {dag.py:3954} INFO - Setting next_dagrun for example_xcom_args to None, run_after=None
[2024-06-18T11:45:05.033+0545] {logging_mixin.py:188} INFO - [2024-06-18T11:45:05.033+0545] {dag.py:3954} INFO - Setting next_dagrun for example_xcom_args_with_operators to None, run_after=None
[2024-06-18T11:45:05.136+0545] {processor.py:183} INFO - Processing /home/manisha/airflow_env/lib/python3.10/site-packages/airflow/example_dags/example_xcomargs.py took 0.260 seconds
[2024-06-18T11:45:35.934+0545] {processor.py:161} INFO - Started process (PID=8478) to work on /home/manisha/airflow_env/lib/python3.10/site-packages/airflow/example_dags/example_xcomargs.py
[2024-06-18T11:45:35.934+0545] {processor.py:830} INFO - Processing file /home/manisha/airflow_env/lib/python3.10/site-packages/airflow/example_dags/example_xcomargs.py for tasks to queue
[2024-06-18T11:45:35.936+0545] {logging_mixin.py:188} INFO - [2024-06-18T11:45:35.936+0545] {dagbag.py:545} INFO - Filling up the DagBag from /home/manisha/airflow_env/lib/python3.10/site-packages/airflow/example_dags/example_xcomargs.py
[2024-06-18T11:45:35.944+0545] {processor.py:840} INFO - DAG(s) 'example_xcom_args', 'example_xcom_args_with_operators' retrieved from /home/manisha/airflow_env/lib/python3.10/site-packages/airflow/example_dags/example_xcomargs.py
[2024-06-18T11:45:35.971+0545] {logging_mixin.py:188} INFO - [2024-06-18T11:45:35.971+0545] {dag.py:3096} INFO - Sync 2 DAGs
[2024-06-18T11:45:35.983+0545] {logging_mixin.py:188} INFO - [2024-06-18T11:45:35.983+0545] {dag.py:3954} INFO - Setting next_dagrun for example_xcom_args to None, run_after=None
[2024-06-18T11:45:35.987+0545] {logging_mixin.py:188} INFO - [2024-06-18T11:45:35.987+0545] {dag.py:3954} INFO - Setting next_dagrun for example_xcom_args_with_operators to None, run_after=None
[2024-06-18T11:45:36.061+0545] {processor.py:183} INFO - Processing /home/manisha/airflow_env/lib/python3.10/site-packages/airflow/example_dags/example_xcomargs.py took 0.134 seconds
[2024-06-18T11:46:06.232+0545] {processor.py:161} INFO - Started process (PID=8531) to work on /home/manisha/airflow_env/lib/python3.10/site-packages/airflow/example_dags/example_xcomargs.py
[2024-06-18T11:46:06.244+0545] {processor.py:830} INFO - Processing file /home/manisha/airflow_env/lib/python3.10/site-packages/airflow/example_dags/example_xcomargs.py for tasks to queue
[2024-06-18T11:46:06.246+0545] {logging_mixin.py:188} INFO - [2024-06-18T11:46:06.245+0545] {dagbag.py:545} INFO - Filling up the DagBag from /home/manisha/airflow_env/lib/python3.10/site-packages/airflow/example_dags/example_xcomargs.py
[2024-06-18T11:46:06.253+0545] {processor.py:840} INFO - DAG(s) 'example_xcom_args', 'example_xcom_args_with_operators' retrieved from /home/manisha/airflow_env/lib/python3.10/site-packages/airflow/example_dags/example_xcomargs.py
[2024-06-18T11:46:06.277+0545] {logging_mixin.py:188} INFO - [2024-06-18T11:46:06.277+0545] {dag.py:3096} INFO - Sync 2 DAGs
[2024-06-18T11:46:06.289+0545] {logging_mixin.py:188} INFO - [2024-06-18T11:46:06.289+0545] {dag.py:3954} INFO - Setting next_dagrun for example_xcom_args to None, run_after=None
[2024-06-18T11:46:06.293+0545] {logging_mixin.py:188} INFO - [2024-06-18T11:46:06.293+0545] {dag.py:3954} INFO - Setting next_dagrun for example_xcom_args_with_operators to None, run_after=None
[2024-06-18T11:46:06.362+0545] {processor.py:183} INFO - Processing /home/manisha/airflow_env/lib/python3.10/site-packages/airflow/example_dags/example_xcomargs.py took 0.136 seconds
[2024-06-18T11:46:37.072+0545] {processor.py:161} INFO - Started process (PID=8582) to work on /home/manisha/airflow_env/lib/python3.10/site-packages/airflow/example_dags/example_xcomargs.py
[2024-06-18T11:46:37.073+0545] {processor.py:830} INFO - Processing file /home/manisha/airflow_env/lib/python3.10/site-packages/airflow/example_dags/example_xcomargs.py for tasks to queue
[2024-06-18T11:46:37.074+0545] {logging_mixin.py:188} INFO - [2024-06-18T11:46:37.074+0545] {dagbag.py:545} INFO - Filling up the DagBag from /home/manisha/airflow_env/lib/python3.10/site-packages/airflow/example_dags/example_xcomargs.py
[2024-06-18T11:46:37.082+0545] {processor.py:840} INFO - DAG(s) 'example_xcom_args_with_operators', 'example_xcom_args' retrieved from /home/manisha/airflow_env/lib/python3.10/site-packages/airflow/example_dags/example_xcomargs.py
[2024-06-18T11:46:37.109+0545] {logging_mixin.py:188} INFO - [2024-06-18T11:46:37.108+0545] {dag.py:3096} INFO - Sync 2 DAGs
[2024-06-18T11:46:37.121+0545] {logging_mixin.py:188} INFO - [2024-06-18T11:46:37.121+0545] {dag.py:3954} INFO - Setting next_dagrun for example_xcom_args to None, run_after=None
[2024-06-18T11:46:37.125+0545] {logging_mixin.py:188} INFO - [2024-06-18T11:46:37.125+0545] {dag.py:3954} INFO - Setting next_dagrun for example_xcom_args_with_operators to None, run_after=None
[2024-06-18T11:46:37.190+0545] {processor.py:183} INFO - Processing /home/manisha/airflow_env/lib/python3.10/site-packages/airflow/example_dags/example_xcomargs.py took 0.124 seconds
[2024-06-18T11:47:07.634+0545] {processor.py:161} INFO - Started process (PID=8633) to work on /home/manisha/airflow_env/lib/python3.10/site-packages/airflow/example_dags/example_xcomargs.py
[2024-06-18T11:47:07.641+0545] {processor.py:830} INFO - Processing file /home/manisha/airflow_env/lib/python3.10/site-packages/airflow/example_dags/example_xcomargs.py for tasks to queue
[2024-06-18T11:47:07.643+0545] {logging_mixin.py:188} INFO - [2024-06-18T11:47:07.642+0545] {dagbag.py:545} INFO - Filling up the DagBag from /home/manisha/airflow_env/lib/python3.10/site-packages/airflow/example_dags/example_xcomargs.py
[2024-06-18T11:47:07.650+0545] {processor.py:840} INFO - DAG(s) 'example_xcom_args_with_operators', 'example_xcom_args' retrieved from /home/manisha/airflow_env/lib/python3.10/site-packages/airflow/example_dags/example_xcomargs.py
[2024-06-18T11:47:07.675+0545] {logging_mixin.py:188} INFO - [2024-06-18T11:47:07.675+0545] {dag.py:3096} INFO - Sync 2 DAGs
[2024-06-18T11:47:07.687+0545] {logging_mixin.py:188} INFO - [2024-06-18T11:47:07.687+0545] {dag.py:3954} INFO - Setting next_dagrun for example_xcom_args to None, run_after=None
[2024-06-18T11:47:07.691+0545] {logging_mixin.py:188} INFO - [2024-06-18T11:47:07.691+0545] {dag.py:3954} INFO - Setting next_dagrun for example_xcom_args_with_operators to None, run_after=None
[2024-06-18T11:47:07.797+0545] {processor.py:183} INFO - Processing /home/manisha/airflow_env/lib/python3.10/site-packages/airflow/example_dags/example_xcomargs.py took 0.170 seconds
[2024-06-18T11:47:37.937+0545] {processor.py:161} INFO - Started process (PID=8686) to work on /home/manisha/airflow_env/lib/python3.10/site-packages/airflow/example_dags/example_xcomargs.py
[2024-06-18T11:47:37.938+0545] {processor.py:830} INFO - Processing file /home/manisha/airflow_env/lib/python3.10/site-packages/airflow/example_dags/example_xcomargs.py for tasks to queue
[2024-06-18T11:47:37.939+0545] {logging_mixin.py:188} INFO - [2024-06-18T11:47:37.939+0545] {dagbag.py:545} INFO - Filling up the DagBag from /home/manisha/airflow_env/lib/python3.10/site-packages/airflow/example_dags/example_xcomargs.py
[2024-06-18T11:47:37.946+0545] {processor.py:840} INFO - DAG(s) 'example_xcom_args', 'example_xcom_args_with_operators' retrieved from /home/manisha/airflow_env/lib/python3.10/site-packages/airflow/example_dags/example_xcomargs.py
[2024-06-18T11:47:37.975+0545] {logging_mixin.py:188} INFO - [2024-06-18T11:47:37.975+0545] {dag.py:3096} INFO - Sync 2 DAGs
[2024-06-18T11:47:37.988+0545] {logging_mixin.py:188} INFO - [2024-06-18T11:47:37.988+0545] {dag.py:3954} INFO - Setting next_dagrun for example_xcom_args to None, run_after=None
[2024-06-18T11:47:37.992+0545] {logging_mixin.py:188} INFO - [2024-06-18T11:47:37.992+0545] {dag.py:3954} INFO - Setting next_dagrun for example_xcom_args_with_operators to None, run_after=None
[2024-06-18T11:47:38.062+0545] {processor.py:183} INFO - Processing /home/manisha/airflow_env/lib/python3.10/site-packages/airflow/example_dags/example_xcomargs.py took 0.130 seconds
[2024-06-18T11:48:31.341+0545] {processor.py:161} INFO - Started process (PID=8766) to work on /home/manisha/airflow_env/lib/python3.10/site-packages/airflow/example_dags/example_xcomargs.py
[2024-06-18T11:48:31.347+0545] {processor.py:830} INFO - Processing file /home/manisha/airflow_env/lib/python3.10/site-packages/airflow/example_dags/example_xcomargs.py for tasks to queue
[2024-06-18T11:48:31.349+0545] {logging_mixin.py:188} INFO - [2024-06-18T11:48:31.348+0545] {dagbag.py:545} INFO - Filling up the DagBag from /home/manisha/airflow_env/lib/python3.10/site-packages/airflow/example_dags/example_xcomargs.py
[2024-06-18T11:48:31.358+0545] {processor.py:840} INFO - DAG(s) 'example_xcom_args', 'example_xcom_args_with_operators' retrieved from /home/manisha/airflow_env/lib/python3.10/site-packages/airflow/example_dags/example_xcomargs.py
[2024-06-18T11:48:31.375+0545] {logging_mixin.py:188} INFO - [2024-06-18T11:48:31.375+0545] {dag.py:3096} INFO - Sync 2 DAGs
[2024-06-18T11:48:31.392+0545] {logging_mixin.py:188} INFO - [2024-06-18T11:48:31.392+0545] {dag.py:3954} INFO - Setting next_dagrun for example_xcom_args to None, run_after=None
[2024-06-18T11:48:31.397+0545] {logging_mixin.py:188} INFO - [2024-06-18T11:48:31.396+0545] {dag.py:3954} INFO - Setting next_dagrun for example_xcom_args_with_operators to None, run_after=None
[2024-06-18T11:48:31.471+0545] {processor.py:183} INFO - Processing /home/manisha/airflow_env/lib/python3.10/site-packages/airflow/example_dags/example_xcomargs.py took 0.135 seconds
[2024-06-18T11:49:05.350+0545] {processor.py:161} INFO - Started process (PID=8877) to work on /home/manisha/airflow_env/lib/python3.10/site-packages/airflow/example_dags/example_xcomargs.py
[2024-06-18T11:49:05.361+0545] {processor.py:830} INFO - Processing file /home/manisha/airflow_env/lib/python3.10/site-packages/airflow/example_dags/example_xcomargs.py for tasks to queue
[2024-06-18T11:49:05.362+0545] {logging_mixin.py:188} INFO - [2024-06-18T11:49:05.362+0545] {dagbag.py:545} INFO - Filling up the DagBag from /home/manisha/airflow_env/lib/python3.10/site-packages/airflow/example_dags/example_xcomargs.py
[2024-06-18T11:49:05.372+0545] {processor.py:840} INFO - DAG(s) 'example_xcom_args', 'example_xcom_args_with_operators' retrieved from /home/manisha/airflow_env/lib/python3.10/site-packages/airflow/example_dags/example_xcomargs.py
[2024-06-18T11:49:05.604+0545] {logging_mixin.py:188} INFO - [2024-06-18T11:49:05.603+0545] {dag.py:3096} INFO - Sync 2 DAGs
[2024-06-18T11:49:05.615+0545] {logging_mixin.py:188} INFO - [2024-06-18T11:49:05.615+0545] {dag.py:3954} INFO - Setting next_dagrun for example_xcom_args to None, run_after=None
[2024-06-18T11:49:05.618+0545] {logging_mixin.py:188} INFO - [2024-06-18T11:49:05.618+0545] {dag.py:3954} INFO - Setting next_dagrun for example_xcom_args_with_operators to None, run_after=None
[2024-06-18T11:49:05.717+0545] {processor.py:183} INFO - Processing /home/manisha/airflow_env/lib/python3.10/site-packages/airflow/example_dags/example_xcomargs.py took 0.374 seconds
[2024-06-18T11:49:36.268+0545] {processor.py:161} INFO - Started process (PID=8945) to work on /home/manisha/airflow_env/lib/python3.10/site-packages/airflow/example_dags/example_xcomargs.py
[2024-06-18T11:49:36.288+0545] {processor.py:830} INFO - Processing file /home/manisha/airflow_env/lib/python3.10/site-packages/airflow/example_dags/example_xcomargs.py for tasks to queue
[2024-06-18T11:49:36.293+0545] {logging_mixin.py:188} INFO - [2024-06-18T11:49:36.292+0545] {dagbag.py:545} INFO - Filling up the DagBag from /home/manisha/airflow_env/lib/python3.10/site-packages/airflow/example_dags/example_xcomargs.py
[2024-06-18T11:49:36.317+0545] {processor.py:840} INFO - DAG(s) 'example_xcom_args_with_operators', 'example_xcom_args' retrieved from /home/manisha/airflow_env/lib/python3.10/site-packages/airflow/example_dags/example_xcomargs.py
[2024-06-18T11:49:36.432+0545] {logging_mixin.py:188} INFO - [2024-06-18T11:49:36.432+0545] {dag.py:3096} INFO - Sync 2 DAGs
[2024-06-18T11:49:36.445+0545] {logging_mixin.py:188} INFO - [2024-06-18T11:49:36.445+0545] {dag.py:3954} INFO - Setting next_dagrun for example_xcom_args to None, run_after=None
[2024-06-18T11:49:36.450+0545] {logging_mixin.py:188} INFO - [2024-06-18T11:49:36.449+0545] {dag.py:3954} INFO - Setting next_dagrun for example_xcom_args_with_operators to None, run_after=None
[2024-06-18T11:49:36.626+0545] {processor.py:183} INFO - Processing /home/manisha/airflow_env/lib/python3.10/site-packages/airflow/example_dags/example_xcomargs.py took 0.367 seconds
[2024-06-18T11:50:06.771+0545] {processor.py:161} INFO - Started process (PID=9005) to work on /home/manisha/airflow_env/lib/python3.10/site-packages/airflow/example_dags/example_xcomargs.py
[2024-06-18T11:50:06.771+0545] {processor.py:830} INFO - Processing file /home/manisha/airflow_env/lib/python3.10/site-packages/airflow/example_dags/example_xcomargs.py for tasks to queue
[2024-06-18T11:50:06.773+0545] {logging_mixin.py:188} INFO - [2024-06-18T11:50:06.772+0545] {dagbag.py:545} INFO - Filling up the DagBag from /home/manisha/airflow_env/lib/python3.10/site-packages/airflow/example_dags/example_xcomargs.py
[2024-06-18T11:50:06.781+0545] {processor.py:840} INFO - DAG(s) 'example_xcom_args_with_operators', 'example_xcom_args' retrieved from /home/manisha/airflow_env/lib/python3.10/site-packages/airflow/example_dags/example_xcomargs.py
[2024-06-18T11:50:06.809+0545] {logging_mixin.py:188} INFO - [2024-06-18T11:50:06.809+0545] {dag.py:3096} INFO - Sync 2 DAGs
[2024-06-18T11:50:06.820+0545] {logging_mixin.py:188} INFO - [2024-06-18T11:50:06.819+0545] {dag.py:3954} INFO - Setting next_dagrun for example_xcom_args to None, run_after=None
[2024-06-18T11:50:06.823+0545] {logging_mixin.py:188} INFO - [2024-06-18T11:50:06.823+0545] {dag.py:3954} INFO - Setting next_dagrun for example_xcom_args_with_operators to None, run_after=None
[2024-06-18T11:50:06.979+0545] {processor.py:183} INFO - Processing /home/manisha/airflow_env/lib/python3.10/site-packages/airflow/example_dags/example_xcomargs.py took 0.214 seconds
[2024-06-18T11:50:37.354+0545] {processor.py:161} INFO - Started process (PID=9064) to work on /home/manisha/airflow_env/lib/python3.10/site-packages/airflow/example_dags/example_xcomargs.py
[2024-06-18T11:50:37.408+0545] {processor.py:830} INFO - Processing file /home/manisha/airflow_env/lib/python3.10/site-packages/airflow/example_dags/example_xcomargs.py for tasks to queue
[2024-06-18T11:50:37.413+0545] {logging_mixin.py:188} INFO - [2024-06-18T11:50:37.412+0545] {dagbag.py:545} INFO - Filling up the DagBag from /home/manisha/airflow_env/lib/python3.10/site-packages/airflow/example_dags/example_xcomargs.py
[2024-06-18T11:50:37.438+0545] {processor.py:840} INFO - DAG(s) 'example_xcom_args', 'example_xcom_args_with_operators' retrieved from /home/manisha/airflow_env/lib/python3.10/site-packages/airflow/example_dags/example_xcomargs.py
[2024-06-18T11:50:37.471+0545] {logging_mixin.py:188} INFO - [2024-06-18T11:50:37.471+0545] {dag.py:3096} INFO - Sync 2 DAGs
[2024-06-18T11:50:37.483+0545] {logging_mixin.py:188} INFO - [2024-06-18T11:50:37.482+0545] {dag.py:3954} INFO - Setting next_dagrun for example_xcom_args to None, run_after=None
[2024-06-18T11:50:37.486+0545] {logging_mixin.py:188} INFO - [2024-06-18T11:50:37.486+0545] {dag.py:3954} INFO - Setting next_dagrun for example_xcom_args_with_operators to None, run_after=None
[2024-06-18T11:50:37.692+0545] {processor.py:183} INFO - Processing /home/manisha/airflow_env/lib/python3.10/site-packages/airflow/example_dags/example_xcomargs.py took 0.343 seconds
[2024-06-18T11:50:59.066+0545] {processor.py:161} INFO - Started process (PID=9368) to work on /home/manisha/airflow_env/lib/python3.10/site-packages/airflow/example_dags/example_xcomargs.py
[2024-06-18T11:50:59.067+0545] {processor.py:830} INFO - Processing file /home/manisha/airflow_env/lib/python3.10/site-packages/airflow/example_dags/example_xcomargs.py for tasks to queue
[2024-06-18T11:50:59.070+0545] {logging_mixin.py:188} INFO - [2024-06-18T11:50:59.069+0545] {dagbag.py:545} INFO - Filling up the DagBag from /home/manisha/airflow_env/lib/python3.10/site-packages/airflow/example_dags/example_xcomargs.py
[2024-06-18T11:50:59.082+0545] {processor.py:840} INFO - DAG(s) 'example_xcom_args', 'example_xcom_args_with_operators' retrieved from /home/manisha/airflow_env/lib/python3.10/site-packages/airflow/example_dags/example_xcomargs.py
[2024-06-18T11:50:59.105+0545] {logging_mixin.py:188} INFO - [2024-06-18T11:50:59.105+0545] {dag.py:3096} INFO - Sync 2 DAGs
[2024-06-18T11:50:59.125+0545] {logging_mixin.py:188} INFO - [2024-06-18T11:50:59.125+0545] {dag.py:3954} INFO - Setting next_dagrun for example_xcom_args to None, run_after=None
[2024-06-18T11:50:59.134+0545] {logging_mixin.py:188} INFO - [2024-06-18T11:50:59.133+0545] {dag.py:3954} INFO - Setting next_dagrun for example_xcom_args_with_operators to None, run_after=None
[2024-06-18T11:50:59.266+0545] {processor.py:183} INFO - Processing /home/manisha/airflow_env/lib/python3.10/site-packages/airflow/example_dags/example_xcomargs.py took 0.212 seconds
[2024-06-18T11:51:32.507+0545] {processor.py:161} INFO - Started process (PID=9639) to work on /home/manisha/airflow_env/lib/python3.10/site-packages/airflow/example_dags/example_xcomargs.py
[2024-06-18T11:51:32.546+0545] {processor.py:830} INFO - Processing file /home/manisha/airflow_env/lib/python3.10/site-packages/airflow/example_dags/example_xcomargs.py for tasks to queue
[2024-06-18T11:51:32.547+0545] {logging_mixin.py:188} INFO - [2024-06-18T11:51:32.547+0545] {dagbag.py:545} INFO - Filling up the DagBag from /home/manisha/airflow_env/lib/python3.10/site-packages/airflow/example_dags/example_xcomargs.py
[2024-06-18T11:51:32.565+0545] {processor.py:840} INFO - DAG(s) 'example_xcom_args', 'example_xcom_args_with_operators' retrieved from /home/manisha/airflow_env/lib/python3.10/site-packages/airflow/example_dags/example_xcomargs.py
[2024-06-18T11:51:32.837+0545] {logging_mixin.py:188} INFO - [2024-06-18T11:51:32.837+0545] {dag.py:3096} INFO - Sync 2 DAGs
[2024-06-18T11:51:32.848+0545] {logging_mixin.py:188} INFO - [2024-06-18T11:51:32.848+0545] {dag.py:3954} INFO - Setting next_dagrun for example_xcom_args to None, run_after=None
[2024-06-18T11:51:32.853+0545] {logging_mixin.py:188} INFO - [2024-06-18T11:51:32.853+0545] {dag.py:3954} INFO - Setting next_dagrun for example_xcom_args_with_operators to None, run_after=None
[2024-06-18T11:51:33.056+0545] {processor.py:183} INFO - Processing /home/manisha/airflow_env/lib/python3.10/site-packages/airflow/example_dags/example_xcomargs.py took 0.555 seconds
