[2024-06-18T10:57:33.597+0545] {processor.py:161} INFO - Started process (PID=4054) to work on /home/manisha/airflow_env/lib/python3.10/site-packages/airflow/example_dags/example_latest_only_with_trigger.py
[2024-06-18T10:57:33.599+0545] {processor.py:830} INFO - Processing file /home/manisha/airflow_env/lib/python3.10/site-packages/airflow/example_dags/example_latest_only_with_trigger.py for tasks to queue
[2024-06-18T10:57:33.601+0545] {logging_mixin.py:188} INFO - [2024-06-18T10:57:33.601+0545] {dagbag.py:545} INFO - Filling up the DagBag from /home/manisha/airflow_env/lib/python3.10/site-packages/airflow/example_dags/example_latest_only_with_trigger.py
[2024-06-18T10:57:33.610+0545] {processor.py:840} INFO - DAG(s) 'latest_only_with_trigger' retrieved from /home/manisha/airflow_env/lib/python3.10/site-packages/airflow/example_dags/example_latest_only_with_trigger.py
[2024-06-18T10:57:33.833+0545] {logging_mixin.py:188} INFO - [2024-06-18T10:57:33.831+0545] {override.py:1829} INFO - Created Permission View: can edit on DAG:latest_only_with_trigger
[2024-06-18T10:57:33.934+0545] {logging_mixin.py:188} INFO - [2024-06-18T10:57:33.933+0545] {override.py:1829} INFO - Created Permission View: can read on DAG:latest_only_with_trigger
[2024-06-18T10:57:34.024+0545] {logging_mixin.py:188} INFO - [2024-06-18T10:57:34.023+0545] {override.py:1829} INFO - Created Permission View: can delete on DAG:latest_only_with_trigger
[2024-06-18T10:57:34.026+0545] {logging_mixin.py:188} INFO - [2024-06-18T10:57:34.026+0545] {dag.py:3096} INFO - Sync 1 DAGs
[2024-06-18T10:57:34.062+0545] {logging_mixin.py:188} INFO - [2024-06-18T10:57:34.062+0545] {dag.py:3118} INFO - Creating ORM DAG for latest_only_with_trigger
[2024-06-18T10:57:34.074+0545] {logging_mixin.py:188} INFO - [2024-06-18T10:57:34.073+0545] {dag.py:3954} INFO - Setting next_dagrun for latest_only_with_trigger to 2024-06-18 00:00:00+00:00, run_after=2024-06-18 04:00:00+00:00
[2024-06-18T10:57:34.263+0545] {processor.py:183} INFO - Processing /home/manisha/airflow_env/lib/python3.10/site-packages/airflow/example_dags/example_latest_only_with_trigger.py took 0.685 seconds
[2024-06-18T10:58:52.184+0545] {processor.py:161} INFO - Started process (PID=4178) to work on /home/manisha/airflow_env/lib/python3.10/site-packages/airflow/example_dags/example_latest_only_with_trigger.py
[2024-06-18T10:58:52.186+0545] {processor.py:830} INFO - Processing file /home/manisha/airflow_env/lib/python3.10/site-packages/airflow/example_dags/example_latest_only_with_trigger.py for tasks to queue
[2024-06-18T10:58:52.187+0545] {logging_mixin.py:188} INFO - [2024-06-18T10:58:52.187+0545] {dagbag.py:545} INFO - Filling up the DagBag from /home/manisha/airflow_env/lib/python3.10/site-packages/airflow/example_dags/example_latest_only_with_trigger.py
[2024-06-18T10:58:52.193+0545] {processor.py:840} INFO - DAG(s) 'latest_only_with_trigger' retrieved from /home/manisha/airflow_env/lib/python3.10/site-packages/airflow/example_dags/example_latest_only_with_trigger.py
[2024-06-18T10:58:52.208+0545] {logging_mixin.py:188} INFO - [2024-06-18T10:58:52.207+0545] {dag.py:3096} INFO - Sync 1 DAGs
[2024-06-18T10:58:52.225+0545] {logging_mixin.py:188} INFO - [2024-06-18T10:58:52.224+0545] {dag.py:3954} INFO - Setting next_dagrun for latest_only_with_trigger to 2024-06-18 00:00:00+00:00, run_after=2024-06-18 04:00:00+00:00
[2024-06-18T10:58:52.366+0545] {processor.py:183} INFO - Processing /home/manisha/airflow_env/lib/python3.10/site-packages/airflow/example_dags/example_latest_only_with_trigger.py took 0.188 seconds
[2024-06-18T10:59:57.118+0545] {processor.py:161} INFO - Started process (PID=4232) to work on /home/manisha/airflow_env/lib/python3.10/site-packages/airflow/example_dags/example_latest_only_with_trigger.py
[2024-06-18T10:59:57.151+0545] {processor.py:830} INFO - Processing file /home/manisha/airflow_env/lib/python3.10/site-packages/airflow/example_dags/example_latest_only_with_trigger.py for tasks to queue
[2024-06-18T10:59:57.156+0545] {logging_mixin.py:188} INFO - [2024-06-18T10:59:57.155+0545] {dagbag.py:545} INFO - Filling up the DagBag from /home/manisha/airflow_env/lib/python3.10/site-packages/airflow/example_dags/example_latest_only_with_trigger.py
[2024-06-18T10:59:57.177+0545] {processor.py:840} INFO - DAG(s) 'latest_only_with_trigger' retrieved from /home/manisha/airflow_env/lib/python3.10/site-packages/airflow/example_dags/example_latest_only_with_trigger.py
[2024-06-18T10:59:57.201+0545] {logging_mixin.py:188} INFO - [2024-06-18T10:59:57.201+0545] {dag.py:3096} INFO - Sync 1 DAGs
[2024-06-18T10:59:57.304+0545] {logging_mixin.py:188} INFO - [2024-06-18T10:59:57.303+0545] {dag.py:3954} INFO - Setting next_dagrun for latest_only_with_trigger to 2024-06-18 00:00:00+00:00, run_after=2024-06-18 04:00:00+00:00
[2024-06-18T10:59:57.437+0545] {processor.py:183} INFO - Processing /home/manisha/airflow_env/lib/python3.10/site-packages/airflow/example_dags/example_latest_only_with_trigger.py took 0.325 seconds
[2024-06-18T11:00:58.266+0545] {processor.py:161} INFO - Started process (PID=4375) to work on /home/manisha/airflow_env/lib/python3.10/site-packages/airflow/example_dags/example_latest_only_with_trigger.py
[2024-06-18T11:00:58.304+0545] {processor.py:830} INFO - Processing file /home/manisha/airflow_env/lib/python3.10/site-packages/airflow/example_dags/example_latest_only_with_trigger.py for tasks to queue
[2024-06-18T11:00:58.312+0545] {logging_mixin.py:188} INFO - [2024-06-18T11:00:58.311+0545] {dagbag.py:545} INFO - Filling up the DagBag from /home/manisha/airflow_env/lib/python3.10/site-packages/airflow/example_dags/example_latest_only_with_trigger.py
[2024-06-18T11:00:58.331+0545] {processor.py:840} INFO - DAG(s) 'latest_only_with_trigger' retrieved from /home/manisha/airflow_env/lib/python3.10/site-packages/airflow/example_dags/example_latest_only_with_trigger.py
[2024-06-18T11:00:58.356+0545] {logging_mixin.py:188} INFO - [2024-06-18T11:00:58.356+0545] {dag.py:3096} INFO - Sync 1 DAGs
[2024-06-18T11:00:58.375+0545] {logging_mixin.py:188} INFO - [2024-06-18T11:00:58.375+0545] {dag.py:3954} INFO - Setting next_dagrun for latest_only_with_trigger to 2024-06-18 00:00:00+00:00, run_after=2024-06-18 04:00:00+00:00
[2024-06-18T11:00:58.482+0545] {processor.py:183} INFO - Processing /home/manisha/airflow_env/lib/python3.10/site-packages/airflow/example_dags/example_latest_only_with_trigger.py took 0.223 seconds
[2024-06-18T11:02:01.516+0545] {processor.py:161} INFO - Started process (PID=4427) to work on /home/manisha/airflow_env/lib/python3.10/site-packages/airflow/example_dags/example_latest_only_with_trigger.py
[2024-06-18T11:02:01.547+0545] {processor.py:830} INFO - Processing file /home/manisha/airflow_env/lib/python3.10/site-packages/airflow/example_dags/example_latest_only_with_trigger.py for tasks to queue
[2024-06-18T11:02:01.554+0545] {logging_mixin.py:188} INFO - [2024-06-18T11:02:01.553+0545] {dagbag.py:545} INFO - Filling up the DagBag from /home/manisha/airflow_env/lib/python3.10/site-packages/airflow/example_dags/example_latest_only_with_trigger.py
[2024-06-18T11:02:01.573+0545] {processor.py:840} INFO - DAG(s) 'latest_only_with_trigger' retrieved from /home/manisha/airflow_env/lib/python3.10/site-packages/airflow/example_dags/example_latest_only_with_trigger.py
[2024-06-18T11:02:01.598+0545] {logging_mixin.py:188} INFO - [2024-06-18T11:02:01.597+0545] {dag.py:3096} INFO - Sync 1 DAGs
[2024-06-18T11:02:01.615+0545] {logging_mixin.py:188} INFO - [2024-06-18T11:02:01.615+0545] {dag.py:3954} INFO - Setting next_dagrun for latest_only_with_trigger to 2024-06-18 00:00:00+00:00, run_after=2024-06-18 04:00:00+00:00
[2024-06-18T11:02:01.734+0545] {processor.py:183} INFO - Processing /home/manisha/airflow_env/lib/python3.10/site-packages/airflow/example_dags/example_latest_only_with_trigger.py took 0.224 seconds
[2024-06-18T11:02:58.457+0545] {processor.py:161} INFO - Started process (PID=4479) to work on /home/manisha/airflow_env/lib/python3.10/site-packages/airflow/example_dags/example_latest_only_with_trigger.py
[2024-06-18T11:02:58.492+0545] {processor.py:830} INFO - Processing file /home/manisha/airflow_env/lib/python3.10/site-packages/airflow/example_dags/example_latest_only_with_trigger.py for tasks to queue
[2024-06-18T11:02:58.496+0545] {logging_mixin.py:188} INFO - [2024-06-18T11:02:58.495+0545] {dagbag.py:545} INFO - Filling up the DagBag from /home/manisha/airflow_env/lib/python3.10/site-packages/airflow/example_dags/example_latest_only_with_trigger.py
[2024-06-18T11:02:58.517+0545] {processor.py:840} INFO - DAG(s) 'latest_only_with_trigger' retrieved from /home/manisha/airflow_env/lib/python3.10/site-packages/airflow/example_dags/example_latest_only_with_trigger.py
[2024-06-18T11:02:58.543+0545] {logging_mixin.py:188} INFO - [2024-06-18T11:02:58.542+0545] {dag.py:3096} INFO - Sync 1 DAGs
[2024-06-18T11:02:58.561+0545] {logging_mixin.py:188} INFO - [2024-06-18T11:02:58.561+0545] {dag.py:3954} INFO - Setting next_dagrun for latest_only_with_trigger to 2024-06-18 00:00:00+00:00, run_after=2024-06-18 04:00:00+00:00
[2024-06-18T11:02:58.677+0545] {processor.py:183} INFO - Processing /home/manisha/airflow_env/lib/python3.10/site-packages/airflow/example_dags/example_latest_only_with_trigger.py took 0.226 seconds
[2024-06-18T11:03:58.442+0545] {processor.py:161} INFO - Started process (PID=4534) to work on /home/manisha/airflow_env/lib/python3.10/site-packages/airflow/example_dags/example_latest_only_with_trigger.py
[2024-06-18T11:03:58.449+0545] {processor.py:830} INFO - Processing file /home/manisha/airflow_env/lib/python3.10/site-packages/airflow/example_dags/example_latest_only_with_trigger.py for tasks to queue
[2024-06-18T11:03:58.451+0545] {logging_mixin.py:188} INFO - [2024-06-18T11:03:58.450+0545] {dagbag.py:545} INFO - Filling up the DagBag from /home/manisha/airflow_env/lib/python3.10/site-packages/airflow/example_dags/example_latest_only_with_trigger.py
[2024-06-18T11:03:58.457+0545] {processor.py:840} INFO - DAG(s) 'latest_only_with_trigger' retrieved from /home/manisha/airflow_env/lib/python3.10/site-packages/airflow/example_dags/example_latest_only_with_trigger.py
[2024-06-18T11:03:58.475+0545] {logging_mixin.py:188} INFO - [2024-06-18T11:03:58.474+0545] {dag.py:3096} INFO - Sync 1 DAGs
[2024-06-18T11:03:58.494+0545] {logging_mixin.py:188} INFO - [2024-06-18T11:03:58.493+0545] {dag.py:3954} INFO - Setting next_dagrun for latest_only_with_trigger to 2024-06-18 00:00:00+00:00, run_after=2024-06-18 04:00:00+00:00
[2024-06-18T11:03:58.617+0545] {processor.py:183} INFO - Processing /home/manisha/airflow_env/lib/python3.10/site-packages/airflow/example_dags/example_latest_only_with_trigger.py took 0.182 seconds
[2024-06-18T11:05:31.804+0545] {processor.py:161} INFO - Started process (PID=4729) to work on /home/manisha/airflow_env/lib/python3.10/site-packages/airflow/example_dags/example_latest_only_with_trigger.py
[2024-06-18T11:05:31.805+0545] {processor.py:830} INFO - Processing file /home/manisha/airflow_env/lib/python3.10/site-packages/airflow/example_dags/example_latest_only_with_trigger.py for tasks to queue
[2024-06-18T11:05:31.807+0545] {logging_mixin.py:188} INFO - [2024-06-18T11:05:31.806+0545] {dagbag.py:545} INFO - Filling up the DagBag from /home/manisha/airflow_env/lib/python3.10/site-packages/airflow/example_dags/example_latest_only_with_trigger.py
[2024-06-18T11:05:31.813+0545] {processor.py:840} INFO - DAG(s) 'latest_only_with_trigger' retrieved from /home/manisha/airflow_env/lib/python3.10/site-packages/airflow/example_dags/example_latest_only_with_trigger.py
[2024-06-18T11:05:31.830+0545] {logging_mixin.py:188} INFO - [2024-06-18T11:05:31.829+0545] {dag.py:3096} INFO - Sync 1 DAGs
[2024-06-18T11:05:31.849+0545] {logging_mixin.py:188} INFO - [2024-06-18T11:05:31.849+0545] {dag.py:3954} INFO - Setting next_dagrun for latest_only_with_trigger to 2024-06-18 00:00:00+00:00, run_after=2024-06-18 04:00:00+00:00
[2024-06-18T11:05:31.963+0545] {processor.py:183} INFO - Processing /home/manisha/airflow_env/lib/python3.10/site-packages/airflow/example_dags/example_latest_only_with_trigger.py took 0.166 seconds
[2024-06-18T11:06:43.380+0545] {processor.py:161} INFO - Started process (PID=4806) to work on /home/manisha/airflow_env/lib/python3.10/site-packages/airflow/example_dags/example_latest_only_with_trigger.py
[2024-06-18T11:06:43.382+0545] {processor.py:830} INFO - Processing file /home/manisha/airflow_env/lib/python3.10/site-packages/airflow/example_dags/example_latest_only_with_trigger.py for tasks to queue
[2024-06-18T11:06:43.383+0545] {logging_mixin.py:188} INFO - [2024-06-18T11:06:43.383+0545] {dagbag.py:545} INFO - Filling up the DagBag from /home/manisha/airflow_env/lib/python3.10/site-packages/airflow/example_dags/example_latest_only_with_trigger.py
[2024-06-18T11:06:43.389+0545] {processor.py:840} INFO - DAG(s) 'latest_only_with_trigger' retrieved from /home/manisha/airflow_env/lib/python3.10/site-packages/airflow/example_dags/example_latest_only_with_trigger.py
[2024-06-18T11:06:43.407+0545] {logging_mixin.py:188} INFO - [2024-06-18T11:06:43.406+0545] {dag.py:3096} INFO - Sync 1 DAGs
[2024-06-18T11:06:43.426+0545] {logging_mixin.py:188} INFO - [2024-06-18T11:06:43.425+0545] {dag.py:3954} INFO - Setting next_dagrun for latest_only_with_trigger to 2024-06-18 00:00:00+00:00, run_after=2024-06-18 04:00:00+00:00
[2024-06-18T11:06:43.542+0545] {processor.py:183} INFO - Processing /home/manisha/airflow_env/lib/python3.10/site-packages/airflow/example_dags/example_latest_only_with_trigger.py took 0.168 seconds
[2024-06-18T11:07:41.724+0545] {processor.py:161} INFO - Started process (PID=4952) to work on /home/manisha/airflow_env/lib/python3.10/site-packages/airflow/example_dags/example_latest_only_with_trigger.py
[2024-06-18T11:07:41.725+0545] {processor.py:830} INFO - Processing file /home/manisha/airflow_env/lib/python3.10/site-packages/airflow/example_dags/example_latest_only_with_trigger.py for tasks to queue
[2024-06-18T11:07:41.727+0545] {logging_mixin.py:188} INFO - [2024-06-18T11:07:41.727+0545] {dagbag.py:545} INFO - Filling up the DagBag from /home/manisha/airflow_env/lib/python3.10/site-packages/airflow/example_dags/example_latest_only_with_trigger.py
[2024-06-18T11:07:41.734+0545] {processor.py:840} INFO - DAG(s) 'latest_only_with_trigger' retrieved from /home/manisha/airflow_env/lib/python3.10/site-packages/airflow/example_dags/example_latest_only_with_trigger.py
[2024-06-18T11:07:41.753+0545] {logging_mixin.py:188} INFO - [2024-06-18T11:07:41.753+0545] {dag.py:3096} INFO - Sync 1 DAGs
[2024-06-18T11:07:41.772+0545] {logging_mixin.py:188} INFO - [2024-06-18T11:07:41.772+0545] {dag.py:3954} INFO - Setting next_dagrun for latest_only_with_trigger to 2024-06-18 00:00:00+00:00, run_after=2024-06-18 04:00:00+00:00
[2024-06-18T11:07:41.879+0545] {processor.py:183} INFO - Processing /home/manisha/airflow_env/lib/python3.10/site-packages/airflow/example_dags/example_latest_only_with_trigger.py took 0.161 seconds
[2024-06-18T11:08:39.967+0545] {processor.py:161} INFO - Started process (PID=5237) to work on /home/manisha/airflow_env/lib/python3.10/site-packages/airflow/example_dags/example_latest_only_with_trigger.py
[2024-06-18T11:08:39.998+0545] {processor.py:830} INFO - Processing file /home/manisha/airflow_env/lib/python3.10/site-packages/airflow/example_dags/example_latest_only_with_trigger.py for tasks to queue
[2024-06-18T11:08:40.000+0545] {logging_mixin.py:188} INFO - [2024-06-18T11:08:40.000+0545] {dagbag.py:545} INFO - Filling up the DagBag from /home/manisha/airflow_env/lib/python3.10/site-packages/airflow/example_dags/example_latest_only_with_trigger.py
[2024-06-18T11:08:40.007+0545] {processor.py:840} INFO - DAG(s) 'latest_only_with_trigger' retrieved from /home/manisha/airflow_env/lib/python3.10/site-packages/airflow/example_dags/example_latest_only_with_trigger.py
[2024-06-18T11:08:40.028+0545] {logging_mixin.py:188} INFO - [2024-06-18T11:08:40.028+0545] {dag.py:3096} INFO - Sync 1 DAGs
[2024-06-18T11:08:40.057+0545] {logging_mixin.py:188} INFO - [2024-06-18T11:08:40.056+0545] {dag.py:3954} INFO - Setting next_dagrun for latest_only_with_trigger to 2024-06-18 00:00:00+00:00, run_after=2024-06-18 04:00:00+00:00
[2024-06-18T11:08:40.168+0545] {processor.py:183} INFO - Processing /home/manisha/airflow_env/lib/python3.10/site-packages/airflow/example_dags/example_latest_only_with_trigger.py took 0.207 seconds
[2024-06-18T11:09:40.221+0545] {processor.py:161} INFO - Started process (PID=5651) to work on /home/manisha/airflow_env/lib/python3.10/site-packages/airflow/example_dags/example_latest_only_with_trigger.py
[2024-06-18T11:09:40.250+0545] {processor.py:830} INFO - Processing file /home/manisha/airflow_env/lib/python3.10/site-packages/airflow/example_dags/example_latest_only_with_trigger.py for tasks to queue
[2024-06-18T11:09:40.255+0545] {logging_mixin.py:188} INFO - [2024-06-18T11:09:40.254+0545] {dagbag.py:545} INFO - Filling up the DagBag from /home/manisha/airflow_env/lib/python3.10/site-packages/airflow/example_dags/example_latest_only_with_trigger.py
[2024-06-18T11:09:40.275+0545] {processor.py:840} INFO - DAG(s) 'latest_only_with_trigger' retrieved from /home/manisha/airflow_env/lib/python3.10/site-packages/airflow/example_dags/example_latest_only_with_trigger.py
[2024-06-18T11:09:40.300+0545] {logging_mixin.py:188} INFO - [2024-06-18T11:09:40.300+0545] {dag.py:3096} INFO - Sync 1 DAGs
[2024-06-18T11:09:40.318+0545] {logging_mixin.py:188} INFO - [2024-06-18T11:09:40.318+0545] {dag.py:3954} INFO - Setting next_dagrun for latest_only_with_trigger to 2024-06-18 00:00:00+00:00, run_after=2024-06-18 04:00:00+00:00
[2024-06-18T11:09:40.388+0545] {processor.py:183} INFO - Processing /home/manisha/airflow_env/lib/python3.10/site-packages/airflow/example_dags/example_latest_only_with_trigger.py took 0.172 seconds
[2024-06-18T11:44:02.491+0545] {processor.py:161} INFO - Started process (PID=8332) to work on /home/manisha/airflow_env/lib/python3.10/site-packages/airflow/example_dags/example_latest_only_with_trigger.py
[2024-06-18T11:44:02.497+0545] {processor.py:830} INFO - Processing file /home/manisha/airflow_env/lib/python3.10/site-packages/airflow/example_dags/example_latest_only_with_trigger.py for tasks to queue
[2024-06-18T11:44:02.498+0545] {logging_mixin.py:188} INFO - [2024-06-18T11:44:02.498+0545] {dagbag.py:545} INFO - Filling up the DagBag from /home/manisha/airflow_env/lib/python3.10/site-packages/airflow/example_dags/example_latest_only_with_trigger.py
[2024-06-18T11:44:02.503+0545] {processor.py:840} INFO - DAG(s) 'latest_only_with_trigger' retrieved from /home/manisha/airflow_env/lib/python3.10/site-packages/airflow/example_dags/example_latest_only_with_trigger.py
[2024-06-18T11:44:02.519+0545] {logging_mixin.py:188} INFO - [2024-06-18T11:44:02.518+0545] {dag.py:3096} INFO - Sync 1 DAGs
[2024-06-18T11:44:02.539+0545] {logging_mixin.py:188} INFO - [2024-06-18T11:44:02.539+0545] {dag.py:3954} INFO - Setting next_dagrun for latest_only_with_trigger to 2024-06-18 00:00:00+00:00, run_after=2024-06-18 04:00:00+00:00
[2024-06-18T11:44:02.652+0545] {processor.py:183} INFO - Processing /home/manisha/airflow_env/lib/python3.10/site-packages/airflow/example_dags/example_latest_only_with_trigger.py took 0.167 seconds
[2024-06-18T11:44:36.604+0545] {processor.py:161} INFO - Started process (PID=8387) to work on /home/manisha/airflow_env/lib/python3.10/site-packages/airflow/example_dags/example_latest_only_with_trigger.py
[2024-06-18T11:44:36.614+0545] {processor.py:830} INFO - Processing file /home/manisha/airflow_env/lib/python3.10/site-packages/airflow/example_dags/example_latest_only_with_trigger.py for tasks to queue
[2024-06-18T11:44:36.616+0545] {logging_mixin.py:188} INFO - [2024-06-18T11:44:36.616+0545] {dagbag.py:545} INFO - Filling up the DagBag from /home/manisha/airflow_env/lib/python3.10/site-packages/airflow/example_dags/example_latest_only_with_trigger.py
[2024-06-18T11:44:36.623+0545] {processor.py:840} INFO - DAG(s) 'latest_only_with_trigger' retrieved from /home/manisha/airflow_env/lib/python3.10/site-packages/airflow/example_dags/example_latest_only_with_trigger.py
[2024-06-18T11:44:36.823+0545] {logging_mixin.py:188} INFO - [2024-06-18T11:44:36.823+0545] {dag.py:3096} INFO - Sync 1 DAGs
[2024-06-18T11:44:36.841+0545] {logging_mixin.py:188} INFO - [2024-06-18T11:44:36.841+0545] {dag.py:3954} INFO - Setting next_dagrun for latest_only_with_trigger to 2024-06-18 00:00:00+00:00, run_after=2024-06-18 04:00:00+00:00
[2024-06-18T11:44:36.982+0545] {processor.py:183} INFO - Processing /home/manisha/airflow_env/lib/python3.10/site-packages/airflow/example_dags/example_latest_only_with_trigger.py took 0.386 seconds
[2024-06-18T11:45:07.913+0545] {processor.py:161} INFO - Started process (PID=8441) to work on /home/manisha/airflow_env/lib/python3.10/site-packages/airflow/example_dags/example_latest_only_with_trigger.py
[2024-06-18T11:45:07.916+0545] {processor.py:830} INFO - Processing file /home/manisha/airflow_env/lib/python3.10/site-packages/airflow/example_dags/example_latest_only_with_trigger.py for tasks to queue
[2024-06-18T11:45:07.917+0545] {logging_mixin.py:188} INFO - [2024-06-18T11:45:07.917+0545] {dagbag.py:545} INFO - Filling up the DagBag from /home/manisha/airflow_env/lib/python3.10/site-packages/airflow/example_dags/example_latest_only_with_trigger.py
[2024-06-18T11:45:07.923+0545] {processor.py:840} INFO - DAG(s) 'latest_only_with_trigger' retrieved from /home/manisha/airflow_env/lib/python3.10/site-packages/airflow/example_dags/example_latest_only_with_trigger.py
[2024-06-18T11:45:07.948+0545] {logging_mixin.py:188} INFO - [2024-06-18T11:45:07.948+0545] {dag.py:3096} INFO - Sync 1 DAGs
[2024-06-18T11:45:07.968+0545] {logging_mixin.py:188} INFO - [2024-06-18T11:45:07.968+0545] {dag.py:3954} INFO - Setting next_dagrun for latest_only_with_trigger to 2024-06-18 00:00:00+00:00, run_after=2024-06-18 04:00:00+00:00
[2024-06-18T11:45:08.033+0545] {processor.py:183} INFO - Processing /home/manisha/airflow_env/lib/python3.10/site-packages/airflow/example_dags/example_latest_only_with_trigger.py took 0.133 seconds
[2024-06-18T11:45:38.743+0545] {processor.py:161} INFO - Started process (PID=8493) to work on /home/manisha/airflow_env/lib/python3.10/site-packages/airflow/example_dags/example_latest_only_with_trigger.py
[2024-06-18T11:45:38.744+0545] {processor.py:830} INFO - Processing file /home/manisha/airflow_env/lib/python3.10/site-packages/airflow/example_dags/example_latest_only_with_trigger.py for tasks to queue
[2024-06-18T11:45:38.745+0545] {logging_mixin.py:188} INFO - [2024-06-18T11:45:38.745+0545] {dagbag.py:545} INFO - Filling up the DagBag from /home/manisha/airflow_env/lib/python3.10/site-packages/airflow/example_dags/example_latest_only_with_trigger.py
[2024-06-18T11:45:38.751+0545] {processor.py:840} INFO - DAG(s) 'latest_only_with_trigger' retrieved from /home/manisha/airflow_env/lib/python3.10/site-packages/airflow/example_dags/example_latest_only_with_trigger.py
[2024-06-18T11:45:38.776+0545] {logging_mixin.py:188} INFO - [2024-06-18T11:45:38.775+0545] {dag.py:3096} INFO - Sync 1 DAGs
[2024-06-18T11:45:38.796+0545] {logging_mixin.py:188} INFO - [2024-06-18T11:45:38.796+0545] {dag.py:3954} INFO - Setting next_dagrun for latest_only_with_trigger to 2024-06-18 00:00:00+00:00, run_after=2024-06-18 04:00:00+00:00
[2024-06-18T11:45:38.965+0545] {processor.py:183} INFO - Processing /home/manisha/airflow_env/lib/python3.10/site-packages/airflow/example_dags/example_latest_only_with_trigger.py took 0.229 seconds
[2024-06-18T11:46:09.513+0545] {processor.py:161} INFO - Started process (PID=8545) to work on /home/manisha/airflow_env/lib/python3.10/site-packages/airflow/example_dags/example_latest_only_with_trigger.py
[2024-06-18T11:46:09.522+0545] {processor.py:830} INFO - Processing file /home/manisha/airflow_env/lib/python3.10/site-packages/airflow/example_dags/example_latest_only_with_trigger.py for tasks to queue
[2024-06-18T11:46:09.524+0545] {logging_mixin.py:188} INFO - [2024-06-18T11:46:09.524+0545] {dagbag.py:545} INFO - Filling up the DagBag from /home/manisha/airflow_env/lib/python3.10/site-packages/airflow/example_dags/example_latest_only_with_trigger.py
[2024-06-18T11:46:09.530+0545] {processor.py:840} INFO - DAG(s) 'latest_only_with_trigger' retrieved from /home/manisha/airflow_env/lib/python3.10/site-packages/airflow/example_dags/example_latest_only_with_trigger.py
[2024-06-18T11:46:09.556+0545] {logging_mixin.py:188} INFO - [2024-06-18T11:46:09.555+0545] {dag.py:3096} INFO - Sync 1 DAGs
[2024-06-18T11:46:09.576+0545] {logging_mixin.py:188} INFO - [2024-06-18T11:46:09.576+0545] {dag.py:3954} INFO - Setting next_dagrun for latest_only_with_trigger to 2024-06-18 00:00:00+00:00, run_after=2024-06-18 04:00:00+00:00
[2024-06-18T11:46:09.663+0545] {processor.py:183} INFO - Processing /home/manisha/airflow_env/lib/python3.10/site-packages/airflow/example_dags/example_latest_only_with_trigger.py took 0.157 seconds
[2024-06-18T11:46:39.931+0545] {processor.py:161} INFO - Started process (PID=8596) to work on /home/manisha/airflow_env/lib/python3.10/site-packages/airflow/example_dags/example_latest_only_with_trigger.py
[2024-06-18T11:46:39.932+0545] {processor.py:830} INFO - Processing file /home/manisha/airflow_env/lib/python3.10/site-packages/airflow/example_dags/example_latest_only_with_trigger.py for tasks to queue
[2024-06-18T11:46:39.934+0545] {logging_mixin.py:188} INFO - [2024-06-18T11:46:39.934+0545] {dagbag.py:545} INFO - Filling up the DagBag from /home/manisha/airflow_env/lib/python3.10/site-packages/airflow/example_dags/example_latest_only_with_trigger.py
[2024-06-18T11:46:39.942+0545] {processor.py:840} INFO - DAG(s) 'latest_only_with_trigger' retrieved from /home/manisha/airflow_env/lib/python3.10/site-packages/airflow/example_dags/example_latest_only_with_trigger.py
[2024-06-18T11:46:39.968+0545] {logging_mixin.py:188} INFO - [2024-06-18T11:46:39.968+0545] {dag.py:3096} INFO - Sync 1 DAGs
[2024-06-18T11:46:39.988+0545] {logging_mixin.py:188} INFO - [2024-06-18T11:46:39.987+0545] {dag.py:3954} INFO - Setting next_dagrun for latest_only_with_trigger to 2024-06-18 00:00:00+00:00, run_after=2024-06-18 04:00:00+00:00
[2024-06-18T11:46:40.072+0545] {processor.py:183} INFO - Processing /home/manisha/airflow_env/lib/python3.10/site-packages/airflow/example_dags/example_latest_only_with_trigger.py took 0.156 seconds
[2024-06-18T11:47:10.735+0545] {processor.py:161} INFO - Started process (PID=8647) to work on /home/manisha/airflow_env/lib/python3.10/site-packages/airflow/example_dags/example_latest_only_with_trigger.py
[2024-06-18T11:47:10.745+0545] {processor.py:830} INFO - Processing file /home/manisha/airflow_env/lib/python3.10/site-packages/airflow/example_dags/example_latest_only_with_trigger.py for tasks to queue
[2024-06-18T11:47:10.747+0545] {logging_mixin.py:188} INFO - [2024-06-18T11:47:10.747+0545] {dagbag.py:545} INFO - Filling up the DagBag from /home/manisha/airflow_env/lib/python3.10/site-packages/airflow/example_dags/example_latest_only_with_trigger.py
[2024-06-18T11:47:10.753+0545] {processor.py:840} INFO - DAG(s) 'latest_only_with_trigger' retrieved from /home/manisha/airflow_env/lib/python3.10/site-packages/airflow/example_dags/example_latest_only_with_trigger.py
[2024-06-18T11:47:10.780+0545] {logging_mixin.py:188} INFO - [2024-06-18T11:47:10.779+0545] {dag.py:3096} INFO - Sync 1 DAGs
[2024-06-18T11:47:10.801+0545] {logging_mixin.py:188} INFO - [2024-06-18T11:47:10.801+0545] {dag.py:3954} INFO - Setting next_dagrun for latest_only_with_trigger to 2024-06-18 00:00:00+00:00, run_after=2024-06-18 04:00:00+00:00
[2024-06-18T11:47:10.899+0545] {processor.py:183} INFO - Processing /home/manisha/airflow_env/lib/python3.10/site-packages/airflow/example_dags/example_latest_only_with_trigger.py took 0.171 seconds
[2024-06-18T11:47:41.018+0545] {processor.py:161} INFO - Started process (PID=8699) to work on /home/manisha/airflow_env/lib/python3.10/site-packages/airflow/example_dags/example_latest_only_with_trigger.py
[2024-06-18T11:47:41.019+0545] {processor.py:830} INFO - Processing file /home/manisha/airflow_env/lib/python3.10/site-packages/airflow/example_dags/example_latest_only_with_trigger.py for tasks to queue
[2024-06-18T11:47:41.021+0545] {logging_mixin.py:188} INFO - [2024-06-18T11:47:41.020+0545] {dagbag.py:545} INFO - Filling up the DagBag from /home/manisha/airflow_env/lib/python3.10/site-packages/airflow/example_dags/example_latest_only_with_trigger.py
[2024-06-18T11:47:41.026+0545] {processor.py:840} INFO - DAG(s) 'latest_only_with_trigger' retrieved from /home/manisha/airflow_env/lib/python3.10/site-packages/airflow/example_dags/example_latest_only_with_trigger.py
[2024-06-18T11:47:41.052+0545] {logging_mixin.py:188} INFO - [2024-06-18T11:47:41.051+0545] {dag.py:3096} INFO - Sync 1 DAGs
[2024-06-18T11:47:41.073+0545] {logging_mixin.py:188} INFO - [2024-06-18T11:47:41.072+0545] {dag.py:3954} INFO - Setting next_dagrun for latest_only_with_trigger to 2024-06-18 00:00:00+00:00, run_after=2024-06-18 04:00:00+00:00
[2024-06-18T11:47:41.157+0545] {processor.py:183} INFO - Processing /home/manisha/airflow_env/lib/python3.10/site-packages/airflow/example_dags/example_latest_only_with_trigger.py took 0.145 seconds
[2024-06-18T11:48:32.248+0545] {processor.py:161} INFO - Started process (PID=8780) to work on /home/manisha/airflow_env/lib/python3.10/site-packages/airflow/example_dags/example_latest_only_with_trigger.py
[2024-06-18T11:48:32.276+0545] {processor.py:830} INFO - Processing file /home/manisha/airflow_env/lib/python3.10/site-packages/airflow/example_dags/example_latest_only_with_trigger.py for tasks to queue
[2024-06-18T11:48:32.277+0545] {logging_mixin.py:188} INFO - [2024-06-18T11:48:32.277+0545] {dagbag.py:545} INFO - Filling up the DagBag from /home/manisha/airflow_env/lib/python3.10/site-packages/airflow/example_dags/example_latest_only_with_trigger.py
[2024-06-18T11:48:32.283+0545] {processor.py:840} INFO - DAG(s) 'latest_only_with_trigger' retrieved from /home/manisha/airflow_env/lib/python3.10/site-packages/airflow/example_dags/example_latest_only_with_trigger.py
[2024-06-18T11:48:32.299+0545] {logging_mixin.py:188} INFO - [2024-06-18T11:48:32.299+0545] {dag.py:3096} INFO - Sync 1 DAGs
[2024-06-18T11:48:32.320+0545] {logging_mixin.py:188} INFO - [2024-06-18T11:48:32.319+0545] {dag.py:3954} INFO - Setting next_dagrun for latest_only_with_trigger to 2024-06-18 00:00:00+00:00, run_after=2024-06-18 04:00:00+00:00
[2024-06-18T11:48:32.414+0545] {processor.py:183} INFO - Processing /home/manisha/airflow_env/lib/python3.10/site-packages/airflow/example_dags/example_latest_only_with_trigger.py took 0.171 seconds
[2024-06-18T11:49:07.717+0545] {processor.py:161} INFO - Started process (PID=8895) to work on /home/manisha/airflow_env/lib/python3.10/site-packages/airflow/example_dags/example_latest_only_with_trigger.py
[2024-06-18T11:49:07.730+0545] {processor.py:830} INFO - Processing file /home/manisha/airflow_env/lib/python3.10/site-packages/airflow/example_dags/example_latest_only_with_trigger.py for tasks to queue
[2024-06-18T11:49:07.733+0545] {logging_mixin.py:188} INFO - [2024-06-18T11:49:07.732+0545] {dagbag.py:545} INFO - Filling up the DagBag from /home/manisha/airflow_env/lib/python3.10/site-packages/airflow/example_dags/example_latest_only_with_trigger.py
[2024-06-18T11:49:07.743+0545] {processor.py:840} INFO - DAG(s) 'latest_only_with_trigger' retrieved from /home/manisha/airflow_env/lib/python3.10/site-packages/airflow/example_dags/example_latest_only_with_trigger.py
[2024-06-18T11:49:08.285+0545] {logging_mixin.py:188} INFO - [2024-06-18T11:49:08.284+0545] {dag.py:3096} INFO - Sync 1 DAGs
[2024-06-18T11:49:08.331+0545] {logging_mixin.py:188} INFO - [2024-06-18T11:49:08.330+0545] {dag.py:3954} INFO - Setting next_dagrun for latest_only_with_trigger to 2024-06-18 00:00:00+00:00, run_after=2024-06-18 04:00:00+00:00
[2024-06-18T11:49:08.448+0545] {processor.py:183} INFO - Processing /home/manisha/airflow_env/lib/python3.10/site-packages/airflow/example_dags/example_latest_only_with_trigger.py took 0.745 seconds
[2024-06-18T11:49:38.777+0545] {processor.py:161} INFO - Started process (PID=8959) to work on /home/manisha/airflow_env/lib/python3.10/site-packages/airflow/example_dags/example_latest_only_with_trigger.py
[2024-06-18T11:49:38.816+0545] {processor.py:830} INFO - Processing file /home/manisha/airflow_env/lib/python3.10/site-packages/airflow/example_dags/example_latest_only_with_trigger.py for tasks to queue
[2024-06-18T11:49:38.820+0545] {logging_mixin.py:188} INFO - [2024-06-18T11:49:38.819+0545] {dagbag.py:545} INFO - Filling up the DagBag from /home/manisha/airflow_env/lib/python3.10/site-packages/airflow/example_dags/example_latest_only_with_trigger.py
[2024-06-18T11:49:38.838+0545] {processor.py:840} INFO - DAG(s) 'latest_only_with_trigger' retrieved from /home/manisha/airflow_env/lib/python3.10/site-packages/airflow/example_dags/example_latest_only_with_trigger.py
[2024-06-18T11:49:38.873+0545] {logging_mixin.py:188} INFO - [2024-06-18T11:49:38.873+0545] {dag.py:3096} INFO - Sync 1 DAGs
[2024-06-18T11:49:38.892+0545] {logging_mixin.py:188} INFO - [2024-06-18T11:49:38.892+0545] {dag.py:3954} INFO - Setting next_dagrun for latest_only_with_trigger to 2024-06-18 00:00:00+00:00, run_after=2024-06-18 04:00:00+00:00
[2024-06-18T11:49:39.226+0545] {processor.py:183} INFO - Processing /home/manisha/airflow_env/lib/python3.10/site-packages/airflow/example_dags/example_latest_only_with_trigger.py took 0.455 seconds
[2024-06-18T11:50:09.299+0545] {processor.py:161} INFO - Started process (PID=9015) to work on /home/manisha/airflow_env/lib/python3.10/site-packages/airflow/example_dags/example_latest_only_with_trigger.py
[2024-06-18T11:50:09.299+0545] {processor.py:830} INFO - Processing file /home/manisha/airflow_env/lib/python3.10/site-packages/airflow/example_dags/example_latest_only_with_trigger.py for tasks to queue
[2024-06-18T11:50:09.300+0545] {logging_mixin.py:188} INFO - [2024-06-18T11:50:09.300+0545] {dagbag.py:545} INFO - Filling up the DagBag from /home/manisha/airflow_env/lib/python3.10/site-packages/airflow/example_dags/example_latest_only_with_trigger.py
[2024-06-18T11:50:09.305+0545] {processor.py:840} INFO - DAG(s) 'latest_only_with_trigger' retrieved from /home/manisha/airflow_env/lib/python3.10/site-packages/airflow/example_dags/example_latest_only_with_trigger.py
[2024-06-18T11:50:09.327+0545] {logging_mixin.py:188} INFO - [2024-06-18T11:50:09.327+0545] {dag.py:3096} INFO - Sync 1 DAGs
[2024-06-18T11:50:09.345+0545] {logging_mixin.py:188} INFO - [2024-06-18T11:50:09.345+0545] {dag.py:3954} INFO - Setting next_dagrun for latest_only_with_trigger to 2024-06-18 00:00:00+00:00, run_after=2024-06-18 04:00:00+00:00
[2024-06-18T11:50:09.542+0545] {processor.py:183} INFO - Processing /home/manisha/airflow_env/lib/python3.10/site-packages/airflow/example_dags/example_latest_only_with_trigger.py took 0.248 seconds
[2024-06-18T11:50:39.744+0545] {processor.py:161} INFO - Started process (PID=9074) to work on /home/manisha/airflow_env/lib/python3.10/site-packages/airflow/example_dags/example_latest_only_with_trigger.py
[2024-06-18T11:50:39.776+0545] {processor.py:830} INFO - Processing file /home/manisha/airflow_env/lib/python3.10/site-packages/airflow/example_dags/example_latest_only_with_trigger.py for tasks to queue
[2024-06-18T11:50:39.780+0545] {logging_mixin.py:188} INFO - [2024-06-18T11:50:39.779+0545] {dagbag.py:545} INFO - Filling up the DagBag from /home/manisha/airflow_env/lib/python3.10/site-packages/airflow/example_dags/example_latest_only_with_trigger.py
[2024-06-18T11:50:39.797+0545] {processor.py:840} INFO - DAG(s) 'latest_only_with_trigger' retrieved from /home/manisha/airflow_env/lib/python3.10/site-packages/airflow/example_dags/example_latest_only_with_trigger.py
[2024-06-18T11:50:39.831+0545] {logging_mixin.py:188} INFO - [2024-06-18T11:50:39.830+0545] {dag.py:3096} INFO - Sync 1 DAGs
[2024-06-18T11:50:39.852+0545] {logging_mixin.py:188} INFO - [2024-06-18T11:50:39.851+0545] {dag.py:3954} INFO - Setting next_dagrun for latest_only_with_trigger to 2024-06-18 00:00:00+00:00, run_after=2024-06-18 04:00:00+00:00
[2024-06-18T11:50:40.034+0545] {processor.py:183} INFO - Processing /home/manisha/airflow_env/lib/python3.10/site-packages/airflow/example_dags/example_latest_only_with_trigger.py took 0.296 seconds
[2024-06-18T11:51:00.550+0545] {processor.py:161} INFO - Started process (PID=9440) to work on /home/manisha/airflow_env/lib/python3.10/site-packages/airflow/example_dags/example_latest_only_with_trigger.py
[2024-06-18T11:51:00.551+0545] {processor.py:830} INFO - Processing file /home/manisha/airflow_env/lib/python3.10/site-packages/airflow/example_dags/example_latest_only_with_trigger.py for tasks to queue
[2024-06-18T11:51:00.552+0545] {logging_mixin.py:188} INFO - [2024-06-18T11:51:00.552+0545] {dagbag.py:545} INFO - Filling up the DagBag from /home/manisha/airflow_env/lib/python3.10/site-packages/airflow/example_dags/example_latest_only_with_trigger.py
[2024-06-18T11:51:00.560+0545] {processor.py:840} INFO - DAG(s) 'latest_only_with_trigger' retrieved from /home/manisha/airflow_env/lib/python3.10/site-packages/airflow/example_dags/example_latest_only_with_trigger.py
[2024-06-18T11:51:00.584+0545] {logging_mixin.py:188} INFO - [2024-06-18T11:51:00.583+0545] {dag.py:3096} INFO - Sync 1 DAGs
[2024-06-18T11:51:00.615+0545] {logging_mixin.py:188} INFO - [2024-06-18T11:51:00.615+0545] {dag.py:3954} INFO - Setting next_dagrun for latest_only_with_trigger to 2024-06-18 00:00:00+00:00, run_after=2024-06-18 04:00:00+00:00
[2024-06-18T11:51:00.978+0545] {processor.py:183} INFO - Processing /home/manisha/airflow_env/lib/python3.10/site-packages/airflow/example_dags/example_latest_only_with_trigger.py took 0.440 seconds
[2024-06-18T11:51:35.392+0545] {processor.py:161} INFO - Started process (PID=9709) to work on /home/manisha/airflow_env/lib/python3.10/site-packages/airflow/example_dags/example_latest_only_with_trigger.py
[2024-06-18T11:51:35.424+0545] {processor.py:830} INFO - Processing file /home/manisha/airflow_env/lib/python3.10/site-packages/airflow/example_dags/example_latest_only_with_trigger.py for tasks to queue
[2024-06-18T11:51:35.429+0545] {logging_mixin.py:188} INFO - [2024-06-18T11:51:35.428+0545] {dagbag.py:545} INFO - Filling up the DagBag from /home/manisha/airflow_env/lib/python3.10/site-packages/airflow/example_dags/example_latest_only_with_trigger.py
[2024-06-18T11:51:35.443+0545] {processor.py:840} INFO - DAG(s) 'latest_only_with_trigger' retrieved from /home/manisha/airflow_env/lib/python3.10/site-packages/airflow/example_dags/example_latest_only_with_trigger.py
[2024-06-18T11:51:35.653+0545] {logging_mixin.py:188} INFO - [2024-06-18T11:51:35.653+0545] {dag.py:3096} INFO - Sync 1 DAGs
[2024-06-18T11:51:35.676+0545] {logging_mixin.py:188} INFO - [2024-06-18T11:51:35.676+0545] {dag.py:3954} INFO - Setting next_dagrun for latest_only_with_trigger to 2024-06-18 00:00:00+00:00, run_after=2024-06-18 04:00:00+00:00
[2024-06-18T11:51:35.842+0545] {processor.py:183} INFO - Processing /home/manisha/airflow_env/lib/python3.10/site-packages/airflow/example_dags/example_latest_only_with_trigger.py took 0.462 seconds
