[2024-06-18T10:56:46.999+0545] {processor.py:161} INFO - Started process (PID=4026) to work on /home/manisha/airflow_env/lib/python3.10/site-packages/airflow/example_dags/tutorial_taskflow_api.py
[2024-06-18T10:56:47.000+0545] {processor.py:830} INFO - Processing file /home/manisha/airflow_env/lib/python3.10/site-packages/airflow/example_dags/tutorial_taskflow_api.py for tasks to queue
[2024-06-18T10:56:47.001+0545] {logging_mixin.py:188} INFO - [2024-06-18T10:56:47.001+0545] {dagbag.py:545} INFO - Filling up the DagBag from /home/manisha/airflow_env/lib/python3.10/site-packages/airflow/example_dags/tutorial_taskflow_api.py
[2024-06-18T10:56:47.010+0545] {processor.py:840} INFO - DAG(s) 'tutorial_taskflow_api' retrieved from /home/manisha/airflow_env/lib/python3.10/site-packages/airflow/example_dags/tutorial_taskflow_api.py
[2024-06-18T10:56:47.297+0545] {logging_mixin.py:188} INFO - [2024-06-18T10:56:47.294+0545] {override.py:1829} INFO - Created Permission View: can edit on DAG:tutorial_taskflow_api
[2024-06-18T10:56:47.375+0545] {logging_mixin.py:188} INFO - [2024-06-18T10:56:47.373+0545] {override.py:1829} INFO - Created Permission View: can read on DAG:tutorial_taskflow_api
[2024-06-18T10:56:47.442+0545] {logging_mixin.py:188} INFO - [2024-06-18T10:56:47.441+0545] {override.py:1829} INFO - Created Permission View: can delete on DAG:tutorial_taskflow_api
[2024-06-18T10:56:47.444+0545] {logging_mixin.py:188} INFO - [2024-06-18T10:56:47.444+0545] {dag.py:3096} INFO - Sync 1 DAGs
[2024-06-18T10:56:47.480+0545] {logging_mixin.py:188} INFO - [2024-06-18T10:56:47.480+0545] {dag.py:3118} INFO - Creating ORM DAG for tutorial_taskflow_api
[2024-06-18T10:56:47.481+0545] {logging_mixin.py:188} INFO - [2024-06-18T10:56:47.481+0545] {dag.py:3954} INFO - Setting next_dagrun for tutorial_taskflow_api to None, run_after=None
[2024-06-18T10:56:47.587+0545] {processor.py:183} INFO - Processing /home/manisha/airflow_env/lib/python3.10/site-packages/airflow/example_dags/tutorial_taskflow_api.py took 0.594 seconds
[2024-06-18T10:58:09.613+0545] {processor.py:161} INFO - Started process (PID=4140) to work on /home/manisha/airflow_env/lib/python3.10/site-packages/airflow/example_dags/tutorial_taskflow_api.py
[2024-06-18T10:58:09.615+0545] {processor.py:830} INFO - Processing file /home/manisha/airflow_env/lib/python3.10/site-packages/airflow/example_dags/tutorial_taskflow_api.py for tasks to queue
[2024-06-18T10:58:09.617+0545] {logging_mixin.py:188} INFO - [2024-06-18T10:58:09.616+0545] {dagbag.py:545} INFO - Filling up the DagBag from /home/manisha/airflow_env/lib/python3.10/site-packages/airflow/example_dags/tutorial_taskflow_api.py
[2024-06-18T10:58:09.622+0545] {processor.py:840} INFO - DAG(s) 'tutorial_taskflow_api' retrieved from /home/manisha/airflow_env/lib/python3.10/site-packages/airflow/example_dags/tutorial_taskflow_api.py
[2024-06-18T10:58:09.638+0545] {logging_mixin.py:188} INFO - [2024-06-18T10:58:09.638+0545] {dag.py:3096} INFO - Sync 1 DAGs
[2024-06-18T10:58:09.650+0545] {logging_mixin.py:188} INFO - [2024-06-18T10:58:09.650+0545] {dag.py:3954} INFO - Setting next_dagrun for tutorial_taskflow_api to None, run_after=None
[2024-06-18T10:58:09.751+0545] {processor.py:183} INFO - Processing /home/manisha/airflow_env/lib/python3.10/site-packages/airflow/example_dags/tutorial_taskflow_api.py took 0.146 seconds
[2024-06-18T10:59:11.970+0545] {processor.py:161} INFO - Started process (PID=4194) to work on /home/manisha/airflow_env/lib/python3.10/site-packages/airflow/example_dags/tutorial_taskflow_api.py
[2024-06-18T10:59:12.009+0545] {processor.py:830} INFO - Processing file /home/manisha/airflow_env/lib/python3.10/site-packages/airflow/example_dags/tutorial_taskflow_api.py for tasks to queue
[2024-06-18T10:59:12.014+0545] {logging_mixin.py:188} INFO - [2024-06-18T10:59:12.013+0545] {dagbag.py:545} INFO - Filling up the DagBag from /home/manisha/airflow_env/lib/python3.10/site-packages/airflow/example_dags/tutorial_taskflow_api.py
[2024-06-18T10:59:12.036+0545] {processor.py:840} INFO - DAG(s) 'tutorial_taskflow_api' retrieved from /home/manisha/airflow_env/lib/python3.10/site-packages/airflow/example_dags/tutorial_taskflow_api.py
[2024-06-18T10:59:12.057+0545] {logging_mixin.py:188} INFO - [2024-06-18T10:59:12.057+0545] {dag.py:3096} INFO - Sync 1 DAGs
[2024-06-18T10:59:12.068+0545] {logging_mixin.py:188} INFO - [2024-06-18T10:59:12.068+0545] {dag.py:3954} INFO - Setting next_dagrun for tutorial_taskflow_api to None, run_after=None
[2024-06-18T10:59:12.153+0545] {processor.py:183} INFO - Processing /home/manisha/airflow_env/lib/python3.10/site-packages/airflow/example_dags/tutorial_taskflow_api.py took 0.189 seconds
[2024-06-18T10:59:53.615+0545] {processor.py:161} INFO - Started process (PID=4229) to work on /home/manisha/airflow_env/lib/python3.10/site-packages/airflow/example_dags/tutorial_taskflow_api.py
[2024-06-18T10:59:53.645+0545] {processor.py:830} INFO - Processing file /home/manisha/airflow_env/lib/python3.10/site-packages/airflow/example_dags/tutorial_taskflow_api.py for tasks to queue
[2024-06-18T10:59:53.650+0545] {logging_mixin.py:188} INFO - [2024-06-18T10:59:53.649+0545] {dagbag.py:545} INFO - Filling up the DagBag from /home/manisha/airflow_env/lib/python3.10/site-packages/airflow/example_dags/tutorial_taskflow_api.py
[2024-06-18T10:59:53.674+0545] {processor.py:840} INFO - DAG(s) 'tutorial_taskflow_api' retrieved from /home/manisha/airflow_env/lib/python3.10/site-packages/airflow/example_dags/tutorial_taskflow_api.py
[2024-06-18T10:59:53.696+0545] {logging_mixin.py:188} INFO - [2024-06-18T10:59:53.695+0545] {dag.py:3096} INFO - Sync 1 DAGs
[2024-06-18T10:59:53.785+0545] {logging_mixin.py:188} INFO - [2024-06-18T10:59:53.785+0545] {dag.py:3954} INFO - Setting next_dagrun for tutorial_taskflow_api to None, run_after=None
[2024-06-18T10:59:53.944+0545] {processor.py:183} INFO - Processing /home/manisha/airflow_env/lib/python3.10/site-packages/airflow/example_dags/tutorial_taskflow_api.py took 0.335 seconds
[2024-06-18T11:00:55.648+0545] {processor.py:161} INFO - Started process (PID=4372) to work on /home/manisha/airflow_env/lib/python3.10/site-packages/airflow/example_dags/tutorial_taskflow_api.py
[2024-06-18T11:00:55.681+0545] {processor.py:830} INFO - Processing file /home/manisha/airflow_env/lib/python3.10/site-packages/airflow/example_dags/tutorial_taskflow_api.py for tasks to queue
[2024-06-18T11:00:55.687+0545] {logging_mixin.py:188} INFO - [2024-06-18T11:00:55.685+0545] {dagbag.py:545} INFO - Filling up the DagBag from /home/manisha/airflow_env/lib/python3.10/site-packages/airflow/example_dags/tutorial_taskflow_api.py
[2024-06-18T11:00:55.710+0545] {processor.py:840} INFO - DAG(s) 'tutorial_taskflow_api' retrieved from /home/manisha/airflow_env/lib/python3.10/site-packages/airflow/example_dags/tutorial_taskflow_api.py
[2024-06-18T11:00:55.731+0545] {logging_mixin.py:188} INFO - [2024-06-18T11:00:55.731+0545] {dag.py:3096} INFO - Sync 1 DAGs
[2024-06-18T11:00:55.742+0545] {logging_mixin.py:188} INFO - [2024-06-18T11:00:55.742+0545] {dag.py:3954} INFO - Setting next_dagrun for tutorial_taskflow_api to None, run_after=None
[2024-06-18T11:00:55.867+0545] {processor.py:183} INFO - Processing /home/manisha/airflow_env/lib/python3.10/site-packages/airflow/example_dags/tutorial_taskflow_api.py took 0.226 seconds
[2024-06-18T11:01:57.312+0545] {processor.py:161} INFO - Started process (PID=4424) to work on /home/manisha/airflow_env/lib/python3.10/site-packages/airflow/example_dags/tutorial_taskflow_api.py
[2024-06-18T11:01:57.347+0545] {processor.py:830} INFO - Processing file /home/manisha/airflow_env/lib/python3.10/site-packages/airflow/example_dags/tutorial_taskflow_api.py for tasks to queue
[2024-06-18T11:01:57.353+0545] {logging_mixin.py:188} INFO - [2024-06-18T11:01:57.351+0545] {dagbag.py:545} INFO - Filling up the DagBag from /home/manisha/airflow_env/lib/python3.10/site-packages/airflow/example_dags/tutorial_taskflow_api.py
[2024-06-18T11:01:57.376+0545] {processor.py:840} INFO - DAG(s) 'tutorial_taskflow_api' retrieved from /home/manisha/airflow_env/lib/python3.10/site-packages/airflow/example_dags/tutorial_taskflow_api.py
[2024-06-18T11:01:57.399+0545] {logging_mixin.py:188} INFO - [2024-06-18T11:01:57.399+0545] {dag.py:3096} INFO - Sync 1 DAGs
[2024-06-18T11:01:57.410+0545] {logging_mixin.py:188} INFO - [2024-06-18T11:01:57.410+0545] {dag.py:3954} INFO - Setting next_dagrun for tutorial_taskflow_api to None, run_after=None
[2024-06-18T11:01:57.527+0545] {processor.py:183} INFO - Processing /home/manisha/airflow_env/lib/python3.10/site-packages/airflow/example_dags/tutorial_taskflow_api.py took 0.222 seconds
[2024-06-18T11:02:55.123+0545] {processor.py:161} INFO - Started process (PID=4476) to work on /home/manisha/airflow_env/lib/python3.10/site-packages/airflow/example_dags/tutorial_taskflow_api.py
[2024-06-18T11:02:55.158+0545] {processor.py:830} INFO - Processing file /home/manisha/airflow_env/lib/python3.10/site-packages/airflow/example_dags/tutorial_taskflow_api.py for tasks to queue
[2024-06-18T11:02:55.165+0545] {logging_mixin.py:188} INFO - [2024-06-18T11:02:55.163+0545] {dagbag.py:545} INFO - Filling up the DagBag from /home/manisha/airflow_env/lib/python3.10/site-packages/airflow/example_dags/tutorial_taskflow_api.py
[2024-06-18T11:02:55.189+0545] {processor.py:840} INFO - DAG(s) 'tutorial_taskflow_api' retrieved from /home/manisha/airflow_env/lib/python3.10/site-packages/airflow/example_dags/tutorial_taskflow_api.py
[2024-06-18T11:02:55.210+0545] {logging_mixin.py:188} INFO - [2024-06-18T11:02:55.209+0545] {dag.py:3096} INFO - Sync 1 DAGs
[2024-06-18T11:02:55.221+0545] {logging_mixin.py:188} INFO - [2024-06-18T11:02:55.221+0545] {dag.py:3954} INFO - Setting next_dagrun for tutorial_taskflow_api to None, run_after=None
[2024-06-18T11:02:55.423+0545] {processor.py:183} INFO - Processing /home/manisha/airflow_env/lib/python3.10/site-packages/airflow/example_dags/tutorial_taskflow_api.py took 0.306 seconds
[2024-06-18T11:03:52.924+0545] {processor.py:161} INFO - Started process (PID=4528) to work on /home/manisha/airflow_env/lib/python3.10/site-packages/airflow/example_dags/tutorial_taskflow_api.py
[2024-06-18T11:03:52.966+0545] {processor.py:830} INFO - Processing file /home/manisha/airflow_env/lib/python3.10/site-packages/airflow/example_dags/tutorial_taskflow_api.py for tasks to queue
[2024-06-18T11:03:52.972+0545] {logging_mixin.py:188} INFO - [2024-06-18T11:03:52.970+0545] {dagbag.py:545} INFO - Filling up the DagBag from /home/manisha/airflow_env/lib/python3.10/site-packages/airflow/example_dags/tutorial_taskflow_api.py
[2024-06-18T11:03:52.993+0545] {processor.py:840} INFO - DAG(s) 'tutorial_taskflow_api' retrieved from /home/manisha/airflow_env/lib/python3.10/site-packages/airflow/example_dags/tutorial_taskflow_api.py
[2024-06-18T11:03:53.014+0545] {logging_mixin.py:188} INFO - [2024-06-18T11:03:53.013+0545] {dag.py:3096} INFO - Sync 1 DAGs
[2024-06-18T11:03:53.025+0545] {logging_mixin.py:188} INFO - [2024-06-18T11:03:53.025+0545] {dag.py:3954} INFO - Setting next_dagrun for tutorial_taskflow_api to None, run_after=None
[2024-06-18T11:03:53.122+0545] {processor.py:183} INFO - Processing /home/manisha/airflow_env/lib/python3.10/site-packages/airflow/example_dags/tutorial_taskflow_api.py took 0.204 seconds
[2024-06-18T11:05:18.131+0545] {processor.py:161} INFO - Started process (PID=4671) to work on /home/manisha/airflow_env/lib/python3.10/site-packages/airflow/example_dags/tutorial_taskflow_api.py
[2024-06-18T11:05:18.164+0545] {processor.py:830} INFO - Processing file /home/manisha/airflow_env/lib/python3.10/site-packages/airflow/example_dags/tutorial_taskflow_api.py for tasks to queue
[2024-06-18T11:05:18.170+0545] {logging_mixin.py:188} INFO - [2024-06-18T11:05:18.169+0545] {dagbag.py:545} INFO - Filling up the DagBag from /home/manisha/airflow_env/lib/python3.10/site-packages/airflow/example_dags/tutorial_taskflow_api.py
[2024-06-18T11:05:18.194+0545] {processor.py:840} INFO - DAG(s) 'tutorial_taskflow_api' retrieved from /home/manisha/airflow_env/lib/python3.10/site-packages/airflow/example_dags/tutorial_taskflow_api.py
[2024-06-18T11:05:18.215+0545] {logging_mixin.py:188} INFO - [2024-06-18T11:05:18.215+0545] {dag.py:3096} INFO - Sync 1 DAGs
[2024-06-18T11:05:18.226+0545] {logging_mixin.py:188} INFO - [2024-06-18T11:05:18.226+0545] {dag.py:3954} INFO - Setting next_dagrun for tutorial_taskflow_api to None, run_after=None
[2024-06-18T11:05:18.338+0545] {processor.py:183} INFO - Processing /home/manisha/airflow_env/lib/python3.10/site-packages/airflow/example_dags/tutorial_taskflow_api.py took 0.213 seconds
[2024-06-18T11:06:03.397+0545] {processor.py:161} INFO - Started process (PID=4770) to work on /home/manisha/airflow_env/lib/python3.10/site-packages/airflow/example_dags/tutorial_taskflow_api.py
[2024-06-18T11:06:03.398+0545] {processor.py:830} INFO - Processing file /home/manisha/airflow_env/lib/python3.10/site-packages/airflow/example_dags/tutorial_taskflow_api.py for tasks to queue
[2024-06-18T11:06:03.400+0545] {logging_mixin.py:188} INFO - [2024-06-18T11:06:03.400+0545] {dagbag.py:545} INFO - Filling up the DagBag from /home/manisha/airflow_env/lib/python3.10/site-packages/airflow/example_dags/tutorial_taskflow_api.py
[2024-06-18T11:06:03.412+0545] {processor.py:840} INFO - DAG(s) 'tutorial_taskflow_api' retrieved from /home/manisha/airflow_env/lib/python3.10/site-packages/airflow/example_dags/tutorial_taskflow_api.py
[2024-06-18T11:06:03.431+0545] {logging_mixin.py:188} INFO - [2024-06-18T11:06:03.430+0545] {dag.py:3096} INFO - Sync 1 DAGs
[2024-06-18T11:06:03.445+0545] {logging_mixin.py:188} INFO - [2024-06-18T11:06:03.445+0545] {dag.py:3954} INFO - Setting next_dagrun for tutorial_taskflow_api to None, run_after=None
[2024-06-18T11:06:03.534+0545] {processor.py:183} INFO - Processing /home/manisha/airflow_env/lib/python3.10/site-packages/airflow/example_dags/tutorial_taskflow_api.py took 0.149 seconds
[2024-06-18T11:07:04.511+0545] {processor.py:161} INFO - Started process (PID=4918) to work on /home/manisha/airflow_env/lib/python3.10/site-packages/airflow/example_dags/tutorial_taskflow_api.py
[2024-06-18T11:07:04.512+0545] {processor.py:830} INFO - Processing file /home/manisha/airflow_env/lib/python3.10/site-packages/airflow/example_dags/tutorial_taskflow_api.py for tasks to queue
[2024-06-18T11:07:04.514+0545] {logging_mixin.py:188} INFO - [2024-06-18T11:07:04.514+0545] {dagbag.py:545} INFO - Filling up the DagBag from /home/manisha/airflow_env/lib/python3.10/site-packages/airflow/example_dags/tutorial_taskflow_api.py
[2024-06-18T11:07:04.523+0545] {processor.py:840} INFO - DAG(s) 'tutorial_taskflow_api' retrieved from /home/manisha/airflow_env/lib/python3.10/site-packages/airflow/example_dags/tutorial_taskflow_api.py
[2024-06-18T11:07:04.541+0545] {logging_mixin.py:188} INFO - [2024-06-18T11:07:04.540+0545] {dag.py:3096} INFO - Sync 1 DAGs
[2024-06-18T11:07:04.552+0545] {logging_mixin.py:188} INFO - [2024-06-18T11:07:04.552+0545] {dag.py:3954} INFO - Setting next_dagrun for tutorial_taskflow_api to None, run_after=None
[2024-06-18T11:07:04.671+0545] {processor.py:183} INFO - Processing /home/manisha/airflow_env/lib/python3.10/site-packages/airflow/example_dags/tutorial_taskflow_api.py took 0.167 seconds
[2024-06-18T11:08:00.043+0545] {processor.py:161} INFO - Started process (PID=4970) to work on /home/manisha/airflow_env/lib/python3.10/site-packages/airflow/example_dags/tutorial_taskflow_api.py
[2024-06-18T11:08:00.045+0545] {processor.py:830} INFO - Processing file /home/manisha/airflow_env/lib/python3.10/site-packages/airflow/example_dags/tutorial_taskflow_api.py for tasks to queue
[2024-06-18T11:08:00.050+0545] {logging_mixin.py:188} INFO - [2024-06-18T11:08:00.049+0545] {dagbag.py:545} INFO - Filling up the DagBag from /home/manisha/airflow_env/lib/python3.10/site-packages/airflow/example_dags/tutorial_taskflow_api.py
[2024-06-18T11:08:00.070+0545] {processor.py:840} INFO - DAG(s) 'tutorial_taskflow_api' retrieved from /home/manisha/airflow_env/lib/python3.10/site-packages/airflow/example_dags/tutorial_taskflow_api.py
[2024-06-18T11:08:00.090+0545] {logging_mixin.py:188} INFO - [2024-06-18T11:08:00.090+0545] {dag.py:3096} INFO - Sync 1 DAGs
[2024-06-18T11:08:00.100+0545] {logging_mixin.py:188} INFO - [2024-06-18T11:08:00.100+0545] {dag.py:3954} INFO - Setting next_dagrun for tutorial_taskflow_api to None, run_after=None
[2024-06-18T11:08:00.297+0545] {processor.py:183} INFO - Processing /home/manisha/airflow_env/lib/python3.10/site-packages/airflow/example_dags/tutorial_taskflow_api.py took 0.260 seconds
[2024-06-18T11:09:02.398+0545] {processor.py:161} INFO - Started process (PID=5615) to work on /home/manisha/airflow_env/lib/python3.10/site-packages/airflow/example_dags/tutorial_taskflow_api.py
[2024-06-18T11:09:02.400+0545] {processor.py:830} INFO - Processing file /home/manisha/airflow_env/lib/python3.10/site-packages/airflow/example_dags/tutorial_taskflow_api.py for tasks to queue
[2024-06-18T11:09:02.404+0545] {logging_mixin.py:188} INFO - [2024-06-18T11:09:02.403+0545] {dagbag.py:545} INFO - Filling up the DagBag from /home/manisha/airflow_env/lib/python3.10/site-packages/airflow/example_dags/tutorial_taskflow_api.py
[2024-06-18T11:09:02.415+0545] {processor.py:840} INFO - DAG(s) 'tutorial_taskflow_api' retrieved from /home/manisha/airflow_env/lib/python3.10/site-packages/airflow/example_dags/tutorial_taskflow_api.py
[2024-06-18T11:09:02.434+0545] {logging_mixin.py:188} INFO - [2024-06-18T11:09:02.434+0545] {dag.py:3096} INFO - Sync 1 DAGs
[2024-06-18T11:09:02.446+0545] {logging_mixin.py:188} INFO - [2024-06-18T11:09:02.446+0545] {dag.py:3954} INFO - Setting next_dagrun for tutorial_taskflow_api to None, run_after=None
[2024-06-18T11:09:02.526+0545] {processor.py:183} INFO - Processing /home/manisha/airflow_env/lib/python3.10/site-packages/airflow/example_dags/tutorial_taskflow_api.py took 0.139 seconds
[2024-06-18T11:10:02.780+0545] {processor.py:161} INFO - Started process (PID=5674) to work on /home/manisha/airflow_env/lib/python3.10/site-packages/airflow/example_dags/tutorial_taskflow_api.py
[2024-06-18T11:10:02.810+0545] {processor.py:830} INFO - Processing file /home/manisha/airflow_env/lib/python3.10/site-packages/airflow/example_dags/tutorial_taskflow_api.py for tasks to queue
[2024-06-18T11:10:02.813+0545] {logging_mixin.py:188} INFO - [2024-06-18T11:10:02.813+0545] {dagbag.py:545} INFO - Filling up the DagBag from /home/manisha/airflow_env/lib/python3.10/site-packages/airflow/example_dags/tutorial_taskflow_api.py
[2024-06-18T11:10:02.829+0545] {processor.py:840} INFO - DAG(s) 'tutorial_taskflow_api' retrieved from /home/manisha/airflow_env/lib/python3.10/site-packages/airflow/example_dags/tutorial_taskflow_api.py
[2024-06-18T11:10:02.853+0545] {logging_mixin.py:188} INFO - [2024-06-18T11:10:02.852+0545] {dag.py:3096} INFO - Sync 1 DAGs
[2024-06-18T11:10:02.864+0545] {logging_mixin.py:188} INFO - [2024-06-18T11:10:02.864+0545] {dag.py:3954} INFO - Setting next_dagrun for tutorial_taskflow_api to None, run_after=None
[2024-06-18T11:10:02.945+0545] {processor.py:183} INFO - Processing /home/manisha/airflow_env/lib/python3.10/site-packages/airflow/example_dags/tutorial_taskflow_api.py took 0.170 seconds
[2024-06-18T11:43:59.593+0545] {processor.py:161} INFO - Started process (PID=8297) to work on /home/manisha/airflow_env/lib/python3.10/site-packages/airflow/example_dags/tutorial_taskflow_api.py
[2024-06-18T11:43:59.600+0545] {processor.py:830} INFO - Processing file /home/manisha/airflow_env/lib/python3.10/site-packages/airflow/example_dags/tutorial_taskflow_api.py for tasks to queue
[2024-06-18T11:43:59.601+0545] {logging_mixin.py:188} INFO - [2024-06-18T11:43:59.601+0545] {dagbag.py:545} INFO - Filling up the DagBag from /home/manisha/airflow_env/lib/python3.10/site-packages/airflow/example_dags/tutorial_taskflow_api.py
[2024-06-18T11:43:59.608+0545] {processor.py:840} INFO - DAG(s) 'tutorial_taskflow_api' retrieved from /home/manisha/airflow_env/lib/python3.10/site-packages/airflow/example_dags/tutorial_taskflow_api.py
[2024-06-18T11:43:59.623+0545] {logging_mixin.py:188} INFO - [2024-06-18T11:43:59.623+0545] {dag.py:3096} INFO - Sync 1 DAGs
[2024-06-18T11:43:59.637+0545] {logging_mixin.py:188} INFO - [2024-06-18T11:43:59.636+0545] {dag.py:3954} INFO - Setting next_dagrun for tutorial_taskflow_api to None, run_after=None
[2024-06-18T11:43:59.777+0545] {processor.py:183} INFO - Processing /home/manisha/airflow_env/lib/python3.10/site-packages/airflow/example_dags/tutorial_taskflow_api.py took 0.189 seconds
[2024-06-18T11:44:31.132+0545] {processor.py:161} INFO - Started process (PID=8359) to work on /home/manisha/airflow_env/lib/python3.10/site-packages/airflow/example_dags/tutorial_taskflow_api.py
[2024-06-18T11:44:31.146+0545] {processor.py:830} INFO - Processing file /home/manisha/airflow_env/lib/python3.10/site-packages/airflow/example_dags/tutorial_taskflow_api.py for tasks to queue
[2024-06-18T11:44:31.150+0545] {logging_mixin.py:188} INFO - [2024-06-18T11:44:31.149+0545] {dagbag.py:545} INFO - Filling up the DagBag from /home/manisha/airflow_env/lib/python3.10/site-packages/airflow/example_dags/tutorial_taskflow_api.py
[2024-06-18T11:44:31.169+0545] {processor.py:840} INFO - DAG(s) 'tutorial_taskflow_api' retrieved from /home/manisha/airflow_env/lib/python3.10/site-packages/airflow/example_dags/tutorial_taskflow_api.py
[2024-06-18T11:44:31.378+0545] {logging_mixin.py:188} INFO - [2024-06-18T11:44:31.378+0545] {dag.py:3096} INFO - Sync 1 DAGs
[2024-06-18T11:44:31.390+0545] {logging_mixin.py:188} INFO - [2024-06-18T11:44:31.390+0545] {dag.py:3954} INFO - Setting next_dagrun for tutorial_taskflow_api to None, run_after=None
[2024-06-18T11:44:31.560+0545] {processor.py:183} INFO - Processing /home/manisha/airflow_env/lib/python3.10/site-packages/airflow/example_dags/tutorial_taskflow_api.py took 0.433 seconds
[2024-06-18T11:45:02.196+0545] {processor.py:161} INFO - Started process (PID=8413) to work on /home/manisha/airflow_env/lib/python3.10/site-packages/airflow/example_dags/tutorial_taskflow_api.py
[2024-06-18T11:45:02.265+0545] {processor.py:830} INFO - Processing file /home/manisha/airflow_env/lib/python3.10/site-packages/airflow/example_dags/tutorial_taskflow_api.py for tasks to queue
[2024-06-18T11:45:02.270+0545] {logging_mixin.py:188} INFO - [2024-06-18T11:45:02.269+0545] {dagbag.py:545} INFO - Filling up the DagBag from /home/manisha/airflow_env/lib/python3.10/site-packages/airflow/example_dags/tutorial_taskflow_api.py
[2024-06-18T11:45:02.290+0545] {processor.py:840} INFO - DAG(s) 'tutorial_taskflow_api' retrieved from /home/manisha/airflow_env/lib/python3.10/site-packages/airflow/example_dags/tutorial_taskflow_api.py
[2024-06-18T11:45:02.326+0545] {logging_mixin.py:188} INFO - [2024-06-18T11:45:02.325+0545] {dag.py:3096} INFO - Sync 1 DAGs
[2024-06-18T11:45:02.427+0545] {logging_mixin.py:188} INFO - [2024-06-18T11:45:02.426+0545] {dag.py:3954} INFO - Setting next_dagrun for tutorial_taskflow_api to None, run_after=None
[2024-06-18T11:45:02.572+0545] {processor.py:183} INFO - Processing /home/manisha/airflow_env/lib/python3.10/site-packages/airflow/example_dags/tutorial_taskflow_api.py took 0.382 seconds
[2024-06-18T11:45:32.706+0545] {processor.py:161} INFO - Started process (PID=8464) to work on /home/manisha/airflow_env/lib/python3.10/site-packages/airflow/example_dags/tutorial_taskflow_api.py
[2024-06-18T11:45:32.707+0545] {processor.py:830} INFO - Processing file /home/manisha/airflow_env/lib/python3.10/site-packages/airflow/example_dags/tutorial_taskflow_api.py for tasks to queue
[2024-06-18T11:45:32.709+0545] {logging_mixin.py:188} INFO - [2024-06-18T11:45:32.709+0545] {dagbag.py:545} INFO - Filling up the DagBag from /home/manisha/airflow_env/lib/python3.10/site-packages/airflow/example_dags/tutorial_taskflow_api.py
[2024-06-18T11:45:32.715+0545] {processor.py:840} INFO - DAG(s) 'tutorial_taskflow_api' retrieved from /home/manisha/airflow_env/lib/python3.10/site-packages/airflow/example_dags/tutorial_taskflow_api.py
[2024-06-18T11:45:32.741+0545] {logging_mixin.py:188} INFO - [2024-06-18T11:45:32.741+0545] {dag.py:3096} INFO - Sync 1 DAGs
[2024-06-18T11:45:32.754+0545] {logging_mixin.py:188} INFO - [2024-06-18T11:45:32.754+0545] {dag.py:3954} INFO - Setting next_dagrun for tutorial_taskflow_api to None, run_after=None
[2024-06-18T11:45:32.911+0545] {processor.py:183} INFO - Processing /home/manisha/airflow_env/lib/python3.10/site-packages/airflow/example_dags/tutorial_taskflow_api.py took 0.212 seconds
[2024-06-18T11:46:03.073+0545] {processor.py:161} INFO - Started process (PID=8517) to work on /home/manisha/airflow_env/lib/python3.10/site-packages/airflow/example_dags/tutorial_taskflow_api.py
[2024-06-18T11:46:03.074+0545] {processor.py:830} INFO - Processing file /home/manisha/airflow_env/lib/python3.10/site-packages/airflow/example_dags/tutorial_taskflow_api.py for tasks to queue
[2024-06-18T11:46:03.075+0545] {logging_mixin.py:188} INFO - [2024-06-18T11:46:03.075+0545] {dagbag.py:545} INFO - Filling up the DagBag from /home/manisha/airflow_env/lib/python3.10/site-packages/airflow/example_dags/tutorial_taskflow_api.py
[2024-06-18T11:46:03.081+0545] {processor.py:840} INFO - DAG(s) 'tutorial_taskflow_api' retrieved from /home/manisha/airflow_env/lib/python3.10/site-packages/airflow/example_dags/tutorial_taskflow_api.py
[2024-06-18T11:46:03.101+0545] {logging_mixin.py:188} INFO - [2024-06-18T11:46:03.101+0545] {dag.py:3096} INFO - Sync 1 DAGs
[2024-06-18T11:46:03.112+0545] {logging_mixin.py:188} INFO - [2024-06-18T11:46:03.112+0545] {dag.py:3954} INFO - Setting next_dagrun for tutorial_taskflow_api to None, run_after=None
[2024-06-18T11:46:03.193+0545] {processor.py:183} INFO - Processing /home/manisha/airflow_env/lib/python3.10/site-packages/airflow/example_dags/tutorial_taskflow_api.py took 0.128 seconds
[2024-06-18T11:46:33.775+0545] {processor.py:161} INFO - Started process (PID=8568) to work on /home/manisha/airflow_env/lib/python3.10/site-packages/airflow/example_dags/tutorial_taskflow_api.py
[2024-06-18T11:46:33.790+0545] {processor.py:830} INFO - Processing file /home/manisha/airflow_env/lib/python3.10/site-packages/airflow/example_dags/tutorial_taskflow_api.py for tasks to queue
[2024-06-18T11:46:33.791+0545] {logging_mixin.py:188} INFO - [2024-06-18T11:46:33.791+0545] {dagbag.py:545} INFO - Filling up the DagBag from /home/manisha/airflow_env/lib/python3.10/site-packages/airflow/example_dags/tutorial_taskflow_api.py
[2024-06-18T11:46:33.798+0545] {processor.py:840} INFO - DAG(s) 'tutorial_taskflow_api' retrieved from /home/manisha/airflow_env/lib/python3.10/site-packages/airflow/example_dags/tutorial_taskflow_api.py
[2024-06-18T11:46:33.825+0545] {logging_mixin.py:188} INFO - [2024-06-18T11:46:33.825+0545] {dag.py:3096} INFO - Sync 1 DAGs
[2024-06-18T11:46:33.837+0545] {logging_mixin.py:188} INFO - [2024-06-18T11:46:33.837+0545] {dag.py:3954} INFO - Setting next_dagrun for tutorial_taskflow_api to None, run_after=None
[2024-06-18T11:46:33.999+0545] {processor.py:183} INFO - Processing /home/manisha/airflow_env/lib/python3.10/site-packages/airflow/example_dags/tutorial_taskflow_api.py took 0.231 seconds
[2024-06-18T11:47:04.429+0545] {processor.py:161} INFO - Started process (PID=8619) to work on /home/manisha/airflow_env/lib/python3.10/site-packages/airflow/example_dags/tutorial_taskflow_api.py
[2024-06-18T11:47:04.430+0545] {processor.py:830} INFO - Processing file /home/manisha/airflow_env/lib/python3.10/site-packages/airflow/example_dags/tutorial_taskflow_api.py for tasks to queue
[2024-06-18T11:47:04.431+0545] {logging_mixin.py:188} INFO - [2024-06-18T11:47:04.431+0545] {dagbag.py:545} INFO - Filling up the DagBag from /home/manisha/airflow_env/lib/python3.10/site-packages/airflow/example_dags/tutorial_taskflow_api.py
[2024-06-18T11:47:04.438+0545] {processor.py:840} INFO - DAG(s) 'tutorial_taskflow_api' retrieved from /home/manisha/airflow_env/lib/python3.10/site-packages/airflow/example_dags/tutorial_taskflow_api.py
[2024-06-18T11:47:04.460+0545] {logging_mixin.py:188} INFO - [2024-06-18T11:47:04.459+0545] {dag.py:3096} INFO - Sync 1 DAGs
[2024-06-18T11:47:04.471+0545] {logging_mixin.py:188} INFO - [2024-06-18T11:47:04.471+0545] {dag.py:3954} INFO - Setting next_dagrun for tutorial_taskflow_api to None, run_after=None
[2024-06-18T11:47:04.529+0545] {processor.py:183} INFO - Processing /home/manisha/airflow_env/lib/python3.10/site-packages/airflow/example_dags/tutorial_taskflow_api.py took 0.106 seconds
[2024-06-18T11:47:34.720+0545] {processor.py:161} INFO - Started process (PID=8670) to work on /home/manisha/airflow_env/lib/python3.10/site-packages/airflow/example_dags/tutorial_taskflow_api.py
[2024-06-18T11:47:34.795+0545] {processor.py:830} INFO - Processing file /home/manisha/airflow_env/lib/python3.10/site-packages/airflow/example_dags/tutorial_taskflow_api.py for tasks to queue
[2024-06-18T11:47:34.801+0545] {logging_mixin.py:188} INFO - [2024-06-18T11:47:34.800+0545] {dagbag.py:545} INFO - Filling up the DagBag from /home/manisha/airflow_env/lib/python3.10/site-packages/airflow/example_dags/tutorial_taskflow_api.py
[2024-06-18T11:47:34.824+0545] {processor.py:840} INFO - DAG(s) 'tutorial_taskflow_api' retrieved from /home/manisha/airflow_env/lib/python3.10/site-packages/airflow/example_dags/tutorial_taskflow_api.py
[2024-06-18T11:47:34.855+0545] {logging_mixin.py:188} INFO - [2024-06-18T11:47:34.855+0545] {dag.py:3096} INFO - Sync 1 DAGs
[2024-06-18T11:47:34.868+0545] {logging_mixin.py:188} INFO - [2024-06-18T11:47:34.867+0545] {dag.py:3954} INFO - Setting next_dagrun for tutorial_taskflow_api to None, run_after=None
[2024-06-18T11:47:34.933+0545] {processor.py:183} INFO - Processing /home/manisha/airflow_env/lib/python3.10/site-packages/airflow/example_dags/tutorial_taskflow_api.py took 0.220 seconds
[2024-06-18T11:48:30.012+0545] {processor.py:161} INFO - Started process (PID=8746) to work on /home/manisha/airflow_env/lib/python3.10/site-packages/airflow/example_dags/tutorial_taskflow_api.py
[2024-06-18T11:48:30.029+0545] {processor.py:830} INFO - Processing file /home/manisha/airflow_env/lib/python3.10/site-packages/airflow/example_dags/tutorial_taskflow_api.py for tasks to queue
[2024-06-18T11:48:30.030+0545] {logging_mixin.py:188} INFO - [2024-06-18T11:48:30.030+0545] {dagbag.py:545} INFO - Filling up the DagBag from /home/manisha/airflow_env/lib/python3.10/site-packages/airflow/example_dags/tutorial_taskflow_api.py
[2024-06-18T11:48:30.037+0545] {processor.py:840} INFO - DAG(s) 'tutorial_taskflow_api' retrieved from /home/manisha/airflow_env/lib/python3.10/site-packages/airflow/example_dags/tutorial_taskflow_api.py
[2024-06-18T11:48:30.051+0545] {logging_mixin.py:188} INFO - [2024-06-18T11:48:30.051+0545] {dag.py:3096} INFO - Sync 1 DAGs
[2024-06-18T11:48:30.063+0545] {logging_mixin.py:188} INFO - [2024-06-18T11:48:30.063+0545] {dag.py:3954} INFO - Setting next_dagrun for tutorial_taskflow_api to None, run_after=None
[2024-06-18T11:48:30.128+0545] {processor.py:183} INFO - Processing /home/manisha/airflow_env/lib/python3.10/site-packages/airflow/example_dags/tutorial_taskflow_api.py took 0.120 seconds
[2024-06-18T11:49:01.484+0545] {processor.py:161} INFO - Started process (PID=8860) to work on /home/manisha/airflow_env/lib/python3.10/site-packages/airflow/example_dags/tutorial_taskflow_api.py
[2024-06-18T11:49:01.494+0545] {processor.py:830} INFO - Processing file /home/manisha/airflow_env/lib/python3.10/site-packages/airflow/example_dags/tutorial_taskflow_api.py for tasks to queue
[2024-06-18T11:49:01.496+0545] {logging_mixin.py:188} INFO - [2024-06-18T11:49:01.496+0545] {dagbag.py:545} INFO - Filling up the DagBag from /home/manisha/airflow_env/lib/python3.10/site-packages/airflow/example_dags/tutorial_taskflow_api.py
[2024-06-18T11:49:01.503+0545] {processor.py:840} INFO - DAG(s) 'tutorial_taskflow_api' retrieved from /home/manisha/airflow_env/lib/python3.10/site-packages/airflow/example_dags/tutorial_taskflow_api.py
[2024-06-18T11:49:01.812+0545] {logging_mixin.py:188} INFO - [2024-06-18T11:49:01.812+0545] {dag.py:3096} INFO - Sync 1 DAGs
[2024-06-18T11:49:01.828+0545] {logging_mixin.py:188} INFO - [2024-06-18T11:49:01.827+0545] {dag.py:3954} INFO - Setting next_dagrun for tutorial_taskflow_api to None, run_after=None
[2024-06-18T11:49:01.971+0545] {processor.py:183} INFO - Processing /home/manisha/airflow_env/lib/python3.10/site-packages/airflow/example_dags/tutorial_taskflow_api.py took 0.498 seconds
[2024-06-18T11:49:32.318+0545] {processor.py:161} INFO - Started process (PID=8931) to work on /home/manisha/airflow_env/lib/python3.10/site-packages/airflow/example_dags/tutorial_taskflow_api.py
[2024-06-18T11:49:32.427+0545] {processor.py:830} INFO - Processing file /home/manisha/airflow_env/lib/python3.10/site-packages/airflow/example_dags/tutorial_taskflow_api.py for tasks to queue
[2024-06-18T11:49:32.433+0545] {logging_mixin.py:188} INFO - [2024-06-18T11:49:32.432+0545] {dagbag.py:545} INFO - Filling up the DagBag from /home/manisha/airflow_env/lib/python3.10/site-packages/airflow/example_dags/tutorial_taskflow_api.py
[2024-06-18T11:49:32.454+0545] {processor.py:840} INFO - DAG(s) 'tutorial_taskflow_api' retrieved from /home/manisha/airflow_env/lib/python3.10/site-packages/airflow/example_dags/tutorial_taskflow_api.py
[2024-06-18T11:49:32.492+0545] {logging_mixin.py:188} INFO - [2024-06-18T11:49:32.491+0545] {dag.py:3096} INFO - Sync 1 DAGs
[2024-06-18T11:49:32.585+0545] {logging_mixin.py:188} INFO - [2024-06-18T11:49:32.585+0545] {dag.py:3954} INFO - Setting next_dagrun for tutorial_taskflow_api to None, run_after=None
[2024-06-18T11:49:32.723+0545] {processor.py:183} INFO - Processing /home/manisha/airflow_env/lib/python3.10/site-packages/airflow/example_dags/tutorial_taskflow_api.py took 0.413 seconds
[2024-06-18T11:50:03.381+0545] {processor.py:161} INFO - Started process (PID=8987) to work on /home/manisha/airflow_env/lib/python3.10/site-packages/airflow/example_dags/tutorial_taskflow_api.py
[2024-06-18T11:50:03.382+0545] {processor.py:830} INFO - Processing file /home/manisha/airflow_env/lib/python3.10/site-packages/airflow/example_dags/tutorial_taskflow_api.py for tasks to queue
[2024-06-18T11:50:03.383+0545] {logging_mixin.py:188} INFO - [2024-06-18T11:50:03.383+0545] {dagbag.py:545} INFO - Filling up the DagBag from /home/manisha/airflow_env/lib/python3.10/site-packages/airflow/example_dags/tutorial_taskflow_api.py
[2024-06-18T11:50:03.390+0545] {processor.py:840} INFO - DAG(s) 'tutorial_taskflow_api' retrieved from /home/manisha/airflow_env/lib/python3.10/site-packages/airflow/example_dags/tutorial_taskflow_api.py
[2024-06-18T11:50:03.416+0545] {logging_mixin.py:188} INFO - [2024-06-18T11:50:03.416+0545] {dag.py:3096} INFO - Sync 1 DAGs
[2024-06-18T11:50:03.430+0545] {logging_mixin.py:188} INFO - [2024-06-18T11:50:03.429+0545] {dag.py:3954} INFO - Setting next_dagrun for tutorial_taskflow_api to None, run_after=None
[2024-06-18T11:50:03.610+0545] {processor.py:183} INFO - Processing /home/manisha/airflow_env/lib/python3.10/site-packages/airflow/example_dags/tutorial_taskflow_api.py took 0.236 seconds
[2024-06-18T11:50:33.652+0545] {processor.py:161} INFO - Started process (PID=9046) to work on /home/manisha/airflow_env/lib/python3.10/site-packages/airflow/example_dags/tutorial_taskflow_api.py
[2024-06-18T11:50:33.701+0545] {processor.py:830} INFO - Processing file /home/manisha/airflow_env/lib/python3.10/site-packages/airflow/example_dags/tutorial_taskflow_api.py for tasks to queue
[2024-06-18T11:50:33.705+0545] {logging_mixin.py:188} INFO - [2024-06-18T11:50:33.704+0545] {dagbag.py:545} INFO - Filling up the DagBag from /home/manisha/airflow_env/lib/python3.10/site-packages/airflow/example_dags/tutorial_taskflow_api.py
[2024-06-18T11:50:33.725+0545] {processor.py:840} INFO - DAG(s) 'tutorial_taskflow_api' retrieved from /home/manisha/airflow_env/lib/python3.10/site-packages/airflow/example_dags/tutorial_taskflow_api.py
[2024-06-18T11:50:33.762+0545] {logging_mixin.py:188} INFO - [2024-06-18T11:50:33.761+0545] {dag.py:3096} INFO - Sync 1 DAGs
[2024-06-18T11:50:33.773+0545] {logging_mixin.py:188} INFO - [2024-06-18T11:50:33.772+0545] {dag.py:3954} INFO - Setting next_dagrun for tutorial_taskflow_api to None, run_after=None
[2024-06-18T11:50:34.043+0545] {processor.py:183} INFO - Processing /home/manisha/airflow_env/lib/python3.10/site-packages/airflow/example_dags/tutorial_taskflow_api.py took 0.398 seconds
[2024-06-18T11:50:56.637+0545] {processor.py:161} INFO - Started process (PID=9296) to work on /home/manisha/airflow_env/lib/python3.10/site-packages/airflow/example_dags/tutorial_taskflow_api.py
[2024-06-18T11:50:56.638+0545] {processor.py:830} INFO - Processing file /home/manisha/airflow_env/lib/python3.10/site-packages/airflow/example_dags/tutorial_taskflow_api.py for tasks to queue
[2024-06-18T11:50:56.639+0545] {logging_mixin.py:188} INFO - [2024-06-18T11:50:56.639+0545] {dagbag.py:545} INFO - Filling up the DagBag from /home/manisha/airflow_env/lib/python3.10/site-packages/airflow/example_dags/tutorial_taskflow_api.py
[2024-06-18T11:50:56.651+0545] {processor.py:840} INFO - DAG(s) 'tutorial_taskflow_api' retrieved from /home/manisha/airflow_env/lib/python3.10/site-packages/airflow/example_dags/tutorial_taskflow_api.py
[2024-06-18T11:50:56.674+0545] {logging_mixin.py:188} INFO - [2024-06-18T11:50:56.673+0545] {dag.py:3096} INFO - Sync 1 DAGs
[2024-06-18T11:50:56.698+0545] {logging_mixin.py:188} INFO - [2024-06-18T11:50:56.698+0545] {dag.py:3954} INFO - Setting next_dagrun for tutorial_taskflow_api to None, run_after=None
[2024-06-18T11:50:56.926+0545] {processor.py:183} INFO - Processing /home/manisha/airflow_env/lib/python3.10/site-packages/airflow/example_dags/tutorial_taskflow_api.py took 0.302 seconds
[2024-06-18T11:51:28.123+0545] {processor.py:161} INFO - Started process (PID=9569) to work on /home/manisha/airflow_env/lib/python3.10/site-packages/airflow/example_dags/tutorial_taskflow_api.py
[2024-06-18T11:51:28.132+0545] {processor.py:830} INFO - Processing file /home/manisha/airflow_env/lib/python3.10/site-packages/airflow/example_dags/tutorial_taskflow_api.py for tasks to queue
[2024-06-18T11:51:28.133+0545] {logging_mixin.py:188} INFO - [2024-06-18T11:51:28.133+0545] {dagbag.py:545} INFO - Filling up the DagBag from /home/manisha/airflow_env/lib/python3.10/site-packages/airflow/example_dags/tutorial_taskflow_api.py
[2024-06-18T11:51:28.139+0545] {processor.py:840} INFO - DAG(s) 'tutorial_taskflow_api' retrieved from /home/manisha/airflow_env/lib/python3.10/site-packages/airflow/example_dags/tutorial_taskflow_api.py
[2024-06-18T11:51:28.331+0545] {logging_mixin.py:188} INFO - [2024-06-18T11:51:28.331+0545] {dag.py:3096} INFO - Sync 1 DAGs
[2024-06-18T11:51:28.341+0545] {logging_mixin.py:188} INFO - [2024-06-18T11:51:28.341+0545] {dag.py:3954} INFO - Setting next_dagrun for tutorial_taskflow_api to None, run_after=None
[2024-06-18T11:51:28.815+0545] {processor.py:183} INFO - Processing /home/manisha/airflow_env/lib/python3.10/site-packages/airflow/example_dags/tutorial_taskflow_api.py took 0.697 seconds
[2024-06-18T11:51:58.976+0545] {processor.py:161} INFO - Started process (PID=9826) to work on /home/manisha/airflow_env/lib/python3.10/site-packages/airflow/example_dags/tutorial_taskflow_api.py
[2024-06-18T11:51:59.002+0545] {processor.py:830} INFO - Processing file /home/manisha/airflow_env/lib/python3.10/site-packages/airflow/example_dags/tutorial_taskflow_api.py for tasks to queue
[2024-06-18T11:51:59.003+0545] {logging_mixin.py:188} INFO - [2024-06-18T11:51:59.003+0545] {dagbag.py:545} INFO - Filling up the DagBag from /home/manisha/airflow_env/lib/python3.10/site-packages/airflow/example_dags/tutorial_taskflow_api.py
[2024-06-18T11:51:59.128+0545] {processor.py:840} INFO - DAG(s) 'tutorial_taskflow_api' retrieved from /home/manisha/airflow_env/lib/python3.10/site-packages/airflow/example_dags/tutorial_taskflow_api.py
[2024-06-18T11:51:59.158+0545] {logging_mixin.py:188} INFO - [2024-06-18T11:51:59.158+0545] {dag.py:3096} INFO - Sync 1 DAGs
[2024-06-18T11:51:59.173+0545] {logging_mixin.py:188} INFO - [2024-06-18T11:51:59.172+0545] {dag.py:3954} INFO - Setting next_dagrun for tutorial_taskflow_api to None, run_after=None
[2024-06-18T11:51:59.387+0545] {processor.py:183} INFO - Processing /home/manisha/airflow_env/lib/python3.10/site-packages/airflow/example_dags/tutorial_taskflow_api.py took 0.417 seconds
