[2024-06-18T10:57:03.898+0545] {processor.py:161} INFO - Started process (PID=4036) to work on /home/manisha/airflow_env/lib/python3.10/site-packages/airflow/example_dags/tutorial_taskflow_api_virtualenv.py
[2024-06-18T10:57:03.899+0545] {processor.py:830} INFO - Processing file /home/manisha/airflow_env/lib/python3.10/site-packages/airflow/example_dags/tutorial_taskflow_api_virtualenv.py for tasks to queue
[2024-06-18T10:57:03.901+0545] {logging_mixin.py:188} INFO - [2024-06-18T10:57:03.900+0545] {dagbag.py:545} INFO - Filling up the DagBag from /home/manisha/airflow_env/lib/python3.10/site-packages/airflow/example_dags/tutorial_taskflow_api_virtualenv.py
[2024-06-18T10:57:03.912+0545] {processor.py:840} INFO - DAG(s) 'tutorial_taskflow_api_virtualenv' retrieved from /home/manisha/airflow_env/lib/python3.10/site-packages/airflow/example_dags/tutorial_taskflow_api_virtualenv.py
[2024-06-18T10:57:04.138+0545] {logging_mixin.py:188} INFO - [2024-06-18T10:57:04.136+0545] {override.py:1829} INFO - Created Permission View: can edit on DAG:tutorial_taskflow_api_virtualenv
[2024-06-18T10:57:04.216+0545] {logging_mixin.py:188} INFO - [2024-06-18T10:57:04.214+0545] {override.py:1829} INFO - Created Permission View: can read on DAG:tutorial_taskflow_api_virtualenv
[2024-06-18T10:57:04.284+0545] {logging_mixin.py:188} INFO - [2024-06-18T10:57:04.282+0545] {override.py:1829} INFO - Created Permission View: can delete on DAG:tutorial_taskflow_api_virtualenv
[2024-06-18T10:57:04.286+0545] {logging_mixin.py:188} INFO - [2024-06-18T10:57:04.285+0545] {dag.py:3096} INFO - Sync 1 DAGs
[2024-06-18T10:57:04.320+0545] {logging_mixin.py:188} INFO - [2024-06-18T10:57:04.320+0545] {dag.py:3118} INFO - Creating ORM DAG for tutorial_taskflow_api_virtualenv
[2024-06-18T10:57:04.321+0545] {logging_mixin.py:188} INFO - [2024-06-18T10:57:04.321+0545] {dag.py:3954} INFO - Setting next_dagrun for tutorial_taskflow_api_virtualenv to None, run_after=None
[2024-06-18T10:57:04.426+0545] {processor.py:183} INFO - Processing /home/manisha/airflow_env/lib/python3.10/site-packages/airflow/example_dags/tutorial_taskflow_api_virtualenv.py took 0.533 seconds
[2024-06-18T10:58:22.346+0545] {processor.py:161} INFO - Started process (PID=4152) to work on /home/manisha/airflow_env/lib/python3.10/site-packages/airflow/example_dags/tutorial_taskflow_api_virtualenv.py
[2024-06-18T10:58:22.385+0545] {processor.py:830} INFO - Processing file /home/manisha/airflow_env/lib/python3.10/site-packages/airflow/example_dags/tutorial_taskflow_api_virtualenv.py for tasks to queue
[2024-06-18T10:58:22.391+0545] {logging_mixin.py:188} INFO - [2024-06-18T10:58:22.389+0545] {dagbag.py:545} INFO - Filling up the DagBag from /home/manisha/airflow_env/lib/python3.10/site-packages/airflow/example_dags/tutorial_taskflow_api_virtualenv.py
[2024-06-18T10:58:22.420+0545] {processor.py:840} INFO - DAG(s) 'tutorial_taskflow_api_virtualenv' retrieved from /home/manisha/airflow_env/lib/python3.10/site-packages/airflow/example_dags/tutorial_taskflow_api_virtualenv.py
[2024-06-18T10:58:22.437+0545] {logging_mixin.py:188} INFO - [2024-06-18T10:58:22.437+0545] {dag.py:3096} INFO - Sync 1 DAGs
[2024-06-18T10:58:22.449+0545] {logging_mixin.py:188} INFO - [2024-06-18T10:58:22.448+0545] {dag.py:3954} INFO - Setting next_dagrun for tutorial_taskflow_api_virtualenv to None, run_after=None
[2024-06-18T10:58:22.551+0545] {processor.py:183} INFO - Processing /home/manisha/airflow_env/lib/python3.10/site-packages/airflow/example_dags/tutorial_taskflow_api_virtualenv.py took 0.211 seconds
[2024-06-18T10:59:25.223+0545] {processor.py:161} INFO - Started process (PID=4205) to work on /home/manisha/airflow_env/lib/python3.10/site-packages/airflow/example_dags/tutorial_taskflow_api_virtualenv.py
[2024-06-18T10:59:25.279+0545] {processor.py:830} INFO - Processing file /home/manisha/airflow_env/lib/python3.10/site-packages/airflow/example_dags/tutorial_taskflow_api_virtualenv.py for tasks to queue
[2024-06-18T10:59:25.285+0545] {logging_mixin.py:188} INFO - [2024-06-18T10:59:25.284+0545] {dagbag.py:545} INFO - Filling up the DagBag from /home/manisha/airflow_env/lib/python3.10/site-packages/airflow/example_dags/tutorial_taskflow_api_virtualenv.py
[2024-06-18T10:59:25.317+0545] {processor.py:840} INFO - DAG(s) 'tutorial_taskflow_api_virtualenv' retrieved from /home/manisha/airflow_env/lib/python3.10/site-packages/airflow/example_dags/tutorial_taskflow_api_virtualenv.py
[2024-06-18T10:59:25.334+0545] {logging_mixin.py:188} INFO - [2024-06-18T10:59:25.334+0545] {dag.py:3096} INFO - Sync 1 DAGs
[2024-06-18T10:59:25.345+0545] {logging_mixin.py:188} INFO - [2024-06-18T10:59:25.345+0545] {dag.py:3954} INFO - Setting next_dagrun for tutorial_taskflow_api_virtualenv to None, run_after=None
[2024-06-18T10:59:25.585+0545] {processor.py:183} INFO - Processing /home/manisha/airflow_env/lib/python3.10/site-packages/airflow/example_dags/tutorial_taskflow_api_virtualenv.py took 0.368 seconds
[2024-06-18T11:00:28.848+0545] {processor.py:161} INFO - Started process (PID=4347) to work on /home/manisha/airflow_env/lib/python3.10/site-packages/airflow/example_dags/tutorial_taskflow_api_virtualenv.py
[2024-06-18T11:00:28.884+0545] {processor.py:830} INFO - Processing file /home/manisha/airflow_env/lib/python3.10/site-packages/airflow/example_dags/tutorial_taskflow_api_virtualenv.py for tasks to queue
[2024-06-18T11:00:28.888+0545] {logging_mixin.py:188} INFO - [2024-06-18T11:00:28.887+0545] {dagbag.py:545} INFO - Filling up the DagBag from /home/manisha/airflow_env/lib/python3.10/site-packages/airflow/example_dags/tutorial_taskflow_api_virtualenv.py
[2024-06-18T11:00:28.920+0545] {processor.py:840} INFO - DAG(s) 'tutorial_taskflow_api_virtualenv' retrieved from /home/manisha/airflow_env/lib/python3.10/site-packages/airflow/example_dags/tutorial_taskflow_api_virtualenv.py
[2024-06-18T11:00:28.938+0545] {logging_mixin.py:188} INFO - [2024-06-18T11:00:28.938+0545] {dag.py:3096} INFO - Sync 1 DAGs
[2024-06-18T11:00:28.949+0545] {logging_mixin.py:188} INFO - [2024-06-18T11:00:28.948+0545] {dag.py:3954} INFO - Setting next_dagrun for tutorial_taskflow_api_virtualenv to None, run_after=None
[2024-06-18T11:00:29.059+0545] {processor.py:183} INFO - Processing /home/manisha/airflow_env/lib/python3.10/site-packages/airflow/example_dags/tutorial_taskflow_api_virtualenv.py took 0.217 seconds
[2024-06-18T11:01:29.311+0545] {processor.py:161} INFO - Started process (PID=4400) to work on /home/manisha/airflow_env/lib/python3.10/site-packages/airflow/example_dags/tutorial_taskflow_api_virtualenv.py
[2024-06-18T11:01:29.347+0545] {processor.py:830} INFO - Processing file /home/manisha/airflow_env/lib/python3.10/site-packages/airflow/example_dags/tutorial_taskflow_api_virtualenv.py for tasks to queue
[2024-06-18T11:01:29.353+0545] {logging_mixin.py:188} INFO - [2024-06-18T11:01:29.352+0545] {dagbag.py:545} INFO - Filling up the DagBag from /home/manisha/airflow_env/lib/python3.10/site-packages/airflow/example_dags/tutorial_taskflow_api_virtualenv.py
[2024-06-18T11:01:29.385+0545] {processor.py:840} INFO - DAG(s) 'tutorial_taskflow_api_virtualenv' retrieved from /home/manisha/airflow_env/lib/python3.10/site-packages/airflow/example_dags/tutorial_taskflow_api_virtualenv.py
[2024-06-18T11:01:29.403+0545] {logging_mixin.py:188} INFO - [2024-06-18T11:01:29.403+0545] {dag.py:3096} INFO - Sync 1 DAGs
[2024-06-18T11:01:29.415+0545] {logging_mixin.py:188} INFO - [2024-06-18T11:01:29.415+0545] {dag.py:3954} INFO - Setting next_dagrun for tutorial_taskflow_api_virtualenv to None, run_after=None
[2024-06-18T11:01:29.524+0545] {processor.py:183} INFO - Processing /home/manisha/airflow_env/lib/python3.10/site-packages/airflow/example_dags/tutorial_taskflow_api_virtualenv.py took 0.219 seconds
[2024-06-18T11:02:29.895+0545] {processor.py:161} INFO - Started process (PID=4452) to work on /home/manisha/airflow_env/lib/python3.10/site-packages/airflow/example_dags/tutorial_taskflow_api_virtualenv.py
[2024-06-18T11:02:29.900+0545] {processor.py:830} INFO - Processing file /home/manisha/airflow_env/lib/python3.10/site-packages/airflow/example_dags/tutorial_taskflow_api_virtualenv.py for tasks to queue
[2024-06-18T11:02:29.901+0545] {logging_mixin.py:188} INFO - [2024-06-18T11:02:29.901+0545] {dagbag.py:545} INFO - Filling up the DagBag from /home/manisha/airflow_env/lib/python3.10/site-packages/airflow/example_dags/tutorial_taskflow_api_virtualenv.py
[2024-06-18T11:02:29.912+0545] {processor.py:840} INFO - DAG(s) 'tutorial_taskflow_api_virtualenv' retrieved from /home/manisha/airflow_env/lib/python3.10/site-packages/airflow/example_dags/tutorial_taskflow_api_virtualenv.py
[2024-06-18T11:02:29.928+0545] {logging_mixin.py:188} INFO - [2024-06-18T11:02:29.928+0545] {dag.py:3096} INFO - Sync 1 DAGs
[2024-06-18T11:02:29.939+0545] {logging_mixin.py:188} INFO - [2024-06-18T11:02:29.939+0545] {dag.py:3954} INFO - Setting next_dagrun for tutorial_taskflow_api_virtualenv to None, run_after=None
[2024-06-18T11:02:30.049+0545] {processor.py:183} INFO - Processing /home/manisha/airflow_env/lib/python3.10/site-packages/airflow/example_dags/tutorial_taskflow_api_virtualenv.py took 0.161 seconds
[2024-06-18T11:03:27.453+0545] {processor.py:161} INFO - Started process (PID=4505) to work on /home/manisha/airflow_env/lib/python3.10/site-packages/airflow/example_dags/tutorial_taskflow_api_virtualenv.py
[2024-06-18T11:03:27.492+0545] {processor.py:830} INFO - Processing file /home/manisha/airflow_env/lib/python3.10/site-packages/airflow/example_dags/tutorial_taskflow_api_virtualenv.py for tasks to queue
[2024-06-18T11:03:27.495+0545] {logging_mixin.py:188} INFO - [2024-06-18T11:03:27.494+0545] {dagbag.py:545} INFO - Filling up the DagBag from /home/manisha/airflow_env/lib/python3.10/site-packages/airflow/example_dags/tutorial_taskflow_api_virtualenv.py
[2024-06-18T11:03:27.516+0545] {processor.py:840} INFO - DAG(s) 'tutorial_taskflow_api_virtualenv' retrieved from /home/manisha/airflow_env/lib/python3.10/site-packages/airflow/example_dags/tutorial_taskflow_api_virtualenv.py
[2024-06-18T11:03:27.535+0545] {logging_mixin.py:188} INFO - [2024-06-18T11:03:27.535+0545] {dag.py:3096} INFO - Sync 1 DAGs
[2024-06-18T11:03:27.548+0545] {logging_mixin.py:188} INFO - [2024-06-18T11:03:27.548+0545] {dag.py:3954} INFO - Setting next_dagrun for tutorial_taskflow_api_virtualenv to None, run_after=None
[2024-06-18T11:03:27.635+0545] {processor.py:183} INFO - Processing /home/manisha/airflow_env/lib/python3.10/site-packages/airflow/example_dags/tutorial_taskflow_api_virtualenv.py took 0.201 seconds
[2024-06-18T11:04:29.495+0545] {processor.py:161} INFO - Started process (PID=4561) to work on /home/manisha/airflow_env/lib/python3.10/site-packages/airflow/example_dags/tutorial_taskflow_api_virtualenv.py
[2024-06-18T11:04:29.531+0545] {processor.py:830} INFO - Processing file /home/manisha/airflow_env/lib/python3.10/site-packages/airflow/example_dags/tutorial_taskflow_api_virtualenv.py for tasks to queue
[2024-06-18T11:04:29.537+0545] {logging_mixin.py:188} INFO - [2024-06-18T11:04:29.535+0545] {dagbag.py:545} INFO - Filling up the DagBag from /home/manisha/airflow_env/lib/python3.10/site-packages/airflow/example_dags/tutorial_taskflow_api_virtualenv.py
[2024-06-18T11:04:29.568+0545] {processor.py:840} INFO - DAG(s) 'tutorial_taskflow_api_virtualenv' retrieved from /home/manisha/airflow_env/lib/python3.10/site-packages/airflow/example_dags/tutorial_taskflow_api_virtualenv.py
[2024-06-18T11:04:29.586+0545] {logging_mixin.py:188} INFO - [2024-06-18T11:04:29.586+0545] {dag.py:3096} INFO - Sync 1 DAGs
[2024-06-18T11:04:29.598+0545] {logging_mixin.py:188} INFO - [2024-06-18T11:04:29.597+0545] {dag.py:3954} INFO - Setting next_dagrun for tutorial_taskflow_api_virtualenv to None, run_after=None
[2024-06-18T11:04:29.701+0545] {processor.py:183} INFO - Processing /home/manisha/airflow_env/lib/python3.10/site-packages/airflow/example_dags/tutorial_taskflow_api_virtualenv.py took 0.213 seconds
[2024-06-18T11:06:11.215+0545] {processor.py:161} INFO - Started process (PID=4777) to work on /home/manisha/airflow_env/lib/python3.10/site-packages/airflow/example_dags/tutorial_taskflow_api_virtualenv.py
[2024-06-18T11:06:11.254+0545] {processor.py:830} INFO - Processing file /home/manisha/airflow_env/lib/python3.10/site-packages/airflow/example_dags/tutorial_taskflow_api_virtualenv.py for tasks to queue
[2024-06-18T11:06:11.260+0545] {logging_mixin.py:188} INFO - [2024-06-18T11:06:11.259+0545] {dagbag.py:545} INFO - Filling up the DagBag from /home/manisha/airflow_env/lib/python3.10/site-packages/airflow/example_dags/tutorial_taskflow_api_virtualenv.py
[2024-06-18T11:06:11.286+0545] {processor.py:840} INFO - DAG(s) 'tutorial_taskflow_api_virtualenv' retrieved from /home/manisha/airflow_env/lib/python3.10/site-packages/airflow/example_dags/tutorial_taskflow_api_virtualenv.py
[2024-06-18T11:06:11.308+0545] {logging_mixin.py:188} INFO - [2024-06-18T11:06:11.308+0545] {dag.py:3096} INFO - Sync 1 DAGs
[2024-06-18T11:06:11.324+0545] {logging_mixin.py:188} INFO - [2024-06-18T11:06:11.324+0545] {dag.py:3954} INFO - Setting next_dagrun for tutorial_taskflow_api_virtualenv to None, run_after=None
[2024-06-18T11:06:11.422+0545] {processor.py:183} INFO - Processing /home/manisha/airflow_env/lib/python3.10/site-packages/airflow/example_dags/tutorial_taskflow_api_virtualenv.py took 0.214 seconds
[2024-06-18T11:07:11.636+0545] {processor.py:161} INFO - Started process (PID=4925) to work on /home/manisha/airflow_env/lib/python3.10/site-packages/airflow/example_dags/tutorial_taskflow_api_virtualenv.py
[2024-06-18T11:07:11.639+0545] {processor.py:830} INFO - Processing file /home/manisha/airflow_env/lib/python3.10/site-packages/airflow/example_dags/tutorial_taskflow_api_virtualenv.py for tasks to queue
[2024-06-18T11:07:11.642+0545] {logging_mixin.py:188} INFO - [2024-06-18T11:07:11.641+0545] {dagbag.py:545} INFO - Filling up the DagBag from /home/manisha/airflow_env/lib/python3.10/site-packages/airflow/example_dags/tutorial_taskflow_api_virtualenv.py
[2024-06-18T11:07:11.655+0545] {processor.py:840} INFO - DAG(s) 'tutorial_taskflow_api_virtualenv' retrieved from /home/manisha/airflow_env/lib/python3.10/site-packages/airflow/example_dags/tutorial_taskflow_api_virtualenv.py
[2024-06-18T11:07:11.669+0545] {logging_mixin.py:188} INFO - [2024-06-18T11:07:11.669+0545] {dag.py:3096} INFO - Sync 1 DAGs
[2024-06-18T11:07:11.680+0545] {logging_mixin.py:188} INFO - [2024-06-18T11:07:11.680+0545] {dag.py:3954} INFO - Setting next_dagrun for tutorial_taskflow_api_virtualenv to None, run_after=None
[2024-06-18T11:07:11.787+0545] {processor.py:183} INFO - Processing /home/manisha/airflow_env/lib/python3.10/site-packages/airflow/example_dags/tutorial_taskflow_api_virtualenv.py took 0.170 seconds
[2024-06-18T11:08:09.003+0545] {processor.py:161} INFO - Started process (PID=4978) to work on /home/manisha/airflow_env/lib/python3.10/site-packages/airflow/example_dags/tutorial_taskflow_api_virtualenv.py
[2024-06-18T11:08:09.004+0545] {processor.py:830} INFO - Processing file /home/manisha/airflow_env/lib/python3.10/site-packages/airflow/example_dags/tutorial_taskflow_api_virtualenv.py for tasks to queue
[2024-06-18T11:08:09.006+0545] {logging_mixin.py:188} INFO - [2024-06-18T11:08:09.005+0545] {dagbag.py:545} INFO - Filling up the DagBag from /home/manisha/airflow_env/lib/python3.10/site-packages/airflow/example_dags/tutorial_taskflow_api_virtualenv.py
[2024-06-18T11:08:09.017+0545] {processor.py:840} INFO - DAG(s) 'tutorial_taskflow_api_virtualenv' retrieved from /home/manisha/airflow_env/lib/python3.10/site-packages/airflow/example_dags/tutorial_taskflow_api_virtualenv.py
[2024-06-18T11:08:09.034+0545] {logging_mixin.py:188} INFO - [2024-06-18T11:08:09.033+0545] {dag.py:3096} INFO - Sync 1 DAGs
[2024-06-18T11:08:09.045+0545] {logging_mixin.py:188} INFO - [2024-06-18T11:08:09.045+0545] {dag.py:3954} INFO - Setting next_dagrun for tutorial_taskflow_api_virtualenv to None, run_after=None
[2024-06-18T11:08:09.161+0545] {processor.py:183} INFO - Processing /home/manisha/airflow_env/lib/python3.10/site-packages/airflow/example_dags/tutorial_taskflow_api_virtualenv.py took 0.164 seconds
[2024-06-18T11:09:11.359+0545] {processor.py:161} INFO - Started process (PID=5622) to work on /home/manisha/airflow_env/lib/python3.10/site-packages/airflow/example_dags/tutorial_taskflow_api_virtualenv.py
[2024-06-18T11:09:11.363+0545] {processor.py:830} INFO - Processing file /home/manisha/airflow_env/lib/python3.10/site-packages/airflow/example_dags/tutorial_taskflow_api_virtualenv.py for tasks to queue
[2024-06-18T11:09:11.367+0545] {logging_mixin.py:188} INFO - [2024-06-18T11:09:11.366+0545] {dagbag.py:545} INFO - Filling up the DagBag from /home/manisha/airflow_env/lib/python3.10/site-packages/airflow/example_dags/tutorial_taskflow_api_virtualenv.py
[2024-06-18T11:09:11.382+0545] {processor.py:840} INFO - DAG(s) 'tutorial_taskflow_api_virtualenv' retrieved from /home/manisha/airflow_env/lib/python3.10/site-packages/airflow/example_dags/tutorial_taskflow_api_virtualenv.py
[2024-06-18T11:09:11.396+0545] {logging_mixin.py:188} INFO - [2024-06-18T11:09:11.396+0545] {dag.py:3096} INFO - Sync 1 DAGs
[2024-06-18T11:09:11.407+0545] {logging_mixin.py:188} INFO - [2024-06-18T11:09:11.407+0545] {dag.py:3954} INFO - Setting next_dagrun for tutorial_taskflow_api_virtualenv to None, run_after=None
[2024-06-18T11:09:11.518+0545] {processor.py:183} INFO - Processing /home/manisha/airflow_env/lib/python3.10/site-packages/airflow/example_dags/tutorial_taskflow_api_virtualenv.py took 0.178 seconds
[2024-06-18T11:44:00.551+0545] {processor.py:161} INFO - Started process (PID=8313) to work on /home/manisha/airflow_env/lib/python3.10/site-packages/airflow/example_dags/tutorial_taskflow_api_virtualenv.py
[2024-06-18T11:44:00.559+0545] {processor.py:830} INFO - Processing file /home/manisha/airflow_env/lib/python3.10/site-packages/airflow/example_dags/tutorial_taskflow_api_virtualenv.py for tasks to queue
[2024-06-18T11:44:00.560+0545] {logging_mixin.py:188} INFO - [2024-06-18T11:44:00.560+0545] {dagbag.py:545} INFO - Filling up the DagBag from /home/manisha/airflow_env/lib/python3.10/site-packages/airflow/example_dags/tutorial_taskflow_api_virtualenv.py
[2024-06-18T11:44:00.568+0545] {processor.py:840} INFO - DAG(s) 'tutorial_taskflow_api_virtualenv' retrieved from /home/manisha/airflow_env/lib/python3.10/site-packages/airflow/example_dags/tutorial_taskflow_api_virtualenv.py
[2024-06-18T11:44:00.582+0545] {logging_mixin.py:188} INFO - [2024-06-18T11:44:00.582+0545] {dag.py:3096} INFO - Sync 1 DAGs
[2024-06-18T11:44:00.594+0545] {logging_mixin.py:188} INFO - [2024-06-18T11:44:00.593+0545] {dag.py:3954} INFO - Setting next_dagrun for tutorial_taskflow_api_virtualenv to None, run_after=None
[2024-06-18T11:44:00.778+0545] {processor.py:183} INFO - Processing /home/manisha/airflow_env/lib/python3.10/site-packages/airflow/example_dags/tutorial_taskflow_api_virtualenv.py took 0.233 seconds
[2024-06-18T11:44:33.409+0545] {processor.py:161} INFO - Started process (PID=8369) to work on /home/manisha/airflow_env/lib/python3.10/site-packages/airflow/example_dags/tutorial_taskflow_api_virtualenv.py
[2024-06-18T11:44:33.424+0545] {processor.py:830} INFO - Processing file /home/manisha/airflow_env/lib/python3.10/site-packages/airflow/example_dags/tutorial_taskflow_api_virtualenv.py for tasks to queue
[2024-06-18T11:44:33.425+0545] {logging_mixin.py:188} INFO - [2024-06-18T11:44:33.425+0545] {dagbag.py:545} INFO - Filling up the DagBag from /home/manisha/airflow_env/lib/python3.10/site-packages/airflow/example_dags/tutorial_taskflow_api_virtualenv.py
[2024-06-18T11:44:33.434+0545] {processor.py:840} INFO - DAG(s) 'tutorial_taskflow_api_virtualenv' retrieved from /home/manisha/airflow_env/lib/python3.10/site-packages/airflow/example_dags/tutorial_taskflow_api_virtualenv.py
[2024-06-18T11:44:33.607+0545] {logging_mixin.py:188} INFO - [2024-06-18T11:44:33.607+0545] {dag.py:3096} INFO - Sync 1 DAGs
[2024-06-18T11:44:33.618+0545] {logging_mixin.py:188} INFO - [2024-06-18T11:44:33.618+0545] {dag.py:3954} INFO - Setting next_dagrun for tutorial_taskflow_api_virtualenv to None, run_after=None
[2024-06-18T11:44:33.791+0545] {processor.py:183} INFO - Processing /home/manisha/airflow_env/lib/python3.10/site-packages/airflow/example_dags/tutorial_taskflow_api_virtualenv.py took 0.387 seconds
[2024-06-18T11:45:04.370+0545] {processor.py:161} INFO - Started process (PID=8423) to work on /home/manisha/airflow_env/lib/python3.10/site-packages/airflow/example_dags/tutorial_taskflow_api_virtualenv.py
[2024-06-18T11:45:04.375+0545] {processor.py:830} INFO - Processing file /home/manisha/airflow_env/lib/python3.10/site-packages/airflow/example_dags/tutorial_taskflow_api_virtualenv.py for tasks to queue
[2024-06-18T11:45:04.377+0545] {logging_mixin.py:188} INFO - [2024-06-18T11:45:04.376+0545] {dagbag.py:545} INFO - Filling up the DagBag from /home/manisha/airflow_env/lib/python3.10/site-packages/airflow/example_dags/tutorial_taskflow_api_virtualenv.py
[2024-06-18T11:45:04.385+0545] {processor.py:840} INFO - DAG(s) 'tutorial_taskflow_api_virtualenv' retrieved from /home/manisha/airflow_env/lib/python3.10/site-packages/airflow/example_dags/tutorial_taskflow_api_virtualenv.py
[2024-06-18T11:45:04.499+0545] {logging_mixin.py:188} INFO - [2024-06-18T11:45:04.499+0545] {dag.py:3096} INFO - Sync 1 DAGs
[2024-06-18T11:45:04.513+0545] {logging_mixin.py:188} INFO - [2024-06-18T11:45:04.513+0545] {dag.py:3954} INFO - Setting next_dagrun for tutorial_taskflow_api_virtualenv to None, run_after=None
[2024-06-18T11:45:04.604+0545] {processor.py:183} INFO - Processing /home/manisha/airflow_env/lib/python3.10/site-packages/airflow/example_dags/tutorial_taskflow_api_virtualenv.py took 0.241 seconds
[2024-06-18T11:45:35.510+0545] {processor.py:161} INFO - Started process (PID=8474) to work on /home/manisha/airflow_env/lib/python3.10/site-packages/airflow/example_dags/tutorial_taskflow_api_virtualenv.py
[2024-06-18T11:45:35.510+0545] {processor.py:830} INFO - Processing file /home/manisha/airflow_env/lib/python3.10/site-packages/airflow/example_dags/tutorial_taskflow_api_virtualenv.py for tasks to queue
[2024-06-18T11:45:35.512+0545] {logging_mixin.py:188} INFO - [2024-06-18T11:45:35.511+0545] {dagbag.py:545} INFO - Filling up the DagBag from /home/manisha/airflow_env/lib/python3.10/site-packages/airflow/example_dags/tutorial_taskflow_api_virtualenv.py
[2024-06-18T11:45:35.521+0545] {processor.py:840} INFO - DAG(s) 'tutorial_taskflow_api_virtualenv' retrieved from /home/manisha/airflow_env/lib/python3.10/site-packages/airflow/example_dags/tutorial_taskflow_api_virtualenv.py
[2024-06-18T11:45:35.544+0545] {logging_mixin.py:188} INFO - [2024-06-18T11:45:35.544+0545] {dag.py:3096} INFO - Sync 1 DAGs
[2024-06-18T11:45:35.555+0545] {logging_mixin.py:188} INFO - [2024-06-18T11:45:35.554+0545] {dag.py:3954} INFO - Setting next_dagrun for tutorial_taskflow_api_virtualenv to None, run_after=None
[2024-06-18T11:45:35.624+0545] {processor.py:183} INFO - Processing /home/manisha/airflow_env/lib/python3.10/site-packages/airflow/example_dags/tutorial_taskflow_api_virtualenv.py took 0.120 seconds
[2024-06-18T11:46:05.835+0545] {processor.py:161} INFO - Started process (PID=8527) to work on /home/manisha/airflow_env/lib/python3.10/site-packages/airflow/example_dags/tutorial_taskflow_api_virtualenv.py
[2024-06-18T11:46:05.846+0545] {processor.py:830} INFO - Processing file /home/manisha/airflow_env/lib/python3.10/site-packages/airflow/example_dags/tutorial_taskflow_api_virtualenv.py for tasks to queue
[2024-06-18T11:46:05.847+0545] {logging_mixin.py:188} INFO - [2024-06-18T11:46:05.847+0545] {dagbag.py:545} INFO - Filling up the DagBag from /home/manisha/airflow_env/lib/python3.10/site-packages/airflow/example_dags/tutorial_taskflow_api_virtualenv.py
[2024-06-18T11:46:05.856+0545] {processor.py:840} INFO - DAG(s) 'tutorial_taskflow_api_virtualenv' retrieved from /home/manisha/airflow_env/lib/python3.10/site-packages/airflow/example_dags/tutorial_taskflow_api_virtualenv.py
[2024-06-18T11:46:05.877+0545] {logging_mixin.py:188} INFO - [2024-06-18T11:46:05.876+0545] {dag.py:3096} INFO - Sync 1 DAGs
[2024-06-18T11:46:05.888+0545] {logging_mixin.py:188} INFO - [2024-06-18T11:46:05.888+0545] {dag.py:3954} INFO - Setting next_dagrun for tutorial_taskflow_api_virtualenv to None, run_after=None
[2024-06-18T11:46:05.987+0545] {processor.py:183} INFO - Processing /home/manisha/airflow_env/lib/python3.10/site-packages/airflow/example_dags/tutorial_taskflow_api_virtualenv.py took 0.157 seconds
[2024-06-18T11:46:36.698+0545] {processor.py:161} INFO - Started process (PID=8578) to work on /home/manisha/airflow_env/lib/python3.10/site-packages/airflow/example_dags/tutorial_taskflow_api_virtualenv.py
[2024-06-18T11:46:36.699+0545] {processor.py:830} INFO - Processing file /home/manisha/airflow_env/lib/python3.10/site-packages/airflow/example_dags/tutorial_taskflow_api_virtualenv.py for tasks to queue
[2024-06-18T11:46:36.701+0545] {logging_mixin.py:188} INFO - [2024-06-18T11:46:36.700+0545] {dagbag.py:545} INFO - Filling up the DagBag from /home/manisha/airflow_env/lib/python3.10/site-packages/airflow/example_dags/tutorial_taskflow_api_virtualenv.py
[2024-06-18T11:46:36.712+0545] {processor.py:840} INFO - DAG(s) 'tutorial_taskflow_api_virtualenv' retrieved from /home/manisha/airflow_env/lib/python3.10/site-packages/airflow/example_dags/tutorial_taskflow_api_virtualenv.py
[2024-06-18T11:46:36.738+0545] {logging_mixin.py:188} INFO - [2024-06-18T11:46:36.738+0545] {dag.py:3096} INFO - Sync 1 DAGs
[2024-06-18T11:46:36.750+0545] {logging_mixin.py:188} INFO - [2024-06-18T11:46:36.750+0545] {dag.py:3954} INFO - Setting next_dagrun for tutorial_taskflow_api_virtualenv to None, run_after=None
[2024-06-18T11:46:36.876+0545] {processor.py:183} INFO - Processing /home/manisha/airflow_env/lib/python3.10/site-packages/airflow/example_dags/tutorial_taskflow_api_virtualenv.py took 0.185 seconds
[2024-06-18T11:47:07.252+0545] {processor.py:161} INFO - Started process (PID=8629) to work on /home/manisha/airflow_env/lib/python3.10/site-packages/airflow/example_dags/tutorial_taskflow_api_virtualenv.py
[2024-06-18T11:47:07.254+0545] {processor.py:830} INFO - Processing file /home/manisha/airflow_env/lib/python3.10/site-packages/airflow/example_dags/tutorial_taskflow_api_virtualenv.py for tasks to queue
[2024-06-18T11:47:07.256+0545] {logging_mixin.py:188} INFO - [2024-06-18T11:47:07.256+0545] {dagbag.py:545} INFO - Filling up the DagBag from /home/manisha/airflow_env/lib/python3.10/site-packages/airflow/example_dags/tutorial_taskflow_api_virtualenv.py
[2024-06-18T11:47:07.265+0545] {processor.py:840} INFO - DAG(s) 'tutorial_taskflow_api_virtualenv' retrieved from /home/manisha/airflow_env/lib/python3.10/site-packages/airflow/example_dags/tutorial_taskflow_api_virtualenv.py
[2024-06-18T11:47:07.290+0545] {logging_mixin.py:188} INFO - [2024-06-18T11:47:07.289+0545] {dag.py:3096} INFO - Sync 1 DAGs
[2024-06-18T11:47:07.303+0545] {logging_mixin.py:188} INFO - [2024-06-18T11:47:07.302+0545] {dag.py:3954} INFO - Setting next_dagrun for tutorial_taskflow_api_virtualenv to None, run_after=None
[2024-06-18T11:47:07.438+0545] {processor.py:183} INFO - Processing /home/manisha/airflow_env/lib/python3.10/site-packages/airflow/example_dags/tutorial_taskflow_api_virtualenv.py took 0.192 seconds
[2024-06-18T11:47:37.593+0545] {processor.py:161} INFO - Started process (PID=8681) to work on /home/manisha/airflow_env/lib/python3.10/site-packages/airflow/example_dags/tutorial_taskflow_api_virtualenv.py
[2024-06-18T11:47:37.593+0545] {processor.py:830} INFO - Processing file /home/manisha/airflow_env/lib/python3.10/site-packages/airflow/example_dags/tutorial_taskflow_api_virtualenv.py for tasks to queue
[2024-06-18T11:47:37.595+0545] {logging_mixin.py:188} INFO - [2024-06-18T11:47:37.595+0545] {dagbag.py:545} INFO - Filling up the DagBag from /home/manisha/airflow_env/lib/python3.10/site-packages/airflow/example_dags/tutorial_taskflow_api_virtualenv.py
[2024-06-18T11:47:37.606+0545] {processor.py:840} INFO - DAG(s) 'tutorial_taskflow_api_virtualenv' retrieved from /home/manisha/airflow_env/lib/python3.10/site-packages/airflow/example_dags/tutorial_taskflow_api_virtualenv.py
[2024-06-18T11:47:37.631+0545] {logging_mixin.py:188} INFO - [2024-06-18T11:47:37.630+0545] {dag.py:3096} INFO - Sync 1 DAGs
[2024-06-18T11:47:37.641+0545] {logging_mixin.py:188} INFO - [2024-06-18T11:47:37.641+0545] {dag.py:3954} INFO - Setting next_dagrun for tutorial_taskflow_api_virtualenv to None, run_after=None
[2024-06-18T11:47:37.701+0545] {processor.py:183} INFO - Processing /home/manisha/airflow_env/lib/python3.10/site-packages/airflow/example_dags/tutorial_taskflow_api_virtualenv.py took 0.115 seconds
[2024-06-18T11:48:30.905+0545] {processor.py:161} INFO - Started process (PID=8762) to work on /home/manisha/airflow_env/lib/python3.10/site-packages/airflow/example_dags/tutorial_taskflow_api_virtualenv.py
[2024-06-18T11:48:30.923+0545] {processor.py:830} INFO - Processing file /home/manisha/airflow_env/lib/python3.10/site-packages/airflow/example_dags/tutorial_taskflow_api_virtualenv.py for tasks to queue
[2024-06-18T11:48:30.925+0545] {logging_mixin.py:188} INFO - [2024-06-18T11:48:30.924+0545] {dagbag.py:545} INFO - Filling up the DagBag from /home/manisha/airflow_env/lib/python3.10/site-packages/airflow/example_dags/tutorial_taskflow_api_virtualenv.py
[2024-06-18T11:48:30.933+0545] {processor.py:840} INFO - DAG(s) 'tutorial_taskflow_api_virtualenv' retrieved from /home/manisha/airflow_env/lib/python3.10/site-packages/airflow/example_dags/tutorial_taskflow_api_virtualenv.py
[2024-06-18T11:48:30.948+0545] {logging_mixin.py:188} INFO - [2024-06-18T11:48:30.947+0545] {dag.py:3096} INFO - Sync 1 DAGs
[2024-06-18T11:48:30.959+0545] {logging_mixin.py:188} INFO - [2024-06-18T11:48:30.959+0545] {dag.py:3954} INFO - Setting next_dagrun for tutorial_taskflow_api_virtualenv to None, run_after=None
[2024-06-18T11:48:31.169+0545] {processor.py:183} INFO - Processing /home/manisha/airflow_env/lib/python3.10/site-packages/airflow/example_dags/tutorial_taskflow_api_virtualenv.py took 0.268 seconds
[2024-06-18T11:49:04.582+0545] {processor.py:161} INFO - Started process (PID=8873) to work on /home/manisha/airflow_env/lib/python3.10/site-packages/airflow/example_dags/tutorial_taskflow_api_virtualenv.py
[2024-06-18T11:49:04.595+0545] {processor.py:830} INFO - Processing file /home/manisha/airflow_env/lib/python3.10/site-packages/airflow/example_dags/tutorial_taskflow_api_virtualenv.py for tasks to queue
[2024-06-18T11:49:04.596+0545] {logging_mixin.py:188} INFO - [2024-06-18T11:49:04.596+0545] {dagbag.py:545} INFO - Filling up the DagBag from /home/manisha/airflow_env/lib/python3.10/site-packages/airflow/example_dags/tutorial_taskflow_api_virtualenv.py
[2024-06-18T11:49:04.606+0545] {processor.py:840} INFO - DAG(s) 'tutorial_taskflow_api_virtualenv' retrieved from /home/manisha/airflow_env/lib/python3.10/site-packages/airflow/example_dags/tutorial_taskflow_api_virtualenv.py
[2024-06-18T11:49:04.800+0545] {logging_mixin.py:188} INFO - [2024-06-18T11:49:04.799+0545] {dag.py:3096} INFO - Sync 1 DAGs
[2024-06-18T11:49:04.812+0545] {logging_mixin.py:188} INFO - [2024-06-18T11:49:04.812+0545] {dag.py:3954} INFO - Setting next_dagrun for tutorial_taskflow_api_virtualenv to None, run_after=None
[2024-06-18T11:49:04.916+0545] {processor.py:183} INFO - Processing /home/manisha/airflow_env/lib/python3.10/site-packages/airflow/example_dags/tutorial_taskflow_api_virtualenv.py took 0.341 seconds
[2024-06-18T11:49:35.533+0545] {processor.py:161} INFO - Started process (PID=8941) to work on /home/manisha/airflow_env/lib/python3.10/site-packages/airflow/example_dags/tutorial_taskflow_api_virtualenv.py
[2024-06-18T11:49:35.547+0545] {processor.py:830} INFO - Processing file /home/manisha/airflow_env/lib/python3.10/site-packages/airflow/example_dags/tutorial_taskflow_api_virtualenv.py for tasks to queue
[2024-06-18T11:49:35.549+0545] {logging_mixin.py:188} INFO - [2024-06-18T11:49:35.549+0545] {dagbag.py:545} INFO - Filling up the DagBag from /home/manisha/airflow_env/lib/python3.10/site-packages/airflow/example_dags/tutorial_taskflow_api_virtualenv.py
[2024-06-18T11:49:35.560+0545] {processor.py:840} INFO - DAG(s) 'tutorial_taskflow_api_virtualenv' retrieved from /home/manisha/airflow_env/lib/python3.10/site-packages/airflow/example_dags/tutorial_taskflow_api_virtualenv.py
[2024-06-18T11:49:35.673+0545] {logging_mixin.py:188} INFO - [2024-06-18T11:49:35.673+0545] {dag.py:3096} INFO - Sync 1 DAGs
[2024-06-18T11:49:35.688+0545] {logging_mixin.py:188} INFO - [2024-06-18T11:49:35.688+0545] {dag.py:3954} INFO - Setting next_dagrun for tutorial_taskflow_api_virtualenv to None, run_after=None
[2024-06-18T11:49:35.749+0545] {processor.py:183} INFO - Processing /home/manisha/airflow_env/lib/python3.10/site-packages/airflow/example_dags/tutorial_taskflow_api_virtualenv.py took 0.222 seconds
[2024-06-18T11:50:05.880+0545] {processor.py:161} INFO - Started process (PID=8997) to work on /home/manisha/airflow_env/lib/python3.10/site-packages/airflow/example_dags/tutorial_taskflow_api_virtualenv.py
[2024-06-18T11:50:05.881+0545] {processor.py:830} INFO - Processing file /home/manisha/airflow_env/lib/python3.10/site-packages/airflow/example_dags/tutorial_taskflow_api_virtualenv.py for tasks to queue
[2024-06-18T11:50:05.882+0545] {logging_mixin.py:188} INFO - [2024-06-18T11:50:05.882+0545] {dagbag.py:545} INFO - Filling up the DagBag from /home/manisha/airflow_env/lib/python3.10/site-packages/airflow/example_dags/tutorial_taskflow_api_virtualenv.py
[2024-06-18T11:50:05.891+0545] {processor.py:840} INFO - DAG(s) 'tutorial_taskflow_api_virtualenv' retrieved from /home/manisha/airflow_env/lib/python3.10/site-packages/airflow/example_dags/tutorial_taskflow_api_virtualenv.py
[2024-06-18T11:50:05.913+0545] {logging_mixin.py:188} INFO - [2024-06-18T11:50:05.913+0545] {dag.py:3096} INFO - Sync 1 DAGs
[2024-06-18T11:50:05.924+0545] {logging_mixin.py:188} INFO - [2024-06-18T11:50:05.924+0545] {dag.py:3954} INFO - Setting next_dagrun for tutorial_taskflow_api_virtualenv to None, run_after=None
[2024-06-18T11:50:06.121+0545] {processor.py:183} INFO - Processing /home/manisha/airflow_env/lib/python3.10/site-packages/airflow/example_dags/tutorial_taskflow_api_virtualenv.py took 0.247 seconds
[2024-06-18T11:50:36.580+0545] {processor.py:161} INFO - Started process (PID=9056) to work on /home/manisha/airflow_env/lib/python3.10/site-packages/airflow/example_dags/tutorial_taskflow_api_virtualenv.py
[2024-06-18T11:50:36.581+0545] {processor.py:830} INFO - Processing file /home/manisha/airflow_env/lib/python3.10/site-packages/airflow/example_dags/tutorial_taskflow_api_virtualenv.py for tasks to queue
[2024-06-18T11:50:36.582+0545] {logging_mixin.py:188} INFO - [2024-06-18T11:50:36.582+0545] {dagbag.py:545} INFO - Filling up the DagBag from /home/manisha/airflow_env/lib/python3.10/site-packages/airflow/example_dags/tutorial_taskflow_api_virtualenv.py
[2024-06-18T11:50:36.592+0545] {processor.py:840} INFO - DAG(s) 'tutorial_taskflow_api_virtualenv' retrieved from /home/manisha/airflow_env/lib/python3.10/site-packages/airflow/example_dags/tutorial_taskflow_api_virtualenv.py
[2024-06-18T11:50:36.613+0545] {logging_mixin.py:188} INFO - [2024-06-18T11:50:36.613+0545] {dag.py:3096} INFO - Sync 1 DAGs
[2024-06-18T11:50:36.625+0545] {logging_mixin.py:188} INFO - [2024-06-18T11:50:36.624+0545] {dag.py:3954} INFO - Setting next_dagrun for tutorial_taskflow_api_virtualenv to None, run_after=None
[2024-06-18T11:50:36.877+0545] {processor.py:183} INFO - Processing /home/manisha/airflow_env/lib/python3.10/site-packages/airflow/example_dags/tutorial_taskflow_api_virtualenv.py took 0.303 seconds
[2024-06-18T11:50:58.368+0545] {processor.py:161} INFO - Started process (PID=9346) to work on /home/manisha/airflow_env/lib/python3.10/site-packages/airflow/example_dags/tutorial_taskflow_api_virtualenv.py
[2024-06-18T11:50:58.368+0545] {processor.py:830} INFO - Processing file /home/manisha/airflow_env/lib/python3.10/site-packages/airflow/example_dags/tutorial_taskflow_api_virtualenv.py for tasks to queue
[2024-06-18T11:50:58.370+0545] {logging_mixin.py:188} INFO - [2024-06-18T11:50:58.370+0545] {dagbag.py:545} INFO - Filling up the DagBag from /home/manisha/airflow_env/lib/python3.10/site-packages/airflow/example_dags/tutorial_taskflow_api_virtualenv.py
[2024-06-18T11:50:58.381+0545] {processor.py:840} INFO - DAG(s) 'tutorial_taskflow_api_virtualenv' retrieved from /home/manisha/airflow_env/lib/python3.10/site-packages/airflow/example_dags/tutorial_taskflow_api_virtualenv.py
[2024-06-18T11:50:58.402+0545] {logging_mixin.py:188} INFO - [2024-06-18T11:50:58.402+0545] {dag.py:3096} INFO - Sync 1 DAGs
[2024-06-18T11:50:58.433+0545] {logging_mixin.py:188} INFO - [2024-06-18T11:50:58.433+0545] {dag.py:3954} INFO - Setting next_dagrun for tutorial_taskflow_api_virtualenv to None, run_after=None
[2024-06-18T11:50:58.593+0545] {processor.py:183} INFO - Processing /home/manisha/airflow_env/lib/python3.10/site-packages/airflow/example_dags/tutorial_taskflow_api_virtualenv.py took 0.231 seconds
[2024-06-18T11:51:31.231+0545] {processor.py:161} INFO - Started process (PID=9619) to work on /home/manisha/airflow_env/lib/python3.10/site-packages/airflow/example_dags/tutorial_taskflow_api_virtualenv.py
[2024-06-18T11:51:31.258+0545] {processor.py:830} INFO - Processing file /home/manisha/airflow_env/lib/python3.10/site-packages/airflow/example_dags/tutorial_taskflow_api_virtualenv.py for tasks to queue
[2024-06-18T11:51:31.259+0545] {logging_mixin.py:188} INFO - [2024-06-18T11:51:31.259+0545] {dagbag.py:545} INFO - Filling up the DagBag from /home/manisha/airflow_env/lib/python3.10/site-packages/airflow/example_dags/tutorial_taskflow_api_virtualenv.py
[2024-06-18T11:51:31.272+0545] {processor.py:840} INFO - DAG(s) 'tutorial_taskflow_api_virtualenv' retrieved from /home/manisha/airflow_env/lib/python3.10/site-packages/airflow/example_dags/tutorial_taskflow_api_virtualenv.py
[2024-06-18T11:51:31.561+0545] {logging_mixin.py:188} INFO - [2024-06-18T11:51:31.561+0545] {dag.py:3096} INFO - Sync 1 DAGs
[2024-06-18T11:51:31.572+0545] {logging_mixin.py:188} INFO - [2024-06-18T11:51:31.572+0545] {dag.py:3954} INFO - Setting next_dagrun for tutorial_taskflow_api_virtualenv to None, run_after=None
[2024-06-18T11:51:31.794+0545] {processor.py:183} INFO - Processing /home/manisha/airflow_env/lib/python3.10/site-packages/airflow/example_dags/tutorial_taskflow_api_virtualenv.py took 0.570 seconds
