[2024-06-18T10:56:35.280+0545] {processor.py:161} INFO - Started process (PID=4019) to work on /home/manisha/airflow_env/lib/python3.10/site-packages/airflow/example_dags/tutorial.py
[2024-06-18T10:56:35.280+0545] {processor.py:830} INFO - Processing file /home/manisha/airflow_env/lib/python3.10/site-packages/airflow/example_dags/tutorial.py for tasks to queue
[2024-06-18T10:56:35.282+0545] {logging_mixin.py:188} INFO - [2024-06-18T10:56:35.281+0545] {dagbag.py:545} INFO - Filling up the DagBag from /home/manisha/airflow_env/lib/python3.10/site-packages/airflow/example_dags/tutorial.py
[2024-06-18T10:56:35.291+0545] {processor.py:840} INFO - DAG(s) 'tutorial' retrieved from /home/manisha/airflow_env/lib/python3.10/site-packages/airflow/example_dags/tutorial.py
[2024-06-18T10:56:35.562+0545] {logging_mixin.py:188} INFO - [2024-06-18T10:56:35.559+0545] {override.py:1829} INFO - Created Permission View: can edit on DAG:tutorial
[2024-06-18T10:56:35.640+0545] {logging_mixin.py:188} INFO - [2024-06-18T10:56:35.638+0545] {override.py:1829} INFO - Created Permission View: can read on DAG:tutorial
[2024-06-18T10:56:35.708+0545] {logging_mixin.py:188} INFO - [2024-06-18T10:56:35.706+0545] {override.py:1829} INFO - Created Permission View: can delete on DAG:tutorial
[2024-06-18T10:56:35.709+0545] {logging_mixin.py:188} INFO - [2024-06-18T10:56:35.709+0545] {dag.py:3096} INFO - Sync 1 DAGs
[2024-06-18T10:56:35.742+0545] {logging_mixin.py:188} INFO - [2024-06-18T10:56:35.742+0545] {dag.py:3118} INFO - Creating ORM DAG for tutorial
[2024-06-18T10:56:35.754+0545] {logging_mixin.py:188} INFO - [2024-06-18T10:56:35.753+0545] {dag.py:3954} INFO - Setting next_dagrun for tutorial to 2024-06-17 00:00:00+00:00, run_after=2024-06-18 00:00:00+00:00
[2024-06-18T10:56:35.860+0545] {processor.py:183} INFO - Processing /home/manisha/airflow_env/lib/python3.10/site-packages/airflow/example_dags/tutorial.py took 0.586 seconds
[2024-06-18T10:58:00.643+0545] {processor.py:161} INFO - Started process (PID=4109) to work on /home/manisha/airflow_env/lib/python3.10/site-packages/airflow/example_dags/tutorial.py
[2024-06-18T10:58:00.674+0545] {processor.py:830} INFO - Processing file /home/manisha/airflow_env/lib/python3.10/site-packages/airflow/example_dags/tutorial.py for tasks to queue
[2024-06-18T10:58:00.677+0545] {logging_mixin.py:188} INFO - [2024-06-18T10:58:00.676+0545] {dagbag.py:545} INFO - Filling up the DagBag from /home/manisha/airflow_env/lib/python3.10/site-packages/airflow/example_dags/tutorial.py
[2024-06-18T10:58:00.690+0545] {processor.py:840} INFO - DAG(s) 'tutorial' retrieved from /home/manisha/airflow_env/lib/python3.10/site-packages/airflow/example_dags/tutorial.py
[2024-06-18T10:58:00.718+0545] {logging_mixin.py:188} INFO - [2024-06-18T10:58:00.718+0545] {dag.py:3096} INFO - Sync 1 DAGs
[2024-06-18T10:58:00.737+0545] {logging_mixin.py:188} INFO - [2024-06-18T10:58:00.737+0545] {dag.py:3954} INFO - Setting next_dagrun for tutorial to 2024-06-17 00:00:00+00:00, run_after=2024-06-18 00:00:00+00:00
[2024-06-18T10:58:00.829+0545] {processor.py:183} INFO - Processing /home/manisha/airflow_env/lib/python3.10/site-packages/airflow/example_dags/tutorial.py took 0.192 seconds
[2024-06-18T10:58:40.454+0545] {processor.py:161} INFO - Started process (PID=4169) to work on /home/manisha/airflow_env/lib/python3.10/site-packages/airflow/example_dags/tutorial.py
[2024-06-18T10:58:40.457+0545] {processor.py:830} INFO - Processing file /home/manisha/airflow_env/lib/python3.10/site-packages/airflow/example_dags/tutorial.py for tasks to queue
[2024-06-18T10:58:40.462+0545] {logging_mixin.py:188} INFO - [2024-06-18T10:58:40.461+0545] {dagbag.py:545} INFO - Filling up the DagBag from /home/manisha/airflow_env/lib/python3.10/site-packages/airflow/example_dags/tutorial.py
[2024-06-18T10:58:40.471+0545] {processor.py:840} INFO - DAG(s) 'tutorial' retrieved from /home/manisha/airflow_env/lib/python3.10/site-packages/airflow/example_dags/tutorial.py
[2024-06-18T10:58:40.489+0545] {logging_mixin.py:188} INFO - [2024-06-18T10:58:40.488+0545] {dag.py:3096} INFO - Sync 1 DAGs
[2024-06-18T10:58:40.507+0545] {logging_mixin.py:188} INFO - [2024-06-18T10:58:40.506+0545] {dag.py:3954} INFO - Setting next_dagrun for tutorial to 2024-06-17 00:00:00+00:00, run_after=2024-06-18 00:00:00+00:00
[2024-06-18T10:58:40.636+0545] {processor.py:183} INFO - Processing /home/manisha/airflow_env/lib/python3.10/site-packages/airflow/example_dags/tutorial.py took 0.201 seconds
[2024-06-18T10:59:44.190+0545] {processor.py:161} INFO - Started process (PID=4222) to work on /home/manisha/airflow_env/lib/python3.10/site-packages/airflow/example_dags/tutorial.py
[2024-06-18T10:59:44.231+0545] {processor.py:830} INFO - Processing file /home/manisha/airflow_env/lib/python3.10/site-packages/airflow/example_dags/tutorial.py for tasks to queue
[2024-06-18T10:59:44.237+0545] {logging_mixin.py:188} INFO - [2024-06-18T10:59:44.236+0545] {dagbag.py:545} INFO - Filling up the DagBag from /home/manisha/airflow_env/lib/python3.10/site-packages/airflow/example_dags/tutorial.py
[2024-06-18T10:59:44.257+0545] {processor.py:840} INFO - DAG(s) 'tutorial' retrieved from /home/manisha/airflow_env/lib/python3.10/site-packages/airflow/example_dags/tutorial.py
[2024-06-18T10:59:44.282+0545] {logging_mixin.py:188} INFO - [2024-06-18T10:59:44.281+0545] {dag.py:3096} INFO - Sync 1 DAGs
[2024-06-18T10:59:44.382+0545] {logging_mixin.py:188} INFO - [2024-06-18T10:59:44.382+0545] {dag.py:3954} INFO - Setting next_dagrun for tutorial to 2024-06-17 00:00:00+00:00, run_after=2024-06-18 00:00:00+00:00
[2024-06-18T10:59:44.522+0545] {processor.py:183} INFO - Processing /home/manisha/airflow_env/lib/python3.10/site-packages/airflow/example_dags/tutorial.py took 0.339 seconds
[2024-06-18T11:00:16.570+0545] {processor.py:161} INFO - Started process (PID=4249) to work on /home/manisha/airflow_env/lib/python3.10/site-packages/airflow/example_dags/tutorial.py
[2024-06-18T11:00:16.607+0545] {processor.py:830} INFO - Processing file /home/manisha/airflow_env/lib/python3.10/site-packages/airflow/example_dags/tutorial.py for tasks to queue
[2024-06-18T11:00:16.613+0545] {logging_mixin.py:188} INFO - [2024-06-18T11:00:16.611+0545] {dagbag.py:545} INFO - Filling up the DagBag from /home/manisha/airflow_env/lib/python3.10/site-packages/airflow/example_dags/tutorial.py
[2024-06-18T11:00:16.629+0545] {processor.py:840} INFO - DAG(s) 'tutorial' retrieved from /home/manisha/airflow_env/lib/python3.10/site-packages/airflow/example_dags/tutorial.py
[2024-06-18T11:00:16.654+0545] {logging_mixin.py:188} INFO - [2024-06-18T11:00:16.654+0545] {dag.py:3096} INFO - Sync 1 DAGs
[2024-06-18T11:00:16.672+0545] {logging_mixin.py:188} INFO - [2024-06-18T11:00:16.671+0545] {dag.py:3954} INFO - Setting next_dagrun for tutorial to 2024-06-17 00:00:00+00:00, run_after=2024-06-18 00:00:00+00:00
[2024-06-18T11:00:16.771+0545] {processor.py:183} INFO - Processing /home/manisha/airflow_env/lib/python3.10/site-packages/airflow/example_dags/tutorial.py took 0.208 seconds
[2024-06-18T11:01:15.935+0545] {processor.py:161} INFO - Started process (PID=4390) to work on /home/manisha/airflow_env/lib/python3.10/site-packages/airflow/example_dags/tutorial.py
[2024-06-18T11:01:15.976+0545] {processor.py:830} INFO - Processing file /home/manisha/airflow_env/lib/python3.10/site-packages/airflow/example_dags/tutorial.py for tasks to queue
[2024-06-18T11:01:15.982+0545] {logging_mixin.py:188} INFO - [2024-06-18T11:01:15.980+0545] {dagbag.py:545} INFO - Filling up the DagBag from /home/manisha/airflow_env/lib/python3.10/site-packages/airflow/example_dags/tutorial.py
[2024-06-18T11:01:16.001+0545] {processor.py:840} INFO - DAG(s) 'tutorial' retrieved from /home/manisha/airflow_env/lib/python3.10/site-packages/airflow/example_dags/tutorial.py
[2024-06-18T11:01:16.025+0545] {logging_mixin.py:188} INFO - [2024-06-18T11:01:16.024+0545] {dag.py:3096} INFO - Sync 1 DAGs
[2024-06-18T11:01:16.043+0545] {logging_mixin.py:188} INFO - [2024-06-18T11:01:16.042+0545] {dag.py:3954} INFO - Setting next_dagrun for tutorial to 2024-06-17 00:00:00+00:00, run_after=2024-06-18 00:00:00+00:00
[2024-06-18T11:01:16.144+0545] {processor.py:183} INFO - Processing /home/manisha/airflow_env/lib/python3.10/site-packages/airflow/example_dags/tutorial.py took 0.215 seconds
[2024-06-18T11:01:48.085+0545] {processor.py:161} INFO - Started process (PID=4417) to work on /home/manisha/airflow_env/lib/python3.10/site-packages/airflow/example_dags/tutorial.py
[2024-06-18T11:01:48.122+0545] {processor.py:830} INFO - Processing file /home/manisha/airflow_env/lib/python3.10/site-packages/airflow/example_dags/tutorial.py for tasks to queue
[2024-06-18T11:01:48.128+0545] {logging_mixin.py:188} INFO - [2024-06-18T11:01:48.126+0545] {dagbag.py:545} INFO - Filling up the DagBag from /home/manisha/airflow_env/lib/python3.10/site-packages/airflow/example_dags/tutorial.py
[2024-06-18T11:01:48.148+0545] {processor.py:840} INFO - DAG(s) 'tutorial' retrieved from /home/manisha/airflow_env/lib/python3.10/site-packages/airflow/example_dags/tutorial.py
[2024-06-18T11:01:48.172+0545] {logging_mixin.py:188} INFO - [2024-06-18T11:01:48.172+0545] {dag.py:3096} INFO - Sync 1 DAGs
[2024-06-18T11:01:48.191+0545] {logging_mixin.py:188} INFO - [2024-06-18T11:01:48.190+0545] {dag.py:3954} INFO - Setting next_dagrun for tutorial to 2024-06-17 00:00:00+00:00, run_after=2024-06-18 00:00:00+00:00
[2024-06-18T11:01:48.299+0545] {processor.py:183} INFO - Processing /home/manisha/airflow_env/lib/python3.10/site-packages/airflow/example_dags/tutorial.py took 0.220 seconds
[2024-06-18T11:02:46.236+0545] {processor.py:161} INFO - Started process (PID=4468) to work on /home/manisha/airflow_env/lib/python3.10/site-packages/airflow/example_dags/tutorial.py
[2024-06-18T11:02:46.250+0545] {processor.py:830} INFO - Processing file /home/manisha/airflow_env/lib/python3.10/site-packages/airflow/example_dags/tutorial.py for tasks to queue
[2024-06-18T11:02:46.253+0545] {logging_mixin.py:188} INFO - [2024-06-18T11:02:46.252+0545] {dagbag.py:545} INFO - Filling up the DagBag from /home/manisha/airflow_env/lib/python3.10/site-packages/airflow/example_dags/tutorial.py
[2024-06-18T11:02:46.262+0545] {processor.py:840} INFO - DAG(s) 'tutorial' retrieved from /home/manisha/airflow_env/lib/python3.10/site-packages/airflow/example_dags/tutorial.py
[2024-06-18T11:02:46.283+0545] {logging_mixin.py:188} INFO - [2024-06-18T11:02:46.283+0545] {dag.py:3096} INFO - Sync 1 DAGs
[2024-06-18T11:02:46.302+0545] {logging_mixin.py:188} INFO - [2024-06-18T11:02:46.301+0545] {dag.py:3954} INFO - Setting next_dagrun for tutorial to 2024-06-17 00:00:00+00:00, run_after=2024-06-18 00:00:00+00:00
[2024-06-18T11:02:46.405+0545] {processor.py:183} INFO - Processing /home/manisha/airflow_env/lib/python3.10/site-packages/airflow/example_dags/tutorial.py took 0.175 seconds
[2024-06-18T11:03:44.886+0545] {processor.py:161} INFO - Started process (PID=4521) to work on /home/manisha/airflow_env/lib/python3.10/site-packages/airflow/example_dags/tutorial.py
[2024-06-18T11:03:44.910+0545] {processor.py:830} INFO - Processing file /home/manisha/airflow_env/lib/python3.10/site-packages/airflow/example_dags/tutorial.py for tasks to queue
[2024-06-18T11:03:44.914+0545] {logging_mixin.py:188} INFO - [2024-06-18T11:03:44.913+0545] {dagbag.py:545} INFO - Filling up the DagBag from /home/manisha/airflow_env/lib/python3.10/site-packages/airflow/example_dags/tutorial.py
[2024-06-18T11:03:44.931+0545] {processor.py:840} INFO - DAG(s) 'tutorial' retrieved from /home/manisha/airflow_env/lib/python3.10/site-packages/airflow/example_dags/tutorial.py
[2024-06-18T11:03:44.951+0545] {logging_mixin.py:188} INFO - [2024-06-18T11:03:44.951+0545] {dag.py:3096} INFO - Sync 1 DAGs
[2024-06-18T11:03:44.969+0545] {logging_mixin.py:188} INFO - [2024-06-18T11:03:44.969+0545] {dag.py:3954} INFO - Setting next_dagrun for tutorial to 2024-06-17 00:00:00+00:00, run_after=2024-06-18 00:00:00+00:00
[2024-06-18T11:03:45.080+0545] {processor.py:183} INFO - Processing /home/manisha/airflow_env/lib/python3.10/site-packages/airflow/example_dags/tutorial.py took 0.214 seconds
[2024-06-18T11:04:16.945+0545] {processor.py:161} INFO - Started process (PID=4549) to work on /home/manisha/airflow_env/lib/python3.10/site-packages/airflow/example_dags/tutorial.py
[2024-06-18T11:04:16.947+0545] {processor.py:830} INFO - Processing file /home/manisha/airflow_env/lib/python3.10/site-packages/airflow/example_dags/tutorial.py for tasks to queue
[2024-06-18T11:04:16.949+0545] {logging_mixin.py:188} INFO - [2024-06-18T11:04:16.949+0545] {dagbag.py:545} INFO - Filling up the DagBag from /home/manisha/airflow_env/lib/python3.10/site-packages/airflow/example_dags/tutorial.py
[2024-06-18T11:04:16.958+0545] {processor.py:840} INFO - DAG(s) 'tutorial' retrieved from /home/manisha/airflow_env/lib/python3.10/site-packages/airflow/example_dags/tutorial.py
[2024-06-18T11:04:16.976+0545] {logging_mixin.py:188} INFO - [2024-06-18T11:04:16.976+0545] {dag.py:3096} INFO - Sync 1 DAGs
[2024-06-18T11:04:16.995+0545] {logging_mixin.py:188} INFO - [2024-06-18T11:04:16.995+0545] {dag.py:3954} INFO - Setting next_dagrun for tutorial to 2024-06-17 00:00:00+00:00, run_after=2024-06-18 00:00:00+00:00
[2024-06-18T11:04:17.125+0545] {processor.py:183} INFO - Processing /home/manisha/airflow_env/lib/python3.10/site-packages/airflow/example_dags/tutorial.py took 0.188 seconds
[2024-06-18T11:04:56.908+0545] {processor.py:161} INFO - Started process (PID=4583) to work on /home/manisha/airflow_env/lib/python3.10/site-packages/airflow/example_dags/tutorial.py
[2024-06-18T11:04:56.931+0545] {processor.py:830} INFO - Processing file /home/manisha/airflow_env/lib/python3.10/site-packages/airflow/example_dags/tutorial.py for tasks to queue
[2024-06-18T11:04:56.933+0545] {logging_mixin.py:188} INFO - [2024-06-18T11:04:56.933+0545] {dagbag.py:545} INFO - Filling up the DagBag from /home/manisha/airflow_env/lib/python3.10/site-packages/airflow/example_dags/tutorial.py
[2024-06-18T11:04:56.939+0545] {processor.py:840} INFO - DAG(s) 'tutorial' retrieved from /home/manisha/airflow_env/lib/python3.10/site-packages/airflow/example_dags/tutorial.py
[2024-06-18T11:04:57.144+0545] {logging_mixin.py:188} INFO - [2024-06-18T11:04:57.143+0545] {dag.py:3096} INFO - Sync 1 DAGs
[2024-06-18T11:04:57.515+0545] {logging_mixin.py:188} INFO - [2024-06-18T11:04:57.514+0545] {dag.py:3954} INFO - Setting next_dagrun for tutorial to 2024-06-17 00:00:00+00:00, run_after=2024-06-18 00:00:00+00:00
[2024-06-18T11:04:58.766+0545] {processor.py:183} INFO - Processing /home/manisha/airflow_env/lib/python3.10/site-packages/airflow/example_dags/tutorial.py took 1.868 seconds
[2024-06-18T11:05:54.192+0545] {processor.py:161} INFO - Started process (PID=4759) to work on /home/manisha/airflow_env/lib/python3.10/site-packages/airflow/example_dags/tutorial.py
[2024-06-18T11:05:54.209+0545] {processor.py:830} INFO - Processing file /home/manisha/airflow_env/lib/python3.10/site-packages/airflow/example_dags/tutorial.py for tasks to queue
[2024-06-18T11:05:54.214+0545] {logging_mixin.py:188} INFO - [2024-06-18T11:05:54.213+0545] {dagbag.py:545} INFO - Filling up the DagBag from /home/manisha/airflow_env/lib/python3.10/site-packages/airflow/example_dags/tutorial.py
[2024-06-18T11:05:54.229+0545] {processor.py:840} INFO - DAG(s) 'tutorial' retrieved from /home/manisha/airflow_env/lib/python3.10/site-packages/airflow/example_dags/tutorial.py
[2024-06-18T11:05:54.248+0545] {logging_mixin.py:188} INFO - [2024-06-18T11:05:54.247+0545] {dag.py:3096} INFO - Sync 1 DAGs
[2024-06-18T11:05:54.265+0545] {logging_mixin.py:188} INFO - [2024-06-18T11:05:54.265+0545] {dag.py:3954} INFO - Setting next_dagrun for tutorial to 2024-06-17 00:00:00+00:00, run_after=2024-06-18 00:00:00+00:00
[2024-06-18T11:05:54.328+0545] {processor.py:183} INFO - Processing /home/manisha/airflow_env/lib/python3.10/site-packages/airflow/example_dags/tutorial.py took 0.154 seconds
[2024-06-18T11:06:31.660+0545] {processor.py:161} INFO - Started process (PID=4795) to work on /home/manisha/airflow_env/lib/python3.10/site-packages/airflow/example_dags/tutorial.py
[2024-06-18T11:06:31.713+0545] {processor.py:830} INFO - Processing file /home/manisha/airflow_env/lib/python3.10/site-packages/airflow/example_dags/tutorial.py for tasks to queue
[2024-06-18T11:06:31.719+0545] {logging_mixin.py:188} INFO - [2024-06-18T11:06:31.718+0545] {dagbag.py:545} INFO - Filling up the DagBag from /home/manisha/airflow_env/lib/python3.10/site-packages/airflow/example_dags/tutorial.py
[2024-06-18T11:06:31.739+0545] {processor.py:840} INFO - DAG(s) 'tutorial' retrieved from /home/manisha/airflow_env/lib/python3.10/site-packages/airflow/example_dags/tutorial.py
[2024-06-18T11:06:31.765+0545] {logging_mixin.py:188} INFO - [2024-06-18T11:06:31.764+0545] {dag.py:3096} INFO - Sync 1 DAGs
[2024-06-18T11:06:31.783+0545] {logging_mixin.py:188} INFO - [2024-06-18T11:06:31.783+0545] {dag.py:3954} INFO - Setting next_dagrun for tutorial to 2024-06-17 00:00:00+00:00, run_after=2024-06-18 00:00:00+00:00
[2024-06-18T11:06:31.854+0545] {processor.py:183} INFO - Processing /home/manisha/airflow_env/lib/python3.10/site-packages/airflow/example_dags/tutorial.py took 0.200 seconds
[2024-06-18T11:07:29.607+0545] {processor.py:161} INFO - Started process (PID=4941) to work on /home/manisha/airflow_env/lib/python3.10/site-packages/airflow/example_dags/tutorial.py
[2024-06-18T11:07:29.608+0545] {processor.py:830} INFO - Processing file /home/manisha/airflow_env/lib/python3.10/site-packages/airflow/example_dags/tutorial.py for tasks to queue
[2024-06-18T11:07:29.610+0545] {logging_mixin.py:188} INFO - [2024-06-18T11:07:29.609+0545] {dagbag.py:545} INFO - Filling up the DagBag from /home/manisha/airflow_env/lib/python3.10/site-packages/airflow/example_dags/tutorial.py
[2024-06-18T11:07:29.616+0545] {processor.py:840} INFO - DAG(s) 'tutorial' retrieved from /home/manisha/airflow_env/lib/python3.10/site-packages/airflow/example_dags/tutorial.py
[2024-06-18T11:07:29.634+0545] {logging_mixin.py:188} INFO - [2024-06-18T11:07:29.634+0545] {dag.py:3096} INFO - Sync 1 DAGs
[2024-06-18T11:07:29.652+0545] {logging_mixin.py:188} INFO - [2024-06-18T11:07:29.652+0545] {dag.py:3954} INFO - Setting next_dagrun for tutorial to 2024-06-17 00:00:00+00:00, run_after=2024-06-18 00:00:00+00:00
[2024-06-18T11:07:29.743+0545] {processor.py:183} INFO - Processing /home/manisha/airflow_env/lib/python3.10/site-packages/airflow/example_dags/tutorial.py took 0.142 seconds
[2024-06-18T11:08:26.513+0545] {processor.py:161} INFO - Started process (PID=5187) to work on /home/manisha/airflow_env/lib/python3.10/site-packages/airflow/example_dags/tutorial.py
[2024-06-18T11:08:26.530+0545] {processor.py:830} INFO - Processing file /home/manisha/airflow_env/lib/python3.10/site-packages/airflow/example_dags/tutorial.py for tasks to queue
[2024-06-18T11:08:26.532+0545] {logging_mixin.py:188} INFO - [2024-06-18T11:08:26.531+0545] {dagbag.py:545} INFO - Filling up the DagBag from /home/manisha/airflow_env/lib/python3.10/site-packages/airflow/example_dags/tutorial.py
[2024-06-18T11:08:26.540+0545] {processor.py:840} INFO - DAG(s) 'tutorial' retrieved from /home/manisha/airflow_env/lib/python3.10/site-packages/airflow/example_dags/tutorial.py
[2024-06-18T11:08:26.562+0545] {logging_mixin.py:188} INFO - [2024-06-18T11:08:26.561+0545] {dag.py:3096} INFO - Sync 1 DAGs
[2024-06-18T11:08:26.583+0545] {logging_mixin.py:188} INFO - [2024-06-18T11:08:26.583+0545] {dag.py:3954} INFO - Setting next_dagrun for tutorial to 2024-06-17 00:00:00+00:00, run_after=2024-06-18 00:00:00+00:00
[2024-06-18T11:08:26.688+0545] {processor.py:183} INFO - Processing /home/manisha/airflow_env/lib/python3.10/site-packages/airflow/example_dags/tutorial.py took 0.180 seconds
[2024-06-18T11:08:58.484+0545] {processor.py:161} INFO - Started process (PID=5611) to work on /home/manisha/airflow_env/lib/python3.10/site-packages/airflow/example_dags/tutorial.py
[2024-06-18T11:08:58.529+0545] {processor.py:830} INFO - Processing file /home/manisha/airflow_env/lib/python3.10/site-packages/airflow/example_dags/tutorial.py for tasks to queue
[2024-06-18T11:08:58.531+0545] {logging_mixin.py:188} INFO - [2024-06-18T11:08:58.531+0545] {dagbag.py:545} INFO - Filling up the DagBag from /home/manisha/airflow_env/lib/python3.10/site-packages/airflow/example_dags/tutorial.py
[2024-06-18T11:08:58.545+0545] {processor.py:840} INFO - DAG(s) 'tutorial' retrieved from /home/manisha/airflow_env/lib/python3.10/site-packages/airflow/example_dags/tutorial.py
[2024-06-18T11:08:58.571+0545] {logging_mixin.py:188} INFO - [2024-06-18T11:08:58.571+0545] {dag.py:3096} INFO - Sync 1 DAGs
[2024-06-18T11:08:58.590+0545] {logging_mixin.py:188} INFO - [2024-06-18T11:08:58.590+0545] {dag.py:3954} INFO - Setting next_dagrun for tutorial to 2024-06-17 00:00:00+00:00, run_after=2024-06-18 00:00:00+00:00
[2024-06-18T11:08:58.667+0545] {processor.py:183} INFO - Processing /home/manisha/airflow_env/lib/python3.10/site-packages/airflow/example_dags/tutorial.py took 0.194 seconds
[2024-06-18T11:09:58.026+0545] {processor.py:161} INFO - Started process (PID=5670) to work on /home/manisha/airflow_env/lib/python3.10/site-packages/airflow/example_dags/tutorial.py
[2024-06-18T11:09:58.058+0545] {processor.py:830} INFO - Processing file /home/manisha/airflow_env/lib/python3.10/site-packages/airflow/example_dags/tutorial.py for tasks to queue
[2024-06-18T11:09:58.063+0545] {logging_mixin.py:188} INFO - [2024-06-18T11:09:58.062+0545] {dagbag.py:545} INFO - Filling up the DagBag from /home/manisha/airflow_env/lib/python3.10/site-packages/airflow/example_dags/tutorial.py
[2024-06-18T11:09:58.083+0545] {processor.py:840} INFO - DAG(s) 'tutorial' retrieved from /home/manisha/airflow_env/lib/python3.10/site-packages/airflow/example_dags/tutorial.py
[2024-06-18T11:09:58.106+0545] {logging_mixin.py:188} INFO - [2024-06-18T11:09:58.106+0545] {dag.py:3096} INFO - Sync 1 DAGs
[2024-06-18T11:09:58.126+0545] {logging_mixin.py:188} INFO - [2024-06-18T11:09:58.126+0545] {dag.py:3954} INFO - Setting next_dagrun for tutorial to 2024-06-17 00:00:00+00:00, run_after=2024-06-18 00:00:00+00:00
[2024-06-18T11:09:58.206+0545] {processor.py:183} INFO - Processing /home/manisha/airflow_env/lib/python3.10/site-packages/airflow/example_dags/tutorial.py took 0.186 seconds
[2024-06-18T11:43:58.954+0545] {processor.py:161} INFO - Started process (PID=8288) to work on /home/manisha/airflow_env/lib/python3.10/site-packages/airflow/example_dags/tutorial.py
[2024-06-18T11:43:58.965+0545] {processor.py:830} INFO - Processing file /home/manisha/airflow_env/lib/python3.10/site-packages/airflow/example_dags/tutorial.py for tasks to queue
[2024-06-18T11:43:58.967+0545] {logging_mixin.py:188} INFO - [2024-06-18T11:43:58.966+0545] {dagbag.py:545} INFO - Filling up the DagBag from /home/manisha/airflow_env/lib/python3.10/site-packages/airflow/example_dags/tutorial.py
[2024-06-18T11:43:58.979+0545] {processor.py:840} INFO - DAG(s) 'tutorial' retrieved from /home/manisha/airflow_env/lib/python3.10/site-packages/airflow/example_dags/tutorial.py
[2024-06-18T11:43:59.006+0545] {logging_mixin.py:188} INFO - [2024-06-18T11:43:59.006+0545] {dag.py:3096} INFO - Sync 1 DAGs
[2024-06-18T11:43:59.029+0545] {logging_mixin.py:188} INFO - [2024-06-18T11:43:59.028+0545] {dag.py:3954} INFO - Setting next_dagrun for tutorial to 2024-06-17 00:00:00+00:00, run_after=2024-06-18 00:00:00+00:00
[2024-06-18T11:43:59.122+0545] {processor.py:183} INFO - Processing /home/manisha/airflow_env/lib/python3.10/site-packages/airflow/example_dags/tutorial.py took 0.174 seconds
[2024-06-18T11:44:29.293+0545] {processor.py:161} INFO - Started process (PID=8352) to work on /home/manisha/airflow_env/lib/python3.10/site-packages/airflow/example_dags/tutorial.py
[2024-06-18T11:44:29.310+0545] {processor.py:830} INFO - Processing file /home/manisha/airflow_env/lib/python3.10/site-packages/airflow/example_dags/tutorial.py for tasks to queue
[2024-06-18T11:44:29.312+0545] {logging_mixin.py:188} INFO - [2024-06-18T11:44:29.311+0545] {dagbag.py:545} INFO - Filling up the DagBag from /home/manisha/airflow_env/lib/python3.10/site-packages/airflow/example_dags/tutorial.py
[2024-06-18T11:44:29.317+0545] {processor.py:840} INFO - DAG(s) 'tutorial' retrieved from /home/manisha/airflow_env/lib/python3.10/site-packages/airflow/example_dags/tutorial.py
[2024-06-18T11:44:29.511+0545] {logging_mixin.py:188} INFO - [2024-06-18T11:44:29.511+0545] {dag.py:3096} INFO - Sync 1 DAGs
[2024-06-18T11:44:29.534+0545] {logging_mixin.py:188} INFO - [2024-06-18T11:44:29.534+0545] {dag.py:3954} INFO - Setting next_dagrun for tutorial to 2024-06-17 00:00:00+00:00, run_after=2024-06-18 00:00:00+00:00
[2024-06-18T11:44:29.687+0545] {processor.py:183} INFO - Processing /home/manisha/airflow_env/lib/python3.10/site-packages/airflow/example_dags/tutorial.py took 0.400 seconds
[2024-06-18T11:45:00.240+0545] {processor.py:161} INFO - Started process (PID=8403) to work on /home/manisha/airflow_env/lib/python3.10/site-packages/airflow/example_dags/tutorial.py
[2024-06-18T11:45:00.305+0545] {processor.py:830} INFO - Processing file /home/manisha/airflow_env/lib/python3.10/site-packages/airflow/example_dags/tutorial.py for tasks to queue
[2024-06-18T11:45:00.311+0545] {logging_mixin.py:188} INFO - [2024-06-18T11:45:00.310+0545] {dagbag.py:545} INFO - Filling up the DagBag from /home/manisha/airflow_env/lib/python3.10/site-packages/airflow/example_dags/tutorial.py
[2024-06-18T11:45:00.329+0545] {processor.py:840} INFO - DAG(s) 'tutorial' retrieved from /home/manisha/airflow_env/lib/python3.10/site-packages/airflow/example_dags/tutorial.py
[2024-06-18T11:45:00.365+0545] {logging_mixin.py:188} INFO - [2024-06-18T11:45:00.365+0545] {dag.py:3096} INFO - Sync 1 DAGs
[2024-06-18T11:45:00.467+0545] {logging_mixin.py:188} INFO - [2024-06-18T11:45:00.467+0545] {dag.py:3954} INFO - Setting next_dagrun for tutorial to 2024-06-17 00:00:00+00:00, run_after=2024-06-18 00:00:00+00:00
[2024-06-18T11:45:00.538+0545] {processor.py:183} INFO - Processing /home/manisha/airflow_env/lib/python3.10/site-packages/airflow/example_dags/tutorial.py took 0.303 seconds
[2024-06-18T11:45:30.653+0545] {processor.py:161} INFO - Started process (PID=8457) to work on /home/manisha/airflow_env/lib/python3.10/site-packages/airflow/example_dags/tutorial.py
[2024-06-18T11:45:30.654+0545] {processor.py:830} INFO - Processing file /home/manisha/airflow_env/lib/python3.10/site-packages/airflow/example_dags/tutorial.py for tasks to queue
[2024-06-18T11:45:30.655+0545] {logging_mixin.py:188} INFO - [2024-06-18T11:45:30.655+0545] {dagbag.py:545} INFO - Filling up the DagBag from /home/manisha/airflow_env/lib/python3.10/site-packages/airflow/example_dags/tutorial.py
[2024-06-18T11:45:30.661+0545] {processor.py:840} INFO - DAG(s) 'tutorial' retrieved from /home/manisha/airflow_env/lib/python3.10/site-packages/airflow/example_dags/tutorial.py
[2024-06-18T11:45:30.686+0545] {logging_mixin.py:188} INFO - [2024-06-18T11:45:30.685+0545] {dag.py:3096} INFO - Sync 1 DAGs
[2024-06-18T11:45:30.714+0545] {logging_mixin.py:188} INFO - [2024-06-18T11:45:30.713+0545] {dag.py:3954} INFO - Setting next_dagrun for tutorial to 2024-06-17 00:00:00+00:00, run_after=2024-06-18 00:00:00+00:00
[2024-06-18T11:45:30.792+0545] {processor.py:183} INFO - Processing /home/manisha/airflow_env/lib/python3.10/site-packages/airflow/example_dags/tutorial.py took 0.147 seconds
[2024-06-18T11:46:01.451+0545] {processor.py:161} INFO - Started process (PID=8510) to work on /home/manisha/airflow_env/lib/python3.10/site-packages/airflow/example_dags/tutorial.py
[2024-06-18T11:46:01.465+0545] {processor.py:830} INFO - Processing file /home/manisha/airflow_env/lib/python3.10/site-packages/airflow/example_dags/tutorial.py for tasks to queue
[2024-06-18T11:46:01.466+0545] {logging_mixin.py:188} INFO - [2024-06-18T11:46:01.466+0545] {dagbag.py:545} INFO - Filling up the DagBag from /home/manisha/airflow_env/lib/python3.10/site-packages/airflow/example_dags/tutorial.py
[2024-06-18T11:46:01.472+0545] {processor.py:840} INFO - DAG(s) 'tutorial' retrieved from /home/manisha/airflow_env/lib/python3.10/site-packages/airflow/example_dags/tutorial.py
[2024-06-18T11:46:01.500+0545] {logging_mixin.py:188} INFO - [2024-06-18T11:46:01.500+0545] {dag.py:3096} INFO - Sync 1 DAGs
[2024-06-18T11:46:01.522+0545] {logging_mixin.py:188} INFO - [2024-06-18T11:46:01.522+0545] {dag.py:3954} INFO - Setting next_dagrun for tutorial to 2024-06-17 00:00:00+00:00, run_after=2024-06-18 00:00:00+00:00
[2024-06-18T11:46:01.578+0545] {processor.py:183} INFO - Processing /home/manisha/airflow_env/lib/python3.10/site-packages/airflow/example_dags/tutorial.py took 0.134 seconds
[2024-06-18T11:46:32.283+0545] {processor.py:161} INFO - Started process (PID=8561) to work on /home/manisha/airflow_env/lib/python3.10/site-packages/airflow/example_dags/tutorial.py
[2024-06-18T11:46:32.283+0545] {processor.py:830} INFO - Processing file /home/manisha/airflow_env/lib/python3.10/site-packages/airflow/example_dags/tutorial.py for tasks to queue
[2024-06-18T11:46:32.285+0545] {logging_mixin.py:188} INFO - [2024-06-18T11:46:32.284+0545] {dagbag.py:545} INFO - Filling up the DagBag from /home/manisha/airflow_env/lib/python3.10/site-packages/airflow/example_dags/tutorial.py
[2024-06-18T11:46:32.290+0545] {processor.py:840} INFO - DAG(s) 'tutorial' retrieved from /home/manisha/airflow_env/lib/python3.10/site-packages/airflow/example_dags/tutorial.py
[2024-06-18T11:46:32.315+0545] {logging_mixin.py:188} INFO - [2024-06-18T11:46:32.315+0545] {dag.py:3096} INFO - Sync 1 DAGs
[2024-06-18T11:46:32.336+0545] {logging_mixin.py:188} INFO - [2024-06-18T11:46:32.335+0545] {dag.py:3954} INFO - Setting next_dagrun for tutorial to 2024-06-17 00:00:00+00:00, run_after=2024-06-18 00:00:00+00:00
[2024-06-18T11:46:32.394+0545] {processor.py:183} INFO - Processing /home/manisha/airflow_env/lib/python3.10/site-packages/airflow/example_dags/tutorial.py took 0.119 seconds
[2024-06-18T11:47:02.763+0545] {processor.py:161} INFO - Started process (PID=8612) to work on /home/manisha/airflow_env/lib/python3.10/site-packages/airflow/example_dags/tutorial.py
[2024-06-18T11:47:02.794+0545] {processor.py:830} INFO - Processing file /home/manisha/airflow_env/lib/python3.10/site-packages/airflow/example_dags/tutorial.py for tasks to queue
[2024-06-18T11:47:02.796+0545] {logging_mixin.py:188} INFO - [2024-06-18T11:47:02.796+0545] {dagbag.py:545} INFO - Filling up the DagBag from /home/manisha/airflow_env/lib/python3.10/site-packages/airflow/example_dags/tutorial.py
[2024-06-18T11:47:02.801+0545] {processor.py:840} INFO - DAG(s) 'tutorial' retrieved from /home/manisha/airflow_env/lib/python3.10/site-packages/airflow/example_dags/tutorial.py
[2024-06-18T11:47:02.825+0545] {logging_mixin.py:188} INFO - [2024-06-18T11:47:02.825+0545] {dag.py:3096} INFO - Sync 1 DAGs
[2024-06-18T11:47:02.845+0545] {logging_mixin.py:188} INFO - [2024-06-18T11:47:02.844+0545] {dag.py:3954} INFO - Setting next_dagrun for tutorial to 2024-06-17 00:00:00+00:00, run_after=2024-06-18 00:00:00+00:00
[2024-06-18T11:47:02.917+0545] {processor.py:183} INFO - Processing /home/manisha/airflow_env/lib/python3.10/site-packages/airflow/example_dags/tutorial.py took 0.161 seconds
[2024-06-18T11:47:33.230+0545] {processor.py:161} INFO - Started process (PID=8663) to work on /home/manisha/airflow_env/lib/python3.10/site-packages/airflow/example_dags/tutorial.py
[2024-06-18T11:47:33.231+0545] {processor.py:830} INFO - Processing file /home/manisha/airflow_env/lib/python3.10/site-packages/airflow/example_dags/tutorial.py for tasks to queue
[2024-06-18T11:47:33.233+0545] {logging_mixin.py:188} INFO - [2024-06-18T11:47:33.232+0545] {dagbag.py:545} INFO - Filling up the DagBag from /home/manisha/airflow_env/lib/python3.10/site-packages/airflow/example_dags/tutorial.py
[2024-06-18T11:47:33.238+0545] {processor.py:840} INFO - DAG(s) 'tutorial' retrieved from /home/manisha/airflow_env/lib/python3.10/site-packages/airflow/example_dags/tutorial.py
[2024-06-18T11:47:33.261+0545] {logging_mixin.py:188} INFO - [2024-06-18T11:47:33.261+0545] {dag.py:3096} INFO - Sync 1 DAGs
[2024-06-18T11:47:33.281+0545] {logging_mixin.py:188} INFO - [2024-06-18T11:47:33.281+0545] {dag.py:3954} INFO - Setting next_dagrun for tutorial to 2024-06-17 00:00:00+00:00, run_after=2024-06-18 00:00:00+00:00
[2024-06-18T11:47:33.355+0545] {processor.py:183} INFO - Processing /home/manisha/airflow_env/lib/python3.10/site-packages/airflow/example_dags/tutorial.py took 0.133 seconds
[2024-06-18T11:48:29.460+0545] {processor.py:161} INFO - Started process (PID=8738) to work on /home/manisha/airflow_env/lib/python3.10/site-packages/airflow/example_dags/tutorial.py
[2024-06-18T11:48:29.472+0545] {processor.py:830} INFO - Processing file /home/manisha/airflow_env/lib/python3.10/site-packages/airflow/example_dags/tutorial.py for tasks to queue
[2024-06-18T11:48:29.474+0545] {logging_mixin.py:188} INFO - [2024-06-18T11:48:29.473+0545] {dagbag.py:545} INFO - Filling up the DagBag from /home/manisha/airflow_env/lib/python3.10/site-packages/airflow/example_dags/tutorial.py
[2024-06-18T11:48:29.483+0545] {processor.py:840} INFO - DAG(s) 'tutorial' retrieved from /home/manisha/airflow_env/lib/python3.10/site-packages/airflow/example_dags/tutorial.py
[2024-06-18T11:48:29.504+0545] {logging_mixin.py:188} INFO - [2024-06-18T11:48:29.504+0545] {dag.py:3096} INFO - Sync 1 DAGs
[2024-06-18T11:48:29.528+0545] {logging_mixin.py:188} INFO - [2024-06-18T11:48:29.527+0545] {dag.py:3954} INFO - Setting next_dagrun for tutorial to 2024-06-17 00:00:00+00:00, run_after=2024-06-18 00:00:00+00:00
[2024-06-18T11:48:29.594+0545] {processor.py:183} INFO - Processing /home/manisha/airflow_env/lib/python3.10/site-packages/airflow/example_dags/tutorial.py took 0.140 seconds
[2024-06-18T11:48:59.892+0545] {processor.py:161} INFO - Started process (PID=8853) to work on /home/manisha/airflow_env/lib/python3.10/site-packages/airflow/example_dags/tutorial.py
[2024-06-18T11:48:59.905+0545] {processor.py:830} INFO - Processing file /home/manisha/airflow_env/lib/python3.10/site-packages/airflow/example_dags/tutorial.py for tasks to queue
[2024-06-18T11:48:59.909+0545] {logging_mixin.py:188} INFO - [2024-06-18T11:48:59.908+0545] {dagbag.py:545} INFO - Filling up the DagBag from /home/manisha/airflow_env/lib/python3.10/site-packages/airflow/example_dags/tutorial.py
[2024-06-18T11:48:59.917+0545] {processor.py:840} INFO - DAG(s) 'tutorial' retrieved from /home/manisha/airflow_env/lib/python3.10/site-packages/airflow/example_dags/tutorial.py
[2024-06-18T11:49:00.199+0545] {logging_mixin.py:188} INFO - [2024-06-18T11:49:00.199+0545] {dag.py:3096} INFO - Sync 1 DAGs
[2024-06-18T11:49:00.222+0545] {logging_mixin.py:188} INFO - [2024-06-18T11:49:00.222+0545] {dag.py:3954} INFO - Setting next_dagrun for tutorial to 2024-06-17 00:00:00+00:00, run_after=2024-06-18 00:00:00+00:00
[2024-06-18T11:49:00.350+0545] {processor.py:183} INFO - Processing /home/manisha/airflow_env/lib/python3.10/site-packages/airflow/example_dags/tutorial.py took 0.471 seconds
[2024-06-18T11:49:31.211+0545] {processor.py:161} INFO - Started process (PID=8924) to work on /home/manisha/airflow_env/lib/python3.10/site-packages/airflow/example_dags/tutorial.py
[2024-06-18T11:49:31.215+0545] {processor.py:830} INFO - Processing file /home/manisha/airflow_env/lib/python3.10/site-packages/airflow/example_dags/tutorial.py for tasks to queue
[2024-06-18T11:49:31.216+0545] {logging_mixin.py:188} INFO - [2024-06-18T11:49:31.216+0545] {dagbag.py:545} INFO - Filling up the DagBag from /home/manisha/airflow_env/lib/python3.10/site-packages/airflow/example_dags/tutorial.py
[2024-06-18T11:49:31.222+0545] {processor.py:840} INFO - DAG(s) 'tutorial' retrieved from /home/manisha/airflow_env/lib/python3.10/site-packages/airflow/example_dags/tutorial.py
[2024-06-18T11:49:31.247+0545] {logging_mixin.py:188} INFO - [2024-06-18T11:49:31.247+0545] {dag.py:3096} INFO - Sync 1 DAGs
[2024-06-18T11:49:31.360+0545] {logging_mixin.py:188} INFO - [2024-06-18T11:49:31.360+0545] {dag.py:3954} INFO - Setting next_dagrun for tutorial to 2024-06-17 00:00:00+00:00, run_after=2024-06-18 00:00:00+00:00
[2024-06-18T11:49:31.418+0545] {processor.py:183} INFO - Processing /home/manisha/airflow_env/lib/python3.10/site-packages/airflow/example_dags/tutorial.py took 0.218 seconds
[2024-06-18T11:50:01.539+0545] {processor.py:161} INFO - Started process (PID=8980) to work on /home/manisha/airflow_env/lib/python3.10/site-packages/airflow/example_dags/tutorial.py
[2024-06-18T11:50:01.542+0545] {processor.py:830} INFO - Processing file /home/manisha/airflow_env/lib/python3.10/site-packages/airflow/example_dags/tutorial.py for tasks to queue
[2024-06-18T11:50:01.545+0545] {logging_mixin.py:188} INFO - [2024-06-18T11:50:01.544+0545] {dagbag.py:545} INFO - Filling up the DagBag from /home/manisha/airflow_env/lib/python3.10/site-packages/airflow/example_dags/tutorial.py
[2024-06-18T11:50:01.554+0545] {processor.py:840} INFO - DAG(s) 'tutorial' retrieved from /home/manisha/airflow_env/lib/python3.10/site-packages/airflow/example_dags/tutorial.py
[2024-06-18T11:50:01.594+0545] {logging_mixin.py:188} INFO - [2024-06-18T11:50:01.594+0545] {dag.py:3096} INFO - Sync 1 DAGs
[2024-06-18T11:50:01.633+0545] {logging_mixin.py:188} INFO - [2024-06-18T11:50:01.632+0545] {dag.py:3954} INFO - Setting next_dagrun for tutorial to 2024-06-17 00:00:00+00:00, run_after=2024-06-18 00:00:00+00:00
[2024-06-18T11:50:01.833+0545] {processor.py:183} INFO - Processing /home/manisha/airflow_env/lib/python3.10/site-packages/airflow/example_dags/tutorial.py took 0.302 seconds
[2024-06-18T11:50:32.070+0545] {processor.py:161} INFO - Started process (PID=9039) to work on /home/manisha/airflow_env/lib/python3.10/site-packages/airflow/example_dags/tutorial.py
[2024-06-18T11:50:32.101+0545] {processor.py:830} INFO - Processing file /home/manisha/airflow_env/lib/python3.10/site-packages/airflow/example_dags/tutorial.py for tasks to queue
[2024-06-18T11:50:32.103+0545] {logging_mixin.py:188} INFO - [2024-06-18T11:50:32.102+0545] {dagbag.py:545} INFO - Filling up the DagBag from /home/manisha/airflow_env/lib/python3.10/site-packages/airflow/example_dags/tutorial.py
[2024-06-18T11:50:32.108+0545] {processor.py:840} INFO - DAG(s) 'tutorial' retrieved from /home/manisha/airflow_env/lib/python3.10/site-packages/airflow/example_dags/tutorial.py
[2024-06-18T11:50:32.139+0545] {logging_mixin.py:188} INFO - [2024-06-18T11:50:32.139+0545] {dag.py:3096} INFO - Sync 1 DAGs
[2024-06-18T11:50:32.163+0545] {logging_mixin.py:188} INFO - [2024-06-18T11:50:32.163+0545] {dag.py:3954} INFO - Setting next_dagrun for tutorial to 2024-06-17 00:00:00+00:00, run_after=2024-06-18 00:00:00+00:00
[2024-06-18T11:50:32.289+0545] {processor.py:183} INFO - Processing /home/manisha/airflow_env/lib/python3.10/site-packages/airflow/example_dags/tutorial.py took 0.226 seconds
[2024-06-18T11:50:55.471+0545] {processor.py:161} INFO - Started process (PID=9254) to work on /home/manisha/airflow_env/lib/python3.10/site-packages/airflow/example_dags/tutorial.py
[2024-06-18T11:50:55.472+0545] {processor.py:830} INFO - Processing file /home/manisha/airflow_env/lib/python3.10/site-packages/airflow/example_dags/tutorial.py for tasks to queue
[2024-06-18T11:50:55.474+0545] {logging_mixin.py:188} INFO - [2024-06-18T11:50:55.474+0545] {dagbag.py:545} INFO - Filling up the DagBag from /home/manisha/airflow_env/lib/python3.10/site-packages/airflow/example_dags/tutorial.py
[2024-06-18T11:50:55.483+0545] {processor.py:840} INFO - DAG(s) 'tutorial' retrieved from /home/manisha/airflow_env/lib/python3.10/site-packages/airflow/example_dags/tutorial.py
[2024-06-18T11:50:55.510+0545] {logging_mixin.py:188} INFO - [2024-06-18T11:50:55.509+0545] {dag.py:3096} INFO - Sync 1 DAGs
[2024-06-18T11:50:55.533+0545] {logging_mixin.py:188} INFO - [2024-06-18T11:50:55.532+0545] {dag.py:3954} INFO - Setting next_dagrun for tutorial to 2024-06-17 00:00:00+00:00, run_after=2024-06-18 00:00:00+00:00
[2024-06-18T11:50:55.814+0545] {processor.py:183} INFO - Processing /home/manisha/airflow_env/lib/python3.10/site-packages/airflow/example_dags/tutorial.py took 0.349 seconds
[2024-06-18T11:51:26.127+0545] {processor.py:161} INFO - Started process (PID=9534) to work on /home/manisha/airflow_env/lib/python3.10/site-packages/airflow/example_dags/tutorial.py
[2024-06-18T11:51:26.142+0545] {processor.py:830} INFO - Processing file /home/manisha/airflow_env/lib/python3.10/site-packages/airflow/example_dags/tutorial.py for tasks to queue
[2024-06-18T11:51:26.145+0545] {logging_mixin.py:188} INFO - [2024-06-18T11:51:26.144+0545] {dagbag.py:545} INFO - Filling up the DagBag from /home/manisha/airflow_env/lib/python3.10/site-packages/airflow/example_dags/tutorial.py
[2024-06-18T11:51:26.154+0545] {processor.py:840} INFO - DAG(s) 'tutorial' retrieved from /home/manisha/airflow_env/lib/python3.10/site-packages/airflow/example_dags/tutorial.py
[2024-06-18T11:51:26.413+0545] {logging_mixin.py:188} INFO - [2024-06-18T11:51:26.413+0545] {dag.py:3096} INFO - Sync 1 DAGs
[2024-06-18T11:51:26.484+0545] {logging_mixin.py:188} INFO - [2024-06-18T11:51:26.483+0545] {dag.py:3954} INFO - Setting next_dagrun for tutorial to 2024-06-17 00:00:00+00:00, run_after=2024-06-18 00:00:00+00:00
[2024-06-18T11:51:26.752+0545] {processor.py:183} INFO - Processing /home/manisha/airflow_env/lib/python3.10/site-packages/airflow/example_dags/tutorial.py took 0.637 seconds
[2024-06-18T11:51:57.666+0545] {processor.py:161} INFO - Started process (PID=9793) to work on /home/manisha/airflow_env/lib/python3.10/site-packages/airflow/example_dags/tutorial.py
[2024-06-18T11:51:57.667+0545] {processor.py:830} INFO - Processing file /home/manisha/airflow_env/lib/python3.10/site-packages/airflow/example_dags/tutorial.py for tasks to queue
[2024-06-18T11:51:57.670+0545] {logging_mixin.py:188} INFO - [2024-06-18T11:51:57.668+0545] {dagbag.py:545} INFO - Filling up the DagBag from /home/manisha/airflow_env/lib/python3.10/site-packages/airflow/example_dags/tutorial.py
[2024-06-18T11:51:57.798+0545] {processor.py:840} INFO - DAG(s) 'tutorial' retrieved from /home/manisha/airflow_env/lib/python3.10/site-packages/airflow/example_dags/tutorial.py
[2024-06-18T11:51:57.829+0545] {logging_mixin.py:188} INFO - [2024-06-18T11:51:57.829+0545] {dag.py:3096} INFO - Sync 1 DAGs
[2024-06-18T11:51:57.854+0545] {logging_mixin.py:188} INFO - [2024-06-18T11:51:57.854+0545] {dag.py:3954} INFO - Setting next_dagrun for tutorial to 2024-06-17 00:00:00+00:00, run_after=2024-06-18 00:00:00+00:00
[2024-06-18T11:51:58.030+0545] {processor.py:183} INFO - Processing /home/manisha/airflow_env/lib/python3.10/site-packages/airflow/example_dags/tutorial.py took 0.378 seconds
