[2024-06-18T17:55:01.138+0545] {local_task_job_runner.py:120} INFO - ::group::Pre task execution logs
[2024-06-18T17:55:01.190+0545] {taskinstance.py:2076} INFO - Dependencies all met for dep_context=non-requeueable deps ti=<TaskInstance: Backup_Database.backup_task scheduled__2024-06-18T12:00:00+00:00 [queued]>
[2024-06-18T17:55:01.202+0545] {taskinstance.py:2076} INFO - Dependencies all met for dep_context=requeueable deps ti=<TaskInstance: Backup_Database.backup_task scheduled__2024-06-18T12:00:00+00:00 [queued]>
[2024-06-18T17:55:01.204+0545] {taskinstance.py:2306} INFO - Starting attempt 1 of 2
[2024-06-18T17:55:01.266+0545] {taskinstance.py:2330} INFO - Executing <Task(BashOperator): backup_task> on 2024-06-18 12:00:00+00:00
[2024-06-18T17:55:01.273+0545] {standard_task_runner.py:63} INFO - Started process 28048 to run task
[2024-06-18T17:55:01.278+0545] {standard_task_runner.py:90} INFO - Running: ['airflow', 'tasks', 'run', 'Backup_Database', 'backup_task', 'scheduled__2024-06-18T12:00:00+00:00', '--job-id', '144', '--raw', '--subdir', 'DAGS_FOLDER/basic_dag.py', '--cfg-path', '/tmp/tmp859mwll7']
[2024-06-18T17:55:01.280+0545] {standard_task_runner.py:91} INFO - Job 144: Subtask backup_task
[2024-06-18T17:55:01.424+0545] {task_command.py:426} INFO - Running <TaskInstance: Backup_Database.backup_task scheduled__2024-06-18T12:00:00+00:00 [running]> on host manisha-Inspiron-3580
[2024-06-18T17:55:01.807+0545] {taskinstance.py:2648} INFO - Exporting env vars: AIRFLOW_CTX_DAG_OWNER='manisha' AIRFLOW_CTX_DAG_ID='Backup_Database' AIRFLOW_CTX_TASK_ID='backup_task' AIRFLOW_CTX_EXECUTION_DATE='2024-06-18T12:00:00+00:00' AIRFLOW_CTX_TRY_NUMBER='1' AIRFLOW_CTX_DAG_RUN_ID='scheduled__2024-06-18T12:00:00+00:00'
[2024-06-18T17:55:01.810+0545] {taskinstance.py:430} INFO - ::endgroup::
[2024-06-18T17:55:01.849+0545] {subprocess.py:63} INFO - Tmp dir root location: /tmp
[2024-06-18T17:55:01.849+0545] {subprocess.py:75} INFO - Running command: ['/usr/bin/bash', '-c', '/home/manisha/airflow/bashScripts/backup.sh ']
[2024-06-18T17:55:01.859+0545] {subprocess.py:86} INFO - Output:
[2024-06-18T17:58:17.384+0545] {local_task_job_runner.py:310} WARNING - State of this instance has been externally set to restarting. Terminating instance.
[2024-06-18T17:58:17.384+0545] {local_task_job_runner.py:222} INFO - ::endgroup::
[2024-06-18T17:58:17.400+0545] {process_utils.py:132} INFO - Sending 15 to group 28048. PIDs of all processes in the group: [28049, 28051, 28048]
[2024-06-18T17:58:17.401+0545] {process_utils.py:87} INFO - Sending the signal 15 to group 28048
[2024-06-18T17:58:17.401+0545] {taskinstance.py:2611} ERROR - Received SIGTERM. Terminating subprocesses.
[2024-06-18T17:58:17.402+0545] {subprocess.py:104} INFO - Sending SIGTERM signal to process group
[2024-06-18T17:58:17.402+0545] {taskinstance.py:441} INFO - ::group::Post task execution logs
[2024-06-18T17:58:17.429+0545] {taskinstance.py:2905} ERROR - Task failed with exception
Traceback (most recent call last):
  File "/home/manisha/airflow_env/lib/python3.10/site-packages/airflow/models/taskinstance.py", line 465, in _execute_task
    result = _execute_callable(context=context, **execute_callable_kwargs)
  File "/home/manisha/airflow_env/lib/python3.10/site-packages/airflow/models/taskinstance.py", line 432, in _execute_callable
    return execute_callable(context=context, **execute_callable_kwargs)
  File "/home/manisha/airflow_env/lib/python3.10/site-packages/airflow/models/baseoperator.py", line 401, in wrapper
    return func(self, *args, **kwargs)
  File "/home/manisha/airflow_env/lib/python3.10/site-packages/airflow/operators/bash.py", line 234, in execute
    result = self.subprocess_hook.run_command(
  File "/home/manisha/airflow_env/lib/python3.10/site-packages/airflow/hooks/subprocess.py", line 91, in run_command
    for raw_line in iter(self.sub_process.stdout.readline, b""):
  File "/home/manisha/airflow_env/lib/python3.10/site-packages/airflow/models/taskinstance.py", line 2613, in signal_handler
    raise AirflowTaskTerminated("Task received SIGTERM signal")
airflow.exceptions.AirflowTaskTerminated: Task received SIGTERM signal
[2024-06-18T17:58:17.493+0545] {taskinstance.py:1206} INFO - Marking task as UP_FOR_RETRY. dag_id=Backup_Database, task_id=backup_task, run_id=scheduled__2024-06-18T12:00:00+00:00, execution_date=20240618T120000, start_date=20240618T121001, end_date=20240618T121317
[2024-06-18T17:58:17.614+0545] {process_utils.py:80} INFO - Process psutil.Process(pid=28048, status='terminated', exitcode=2, started='17:55:01') (28048) terminated with exit code 2
[2024-06-18T17:58:17.616+0545] {process_utils.py:80} INFO - Process psutil.Process(pid=28051, status='terminated', started='17:55:01') (28051) terminated with exit code None
[2024-06-18T17:58:17.618+0545] {process_utils.py:80} INFO - Process psutil.Process(pid=28049, status='terminated', started='17:55:01') (28049) terminated with exit code None
[2024-06-18T17:58:27.061+0545] {local_task_job_runner.py:120} INFO - ::group::Pre task execution logs
[2024-06-18T17:58:27.108+0545] {taskinstance.py:2076} INFO - Dependencies all met for dep_context=non-requeueable deps ti=<TaskInstance: Backup_Database.backup_task scheduled__2024-06-18T12:00:00+00:00 [queued]>
[2024-06-18T17:58:27.123+0545] {taskinstance.py:2076} INFO - Dependencies all met for dep_context=requeueable deps ti=<TaskInstance: Backup_Database.backup_task scheduled__2024-06-18T12:00:00+00:00 [queued]>
[2024-06-18T17:58:27.124+0545] {taskinstance.py:2306} INFO - Starting attempt 1 of 2
[2024-06-18T17:58:27.355+0545] {taskinstance.py:2330} INFO - Executing <Task(BashOperator): backup_task> on 2024-06-18 12:00:00+00:00
[2024-06-18T17:58:27.364+0545] {standard_task_runner.py:63} INFO - Started process 28207 to run task
[2024-06-18T17:58:27.372+0545] {standard_task_runner.py:90} INFO - Running: ['airflow', 'tasks', 'run', 'Backup_Database', 'backup_task', 'scheduled__2024-06-18T12:00:00+00:00', '--job-id', '146', '--raw', '--subdir', 'DAGS_FOLDER/basic_dag.py', '--cfg-path', '/tmp/tmp32p3assw']
[2024-06-18T17:58:27.376+0545] {standard_task_runner.py:91} INFO - Job 146: Subtask backup_task
[2024-06-18T17:58:27.756+0545] {task_command.py:426} INFO - Running <TaskInstance: Backup_Database.backup_task scheduled__2024-06-18T12:00:00+00:00 [running]> on host manisha-Inspiron-3580
[2024-06-18T17:58:28.103+0545] {taskinstance.py:2648} INFO - Exporting env vars: AIRFLOW_CTX_DAG_OWNER='manisha' AIRFLOW_CTX_DAG_ID='Backup_Database' AIRFLOW_CTX_TASK_ID='backup_task' AIRFLOW_CTX_EXECUTION_DATE='2024-06-18T12:00:00+00:00' AIRFLOW_CTX_TRY_NUMBER='1' AIRFLOW_CTX_DAG_RUN_ID='scheduled__2024-06-18T12:00:00+00:00'
[2024-06-18T17:58:28.103+0545] {taskinstance.py:430} INFO - ::endgroup::
[2024-06-18T17:58:28.129+0545] {subprocess.py:63} INFO - Tmp dir root location: /tmp
[2024-06-18T17:58:28.130+0545] {subprocess.py:75} INFO - Running command: ['/usr/bin/bash', '-c', '/home/manisha/airflow/bashScripts/backup.sh ']
[2024-06-18T17:58:28.142+0545] {subprocess.py:86} INFO - Output:
[2024-06-18T17:59:19.274+0545] {local_task_job_runner.py:310} WARNING - State of this instance has been externally set to failed. Terminating instance.
[2024-06-18T17:59:19.275+0545] {local_task_job_runner.py:222} INFO - ::endgroup::
[2024-06-18T17:59:19.290+0545] {process_utils.py:132} INFO - Sending 15 to group 28207. PIDs of all processes in the group: [28208, 28210, 28207]
[2024-06-18T17:59:19.291+0545] {process_utils.py:87} INFO - Sending the signal 15 to group 28207
[2024-06-18T17:59:19.291+0545] {taskinstance.py:2611} ERROR - Received SIGTERM. Terminating subprocesses.
[2024-06-18T17:59:19.291+0545] {subprocess.py:104} INFO - Sending SIGTERM signal to process group
[2024-06-18T17:59:19.292+0545] {taskinstance.py:441} INFO - ::group::Post task execution logs
[2024-06-18T17:59:19.424+0545] {process_utils.py:80} INFO - Process psutil.Process(pid=28208, status='terminated', started='17:58:27') (28208) terminated with exit code None
[2024-06-18T17:59:19.424+0545] {process_utils.py:80} INFO - Process psutil.Process(pid=28210, status='terminated', started='17:58:27') (28210) terminated with exit code None
[2024-06-18T17:59:19.425+0545] {process_utils.py:80} INFO - Process psutil.Process(pid=28207, status='terminated', exitcode=0, started='17:58:27') (28207) terminated with exit code 0
