[2024-06-18T13:57:48.937+0545] {local_task_job_runner.py:120} INFO - ::group::Pre task execution logs
[2024-06-18T13:57:48.987+0545] {taskinstance.py:2076} INFO - Dependencies all met for dep_context=non-requeueable deps ti=<TaskInstance: Backup_Database.backup_task manual__2024-06-18T08:12:47.942072+00:00 [queued]>
[2024-06-18T13:57:49.008+0545] {taskinstance.py:2076} INFO - Dependencies all met for dep_context=requeueable deps ti=<TaskInstance: Backup_Database.backup_task manual__2024-06-18T08:12:47.942072+00:00 [queued]>
[2024-06-18T13:57:49.009+0545] {taskinstance.py:2306} INFO - Starting attempt 1 of 2
[2024-06-18T13:57:49.254+0545] {taskinstance.py:2330} INFO - Executing <Task(BashOperator): backup_task> on 2024-06-18 08:12:47.942072+00:00
[2024-06-18T13:57:49.258+0545] {standard_task_runner.py:63} INFO - Started process 16378 to run task
[2024-06-18T13:57:49.262+0545] {standard_task_runner.py:90} INFO - Running: ['airflow', 'tasks', 'run', 'Backup_Database', 'backup_task', 'manual__2024-06-18T08:12:47.942072+00:00', '--job-id', '33', '--raw', '--subdir', 'DAGS_FOLDER/basic_dag.py', '--cfg-path', '/tmp/tmp9alphze0']
[2024-06-18T13:57:49.267+0545] {standard_task_runner.py:91} INFO - Job 33: Subtask backup_task
[2024-06-18T13:57:49.472+0545] {task_command.py:426} INFO - Running <TaskInstance: Backup_Database.backup_task manual__2024-06-18T08:12:47.942072+00:00 [running]> on host manisha-Inspiron-3580
[2024-06-18T13:57:49.859+0545] {taskinstance.py:2648} INFO - Exporting env vars: AIRFLOW_CTX_DAG_OWNER='manisha' AIRFLOW_CTX_DAG_ID='Backup_Database' AIRFLOW_CTX_TASK_ID='backup_task' AIRFLOW_CTX_EXECUTION_DATE='2024-06-18T08:12:47.942072+00:00' AIRFLOW_CTX_TRY_NUMBER='1' AIRFLOW_CTX_DAG_RUN_ID='manual__2024-06-18T08:12:47.942072+00:00'
[2024-06-18T13:57:49.860+0545] {taskinstance.py:430} INFO - ::endgroup::
[2024-06-18T13:57:49.885+0545] {subprocess.py:63} INFO - Tmp dir root location: /tmp
[2024-06-18T13:57:49.886+0545] {subprocess.py:75} INFO - Running command: ['/usr/bin/bash', '-c', '/root/backup.sh ']
[2024-06-18T13:57:49.893+0545] {subprocess.py:86} INFO - Output:
[2024-06-18T13:57:49.894+0545] {subprocess.py:93} INFO - /usr/bin/bash: line 1: /root/backup.sh: Permission denied
[2024-06-18T13:57:49.895+0545] {subprocess.py:97} INFO - Command exited with return code 126
[2024-06-18T13:57:49.895+0545] {taskinstance.py:441} INFO - ::group::Post task execution logs
[2024-06-18T13:57:49.919+0545] {taskinstance.py:2905} ERROR - Task failed with exception
Traceback (most recent call last):
  File "/home/manisha/airflow_env/lib/python3.10/site-packages/airflow/models/taskinstance.py", line 465, in _execute_task
    result = _execute_callable(context=context, **execute_callable_kwargs)
  File "/home/manisha/airflow_env/lib/python3.10/site-packages/airflow/models/taskinstance.py", line 432, in _execute_callable
    return execute_callable(context=context, **execute_callable_kwargs)
  File "/home/manisha/airflow_env/lib/python3.10/site-packages/airflow/models/baseoperator.py", line 401, in wrapper
    return func(self, *args, **kwargs)
  File "/home/manisha/airflow_env/lib/python3.10/site-packages/airflow/operators/bash.py", line 243, in execute
    raise AirflowException(
airflow.exceptions.AirflowException: Bash command failed. The command returned a non-zero exit code 126.
[2024-06-18T13:57:49.923+0545] {taskinstance.py:1206} INFO - Marking task as UP_FOR_RETRY. dag_id=Backup_Database, task_id=backup_task, run_id=manual__2024-06-18T08:12:47.942072+00:00, execution_date=20240618T081247, start_date=20240618T081248, end_date=20240618T081249
[2024-06-18T13:57:49.999+0545] {standard_task_runner.py:110} ERROR - Failed to execute job 33 for task backup_task (Bash command failed. The command returned a non-zero exit code 126.; 16378)
[2024-06-18T13:57:50.038+0545] {local_task_job_runner.py:240} INFO - Task exited with return code 1
[2024-06-18T13:57:50.116+0545] {taskinstance.py:3503} INFO - 0 downstream tasks scheduled from follow-on schedule check
[2024-06-18T13:57:50.118+0545] {local_task_job_runner.py:222} INFO - ::endgroup::
