[2024-06-19T08:45:02.849+0545] {local_task_job_runner.py:120} INFO - ::group::Pre task execution logs
[2024-06-19T08:45:02.875+0545] {taskinstance.py:2076} INFO - Dependencies all met for dep_context=non-requeueable deps ti=<TaskInstance: Backup_Database.parse_task scheduled__2024-06-19T02:50:00+00:00 [queued]>
[2024-06-19T08:45:02.882+0545] {taskinstance.py:2076} INFO - Dependencies all met for dep_context=requeueable deps ti=<TaskInstance: Backup_Database.parse_task scheduled__2024-06-19T02:50:00+00:00 [queued]>
[2024-06-19T08:45:02.882+0545] {taskinstance.py:2306} INFO - Starting attempt 1 of 2
[2024-06-19T08:45:02.965+0545] {taskinstance.py:2330} INFO - Executing <Task(PythonOperator): parse_task> on 2024-06-19 02:50:00+00:00
[2024-06-19T08:45:02.972+0545] {standard_task_runner.py:63} INFO - Started process 16958 to run task
[2024-06-19T08:45:02.981+0545] {standard_task_runner.py:90} INFO - Running: ['airflow', 'tasks', 'run', 'Backup_Database', 'parse_task', 'scheduled__2024-06-19T02:50:00+00:00', '--job-id', '212', '--raw', '--subdir', 'DAGS_FOLDER/basic_dag.py', '--cfg-path', '/tmp/tmpxt80x6tj']
[2024-06-19T08:45:02.986+0545] {standard_task_runner.py:91} INFO - Job 212: Subtask parse_task
[2024-06-19T08:45:03.155+0545] {task_command.py:426} INFO - Running <TaskInstance: Backup_Database.parse_task scheduled__2024-06-19T02:50:00+00:00 [running]> on host manisha-Inspiron-3580
[2024-06-19T08:45:03.366+0545] {taskinstance.py:2648} INFO - Exporting env vars: AIRFLOW_CTX_DAG_OWNER='manisha' AIRFLOW_CTX_DAG_ID='Backup_Database' AIRFLOW_CTX_TASK_ID='parse_task' AIRFLOW_CTX_EXECUTION_DATE='2024-06-19T02:50:00+00:00' AIRFLOW_CTX_TRY_NUMBER='1' AIRFLOW_CTX_DAG_RUN_ID='scheduled__2024-06-19T02:50:00+00:00'
[2024-06-19T08:45:03.367+0545] {taskinstance.py:430} INFO - ::endgroup::
[2024-06-19T08:45:03.449+0545] {python.py:237} INFO - Done. Returned value was: None
[2024-06-19T08:45:03.450+0545] {taskinstance.py:441} INFO - ::group::Post task execution logs
[2024-06-19T08:45:03.480+0545] {taskinstance.py:1206} INFO - Marking task as SUCCESS. dag_id=Backup_Database, task_id=parse_task, run_id=scheduled__2024-06-19T02:50:00+00:00, execution_date=20240619T025000, start_date=20240619T030002, end_date=20240619T030003
[2024-06-19T08:45:03.635+0545] {local_task_job_runner.py:240} INFO - Task exited with return code 0
[2024-06-19T08:45:03.679+0545] {local_task_job_runner.py:222} INFO - ::endgroup::
[2024-06-19T08:45:50.894+0545] {local_task_job_runner.py:120} INFO - ::group::Pre task execution logs
[2024-06-19T08:45:50.958+0545] {taskinstance.py:2076} INFO - Dependencies all met for dep_context=non-requeueable deps ti=<TaskInstance: Backup_Database.parse_task scheduled__2024-06-19T02:50:00+00:00 [queued]>
[2024-06-19T08:45:50.966+0545] {taskinstance.py:2076} INFO - Dependencies all met for dep_context=requeueable deps ti=<TaskInstance: Backup_Database.parse_task scheduled__2024-06-19T02:50:00+00:00 [queued]>
[2024-06-19T08:45:50.966+0545] {taskinstance.py:2306} INFO - Starting attempt 1 of 2
[2024-06-19T08:45:51.031+0545] {taskinstance.py:2330} INFO - Executing <Task(PythonOperator): parse_task> on 2024-06-19 02:50:00+00:00
[2024-06-19T08:45:51.036+0545] {standard_task_runner.py:63} INFO - Started process 17398 to run task
[2024-06-19T08:45:51.041+0545] {standard_task_runner.py:90} INFO - Running: ['airflow', 'tasks', 'run', 'Backup_Database', 'parse_task', 'scheduled__2024-06-19T02:50:00+00:00', '--job-id', '215', '--raw', '--subdir', 'DAGS_FOLDER/basic_dag.py', '--cfg-path', '/tmp/tmp6prktz_0']
[2024-06-19T08:45:51.044+0545] {standard_task_runner.py:91} INFO - Job 215: Subtask parse_task
[2024-06-19T08:45:51.240+0545] {task_command.py:426} INFO - Running <TaskInstance: Backup_Database.parse_task scheduled__2024-06-19T02:50:00+00:00 [running]> on host manisha-Inspiron-3580
[2024-06-19T08:45:51.529+0545] {taskinstance.py:2648} INFO - Exporting env vars: AIRFLOW_CTX_DAG_OWNER='manisha' AIRFLOW_CTX_DAG_ID='Backup_Database' AIRFLOW_CTX_TASK_ID='parse_task' AIRFLOW_CTX_EXECUTION_DATE='2024-06-19T02:50:00+00:00' AIRFLOW_CTX_TRY_NUMBER='1' AIRFLOW_CTX_DAG_RUN_ID='scheduled__2024-06-19T02:50:00+00:00'
[2024-06-19T08:45:51.530+0545] {taskinstance.py:430} INFO - ::endgroup::
[2024-06-19T08:45:51.642+0545] {python.py:237} INFO - Done. Returned value was: None
[2024-06-19T08:45:51.643+0545] {taskinstance.py:441} INFO - ::group::Post task execution logs
[2024-06-19T08:45:51.691+0545] {taskinstance.py:1206} INFO - Marking task as SUCCESS. dag_id=Backup_Database, task_id=parse_task, run_id=scheduled__2024-06-19T02:50:00+00:00, execution_date=20240619T025000, start_date=20240619T030050, end_date=20240619T030051
[2024-06-19T08:45:51.776+0545] {local_task_job_runner.py:240} INFO - Task exited with return code 0
[2024-06-19T08:45:51.838+0545] {taskinstance.py:3503} INFO - 1 downstream tasks scheduled from follow-on schedule check
[2024-06-19T08:45:51.889+0545] {local_task_job_runner.py:222} INFO - ::endgroup::
[2024-06-19T08:49:12.993+0545] {local_task_job_runner.py:120} INFO - ::group::Pre task execution logs
[2024-06-19T08:49:13.046+0545] {taskinstance.py:2076} INFO - Dependencies all met for dep_context=non-requeueable deps ti=<TaskInstance: Backup_Database.parse_task scheduled__2024-06-19T02:50:00+00:00 [queued]>
[2024-06-19T08:49:13.055+0545] {taskinstance.py:2076} INFO - Dependencies all met for dep_context=requeueable deps ti=<TaskInstance: Backup_Database.parse_task scheduled__2024-06-19T02:50:00+00:00 [queued]>
[2024-06-19T08:49:13.056+0545] {taskinstance.py:2306} INFO - Starting attempt 1 of 2
[2024-06-19T08:49:13.182+0545] {taskinstance.py:2330} INFO - Executing <Task(PythonOperator): parse_task> on 2024-06-19 02:50:00+00:00
[2024-06-19T08:49:13.191+0545] {standard_task_runner.py:63} INFO - Started process 18941 to run task
[2024-06-19T08:49:13.201+0545] {standard_task_runner.py:90} INFO - Running: ['airflow', 'tasks', 'run', 'Backup_Database', 'parse_task', 'scheduled__2024-06-19T02:50:00+00:00', '--job-id', '226', '--raw', '--subdir', 'DAGS_FOLDER/basic_dag.py', '--cfg-path', '/tmp/tmpfp4qiu7m']
[2024-06-19T08:49:13.205+0545] {standard_task_runner.py:91} INFO - Job 226: Subtask parse_task
[2024-06-19T08:49:13.526+0545] {task_command.py:426} INFO - Running <TaskInstance: Backup_Database.parse_task scheduled__2024-06-19T02:50:00+00:00 [running]> on host manisha-Inspiron-3580
[2024-06-19T08:49:13.790+0545] {taskinstance.py:2648} INFO - Exporting env vars: AIRFLOW_CTX_DAG_OWNER='manisha' AIRFLOW_CTX_DAG_ID='Backup_Database' AIRFLOW_CTX_TASK_ID='parse_task' AIRFLOW_CTX_EXECUTION_DATE='2024-06-19T02:50:00+00:00' AIRFLOW_CTX_TRY_NUMBER='1' AIRFLOW_CTX_DAG_RUN_ID='scheduled__2024-06-19T02:50:00+00:00'
[2024-06-19T08:49:13.792+0545] {taskinstance.py:430} INFO - ::endgroup::
[2024-06-19T08:49:13.913+0545] {python.py:237} INFO - Done. Returned value was: None
[2024-06-19T08:49:13.914+0545] {taskinstance.py:441} INFO - ::group::Post task execution logs
[2024-06-19T08:49:13.954+0545] {taskinstance.py:1206} INFO - Marking task as SUCCESS. dag_id=Backup_Database, task_id=parse_task, run_id=scheduled__2024-06-19T02:50:00+00:00, execution_date=20240619T025000, start_date=20240619T030413, end_date=20240619T030413
[2024-06-19T08:49:14.098+0545] {local_task_job_runner.py:240} INFO - Task exited with return code 0
[2024-06-19T08:49:14.129+0545] {taskinstance.py:3503} INFO - 1 downstream tasks scheduled from follow-on schedule check
[2024-06-19T08:49:14.195+0545] {local_task_job_runner.py:222} INFO - ::endgroup::
