[2024-06-18T17:45:01.078+0545] {local_task_job_runner.py:120} INFO - ::group::Pre task execution logs
[2024-06-18T17:45:01.108+0545] {taskinstance.py:2076} INFO - Dependencies all met for dep_context=non-requeueable deps ti=<TaskInstance: Backup_Database.backup_task scheduled__2024-06-18T11:50:00+00:00 [queued]>
[2024-06-18T17:45:01.114+0545] {taskinstance.py:2076} INFO - Dependencies all met for dep_context=requeueable deps ti=<TaskInstance: Backup_Database.backup_task scheduled__2024-06-18T11:50:00+00:00 [queued]>
[2024-06-18T17:45:01.115+0545] {taskinstance.py:2306} INFO - Starting attempt 1 of 2
[2024-06-18T17:45:01.256+0545] {taskinstance.py:2330} INFO - Executing <Task(BashOperator): backup_task> on 2024-06-18 11:50:00+00:00
[2024-06-18T17:45:01.262+0545] {standard_task_runner.py:63} INFO - Started process 27094 to run task
[2024-06-18T17:45:01.267+0545] {standard_task_runner.py:90} INFO - Running: ['airflow', 'tasks', 'run', 'Backup_Database', 'backup_task', 'scheduled__2024-06-18T11:50:00+00:00', '--job-id', '137', '--raw', '--subdir', 'DAGS_FOLDER/basic_dag.py', '--cfg-path', '/tmp/tmpc9ipm7fz']
[2024-06-18T17:45:01.270+0545] {standard_task_runner.py:91} INFO - Job 137: Subtask backup_task
[2024-06-18T17:45:01.441+0545] {task_command.py:426} INFO - Running <TaskInstance: Backup_Database.backup_task scheduled__2024-06-18T11:50:00+00:00 [running]> on host manisha-Inspiron-3580
[2024-06-18T17:45:01.793+0545] {taskinstance.py:2648} INFO - Exporting env vars: AIRFLOW_CTX_DAG_OWNER='manisha' AIRFLOW_CTX_DAG_ID='Backup_Database' AIRFLOW_CTX_TASK_ID='backup_task' AIRFLOW_CTX_EXECUTION_DATE='2024-06-18T11:50:00+00:00' AIRFLOW_CTX_TRY_NUMBER='1' AIRFLOW_CTX_DAG_RUN_ID='scheduled__2024-06-18T11:50:00+00:00'
[2024-06-18T17:45:01.796+0545] {taskinstance.py:430} INFO - ::endgroup::
[2024-06-18T17:45:01.823+0545] {subprocess.py:63} INFO - Tmp dir root location: /tmp
[2024-06-18T17:45:01.824+0545] {subprocess.py:75} INFO - Running command: ['/usr/bin/bash', '-c', '/home/manisha/airflow/bashScripts/backup.sh ']
[2024-06-18T17:45:01.831+0545] {subprocess.py:86} INFO - Output:
[2024-06-18T17:45:01.835+0545] {subprocess.py:93} INFO - mysqldump: [Warning] Using a password on the command line interface can be insecure.
[2024-06-18T17:45:01.841+0545] {subprocess.py:93} INFO - mysqldump: Error: 'Access denied; you need (at least one of) the PROCESS privilege(s) for this operation' when trying to dump tablespaces
[2024-06-18T17:45:02.082+0545] {subprocess.py:97} INFO - Command exited with return code 0
[2024-06-18T17:45:02.084+0545] {taskinstance.py:441} INFO - ::group::Post task execution logs
[2024-06-18T17:45:02.210+0545] {taskinstance.py:1206} INFO - Marking task as SUCCESS. dag_id=Backup_Database, task_id=backup_task, run_id=scheduled__2024-06-18T11:50:00+00:00, execution_date=20240618T115000, start_date=20240618T120001, end_date=20240618T120002
[2024-06-18T17:45:02.324+0545] {local_task_job_runner.py:240} INFO - Task exited with return code 0
[2024-06-18T17:45:02.366+0545] {taskinstance.py:3503} INFO - 1 downstream tasks scheduled from follow-on schedule check
[2024-06-18T17:45:02.429+0545] {local_task_job_runner.py:222} INFO - ::endgroup::
[2024-06-18T17:54:53.398+0545] {local_task_job_runner.py:120} INFO - ::group::Pre task execution logs
[2024-06-18T17:54:53.476+0545] {taskinstance.py:2076} INFO - Dependencies all met for dep_context=non-requeueable deps ti=<TaskInstance: Backup_Database.backup_task scheduled__2024-06-18T11:50:00+00:00 [queued]>
[2024-06-18T17:54:53.486+0545] {taskinstance.py:2076} INFO - Dependencies all met for dep_context=requeueable deps ti=<TaskInstance: Backup_Database.backup_task scheduled__2024-06-18T11:50:00+00:00 [queued]>
[2024-06-18T17:54:53.486+0545] {taskinstance.py:2306} INFO - Starting attempt 1 of 2
[2024-06-18T17:54:53.739+0545] {taskinstance.py:2330} INFO - Executing <Task(BashOperator): backup_task> on 2024-06-18 11:50:00+00:00
[2024-06-18T17:54:53.746+0545] {standard_task_runner.py:63} INFO - Started process 28034 to run task
[2024-06-18T17:54:53.751+0545] {standard_task_runner.py:90} INFO - Running: ['airflow', 'tasks', 'run', 'Backup_Database', 'backup_task', 'scheduled__2024-06-18T11:50:00+00:00', '--job-id', '143', '--raw', '--subdir', 'DAGS_FOLDER/basic_dag.py', '--cfg-path', '/tmp/tmptxar884r']
[2024-06-18T17:54:53.754+0545] {standard_task_runner.py:91} INFO - Job 143: Subtask backup_task
[2024-06-18T17:54:53.944+0545] {task_command.py:426} INFO - Running <TaskInstance: Backup_Database.backup_task scheduled__2024-06-18T11:50:00+00:00 [running]> on host manisha-Inspiron-3580
[2024-06-18T17:54:54.379+0545] {taskinstance.py:2648} INFO - Exporting env vars: AIRFLOW_CTX_DAG_OWNER='manisha' AIRFLOW_CTX_DAG_ID='Backup_Database' AIRFLOW_CTX_TASK_ID='backup_task' AIRFLOW_CTX_EXECUTION_DATE='2024-06-18T11:50:00+00:00' AIRFLOW_CTX_TRY_NUMBER='1' AIRFLOW_CTX_DAG_RUN_ID='scheduled__2024-06-18T11:50:00+00:00'
[2024-06-18T17:54:54.380+0545] {taskinstance.py:430} INFO - ::endgroup::
[2024-06-18T17:54:54.409+0545] {subprocess.py:63} INFO - Tmp dir root location: /tmp
[2024-06-18T17:54:54.409+0545] {subprocess.py:75} INFO - Running command: ['/usr/bin/bash', '-c', '/home/manisha/airflow/bashScripts/backup.sh ']
[2024-06-18T17:54:54.417+0545] {subprocess.py:86} INFO - Output:
[2024-06-18T17:58:25.798+0545] {local_task_job_runner.py:310} WARNING - State of this instance has been externally set to None. Terminating instance.
[2024-06-18T17:58:25.801+0545] {local_task_job_runner.py:222} INFO - ::endgroup::
[2024-06-18T17:58:25.819+0545] {process_utils.py:132} INFO - Sending 15 to group 28034. PIDs of all processes in the group: [28035, 28037, 28034]
[2024-06-18T17:58:25.820+0545] {process_utils.py:87} INFO - Sending the signal 15 to group 28034
[2024-06-18T17:58:25.820+0545] {taskinstance.py:2611} ERROR - Received SIGTERM. Terminating subprocesses.
[2024-06-18T17:58:25.821+0545] {subprocess.py:104} INFO - Sending SIGTERM signal to process group
[2024-06-18T17:58:25.821+0545] {taskinstance.py:441} INFO - ::group::Post task execution logs
[2024-06-18T17:58:25.835+0545] {taskinstance.py:2905} ERROR - Task failed with exception
Traceback (most recent call last):
  File "/home/manisha/airflow_env/lib/python3.10/site-packages/airflow/models/taskinstance.py", line 465, in _execute_task
    result = _execute_callable(context=context, **execute_callable_kwargs)
  File "/home/manisha/airflow_env/lib/python3.10/site-packages/airflow/models/taskinstance.py", line 432, in _execute_callable
    return execute_callable(context=context, **execute_callable_kwargs)
  File "/home/manisha/airflow_env/lib/python3.10/site-packages/airflow/models/baseoperator.py", line 401, in wrapper
    return func(self, *args, **kwargs)
  File "/home/manisha/airflow_env/lib/python3.10/site-packages/airflow/operators/bash.py", line 234, in execute
    result = self.subprocess_hook.run_command(
  File "/home/manisha/airflow_env/lib/python3.10/site-packages/airflow/hooks/subprocess.py", line 91, in run_command
    for raw_line in iter(self.sub_process.stdout.readline, b""):
  File "/home/manisha/airflow_env/lib/python3.10/site-packages/airflow/models/taskinstance.py", line 2613, in signal_handler
    raise AirflowTaskTerminated("Task received SIGTERM signal")
airflow.exceptions.AirflowTaskTerminated: Task received SIGTERM signal
[2024-06-18T17:58:25.838+0545] {taskinstance.py:1206} INFO - Marking task as FAILED. dag_id=Backup_Database, task_id=backup_task, run_id=scheduled__2024-06-18T11:50:00+00:00, execution_date=20240618T115000, start_date=20240618T120953, end_date=20240618T121325
[2024-06-18T17:58:26.114+0545] {standard_task_runner.py:110} ERROR - Failed to execute job 143 for task backup_task ((MySQLdb.IntegrityError) (1452, 'Cannot add or update a child row: a foreign key constraint fails (`airflow_db`.`task_fail`, CONSTRAINT `task_fail_ti_fkey` FOREIGN KEY (`dag_id`, `task_id`, `run_id`, `map_index`) REFERENCES `task_instance` (`dag_id`, `task_id`, `run_id`, `map_index`) ON DEL)')
[SQL: INSERT INTO task_fail (task_id, dag_id, run_id, map_index, start_date, end_date, duration) VALUES (%s, %s, %s, %s, %s, %s, %s)]
[parameters: ('backup_task', 'Backup_Database', 'scheduled__2024-06-18T11:50:00+00:00', -1, datetime.datetime(2024, 6, 18, 12, 9, 53, 476911), datetime.datetime(2024, 6, 18, 12, 13, 25, 837968), 212)]
(Background on this error at: https://sqlalche.me/e/14/gkpj); 28034)
[2024-06-18T17:58:26.154+0545] {process_utils.py:80} INFO - Process psutil.Process(pid=28034, status='terminated', exitcode=1, started='17:54:53') (28034) terminated with exit code 1
[2024-06-18T17:58:26.156+0545] {process_utils.py:80} INFO - Process psutil.Process(pid=28037, status='terminated', started='17:54:54') (28037) terminated with exit code None
[2024-06-18T17:58:26.157+0545] {process_utils.py:80} INFO - Process psutil.Process(pid=28035, status='terminated', started='17:54:54') (28035) terminated with exit code None
