[2024-06-19T08:28:41.229+0545] {local_task_job_runner.py:120} INFO - ::group::Pre task execution logs
[2024-06-19T08:28:41.274+0545] {taskinstance.py:2076} INFO - Dependencies all met for dep_context=non-requeueable deps ti=<TaskInstance: Backup_Database.backup_task manual__2024-06-19T02:43:39.428019+00:00 [queued]>
[2024-06-19T08:28:41.284+0545] {taskinstance.py:2076} INFO - Dependencies all met for dep_context=requeueable deps ti=<TaskInstance: Backup_Database.backup_task manual__2024-06-19T02:43:39.428019+00:00 [queued]>
[2024-06-19T08:28:41.285+0545] {taskinstance.py:2306} INFO - Starting attempt 1 of 2
[2024-06-19T08:28:41.355+0545] {taskinstance.py:2330} INFO - Executing <Task(BashOperator): backup_task> on 2024-06-19 02:43:39.428019+00:00
[2024-06-19T08:28:41.359+0545] {standard_task_runner.py:63} INFO - Started process 6919 to run task
[2024-06-19T08:28:41.365+0545] {standard_task_runner.py:90} INFO - Running: ['airflow', 'tasks', 'run', 'Backup_Database', 'backup_task', 'manual__2024-06-19T02:43:39.428019+00:00', '--job-id', '176', '--raw', '--subdir', 'DAGS_FOLDER/basic_dag.py', '--cfg-path', '/tmp/tmp0p81mkhh']
[2024-06-19T08:28:41.369+0545] {standard_task_runner.py:91} INFO - Job 176: Subtask backup_task
[2024-06-19T08:28:41.548+0545] {task_command.py:426} INFO - Running <TaskInstance: Backup_Database.backup_task manual__2024-06-19T02:43:39.428019+00:00 [running]> on host manisha-Inspiron-3580
[2024-06-19T08:28:41.762+0545] {taskinstance.py:2648} INFO - Exporting env vars: AIRFLOW_CTX_DAG_OWNER='manisha' AIRFLOW_CTX_DAG_ID='Backup_Database' AIRFLOW_CTX_TASK_ID='backup_task' AIRFLOW_CTX_EXECUTION_DATE='2024-06-19T02:43:39.428019+00:00' AIRFLOW_CTX_TRY_NUMBER='1' AIRFLOW_CTX_DAG_RUN_ID='manual__2024-06-19T02:43:39.428019+00:00'
[2024-06-19T08:28:41.763+0545] {taskinstance.py:430} INFO - ::endgroup::
[2024-06-19T08:28:41.780+0545] {subprocess.py:63} INFO - Tmp dir root location: /tmp
[2024-06-19T08:28:41.781+0545] {subprocess.py:75} INFO - Running command: ['/usr/bin/bash', '-c', '/home/manisha/airflow/bashScripts/backup.sh ']
[2024-06-19T08:28:41.786+0545] {subprocess.py:86} INFO - Output:
[2024-06-19T08:28:41.790+0545] {subprocess.py:93} INFO - mysql: [Warning] Using a password on the command line interface can be insecure.
[2024-06-19T08:28:41.802+0545] {subprocess.py:93} INFO - mysqldump: [Warning] Using a password on the command line interface can be insecure.
[2024-06-19T08:28:41.806+0545] {subprocess.py:93} INFO - mysqldump: Error: 'Access denied; you need (at least one of) the PROCESS privilege(s) for this operation' when trying to dump tablespaces
[2024-06-19T08:28:41.939+0545] {subprocess.py:93} INFO - Backup completed in 0 seconds
[2024-06-19T08:28:41.940+0545] {subprocess.py:93} INFO - Backup is Successfully done in location: /home/manisha/airflow/backup|Required Space: 0GB, Available Space: 428.22GB
[2024-06-19T08:28:41.940+0545] {subprocess.py:97} INFO - Command exited with return code 0
[2024-06-19T08:28:41.941+0545] {taskinstance.py:441} INFO - ::group::Post task execution logs
[2024-06-19T08:28:42.037+0545] {taskinstance.py:1206} INFO - Marking task as SUCCESS. dag_id=Backup_Database, task_id=backup_task, run_id=manual__2024-06-19T02:43:39.428019+00:00, execution_date=20240619T024339, start_date=20240619T024341, end_date=20240619T024342
[2024-06-19T08:28:42.140+0545] {local_task_job_runner.py:240} INFO - Task exited with return code 0
[2024-06-19T08:28:42.189+0545] {taskinstance.py:3503} INFO - 1 downstream tasks scheduled from follow-on schedule check
[2024-06-19T08:28:42.233+0545] {local_task_job_runner.py:222} INFO - ::endgroup::
